[0.016s] Invoking command in '/home/rasp/robot_ws/build/servo_interfaces': CMAKE_PREFIX_PATH=${CMAKE_PREFIX_PATH}:/opt/ros/jazzy DEBUGINFOD_URLS=https://debuginfod.ubuntu.com /usr/bin/cmake --build /home/rasp/robot_ws/build/servo_interfaces -- -j4 -l4
[0.060s] -- Found ament_cmake: 2.5.5 (/opt/ros/jazzy/share/ament_cmake/cmake)
[0.101s] -- Found Python3: /usr/bin/python3 (found version "3.12.3") found components: Interpreter 
[0.233s] -- Found rosidl_default_generators: 1.6.0 (/opt/ros/jazzy/share/rosidl_default_generators/cmake)
[0.236s] -- Using all available rosidl_typesupport_c: rosidl_typesupport_fastrtps_c;rosidl_typesupport_introspection_c
[0.282s] -- Using all available rosidl_typesupport_cpp: rosidl_typesupport_fastrtps_cpp;rosidl_typesupport_introspection_cpp
[0.321s] -- Found rosidl_adapter: 4.6.7 (/opt/ros/jazzy/share/rosidl_adapter/cmake)
[0.773s] -- Found ament_cmake_ros: 0.12.0 (/opt/ros/jazzy/share/ament_cmake_ros/cmake)
[0.916s] -- Using all available rosidl_typesupport_c: rosidl_typesupport_fastrtps_c;rosidl_typesupport_introspection_c
[1.103s] -- Using all available rosidl_typesupport_cpp: rosidl_typesupport_fastrtps_cpp;rosidl_typesupport_introspection_cpp
[1.105s] -- Found python_cmake_module: 0.11.1 (/opt/ros/jazzy/share/python_cmake_module/cmake)
[1.558s] -- Found Python3: /usr/bin/python3 (found version "3.12.3") found components: Interpreter Development NumPy Development.Module Development.Embed 
[1.580s] -- Configuring done (1.5s)
[1.734s] -- Generating done (0.1s)
[1.820s] -- Build files have been written to: /home/rasp/robot_ws/build/servo_interfaces
[1.886s] [  2%] [34m[1mGenerating type hashes for ROS interfaces[0m
[1.905s] [  2%] Built target ament_cmake_python_copy_servo_interfaces
[2.235s] running egg_info
[2.267s] writing servo_interfaces.egg-info/PKG-INFO
[2.268s] writing dependency_links to servo_interfaces.egg-info/dependency_links.txt
[2.270s] writing top-level names to servo_interfaces.egg-info/top_level.txt
[2.312s] [  2%] Built target servo_interfaces__rosidl_generator_type_description
[2.330s] [  4%] [34m[1mGenerating C code for ROS interfaces[0m
[2.355s] [  6%] [34m[1mGenerating C++ code for ROS interfaces[0m
[2.364s] reading manifest file 'servo_interfaces.egg-info/SOURCES.txt'
[2.368s] writing manifest file 'servo_interfaces.egg-info/SOURCES.txt'
[2.505s] [  6%] Built target ament_cmake_python_build_servo_interfaces_egg
[3.028s] [  6%] Built target servo_interfaces__cpp
[3.102s] [ 13%] [32mBuilding C object CMakeFiles/servo_interfaces__rosidl_generator_c.dir/rosidl_generator_c/servo_interfaces/msg/detail/set_pwm__functions.c.o[0m
[3.103s] [ 11%] [32mBuilding C object CMakeFiles/servo_interfaces__rosidl_generator_c.dir/rosidl_generator_c/servo_interfaces/srv/detail/motor_angle__description.c.o[0m
[3.103s] [ 15%] [32mBuilding C object CMakeFiles/servo_interfaces__rosidl_generator_c.dir/rosidl_generator_c/servo_interfaces/msg/detail/set_pwm__type_support.c.o[0m
[3.103s] [ 15%] [32mBuilding C object CMakeFiles/servo_interfaces__rosidl_generator_c.dir/rosidl_generator_c/servo_interfaces/msg/detail/set_pwm__description.c.o[0m
[3.191s] [ 18%] [32mBuilding C object CMakeFiles/servo_interfaces__rosidl_generator_c.dir/rosidl_generator_c/servo_interfaces/srv/detail/motor_angle__functions.c.o[0m
[3.210s] [ 20%] [32mBuilding C object CMakeFiles/servo_interfaces__rosidl_generator_c.dir/rosidl_generator_c/servo_interfaces/srv/detail/motor_angle__type_support.c.o[0m
[3.330s] [ 22%] [32m[1mLinking C shared library libservo_interfaces__rosidl_generator_c.so[0m
[3.403s] [ 22%] Built target servo_interfaces__rosidl_generator_c
[3.427s] [ 31%] [34m[1mGenerating C++ type support for eProsima Fast-RTPS[0m
[3.427s] [ 31%] [34m[1mGenerating C++ introspection for ROS interfaces[0m
[3.427s] [ 31%] [34m[1mGenerating C++ type support dispatch for ROS interfaces[0m
[3.427s] [ 31%] [34m[1mGenerating C type support for eProsima Fast-RTPS[0m
[4.096s] [ 34%] [32mBuilding CXX object CMakeFiles/servo_interfaces__rosidl_typesupport_cpp.dir/rosidl_typesupport_cpp/servo_interfaces/msg/set_pwm__type_support.cpp.o[0m
[4.224s] [ 36%] [32mBuilding CXX object CMakeFiles/servo_interfaces__rosidl_typesupport_introspection_cpp.dir/rosidl_typesupport_introspection_cpp/servo_interfaces/msg/detail/set_pwm__type_support.cpp.o[0m
[4.333s] [ 38%] [32mBuilding CXX object CMakeFiles/servo_interfaces__rosidl_typesupport_fastrtps_cpp.dir/rosidl_typesupport_fastrtps_cpp/servo_interfaces/msg/detail/dds_fastrtps/set_pwm__type_support.cpp.o[0m
[4.371s] [ 40%] [32mBuilding CXX object CMakeFiles/servo_interfaces__rosidl_typesupport_fastrtps_c.dir/rosidl_typesupport_fastrtps_c/servo_interfaces/msg/detail/set_pwm__type_support_c.cpp.o[0m
[4.997s] [ 43%] [32mBuilding CXX object CMakeFiles/servo_interfaces__rosidl_typesupport_cpp.dir/rosidl_typesupport_cpp/servo_interfaces/srv/motor_angle__type_support.cpp.o[0m
[5.072s] [ 45%] [32mBuilding CXX object CMakeFiles/servo_interfaces__rosidl_typesupport_introspection_cpp.dir/rosidl_typesupport_introspection_cpp/servo_interfaces/srv/detail/motor_angle__type_support.cpp.o[0m
[5.719s] [ 47%] [32mBuilding CXX object CMakeFiles/servo_interfaces__rosidl_typesupport_fastrtps_c.dir/rosidl_typesupport_fastrtps_c/servo_interfaces/srv/detail/motor_angle__type_support_c.cpp.o[0m
[5.767s] [ 50%] [32mBuilding CXX object CMakeFiles/servo_interfaces__rosidl_typesupport_fastrtps_cpp.dir/rosidl_typesupport_fastrtps_cpp/servo_interfaces/srv/detail/dds_fastrtps/motor_angle__type_support.cpp.o[0m
[6.135s] [ 52%] [32m[1mLinking CXX shared library libservo_interfaces__rosidl_typesupport_cpp.so[0m
[6.376s] [ 54%] [32m[1mLinking CXX shared library libservo_interfaces__rosidl_typesupport_introspection_cpp.so[0m
[6.428s] [ 54%] Built target servo_interfaces__rosidl_typesupport_cpp
[6.463s] [ 56%] [34m[1mGenerating C introspection for ROS interfaces[0m
[6.681s] [ 56%] Built target servo_interfaces__rosidl_typesupport_introspection_cpp
[6.715s] [ 59%] [34m[1mGenerating C type support dispatch for ROS interfaces[0m
[7.254s] [ 61%] [32m[1mLinking CXX shared library libservo_interfaces__rosidl_typesupport_fastrtps_c.so[0m
[7.419s] [ 63%] [32mBuilding C object CMakeFiles/servo_interfaces__rosidl_typesupport_introspection_c.dir/rosidl_typesupport_introspection_c/servo_interfaces/msg/detail/set_pwm__type_support.c.o[0m
[7.420s] [ 63%] Built target servo_interfaces__rosidl_typesupport_fastrtps_c
[7.447s] [ 65%] [32mBuilding C object CMakeFiles/servo_interfaces__rosidl_typesupport_introspection_c.dir/rosidl_typesupport_introspection_c/servo_interfaces/srv/detail/motor_angle__type_support.c.o[0m
[7.518s] [ 70%] [32mBuilding CXX object CMakeFiles/servo_interfaces__rosidl_typesupport_c.dir/rosidl_typesupport_c/servo_interfaces/srv/motor_angle__type_support.cpp.o[0m
[7.518s] [ 70%] [32mBuilding CXX object CMakeFiles/servo_interfaces__rosidl_typesupport_c.dir/rosidl_typesupport_c/servo_interfaces/msg/set_pwm__type_support.cpp.o[0m
[7.578s] [ 72%] [32m[1mLinking C shared library libservo_interfaces__rosidl_typesupport_introspection_c.so[0m
[7.641s] [ 75%] [32m[1mLinking CXX shared library libservo_interfaces__rosidl_typesupport_c.so[0m
[7.659s] [ 75%] Built target servo_interfaces__rosidl_typesupport_introspection_c
[7.722s] [ 75%] Built target servo_interfaces__rosidl_typesupport_c
[7.758s] [ 77%] [32m[1mLinking CXX shared library libservo_interfaces__rosidl_typesupport_fastrtps_cpp.so[0m
[7.926s] [ 77%] Built target servo_interfaces__rosidl_typesupport_fastrtps_cpp
[7.962s] [ 77%] Built target servo_interfaces
[7.998s] [ 79%] [34m[1mGenerating Python code for ROS interfaces[0m
[8.752s] [ 79%] Built target servo_interfaces__py
[8.797s] [ 84%] [32mBuilding C object CMakeFiles/servo_interfaces__rosidl_generator_py.dir/rosidl_generator_py/servo_interfaces/msg/_set_pwm_s.c.o[0m
[8.797s] [ 84%] [32mBuilding C object CMakeFiles/servo_interfaces__rosidl_generator_py.dir/rosidl_generator_py/servo_interfaces/srv/_motor_angle_s.c.o[0m
[9.056s] [ 86%] [32m[1mLinking C shared library libservo_interfaces__rosidl_generator_py.so[0m
[9.137s] [ 86%] Built target servo_interfaces__rosidl_generator_py
[9.184s] [ 88%] [32mBuilding C object CMakeFiles/servo_interfaces_s__rosidl_typesupport_introspection_c.dir/rosidl_generator_py/servo_interfaces/_servo_interfaces_s.ep.rosidl_typesupport_introspection_c.c.o[0m
[9.185s] [ 90%] [32mBuilding C object CMakeFiles/servo_interfaces_s__rosidl_typesupport_fastrtps_c.dir/rosidl_generator_py/servo_interfaces/_servo_interfaces_s.ep.rosidl_typesupport_fastrtps_c.c.o[0m
[9.187s] [ 93%] [32mBuilding C object CMakeFiles/servo_interfaces_s__rosidl_typesupport_c.dir/rosidl_generator_py/servo_interfaces/_servo_interfaces_s.ep.rosidl_typesupport_c.c.o[0m
[9.414s] [ 95%] [32m[1mLinking C shared module rosidl_generator_py/servo_interfaces/servo_interfaces_s__rosidl_typesupport_c.so[0m
[9.421s] [ 97%] [32m[1mLinking C shared module rosidl_generator_py/servo_interfaces/servo_interfaces_s__rosidl_typesupport_introspection_c.so[0m
[9.430s] [100%] [32m[1mLinking C shared module rosidl_generator_py/servo_interfaces/servo_interfaces_s__rosidl_typesupport_fastrtps_c.so[0m
[9.478s] [100%] Built target servo_interfaces_s__rosidl_typesupport_c
[9.487s] [100%] Built target servo_interfaces_s__rosidl_typesupport_introspection_c
[9.496s] [100%] Built target servo_interfaces_s__rosidl_typesupport_fastrtps_c
[9.518s] Invoked command in '/home/rasp/robot_ws/build/servo_interfaces' returned '0': CMAKE_PREFIX_PATH=${CMAKE_PREFIX_PATH}:/opt/ros/jazzy DEBUGINFOD_URLS=https://debuginfod.ubuntu.com /usr/bin/cmake --build /home/rasp/robot_ws/build/servo_interfaces -- -j4 -l4
[9.537s] Invoking command in '/home/rasp/robot_ws/build/servo_interfaces': CMAKE_PREFIX_PATH=${CMAKE_PREFIX_PATH}:/opt/ros/jazzy DEBUGINFOD_URLS=https://debuginfod.ubuntu.com /usr/bin/cmake --install /home/rasp/robot_ws/build/servo_interfaces
[9.552s] -- Install configuration: ""
[9.552s] -- Up-to-date: /home/rasp/robot_ws/install/servo_interfaces/share/ament_index/resource_index/rosidl_interfaces/servo_interfaces
[9.552s] -- Installing: /home/rasp/robot_ws/install/servo_interfaces/share/servo_interfaces/msg/SetPwm.json
[9.553s] -- Installing: /home/rasp/robot_ws/install/servo_interfaces/share/servo_interfaces/srv/MotorAngle.json
[9.553s] -- Up-to-date: /home/rasp/robot_ws/install/servo_interfaces/include/servo_interfaces/servo_interfaces
[9.553s] -- Up-to-date: /home/rasp/robot_ws/install/servo_interfaces/include/servo_interfaces/servo_interfaces/msg
[9.553s] -- Installing: /home/rasp/robot_ws/install/servo_interfaces/include/servo_interfaces/servo_interfaces/msg/set_pwm.h
[9.553s] -- Up-to-date: /home/rasp/robot_ws/install/servo_interfaces/include/servo_interfaces/servo_interfaces/msg/rosidl_generator_c__visibility_control.h
[9.553s] -- Up-to-date: /home/rasp/robot_ws/install/servo_interfaces/include/servo_interfaces/servo_interfaces/msg/detail
[9.553s] -- Installing: /home/rasp/robot_ws/install/servo_interfaces/include/servo_interfaces/servo_interfaces/msg/detail/set_pwm__description.c
[9.553s] -- Installing: /home/rasp/robot_ws/install/servo_interfaces/include/servo_interfaces/servo_interfaces/msg/detail/set_pwm__struct.h
[9.553s] -- Installing: /home/rasp/robot_ws/install/servo_interfaces/include/servo_interfaces/servo_interfaces/msg/detail/set_pwm__functions.c
[9.554s] -- Installing: /home/rasp/robot_ws/install/servo_interfaces/include/servo_interfaces/servo_interfaces/msg/detail/set_pwm__functions.h
[9.554s] -- Installing: /home/rasp/robot_ws/install/servo_interfaces/include/servo_interfaces/servo_interfaces/msg/detail/set_pwm__type_support.h
[9.554s] -- Installing: /home/rasp/robot_ws/install/servo_interfaces/include/servo_interfaces/servo_interfaces/msg/detail/set_pwm__type_support.c
[9.554s] -- Up-to-date: /home/rasp/robot_ws/install/servo_interfaces/include/servo_interfaces/servo_interfaces/srv
[9.554s] -- Installing: /home/rasp/robot_ws/install/servo_interfaces/include/servo_interfaces/servo_interfaces/srv/motor_angle.h
[9.554s] -- Up-to-date: /home/rasp/robot_ws/install/servo_interfaces/include/servo_interfaces/servo_interfaces/srv/detail
[9.554s] -- Installing: /home/rasp/robot_ws/install/servo_interfaces/include/servo_interfaces/servo_interfaces/srv/detail/motor_angle__type_support.h
[9.554s] -- Installing: /home/rasp/robot_ws/install/servo_interfaces/include/servo_interfaces/servo_interfaces/srv/detail/motor_angle__description.c
[9.555s] -- Installing: /home/rasp/robot_ws/install/servo_interfaces/include/servo_interfaces/servo_interfaces/srv/detail/motor_angle__type_support.c
[9.555s] -- Installing: /home/rasp/robot_ws/install/servo_interfaces/include/servo_interfaces/servo_interfaces/srv/detail/motor_angle__functions.h
[9.555s] -- Installing: /home/rasp/robot_ws/install/servo_interfaces/include/servo_interfaces/servo_interfaces/srv/detail/motor_angle__struct.h
[9.555s] -- Installing: /home/rasp/robot_ws/install/servo_interfaces/include/servo_interfaces/servo_interfaces/srv/detail/motor_angle__functions.c
[9.555s] -- Up-to-date: /home/rasp/robot_ws/install/servo_interfaces/share/servo_interfaces/environment/library_path.sh
[9.555s] -- Up-to-date: /home/rasp/robot_ws/install/servo_interfaces/share/servo_interfaces/environment/library_path.dsv
[9.556s] -- Installing: /home/rasp/robot_ws/install/servo_interfaces/lib/libservo_interfaces__rosidl_generator_c.so
[9.556s] -- Set non-toolchain portion of runtime path of "/home/rasp/robot_ws/install/servo_interfaces/lib/libservo_interfaces__rosidl_generator_c.so" to ""
[9.557s] -- Up-to-date: /home/rasp/robot_ws/install/servo_interfaces/include/servo_interfaces/servo_interfaces
[9.557s] -- Up-to-date: /home/rasp/robot_ws/install/servo_interfaces/include/servo_interfaces/servo_interfaces/msg
[9.557s] -- Up-to-date: /home/rasp/robot_ws/install/servo_interfaces/include/servo_interfaces/servo_interfaces/msg/rosidl_typesupport_fastrtps_c__visibility_control.h
[9.557s] -- Up-to-date: /home/rasp/robot_ws/install/servo_interfaces/include/servo_interfaces/servo_interfaces/msg/detail
[9.557s] -- Installing: /home/rasp/robot_ws/install/servo_interfaces/include/servo_interfaces/servo_interfaces/msg/detail/set_pwm__rosidl_typesupport_fastrtps_c.h
[9.557s] -- Up-to-date: /home/rasp/robot_ws/install/servo_interfaces/include/servo_interfaces/servo_interfaces/srv
[9.557s] -- Up-to-date: /home/rasp/robot_ws/install/servo_interfaces/include/servo_interfaces/servo_interfaces/srv/detail
[9.557s] -- Installing: /home/rasp/robot_ws/install/servo_interfaces/include/servo_interfaces/servo_interfaces/srv/detail/motor_angle__rosidl_typesupport_fastrtps_c.h
[9.557s] -- Installing: /home/rasp/robot_ws/install/servo_interfaces/lib/libservo_interfaces__rosidl_typesupport_fastrtps_c.so
[9.558s] -- Set non-toolchain portion of runtime path of "/home/rasp/robot_ws/install/servo_interfaces/lib/libservo_interfaces__rosidl_typesupport_fastrtps_c.so" to ""
[9.558s] -- Up-to-date: /home/rasp/robot_ws/install/servo_interfaces/include/servo_interfaces/servo_interfaces
[9.558s] -- Up-to-date: /home/rasp/robot_ws/install/servo_interfaces/include/servo_interfaces/servo_interfaces/msg
[9.558s] -- Up-to-date: /home/rasp/robot_ws/install/servo_interfaces/include/servo_interfaces/servo_interfaces/msg/rosidl_typesupport_introspection_c__visibility_control.h
[9.558s] -- Up-to-date: /home/rasp/robot_ws/install/servo_interfaces/include/servo_interfaces/servo_interfaces/msg/detail
[9.559s] -- Installing: /home/rasp/robot_ws/install/servo_interfaces/include/servo_interfaces/servo_interfaces/msg/detail/set_pwm__rosidl_typesupport_introspection_c.h
[9.559s] -- Installing: /home/rasp/robot_ws/install/servo_interfaces/include/servo_interfaces/servo_interfaces/msg/detail/set_pwm__type_support.c
[9.559s] -- Up-to-date: /home/rasp/robot_ws/install/servo_interfaces/include/servo_interfaces/servo_interfaces/srv
[9.559s] -- Up-to-date: /home/rasp/robot_ws/install/servo_interfaces/include/servo_interfaces/servo_interfaces/srv/detail
[9.559s] -- Installing: /home/rasp/robot_ws/install/servo_interfaces/include/servo_interfaces/servo_interfaces/srv/detail/motor_angle__type_support.c
[9.559s] -- Installing: /home/rasp/robot_ws/install/servo_interfaces/include/servo_interfaces/servo_interfaces/srv/detail/motor_angle__rosidl_typesupport_introspection_c.h
[9.559s] -- Installing: /home/rasp/robot_ws/install/servo_interfaces/lib/libservo_interfaces__rosidl_typesupport_introspection_c.so
[9.560s] -- Set non-toolchain portion of runtime path of "/home/rasp/robot_ws/install/servo_interfaces/lib/libservo_interfaces__rosidl_typesupport_introspection_c.so" to ""
[9.560s] -- Installing: /home/rasp/robot_ws/install/servo_interfaces/lib/libservo_interfaces__rosidl_typesupport_c.so
[9.561s] -- Set non-toolchain portion of runtime path of "/home/rasp/robot_ws/install/servo_interfaces/lib/libservo_interfaces__rosidl_typesupport_c.so" to ""
[9.561s] -- Up-to-date: /home/rasp/robot_ws/install/servo_interfaces/include/servo_interfaces/servo_interfaces
[9.561s] -- Up-to-date: /home/rasp/robot_ws/install/servo_interfaces/include/servo_interfaces/servo_interfaces/msg
[9.561s] -- Installing: /home/rasp/robot_ws/install/servo_interfaces/include/servo_interfaces/servo_interfaces/msg/rosidl_generator_cpp__visibility_control.hpp
[9.561s] -- Installing: /home/rasp/robot_ws/install/servo_interfaces/include/servo_interfaces/servo_interfaces/msg/set_pwm.hpp
[9.561s] -- Up-to-date: /home/rasp/robot_ws/install/servo_interfaces/include/servo_interfaces/servo_interfaces/msg/detail
[9.561s] -- Installing: /home/rasp/robot_ws/install/servo_interfaces/include/servo_interfaces/servo_interfaces/msg/detail/set_pwm__traits.hpp
[9.561s] -- Installing: /home/rasp/robot_ws/install/servo_interfaces/include/servo_interfaces/servo_interfaces/msg/detail/set_pwm__struct.hpp
[9.562s] -- Installing: /home/rasp/robot_ws/install/servo_interfaces/include/servo_interfaces/servo_interfaces/msg/detail/set_pwm__builder.hpp
[9.562s] -- Installing: /home/rasp/robot_ws/install/servo_interfaces/include/servo_interfaces/servo_interfaces/msg/detail/set_pwm__type_support.hpp
[9.562s] -- Up-to-date: /home/rasp/robot_ws/install/servo_interfaces/include/servo_interfaces/servo_interfaces/srv
[9.562s] -- Installing: /home/rasp/robot_ws/install/servo_interfaces/include/servo_interfaces/servo_interfaces/srv/motor_angle.hpp
[9.562s] -- Up-to-date: /home/rasp/robot_ws/install/servo_interfaces/include/servo_interfaces/servo_interfaces/srv/detail
[9.562s] -- Installing: /home/rasp/robot_ws/install/servo_interfaces/include/servo_interfaces/servo_interfaces/srv/detail/motor_angle__type_support.hpp
[9.562s] -- Installing: /home/rasp/robot_ws/install/servo_interfaces/include/servo_interfaces/servo_interfaces/srv/detail/motor_angle__builder.hpp
[9.562s] -- Installing: /home/rasp/robot_ws/install/servo_interfaces/include/servo_interfaces/servo_interfaces/srv/detail/motor_angle__traits.hpp
[9.563s] -- Installing: /home/rasp/robot_ws/install/servo_interfaces/include/servo_interfaces/servo_interfaces/srv/detail/motor_angle__struct.hpp
[9.563s] -- Up-to-date: /home/rasp/robot_ws/install/servo_interfaces/include/servo_interfaces/servo_interfaces
[9.563s] -- Up-to-date: /home/rasp/robot_ws/install/servo_interfaces/include/servo_interfaces/servo_interfaces/msg
[9.563s] -- Up-to-date: /home/rasp/robot_ws/install/servo_interfaces/include/servo_interfaces/servo_interfaces/msg/rosidl_typesupport_fastrtps_cpp__visibility_control.h
[9.563s] -- Up-to-date: /home/rasp/robot_ws/install/servo_interfaces/include/servo_interfaces/servo_interfaces/msg/detail
[9.563s] -- Installing: /home/rasp/robot_ws/install/servo_interfaces/include/servo_interfaces/servo_interfaces/msg/detail/set_pwm__rosidl_typesupport_fastrtps_cpp.hpp
[9.563s] -- Up-to-date: /home/rasp/robot_ws/install/servo_interfaces/include/servo_interfaces/servo_interfaces/msg/detail/dds_fastrtps
[9.563s] -- Up-to-date: /home/rasp/robot_ws/install/servo_interfaces/include/servo_interfaces/servo_interfaces/srv
[9.563s] -- Up-to-date: /home/rasp/robot_ws/install/servo_interfaces/include/servo_interfaces/servo_interfaces/srv/detail
[9.564s] -- Up-to-date: /home/rasp/robot_ws/install/servo_interfaces/include/servo_interfaces/servo_interfaces/srv/detail/dds_fastrtps
[9.564s] -- Installing: /home/rasp/robot_ws/install/servo_interfaces/include/servo_interfaces/servo_interfaces/srv/detail/motor_angle__rosidl_typesupport_fastrtps_cpp.hpp
[9.564s] -- Installing: /home/rasp/robot_ws/install/servo_interfaces/lib/libservo_interfaces__rosidl_typesupport_fastrtps_cpp.so
[9.565s] -- Set non-toolchain portion of runtime path of "/home/rasp/robot_ws/install/servo_interfaces/lib/libservo_interfaces__rosidl_typesupport_fastrtps_cpp.so" to ""
[9.565s] -- Up-to-date: /home/rasp/robot_ws/install/servo_interfaces/include/servo_interfaces/servo_interfaces
[9.565s] -- Up-to-date: /home/rasp/robot_ws/install/servo_interfaces/include/servo_interfaces/servo_interfaces/msg
[9.565s] -- Up-to-date: /home/rasp/robot_ws/install/servo_interfaces/include/servo_interfaces/servo_interfaces/msg/detail
[9.565s] -- Installing: /home/rasp/robot_ws/install/servo_interfaces/include/servo_interfaces/servo_interfaces/msg/detail/set_pwm__rosidl_typesupport_introspection_cpp.hpp
[9.565s] -- Installing: /home/rasp/robot_ws/install/servo_interfaces/include/servo_interfaces/servo_interfaces/msg/detail/set_pwm__type_support.cpp
[9.565s] -- Up-to-date: /home/rasp/robot_ws/install/servo_interfaces/include/servo_interfaces/servo_interfaces/srv
[9.565s] -- Up-to-date: /home/rasp/robot_ws/install/servo_interfaces/include/servo_interfaces/servo_interfaces/srv/detail
[9.565s] -- Installing: /home/rasp/robot_ws/install/servo_interfaces/include/servo_interfaces/servo_interfaces/srv/detail/motor_angle__rosidl_typesupport_introspection_cpp.hpp
[9.566s] -- Installing: /home/rasp/robot_ws/install/servo_interfaces/include/servo_interfaces/servo_interfaces/srv/detail/motor_angle__type_support.cpp
[9.566s] -- Installing: /home/rasp/robot_ws/install/servo_interfaces/lib/libservo_interfaces__rosidl_typesupport_introspection_cpp.so
[9.566s] -- Set non-toolchain portion of runtime path of "/home/rasp/robot_ws/install/servo_interfaces/lib/libservo_interfaces__rosidl_typesupport_introspection_cpp.so" to ""
[9.567s] -- Installing: /home/rasp/robot_ws/install/servo_interfaces/lib/libservo_interfaces__rosidl_typesupport_cpp.so
[9.567s] -- Set non-toolchain portion of runtime path of "/home/rasp/robot_ws/install/servo_interfaces/lib/libservo_interfaces__rosidl_typesupport_cpp.so" to ""
[9.568s] -- Up-to-date: /home/rasp/robot_ws/install/servo_interfaces/share/servo_interfaces/environment/pythonpath.sh
[9.568s] -- Up-to-date: /home/rasp/robot_ws/install/servo_interfaces/share/servo_interfaces/environment/pythonpath.dsv
[9.568s] -- Up-to-date: /home/rasp/robot_ws/install/servo_interfaces/lib/python3.12/site-packages/servo_interfaces-0.0.0-py3.12.egg-info
[9.568s] -- Installing: /home/rasp/robot_ws/install/servo_interfaces/lib/python3.12/site-packages/servo_interfaces-0.0.0-py3.12.egg-info/top_level.txt
[9.568s] -- Installing: /home/rasp/robot_ws/install/servo_interfaces/lib/python3.12/site-packages/servo_interfaces-0.0.0-py3.12.egg-info/PKG-INFO
[9.568s] -- Installing: /home/rasp/robot_ws/install/servo_interfaces/lib/python3.12/site-packages/servo_interfaces-0.0.0-py3.12.egg-info/SOURCES.txt
[9.568s] -- Installing: /home/rasp/robot_ws/install/servo_interfaces/lib/python3.12/site-packages/servo_interfaces-0.0.0-py3.12.egg-info/dependency_links.txt
[9.568s] -- Up-to-date: /home/rasp/robot_ws/install/servo_interfaces/lib/python3.12/site-packages/servo_interfaces
[9.568s] -- Installing: /home/rasp/robot_ws/install/servo_interfaces/lib/python3.12/site-packages/servo_interfaces/_servo_interfaces_s.ep.rosidl_typesupport_introspection_c.c
[9.569s] -- Up-to-date: /home/rasp/robot_ws/install/servo_interfaces/lib/python3.12/site-packages/servo_interfaces/msg
[9.569s] -- Installing: /home/rasp/robot_ws/install/servo_interfaces/lib/python3.12/site-packages/servo_interfaces/msg/__init__.py
[9.569s] -- Installing: /home/rasp/robot_ws/install/servo_interfaces/lib/python3.12/site-packages/servo_interfaces/msg/_set_pwm_s.c
[9.569s] -- Installing: /home/rasp/robot_ws/install/servo_interfaces/lib/python3.12/site-packages/servo_interfaces/msg/_set_pwm.py
[9.569s] -- Installing: /home/rasp/robot_ws/install/servo_interfaces/lib/python3.12/site-packages/servo_interfaces/__init__.py
[9.569s] -- Up-to-date: /home/rasp/robot_ws/install/servo_interfaces/lib/python3.12/site-packages/servo_interfaces/srv
[9.569s] -- Installing: /home/rasp/robot_ws/install/servo_interfaces/lib/python3.12/site-packages/servo_interfaces/srv/__init__.py
[9.569s] -- Installing: /home/rasp/robot_ws/install/servo_interfaces/lib/python3.12/site-packages/servo_interfaces/srv/_motor_angle.py
[9.570s] -- Installing: /home/rasp/robot_ws/install/servo_interfaces/lib/python3.12/site-packages/servo_interfaces/srv/_motor_angle_s.c
[9.570s] -- Installing: /home/rasp/robot_ws/install/servo_interfaces/lib/python3.12/site-packages/servo_interfaces/_servo_interfaces_s.ep.rosidl_typesupport_c.c
[9.570s] -- Installing: /home/rasp/robot_ws/install/servo_interfaces/lib/python3.12/site-packages/servo_interfaces/_servo_interfaces_s.ep.rosidl_typesupport_fastrtps_c.c
[9.570s] -- Installing: /home/rasp/robot_ws/install/servo_interfaces/lib/python3.12/site-packages/servo_interfaces/servo_interfaces_s__rosidl_typesupport_fastrtps_c.so
[9.570s] -- Installing: /home/rasp/robot_ws/install/servo_interfaces/lib/python3.12/site-packages/servo_interfaces/servo_interfaces_s__rosidl_typesupport_introspection_c.so
[9.571s] -- Installing: /home/rasp/robot_ws/install/servo_interfaces/lib/python3.12/site-packages/servo_interfaces/servo_interfaces_s__rosidl_typesupport_c.so
[9.635s] Listing '/home/rasp/robot_ws/install/servo_interfaces/lib/python3.12/site-packages/servo_interfaces'...
[9.635s] Compiling '/home/rasp/robot_ws/install/servo_interfaces/lib/python3.12/site-packages/servo_interfaces/__init__.py'...
[9.635s] Listing '/home/rasp/robot_ws/install/servo_interfaces/lib/python3.12/site-packages/servo_interfaces/msg'...
[9.635s] Compiling '/home/rasp/robot_ws/install/servo_interfaces/lib/python3.12/site-packages/servo_interfaces/msg/__init__.py'...
[9.635s] Compiling '/home/rasp/robot_ws/install/servo_interfaces/lib/python3.12/site-packages/servo_interfaces/msg/_set_pwm.py'...
[9.635s] Listing '/home/rasp/robot_ws/install/servo_interfaces/lib/python3.12/site-packages/servo_interfaces/srv'...
[9.635s] Compiling '/home/rasp/robot_ws/install/servo_interfaces/lib/python3.12/site-packages/servo_interfaces/srv/__init__.py'...
[9.636s] Compiling '/home/rasp/robot_ws/install/servo_interfaces/lib/python3.12/site-packages/servo_interfaces/srv/_motor_angle.py'...
[9.649s] -- Installing: /home/rasp/robot_ws/install/servo_interfaces/lib/python3.12/site-packages/servo_interfaces/servo_interfaces_s__rosidl_typesupport_fastrtps_c.so
[9.650s] -- Set non-toolchain portion of runtime path of "/home/rasp/robot_ws/install/servo_interfaces/lib/python3.12/site-packages/servo_interfaces/servo_interfaces_s__rosidl_typesupport_fastrtps_c.so" to ""
[9.650s] -- Installing: /home/rasp/robot_ws/install/servo_interfaces/lib/python3.12/site-packages/servo_interfaces/servo_interfaces_s__rosidl_typesupport_introspection_c.so
[9.651s] -- Set non-toolchain portion of runtime path of "/home/rasp/robot_ws/install/servo_interfaces/lib/python3.12/site-packages/servo_interfaces/servo_interfaces_s__rosidl_typesupport_introspection_c.so" to ""
[9.651s] -- Installing: /home/rasp/robot_ws/install/servo_interfaces/lib/python3.12/site-packages/servo_interfaces/servo_interfaces_s__rosidl_typesupport_c.so
[9.651s] -- Set non-toolchain portion of runtime path of "/home/rasp/robot_ws/install/servo_interfaces/lib/python3.12/site-packages/servo_interfaces/servo_interfaces_s__rosidl_typesupport_c.so" to ""
[9.652s] -- Installing: /home/rasp/robot_ws/install/servo_interfaces/lib/libservo_interfaces__rosidl_generator_py.so
[9.652s] -- Set non-toolchain portion of runtime path of "/home/rasp/robot_ws/install/servo_interfaces/lib/libservo_interfaces__rosidl_generator_py.so" to ""
[9.653s] -- Up-to-date: /home/rasp/robot_ws/install/servo_interfaces/share/servo_interfaces/msg/SetPwm.idl
[9.653s] -- Installing: /home/rasp/robot_ws/install/servo_interfaces/share/servo_interfaces/srv/MotorAngle.idl
[9.653s] -- Up-to-date: /home/rasp/robot_ws/install/servo_interfaces/share/servo_interfaces/msg/SetPwm.msg
[9.653s] -- Installing: /home/rasp/robot_ws/install/servo_interfaces/share/servo_interfaces/srv/MotorAngle.srv
[9.653s] -- Up-to-date: /home/rasp/robot_ws/install/servo_interfaces/share/ament_index/resource_index/package_run_dependencies/servo_interfaces
[9.653s] -- Up-to-date: /home/rasp/robot_ws/install/servo_interfaces/share/ament_index/resource_index/parent_prefix_path/servo_interfaces
[9.653s] -- Up-to-date: /home/rasp/robot_ws/install/servo_interfaces/share/servo_interfaces/environment/ament_prefix_path.sh
[9.653s] -- Up-to-date: /home/rasp/robot_ws/install/servo_interfaces/share/servo_interfaces/environment/ament_prefix_path.dsv
[9.653s] -- Up-to-date: /home/rasp/robot_ws/install/servo_interfaces/share/servo_interfaces/environment/path.sh
[9.654s] -- Up-to-date: /home/rasp/robot_ws/install/servo_interfaces/share/servo_interfaces/environment/path.dsv
[9.654s] -- Up-to-date: /home/rasp/robot_ws/install/servo_interfaces/share/servo_interfaces/local_setup.bash
[9.654s] -- Up-to-date: /home/rasp/robot_ws/install/servo_interfaces/share/servo_interfaces/local_setup.sh
[9.654s] -- Up-to-date: /home/rasp/robot_ws/install/servo_interfaces/share/servo_interfaces/local_setup.zsh
[9.654s] -- Up-to-date: /home/rasp/robot_ws/install/servo_interfaces/share/servo_interfaces/local_setup.dsv
[9.654s] -- Installing: /home/rasp/robot_ws/install/servo_interfaces/share/servo_interfaces/package.dsv
[9.654s] -- Up-to-date: /home/rasp/robot_ws/install/servo_interfaces/share/ament_index/resource_index/packages/servo_interfaces
[9.654s] -- Up-to-date: /home/rasp/robot_ws/install/servo_interfaces/share/servo_interfaces/cmake/export_servo_interfaces__rosidl_generator_cExport.cmake
[9.654s] -- Up-to-date: /home/rasp/robot_ws/install/servo_interfaces/share/servo_interfaces/cmake/export_servo_interfaces__rosidl_generator_cExport-noconfig.cmake
[9.654s] -- Up-to-date: /home/rasp/robot_ws/install/servo_interfaces/share/servo_interfaces/cmake/export_servo_interfaces__rosidl_typesupport_fastrtps_cExport.cmake
[9.655s] -- Up-to-date: /home/rasp/robot_ws/install/servo_interfaces/share/servo_interfaces/cmake/export_servo_interfaces__rosidl_typesupport_fastrtps_cExport-noconfig.cmake
[9.655s] -- Up-to-date: /home/rasp/robot_ws/install/servo_interfaces/share/servo_interfaces/cmake/servo_interfaces__rosidl_typesupport_introspection_cExport.cmake
[9.655s] -- Up-to-date: /home/rasp/robot_ws/install/servo_interfaces/share/servo_interfaces/cmake/servo_interfaces__rosidl_typesupport_introspection_cExport-noconfig.cmake
[9.655s] -- Up-to-date: /home/rasp/robot_ws/install/servo_interfaces/share/servo_interfaces/cmake/servo_interfaces__rosidl_typesupport_cExport.cmake
[9.655s] -- Up-to-date: /home/rasp/robot_ws/install/servo_interfaces/share/servo_interfaces/cmake/servo_interfaces__rosidl_typesupport_cExport-noconfig.cmake
[9.655s] -- Up-to-date: /home/rasp/robot_ws/install/servo_interfaces/share/servo_interfaces/cmake/export_servo_interfaces__rosidl_generator_cppExport.cmake
[9.655s] -- Up-to-date: /home/rasp/robot_ws/install/servo_interfaces/share/servo_interfaces/cmake/export_servo_interfaces__rosidl_typesupport_fastrtps_cppExport.cmake
[9.655s] -- Up-to-date: /home/rasp/robot_ws/install/servo_interfaces/share/servo_interfaces/cmake/export_servo_interfaces__rosidl_typesupport_fastrtps_cppExport-noconfig.cmake
[9.655s] -- Up-to-date: /home/rasp/robot_ws/install/servo_interfaces/share/servo_interfaces/cmake/servo_interfaces__rosidl_typesupport_introspection_cppExport.cmake
[9.656s] -- Up-to-date: /home/rasp/robot_ws/install/servo_interfaces/share/servo_interfaces/cmake/servo_interfaces__rosidl_typesupport_introspection_cppExport-noconfig.cmake
[9.656s] -- Up-to-date: /home/rasp/robot_ws/install/servo_interfaces/share/servo_interfaces/cmake/servo_interfaces__rosidl_typesupport_cppExport.cmake
[9.656s] -- Up-to-date: /home/rasp/robot_ws/install/servo_interfaces/share/servo_interfaces/cmake/servo_interfaces__rosidl_typesupport_cppExport-noconfig.cmake
[9.656s] -- Up-to-date: /home/rasp/robot_ws/install/servo_interfaces/share/servo_interfaces/cmake/export_servo_interfaces__rosidl_generator_pyExport.cmake
[9.656s] -- Up-to-date: /home/rasp/robot_ws/install/servo_interfaces/share/servo_interfaces/cmake/export_servo_interfaces__rosidl_generator_pyExport-noconfig.cmake
[9.656s] -- Up-to-date: /home/rasp/robot_ws/install/servo_interfaces/share/servo_interfaces/cmake/rosidl_cmake-extras.cmake
[9.656s] -- Up-to-date: /home/rasp/robot_ws/install/servo_interfaces/share/servo_interfaces/cmake/ament_cmake_export_dependencies-extras.cmake
[9.656s] -- Up-to-date: /home/rasp/robot_ws/install/servo_interfaces/share/servo_interfaces/cmake/ament_cmake_export_include_directories-extras.cmake
[9.656s] -- Up-to-date: /home/rasp/robot_ws/install/servo_interfaces/share/servo_interfaces/cmake/ament_cmake_export_libraries-extras.cmake
[9.656s] -- Up-to-date: /home/rasp/robot_ws/install/servo_interfaces/share/servo_interfaces/cmake/ament_cmake_export_targets-extras.cmake
[9.656s] -- Up-to-date: /home/rasp/robot_ws/install/servo_interfaces/share/servo_interfaces/cmake/rosidl_cmake_export_typesupport_targets-extras.cmake
[9.657s] -- Up-to-date: /home/rasp/robot_ws/install/servo_interfaces/share/servo_interfaces/cmake/rosidl_cmake_export_typesupport_libraries-extras.cmake
[9.657s] -- Up-to-date: /home/rasp/robot_ws/install/servo_interfaces/share/servo_interfaces/cmake/servo_interfacesConfig.cmake
[9.657s] -- Up-to-date: /home/rasp/robot_ws/install/servo_interfaces/share/servo_interfaces/cmake/servo_interfacesConfig-version.cmake
[9.657s] -- Up-to-date: /home/rasp/robot_ws/install/servo_interfaces/share/servo_interfaces/package.xml
[9.660s] Invoked command in '/home/rasp/robot_ws/build/servo_interfaces' returned '0': CMAKE_PREFIX_PATH=${CMAKE_PREFIX_PATH}:/opt/ros/jazzy DEBUGINFOD_URLS=https://debuginfod.ubuntu.com /usr/bin/cmake --install /home/rasp/robot_ws/build/servo_interfaces
