[0.151s] DEBUG:colcon:Command line arguments: ['/usr/bin/colcon', 'build']
[0.151s] DEBUG:colcon:Parsed command line arguments: Namespace(log_base=None, log_level=None, verb_name='build', build_base='build', install_base='install', merge_install=False, symlink_install=False, test_result_base=None, continue_on_error=False, executor='parallel', parallel_workers=4, event_handlers=None, ignore_user_meta=False, metas=['./colcon.meta'], base_paths=['.'], packages_ignore=None, packages_ignore_regex=None, paths=None, packages_up_to=None, packages_up_to_regex=None, packages_above=None, packages_above_and_dependencies=None, packages_above_depth=None, packages_select_by_dep=None, packages_skip_by_dep=None, packages_skip_up_to=None, packages_select_build_failed=False, packages_skip_build_finished=False, packages_select_test_failures=False, packages_skip_test_passed=False, packages_select=None, packages_skip=None, packages_select_regex=None, packages_skip_regex=None, packages_start=None, packages_end=None, allow_overriding=[], cmake_args=None, cmake_target=None, cmake_target_skip_unavailable=False, cmake_clean_cache=False, cmake_clean_first=False, cmake_force_configure=False, ament_cmake_args=None, catkin_cmake_args=None, catkin_skip_building_tests=False, mixin_files=None, mixin=None, verb_parser=<colcon_mixin.mixin.mixin_argument.MixinArgumentDecorator object at 0xffffafa15b50>, verb_extension=<colcon_core.verb.build.BuildVerb object at 0xffffafbc2270>, main=<bound method BuildVerb.main of <colcon_core.verb.build.BuildVerb object at 0xffffafbc2270>>, mixin_verb=('build',))
[0.206s] Level 1:colcon.colcon_core.package_discovery:discover_packages(colcon_meta) check parameters
[0.207s] Level 1:colcon.colcon_core.package_discovery:discover_packages(recursive) check parameters
[0.207s] Level 1:colcon.colcon_core.package_discovery:discover_packages(ignore) check parameters
[0.207s] Level 1:colcon.colcon_core.package_discovery:discover_packages(path) check parameters
[0.207s] Level 1:colcon.colcon_core.package_discovery:discover_packages(colcon_meta) discover
[0.207s] Level 1:colcon.colcon_core.package_discovery:discover_packages(recursive) discover
[0.207s] INFO:colcon.colcon_core.package_discovery:Crawling recursively for packages in '/home/rasp/humanoid/robot_ws'
[0.207s] Level 1:colcon.colcon_core.package_identification:_identify(.) by extensions ['ignore', 'ignore_ament_install']
[0.207s] Level 1:colcon.colcon_core.package_identification:_identify(.) by extension 'ignore'
[0.207s] Level 1:colcon.colcon_core.package_identification:_identify(.) by extension 'ignore_ament_install'
[0.207s] Level 1:colcon.colcon_core.package_identification:_identify(.) by extensions ['colcon_pkg']
[0.207s] Level 1:colcon.colcon_core.package_identification:_identify(.) by extension 'colcon_pkg'
[0.207s] Level 1:colcon.colcon_core.package_identification:_identify(.) by extensions ['colcon_meta']
[0.207s] Level 1:colcon.colcon_core.package_identification:_identify(.) by extension 'colcon_meta'
[0.207s] Level 1:colcon.colcon_core.package_identification:_identify(.) by extensions ['ros']
[0.207s] Level 1:colcon.colcon_core.package_identification:_identify(.) by extension 'ros'
[0.246s] Level 1:colcon.colcon_core.package_identification:_identify(.) by extensions ['cmake', 'python']
[0.246s] Level 1:colcon.colcon_core.package_identification:_identify(.) by extension 'cmake'
[0.246s] Level 1:colcon.colcon_core.package_identification:_identify(.) by extension 'python'
[0.246s] Level 1:colcon.colcon_core.package_identification:_identify(.) by extensions ['python_setup_py']
[0.246s] Level 1:colcon.colcon_core.package_identification:_identify(.) by extension 'python_setup_py'
[0.246s] Level 1:colcon.colcon_core.package_identification:_identify(build) by extensions ['ignore', 'ignore_ament_install']
[0.246s] Level 1:colcon.colcon_core.package_identification:_identify(build) by extension 'ignore'
[0.246s] Level 1:colcon.colcon_core.package_identification:_identify(build) ignored
[0.247s] Level 1:colcon.colcon_core.package_identification:_identify(install) by extensions ['ignore', 'ignore_ament_install']
[0.247s] Level 1:colcon.colcon_core.package_identification:_identify(install) by extension 'ignore'
[0.247s] Level 1:colcon.colcon_core.package_identification:_identify(install) ignored
[0.247s] Level 1:colcon.colcon_core.package_identification:_identify(log) by extensions ['ignore', 'ignore_ament_install']
[0.247s] Level 1:colcon.colcon_core.package_identification:_identify(log) by extension 'ignore'
[0.247s] Level 1:colcon.colcon_core.package_identification:_identify(log) ignored
[0.247s] Level 1:colcon.colcon_core.package_identification:_identify(src) by extensions ['ignore', 'ignore_ament_install']
[0.247s] Level 1:colcon.colcon_core.package_identification:_identify(src) by extension 'ignore'
[0.247s] Level 1:colcon.colcon_core.package_identification:_identify(src) by extension 'ignore_ament_install'
[0.247s] Level 1:colcon.colcon_core.package_identification:_identify(src) by extensions ['colcon_pkg']
[0.247s] Level 1:colcon.colcon_core.package_identification:_identify(src) by extension 'colcon_pkg'
[0.248s] Level 1:colcon.colcon_core.package_identification:_identify(src) by extensions ['colcon_meta']
[0.248s] Level 1:colcon.colcon_core.package_identification:_identify(src) by extension 'colcon_meta'
[0.248s] Level 1:colcon.colcon_core.package_identification:_identify(src) by extensions ['ros']
[0.248s] Level 1:colcon.colcon_core.package_identification:_identify(src) by extension 'ros'
[0.248s] Level 1:colcon.colcon_core.package_identification:_identify(src) by extensions ['cmake', 'python']
[0.248s] Level 1:colcon.colcon_core.package_identification:_identify(src) by extension 'cmake'
[0.248s] Level 1:colcon.colcon_core.package_identification:_identify(src) by extension 'python'
[0.248s] Level 1:colcon.colcon_core.package_identification:_identify(src) by extensions ['python_setup_py']
[0.248s] Level 1:colcon.colcon_core.package_identification:_identify(src) by extension 'python_setup_py'
[0.248s] Level 1:colcon.colcon_core.package_identification:_identify(src/my_servo_controller) by extensions ['ignore', 'ignore_ament_install']
[0.248s] Level 1:colcon.colcon_core.package_identification:_identify(src/my_servo_controller) by extension 'ignore'
[0.248s] Level 1:colcon.colcon_core.package_identification:_identify(src/my_servo_controller) by extension 'ignore_ament_install'
[0.248s] Level 1:colcon.colcon_core.package_identification:_identify(src/my_servo_controller) by extensions ['colcon_pkg']
[0.248s] Level 1:colcon.colcon_core.package_identification:_identify(src/my_servo_controller) by extension 'colcon_pkg'
[0.248s] Level 1:colcon.colcon_core.package_identification:_identify(src/my_servo_controller) by extensions ['colcon_meta']
[0.248s] Level 1:colcon.colcon_core.package_identification:_identify(src/my_servo_controller) by extension 'colcon_meta'
[0.248s] Level 1:colcon.colcon_core.package_identification:_identify(src/my_servo_controller) by extensions ['ros']
[0.248s] Level 1:colcon.colcon_core.package_identification:_identify(src/my_servo_controller) by extension 'ros'
[0.252s] DEBUG:colcon.colcon_core.package_identification:Package 'src/my_servo_controller' with type 'ros.ament_python' and name 'my_servo_controller'
[0.252s] Level 1:colcon.colcon_core.package_identification:_identify(src/ros2_heinz_me) by extensions ['ignore', 'ignore_ament_install']
[0.252s] Level 1:colcon.colcon_core.package_identification:_identify(src/ros2_heinz_me) by extension 'ignore'
[0.252s] Level 1:colcon.colcon_core.package_identification:_identify(src/ros2_heinz_me) by extension 'ignore_ament_install'
[0.252s] Level 1:colcon.colcon_core.package_identification:_identify(src/ros2_heinz_me) by extensions ['colcon_pkg']
[0.252s] Level 1:colcon.colcon_core.package_identification:_identify(src/ros2_heinz_me) by extension 'colcon_pkg'
[0.252s] Level 1:colcon.colcon_core.package_identification:_identify(src/ros2_heinz_me) by extensions ['colcon_meta']
[0.252s] Level 1:colcon.colcon_core.package_identification:_identify(src/ros2_heinz_me) by extension 'colcon_meta'
[0.252s] Level 1:colcon.colcon_core.package_identification:_identify(src/ros2_heinz_me) by extensions ['ros']
[0.252s] Level 1:colcon.colcon_core.package_identification:_identify(src/ros2_heinz_me) by extension 'ros'
[0.252s] Level 1:colcon.colcon_core.package_identification:_identify(src/ros2_heinz_me) by extensions ['cmake', 'python']
[0.252s] Level 1:colcon.colcon_core.package_identification:_identify(src/ros2_heinz_me) by extension 'cmake'
[0.253s] Level 1:colcon.colcon_core.package_identification:_identify(src/ros2_heinz_me) by extension 'python'
[0.253s] Level 1:colcon.colcon_core.package_identification:_identify(src/ros2_heinz_me) by extensions ['python_setup_py']
[0.253s] Level 1:colcon.colcon_core.package_identification:_identify(src/ros2_heinz_me) by extension 'python_setup_py'
[0.253s] Level 1:colcon.colcon_core.package_identification:_identify(src/ros2_heinz_me/h1_gazebo_sim) by extensions ['ignore', 'ignore_ament_install']
[0.253s] Level 1:colcon.colcon_core.package_identification:_identify(src/ros2_heinz_me/h1_gazebo_sim) by extension 'ignore'
[0.253s] Level 1:colcon.colcon_core.package_identification:_identify(src/ros2_heinz_me/h1_gazebo_sim) by extension 'ignore_ament_install'
[0.253s] Level 1:colcon.colcon_core.package_identification:_identify(src/ros2_heinz_me/h1_gazebo_sim) by extensions ['colcon_pkg']
[0.253s] Level 1:colcon.colcon_core.package_identification:_identify(src/ros2_heinz_me/h1_gazebo_sim) by extension 'colcon_pkg'
[0.253s] Level 1:colcon.colcon_core.package_identification:_identify(src/ros2_heinz_me/h1_gazebo_sim) by extensions ['colcon_meta']
[0.253s] Level 1:colcon.colcon_core.package_identification:_identify(src/ros2_heinz_me/h1_gazebo_sim) by extension 'colcon_meta'
[0.253s] Level 1:colcon.colcon_core.package_identification:_identify(src/ros2_heinz_me/h1_gazebo_sim) by extensions ['ros']
[0.253s] Level 1:colcon.colcon_core.package_identification:_identify(src/ros2_heinz_me/h1_gazebo_sim) by extension 'ros'
[0.253s] Level 1:colcon.colcon_core.package_identification:_identify(src/ros2_heinz_me/h1_gazebo_sim) by extensions ['cmake', 'python']
[0.253s] Level 1:colcon.colcon_core.package_identification:_identify(src/ros2_heinz_me/h1_gazebo_sim) by extension 'cmake'
[0.253s] Level 1:colcon.colcon_core.package_identification:_identify(src/ros2_heinz_me/h1_gazebo_sim) by extension 'python'
[0.253s] Level 1:colcon.colcon_core.package_identification:_identify(src/ros2_heinz_me/h1_gazebo_sim) by extensions ['python_setup_py']
[0.253s] Level 1:colcon.colcon_core.package_identification:_identify(src/ros2_heinz_me/h1_gazebo_sim) by extension 'python_setup_py'
[0.253s] Level 1:colcon.colcon_core.package_identification:_identify(src/ros2_heinz_me/h1_gazebo_sim/ros_gz_h1_bringup) by extensions ['ignore', 'ignore_ament_install']
[0.254s] Level 1:colcon.colcon_core.package_identification:_identify(src/ros2_heinz_me/h1_gazebo_sim/ros_gz_h1_bringup) by extension 'ignore'
[0.254s] Level 1:colcon.colcon_core.package_identification:_identify(src/ros2_heinz_me/h1_gazebo_sim/ros_gz_h1_bringup) by extension 'ignore_ament_install'
[0.254s] Level 1:colcon.colcon_core.package_identification:_identify(src/ros2_heinz_me/h1_gazebo_sim/ros_gz_h1_bringup) by extensions ['colcon_pkg']
[0.254s] Level 1:colcon.colcon_core.package_identification:_identify(src/ros2_heinz_me/h1_gazebo_sim/ros_gz_h1_bringup) by extension 'colcon_pkg'
[0.254s] Level 1:colcon.colcon_core.package_identification:_identify(src/ros2_heinz_me/h1_gazebo_sim/ros_gz_h1_bringup) by extensions ['colcon_meta']
[0.254s] Level 1:colcon.colcon_core.package_identification:_identify(src/ros2_heinz_me/h1_gazebo_sim/ros_gz_h1_bringup) by extension 'colcon_meta'
[0.254s] Level 1:colcon.colcon_core.package_identification:_identify(src/ros2_heinz_me/h1_gazebo_sim/ros_gz_h1_bringup) by extensions ['ros']
[0.254s] Level 1:colcon.colcon_core.package_identification:_identify(src/ros2_heinz_me/h1_gazebo_sim/ros_gz_h1_bringup) by extension 'ros'
[0.255s] DEBUG:colcon.colcon_core.package_identification:Package 'src/ros2_heinz_me/h1_gazebo_sim/ros_gz_h1_bringup' with type 'ros.ament_cmake' and name 'ros_gz_h1_bringup'
[0.255s] Level 1:colcon.colcon_core.package_identification:_identify(src/ros2_heinz_me/h1_gazebo_sim/ros_gz_h1_description) by extensions ['ignore', 'ignore_ament_install']
[0.255s] Level 1:colcon.colcon_core.package_identification:_identify(src/ros2_heinz_me/h1_gazebo_sim/ros_gz_h1_description) by extension 'ignore'
[0.255s] Level 1:colcon.colcon_core.package_identification:_identify(src/ros2_heinz_me/h1_gazebo_sim/ros_gz_h1_description) by extension 'ignore_ament_install'
[0.255s] Level 1:colcon.colcon_core.package_identification:_identify(src/ros2_heinz_me/h1_gazebo_sim/ros_gz_h1_description) by extensions ['colcon_pkg']
[0.255s] Level 1:colcon.colcon_core.package_identification:_identify(src/ros2_heinz_me/h1_gazebo_sim/ros_gz_h1_description) by extension 'colcon_pkg'
[0.255s] Level 1:colcon.colcon_core.package_identification:_identify(src/ros2_heinz_me/h1_gazebo_sim/ros_gz_h1_description) by extensions ['colcon_meta']
[0.255s] Level 1:colcon.colcon_core.package_identification:_identify(src/ros2_heinz_me/h1_gazebo_sim/ros_gz_h1_description) by extension 'colcon_meta'
[0.255s] Level 1:colcon.colcon_core.package_identification:_identify(src/ros2_heinz_me/h1_gazebo_sim/ros_gz_h1_description) by extensions ['ros']
[0.255s] Level 1:colcon.colcon_core.package_identification:_identify(src/ros2_heinz_me/h1_gazebo_sim/ros_gz_h1_description) by extension 'ros'
[0.256s] DEBUG:colcon.colcon_core.package_identification:Package 'src/ros2_heinz_me/h1_gazebo_sim/ros_gz_h1_description' with type 'ros.ament_cmake' and name 'ros_gz_h1_description'
[0.256s] Level 1:colcon.colcon_core.package_identification:_identify(src/ros2_heinz_me/h1_gazebo_sim/ros_gz_h1_gazebo) by extensions ['ignore', 'ignore_ament_install']
[0.256s] Level 1:colcon.colcon_core.package_identification:_identify(src/ros2_heinz_me/h1_gazebo_sim/ros_gz_h1_gazebo) by extension 'ignore'
[0.256s] Level 1:colcon.colcon_core.package_identification:_identify(src/ros2_heinz_me/h1_gazebo_sim/ros_gz_h1_gazebo) by extension 'ignore_ament_install'
[0.256s] Level 1:colcon.colcon_core.package_identification:_identify(src/ros2_heinz_me/h1_gazebo_sim/ros_gz_h1_gazebo) by extensions ['colcon_pkg']
[0.256s] Level 1:colcon.colcon_core.package_identification:_identify(src/ros2_heinz_me/h1_gazebo_sim/ros_gz_h1_gazebo) by extension 'colcon_pkg'
[0.256s] Level 1:colcon.colcon_core.package_identification:_identify(src/ros2_heinz_me/h1_gazebo_sim/ros_gz_h1_gazebo) by extensions ['colcon_meta']
[0.256s] Level 1:colcon.colcon_core.package_identification:_identify(src/ros2_heinz_me/h1_gazebo_sim/ros_gz_h1_gazebo) by extension 'colcon_meta'
[0.256s] Level 1:colcon.colcon_core.package_identification:_identify(src/ros2_heinz_me/h1_gazebo_sim/ros_gz_h1_gazebo) by extensions ['ros']
[0.256s] Level 1:colcon.colcon_core.package_identification:_identify(src/ros2_heinz_me/h1_gazebo_sim/ros_gz_h1_gazebo) by extension 'ros'
[0.257s] DEBUG:colcon.colcon_core.package_identification:Package 'src/ros2_heinz_me/h1_gazebo_sim/ros_gz_h1_gazebo' with type 'ros.ament_cmake' and name 'ros_gz_h1_gazebo'
[0.257s] Level 1:colcon.colcon_core.package_identification:_identify(src/servo_interfaces) by extensions ['ignore', 'ignore_ament_install']
[0.257s] Level 1:colcon.colcon_core.package_identification:_identify(src/servo_interfaces) by extension 'ignore'
[0.257s] Level 1:colcon.colcon_core.package_identification:_identify(src/servo_interfaces) by extension 'ignore_ament_install'
[0.257s] Level 1:colcon.colcon_core.package_identification:_identify(src/servo_interfaces) by extensions ['colcon_pkg']
[0.257s] Level 1:colcon.colcon_core.package_identification:_identify(src/servo_interfaces) by extension 'colcon_pkg'
[0.257s] Level 1:colcon.colcon_core.package_identification:_identify(src/servo_interfaces) by extensions ['colcon_meta']
[0.257s] Level 1:colcon.colcon_core.package_identification:_identify(src/servo_interfaces) by extension 'colcon_meta'
[0.257s] Level 1:colcon.colcon_core.package_identification:_identify(src/servo_interfaces) by extensions ['ros']
[0.258s] Level 1:colcon.colcon_core.package_identification:_identify(src/servo_interfaces) by extension 'ros'
[0.258s] DEBUG:colcon.colcon_core.package_identification:Package 'src/servo_interfaces' with type 'ros.ament_cmake' and name 'servo_interfaces'
[0.258s] Level 1:colcon.colcon_core.package_discovery:discover_packages(recursive) using defaults
[0.258s] Level 1:colcon.colcon_core.package_discovery:discover_packages(ignore) discover
[0.258s] Level 1:colcon.colcon_core.package_discovery:discover_packages(ignore) using defaults
[0.258s] Level 1:colcon.colcon_core.package_discovery:discover_packages(path) discover
[0.258s] Level 1:colcon.colcon_core.package_discovery:discover_packages(path) using defaults
[0.282s] Level 1:colcon.colcon_core.package_discovery:discover_packages(prefix_path) check parameters
[0.282s] Level 1:colcon.colcon_core.package_discovery:discover_packages(prefix_path) discover
[0.287s] DEBUG:colcon.colcon_installed_package_information.package_discovery:Found 448 installed packages in /opt/ros/jazzy
[0.290s] Level 1:colcon.colcon_core.package_discovery:discover_packages(prefix_path) using defaults
[0.376s] Level 5:colcon.colcon_core.verb:set package 'ros_gz_h1_description' build argument 'cmake_args' from command line to 'None'
[0.376s] Level 5:colcon.colcon_core.verb:set package 'ros_gz_h1_description' build argument 'cmake_target' from command line to 'None'
[0.376s] Level 5:colcon.colcon_core.verb:set package 'ros_gz_h1_description' build argument 'cmake_target_skip_unavailable' from command line to 'False'
[0.376s] Level 5:colcon.colcon_core.verb:set package 'ros_gz_h1_description' build argument 'cmake_clean_cache' from command line to 'False'
[0.376s] Level 5:colcon.colcon_core.verb:set package 'ros_gz_h1_description' build argument 'cmake_clean_first' from command line to 'False'
[0.376s] Level 5:colcon.colcon_core.verb:set package 'ros_gz_h1_description' build argument 'cmake_force_configure' from command line to 'False'
[0.376s] Level 5:colcon.colcon_core.verb:set package 'ros_gz_h1_description' build argument 'ament_cmake_args' from command line to 'None'
[0.376s] Level 5:colcon.colcon_core.verb:set package 'ros_gz_h1_description' build argument 'catkin_cmake_args' from command line to 'None'
[0.376s] Level 5:colcon.colcon_core.verb:set package 'ros_gz_h1_description' build argument 'catkin_skip_building_tests' from command line to 'False'
[0.376s] DEBUG:colcon.colcon_core.verb:Building package 'ros_gz_h1_description' with the following arguments: {'ament_cmake_args': None, 'build_base': '/home/rasp/humanoid/robot_ws/build/ros_gz_h1_description', 'catkin_cmake_args': None, 'catkin_skip_building_tests': False, 'cmake_args': None, 'cmake_clean_cache': False, 'cmake_clean_first': False, 'cmake_force_configure': False, 'cmake_target': None, 'cmake_target_skip_unavailable': False, 'install_base': '/home/rasp/humanoid/robot_ws/install/ros_gz_h1_description', 'merge_install': False, 'path': '/home/rasp/humanoid/robot_ws/src/ros2_heinz_me/h1_gazebo_sim/ros_gz_h1_description', 'symlink_install': False, 'test_result_base': None}
[0.376s] Level 5:colcon.colcon_core.verb:set package 'servo_interfaces' build argument 'cmake_args' from command line to 'None'
[0.377s] Level 5:colcon.colcon_core.verb:set package 'servo_interfaces' build argument 'cmake_target' from command line to 'None'
[0.377s] Level 5:colcon.colcon_core.verb:set package 'servo_interfaces' build argument 'cmake_target_skip_unavailable' from command line to 'False'
[0.377s] Level 5:colcon.colcon_core.verb:set package 'servo_interfaces' build argument 'cmake_clean_cache' from command line to 'False'
[0.377s] Level 5:colcon.colcon_core.verb:set package 'servo_interfaces' build argument 'cmake_clean_first' from command line to 'False'
[0.377s] Level 5:colcon.colcon_core.verb:set package 'servo_interfaces' build argument 'cmake_force_configure' from command line to 'False'
[0.377s] Level 5:colcon.colcon_core.verb:set package 'servo_interfaces' build argument 'ament_cmake_args' from command line to 'None'
[0.377s] Level 5:colcon.colcon_core.verb:set package 'servo_interfaces' build argument 'catkin_cmake_args' from command line to 'None'
[0.377s] Level 5:colcon.colcon_core.verb:set package 'servo_interfaces' build argument 'catkin_skip_building_tests' from command line to 'False'
[0.377s] DEBUG:colcon.colcon_core.verb:Building package 'servo_interfaces' with the following arguments: {'ament_cmake_args': None, 'build_base': '/home/rasp/humanoid/robot_ws/build/servo_interfaces', 'catkin_cmake_args': None, 'catkin_skip_building_tests': False, 'cmake_args': None, 'cmake_clean_cache': False, 'cmake_clean_first': False, 'cmake_force_configure': False, 'cmake_target': None, 'cmake_target_skip_unavailable': False, 'install_base': '/home/rasp/humanoid/robot_ws/install/servo_interfaces', 'merge_install': False, 'path': '/home/rasp/humanoid/robot_ws/src/servo_interfaces', 'symlink_install': False, 'test_result_base': None}
[0.377s] Level 5:colcon.colcon_core.verb:set package 'my_servo_controller' build argument 'cmake_args' from command line to 'None'
[0.377s] Level 5:colcon.colcon_core.verb:set package 'my_servo_controller' build argument 'cmake_target' from command line to 'None'
[0.377s] Level 5:colcon.colcon_core.verb:set package 'my_servo_controller' build argument 'cmake_target_skip_unavailable' from command line to 'False'
[0.377s] Level 5:colcon.colcon_core.verb:set package 'my_servo_controller' build argument 'cmake_clean_cache' from command line to 'False'
[0.377s] Level 5:colcon.colcon_core.verb:set package 'my_servo_controller' build argument 'cmake_clean_first' from command line to 'False'
[0.377s] Level 5:colcon.colcon_core.verb:set package 'my_servo_controller' build argument 'cmake_force_configure' from command line to 'False'
[0.377s] Level 5:colcon.colcon_core.verb:set package 'my_servo_controller' build argument 'ament_cmake_args' from command line to 'None'
[0.377s] Level 5:colcon.colcon_core.verb:set package 'my_servo_controller' build argument 'catkin_cmake_args' from command line to 'None'
[0.377s] Level 5:colcon.colcon_core.verb:set package 'my_servo_controller' build argument 'catkin_skip_building_tests' from command line to 'False'
[0.377s] DEBUG:colcon.colcon_core.verb:Building package 'my_servo_controller' with the following arguments: {'ament_cmake_args': None, 'build_base': '/home/rasp/humanoid/robot_ws/build/my_servo_controller', 'catkin_cmake_args': None, 'catkin_skip_building_tests': False, 'cmake_args': None, 'cmake_clean_cache': False, 'cmake_clean_first': False, 'cmake_force_configure': False, 'cmake_target': None, 'cmake_target_skip_unavailable': False, 'install_base': '/home/rasp/humanoid/robot_ws/install/my_servo_controller', 'merge_install': False, 'path': '/home/rasp/humanoid/robot_ws/src/my_servo_controller', 'symlink_install': False, 'test_result_base': None}
[0.378s] Level 5:colcon.colcon_core.verb:set package 'ros_gz_h1_gazebo' build argument 'cmake_args' from command line to 'None'
[0.378s] Level 5:colcon.colcon_core.verb:set package 'ros_gz_h1_gazebo' build argument 'cmake_target' from command line to 'None'
[0.378s] Level 5:colcon.colcon_core.verb:set package 'ros_gz_h1_gazebo' build argument 'cmake_target_skip_unavailable' from command line to 'False'
[0.378s] Level 5:colcon.colcon_core.verb:set package 'ros_gz_h1_gazebo' build argument 'cmake_clean_cache' from command line to 'False'
[0.378s] Level 5:colcon.colcon_core.verb:set package 'ros_gz_h1_gazebo' build argument 'cmake_clean_first' from command line to 'False'
[0.378s] Level 5:colcon.colcon_core.verb:set package 'ros_gz_h1_gazebo' build argument 'cmake_force_configure' from command line to 'False'
[0.378s] Level 5:colcon.colcon_core.verb:set package 'ros_gz_h1_gazebo' build argument 'ament_cmake_args' from command line to 'None'
[0.378s] Level 5:colcon.colcon_core.verb:set package 'ros_gz_h1_gazebo' build argument 'catkin_cmake_args' from command line to 'None'
[0.378s] Level 5:colcon.colcon_core.verb:set package 'ros_gz_h1_gazebo' build argument 'catkin_skip_building_tests' from command line to 'False'
[0.378s] DEBUG:colcon.colcon_core.verb:Building package 'ros_gz_h1_gazebo' with the following arguments: {'ament_cmake_args': None, 'build_base': '/home/rasp/humanoid/robot_ws/build/ros_gz_h1_gazebo', 'catkin_cmake_args': None, 'catkin_skip_building_tests': False, 'cmake_args': None, 'cmake_clean_cache': False, 'cmake_clean_first': False, 'cmake_force_configure': False, 'cmake_target': None, 'cmake_target_skip_unavailable': False, 'install_base': '/home/rasp/humanoid/robot_ws/install/ros_gz_h1_gazebo', 'merge_install': False, 'path': '/home/rasp/humanoid/robot_ws/src/ros2_heinz_me/h1_gazebo_sim/ros_gz_h1_gazebo', 'symlink_install': False, 'test_result_base': None}
[0.378s] Level 5:colcon.colcon_core.verb:set package 'ros_gz_h1_bringup' build argument 'cmake_args' from command line to 'None'
[0.378s] Level 5:colcon.colcon_core.verb:set package 'ros_gz_h1_bringup' build argument 'cmake_target' from command line to 'None'
[0.378s] Level 5:colcon.colcon_core.verb:set package 'ros_gz_h1_bringup' build argument 'cmake_target_skip_unavailable' from command line to 'False'
[0.378s] Level 5:colcon.colcon_core.verb:set package 'ros_gz_h1_bringup' build argument 'cmake_clean_cache' from command line to 'False'
[0.378s] Level 5:colcon.colcon_core.verb:set package 'ros_gz_h1_bringup' build argument 'cmake_clean_first' from command line to 'False'
[0.378s] Level 5:colcon.colcon_core.verb:set package 'ros_gz_h1_bringup' build argument 'cmake_force_configure' from command line to 'False'
[0.378s] Level 5:colcon.colcon_core.verb:set package 'ros_gz_h1_bringup' build argument 'ament_cmake_args' from command line to 'None'
[0.378s] Level 5:colcon.colcon_core.verb:set package 'ros_gz_h1_bringup' build argument 'catkin_cmake_args' from command line to 'None'
[0.378s] Level 5:colcon.colcon_core.verb:set package 'ros_gz_h1_bringup' build argument 'catkin_skip_building_tests' from command line to 'False'
[0.378s] DEBUG:colcon.colcon_core.verb:Building package 'ros_gz_h1_bringup' with the following arguments: {'ament_cmake_args': None, 'build_base': '/home/rasp/humanoid/robot_ws/build/ros_gz_h1_bringup', 'catkin_cmake_args': None, 'catkin_skip_building_tests': False, 'cmake_args': None, 'cmake_clean_cache': False, 'cmake_clean_first': False, 'cmake_force_configure': False, 'cmake_target': None, 'cmake_target_skip_unavailable': False, 'install_base': '/home/rasp/humanoid/robot_ws/install/ros_gz_h1_bringup', 'merge_install': False, 'path': '/home/rasp/humanoid/robot_ws/src/ros2_heinz_me/h1_gazebo_sim/ros_gz_h1_bringup', 'symlink_install': False, 'test_result_base': None}
[0.379s] INFO:colcon.colcon_core.executor:Executing jobs using 'parallel' executor
[0.380s] DEBUG:colcon.colcon_parallel_executor.executor.parallel:run_until_complete
[0.380s] INFO:colcon.colcon_ros.task.ament_cmake.build:Building ROS package in '/home/rasp/humanoid/robot_ws/src/ros2_heinz_me/h1_gazebo_sim/ros_gz_h1_description' with build type 'ament_cmake'
[0.380s] INFO:colcon.colcon_cmake.task.cmake.build:Building CMake package in '/home/rasp/humanoid/robot_ws/src/ros2_heinz_me/h1_gazebo_sim/ros_gz_h1_description'
[0.383s] INFO:colcon.colcon_core.plugin_system:Skipping extension 'colcon_core.shell.bat': Not used on non-Windows systems
[0.383s] INFO:colcon.colcon_core.shell:Skip shell extension 'powershell' for command environment: Not usable outside of PowerShell
[0.383s] DEBUG:colcon.colcon_core.shell:Skip shell extension 'dsv' for command environment
[0.389s] INFO:colcon.colcon_ros.task.ament_cmake.build:Building ROS package in '/home/rasp/humanoid/robot_ws/src/servo_interfaces' with build type 'ament_cmake'
[0.389s] INFO:colcon.colcon_cmake.task.cmake.build:Building CMake package in '/home/rasp/humanoid/robot_ws/src/servo_interfaces'
[0.389s] INFO:colcon.colcon_core.shell:Skip shell extension 'powershell' for command environment: Not usable outside of PowerShell
[0.389s] DEBUG:colcon.colcon_core.shell:Skip shell extension 'dsv' for command environment
[0.401s] DEBUG:colcon.colcon_core.event_handler.log_command:Invoking command in '/home/rasp/humanoid/robot_ws/build/ros_gz_h1_description': CMAKE_PREFIX_PATH=${CMAKE_PREFIX_PATH}:/opt/ros/jazzy DEBUGINFOD_URLS=https://debuginfod.ubuntu.com /usr/bin/cmake --build /home/rasp/humanoid/robot_ws/build/ros_gz_h1_description -- -j4 -l4
[0.408s] DEBUG:colcon.colcon_core.event_handler.log_command:Invoking command in '/home/rasp/humanoid/robot_ws/build/servo_interfaces': CMAKE_PREFIX_PATH=${CMAKE_PREFIX_PATH}:/opt/ros/jazzy DEBUGINFOD_URLS=https://debuginfod.ubuntu.com /usr/bin/cmake --build /home/rasp/humanoid/robot_ws/build/servo_interfaces -- -j4 -l4
[0.482s] DEBUG:colcon.colcon_core.event_handler.log_command:Invoked command in '/home/rasp/humanoid/robot_ws/build/ros_gz_h1_description' returned '0': CMAKE_PREFIX_PATH=${CMAKE_PREFIX_PATH}:/opt/ros/jazzy DEBUGINFOD_URLS=https://debuginfod.ubuntu.com /usr/bin/cmake --build /home/rasp/humanoid/robot_ws/build/ros_gz_h1_description -- -j4 -l4
[0.503s] DEBUG:colcon.colcon_core.event_handler.log_command:Invoking command in '/home/rasp/humanoid/robot_ws/build/ros_gz_h1_description': CMAKE_PREFIX_PATH=${CMAKE_PREFIX_PATH}:/opt/ros/jazzy DEBUGINFOD_URLS=https://debuginfod.ubuntu.com /usr/bin/cmake --install /home/rasp/humanoid/robot_ws/build/ros_gz_h1_description
[0.529s] Level 1:colcon.colcon_core.environment:create_environment_scripts_only(ros_gz_h1_description)
[0.536s] Level 1:colcon.colcon_core.environment:checking '/home/rasp/humanoid/robot_ws/install/ros_gz_h1_description' for CMake module files
[0.539s] Level 1:colcon.colcon_core.environment:checking '/home/rasp/humanoid/robot_ws/install/ros_gz_h1_description' for CMake config files
[0.540s] DEBUG:colcon.colcon_core.event_handler.log_command:Invoked command in '/home/rasp/humanoid/robot_ws/build/ros_gz_h1_description' returned '0': CMAKE_PREFIX_PATH=${CMAKE_PREFIX_PATH}:/opt/ros/jazzy DEBUGINFOD_URLS=https://debuginfod.ubuntu.com /usr/bin/cmake --install /home/rasp/humanoid/robot_ws/build/ros_gz_h1_description
[0.540s] Level 1:colcon.colcon_core.shell:create_environment_hook('ros_gz_h1_description', 'cmake_prefix_path')
[0.541s] INFO:colcon.colcon_core.shell:Creating environment hook '/home/rasp/humanoid/robot_ws/install/ros_gz_h1_description/share/ros_gz_h1_description/hook/cmake_prefix_path.ps1'
[0.542s] INFO:colcon.colcon_core.shell:Creating environment descriptor '/home/rasp/humanoid/robot_ws/install/ros_gz_h1_description/share/ros_gz_h1_description/hook/cmake_prefix_path.dsv'
[0.543s] INFO:colcon.colcon_core.shell:Creating environment hook '/home/rasp/humanoid/robot_ws/install/ros_gz_h1_description/share/ros_gz_h1_description/hook/cmake_prefix_path.sh'
[0.544s] Level 1:colcon.colcon_core.environment:checking '/home/rasp/humanoid/robot_ws/install/ros_gz_h1_description/bin'
[0.544s] Level 1:colcon.colcon_core.environment:checking '/home/rasp/humanoid/robot_ws/install/ros_gz_h1_description/lib/pkgconfig/ros_gz_h1_description.pc'
[0.545s] Level 1:colcon.colcon_core.environment:checking '/home/rasp/humanoid/robot_ws/install/ros_gz_h1_description/lib/python3.12/site-packages'
[0.545s] Level 1:colcon.colcon_core.environment:checking '/home/rasp/humanoid/robot_ws/install/ros_gz_h1_description/bin'
[0.546s] INFO:colcon.colcon_core.shell:Creating package script '/home/rasp/humanoid/robot_ws/install/ros_gz_h1_description/share/ros_gz_h1_description/package.ps1'
[0.547s] INFO:colcon.colcon_core.shell:Creating package descriptor '/home/rasp/humanoid/robot_ws/install/ros_gz_h1_description/share/ros_gz_h1_description/package.dsv'
[0.548s] INFO:colcon.colcon_core.shell:Creating package script '/home/rasp/humanoid/robot_ws/install/ros_gz_h1_description/share/ros_gz_h1_description/package.sh'
[0.549s] INFO:colcon.colcon_core.shell:Creating package script '/home/rasp/humanoid/robot_ws/install/ros_gz_h1_description/share/ros_gz_h1_description/package.bash'
[0.550s] INFO:colcon.colcon_core.shell:Creating package script '/home/rasp/humanoid/robot_ws/install/ros_gz_h1_description/share/ros_gz_h1_description/package.zsh'
[0.551s] Level 1:colcon.colcon_core.environment:create_file_with_runtime_dependencies(/home/rasp/humanoid/robot_ws/install/ros_gz_h1_description/share/colcon-core/packages/ros_gz_h1_description)
[0.552s] Level 1:colcon.colcon_core.environment:create_environment_scripts_only(ros_gz_h1_description)
[0.552s] Level 1:colcon.colcon_core.environment:checking '/home/rasp/humanoid/robot_ws/install/ros_gz_h1_description' for CMake module files
[0.553s] Level 1:colcon.colcon_core.environment:checking '/home/rasp/humanoid/robot_ws/install/ros_gz_h1_description' for CMake config files
[0.553s] Level 1:colcon.colcon_core.shell:create_environment_hook('ros_gz_h1_description', 'cmake_prefix_path')
[0.554s] INFO:colcon.colcon_core.shell:Creating environment hook '/home/rasp/humanoid/robot_ws/install/ros_gz_h1_description/share/ros_gz_h1_description/hook/cmake_prefix_path.ps1'
[0.555s] INFO:colcon.colcon_core.shell:Creating environment descriptor '/home/rasp/humanoid/robot_ws/install/ros_gz_h1_description/share/ros_gz_h1_description/hook/cmake_prefix_path.dsv'
[0.556s] INFO:colcon.colcon_core.shell:Creating environment hook '/home/rasp/humanoid/robot_ws/install/ros_gz_h1_description/share/ros_gz_h1_description/hook/cmake_prefix_path.sh'
[0.557s] Level 1:colcon.colcon_core.environment:checking '/home/rasp/humanoid/robot_ws/install/ros_gz_h1_description/bin'
[0.557s] Level 1:colcon.colcon_core.environment:checking '/home/rasp/humanoid/robot_ws/install/ros_gz_h1_description/lib/pkgconfig/ros_gz_h1_description.pc'
[0.558s] Level 1:colcon.colcon_core.environment:checking '/home/rasp/humanoid/robot_ws/install/ros_gz_h1_description/lib/python3.12/site-packages'
[0.558s] Level 1:colcon.colcon_core.environment:checking '/home/rasp/humanoid/robot_ws/install/ros_gz_h1_description/bin'
[0.559s] INFO:colcon.colcon_core.shell:Creating package script '/home/rasp/humanoid/robot_ws/install/ros_gz_h1_description/share/ros_gz_h1_description/package.ps1'
[0.560s] INFO:colcon.colcon_core.shell:Creating package descriptor '/home/rasp/humanoid/robot_ws/install/ros_gz_h1_description/share/ros_gz_h1_description/package.dsv'
[0.561s] INFO:colcon.colcon_core.shell:Creating package script '/home/rasp/humanoid/robot_ws/install/ros_gz_h1_description/share/ros_gz_h1_description/package.sh'
[0.562s] INFO:colcon.colcon_core.shell:Creating package script '/home/rasp/humanoid/robot_ws/install/ros_gz_h1_description/share/ros_gz_h1_description/package.bash'
[0.563s] INFO:colcon.colcon_core.shell:Creating package script '/home/rasp/humanoid/robot_ws/install/ros_gz_h1_description/share/ros_gz_h1_description/package.zsh'
[0.567s] Level 1:colcon.colcon_core.environment:create_file_with_runtime_dependencies(/home/rasp/humanoid/robot_ws/install/ros_gz_h1_description/share/colcon-core/packages/ros_gz_h1_description)
[0.567s] INFO:colcon.colcon_ros.task.ament_cmake.build:Building ROS package in '/home/rasp/humanoid/robot_ws/src/ros2_heinz_me/h1_gazebo_sim/ros_gz_h1_gazebo' with build type 'ament_cmake'
[0.568s] INFO:colcon.colcon_cmake.task.cmake.build:Building CMake package in '/home/rasp/humanoid/robot_ws/src/ros2_heinz_me/h1_gazebo_sim/ros_gz_h1_gazebo'
[0.568s] INFO:colcon.colcon_core.shell:Skip shell extension 'powershell' for command environment: Not usable outside of PowerShell
[0.568s] DEBUG:colcon.colcon_core.shell:Skip shell extension 'dsv' for command environment
[0.585s] DEBUG:colcon.colcon_core.event_handler.log_command:Invoking command in '/home/rasp/humanoid/robot_ws/build/ros_gz_h1_gazebo': AMENT_PREFIX_PATH=/home/rasp/humanoid/robot_ws/install/ros_gz_h1_description:${AMENT_PREFIX_PATH} CMAKE_PREFIX_PATH=/home/rasp/humanoid/robot_ws/install/ros_gz_h1_description:/opt/ros/jazzy/opt/gz_sim_vendor:/opt/ros/jazzy/opt/gz_sensors_vendor:/opt/ros/jazzy/opt/gz_physics_vendor:/opt/ros/jazzy/opt/sdformat_vendor:/opt/ros/jazzy/opt/gz_gui_vendor:/opt/ros/jazzy/opt/gz_transport_vendor:/opt/ros/jazzy/opt/gz_rendering_vendor:/opt/ros/jazzy/opt/gz_plugin_vendor:/opt/ros/jazzy/opt/gz_fuel_tools_vendor:/opt/ros/jazzy/opt/gz_msgs_vendor:/opt/ros/jazzy/opt/gz_common_vendor:/opt/ros/jazzy/opt/gz_math_vendor:/opt/ros/jazzy/opt/gz_utils_vendor:/opt/ros/jazzy/opt/gz_tools_vendor:/opt/ros/jazzy/opt/gz_ogre_next_vendor:/opt/ros/jazzy/opt/gz_dartsim_vendor:/opt/ros/jazzy/opt/gz_cmake_vendor:/opt/ros/jazzy DEBUGINFOD_URLS=https://debuginfod.ubuntu.com GZ_SIM_RESOURCE_PATH=/home/rasp/humanoid/robot_ws/install/ros_gz_h1_description/share/ros_gz_h1_description/models:${GZ_SIM_RESOURCE_PATH} /usr/bin/cmake --build /home/rasp/humanoid/robot_ws/build/ros_gz_h1_gazebo -- -j4 -l4
[0.677s] DEBUG:colcon.colcon_core.event_handler.log_command:Invoked command in '/home/rasp/humanoid/robot_ws/build/ros_gz_h1_gazebo' returned '0': AMENT_PREFIX_PATH=/home/rasp/humanoid/robot_ws/install/ros_gz_h1_description:${AMENT_PREFIX_PATH} CMAKE_PREFIX_PATH=/home/rasp/humanoid/robot_ws/install/ros_gz_h1_description:/opt/ros/jazzy/opt/gz_sim_vendor:/opt/ros/jazzy/opt/gz_sensors_vendor:/opt/ros/jazzy/opt/gz_physics_vendor:/opt/ros/jazzy/opt/sdformat_vendor:/opt/ros/jazzy/opt/gz_gui_vendor:/opt/ros/jazzy/opt/gz_transport_vendor:/opt/ros/jazzy/opt/gz_rendering_vendor:/opt/ros/jazzy/opt/gz_plugin_vendor:/opt/ros/jazzy/opt/gz_fuel_tools_vendor:/opt/ros/jazzy/opt/gz_msgs_vendor:/opt/ros/jazzy/opt/gz_common_vendor:/opt/ros/jazzy/opt/gz_math_vendor:/opt/ros/jazzy/opt/gz_utils_vendor:/opt/ros/jazzy/opt/gz_tools_vendor:/opt/ros/jazzy/opt/gz_ogre_next_vendor:/opt/ros/jazzy/opt/gz_dartsim_vendor:/opt/ros/jazzy/opt/gz_cmake_vendor:/opt/ros/jazzy DEBUGINFOD_URLS=https://debuginfod.ubuntu.com GZ_SIM_RESOURCE_PATH=/home/rasp/humanoid/robot_ws/install/ros_gz_h1_description/share/ros_gz_h1_description/models:${GZ_SIM_RESOURCE_PATH} /usr/bin/cmake --build /home/rasp/humanoid/robot_ws/build/ros_gz_h1_gazebo -- -j4 -l4
[0.680s] DEBUG:colcon.colcon_core.event_handler.log_command:Invoking command in '/home/rasp/humanoid/robot_ws/build/ros_gz_h1_gazebo': AMENT_PREFIX_PATH=/home/rasp/humanoid/robot_ws/install/ros_gz_h1_description:${AMENT_PREFIX_PATH} CMAKE_PREFIX_PATH=/home/rasp/humanoid/robot_ws/install/ros_gz_h1_description:/opt/ros/jazzy/opt/gz_sim_vendor:/opt/ros/jazzy/opt/gz_sensors_vendor:/opt/ros/jazzy/opt/gz_physics_vendor:/opt/ros/jazzy/opt/sdformat_vendor:/opt/ros/jazzy/opt/gz_gui_vendor:/opt/ros/jazzy/opt/gz_transport_vendor:/opt/ros/jazzy/opt/gz_rendering_vendor:/opt/ros/jazzy/opt/gz_plugin_vendor:/opt/ros/jazzy/opt/gz_fuel_tools_vendor:/opt/ros/jazzy/opt/gz_msgs_vendor:/opt/ros/jazzy/opt/gz_common_vendor:/opt/ros/jazzy/opt/gz_math_vendor:/opt/ros/jazzy/opt/gz_utils_vendor:/opt/ros/jazzy/opt/gz_tools_vendor:/opt/ros/jazzy/opt/gz_ogre_next_vendor:/opt/ros/jazzy/opt/gz_dartsim_vendor:/opt/ros/jazzy/opt/gz_cmake_vendor:/opt/ros/jazzy DEBUGINFOD_URLS=https://debuginfod.ubuntu.com GZ_SIM_RESOURCE_PATH=/home/rasp/humanoid/robot_ws/install/ros_gz_h1_description/share/ros_gz_h1_description/models:${GZ_SIM_RESOURCE_PATH} /usr/bin/cmake --install /home/rasp/humanoid/robot_ws/build/ros_gz_h1_gazebo
[0.714s] Level 1:colcon.colcon_core.environment:create_environment_scripts_only(ros_gz_h1_gazebo)
[0.715s] Level 1:colcon.colcon_core.environment:checking '/home/rasp/humanoid/robot_ws/install/ros_gz_h1_gazebo' for CMake module files
[0.715s] Level 1:colcon.colcon_core.environment:checking '/home/rasp/humanoid/robot_ws/install/ros_gz_h1_gazebo' for CMake config files
[0.716s] Level 1:colcon.colcon_core.shell:create_environment_hook('ros_gz_h1_gazebo', 'cmake_prefix_path')
[0.716s] INFO:colcon.colcon_core.shell:Creating environment hook '/home/rasp/humanoid/robot_ws/install/ros_gz_h1_gazebo/share/ros_gz_h1_gazebo/hook/cmake_prefix_path.ps1'
[0.717s] DEBUG:colcon.colcon_core.event_handler.log_command:Invoked command in '/home/rasp/humanoid/robot_ws/build/ros_gz_h1_gazebo' returned '0': AMENT_PREFIX_PATH=/home/rasp/humanoid/robot_ws/install/ros_gz_h1_description:${AMENT_PREFIX_PATH} CMAKE_PREFIX_PATH=/home/rasp/humanoid/robot_ws/install/ros_gz_h1_description:/opt/ros/jazzy/opt/gz_sim_vendor:/opt/ros/jazzy/opt/gz_sensors_vendor:/opt/ros/jazzy/opt/gz_physics_vendor:/opt/ros/jazzy/opt/sdformat_vendor:/opt/ros/jazzy/opt/gz_gui_vendor:/opt/ros/jazzy/opt/gz_transport_vendor:/opt/ros/jazzy/opt/gz_rendering_vendor:/opt/ros/jazzy/opt/gz_plugin_vendor:/opt/ros/jazzy/opt/gz_fuel_tools_vendor:/opt/ros/jazzy/opt/gz_msgs_vendor:/opt/ros/jazzy/opt/gz_common_vendor:/opt/ros/jazzy/opt/gz_math_vendor:/opt/ros/jazzy/opt/gz_utils_vendor:/opt/ros/jazzy/opt/gz_tools_vendor:/opt/ros/jazzy/opt/gz_ogre_next_vendor:/opt/ros/jazzy/opt/gz_dartsim_vendor:/opt/ros/jazzy/opt/gz_cmake_vendor:/opt/ros/jazzy DEBUGINFOD_URLS=https://debuginfod.ubuntu.com GZ_SIM_RESOURCE_PATH=/home/rasp/humanoid/robot_ws/install/ros_gz_h1_description/share/ros_gz_h1_description/models:${GZ_SIM_RESOURCE_PATH} /usr/bin/cmake --install /home/rasp/humanoid/robot_ws/build/ros_gz_h1_gazebo
[0.717s] INFO:colcon.colcon_core.shell:Creating environment descriptor '/home/rasp/humanoid/robot_ws/install/ros_gz_h1_gazebo/share/ros_gz_h1_gazebo/hook/cmake_prefix_path.dsv'
[0.718s] INFO:colcon.colcon_core.shell:Creating environment hook '/home/rasp/humanoid/robot_ws/install/ros_gz_h1_gazebo/share/ros_gz_h1_gazebo/hook/cmake_prefix_path.sh'
[0.719s] Level 1:colcon.colcon_core.environment:checking '/home/rasp/humanoid/robot_ws/install/ros_gz_h1_gazebo/bin'
[0.720s] Level 1:colcon.colcon_core.environment:checking '/home/rasp/humanoid/robot_ws/install/ros_gz_h1_gazebo/lib/pkgconfig/ros_gz_h1_gazebo.pc'
[0.720s] Level 1:colcon.colcon_core.environment:checking '/home/rasp/humanoid/robot_ws/install/ros_gz_h1_gazebo/lib/python3.12/site-packages'
[0.720s] Level 1:colcon.colcon_core.environment:checking '/home/rasp/humanoid/robot_ws/install/ros_gz_h1_gazebo/bin'
[0.721s] INFO:colcon.colcon_core.shell:Creating package script '/home/rasp/humanoid/robot_ws/install/ros_gz_h1_gazebo/share/ros_gz_h1_gazebo/package.ps1'
[0.722s] INFO:colcon.colcon_core.shell:Creating package descriptor '/home/rasp/humanoid/robot_ws/install/ros_gz_h1_gazebo/share/ros_gz_h1_gazebo/package.dsv'
[0.723s] INFO:colcon.colcon_core.shell:Creating package script '/home/rasp/humanoid/robot_ws/install/ros_gz_h1_gazebo/share/ros_gz_h1_gazebo/package.sh'
[0.724s] INFO:colcon.colcon_core.shell:Creating package script '/home/rasp/humanoid/robot_ws/install/ros_gz_h1_gazebo/share/ros_gz_h1_gazebo/package.bash'
[0.725s] INFO:colcon.colcon_core.shell:Creating package script '/home/rasp/humanoid/robot_ws/install/ros_gz_h1_gazebo/share/ros_gz_h1_gazebo/package.zsh'
[0.726s] Level 1:colcon.colcon_core.environment:create_file_with_runtime_dependencies(/home/rasp/humanoid/robot_ws/install/ros_gz_h1_gazebo/share/colcon-core/packages/ros_gz_h1_gazebo)
[0.727s] Level 1:colcon.colcon_core.environment:create_environment_scripts_only(ros_gz_h1_gazebo)
[0.727s] Level 1:colcon.colcon_core.environment:checking '/home/rasp/humanoid/robot_ws/install/ros_gz_h1_gazebo' for CMake module files
[0.728s] Level 1:colcon.colcon_core.environment:checking '/home/rasp/humanoid/robot_ws/install/ros_gz_h1_gazebo' for CMake config files
[0.728s] Level 1:colcon.colcon_core.shell:create_environment_hook('ros_gz_h1_gazebo', 'cmake_prefix_path')
[0.729s] INFO:colcon.colcon_core.shell:Creating environment hook '/home/rasp/humanoid/robot_ws/install/ros_gz_h1_gazebo/share/ros_gz_h1_gazebo/hook/cmake_prefix_path.ps1'
[0.729s] INFO:colcon.colcon_core.shell:Creating environment descriptor '/home/rasp/humanoid/robot_ws/install/ros_gz_h1_gazebo/share/ros_gz_h1_gazebo/hook/cmake_prefix_path.dsv'
[0.730s] INFO:colcon.colcon_core.shell:Creating environment hook '/home/rasp/humanoid/robot_ws/install/ros_gz_h1_gazebo/share/ros_gz_h1_gazebo/hook/cmake_prefix_path.sh'
[0.732s] Level 1:colcon.colcon_core.environment:checking '/home/rasp/humanoid/robot_ws/install/ros_gz_h1_gazebo/bin'
[0.732s] Level 1:colcon.colcon_core.environment:checking '/home/rasp/humanoid/robot_ws/install/ros_gz_h1_gazebo/lib/pkgconfig/ros_gz_h1_gazebo.pc'
[0.732s] Level 1:colcon.colcon_core.environment:checking '/home/rasp/humanoid/robot_ws/install/ros_gz_h1_gazebo/lib/python3.12/site-packages'
[0.733s] Level 1:colcon.colcon_core.environment:checking '/home/rasp/humanoid/robot_ws/install/ros_gz_h1_gazebo/bin'
[0.733s] INFO:colcon.colcon_core.shell:Creating package script '/home/rasp/humanoid/robot_ws/install/ros_gz_h1_gazebo/share/ros_gz_h1_gazebo/package.ps1'
[0.734s] INFO:colcon.colcon_core.shell:Creating package descriptor '/home/rasp/humanoid/robot_ws/install/ros_gz_h1_gazebo/share/ros_gz_h1_gazebo/package.dsv'
[0.735s] INFO:colcon.colcon_core.shell:Creating package script '/home/rasp/humanoid/robot_ws/install/ros_gz_h1_gazebo/share/ros_gz_h1_gazebo/package.sh'
[0.736s] INFO:colcon.colcon_core.shell:Creating package script '/home/rasp/humanoid/robot_ws/install/ros_gz_h1_gazebo/share/ros_gz_h1_gazebo/package.bash'
[0.737s] INFO:colcon.colcon_core.shell:Creating package script '/home/rasp/humanoid/robot_ws/install/ros_gz_h1_gazebo/share/ros_gz_h1_gazebo/package.zsh'
[0.741s] Level 1:colcon.colcon_core.environment:create_file_with_runtime_dependencies(/home/rasp/humanoid/robot_ws/install/ros_gz_h1_gazebo/share/colcon-core/packages/ros_gz_h1_gazebo)
[0.742s] INFO:colcon.colcon_ros.task.ament_cmake.build:Building ROS package in '/home/rasp/humanoid/robot_ws/src/ros2_heinz_me/h1_gazebo_sim/ros_gz_h1_bringup' with build type 'ament_cmake'
[0.742s] INFO:colcon.colcon_cmake.task.cmake.build:Building CMake package in '/home/rasp/humanoid/robot_ws/src/ros2_heinz_me/h1_gazebo_sim/ros_gz_h1_bringup'
[0.742s] INFO:colcon.colcon_core.shell:Skip shell extension 'powershell' for command environment: Not usable outside of PowerShell
[0.743s] DEBUG:colcon.colcon_core.shell:Skip shell extension 'dsv' for command environment
[0.758s] DEBUG:colcon.colcon_core.event_handler.log_command:Invoking command in '/home/rasp/humanoid/robot_ws/build/ros_gz_h1_bringup': AMENT_PREFIX_PATH=/home/rasp/humanoid/robot_ws/install/ros_gz_h1_gazebo:/home/rasp/humanoid/robot_ws/install/ros_gz_h1_description:${AMENT_PREFIX_PATH} CMAKE_PREFIX_PATH=/home/rasp/humanoid/robot_ws/install/ros_gz_h1_gazebo:/home/rasp/humanoid/robot_ws/install/ros_gz_h1_description:/opt/ros/jazzy/opt/gz_sim_vendor:/opt/ros/jazzy/opt/gz_sensors_vendor:/opt/ros/jazzy/opt/gz_physics_vendor:/opt/ros/jazzy/opt/sdformat_vendor:/opt/ros/jazzy/opt/gz_gui_vendor:/opt/ros/jazzy/opt/gz_transport_vendor:/opt/ros/jazzy/opt/gz_rendering_vendor:/opt/ros/jazzy/opt/gz_plugin_vendor:/opt/ros/jazzy/opt/gz_fuel_tools_vendor:/opt/ros/jazzy/opt/gz_msgs_vendor:/opt/ros/jazzy/opt/gz_common_vendor:/opt/ros/jazzy/opt/gz_math_vendor:/opt/ros/jazzy/opt/gz_utils_vendor:/opt/ros/jazzy/opt/gz_tools_vendor:/opt/ros/jazzy/opt/gz_ogre_next_vendor:/opt/ros/jazzy/opt/gz_dartsim_vendor:/opt/ros/jazzy/opt/gz_cmake_vendor:/opt/ros/jazzy DEBUGINFOD_URLS=https://debuginfod.ubuntu.com GZ_SIM_PLUGIN_PATH=/home/rasp/humanoid/robot_ws/install/ros_gz_h1_gazebo/lib/ros_gz_h1_gazebo GZ_SIM_RESOURCE_PATH=/home/rasp/humanoid/robot_ws/install/ros_gz_h1_gazebo/share/ros_gz_h1_gazebo/worlds:/home/rasp/humanoid/robot_ws/install/ros_gz_h1_description/share/ros_gz_h1_description/models:${GZ_SIM_RESOURCE_PATH} /usr/bin/cmake --build /home/rasp/humanoid/robot_ws/build/ros_gz_h1_bringup -- -j4 -l4
[0.838s] DEBUG:colcon.colcon_core.event_handler.log_command:Invoked command in '/home/rasp/humanoid/robot_ws/build/ros_gz_h1_bringup' returned '0': AMENT_PREFIX_PATH=/home/rasp/humanoid/robot_ws/install/ros_gz_h1_gazebo:/home/rasp/humanoid/robot_ws/install/ros_gz_h1_description:${AMENT_PREFIX_PATH} CMAKE_PREFIX_PATH=/home/rasp/humanoid/robot_ws/install/ros_gz_h1_gazebo:/home/rasp/humanoid/robot_ws/install/ros_gz_h1_description:/opt/ros/jazzy/opt/gz_sim_vendor:/opt/ros/jazzy/opt/gz_sensors_vendor:/opt/ros/jazzy/opt/gz_physics_vendor:/opt/ros/jazzy/opt/sdformat_vendor:/opt/ros/jazzy/opt/gz_gui_vendor:/opt/ros/jazzy/opt/gz_transport_vendor:/opt/ros/jazzy/opt/gz_rendering_vendor:/opt/ros/jazzy/opt/gz_plugin_vendor:/opt/ros/jazzy/opt/gz_fuel_tools_vendor:/opt/ros/jazzy/opt/gz_msgs_vendor:/opt/ros/jazzy/opt/gz_common_vendor:/opt/ros/jazzy/opt/gz_math_vendor:/opt/ros/jazzy/opt/gz_utils_vendor:/opt/ros/jazzy/opt/gz_tools_vendor:/opt/ros/jazzy/opt/gz_ogre_next_vendor:/opt/ros/jazzy/opt/gz_dartsim_vendor:/opt/ros/jazzy/opt/gz_cmake_vendor:/opt/ros/jazzy DEBUGINFOD_URLS=https://debuginfod.ubuntu.com GZ_SIM_PLUGIN_PATH=/home/rasp/humanoid/robot_ws/install/ros_gz_h1_gazebo/lib/ros_gz_h1_gazebo GZ_SIM_RESOURCE_PATH=/home/rasp/humanoid/robot_ws/install/ros_gz_h1_gazebo/share/ros_gz_h1_gazebo/worlds:/home/rasp/humanoid/robot_ws/install/ros_gz_h1_description/share/ros_gz_h1_description/models:${GZ_SIM_RESOURCE_PATH} /usr/bin/cmake --build /home/rasp/humanoid/robot_ws/build/ros_gz_h1_bringup -- -j4 -l4
[0.841s] DEBUG:colcon.colcon_core.event_handler.log_command:Invoking command in '/home/rasp/humanoid/robot_ws/build/ros_gz_h1_bringup': AMENT_PREFIX_PATH=/home/rasp/humanoid/robot_ws/install/ros_gz_h1_gazebo:/home/rasp/humanoid/robot_ws/install/ros_gz_h1_description:${AMENT_PREFIX_PATH} CMAKE_PREFIX_PATH=/home/rasp/humanoid/robot_ws/install/ros_gz_h1_gazebo:/home/rasp/humanoid/robot_ws/install/ros_gz_h1_description:/opt/ros/jazzy/opt/gz_sim_vendor:/opt/ros/jazzy/opt/gz_sensors_vendor:/opt/ros/jazzy/opt/gz_physics_vendor:/opt/ros/jazzy/opt/sdformat_vendor:/opt/ros/jazzy/opt/gz_gui_vendor:/opt/ros/jazzy/opt/gz_transport_vendor:/opt/ros/jazzy/opt/gz_rendering_vendor:/opt/ros/jazzy/opt/gz_plugin_vendor:/opt/ros/jazzy/opt/gz_fuel_tools_vendor:/opt/ros/jazzy/opt/gz_msgs_vendor:/opt/ros/jazzy/opt/gz_common_vendor:/opt/ros/jazzy/opt/gz_math_vendor:/opt/ros/jazzy/opt/gz_utils_vendor:/opt/ros/jazzy/opt/gz_tools_vendor:/opt/ros/jazzy/opt/gz_ogre_next_vendor:/opt/ros/jazzy/opt/gz_dartsim_vendor:/opt/ros/jazzy/opt/gz_cmake_vendor:/opt/ros/jazzy DEBUGINFOD_URLS=https://debuginfod.ubuntu.com GZ_SIM_PLUGIN_PATH=/home/rasp/humanoid/robot_ws/install/ros_gz_h1_gazebo/lib/ros_gz_h1_gazebo GZ_SIM_RESOURCE_PATH=/home/rasp/humanoid/robot_ws/install/ros_gz_h1_gazebo/share/ros_gz_h1_gazebo/worlds:/home/rasp/humanoid/robot_ws/install/ros_gz_h1_description/share/ros_gz_h1_description/models:${GZ_SIM_RESOURCE_PATH} /usr/bin/cmake --install /home/rasp/humanoid/robot_ws/build/ros_gz_h1_bringup
[0.861s] Level 1:colcon.colcon_core.environment:create_environment_scripts_only(ros_gz_h1_bringup)
[0.861s] Level 1:colcon.colcon_core.environment:checking '/home/rasp/humanoid/robot_ws/install/ros_gz_h1_bringup' for CMake module files
[0.862s] Level 1:colcon.colcon_core.environment:checking '/home/rasp/humanoid/robot_ws/install/ros_gz_h1_bringup' for CMake config files
[0.864s] DEBUG:colcon.colcon_core.event_handler.log_command:Invoked command in '/home/rasp/humanoid/robot_ws/build/ros_gz_h1_bringup' returned '0': AMENT_PREFIX_PATH=/home/rasp/humanoid/robot_ws/install/ros_gz_h1_gazebo:/home/rasp/humanoid/robot_ws/install/ros_gz_h1_description:${AMENT_PREFIX_PATH} CMAKE_PREFIX_PATH=/home/rasp/humanoid/robot_ws/install/ros_gz_h1_gazebo:/home/rasp/humanoid/robot_ws/install/ros_gz_h1_description:/opt/ros/jazzy/opt/gz_sim_vendor:/opt/ros/jazzy/opt/gz_sensors_vendor:/opt/ros/jazzy/opt/gz_physics_vendor:/opt/ros/jazzy/opt/sdformat_vendor:/opt/ros/jazzy/opt/gz_gui_vendor:/opt/ros/jazzy/opt/gz_transport_vendor:/opt/ros/jazzy/opt/gz_rendering_vendor:/opt/ros/jazzy/opt/gz_plugin_vendor:/opt/ros/jazzy/opt/gz_fuel_tools_vendor:/opt/ros/jazzy/opt/gz_msgs_vendor:/opt/ros/jazzy/opt/gz_common_vendor:/opt/ros/jazzy/opt/gz_math_vendor:/opt/ros/jazzy/opt/gz_utils_vendor:/opt/ros/jazzy/opt/gz_tools_vendor:/opt/ros/jazzy/opt/gz_ogre_next_vendor:/opt/ros/jazzy/opt/gz_dartsim_vendor:/opt/ros/jazzy/opt/gz_cmake_vendor:/opt/ros/jazzy DEBUGINFOD_URLS=https://debuginfod.ubuntu.com GZ_SIM_PLUGIN_PATH=/home/rasp/humanoid/robot_ws/install/ros_gz_h1_gazebo/lib/ros_gz_h1_gazebo GZ_SIM_RESOURCE_PATH=/home/rasp/humanoid/robot_ws/install/ros_gz_h1_gazebo/share/ros_gz_h1_gazebo/worlds:/home/rasp/humanoid/robot_ws/install/ros_gz_h1_description/share/ros_gz_h1_description/models:${GZ_SIM_RESOURCE_PATH} /usr/bin/cmake --install /home/rasp/humanoid/robot_ws/build/ros_gz_h1_bringup
[0.864s] Level 1:colcon.colcon_core.shell:create_environment_hook('ros_gz_h1_bringup', 'cmake_prefix_path')
[0.864s] INFO:colcon.colcon_core.shell:Creating environment hook '/home/rasp/humanoid/robot_ws/install/ros_gz_h1_bringup/share/ros_gz_h1_bringup/hook/cmake_prefix_path.ps1'
[0.865s] INFO:colcon.colcon_core.shell:Creating environment descriptor '/home/rasp/humanoid/robot_ws/install/ros_gz_h1_bringup/share/ros_gz_h1_bringup/hook/cmake_prefix_path.dsv'
[0.866s] INFO:colcon.colcon_core.shell:Creating environment hook '/home/rasp/humanoid/robot_ws/install/ros_gz_h1_bringup/share/ros_gz_h1_bringup/hook/cmake_prefix_path.sh'
[0.867s] Level 1:colcon.colcon_core.environment:checking '/home/rasp/humanoid/robot_ws/install/ros_gz_h1_bringup/bin'
[0.867s] Level 1:colcon.colcon_core.environment:checking '/home/rasp/humanoid/robot_ws/install/ros_gz_h1_bringup/lib/pkgconfig/ros_gz_h1_bringup.pc'
[0.867s] Level 1:colcon.colcon_core.environment:checking '/home/rasp/humanoid/robot_ws/install/ros_gz_h1_bringup/lib/python3.12/site-packages'
[0.868s] Level 1:colcon.colcon_core.environment:checking '/home/rasp/humanoid/robot_ws/install/ros_gz_h1_bringup/bin'
[0.868s] INFO:colcon.colcon_core.shell:Creating package script '/home/rasp/humanoid/robot_ws/install/ros_gz_h1_bringup/share/ros_gz_h1_bringup/package.ps1'
[0.869s] INFO:colcon.colcon_core.shell:Creating package descriptor '/home/rasp/humanoid/robot_ws/install/ros_gz_h1_bringup/share/ros_gz_h1_bringup/package.dsv'
[0.870s] INFO:colcon.colcon_core.shell:Creating package script '/home/rasp/humanoid/robot_ws/install/ros_gz_h1_bringup/share/ros_gz_h1_bringup/package.sh'
[0.871s] INFO:colcon.colcon_core.shell:Creating package script '/home/rasp/humanoid/robot_ws/install/ros_gz_h1_bringup/share/ros_gz_h1_bringup/package.bash'
[0.871s] INFO:colcon.colcon_core.shell:Creating package script '/home/rasp/humanoid/robot_ws/install/ros_gz_h1_bringup/share/ros_gz_h1_bringup/package.zsh'
[0.872s] Level 1:colcon.colcon_core.environment:create_file_with_runtime_dependencies(/home/rasp/humanoid/robot_ws/install/ros_gz_h1_bringup/share/colcon-core/packages/ros_gz_h1_bringup)
[0.873s] Level 1:colcon.colcon_core.environment:create_environment_scripts_only(ros_gz_h1_bringup)
[0.874s] Level 1:colcon.colcon_core.environment:checking '/home/rasp/humanoid/robot_ws/install/ros_gz_h1_bringup' for CMake module files
[0.875s] Level 1:colcon.colcon_core.environment:checking '/home/rasp/humanoid/robot_ws/install/ros_gz_h1_bringup' for CMake config files
[0.875s] Level 1:colcon.colcon_core.shell:create_environment_hook('ros_gz_h1_bringup', 'cmake_prefix_path')
[0.876s] INFO:colcon.colcon_core.shell:Creating environment hook '/home/rasp/humanoid/robot_ws/install/ros_gz_h1_bringup/share/ros_gz_h1_bringup/hook/cmake_prefix_path.ps1'
[0.876s] INFO:colcon.colcon_core.shell:Creating environment descriptor '/home/rasp/humanoid/robot_ws/install/ros_gz_h1_bringup/share/ros_gz_h1_bringup/hook/cmake_prefix_path.dsv'
[0.877s] INFO:colcon.colcon_core.shell:Creating environment hook '/home/rasp/humanoid/robot_ws/install/ros_gz_h1_bringup/share/ros_gz_h1_bringup/hook/cmake_prefix_path.sh'
[0.878s] Level 1:colcon.colcon_core.environment:checking '/home/rasp/humanoid/robot_ws/install/ros_gz_h1_bringup/bin'
[0.878s] Level 1:colcon.colcon_core.environment:checking '/home/rasp/humanoid/robot_ws/install/ros_gz_h1_bringup/lib/pkgconfig/ros_gz_h1_bringup.pc'
[0.879s] Level 1:colcon.colcon_core.environment:checking '/home/rasp/humanoid/robot_ws/install/ros_gz_h1_bringup/lib/python3.12/site-packages'
[0.879s] Level 1:colcon.colcon_core.environment:checking '/home/rasp/humanoid/robot_ws/install/ros_gz_h1_bringup/bin'
[0.879s] INFO:colcon.colcon_core.shell:Creating package script '/home/rasp/humanoid/robot_ws/install/ros_gz_h1_bringup/share/ros_gz_h1_bringup/package.ps1'
[0.880s] INFO:colcon.colcon_core.shell:Creating package descriptor '/home/rasp/humanoid/robot_ws/install/ros_gz_h1_bringup/share/ros_gz_h1_bringup/package.dsv'
[0.881s] INFO:colcon.colcon_core.shell:Creating package script '/home/rasp/humanoid/robot_ws/install/ros_gz_h1_bringup/share/ros_gz_h1_bringup/package.sh'
[0.882s] INFO:colcon.colcon_core.shell:Creating package script '/home/rasp/humanoid/robot_ws/install/ros_gz_h1_bringup/share/ros_gz_h1_bringup/package.bash'
[0.883s] INFO:colcon.colcon_core.shell:Creating package script '/home/rasp/humanoid/robot_ws/install/ros_gz_h1_bringup/share/ros_gz_h1_bringup/package.zsh'
[0.883s] Level 1:colcon.colcon_core.environment:create_file_with_runtime_dependencies(/home/rasp/humanoid/robot_ws/install/ros_gz_h1_bringup/share/colcon-core/packages/ros_gz_h1_bringup)
[1.943s] DEBUG:colcon.colcon_core.event_handler.log_command:Invoked command in '/home/rasp/humanoid/robot_ws/build/servo_interfaces' returned '0': CMAKE_PREFIX_PATH=${CMAKE_PREFIX_PATH}:/opt/ros/jazzy DEBUGINFOD_URLS=https://debuginfod.ubuntu.com /usr/bin/cmake --build /home/rasp/humanoid/robot_ws/build/servo_interfaces -- -j4 -l4
[1.945s] DEBUG:colcon.colcon_core.event_handler.log_command:Invoking command in '/home/rasp/humanoid/robot_ws/build/servo_interfaces': CMAKE_PREFIX_PATH=${CMAKE_PREFIX_PATH}:/opt/ros/jazzy DEBUGINFOD_URLS=https://debuginfod.ubuntu.com /usr/bin/cmake --install /home/rasp/humanoid/robot_ws/build/servo_interfaces
[2.048s] Level 1:colcon.colcon_core.environment:create_environment_scripts_only(servo_interfaces)
[2.049s] Level 1:colcon.colcon_core.environment:checking '/home/rasp/humanoid/robot_ws/install/servo_interfaces' for CMake module files
[2.049s] DEBUG:colcon.colcon_core.event_handler.log_command:Invoked command in '/home/rasp/humanoid/robot_ws/build/servo_interfaces' returned '0': CMAKE_PREFIX_PATH=${CMAKE_PREFIX_PATH}:/opt/ros/jazzy DEBUGINFOD_URLS=https://debuginfod.ubuntu.com /usr/bin/cmake --install /home/rasp/humanoid/robot_ws/build/servo_interfaces
[2.050s] Level 1:colcon.colcon_core.environment:checking '/home/rasp/humanoid/robot_ws/install/servo_interfaces' for CMake config files
[2.050s] Level 1:colcon.colcon_core.shell:create_environment_hook('servo_interfaces', 'cmake_prefix_path')
[2.050s] INFO:colcon.colcon_core.shell:Creating environment hook '/home/rasp/humanoid/robot_ws/install/servo_interfaces/share/servo_interfaces/hook/cmake_prefix_path.ps1'
[2.051s] INFO:colcon.colcon_core.shell:Creating environment descriptor '/home/rasp/humanoid/robot_ws/install/servo_interfaces/share/servo_interfaces/hook/cmake_prefix_path.dsv'
[2.053s] INFO:colcon.colcon_core.shell:Creating environment hook '/home/rasp/humanoid/robot_ws/install/servo_interfaces/share/servo_interfaces/hook/cmake_prefix_path.sh'
[2.054s] Level 1:colcon.colcon_core.environment:checking '/home/rasp/humanoid/robot_ws/install/servo_interfaces/lib'
[2.054s] Level 1:colcon.colcon_core.shell:create_environment_hook('servo_interfaces', 'ld_library_path_lib')
[2.055s] INFO:colcon.colcon_core.shell:Creating environment hook '/home/rasp/humanoid/robot_ws/install/servo_interfaces/share/servo_interfaces/hook/ld_library_path_lib.ps1'
[2.055s] INFO:colcon.colcon_core.shell:Creating environment descriptor '/home/rasp/humanoid/robot_ws/install/servo_interfaces/share/servo_interfaces/hook/ld_library_path_lib.dsv'
[2.056s] INFO:colcon.colcon_core.shell:Creating environment hook '/home/rasp/humanoid/robot_ws/install/servo_interfaces/share/servo_interfaces/hook/ld_library_path_lib.sh'
[2.057s] Level 1:colcon.colcon_core.environment:checking '/home/rasp/humanoid/robot_ws/install/servo_interfaces/bin'
[2.057s] Level 1:colcon.colcon_core.environment:checking '/home/rasp/humanoid/robot_ws/install/servo_interfaces/lib/pkgconfig/servo_interfaces.pc'
[2.058s] Level 1:colcon.colcon_core.environment:checking '/home/rasp/humanoid/robot_ws/install/servo_interfaces/lib/python3.12/site-packages'
[2.058s] Level 1:colcon.colcon_core.shell:create_environment_hook('servo_interfaces', 'pythonpath')
[2.058s] INFO:colcon.colcon_core.shell:Creating environment hook '/home/rasp/humanoid/robot_ws/install/servo_interfaces/share/servo_interfaces/hook/pythonpath.ps1'
[2.058s] INFO:colcon.colcon_core.shell:Creating environment descriptor '/home/rasp/humanoid/robot_ws/install/servo_interfaces/share/servo_interfaces/hook/pythonpath.dsv'
[2.059s] INFO:colcon.colcon_core.shell:Creating environment hook '/home/rasp/humanoid/robot_ws/install/servo_interfaces/share/servo_interfaces/hook/pythonpath.sh'
[2.061s] Level 1:colcon.colcon_core.environment:checking '/home/rasp/humanoid/robot_ws/install/servo_interfaces/bin'
[2.061s] INFO:colcon.colcon_core.shell:Creating package script '/home/rasp/humanoid/robot_ws/install/servo_interfaces/share/servo_interfaces/package.ps1'
[2.062s] INFO:colcon.colcon_core.shell:Creating package descriptor '/home/rasp/humanoid/robot_ws/install/servo_interfaces/share/servo_interfaces/package.dsv'
[2.063s] INFO:colcon.colcon_core.shell:Creating package script '/home/rasp/humanoid/robot_ws/install/servo_interfaces/share/servo_interfaces/package.sh'
[2.064s] INFO:colcon.colcon_core.shell:Creating package script '/home/rasp/humanoid/robot_ws/install/servo_interfaces/share/servo_interfaces/package.bash'
[2.065s] INFO:colcon.colcon_core.shell:Creating package script '/home/rasp/humanoid/robot_ws/install/servo_interfaces/share/servo_interfaces/package.zsh'
[2.066s] Level 1:colcon.colcon_core.environment:create_file_with_runtime_dependencies(/home/rasp/humanoid/robot_ws/install/servo_interfaces/share/colcon-core/packages/servo_interfaces)
[2.068s] Level 1:colcon.colcon_core.environment:create_environment_scripts_only(servo_interfaces)
[2.068s] Level 1:colcon.colcon_core.environment:checking '/home/rasp/humanoid/robot_ws/install/servo_interfaces' for CMake module files
[2.069s] Level 1:colcon.colcon_core.environment:checking '/home/rasp/humanoid/robot_ws/install/servo_interfaces' for CMake config files
[2.069s] Level 1:colcon.colcon_core.shell:create_environment_hook('servo_interfaces', 'cmake_prefix_path')
[2.069s] INFO:colcon.colcon_core.shell:Creating environment hook '/home/rasp/humanoid/robot_ws/install/servo_interfaces/share/servo_interfaces/hook/cmake_prefix_path.ps1'
[2.070s] INFO:colcon.colcon_core.shell:Creating environment descriptor '/home/rasp/humanoid/robot_ws/install/servo_interfaces/share/servo_interfaces/hook/cmake_prefix_path.dsv'
[2.071s] INFO:colcon.colcon_core.shell:Creating environment hook '/home/rasp/humanoid/robot_ws/install/servo_interfaces/share/servo_interfaces/hook/cmake_prefix_path.sh'
[2.072s] Level 1:colcon.colcon_core.environment:checking '/home/rasp/humanoid/robot_ws/install/servo_interfaces/lib'
[2.072s] Level 1:colcon.colcon_core.shell:create_environment_hook('servo_interfaces', 'ld_library_path_lib')
[2.073s] INFO:colcon.colcon_core.shell:Creating environment hook '/home/rasp/humanoid/robot_ws/install/servo_interfaces/share/servo_interfaces/hook/ld_library_path_lib.ps1'
[2.073s] INFO:colcon.colcon_core.shell:Creating environment descriptor '/home/rasp/humanoid/robot_ws/install/servo_interfaces/share/servo_interfaces/hook/ld_library_path_lib.dsv'
[2.075s] INFO:colcon.colcon_core.shell:Creating environment hook '/home/rasp/humanoid/robot_ws/install/servo_interfaces/share/servo_interfaces/hook/ld_library_path_lib.sh'
[2.076s] Level 1:colcon.colcon_core.environment:checking '/home/rasp/humanoid/robot_ws/install/servo_interfaces/bin'
[2.076s] Level 1:colcon.colcon_core.environment:checking '/home/rasp/humanoid/robot_ws/install/servo_interfaces/lib/pkgconfig/servo_interfaces.pc'
[2.076s] Level 1:colcon.colcon_core.environment:checking '/home/rasp/humanoid/robot_ws/install/servo_interfaces/lib/python3.12/site-packages'
[2.076s] Level 1:colcon.colcon_core.shell:create_environment_hook('servo_interfaces', 'pythonpath')
[2.077s] INFO:colcon.colcon_core.shell:Creating environment hook '/home/rasp/humanoid/robot_ws/install/servo_interfaces/share/servo_interfaces/hook/pythonpath.ps1'
[2.079s] INFO:colcon.colcon_core.shell:Creating environment descriptor '/home/rasp/humanoid/robot_ws/install/servo_interfaces/share/servo_interfaces/hook/pythonpath.dsv'
[2.080s] INFO:colcon.colcon_core.shell:Creating environment hook '/home/rasp/humanoid/robot_ws/install/servo_interfaces/share/servo_interfaces/hook/pythonpath.sh'
[2.082s] Level 1:colcon.colcon_core.environment:checking '/home/rasp/humanoid/robot_ws/install/servo_interfaces/bin'
[2.082s] INFO:colcon.colcon_core.shell:Creating package script '/home/rasp/humanoid/robot_ws/install/servo_interfaces/share/servo_interfaces/package.ps1'
[2.083s] INFO:colcon.colcon_core.shell:Creating package descriptor '/home/rasp/humanoid/robot_ws/install/servo_interfaces/share/servo_interfaces/package.dsv'
[2.084s] INFO:colcon.colcon_core.shell:Creating package script '/home/rasp/humanoid/robot_ws/install/servo_interfaces/share/servo_interfaces/package.sh'
[2.085s] INFO:colcon.colcon_core.shell:Creating package script '/home/rasp/humanoid/robot_ws/install/servo_interfaces/share/servo_interfaces/package.bash'
[2.086s] INFO:colcon.colcon_core.shell:Creating package script '/home/rasp/humanoid/robot_ws/install/servo_interfaces/share/servo_interfaces/package.zsh'
[2.087s] Level 1:colcon.colcon_core.environment:create_file_with_runtime_dependencies(/home/rasp/humanoid/robot_ws/install/servo_interfaces/share/colcon-core/packages/servo_interfaces)
[2.088s] INFO:colcon.colcon_ros.task.ament_python.build:Building ROS package in '/home/rasp/humanoid/robot_ws/src/my_servo_controller' with build type 'ament_python'
[2.088s] Level 1:colcon.colcon_core.shell:create_environment_hook('my_servo_controller', 'ament_prefix_path')
[2.089s] INFO:colcon.colcon_core.shell:Creating environment hook '/home/rasp/humanoid/robot_ws/install/my_servo_controller/share/my_servo_controller/hook/ament_prefix_path.ps1'
[2.092s] INFO:colcon.colcon_core.shell:Creating environment descriptor '/home/rasp/humanoid/robot_ws/install/my_servo_controller/share/my_servo_controller/hook/ament_prefix_path.dsv'
[2.093s] INFO:colcon.colcon_core.shell:Creating environment hook '/home/rasp/humanoid/robot_ws/install/my_servo_controller/share/my_servo_controller/hook/ament_prefix_path.sh'
[2.094s] INFO:colcon.colcon_core.shell:Skip shell extension 'powershell' for command environment: Not usable outside of PowerShell
[2.094s] DEBUG:colcon.colcon_core.shell:Skip shell extension 'dsv' for command environment
[2.486s] INFO:colcon.colcon_core.task.python.build:Building Python package in '/home/rasp/humanoid/robot_ws/src/my_servo_controller'
[2.487s] INFO:colcon.colcon_core.shell:Skip shell extension 'powershell' for command environment: Not usable outside of PowerShell
[2.487s] DEBUG:colcon.colcon_core.shell:Skip shell extension 'dsv' for command environment
[3.424s] DEBUG:colcon.colcon_core.event_handler.log_command:Invoking command in '/home/rasp/humanoid/robot_ws/build/my_servo_controller': AMENT_PREFIX_PATH=/home/rasp/humanoid/robot_ws/install/servo_interfaces:${AMENT_PREFIX_PATH} CMAKE_PREFIX_PATH=/home/rasp/humanoid/robot_ws/install/servo_interfaces:${CMAKE_PREFIX_PATH} DEBUGINFOD_URLS=https://debuginfod.ubuntu.com LD_LIBRARY_PATH=/home/rasp/humanoid/robot_ws/install/servo_interfaces/lib:${LD_LIBRARY_PATH} PYTHONPATH=/home/rasp/humanoid/robot_ws/build/my_servo_controller/prefix_override:/usr/lib/python3/dist-packages/colcon_core/task/python/colcon_distutils_commands:/home/rasp/humanoid/robot_ws/install/my_servo_controller/lib/python3.12/site-packages:/home/rasp/humanoid/robot_ws/install/servo_interfaces/lib/python3.12/site-packages:${PYTHONPATH} /usr/bin/python3 -W ignore:setup.py install is deprecated -W ignore:easy_install command is deprecated setup.py develop --uninstall --editable --build-directory /home/rasp/humanoid/robot_ws/build/my_servo_controller/build
[4.282s] DEBUG:colcon.colcon_core.event_handler.log_command:Invoked command in '/home/rasp/humanoid/robot_ws/build/my_servo_controller' returned '0': AMENT_PREFIX_PATH=/home/rasp/humanoid/robot_ws/install/servo_interfaces:${AMENT_PREFIX_PATH} CMAKE_PREFIX_PATH=/home/rasp/humanoid/robot_ws/install/servo_interfaces:${CMAKE_PREFIX_PATH} DEBUGINFOD_URLS=https://debuginfod.ubuntu.com LD_LIBRARY_PATH=/home/rasp/humanoid/robot_ws/install/servo_interfaces/lib:${LD_LIBRARY_PATH} PYTHONPATH=/home/rasp/humanoid/robot_ws/build/my_servo_controller/prefix_override:/usr/lib/python3/dist-packages/colcon_core/task/python/colcon_distutils_commands:/home/rasp/humanoid/robot_ws/install/my_servo_controller/lib/python3.12/site-packages:/home/rasp/humanoid/robot_ws/install/servo_interfaces/lib/python3.12/site-packages:${PYTHONPATH} /usr/bin/python3 -W ignore:setup.py install is deprecated -W ignore:easy_install command is deprecated setup.py develop --uninstall --editable --build-directory /home/rasp/humanoid/robot_ws/build/my_servo_controller/build
[4.284s] DEBUG:colcon.colcon_core.event_handler.log_command:Invoking command in '/home/rasp/humanoid/robot_ws/src/my_servo_controller': AMENT_PREFIX_PATH=/home/rasp/humanoid/robot_ws/install/servo_interfaces:${AMENT_PREFIX_PATH} CMAKE_PREFIX_PATH=/home/rasp/humanoid/robot_ws/install/servo_interfaces:${CMAKE_PREFIX_PATH} DEBUGINFOD_URLS=https://debuginfod.ubuntu.com LD_LIBRARY_PATH=/home/rasp/humanoid/robot_ws/install/servo_interfaces/lib:${LD_LIBRARY_PATH} PYTHONPATH=/home/rasp/humanoid/robot_ws/build/my_servo_controller/prefix_override:/usr/lib/python3/dist-packages/colcon_core/task/python/colcon_distutils_commands:/home/rasp/humanoid/robot_ws/install/my_servo_controller/lib/python3.12/site-packages:/home/rasp/humanoid/robot_ws/install/servo_interfaces/lib/python3.12/site-packages:${PYTHONPATH} /usr/bin/python3 -W ignore:setup.py install is deprecated -W ignore:easy_install command is deprecated setup.py egg_info --egg-base ../../build/my_servo_controller build --build-base /home/rasp/humanoid/robot_ws/build/my_servo_controller/build install --record /home/rasp/humanoid/robot_ws/build/my_servo_controller/install.log --single-version-externally-managed install_data --force
[5.167s] Level 1:colcon.colcon_core.environment:checking '/home/rasp/humanoid/robot_ws/install/my_servo_controller' for CMake module files
[5.168s] DEBUG:colcon.colcon_core.event_handler.log_command:Invoked command in '/home/rasp/humanoid/robot_ws/src/my_servo_controller' returned '0': AMENT_PREFIX_PATH=/home/rasp/humanoid/robot_ws/install/servo_interfaces:${AMENT_PREFIX_PATH} CMAKE_PREFIX_PATH=/home/rasp/humanoid/robot_ws/install/servo_interfaces:${CMAKE_PREFIX_PATH} DEBUGINFOD_URLS=https://debuginfod.ubuntu.com LD_LIBRARY_PATH=/home/rasp/humanoid/robot_ws/install/servo_interfaces/lib:${LD_LIBRARY_PATH} PYTHONPATH=/home/rasp/humanoid/robot_ws/build/my_servo_controller/prefix_override:/usr/lib/python3/dist-packages/colcon_core/task/python/colcon_distutils_commands:/home/rasp/humanoid/robot_ws/install/my_servo_controller/lib/python3.12/site-packages:/home/rasp/humanoid/robot_ws/install/servo_interfaces/lib/python3.12/site-packages:${PYTHONPATH} /usr/bin/python3 -W ignore:setup.py install is deprecated -W ignore:easy_install command is deprecated setup.py egg_info --egg-base ../../build/my_servo_controller build --build-base /home/rasp/humanoid/robot_ws/build/my_servo_controller/build install --record /home/rasp/humanoid/robot_ws/build/my_servo_controller/install.log --single-version-externally-managed install_data --force
[5.169s] Level 1:colcon.colcon_core.environment:checking '/home/rasp/humanoid/robot_ws/install/my_servo_controller' for CMake config files
[5.169s] Level 1:colcon.colcon_core.environment:checking '/home/rasp/humanoid/robot_ws/install/my_servo_controller/lib'
[5.170s] Level 1:colcon.colcon_core.environment:checking '/home/rasp/humanoid/robot_ws/install/my_servo_controller/bin'
[5.170s] Level 1:colcon.colcon_core.environment:checking '/home/rasp/humanoid/robot_ws/install/my_servo_controller/lib/pkgconfig/my_servo_controller.pc'
[5.170s] Level 1:colcon.colcon_core.environment:checking '/home/rasp/humanoid/robot_ws/install/my_servo_controller/lib/python3.12/site-packages'
[5.170s] Level 1:colcon.colcon_core.shell:create_environment_hook('my_servo_controller', 'pythonpath')
[5.170s] INFO:colcon.colcon_core.shell:Creating environment hook '/home/rasp/humanoid/robot_ws/install/my_servo_controller/share/my_servo_controller/hook/pythonpath.ps1'
[5.171s] INFO:colcon.colcon_core.shell:Creating environment descriptor '/home/rasp/humanoid/robot_ws/install/my_servo_controller/share/my_servo_controller/hook/pythonpath.dsv'
[5.172s] INFO:colcon.colcon_core.shell:Creating environment hook '/home/rasp/humanoid/robot_ws/install/my_servo_controller/share/my_servo_controller/hook/pythonpath.sh'
[5.173s] Level 1:colcon.colcon_core.environment:checking '/home/rasp/humanoid/robot_ws/install/my_servo_controller/bin'
[5.173s] Level 1:colcon.colcon_core.environment:create_environment_scripts_only(my_servo_controller)
[5.174s] INFO:colcon.colcon_core.shell:Creating package script '/home/rasp/humanoid/robot_ws/install/my_servo_controller/share/my_servo_controller/package.ps1'
[5.174s] INFO:colcon.colcon_core.shell:Creating package descriptor '/home/rasp/humanoid/robot_ws/install/my_servo_controller/share/my_servo_controller/package.dsv'
[5.175s] INFO:colcon.colcon_core.shell:Creating package script '/home/rasp/humanoid/robot_ws/install/my_servo_controller/share/my_servo_controller/package.sh'
[5.176s] INFO:colcon.colcon_core.shell:Creating package script '/home/rasp/humanoid/robot_ws/install/my_servo_controller/share/my_servo_controller/package.bash'
[5.177s] INFO:colcon.colcon_core.shell:Creating package script '/home/rasp/humanoid/robot_ws/install/my_servo_controller/share/my_servo_controller/package.zsh'
[5.178s] Level 1:colcon.colcon_core.environment:create_file_with_runtime_dependencies(/home/rasp/humanoid/robot_ws/install/my_servo_controller/share/colcon-core/packages/my_servo_controller)
[5.179s] DEBUG:colcon.colcon_parallel_executor.executor.parallel:closing loop
[5.179s] DEBUG:colcon.colcon_parallel_executor.executor.parallel:loop closed
[5.179s] DEBUG:colcon.colcon_parallel_executor.executor.parallel:run_until_complete finished with '0'
[5.180s] DEBUG:colcon.colcon_core.event_reactor:joining thread
[5.188s] INFO:colcon.colcon_core.plugin_system:Skipping extension 'colcon_notification.desktop_notification.terminal_notifier': Not used on non-Darwin systems
[5.188s] INFO:colcon.colcon_core.plugin_system:Skipping extension 'colcon_notification.desktop_notification.win32': Not used on non-Windows systems
[5.188s] INFO:colcon.colcon_notification.desktop_notification:Sending desktop notification using 'notify2'
[5.207s] DEBUG:colcon.colcon_core.event_reactor:joined thread
[5.208s] INFO:colcon.colcon_core.shell:Creating prefix script '/home/rasp/humanoid/robot_ws/install/local_setup.ps1'
[5.209s] INFO:colcon.colcon_core.shell:Creating prefix util module '/home/rasp/humanoid/robot_ws/install/_local_setup_util_ps1.py'
[5.211s] INFO:colcon.colcon_core.shell:Creating prefix chain script '/home/rasp/humanoid/robot_ws/install/setup.ps1'
[5.212s] INFO:colcon.colcon_core.shell:Creating prefix script '/home/rasp/humanoid/robot_ws/install/local_setup.sh'
[5.213s] INFO:colcon.colcon_core.shell:Creating prefix util module '/home/rasp/humanoid/robot_ws/install/_local_setup_util_sh.py'
[5.214s] INFO:colcon.colcon_core.shell:Creating prefix chain script '/home/rasp/humanoid/robot_ws/install/setup.sh'
[5.215s] INFO:colcon.colcon_core.shell:Creating prefix script '/home/rasp/humanoid/robot_ws/install/local_setup.bash'
[5.216s] INFO:colcon.colcon_core.shell:Creating prefix chain script '/home/rasp/humanoid/robot_ws/install/setup.bash'
[5.218s] INFO:colcon.colcon_core.shell:Creating prefix script '/home/rasp/humanoid/robot_ws/install/local_setup.zsh'
[5.219s] INFO:colcon.colcon_core.shell:Creating prefix chain script '/home/rasp/humanoid/robot_ws/install/setup.zsh'
