[0.024s] Invoking command in '/home/rasp/humanoid/robot_ws/build/servo_interfaces': CMAKE_PREFIX_PATH=${CMAKE_PREFIX_PATH}:/home/rasp/humanoid/robot_ws/install/my_servo_controller:/opt/ros/jazzy DEBUGINFOD_URLS=https://debuginfod.ubuntu.com /usr/bin/cmake --build /home/rasp/humanoid/robot_ws/build/servo_interfaces -- -j4 -l4
[0.129s] [  1%] Built target servo_interfaces__rosidl_generator_type_description
[0.173s] [  1%] Built target ament_cmake_python_copy_servo_interfaces
[0.188s] [ 23%] Built target servo_interfaces__rosidl_generator_c
[0.196s] [ 25%] Built target servo_interfaces__cpp
[0.258s] [ 34%] Built target servo_interfaces__rosidl_typesupport_fastrtps_c
[0.277s] [ 43%] Built target servo_interfaces__rosidl_typesupport_introspection_c
[0.280s] [ 53%] Built target servo_interfaces__rosidl_typesupport_c
[0.378s] [ 62%] Built target servo_interfaces__rosidl_typesupport_introspection_cpp
[0.383s] [ 71%] Built target servo_interfaces__rosidl_typesupport_fastrtps_cpp
[0.431s] [ 81%] Built target servo_interfaces__rosidl_typesupport_cpp
[0.522s] [ 81%] Built target servo_interfaces
[0.639s] [ 82%] Built target servo_interfaces__py
[0.734s] [ 90%] Built target servo_interfaces__rosidl_generator_py
[0.857s] [ 93%] Built target servo_interfaces_s__rosidl_typesupport_fastrtps_c
[0.860s] [ 96%] Built target servo_interfaces_s__rosidl_typesupport_c
[0.866s] [100%] Built target servo_interfaces_s__rosidl_typesupport_introspection_c
[0.876s] running egg_info
[0.906s] writing servo_interfaces.egg-info/PKG-INFO
[0.906s] writing dependency_links to servo_interfaces.egg-info/dependency_links.txt
[0.908s] writing top-level names to servo_interfaces.egg-info/top_level.txt
[0.999s] reading manifest file 'servo_interfaces.egg-info/SOURCES.txt'
[0.999s] writing manifest file 'servo_interfaces.egg-info/SOURCES.txt'
[1.073s] [100%] Built target ament_cmake_python_build_servo_interfaces_egg
[1.097s] Invoked command in '/home/rasp/humanoid/robot_ws/build/servo_interfaces' returned '0': CMAKE_PREFIX_PATH=${CMAKE_PREFIX_PATH}:/home/rasp/humanoid/robot_ws/install/my_servo_controller:/opt/ros/jazzy DEBUGINFOD_URLS=https://debuginfod.ubuntu.com /usr/bin/cmake --build /home/rasp/humanoid/robot_ws/build/servo_interfaces -- -j4 -l4
[1.099s] Invoking command in '/home/rasp/humanoid/robot_ws/build/servo_interfaces': CMAKE_PREFIX_PATH=${CMAKE_PREFIX_PATH}:/home/rasp/humanoid/robot_ws/install/my_servo_controller:/opt/ros/jazzy DEBUGINFOD_URLS=https://debuginfod.ubuntu.com /usr/bin/cmake --install /home/rasp/humanoid/robot_ws/build/servo_interfaces
[1.117s] -- Install configuration: ""
[1.117s] -- Up-to-date: /home/rasp/humanoid/robot_ws/install/servo_interfaces/share/ament_index/resource_index/rosidl_interfaces/servo_interfaces
[1.117s] -- Up-to-date: /home/rasp/humanoid/robot_ws/install/servo_interfaces/share/servo_interfaces/msg/SetPwm.json
[1.118s] -- Up-to-date: /home/rasp/humanoid/robot_ws/install/servo_interfaces/share/servo_interfaces/msg/SetMode.json
[1.118s] -- Up-to-date: /home/rasp/humanoid/robot_ws/install/servo_interfaces/share/servo_interfaces/srv/MotorAngle.json
[1.118s] -- Up-to-date: /home/rasp/humanoid/robot_ws/install/servo_interfaces/share/servo_interfaces/action/MotorAngle.json
[1.118s] -- Up-to-date: /home/rasp/humanoid/robot_ws/install/servo_interfaces/include/servo_interfaces/servo_interfaces
[1.118s] -- Up-to-date: /home/rasp/humanoid/robot_ws/install/servo_interfaces/include/servo_interfaces/servo_interfaces/msg
[1.118s] -- Up-to-date: /home/rasp/humanoid/robot_ws/install/servo_interfaces/include/servo_interfaces/servo_interfaces/msg/set_mode.h
[1.118s] -- Up-to-date: /home/rasp/humanoid/robot_ws/install/servo_interfaces/include/servo_interfaces/servo_interfaces/msg/set_pwm.h
[1.118s] -- Up-to-date: /home/rasp/humanoid/robot_ws/install/servo_interfaces/include/servo_interfaces/servo_interfaces/msg/rosidl_generator_c__visibility_control.h
[1.118s] -- Up-to-date: /home/rasp/humanoid/robot_ws/install/servo_interfaces/include/servo_interfaces/servo_interfaces/msg/detail
[1.119s] -- Up-to-date: /home/rasp/humanoid/robot_ws/install/servo_interfaces/include/servo_interfaces/servo_interfaces/msg/detail/set_pwm__description.c
[1.119s] -- Up-to-date: /home/rasp/humanoid/robot_ws/install/servo_interfaces/include/servo_interfaces/servo_interfaces/msg/detail/set_pwm__struct.h
[1.119s] -- Up-to-date: /home/rasp/humanoid/robot_ws/install/servo_interfaces/include/servo_interfaces/servo_interfaces/msg/detail/set_mode__functions.h
[1.119s] -- Up-to-date: /home/rasp/humanoid/robot_ws/install/servo_interfaces/include/servo_interfaces/servo_interfaces/msg/detail/set_mode__description.c
[1.119s] -- Up-to-date: /home/rasp/humanoid/robot_ws/install/servo_interfaces/include/servo_interfaces/servo_interfaces/msg/detail/set_pwm__functions.c
[1.119s] -- Up-to-date: /home/rasp/humanoid/robot_ws/install/servo_interfaces/include/servo_interfaces/servo_interfaces/msg/detail/set_mode__type_support.h
[1.119s] -- Up-to-date: /home/rasp/humanoid/robot_ws/install/servo_interfaces/include/servo_interfaces/servo_interfaces/msg/detail/set_mode__struct.h
[1.119s] -- Up-to-date: /home/rasp/humanoid/robot_ws/install/servo_interfaces/include/servo_interfaces/servo_interfaces/msg/detail/set_pwm__functions.h
[1.119s] -- Installing: /home/rasp/humanoid/robot_ws/install/servo_interfaces/include/servo_interfaces/servo_interfaces/msg/detail/set_mode__type_support.c
[1.120s] -- Up-to-date: /home/rasp/humanoid/robot_ws/install/servo_interfaces/include/servo_interfaces/servo_interfaces/msg/detail/set_pwm__type_support.h
[1.120s] -- Up-to-date: /home/rasp/humanoid/robot_ws/install/servo_interfaces/include/servo_interfaces/servo_interfaces/msg/detail/set_mode__functions.c
[1.120s] -- Installing: /home/rasp/humanoid/robot_ws/install/servo_interfaces/include/servo_interfaces/servo_interfaces/msg/detail/set_pwm__type_support.c
[1.120s] -- Up-to-date: /home/rasp/humanoid/robot_ws/install/servo_interfaces/include/servo_interfaces/servo_interfaces/srv
[1.120s] -- Up-to-date: /home/rasp/humanoid/robot_ws/install/servo_interfaces/include/servo_interfaces/servo_interfaces/srv/motor_angle.h
[1.120s] -- Up-to-date: /home/rasp/humanoid/robot_ws/install/servo_interfaces/include/servo_interfaces/servo_interfaces/srv/detail
[1.120s] -- Up-to-date: /home/rasp/humanoid/robot_ws/install/servo_interfaces/include/servo_interfaces/servo_interfaces/srv/detail/motor_angle__type_support.h
[1.120s] -- Up-to-date: /home/rasp/humanoid/robot_ws/install/servo_interfaces/include/servo_interfaces/servo_interfaces/srv/detail/motor_angle__description.c
[1.120s] -- Installing: /home/rasp/humanoid/robot_ws/install/servo_interfaces/include/servo_interfaces/servo_interfaces/srv/detail/motor_angle__type_support.c
[1.121s] -- Up-to-date: /home/rasp/humanoid/robot_ws/install/servo_interfaces/include/servo_interfaces/servo_interfaces/srv/detail/motor_angle__functions.h
[1.121s] -- Up-to-date: /home/rasp/humanoid/robot_ws/install/servo_interfaces/include/servo_interfaces/servo_interfaces/srv/detail/motor_angle__struct.h
[1.121s] -- Up-to-date: /home/rasp/humanoid/robot_ws/install/servo_interfaces/include/servo_interfaces/servo_interfaces/srv/detail/motor_angle__functions.c
[1.121s] -- Up-to-date: /home/rasp/humanoid/robot_ws/install/servo_interfaces/include/servo_interfaces/servo_interfaces/action
[1.121s] -- Up-to-date: /home/rasp/humanoid/robot_ws/install/servo_interfaces/include/servo_interfaces/servo_interfaces/action/motor_angle.h
[1.121s] -- Up-to-date: /home/rasp/humanoid/robot_ws/install/servo_interfaces/include/servo_interfaces/servo_interfaces/action/detail
[1.121s] -- Up-to-date: /home/rasp/humanoid/robot_ws/install/servo_interfaces/include/servo_interfaces/servo_interfaces/action/detail/motor_angle__type_support.h
[1.121s] -- Up-to-date: /home/rasp/humanoid/robot_ws/install/servo_interfaces/include/servo_interfaces/servo_interfaces/action/detail/motor_angle__description.c
[1.121s] -- Installing: /home/rasp/humanoid/robot_ws/install/servo_interfaces/include/servo_interfaces/servo_interfaces/action/detail/motor_angle__type_support.c
[1.121s] -- Up-to-date: /home/rasp/humanoid/robot_ws/install/servo_interfaces/include/servo_interfaces/servo_interfaces/action/detail/motor_angle__functions.h
[1.122s] -- Up-to-date: /home/rasp/humanoid/robot_ws/install/servo_interfaces/include/servo_interfaces/servo_interfaces/action/detail/motor_angle__struct.h
[1.122s] -- Up-to-date: /home/rasp/humanoid/robot_ws/install/servo_interfaces/include/servo_interfaces/servo_interfaces/action/detail/motor_angle__functions.c
[1.122s] -- Up-to-date: /home/rasp/humanoid/robot_ws/install/servo_interfaces/share/servo_interfaces/environment/library_path.sh
[1.122s] -- Up-to-date: /home/rasp/humanoid/robot_ws/install/servo_interfaces/share/servo_interfaces/environment/library_path.dsv
[1.122s] -- Up-to-date: /home/rasp/humanoid/robot_ws/install/servo_interfaces/lib/libservo_interfaces__rosidl_generator_c.so
[1.122s] -- Up-to-date: /home/rasp/humanoid/robot_ws/install/servo_interfaces/include/servo_interfaces/servo_interfaces
[1.122s] -- Up-to-date: /home/rasp/humanoid/robot_ws/install/servo_interfaces/include/servo_interfaces/servo_interfaces/msg
[1.122s] -- Up-to-date: /home/rasp/humanoid/robot_ws/install/servo_interfaces/include/servo_interfaces/servo_interfaces/msg/rosidl_typesupport_fastrtps_c__visibility_control.h
[1.122s] -- Up-to-date: /home/rasp/humanoid/robot_ws/install/servo_interfaces/include/servo_interfaces/servo_interfaces/msg/detail
[1.122s] -- Up-to-date: /home/rasp/humanoid/robot_ws/install/servo_interfaces/include/servo_interfaces/servo_interfaces/msg/detail/set_mode__rosidl_typesupport_fastrtps_c.h
[1.123s] -- Up-to-date: /home/rasp/humanoid/robot_ws/install/servo_interfaces/include/servo_interfaces/servo_interfaces/msg/detail/set_pwm__rosidl_typesupport_fastrtps_c.h
[1.123s] -- Up-to-date: /home/rasp/humanoid/robot_ws/install/servo_interfaces/include/servo_interfaces/servo_interfaces/srv
[1.123s] -- Up-to-date: /home/rasp/humanoid/robot_ws/install/servo_interfaces/include/servo_interfaces/servo_interfaces/srv/detail
[1.123s] -- Up-to-date: /home/rasp/humanoid/robot_ws/install/servo_interfaces/include/servo_interfaces/servo_interfaces/srv/detail/motor_angle__rosidl_typesupport_fastrtps_c.h
[1.123s] -- Up-to-date: /home/rasp/humanoid/robot_ws/install/servo_interfaces/include/servo_interfaces/servo_interfaces/action
[1.123s] -- Up-to-date: /home/rasp/humanoid/robot_ws/install/servo_interfaces/include/servo_interfaces/servo_interfaces/action/detail
[1.123s] -- Up-to-date: /home/rasp/humanoid/robot_ws/install/servo_interfaces/include/servo_interfaces/servo_interfaces/action/detail/motor_angle__rosidl_typesupport_fastrtps_c.h
[1.123s] -- Up-to-date: /home/rasp/humanoid/robot_ws/install/servo_interfaces/lib/libservo_interfaces__rosidl_typesupport_fastrtps_c.so
[1.123s] -- Up-to-date: /home/rasp/humanoid/robot_ws/install/servo_interfaces/include/servo_interfaces/servo_interfaces
[1.123s] -- Up-to-date: /home/rasp/humanoid/robot_ws/install/servo_interfaces/include/servo_interfaces/servo_interfaces/msg
[1.124s] -- Up-to-date: /home/rasp/humanoid/robot_ws/install/servo_interfaces/include/servo_interfaces/servo_interfaces/msg/rosidl_typesupport_introspection_c__visibility_control.h
[1.124s] -- Up-to-date: /home/rasp/humanoid/robot_ws/install/servo_interfaces/include/servo_interfaces/servo_interfaces/msg/detail
[1.124s] -- Up-to-date: /home/rasp/humanoid/robot_ws/install/servo_interfaces/include/servo_interfaces/servo_interfaces/msg/detail/set_pwm__rosidl_typesupport_introspection_c.h
[1.124s] -- Installing: /home/rasp/humanoid/robot_ws/install/servo_interfaces/include/servo_interfaces/servo_interfaces/msg/detail/set_mode__type_support.c
[1.124s] -- Up-to-date: /home/rasp/humanoid/robot_ws/install/servo_interfaces/include/servo_interfaces/servo_interfaces/msg/detail/set_mode__rosidl_typesupport_introspection_c.h
[1.124s] -- Installing: /home/rasp/humanoid/robot_ws/install/servo_interfaces/include/servo_interfaces/servo_interfaces/msg/detail/set_pwm__type_support.c
[1.124s] -- Up-to-date: /home/rasp/humanoid/robot_ws/install/servo_interfaces/include/servo_interfaces/servo_interfaces/srv
[1.124s] -- Up-to-date: /home/rasp/humanoid/robot_ws/install/servo_interfaces/include/servo_interfaces/servo_interfaces/srv/detail
[1.125s] -- Installing: /home/rasp/humanoid/robot_ws/install/servo_interfaces/include/servo_interfaces/servo_interfaces/srv/detail/motor_angle__type_support.c
[1.125s] -- Up-to-date: /home/rasp/humanoid/robot_ws/install/servo_interfaces/include/servo_interfaces/servo_interfaces/srv/detail/motor_angle__rosidl_typesupport_introspection_c.h
[1.125s] -- Up-to-date: /home/rasp/humanoid/robot_ws/install/servo_interfaces/include/servo_interfaces/servo_interfaces/action
[1.125s] -- Up-to-date: /home/rasp/humanoid/robot_ws/install/servo_interfaces/include/servo_interfaces/servo_interfaces/action/detail
[1.125s] -- Installing: /home/rasp/humanoid/robot_ws/install/servo_interfaces/include/servo_interfaces/servo_interfaces/action/detail/motor_angle__type_support.c
[1.125s] -- Up-to-date: /home/rasp/humanoid/robot_ws/install/servo_interfaces/include/servo_interfaces/servo_interfaces/action/detail/motor_angle__rosidl_typesupport_introspection_c.h
[1.125s] -- Up-to-date: /home/rasp/humanoid/robot_ws/install/servo_interfaces/lib/libservo_interfaces__rosidl_typesupport_introspection_c.so
[1.125s] -- Up-to-date: /home/rasp/humanoid/robot_ws/install/servo_interfaces/lib/libservo_interfaces__rosidl_typesupport_c.so
[1.125s] -- Up-to-date: /home/rasp/humanoid/robot_ws/install/servo_interfaces/include/servo_interfaces/servo_interfaces
[1.125s] -- Up-to-date: /home/rasp/humanoid/robot_ws/install/servo_interfaces/include/servo_interfaces/servo_interfaces/msg
[1.126s] -- Up-to-date: /home/rasp/humanoid/robot_ws/install/servo_interfaces/include/servo_interfaces/servo_interfaces/msg/rosidl_generator_cpp__visibility_control.hpp
[1.126s] -- Up-to-date: /home/rasp/humanoid/robot_ws/install/servo_interfaces/include/servo_interfaces/servo_interfaces/msg/set_pwm.hpp
[1.126s] -- Up-to-date: /home/rasp/humanoid/robot_ws/install/servo_interfaces/include/servo_interfaces/servo_interfaces/msg/set_mode.hpp
[1.126s] -- Up-to-date: /home/rasp/humanoid/robot_ws/install/servo_interfaces/include/servo_interfaces/servo_interfaces/msg/detail
[1.126s] -- Up-to-date: /home/rasp/humanoid/robot_ws/install/servo_interfaces/include/servo_interfaces/servo_interfaces/msg/detail/set_pwm__traits.hpp
[1.126s] -- Up-to-date: /home/rasp/humanoid/robot_ws/install/servo_interfaces/include/servo_interfaces/servo_interfaces/msg/detail/set_pwm__struct.hpp
[1.126s] -- Up-to-date: /home/rasp/humanoid/robot_ws/install/servo_interfaces/include/servo_interfaces/servo_interfaces/msg/detail/set_mode__builder.hpp
[1.126s] -- Up-to-date: /home/rasp/humanoid/robot_ws/install/servo_interfaces/include/servo_interfaces/servo_interfaces/msg/detail/set_pwm__builder.hpp
[1.126s] -- Up-to-date: /home/rasp/humanoid/robot_ws/install/servo_interfaces/include/servo_interfaces/servo_interfaces/msg/detail/set_pwm__type_support.hpp
[1.126s] -- Up-to-date: /home/rasp/humanoid/robot_ws/install/servo_interfaces/include/servo_interfaces/servo_interfaces/msg/detail/set_mode__type_support.hpp
[1.126s] -- Up-to-date: /home/rasp/humanoid/robot_ws/install/servo_interfaces/include/servo_interfaces/servo_interfaces/msg/detail/set_mode__traits.hpp
[1.127s] -- Up-to-date: /home/rasp/humanoid/robot_ws/install/servo_interfaces/include/servo_interfaces/servo_interfaces/msg/detail/set_mode__struct.hpp
[1.127s] -- Up-to-date: /home/rasp/humanoid/robot_ws/install/servo_interfaces/include/servo_interfaces/servo_interfaces/srv
[1.127s] -- Up-to-date: /home/rasp/humanoid/robot_ws/install/servo_interfaces/include/servo_interfaces/servo_interfaces/srv/motor_angle.hpp
[1.127s] -- Up-to-date: /home/rasp/humanoid/robot_ws/install/servo_interfaces/include/servo_interfaces/servo_interfaces/srv/detail
[1.127s] -- Up-to-date: /home/rasp/humanoid/robot_ws/install/servo_interfaces/include/servo_interfaces/servo_interfaces/srv/detail/motor_angle__type_support.hpp
[1.127s] -- Up-to-date: /home/rasp/humanoid/robot_ws/install/servo_interfaces/include/servo_interfaces/servo_interfaces/srv/detail/motor_angle__builder.hpp
[1.127s] -- Up-to-date: /home/rasp/humanoid/robot_ws/install/servo_interfaces/include/servo_interfaces/servo_interfaces/srv/detail/motor_angle__traits.hpp
[1.127s] -- Up-to-date: /home/rasp/humanoid/robot_ws/install/servo_interfaces/include/servo_interfaces/servo_interfaces/srv/detail/motor_angle__struct.hpp
[1.127s] -- Up-to-date: /home/rasp/humanoid/robot_ws/install/servo_interfaces/include/servo_interfaces/servo_interfaces/action
[1.127s] -- Up-to-date: /home/rasp/humanoid/robot_ws/install/servo_interfaces/include/servo_interfaces/servo_interfaces/action/motor_angle.hpp
[1.127s] -- Up-to-date: /home/rasp/humanoid/robot_ws/install/servo_interfaces/include/servo_interfaces/servo_interfaces/action/detail
[1.128s] -- Up-to-date: /home/rasp/humanoid/robot_ws/install/servo_interfaces/include/servo_interfaces/servo_interfaces/action/detail/motor_angle__type_support.hpp
[1.128s] -- Up-to-date: /home/rasp/humanoid/robot_ws/install/servo_interfaces/include/servo_interfaces/servo_interfaces/action/detail/motor_angle__builder.hpp
[1.128s] -- Up-to-date: /home/rasp/humanoid/robot_ws/install/servo_interfaces/include/servo_interfaces/servo_interfaces/action/detail/motor_angle__traits.hpp
[1.128s] -- Up-to-date: /home/rasp/humanoid/robot_ws/install/servo_interfaces/include/servo_interfaces/servo_interfaces/action/detail/motor_angle__struct.hpp
[1.128s] -- Up-to-date: /home/rasp/humanoid/robot_ws/install/servo_interfaces/include/servo_interfaces/servo_interfaces
[1.128s] -- Up-to-date: /home/rasp/humanoid/robot_ws/install/servo_interfaces/include/servo_interfaces/servo_interfaces/msg
[1.128s] -- Up-to-date: /home/rasp/humanoid/robot_ws/install/servo_interfaces/include/servo_interfaces/servo_interfaces/msg/rosidl_typesupport_fastrtps_cpp__visibility_control.h
[1.128s] -- Up-to-date: /home/rasp/humanoid/robot_ws/install/servo_interfaces/include/servo_interfaces/servo_interfaces/msg/detail
[1.129s] -- Up-to-date: /home/rasp/humanoid/robot_ws/install/servo_interfaces/include/servo_interfaces/servo_interfaces/msg/detail/set_mode__rosidl_typesupport_fastrtps_cpp.hpp
[1.129s] -- Up-to-date: /home/rasp/humanoid/robot_ws/install/servo_interfaces/include/servo_interfaces/servo_interfaces/msg/detail/set_pwm__rosidl_typesupport_fastrtps_cpp.hpp
[1.129s] -- Up-to-date: /home/rasp/humanoid/robot_ws/install/servo_interfaces/include/servo_interfaces/servo_interfaces/msg/detail/dds_fastrtps
[1.129s] -- Up-to-date: /home/rasp/humanoid/robot_ws/install/servo_interfaces/include/servo_interfaces/servo_interfaces/srv
[1.129s] -- Up-to-date: /home/rasp/humanoid/robot_ws/install/servo_interfaces/include/servo_interfaces/servo_interfaces/srv/detail
[1.129s] -- Up-to-date: /home/rasp/humanoid/robot_ws/install/servo_interfaces/include/servo_interfaces/servo_interfaces/srv/detail/dds_fastrtps
[1.129s] -- Up-to-date: /home/rasp/humanoid/robot_ws/install/servo_interfaces/include/servo_interfaces/servo_interfaces/srv/detail/motor_angle__rosidl_typesupport_fastrtps_cpp.hpp
[1.130s] -- Up-to-date: /home/rasp/humanoid/robot_ws/install/servo_interfaces/include/servo_interfaces/servo_interfaces/action
[1.130s] -- Up-to-date: /home/rasp/humanoid/robot_ws/install/servo_interfaces/include/servo_interfaces/servo_interfaces/action/detail
[1.130s] -- Up-to-date: /home/rasp/humanoid/robot_ws/install/servo_interfaces/include/servo_interfaces/servo_interfaces/action/detail/dds_fastrtps
[1.130s] -- Up-to-date: /home/rasp/humanoid/robot_ws/install/servo_interfaces/include/servo_interfaces/servo_interfaces/action/detail/motor_angle__rosidl_typesupport_fastrtps_cpp.hpp
[1.130s] -- Up-to-date: /home/rasp/humanoid/robot_ws/install/servo_interfaces/lib/libservo_interfaces__rosidl_typesupport_fastrtps_cpp.so
[1.130s] -- Up-to-date: /home/rasp/humanoid/robot_ws/install/servo_interfaces/include/servo_interfaces/servo_interfaces
[1.130s] -- Up-to-date: /home/rasp/humanoid/robot_ws/install/servo_interfaces/include/servo_interfaces/servo_interfaces/msg
[1.130s] -- Up-to-date: /home/rasp/humanoid/robot_ws/install/servo_interfaces/include/servo_interfaces/servo_interfaces/msg/detail
[1.130s] -- Up-to-date: /home/rasp/humanoid/robot_ws/install/servo_interfaces/include/servo_interfaces/servo_interfaces/msg/detail/set_mode__rosidl_typesupport_introspection_cpp.hpp
[1.130s] -- Up-to-date: /home/rasp/humanoid/robot_ws/install/servo_interfaces/include/servo_interfaces/servo_interfaces/msg/detail/set_pwm__rosidl_typesupport_introspection_cpp.hpp
[1.130s] -- Up-to-date: /home/rasp/humanoid/robot_ws/install/servo_interfaces/include/servo_interfaces/servo_interfaces/msg/detail/set_mode__type_support.cpp
[1.131s] -- Up-to-date: /home/rasp/humanoid/robot_ws/install/servo_interfaces/include/servo_interfaces/servo_interfaces/msg/detail/set_pwm__type_support.cpp
[1.131s] -- Up-to-date: /home/rasp/humanoid/robot_ws/install/servo_interfaces/include/servo_interfaces/servo_interfaces/srv
[1.131s] -- Up-to-date: /home/rasp/humanoid/robot_ws/install/servo_interfaces/include/servo_interfaces/servo_interfaces/srv/detail
[1.131s] -- Up-to-date: /home/rasp/humanoid/robot_ws/install/servo_interfaces/include/servo_interfaces/servo_interfaces/srv/detail/motor_angle__rosidl_typesupport_introspection_cpp.hpp
[1.131s] -- Up-to-date: /home/rasp/humanoid/robot_ws/install/servo_interfaces/include/servo_interfaces/servo_interfaces/srv/detail/motor_angle__type_support.cpp
[1.131s] -- Up-to-date: /home/rasp/humanoid/robot_ws/install/servo_interfaces/include/servo_interfaces/servo_interfaces/action
[1.131s] -- Up-to-date: /home/rasp/humanoid/robot_ws/install/servo_interfaces/include/servo_interfaces/servo_interfaces/action/detail
[1.131s] -- Up-to-date: /home/rasp/humanoid/robot_ws/install/servo_interfaces/include/servo_interfaces/servo_interfaces/action/detail/motor_angle__rosidl_typesupport_introspection_cpp.hpp
[1.131s] -- Up-to-date: /home/rasp/humanoid/robot_ws/install/servo_interfaces/include/servo_interfaces/servo_interfaces/action/detail/motor_angle__type_support.cpp
[1.131s] -- Up-to-date: /home/rasp/humanoid/robot_ws/install/servo_interfaces/lib/libservo_interfaces__rosidl_typesupport_introspection_cpp.so
[1.131s] -- Up-to-date: /home/rasp/humanoid/robot_ws/install/servo_interfaces/lib/libservo_interfaces__rosidl_typesupport_cpp.so
[1.131s] -- Up-to-date: /home/rasp/humanoid/robot_ws/install/servo_interfaces/share/servo_interfaces/environment/pythonpath.sh
[1.132s] -- Up-to-date: /home/rasp/humanoid/robot_ws/install/servo_interfaces/share/servo_interfaces/environment/pythonpath.dsv
[1.132s] -- Up-to-date: /home/rasp/humanoid/robot_ws/install/servo_interfaces/lib/python3.12/site-packages/servo_interfaces-0.0.0-py3.12.egg-info
[1.132s] -- Installing: /home/rasp/humanoid/robot_ws/install/servo_interfaces/lib/python3.12/site-packages/servo_interfaces-0.0.0-py3.12.egg-info/top_level.txt
[1.132s] -- Installing: /home/rasp/humanoid/robot_ws/install/servo_interfaces/lib/python3.12/site-packages/servo_interfaces-0.0.0-py3.12.egg-info/PKG-INFO
[1.132s] -- Installing: /home/rasp/humanoid/robot_ws/install/servo_interfaces/lib/python3.12/site-packages/servo_interfaces-0.0.0-py3.12.egg-info/SOURCES.txt
[1.132s] -- Installing: /home/rasp/humanoid/robot_ws/install/servo_interfaces/lib/python3.12/site-packages/servo_interfaces-0.0.0-py3.12.egg-info/dependency_links.txt
[1.132s] -- Up-to-date: /home/rasp/humanoid/robot_ws/install/servo_interfaces/lib/python3.12/site-packages/servo_interfaces
[1.132s] -- Up-to-date: /home/rasp/humanoid/robot_ws/install/servo_interfaces/lib/python3.12/site-packages/servo_interfaces/_servo_interfaces_s.ep.rosidl_typesupport_introspection_c.c
[1.132s] -- Up-to-date: /home/rasp/humanoid/robot_ws/install/servo_interfaces/lib/python3.12/site-packages/servo_interfaces/msg
[1.132s] -- Up-to-date: /home/rasp/humanoid/robot_ws/install/servo_interfaces/lib/python3.12/site-packages/servo_interfaces/msg/__init__.py
[1.132s] -- Up-to-date: /home/rasp/humanoid/robot_ws/install/servo_interfaces/lib/python3.12/site-packages/servo_interfaces/msg/_set_pwm_s.c
[1.132s] -- Up-to-date: /home/rasp/humanoid/robot_ws/install/servo_interfaces/lib/python3.12/site-packages/servo_interfaces/msg/_set_mode_s.c
[1.133s] -- Up-to-date: /home/rasp/humanoid/robot_ws/install/servo_interfaces/lib/python3.12/site-packages/servo_interfaces/msg/_set_mode.py
[1.133s] -- Up-to-date: /home/rasp/humanoid/robot_ws/install/servo_interfaces/lib/python3.12/site-packages/servo_interfaces/msg/_set_pwm.py
[1.133s] -- Up-to-date: /home/rasp/humanoid/robot_ws/install/servo_interfaces/lib/python3.12/site-packages/servo_interfaces/__init__.py
[1.133s] -- Up-to-date: /home/rasp/humanoid/robot_ws/install/servo_interfaces/lib/python3.12/site-packages/servo_interfaces/srv
[1.133s] -- Up-to-date: /home/rasp/humanoid/robot_ws/install/servo_interfaces/lib/python3.12/site-packages/servo_interfaces/srv/__init__.py
[1.133s] -- Up-to-date: /home/rasp/humanoid/robot_ws/install/servo_interfaces/lib/python3.12/site-packages/servo_interfaces/srv/_motor_angle.py
[1.133s] -- Up-to-date: /home/rasp/humanoid/robot_ws/install/servo_interfaces/lib/python3.12/site-packages/servo_interfaces/srv/_motor_angle_s.c
[1.133s] -- Up-to-date: /home/rasp/humanoid/robot_ws/install/servo_interfaces/lib/python3.12/site-packages/servo_interfaces/_servo_interfaces_s.ep.rosidl_typesupport_c.c
[1.133s] -- Up-to-date: /home/rasp/humanoid/robot_ws/install/servo_interfaces/lib/python3.12/site-packages/servo_interfaces/_servo_interfaces_s.ep.rosidl_typesupport_fastrtps_c.c
[1.134s] -- Up-to-date: /home/rasp/humanoid/robot_ws/install/servo_interfaces/lib/python3.12/site-packages/servo_interfaces/servo_interfaces_s__rosidl_typesupport_fastrtps_c.so
[1.134s] -- Up-to-date: /home/rasp/humanoid/robot_ws/install/servo_interfaces/lib/python3.12/site-packages/servo_interfaces/servo_interfaces_s__rosidl_typesupport_introspection_c.so
[1.134s] -- Up-to-date: /home/rasp/humanoid/robot_ws/install/servo_interfaces/lib/python3.12/site-packages/servo_interfaces/action
[1.134s] -- Up-to-date: /home/rasp/humanoid/robot_ws/install/servo_interfaces/lib/python3.12/site-packages/servo_interfaces/action/__init__.py
[1.134s] -- Up-to-date: /home/rasp/humanoid/robot_ws/install/servo_interfaces/lib/python3.12/site-packages/servo_interfaces/action/_motor_angle.py
[1.134s] -- Up-to-date: /home/rasp/humanoid/robot_ws/install/servo_interfaces/lib/python3.12/site-packages/servo_interfaces/action/_motor_angle_s.c
[1.134s] -- Up-to-date: /home/rasp/humanoid/robot_ws/install/servo_interfaces/lib/python3.12/site-packages/servo_interfaces/servo_interfaces_s__rosidl_typesupport_c.so
[1.180s] Listing '/home/rasp/humanoid/robot_ws/install/servo_interfaces/lib/python3.12/site-packages/servo_interfaces'...
[1.181s] Listing '/home/rasp/humanoid/robot_ws/install/servo_interfaces/lib/python3.12/site-packages/servo_interfaces/action'...
[1.181s] Listing '/home/rasp/humanoid/robot_ws/install/servo_interfaces/lib/python3.12/site-packages/servo_interfaces/msg'...
[1.181s] Listing '/home/rasp/humanoid/robot_ws/install/servo_interfaces/lib/python3.12/site-packages/servo_interfaces/srv'...
[1.192s] -- Up-to-date: /home/rasp/humanoid/robot_ws/install/servo_interfaces/lib/python3.12/site-packages/servo_interfaces/servo_interfaces_s__rosidl_typesupport_fastrtps_c.so
[1.193s] -- Up-to-date: /home/rasp/humanoid/robot_ws/install/servo_interfaces/lib/python3.12/site-packages/servo_interfaces/servo_interfaces_s__rosidl_typesupport_introspection_c.so
[1.193s] -- Up-to-date: /home/rasp/humanoid/robot_ws/install/servo_interfaces/lib/python3.12/site-packages/servo_interfaces/servo_interfaces_s__rosidl_typesupport_c.so
[1.193s] -- Up-to-date: /home/rasp/humanoid/robot_ws/install/servo_interfaces/lib/libservo_interfaces__rosidl_generator_py.so
[1.194s] -- Up-to-date: /home/rasp/humanoid/robot_ws/install/servo_interfaces/share/servo_interfaces/msg/SetPwm.idl
[1.194s] -- Up-to-date: /home/rasp/humanoid/robot_ws/install/servo_interfaces/share/servo_interfaces/msg/SetMode.idl
[1.194s] -- Up-to-date: /home/rasp/humanoid/robot_ws/install/servo_interfaces/share/servo_interfaces/srv/MotorAngle.idl
[1.194s] -- Up-to-date: /home/rasp/humanoid/robot_ws/install/servo_interfaces/share/servo_interfaces/action/MotorAngle.idl
[1.194s] -- Up-to-date: /home/rasp/humanoid/robot_ws/install/servo_interfaces/share/servo_interfaces/msg/SetPwm.msg
[1.194s] -- Up-to-date: /home/rasp/humanoid/robot_ws/install/servo_interfaces/share/servo_interfaces/msg/SetMode.msg
[1.195s] -- Up-to-date: /home/rasp/humanoid/robot_ws/install/servo_interfaces/share/servo_interfaces/srv/MotorAngle.srv
[1.195s] -- Up-to-date: /home/rasp/humanoid/robot_ws/install/servo_interfaces/share/servo_interfaces/action/MotorAngle.action
[1.195s] -- Up-to-date: /home/rasp/humanoid/robot_ws/install/servo_interfaces/share/ament_index/resource_index/package_run_dependencies/servo_interfaces
[1.195s] -- Up-to-date: /home/rasp/humanoid/robot_ws/install/servo_interfaces/share/ament_index/resource_index/parent_prefix_path/servo_interfaces
[1.195s] -- Up-to-date: /home/rasp/humanoid/robot_ws/install/servo_interfaces/share/servo_interfaces/environment/ament_prefix_path.sh
[1.195s] -- Up-to-date: /home/rasp/humanoid/robot_ws/install/servo_interfaces/share/servo_interfaces/environment/ament_prefix_path.dsv
[1.195s] -- Up-to-date: /home/rasp/humanoid/robot_ws/install/servo_interfaces/share/servo_interfaces/environment/path.sh
[1.195s] -- Up-to-date: /home/rasp/humanoid/robot_ws/install/servo_interfaces/share/servo_interfaces/environment/path.dsv
[1.195s] -- Up-to-date: /home/rasp/humanoid/robot_ws/install/servo_interfaces/share/servo_interfaces/local_setup.bash
[1.195s] -- Up-to-date: /home/rasp/humanoid/robot_ws/install/servo_interfaces/share/servo_interfaces/local_setup.sh
[1.196s] -- Up-to-date: /home/rasp/humanoid/robot_ws/install/servo_interfaces/share/servo_interfaces/local_setup.zsh
[1.196s] -- Up-to-date: /home/rasp/humanoid/robot_ws/install/servo_interfaces/share/servo_interfaces/local_setup.dsv
[1.196s] -- Installing: /home/rasp/humanoid/robot_ws/install/servo_interfaces/share/servo_interfaces/package.dsv
[1.196s] -- Up-to-date: /home/rasp/humanoid/robot_ws/install/servo_interfaces/share/ament_index/resource_index/packages/servo_interfaces
[1.196s] -- Up-to-date: /home/rasp/humanoid/robot_ws/install/servo_interfaces/share/servo_interfaces/cmake/export_servo_interfaces__rosidl_generator_cExport.cmake
[1.196s] -- Up-to-date: /home/rasp/humanoid/robot_ws/install/servo_interfaces/share/servo_interfaces/cmake/export_servo_interfaces__rosidl_generator_cExport-noconfig.cmake
[1.196s] -- Up-to-date: /home/rasp/humanoid/robot_ws/install/servo_interfaces/share/servo_interfaces/cmake/export_servo_interfaces__rosidl_typesupport_fastrtps_cExport.cmake
[1.196s] -- Up-to-date: /home/rasp/humanoid/robot_ws/install/servo_interfaces/share/servo_interfaces/cmake/export_servo_interfaces__rosidl_typesupport_fastrtps_cExport-noconfig.cmake
[1.196s] -- Up-to-date: /home/rasp/humanoid/robot_ws/install/servo_interfaces/share/servo_interfaces/cmake/servo_interfaces__rosidl_typesupport_introspection_cExport.cmake
[1.197s] -- Up-to-date: /home/rasp/humanoid/robot_ws/install/servo_interfaces/share/servo_interfaces/cmake/servo_interfaces__rosidl_typesupport_introspection_cExport-noconfig.cmake
[1.197s] -- Up-to-date: /home/rasp/humanoid/robot_ws/install/servo_interfaces/share/servo_interfaces/cmake/servo_interfaces__rosidl_typesupport_cExport.cmake
[1.197s] -- Up-to-date: /home/rasp/humanoid/robot_ws/install/servo_interfaces/share/servo_interfaces/cmake/servo_interfaces__rosidl_typesupport_cExport-noconfig.cmake
[1.197s] -- Up-to-date: /home/rasp/humanoid/robot_ws/install/servo_interfaces/share/servo_interfaces/cmake/export_servo_interfaces__rosidl_generator_cppExport.cmake
[1.197s] -- Up-to-date: /home/rasp/humanoid/robot_ws/install/servo_interfaces/share/servo_interfaces/cmake/export_servo_interfaces__rosidl_typesupport_fastrtps_cppExport.cmake
[1.197s] -- Up-to-date: /home/rasp/humanoid/robot_ws/install/servo_interfaces/share/servo_interfaces/cmake/export_servo_interfaces__rosidl_typesupport_fastrtps_cppExport-noconfig.cmake
[1.197s] -- Up-to-date: /home/rasp/humanoid/robot_ws/install/servo_interfaces/share/servo_interfaces/cmake/servo_interfaces__rosidl_typesupport_introspection_cppExport.cmake
[1.197s] -- Up-to-date: /home/rasp/humanoid/robot_ws/install/servo_interfaces/share/servo_interfaces/cmake/servo_interfaces__rosidl_typesupport_introspection_cppExport-noconfig.cmake
[1.197s] -- Up-to-date: /home/rasp/humanoid/robot_ws/install/servo_interfaces/share/servo_interfaces/cmake/servo_interfaces__rosidl_typesupport_cppExport.cmake
[1.198s] -- Up-to-date: /home/rasp/humanoid/robot_ws/install/servo_interfaces/share/servo_interfaces/cmake/servo_interfaces__rosidl_typesupport_cppExport-noconfig.cmake
[1.198s] -- Up-to-date: /home/rasp/humanoid/robot_ws/install/servo_interfaces/share/servo_interfaces/cmake/export_servo_interfaces__rosidl_generator_pyExport.cmake
[1.198s] -- Up-to-date: /home/rasp/humanoid/robot_ws/install/servo_interfaces/share/servo_interfaces/cmake/export_servo_interfaces__rosidl_generator_pyExport-noconfig.cmake
[1.198s] -- Up-to-date: /home/rasp/humanoid/robot_ws/install/servo_interfaces/share/servo_interfaces/cmake/rosidl_cmake-extras.cmake
[1.198s] -- Up-to-date: /home/rasp/humanoid/robot_ws/install/servo_interfaces/share/servo_interfaces/cmake/ament_cmake_export_dependencies-extras.cmake
[1.198s] -- Up-to-date: /home/rasp/humanoid/robot_ws/install/servo_interfaces/share/servo_interfaces/cmake/ament_cmake_export_include_directories-extras.cmake
[1.198s] -- Up-to-date: /home/rasp/humanoid/robot_ws/install/servo_interfaces/share/servo_interfaces/cmake/ament_cmake_export_libraries-extras.cmake
[1.198s] -- Up-to-date: /home/rasp/humanoid/robot_ws/install/servo_interfaces/share/servo_interfaces/cmake/ament_cmake_export_targets-extras.cmake
[1.198s] -- Up-to-date: /home/rasp/humanoid/robot_ws/install/servo_interfaces/share/servo_interfaces/cmake/rosidl_cmake_export_typesupport_targets-extras.cmake
[1.198s] -- Up-to-date: /home/rasp/humanoid/robot_ws/install/servo_interfaces/share/servo_interfaces/cmake/rosidl_cmake_export_typesupport_libraries-extras.cmake
[1.198s] -- Up-to-date: /home/rasp/humanoid/robot_ws/install/servo_interfaces/share/servo_interfaces/cmake/servo_interfacesConfig.cmake
[1.198s] -- Up-to-date: /home/rasp/humanoid/robot_ws/install/servo_interfaces/share/servo_interfaces/cmake/servo_interfacesConfig-version.cmake
[1.199s] -- Up-to-date: /home/rasp/humanoid/robot_ws/install/servo_interfaces/share/servo_interfaces/package.xml
[1.201s] Invoked command in '/home/rasp/humanoid/robot_ws/build/servo_interfaces' returned '0': CMAKE_PREFIX_PATH=${CMAKE_PREFIX_PATH}:/home/rasp/humanoid/robot_ws/install/my_servo_controller:/opt/ros/jazzy DEBUGINFOD_URLS=https://debuginfod.ubuntu.com /usr/bin/cmake --install /home/rasp/humanoid/robot_ws/build/servo_interfaces
