[1.971s] Invoking command in '/home/rasp/humanoid/robot_ws/src/my_servo_controller': AMENT_PREFIX_PATH=/home/rasp/humanoid/robot_ws/install/servo_interfaces:${AMENT_PREFIX_PATH} CMAKE_PREFIX_PATH=/home/rasp/humanoid/robot_ws/install/servo_interfaces:${CMAKE_PREFIX_PATH} DEBUGINFOD_URLS=https://debuginfod.ubuntu.com LD_LIBRARY_PATH=/home/rasp/humanoid/robot_ws/install/servo_interfaces/lib:${LD_LIBRARY_PATH} PYTHONPATH=/home/rasp/humanoid/robot_ws/build/my_servo_controller/prefix_override:/usr/lib/python3/dist-packages/colcon_core/task/python/colcon_distutils_commands:/home/rasp/humanoid/robot_ws/install/my_servo_controller/lib/python3.12/site-packages:/home/rasp/humanoid/robot_ws/install/servo_interfaces/lib/python3.12/site-packages:${PYTHONPATH} /usr/bin/python3 -W ignore:setup.py install is deprecated -W ignore:easy_install command is deprecated setup.py egg_info --egg-base ../../build/my_servo_controller build --build-base /home/rasp/humanoid/robot_ws/build/my_servo_controller/build install --record /home/rasp/humanoid/robot_ws/build/my_servo_controller/install.log --single-version-externally-managed install_data
[2.375s] running egg_info
[2.406s] writing ../../build/my_servo_controller/my_servo_controller.egg-info/PKG-INFO
[2.406s] writing dependency_links to ../../build/my_servo_controller/my_servo_controller.egg-info/dependency_links.txt
[2.408s] writing entry points to ../../build/my_servo_controller/my_servo_controller.egg-info/entry_points.txt
[2.409s] writing requirements to ../../build/my_servo_controller/my_servo_controller.egg-info/requires.txt
[2.410s] writing top-level names to ../../build/my_servo_controller/my_servo_controller.egg-info/top_level.txt
[2.474s] reading manifest file '../../build/my_servo_controller/my_servo_controller.egg-info/SOURCES.txt'
[2.475s] writing manifest file '../../build/my_servo_controller/my_servo_controller.egg-info/SOURCES.txt'
[2.475s] running build
[2.475s] running build_py
[2.475s] running install
[2.485s] running install_lib
[2.517s] running install_data
[2.517s] running install_egg_info
[2.549s] removing '/home/rasp/humanoid/robot_ws/install/my_servo_controller/lib/python3.12/site-packages/my_servo_controller-0.0.0-py3.12.egg-info' (and everything under it)
[2.549s] Copying ../../build/my_servo_controller/my_servo_controller.egg-info to /home/rasp/humanoid/robot_ws/install/my_servo_controller/lib/python3.12/site-packages/my_servo_controller-0.0.0-py3.12.egg-info
[2.550s] running install_scripts
[2.757s] Installing action_controller_node script to /home/rasp/humanoid/robot_ws/install/my_servo_controller/lib/my_servo_controller
[2.757s] Installing servo_controller_node script to /home/rasp/humanoid/robot_ws/install/my_servo_controller/lib/my_servo_controller
[2.758s] Installing servo_mover_node script to /home/rasp/humanoid/robot_ws/install/my_servo_controller/lib/my_servo_controller
[2.759s] writing list of installed files to '/home/rasp/humanoid/robot_ws/build/my_servo_controller/install.log'
[2.857s] Invoked command in '/home/rasp/humanoid/robot_ws/src/my_servo_controller' returned '0': AMENT_PREFIX_PATH=/home/rasp/humanoid/robot_ws/install/servo_interfaces:${AMENT_PREFIX_PATH} CMAKE_PREFIX_PATH=/home/rasp/humanoid/robot_ws/install/servo_interfaces:${CMAKE_PREFIX_PATH} DEBUGINFOD_URLS=https://debuginfod.ubuntu.com LD_LIBRARY_PATH=/home/rasp/humanoid/robot_ws/install/servo_interfaces/lib:${LD_LIBRARY_PATH} PYTHONPATH=/home/rasp/humanoid/robot_ws/build/my_servo_controller/prefix_override:/usr/lib/python3/dist-packages/colcon_core/task/python/colcon_distutils_commands:/home/rasp/humanoid/robot_ws/install/my_servo_controller/lib/python3.12/site-packages:/home/rasp/humanoid/robot_ws/install/servo_interfaces/lib/python3.12/site-packages:${PYTHONPATH} /usr/bin/python3 -W ignore:setup.py install is deprecated -W ignore:easy_install command is deprecated setup.py egg_info --egg-base ../../build/my_servo_controller build --build-base /home/rasp/humanoid/robot_ws/build/my_servo_controller/build install --record /home/rasp/humanoid/robot_ws/build/my_servo_controller/install.log --single-version-externally-managed install_data
