[0.153s] DEBUG:colcon:Command line arguments: ['/usr/bin/colcon', 'build']
[0.153s] DEBUG:colcon:Parsed command line arguments: Namespace(log_base=None, log_level=None, verb_name='build', build_base='build', install_base='install', merge_install=False, symlink_install=False, test_result_base=None, continue_on_error=False, executor='parallel', parallel_workers=4, event_handlers=None, ignore_user_meta=False, metas=['./colcon.meta'], base_paths=['.'], packages_ignore=None, packages_ignore_regex=None, paths=None, packages_up_to=None, packages_up_to_regex=None, packages_above=None, packages_above_and_dependencies=None, packages_above_depth=None, packages_select_by_dep=None, packages_skip_by_dep=None, packages_skip_up_to=None, packages_select_build_failed=False, packages_skip_build_finished=False, packages_select_test_failures=False, packages_skip_test_passed=False, packages_select=None, packages_skip=None, packages_select_regex=None, packages_skip_regex=None, packages_start=None, packages_end=None, allow_overriding=[], cmake_args=None, cmake_target=None, cmake_target_skip_unavailable=False, cmake_clean_cache=False, cmake_clean_first=False, cmake_force_configure=False, ament_cmake_args=None, catkin_cmake_args=None, catkin_skip_building_tests=False, mixin_files=None, mixin=None, verb_parser=<colcon_mixin.mixin.mixin_argument.MixinArgumentDecorator object at 0xffffa9fa61e0>, verb_extension=<colcon_core.verb.build.BuildVerb object at 0xffffaa156990>, main=<bound method BuildVerb.main of <colcon_core.verb.build.BuildVerb object at 0xffffaa156990>>, mixin_verb=('build',))
[0.209s] Level 1:colcon.colcon_core.package_discovery:discover_packages(colcon_meta) check parameters
[0.209s] Level 1:colcon.colcon_core.package_discovery:discover_packages(recursive) check parameters
[0.209s] Level 1:colcon.colcon_core.package_discovery:discover_packages(ignore) check parameters
[0.209s] Level 1:colcon.colcon_core.package_discovery:discover_packages(path) check parameters
[0.209s] Level 1:colcon.colcon_core.package_discovery:discover_packages(colcon_meta) discover
[0.209s] Level 1:colcon.colcon_core.package_discovery:discover_packages(recursive) discover
[0.209s] INFO:colcon.colcon_core.package_discovery:Crawling recursively for packages in '/home/rasp/robot_ws'
[0.209s] Level 1:colcon.colcon_core.package_identification:_identify(.) by extensions ['ignore', 'ignore_ament_install']
[0.209s] Level 1:colcon.colcon_core.package_identification:_identify(.) by extension 'ignore'
[0.210s] Level 1:colcon.colcon_core.package_identification:_identify(.) by extension 'ignore_ament_install'
[0.210s] Level 1:colcon.colcon_core.package_identification:_identify(.) by extensions ['colcon_pkg']
[0.210s] Level 1:colcon.colcon_core.package_identification:_identify(.) by extension 'colcon_pkg'
[0.210s] Level 1:colcon.colcon_core.package_identification:_identify(.) by extensions ['colcon_meta']
[0.210s] Level 1:colcon.colcon_core.package_identification:_identify(.) by extension 'colcon_meta'
[0.210s] Level 1:colcon.colcon_core.package_identification:_identify(.) by extensions ['ros']
[0.210s] Level 1:colcon.colcon_core.package_identification:_identify(.) by extension 'ros'
[0.248s] Level 1:colcon.colcon_core.package_identification:_identify(.) by extensions ['cmake', 'python']
[0.248s] Level 1:colcon.colcon_core.package_identification:_identify(.) by extension 'cmake'
[0.248s] Level 1:colcon.colcon_core.package_identification:_identify(.) by extension 'python'
[0.248s] Level 1:colcon.colcon_core.package_identification:_identify(.) by extensions ['python_setup_py']
[0.248s] Level 1:colcon.colcon_core.package_identification:_identify(.) by extension 'python_setup_py'
[0.248s] Level 1:colcon.colcon_core.package_identification:_identify(build) by extensions ['ignore', 'ignore_ament_install']
[0.248s] Level 1:colcon.colcon_core.package_identification:_identify(build) by extension 'ignore'
[0.248s] Level 1:colcon.colcon_core.package_identification:_identify(build) ignored
[0.248s] Level 1:colcon.colcon_core.package_identification:_identify(install) by extensions ['ignore', 'ignore_ament_install']
[0.249s] Level 1:colcon.colcon_core.package_identification:_identify(install) by extension 'ignore'
[0.249s] Level 1:colcon.colcon_core.package_identification:_identify(install) ignored
[0.249s] Level 1:colcon.colcon_core.package_identification:_identify(log) by extensions ['ignore', 'ignore_ament_install']
[0.249s] Level 1:colcon.colcon_core.package_identification:_identify(log) by extension 'ignore'
[0.249s] Level 1:colcon.colcon_core.package_identification:_identify(log) ignored
[0.249s] Level 1:colcon.colcon_core.package_identification:_identify(src) by extensions ['ignore', 'ignore_ament_install']
[0.249s] Level 1:colcon.colcon_core.package_identification:_identify(src) by extension 'ignore'
[0.249s] Level 1:colcon.colcon_core.package_identification:_identify(src) by extension 'ignore_ament_install'
[0.249s] Level 1:colcon.colcon_core.package_identification:_identify(src) by extensions ['colcon_pkg']
[0.249s] Level 1:colcon.colcon_core.package_identification:_identify(src) by extension 'colcon_pkg'
[0.249s] Level 1:colcon.colcon_core.package_identification:_identify(src) by extensions ['colcon_meta']
[0.249s] Level 1:colcon.colcon_core.package_identification:_identify(src) by extension 'colcon_meta'
[0.249s] Level 1:colcon.colcon_core.package_identification:_identify(src) by extensions ['ros']
[0.250s] Level 1:colcon.colcon_core.package_identification:_identify(src) by extension 'ros'
[0.250s] Level 1:colcon.colcon_core.package_identification:_identify(src) by extensions ['cmake', 'python']
[0.250s] Level 1:colcon.colcon_core.package_identification:_identify(src) by extension 'cmake'
[0.250s] Level 1:colcon.colcon_core.package_identification:_identify(src) by extension 'python'
[0.250s] Level 1:colcon.colcon_core.package_identification:_identify(src) by extensions ['python_setup_py']
[0.250s] Level 1:colcon.colcon_core.package_identification:_identify(src) by extension 'python_setup_py'
[0.250s] Level 1:colcon.colcon_core.package_identification:_identify(src/my_package) by extensions ['ignore', 'ignore_ament_install']
[0.250s] Level 1:colcon.colcon_core.package_identification:_identify(src/my_package) by extension 'ignore'
[0.250s] Level 1:colcon.colcon_core.package_identification:_identify(src/my_package) by extension 'ignore_ament_install'
[0.250s] Level 1:colcon.colcon_core.package_identification:_identify(src/my_package) by extensions ['colcon_pkg']
[0.250s] Level 1:colcon.colcon_core.package_identification:_identify(src/my_package) by extension 'colcon_pkg'
[0.250s] Level 1:colcon.colcon_core.package_identification:_identify(src/my_package) by extensions ['colcon_meta']
[0.250s] Level 1:colcon.colcon_core.package_identification:_identify(src/my_package) by extension 'colcon_meta'
[0.250s] Level 1:colcon.colcon_core.package_identification:_identify(src/my_package) by extensions ['ros']
[0.250s] Level 1:colcon.colcon_core.package_identification:_identify(src/my_package) by extension 'ros'
[0.253s] DEBUG:colcon.colcon_core.package_identification:Package 'src/my_package' with type 'ros.ament_cmake' and name 'my_package'
[0.253s] Level 1:colcon.colcon_core.package_identification:_identify(src/my_servo_controller) by extensions ['ignore', 'ignore_ament_install']
[0.254s] Level 1:colcon.colcon_core.package_identification:_identify(src/my_servo_controller) by extension 'ignore'
[0.254s] Level 1:colcon.colcon_core.package_identification:_identify(src/my_servo_controller) by extension 'ignore_ament_install'
[0.254s] Level 1:colcon.colcon_core.package_identification:_identify(src/my_servo_controller) by extensions ['colcon_pkg']
[0.254s] Level 1:colcon.colcon_core.package_identification:_identify(src/my_servo_controller) by extension 'colcon_pkg'
[0.254s] Level 1:colcon.colcon_core.package_identification:_identify(src/my_servo_controller) by extensions ['colcon_meta']
[0.254s] Level 1:colcon.colcon_core.package_identification:_identify(src/my_servo_controller) by extension 'colcon_meta'
[0.254s] Level 1:colcon.colcon_core.package_identification:_identify(src/my_servo_controller) by extensions ['ros']
[0.254s] Level 1:colcon.colcon_core.package_identification:_identify(src/my_servo_controller) by extension 'ros'
[0.255s] DEBUG:colcon.colcon_core.package_identification:Package 'src/my_servo_controller' with type 'ros.ament_python' and name 'my_servo_controller'
[0.255s] Level 1:colcon.colcon_core.package_identification:_identify(src/ros2_pca9685) by extensions ['ignore', 'ignore_ament_install']
[0.255s] Level 1:colcon.colcon_core.package_identification:_identify(src/ros2_pca9685) by extension 'ignore'
[0.255s] Level 1:colcon.colcon_core.package_identification:_identify(src/ros2_pca9685) by extension 'ignore_ament_install'
[0.255s] Level 1:colcon.colcon_core.package_identification:_identify(src/ros2_pca9685) by extensions ['colcon_pkg']
[0.255s] Level 1:colcon.colcon_core.package_identification:_identify(src/ros2_pca9685) by extension 'colcon_pkg'
[0.255s] Level 1:colcon.colcon_core.package_identification:_identify(src/ros2_pca9685) by extensions ['colcon_meta']
[0.255s] Level 1:colcon.colcon_core.package_identification:_identify(src/ros2_pca9685) by extension 'colcon_meta'
[0.255s] Level 1:colcon.colcon_core.package_identification:_identify(src/ros2_pca9685) by extensions ['ros']
[0.255s] Level 1:colcon.colcon_core.package_identification:_identify(src/ros2_pca9685) by extension 'ros'
[0.256s] DEBUG:colcon.colcon_core.package_identification:Package 'src/ros2_pca9685' with type 'ros.ament_cmake' and name 'ros2_pca9685'
[0.256s] Level 1:colcon.colcon_core.package_identification:_identify(src/servo_interfaces) by extensions ['ignore', 'ignore_ament_install']
[0.256s] Level 1:colcon.colcon_core.package_identification:_identify(src/servo_interfaces) by extension 'ignore'
[0.256s] Level 1:colcon.colcon_core.package_identification:_identify(src/servo_interfaces) by extension 'ignore_ament_install'
[0.256s] Level 1:colcon.colcon_core.package_identification:_identify(src/servo_interfaces) by extensions ['colcon_pkg']
[0.256s] Level 1:colcon.colcon_core.package_identification:_identify(src/servo_interfaces) by extension 'colcon_pkg'
[0.256s] Level 1:colcon.colcon_core.package_identification:_identify(src/servo_interfaces) by extensions ['colcon_meta']
[0.256s] Level 1:colcon.colcon_core.package_identification:_identify(src/servo_interfaces) by extension 'colcon_meta'
[0.256s] Level 1:colcon.colcon_core.package_identification:_identify(src/servo_interfaces) by extensions ['ros']
[0.256s] Level 1:colcon.colcon_core.package_identification:_identify(src/servo_interfaces) by extension 'ros'
[0.257s] DEBUG:colcon.colcon_core.package_identification:Package 'src/servo_interfaces' with type 'ros.ament_cmake' and name 'servo_interfaces'
[0.257s] Level 1:colcon.colcon_core.package_discovery:discover_packages(recursive) using defaults
[0.257s] Level 1:colcon.colcon_core.package_discovery:discover_packages(ignore) discover
[0.257s] Level 1:colcon.colcon_core.package_discovery:discover_packages(ignore) using defaults
[0.257s] Level 1:colcon.colcon_core.package_discovery:discover_packages(path) discover
[0.257s] Level 1:colcon.colcon_core.package_discovery:discover_packages(path) using defaults
[0.281s] Level 1:colcon.colcon_core.package_discovery:discover_packages(prefix_path) check parameters
[0.281s] Level 1:colcon.colcon_core.package_discovery:discover_packages(prefix_path) discover
[0.283s] DEBUG:colcon.colcon_installed_package_information.package_discovery:Found 4 installed packages in /home/rasp/robot_ws/install
[0.286s] DEBUG:colcon.colcon_installed_package_information.package_discovery:Found 448 installed packages in /opt/ros/jazzy
[0.289s] Level 1:colcon.colcon_core.package_discovery:discover_packages(prefix_path) using defaults
[0.376s] Level 5:colcon.colcon_core.verb:set package 'my_package' build argument 'cmake_args' from command line to 'None'
[0.376s] Level 5:colcon.colcon_core.verb:set package 'my_package' build argument 'cmake_target' from command line to 'None'
[0.376s] Level 5:colcon.colcon_core.verb:set package 'my_package' build argument 'cmake_target_skip_unavailable' from command line to 'False'
[0.376s] Level 5:colcon.colcon_core.verb:set package 'my_package' build argument 'cmake_clean_cache' from command line to 'False'
[0.376s] Level 5:colcon.colcon_core.verb:set package 'my_package' build argument 'cmake_clean_first' from command line to 'False'
[0.376s] Level 5:colcon.colcon_core.verb:set package 'my_package' build argument 'cmake_force_configure' from command line to 'False'
[0.376s] Level 5:colcon.colcon_core.verb:set package 'my_package' build argument 'ament_cmake_args' from command line to 'None'
[0.376s] Level 5:colcon.colcon_core.verb:set package 'my_package' build argument 'catkin_cmake_args' from command line to 'None'
[0.376s] Level 5:colcon.colcon_core.verb:set package 'my_package' build argument 'catkin_skip_building_tests' from command line to 'False'
[0.376s] DEBUG:colcon.colcon_core.verb:Building package 'my_package' with the following arguments: {'ament_cmake_args': None, 'build_base': '/home/rasp/robot_ws/build/my_package', 'catkin_cmake_args': None, 'catkin_skip_building_tests': False, 'cmake_args': None, 'cmake_clean_cache': False, 'cmake_clean_first': False, 'cmake_force_configure': False, 'cmake_target': None, 'cmake_target_skip_unavailable': False, 'install_base': '/home/rasp/robot_ws/install/my_package', 'merge_install': False, 'path': '/home/rasp/robot_ws/src/my_package', 'symlink_install': False, 'test_result_base': None}
[0.377s] Level 5:colcon.colcon_core.verb:set package 'ros2_pca9685' build argument 'cmake_args' from command line to 'None'
[0.377s] Level 5:colcon.colcon_core.verb:set package 'ros2_pca9685' build argument 'cmake_target' from command line to 'None'
[0.377s] Level 5:colcon.colcon_core.verb:set package 'ros2_pca9685' build argument 'cmake_target_skip_unavailable' from command line to 'False'
[0.377s] Level 5:colcon.colcon_core.verb:set package 'ros2_pca9685' build argument 'cmake_clean_cache' from command line to 'False'
[0.377s] Level 5:colcon.colcon_core.verb:set package 'ros2_pca9685' build argument 'cmake_clean_first' from command line to 'False'
[0.377s] Level 5:colcon.colcon_core.verb:set package 'ros2_pca9685' build argument 'cmake_force_configure' from command line to 'False'
[0.377s] Level 5:colcon.colcon_core.verb:set package 'ros2_pca9685' build argument 'ament_cmake_args' from command line to 'None'
[0.377s] Level 5:colcon.colcon_core.verb:set package 'ros2_pca9685' build argument 'catkin_cmake_args' from command line to 'None'
[0.377s] Level 5:colcon.colcon_core.verb:set package 'ros2_pca9685' build argument 'catkin_skip_building_tests' from command line to 'False'
[0.377s] DEBUG:colcon.colcon_core.verb:Building package 'ros2_pca9685' with the following arguments: {'ament_cmake_args': None, 'build_base': '/home/rasp/robot_ws/build/ros2_pca9685', 'catkin_cmake_args': None, 'catkin_skip_building_tests': False, 'cmake_args': None, 'cmake_clean_cache': False, 'cmake_clean_first': False, 'cmake_force_configure': False, 'cmake_target': None, 'cmake_target_skip_unavailable': False, 'install_base': '/home/rasp/robot_ws/install/ros2_pca9685', 'merge_install': False, 'path': '/home/rasp/robot_ws/src/ros2_pca9685', 'symlink_install': False, 'test_result_base': None}
[0.377s] Level 5:colcon.colcon_core.verb:set package 'servo_interfaces' build argument 'cmake_args' from command line to 'None'
[0.377s] Level 5:colcon.colcon_core.verb:set package 'servo_interfaces' build argument 'cmake_target' from command line to 'None'
[0.377s] Level 5:colcon.colcon_core.verb:set package 'servo_interfaces' build argument 'cmake_target_skip_unavailable' from command line to 'False'
[0.377s] Level 5:colcon.colcon_core.verb:set package 'servo_interfaces' build argument 'cmake_clean_cache' from command line to 'False'
[0.377s] Level 5:colcon.colcon_core.verb:set package 'servo_interfaces' build argument 'cmake_clean_first' from command line to 'False'
[0.377s] Level 5:colcon.colcon_core.verb:set package 'servo_interfaces' build argument 'cmake_force_configure' from command line to 'False'
[0.377s] Level 5:colcon.colcon_core.verb:set package 'servo_interfaces' build argument 'ament_cmake_args' from command line to 'None'
[0.377s] Level 5:colcon.colcon_core.verb:set package 'servo_interfaces' build argument 'catkin_cmake_args' from command line to 'None'
[0.377s] Level 5:colcon.colcon_core.verb:set package 'servo_interfaces' build argument 'catkin_skip_building_tests' from command line to 'False'
[0.377s] DEBUG:colcon.colcon_core.verb:Building package 'servo_interfaces' with the following arguments: {'ament_cmake_args': None, 'build_base': '/home/rasp/robot_ws/build/servo_interfaces', 'catkin_cmake_args': None, 'catkin_skip_building_tests': False, 'cmake_args': None, 'cmake_clean_cache': False, 'cmake_clean_first': False, 'cmake_force_configure': False, 'cmake_target': None, 'cmake_target_skip_unavailable': False, 'install_base': '/home/rasp/robot_ws/install/servo_interfaces', 'merge_install': False, 'path': '/home/rasp/robot_ws/src/servo_interfaces', 'symlink_install': False, 'test_result_base': None}
[0.378s] Level 5:colcon.colcon_core.verb:set package 'my_servo_controller' build argument 'cmake_args' from command line to 'None'
[0.378s] Level 5:colcon.colcon_core.verb:set package 'my_servo_controller' build argument 'cmake_target' from command line to 'None'
[0.378s] Level 5:colcon.colcon_core.verb:set package 'my_servo_controller' build argument 'cmake_target_skip_unavailable' from command line to 'False'
[0.378s] Level 5:colcon.colcon_core.verb:set package 'my_servo_controller' build argument 'cmake_clean_cache' from command line to 'False'
[0.378s] Level 5:colcon.colcon_core.verb:set package 'my_servo_controller' build argument 'cmake_clean_first' from command line to 'False'
[0.378s] Level 5:colcon.colcon_core.verb:set package 'my_servo_controller' build argument 'cmake_force_configure' from command line to 'False'
[0.378s] Level 5:colcon.colcon_core.verb:set package 'my_servo_controller' build argument 'ament_cmake_args' from command line to 'None'
[0.378s] Level 5:colcon.colcon_core.verb:set package 'my_servo_controller' build argument 'catkin_cmake_args' from command line to 'None'
[0.378s] Level 5:colcon.colcon_core.verb:set package 'my_servo_controller' build argument 'catkin_skip_building_tests' from command line to 'False'
[0.378s] DEBUG:colcon.colcon_core.verb:Building package 'my_servo_controller' with the following arguments: {'ament_cmake_args': None, 'build_base': '/home/rasp/robot_ws/build/my_servo_controller', 'catkin_cmake_args': None, 'catkin_skip_building_tests': False, 'cmake_args': None, 'cmake_clean_cache': False, 'cmake_clean_first': False, 'cmake_force_configure': False, 'cmake_target': None, 'cmake_target_skip_unavailable': False, 'install_base': '/home/rasp/robot_ws/install/my_servo_controller', 'merge_install': False, 'path': '/home/rasp/robot_ws/src/my_servo_controller', 'symlink_install': False, 'test_result_base': None}
[0.378s] INFO:colcon.colcon_core.executor:Executing jobs using 'parallel' executor
[0.380s] DEBUG:colcon.colcon_parallel_executor.executor.parallel:run_until_complete
[0.380s] INFO:colcon.colcon_ros.task.ament_cmake.build:Building ROS package in '/home/rasp/robot_ws/src/servo_interfaces' with build type 'ament_cmake'
[0.380s] INFO:colcon.colcon_cmake.task.cmake.build:Building CMake package in '/home/rasp/robot_ws/src/servo_interfaces'
[0.382s] INFO:colcon.colcon_core.plugin_system:Skipping extension 'colcon_core.shell.bat': Not used on non-Windows systems
[0.383s] INFO:colcon.colcon_core.shell:Skip shell extension 'powershell' for command environment: Not usable outside of PowerShell
[0.383s] DEBUG:colcon.colcon_core.shell:Skip shell extension 'dsv' for command environment
[0.389s] INFO:colcon.colcon_ros.task.ament_cmake.build:Building ROS package in '/home/rasp/robot_ws/src/my_package' with build type 'ament_cmake'
[0.389s] INFO:colcon.colcon_cmake.task.cmake.build:Building CMake package in '/home/rasp/robot_ws/src/my_package'
[0.389s] INFO:colcon.colcon_core.shell:Skip shell extension 'powershell' for command environment: Not usable outside of PowerShell
[0.390s] DEBUG:colcon.colcon_core.shell:Skip shell extension 'dsv' for command environment
[0.396s] INFO:colcon.colcon_ros.task.ament_cmake.build:Building ROS package in '/home/rasp/robot_ws/src/ros2_pca9685' with build type 'ament_cmake'
[0.396s] INFO:colcon.colcon_cmake.task.cmake.build:Building CMake package in '/home/rasp/robot_ws/src/ros2_pca9685'
[0.396s] INFO:colcon.colcon_core.shell:Skip shell extension 'powershell' for command environment: Not usable outside of PowerShell
[0.397s] DEBUG:colcon.colcon_core.shell:Skip shell extension 'dsv' for command environment
[0.412s] DEBUG:colcon.colcon_core.event_handler.log_command:Invoking command in '/home/rasp/robot_ws/build/servo_interfaces': CMAKE_PREFIX_PATH=${CMAKE_PREFIX_PATH}:/home/rasp/robot_ws/install/my_servo_controller:/opt/ros/jazzy DEBUGINFOD_URLS=https://debuginfod.ubuntu.com /usr/bin/cmake --build /home/rasp/robot_ws/build/servo_interfaces -- -j4 -l4
[0.419s] DEBUG:colcon.colcon_core.event_handler.log_command:Invoking command in '/home/rasp/robot_ws/build/my_package': CMAKE_PREFIX_PATH=${CMAKE_PREFIX_PATH}:/home/rasp/robot_ws/install/my_servo_controller:/opt/ros/jazzy DEBUGINFOD_URLS=https://debuginfod.ubuntu.com /usr/bin/cmake --build /home/rasp/robot_ws/build/my_package -- -j4 -l4
[0.432s] DEBUG:colcon.colcon_core.event_handler.log_command:Invoking command in '/home/rasp/robot_ws/build/ros2_pca9685': CMAKE_PREFIX_PATH=${CMAKE_PREFIX_PATH}:/home/rasp/robot_ws/install/my_servo_controller:/opt/ros/jazzy DEBUGINFOD_URLS=https://debuginfod.ubuntu.com /usr/bin/cmake --build /home/rasp/robot_ws/build/ros2_pca9685 -- -j4 -l4
[0.507s] DEBUG:colcon.colcon_core.event_handler.log_command:Invoked command in '/home/rasp/robot_ws/build/my_package' returned '0': CMAKE_PREFIX_PATH=${CMAKE_PREFIX_PATH}:/home/rasp/robot_ws/install/my_servo_controller:/opt/ros/jazzy DEBUGINFOD_URLS=https://debuginfod.ubuntu.com /usr/bin/cmake --build /home/rasp/robot_ws/build/my_package -- -j4 -l4
[0.530s] DEBUG:colcon.colcon_core.event_handler.log_command:Invoking command in '/home/rasp/robot_ws/build/my_package': CMAKE_PREFIX_PATH=${CMAKE_PREFIX_PATH}:/home/rasp/robot_ws/install/my_servo_controller:/opt/ros/jazzy DEBUGINFOD_URLS=https://debuginfod.ubuntu.com /usr/bin/cmake --install /home/rasp/robot_ws/build/my_package
[0.603s] Level 1:colcon.colcon_core.environment:create_environment_scripts_only(my_package)
[0.606s] DEBUG:colcon.colcon_core.event_handler.log_command:Invoked command in '/home/rasp/robot_ws/build/my_package' returned '0': CMAKE_PREFIX_PATH=${CMAKE_PREFIX_PATH}:/home/rasp/robot_ws/install/my_servo_controller:/opt/ros/jazzy DEBUGINFOD_URLS=https://debuginfod.ubuntu.com /usr/bin/cmake --install /home/rasp/robot_ws/build/my_package
[0.609s] Level 1:colcon.colcon_core.environment:checking '/home/rasp/robot_ws/install/my_package' for CMake module files
[0.610s] Level 1:colcon.colcon_core.environment:checking '/home/rasp/robot_ws/install/my_package' for CMake config files
[0.611s] Level 1:colcon.colcon_core.shell:create_environment_hook('my_package', 'cmake_prefix_path')
[0.611s] INFO:colcon.colcon_core.shell:Creating environment hook '/home/rasp/robot_ws/install/my_package/share/my_package/hook/cmake_prefix_path.ps1'
[0.613s] INFO:colcon.colcon_core.shell:Creating environment descriptor '/home/rasp/robot_ws/install/my_package/share/my_package/hook/cmake_prefix_path.dsv'
[0.614s] INFO:colcon.colcon_core.shell:Creating environment hook '/home/rasp/robot_ws/install/my_package/share/my_package/hook/cmake_prefix_path.sh'
[0.617s] Level 1:colcon.colcon_core.environment:checking '/home/rasp/robot_ws/install/my_package/bin'
[0.617s] Level 1:colcon.colcon_core.environment:checking '/home/rasp/robot_ws/install/my_package/lib/pkgconfig/my_package.pc'
[0.618s] Level 1:colcon.colcon_core.environment:checking '/home/rasp/robot_ws/install/my_package/lib/python3.12/site-packages'
[0.619s] Level 1:colcon.colcon_core.environment:checking '/home/rasp/robot_ws/install/my_package/bin'
[0.619s] INFO:colcon.colcon_core.shell:Creating package script '/home/rasp/robot_ws/install/my_package/share/my_package/package.ps1'
[0.627s] INFO:colcon.colcon_core.shell:Creating package descriptor '/home/rasp/robot_ws/install/my_package/share/my_package/package.dsv'
[0.629s] INFO:colcon.colcon_core.shell:Creating package script '/home/rasp/robot_ws/install/my_package/share/my_package/package.sh'
[0.630s] INFO:colcon.colcon_core.shell:Creating package script '/home/rasp/robot_ws/install/my_package/share/my_package/package.bash'
[0.632s] INFO:colcon.colcon_core.shell:Creating package script '/home/rasp/robot_ws/install/my_package/share/my_package/package.zsh'
[0.634s] Level 1:colcon.colcon_core.environment:create_file_with_runtime_dependencies(/home/rasp/robot_ws/install/my_package/share/colcon-core/packages/my_package)
[0.636s] Level 1:colcon.colcon_core.environment:create_environment_scripts_only(my_package)
[0.636s] Level 1:colcon.colcon_core.environment:checking '/home/rasp/robot_ws/install/my_package' for CMake module files
[0.637s] Level 1:colcon.colcon_core.environment:checking '/home/rasp/robot_ws/install/my_package' for CMake config files
[0.638s] Level 1:colcon.colcon_core.shell:create_environment_hook('my_package', 'cmake_prefix_path')
[0.640s] INFO:colcon.colcon_core.shell:Creating environment hook '/home/rasp/robot_ws/install/my_package/share/my_package/hook/cmake_prefix_path.ps1'
[0.642s] INFO:colcon.colcon_core.shell:Creating environment descriptor '/home/rasp/robot_ws/install/my_package/share/my_package/hook/cmake_prefix_path.dsv'
[0.643s] INFO:colcon.colcon_core.shell:Creating environment hook '/home/rasp/robot_ws/install/my_package/share/my_package/hook/cmake_prefix_path.sh'
[0.644s] Level 1:colcon.colcon_core.environment:checking '/home/rasp/robot_ws/install/my_package/bin'
[0.645s] Level 1:colcon.colcon_core.environment:checking '/home/rasp/robot_ws/install/my_package/lib/pkgconfig/my_package.pc'
[0.645s] Level 1:colcon.colcon_core.environment:checking '/home/rasp/robot_ws/install/my_package/lib/python3.12/site-packages'
[0.646s] Level 1:colcon.colcon_core.environment:checking '/home/rasp/robot_ws/install/my_package/bin'
[0.647s] INFO:colcon.colcon_core.shell:Creating package script '/home/rasp/robot_ws/install/my_package/share/my_package/package.ps1'
[0.648s] INFO:colcon.colcon_core.shell:Creating package descriptor '/home/rasp/robot_ws/install/my_package/share/my_package/package.dsv'
[0.650s] INFO:colcon.colcon_core.shell:Creating package script '/home/rasp/robot_ws/install/my_package/share/my_package/package.sh'
[0.655s] INFO:colcon.colcon_core.shell:Creating package script '/home/rasp/robot_ws/install/my_package/share/my_package/package.bash'
[0.656s] INFO:colcon.colcon_core.shell:Creating package script '/home/rasp/robot_ws/install/my_package/share/my_package/package.zsh'
[0.657s] Level 1:colcon.colcon_core.environment:create_file_with_runtime_dependencies(/home/rasp/robot_ws/install/my_package/share/colcon-core/packages/my_package)
[1.300s] DEBUG:colcon.colcon_core.event_handler.log_command:Invoked command in '/home/rasp/robot_ws/build/ros2_pca9685' returned '0': CMAKE_PREFIX_PATH=${CMAKE_PREFIX_PATH}:/home/rasp/robot_ws/install/my_servo_controller:/opt/ros/jazzy DEBUGINFOD_URLS=https://debuginfod.ubuntu.com /usr/bin/cmake --build /home/rasp/robot_ws/build/ros2_pca9685 -- -j4 -l4
[1.302s] DEBUG:colcon.colcon_core.event_handler.log_command:Invoking command in '/home/rasp/robot_ws/build/ros2_pca9685': CMAKE_PREFIX_PATH=${CMAKE_PREFIX_PATH}:/home/rasp/robot_ws/install/my_servo_controller:/opt/ros/jazzy DEBUGINFOD_URLS=https://debuginfod.ubuntu.com /usr/bin/cmake --install /home/rasp/robot_ws/build/ros2_pca9685
[1.434s] Level 1:colcon.colcon_core.environment:create_environment_scripts_only(ros2_pca9685)
[1.434s] Level 1:colcon.colcon_core.environment:checking '/home/rasp/robot_ws/install/ros2_pca9685' for CMake module files
[1.434s] DEBUG:colcon.colcon_core.event_handler.log_command:Invoked command in '/home/rasp/robot_ws/build/ros2_pca9685' returned '0': CMAKE_PREFIX_PATH=${CMAKE_PREFIX_PATH}:/home/rasp/robot_ws/install/my_servo_controller:/opt/ros/jazzy DEBUGINFOD_URLS=https://debuginfod.ubuntu.com /usr/bin/cmake --install /home/rasp/robot_ws/build/ros2_pca9685
[1.435s] Level 1:colcon.colcon_core.environment:checking '/home/rasp/robot_ws/install/ros2_pca9685' for CMake config files
[1.436s] Level 1:colcon.colcon_core.shell:create_environment_hook('ros2_pca9685', 'cmake_prefix_path')
[1.437s] INFO:colcon.colcon_core.shell:Creating environment hook '/home/rasp/robot_ws/install/ros2_pca9685/share/ros2_pca9685/hook/cmake_prefix_path.ps1'
[1.437s] INFO:colcon.colcon_core.shell:Creating environment descriptor '/home/rasp/robot_ws/install/ros2_pca9685/share/ros2_pca9685/hook/cmake_prefix_path.dsv'
[1.439s] INFO:colcon.colcon_core.shell:Creating environment hook '/home/rasp/robot_ws/install/ros2_pca9685/share/ros2_pca9685/hook/cmake_prefix_path.sh'
[1.440s] Level 1:colcon.colcon_core.environment:checking '/home/rasp/robot_ws/install/ros2_pca9685/lib'
[1.440s] Level 1:colcon.colcon_core.shell:create_environment_hook('ros2_pca9685', 'ld_library_path_lib')
[1.441s] INFO:colcon.colcon_core.shell:Creating environment hook '/home/rasp/robot_ws/install/ros2_pca9685/share/ros2_pca9685/hook/ld_library_path_lib.ps1'
[1.442s] INFO:colcon.colcon_core.shell:Creating environment descriptor '/home/rasp/robot_ws/install/ros2_pca9685/share/ros2_pca9685/hook/ld_library_path_lib.dsv'
[1.443s] INFO:colcon.colcon_core.shell:Creating environment hook '/home/rasp/robot_ws/install/ros2_pca9685/share/ros2_pca9685/hook/ld_library_path_lib.sh'
[1.444s] Level 1:colcon.colcon_core.environment:checking '/home/rasp/robot_ws/install/ros2_pca9685/bin'
[1.444s] Level 1:colcon.colcon_core.environment:checking '/home/rasp/robot_ws/install/ros2_pca9685/lib/pkgconfig/ros2_pca9685.pc'
[1.444s] Level 1:colcon.colcon_core.environment:checking '/home/rasp/robot_ws/install/ros2_pca9685/lib/python3.12/site-packages'
[1.444s] Level 1:colcon.colcon_core.shell:create_environment_hook('ros2_pca9685', 'pythonpath')
[1.445s] INFO:colcon.colcon_core.shell:Creating environment hook '/home/rasp/robot_ws/install/ros2_pca9685/share/ros2_pca9685/hook/pythonpath.ps1'
[1.445s] INFO:colcon.colcon_core.shell:Creating environment descriptor '/home/rasp/robot_ws/install/ros2_pca9685/share/ros2_pca9685/hook/pythonpath.dsv'
[1.446s] INFO:colcon.colcon_core.shell:Creating environment hook '/home/rasp/robot_ws/install/ros2_pca9685/share/ros2_pca9685/hook/pythonpath.sh'
[1.448s] Level 1:colcon.colcon_core.environment:checking '/home/rasp/robot_ws/install/ros2_pca9685/bin'
[1.449s] INFO:colcon.colcon_core.shell:Creating package script '/home/rasp/robot_ws/install/ros2_pca9685/share/ros2_pca9685/package.ps1'
[1.449s] INFO:colcon.colcon_core.shell:Creating package descriptor '/home/rasp/robot_ws/install/ros2_pca9685/share/ros2_pca9685/package.dsv'
[1.450s] INFO:colcon.colcon_core.shell:Creating package script '/home/rasp/robot_ws/install/ros2_pca9685/share/ros2_pca9685/package.sh'
[1.453s] INFO:colcon.colcon_core.shell:Creating package script '/home/rasp/robot_ws/install/ros2_pca9685/share/ros2_pca9685/package.bash'
[1.454s] INFO:colcon.colcon_core.shell:Creating package script '/home/rasp/robot_ws/install/ros2_pca9685/share/ros2_pca9685/package.zsh'
[1.455s] Level 1:colcon.colcon_core.environment:create_file_with_runtime_dependencies(/home/rasp/robot_ws/install/ros2_pca9685/share/colcon-core/packages/ros2_pca9685)
[1.457s] Level 1:colcon.colcon_core.environment:create_environment_scripts_only(ros2_pca9685)
[1.457s] Level 1:colcon.colcon_core.environment:checking '/home/rasp/robot_ws/install/ros2_pca9685' for CMake module files
[1.458s] Level 1:colcon.colcon_core.environment:checking '/home/rasp/robot_ws/install/ros2_pca9685' for CMake config files
[1.459s] Level 1:colcon.colcon_core.shell:create_environment_hook('ros2_pca9685', 'cmake_prefix_path')
[1.459s] INFO:colcon.colcon_core.shell:Creating environment hook '/home/rasp/robot_ws/install/ros2_pca9685/share/ros2_pca9685/hook/cmake_prefix_path.ps1'
[1.460s] INFO:colcon.colcon_core.shell:Creating environment descriptor '/home/rasp/robot_ws/install/ros2_pca9685/share/ros2_pca9685/hook/cmake_prefix_path.dsv'
[1.461s] INFO:colcon.colcon_core.shell:Creating environment hook '/home/rasp/robot_ws/install/ros2_pca9685/share/ros2_pca9685/hook/cmake_prefix_path.sh'
[1.462s] Level 1:colcon.colcon_core.environment:checking '/home/rasp/robot_ws/install/ros2_pca9685/lib'
[1.462s] Level 1:colcon.colcon_core.shell:create_environment_hook('ros2_pca9685', 'ld_library_path_lib')
[1.463s] INFO:colcon.colcon_core.shell:Creating environment hook '/home/rasp/robot_ws/install/ros2_pca9685/share/ros2_pca9685/hook/ld_library_path_lib.ps1'
[1.464s] INFO:colcon.colcon_core.shell:Creating environment descriptor '/home/rasp/robot_ws/install/ros2_pca9685/share/ros2_pca9685/hook/ld_library_path_lib.dsv'
[1.465s] INFO:colcon.colcon_core.shell:Creating environment hook '/home/rasp/robot_ws/install/ros2_pca9685/share/ros2_pca9685/hook/ld_library_path_lib.sh'
[1.466s] Level 1:colcon.colcon_core.environment:checking '/home/rasp/robot_ws/install/ros2_pca9685/bin'
[1.466s] Level 1:colcon.colcon_core.environment:checking '/home/rasp/robot_ws/install/ros2_pca9685/lib/pkgconfig/ros2_pca9685.pc'
[1.467s] Level 1:colcon.colcon_core.environment:checking '/home/rasp/robot_ws/install/ros2_pca9685/lib/python3.12/site-packages'
[1.467s] Level 1:colcon.colcon_core.shell:create_environment_hook('ros2_pca9685', 'pythonpath')
[1.467s] INFO:colcon.colcon_core.shell:Creating environment hook '/home/rasp/robot_ws/install/ros2_pca9685/share/ros2_pca9685/hook/pythonpath.ps1'
[1.468s] INFO:colcon.colcon_core.shell:Creating environment descriptor '/home/rasp/robot_ws/install/ros2_pca9685/share/ros2_pca9685/hook/pythonpath.dsv'
[1.469s] INFO:colcon.colcon_core.shell:Creating environment hook '/home/rasp/robot_ws/install/ros2_pca9685/share/ros2_pca9685/hook/pythonpath.sh'
[1.470s] Level 1:colcon.colcon_core.environment:checking '/home/rasp/robot_ws/install/ros2_pca9685/bin'
[1.471s] INFO:colcon.colcon_core.shell:Creating package script '/home/rasp/robot_ws/install/ros2_pca9685/share/ros2_pca9685/package.ps1'
[1.472s] INFO:colcon.colcon_core.shell:Creating package descriptor '/home/rasp/robot_ws/install/ros2_pca9685/share/ros2_pca9685/package.dsv'
[1.473s] INFO:colcon.colcon_core.shell:Creating package script '/home/rasp/robot_ws/install/ros2_pca9685/share/ros2_pca9685/package.sh'
[1.474s] INFO:colcon.colcon_core.shell:Creating package script '/home/rasp/robot_ws/install/ros2_pca9685/share/ros2_pca9685/package.bash'
[1.475s] INFO:colcon.colcon_core.shell:Creating package script '/home/rasp/robot_ws/install/ros2_pca9685/share/ros2_pca9685/package.zsh'
[1.476s] Level 1:colcon.colcon_core.environment:create_file_with_runtime_dependencies(/home/rasp/robot_ws/install/ros2_pca9685/share/colcon-core/packages/ros2_pca9685)
[15.307s] DEBUG:colcon.colcon_core.event_handler.log_command:Invoked command in '/home/rasp/robot_ws/build/servo_interfaces' returned '0': CMAKE_PREFIX_PATH=${CMAKE_PREFIX_PATH}:/home/rasp/robot_ws/install/my_servo_controller:/opt/ros/jazzy DEBUGINFOD_URLS=https://debuginfod.ubuntu.com /usr/bin/cmake --build /home/rasp/robot_ws/build/servo_interfaces -- -j4 -l4
[15.309s] DEBUG:colcon.colcon_core.event_handler.log_command:Invoking command in '/home/rasp/robot_ws/build/servo_interfaces': CMAKE_PREFIX_PATH=${CMAKE_PREFIX_PATH}:/home/rasp/robot_ws/install/my_servo_controller:/opt/ros/jazzy DEBUGINFOD_URLS=https://debuginfod.ubuntu.com /usr/bin/cmake --install /home/rasp/robot_ws/build/servo_interfaces
[15.463s] Level 1:colcon.colcon_core.environment:create_environment_scripts_only(servo_interfaces)
[15.464s] Level 1:colcon.colcon_core.environment:checking '/home/rasp/robot_ws/install/servo_interfaces' for CMake module files
[15.464s] DEBUG:colcon.colcon_core.event_handler.log_command:Invoked command in '/home/rasp/robot_ws/build/servo_interfaces' returned '0': CMAKE_PREFIX_PATH=${CMAKE_PREFIX_PATH}:/home/rasp/robot_ws/install/my_servo_controller:/opt/ros/jazzy DEBUGINFOD_URLS=https://debuginfod.ubuntu.com /usr/bin/cmake --install /home/rasp/robot_ws/build/servo_interfaces
[15.465s] Level 1:colcon.colcon_core.environment:checking '/home/rasp/robot_ws/install/servo_interfaces' for CMake config files
[15.465s] Level 1:colcon.colcon_core.shell:create_environment_hook('servo_interfaces', 'cmake_prefix_path')
[15.466s] INFO:colcon.colcon_core.shell:Creating environment hook '/home/rasp/robot_ws/install/servo_interfaces/share/servo_interfaces/hook/cmake_prefix_path.ps1'
[15.466s] INFO:colcon.colcon_core.shell:Creating environment descriptor '/home/rasp/robot_ws/install/servo_interfaces/share/servo_interfaces/hook/cmake_prefix_path.dsv'
[15.467s] INFO:colcon.colcon_core.shell:Creating environment hook '/home/rasp/robot_ws/install/servo_interfaces/share/servo_interfaces/hook/cmake_prefix_path.sh'
[15.469s] Level 1:colcon.colcon_core.environment:checking '/home/rasp/robot_ws/install/servo_interfaces/lib'
[15.469s] Level 1:colcon.colcon_core.shell:create_environment_hook('servo_interfaces', 'ld_library_path_lib')
[15.469s] INFO:colcon.colcon_core.shell:Creating environment hook '/home/rasp/robot_ws/install/servo_interfaces/share/servo_interfaces/hook/ld_library_path_lib.ps1'
[15.469s] INFO:colcon.colcon_core.shell:Creating environment descriptor '/home/rasp/robot_ws/install/servo_interfaces/share/servo_interfaces/hook/ld_library_path_lib.dsv'
[15.471s] INFO:colcon.colcon_core.shell:Creating environment hook '/home/rasp/robot_ws/install/servo_interfaces/share/servo_interfaces/hook/ld_library_path_lib.sh'
[15.472s] Level 1:colcon.colcon_core.environment:checking '/home/rasp/robot_ws/install/servo_interfaces/bin'
[15.472s] Level 1:colcon.colcon_core.environment:checking '/home/rasp/robot_ws/install/servo_interfaces/lib/pkgconfig/servo_interfaces.pc'
[15.472s] Level 1:colcon.colcon_core.environment:checking '/home/rasp/robot_ws/install/servo_interfaces/lib/python3.12/site-packages'
[15.472s] Level 1:colcon.colcon_core.shell:create_environment_hook('servo_interfaces', 'pythonpath')
[15.472s] INFO:colcon.colcon_core.shell:Creating environment hook '/home/rasp/robot_ws/install/servo_interfaces/share/servo_interfaces/hook/pythonpath.ps1'
[15.473s] INFO:colcon.colcon_core.shell:Creating environment descriptor '/home/rasp/robot_ws/install/servo_interfaces/share/servo_interfaces/hook/pythonpath.dsv'
[15.474s] INFO:colcon.colcon_core.shell:Creating environment hook '/home/rasp/robot_ws/install/servo_interfaces/share/servo_interfaces/hook/pythonpath.sh'
[15.476s] Level 1:colcon.colcon_core.environment:checking '/home/rasp/robot_ws/install/servo_interfaces/bin'
[15.476s] INFO:colcon.colcon_core.shell:Creating package script '/home/rasp/robot_ws/install/servo_interfaces/share/servo_interfaces/package.ps1'
[15.479s] INFO:colcon.colcon_core.shell:Creating package descriptor '/home/rasp/robot_ws/install/servo_interfaces/share/servo_interfaces/package.dsv'
[15.480s] INFO:colcon.colcon_core.shell:Creating package script '/home/rasp/robot_ws/install/servo_interfaces/share/servo_interfaces/package.sh'
[15.481s] INFO:colcon.colcon_core.shell:Creating package script '/home/rasp/robot_ws/install/servo_interfaces/share/servo_interfaces/package.bash'
[15.482s] INFO:colcon.colcon_core.shell:Creating package script '/home/rasp/robot_ws/install/servo_interfaces/share/servo_interfaces/package.zsh'
[15.483s] Level 1:colcon.colcon_core.environment:create_file_with_runtime_dependencies(/home/rasp/robot_ws/install/servo_interfaces/share/colcon-core/packages/servo_interfaces)
[15.485s] Level 1:colcon.colcon_core.environment:create_environment_scripts_only(servo_interfaces)
[15.485s] Level 1:colcon.colcon_core.environment:checking '/home/rasp/robot_ws/install/servo_interfaces' for CMake module files
[15.486s] Level 1:colcon.colcon_core.environment:checking '/home/rasp/robot_ws/install/servo_interfaces' for CMake config files
[15.486s] Level 1:colcon.colcon_core.shell:create_environment_hook('servo_interfaces', 'cmake_prefix_path')
[15.486s] INFO:colcon.colcon_core.shell:Creating environment hook '/home/rasp/robot_ws/install/servo_interfaces/share/servo_interfaces/hook/cmake_prefix_path.ps1'
[15.487s] INFO:colcon.colcon_core.shell:Creating environment descriptor '/home/rasp/robot_ws/install/servo_interfaces/share/servo_interfaces/hook/cmake_prefix_path.dsv'
[15.488s] INFO:colcon.colcon_core.shell:Creating environment hook '/home/rasp/robot_ws/install/servo_interfaces/share/servo_interfaces/hook/cmake_prefix_path.sh'
[15.490s] Level 1:colcon.colcon_core.environment:checking '/home/rasp/robot_ws/install/servo_interfaces/lib'
[15.490s] Level 1:colcon.colcon_core.shell:create_environment_hook('servo_interfaces', 'ld_library_path_lib')
[15.490s] INFO:colcon.colcon_core.shell:Creating environment hook '/home/rasp/robot_ws/install/servo_interfaces/share/servo_interfaces/hook/ld_library_path_lib.ps1'
[15.491s] INFO:colcon.colcon_core.shell:Creating environment descriptor '/home/rasp/robot_ws/install/servo_interfaces/share/servo_interfaces/hook/ld_library_path_lib.dsv'
[15.492s] INFO:colcon.colcon_core.shell:Creating environment hook '/home/rasp/robot_ws/install/servo_interfaces/share/servo_interfaces/hook/ld_library_path_lib.sh'
[15.493s] Level 1:colcon.colcon_core.environment:checking '/home/rasp/robot_ws/install/servo_interfaces/bin'
[15.493s] Level 1:colcon.colcon_core.environment:checking '/home/rasp/robot_ws/install/servo_interfaces/lib/pkgconfig/servo_interfaces.pc'
[15.494s] Level 1:colcon.colcon_core.environment:checking '/home/rasp/robot_ws/install/servo_interfaces/lib/python3.12/site-packages'
[15.494s] Level 1:colcon.colcon_core.shell:create_environment_hook('servo_interfaces', 'pythonpath')
[15.494s] INFO:colcon.colcon_core.shell:Creating environment hook '/home/rasp/robot_ws/install/servo_interfaces/share/servo_interfaces/hook/pythonpath.ps1'
[15.495s] INFO:colcon.colcon_core.shell:Creating environment descriptor '/home/rasp/robot_ws/install/servo_interfaces/share/servo_interfaces/hook/pythonpath.dsv'
[15.496s] INFO:colcon.colcon_core.shell:Creating environment hook '/home/rasp/robot_ws/install/servo_interfaces/share/servo_interfaces/hook/pythonpath.sh'
[15.497s] Level 1:colcon.colcon_core.environment:checking '/home/rasp/robot_ws/install/servo_interfaces/bin'
[15.498s] INFO:colcon.colcon_core.shell:Creating package script '/home/rasp/robot_ws/install/servo_interfaces/share/servo_interfaces/package.ps1'
[15.499s] INFO:colcon.colcon_core.shell:Creating package descriptor '/home/rasp/robot_ws/install/servo_interfaces/share/servo_interfaces/package.dsv'
[15.500s] INFO:colcon.colcon_core.shell:Creating package script '/home/rasp/robot_ws/install/servo_interfaces/share/servo_interfaces/package.sh'
[15.501s] INFO:colcon.colcon_core.shell:Creating package script '/home/rasp/robot_ws/install/servo_interfaces/share/servo_interfaces/package.bash'
[15.502s] INFO:colcon.colcon_core.shell:Creating package script '/home/rasp/robot_ws/install/servo_interfaces/share/servo_interfaces/package.zsh'
[15.503s] Level 1:colcon.colcon_core.environment:create_file_with_runtime_dependencies(/home/rasp/robot_ws/install/servo_interfaces/share/colcon-core/packages/servo_interfaces)
[15.507s] INFO:colcon.colcon_ros.task.ament_python.build:Building ROS package in '/home/rasp/robot_ws/src/my_servo_controller' with build type 'ament_python'
[15.507s] Level 1:colcon.colcon_core.shell:create_environment_hook('my_servo_controller', 'ament_prefix_path')
[15.508s] INFO:colcon.colcon_core.shell:Creating environment hook '/home/rasp/robot_ws/install/my_servo_controller/share/my_servo_controller/hook/ament_prefix_path.ps1'
[15.509s] INFO:colcon.colcon_core.shell:Creating environment descriptor '/home/rasp/robot_ws/install/my_servo_controller/share/my_servo_controller/hook/ament_prefix_path.dsv'
[15.509s] INFO:colcon.colcon_core.shell:Creating environment hook '/home/rasp/robot_ws/install/my_servo_controller/share/my_servo_controller/hook/ament_prefix_path.sh'
[15.510s] INFO:colcon.colcon_core.shell:Skip shell extension 'powershell' for command environment: Not usable outside of PowerShell
[15.510s] DEBUG:colcon.colcon_core.shell:Skip shell extension 'dsv' for command environment
[15.894s] INFO:colcon.colcon_core.task.python.build:Building Python package in '/home/rasp/robot_ws/src/my_servo_controller'
[15.895s] INFO:colcon.colcon_core.shell:Skip shell extension 'powershell' for command environment: Not usable outside of PowerShell
[15.895s] DEBUG:colcon.colcon_core.shell:Skip shell extension 'dsv' for command environment
[16.836s] DEBUG:colcon.colcon_core.event_handler.log_command:Invoking command in '/home/rasp/robot_ws/src/my_servo_controller': DEBUGINFOD_URLS=https://debuginfod.ubuntu.com PYTHONPATH=/home/rasp/robot_ws/build/my_servo_controller/prefix_override:/usr/lib/python3/dist-packages/colcon_core/task/python/colcon_distutils_commands:/home/rasp/robot_ws/install/my_servo_controller/lib/python3.12/site-packages:/home/rasp/robot_ws/install/servo_interfaces/lib/python3.12/site-packages:/home/rasp/robot_ws/install/my_servo_controller/lib/python3.12/site-packages:/home/rasp/robot_ws/install/ros2_pca9685/lib/python3.12/site-packages:/opt/ros/jazzy/lib/python3.12/site-packages /usr/bin/python3 -W ignore:setup.py install is deprecated -W ignore:easy_install command is deprecated setup.py egg_info --egg-base ../../build/my_servo_controller build --build-base /home/rasp/robot_ws/build/my_servo_controller/build install --record /home/rasp/robot_ws/build/my_servo_controller/install.log --single-version-externally-managed install_data
[17.699s] Level 1:colcon.colcon_core.environment:checking '/home/rasp/robot_ws/install/my_servo_controller' for CMake module files
[17.700s] DEBUG:colcon.colcon_core.event_handler.log_command:Invoked command in '/home/rasp/robot_ws/src/my_servo_controller' returned '0': DEBUGINFOD_URLS=https://debuginfod.ubuntu.com PYTHONPATH=/home/rasp/robot_ws/build/my_servo_controller/prefix_override:/usr/lib/python3/dist-packages/colcon_core/task/python/colcon_distutils_commands:/home/rasp/robot_ws/install/my_servo_controller/lib/python3.12/site-packages:/home/rasp/robot_ws/install/servo_interfaces/lib/python3.12/site-packages:/home/rasp/robot_ws/install/my_servo_controller/lib/python3.12/site-packages:/home/rasp/robot_ws/install/ros2_pca9685/lib/python3.12/site-packages:/opt/ros/jazzy/lib/python3.12/site-packages /usr/bin/python3 -W ignore:setup.py install is deprecated -W ignore:easy_install command is deprecated setup.py egg_info --egg-base ../../build/my_servo_controller build --build-base /home/rasp/robot_ws/build/my_servo_controller/build install --record /home/rasp/robot_ws/build/my_servo_controller/install.log --single-version-externally-managed install_data
[17.700s] Level 1:colcon.colcon_core.environment:checking '/home/rasp/robot_ws/install/my_servo_controller' for CMake config files
[17.701s] Level 1:colcon.colcon_core.environment:checking '/home/rasp/robot_ws/install/my_servo_controller/lib'
[17.701s] Level 1:colcon.colcon_core.environment:checking '/home/rasp/robot_ws/install/my_servo_controller/bin'
[17.701s] Level 1:colcon.colcon_core.environment:checking '/home/rasp/robot_ws/install/my_servo_controller/lib/pkgconfig/my_servo_controller.pc'
[17.701s] Level 1:colcon.colcon_core.environment:checking '/home/rasp/robot_ws/install/my_servo_controller/lib/python3.12/site-packages'
[17.701s] Level 1:colcon.colcon_core.shell:create_environment_hook('my_servo_controller', 'pythonpath')
[17.702s] INFO:colcon.colcon_core.shell:Creating environment hook '/home/rasp/robot_ws/install/my_servo_controller/share/my_servo_controller/hook/pythonpath.ps1'
[17.702s] INFO:colcon.colcon_core.shell:Creating environment descriptor '/home/rasp/robot_ws/install/my_servo_controller/share/my_servo_controller/hook/pythonpath.dsv'
[17.703s] INFO:colcon.colcon_core.shell:Creating environment hook '/home/rasp/robot_ws/install/my_servo_controller/share/my_servo_controller/hook/pythonpath.sh'
[17.704s] Level 1:colcon.colcon_core.environment:checking '/home/rasp/robot_ws/install/my_servo_controller/bin'
[17.704s] Level 1:colcon.colcon_core.environment:create_environment_scripts_only(my_servo_controller)
[17.704s] INFO:colcon.colcon_core.shell:Creating package script '/home/rasp/robot_ws/install/my_servo_controller/share/my_servo_controller/package.ps1'
[17.705s] INFO:colcon.colcon_core.shell:Creating package descriptor '/home/rasp/robot_ws/install/my_servo_controller/share/my_servo_controller/package.dsv'
[17.705s] INFO:colcon.colcon_core.shell:Creating package script '/home/rasp/robot_ws/install/my_servo_controller/share/my_servo_controller/package.sh'
[17.706s] INFO:colcon.colcon_core.shell:Creating package script '/home/rasp/robot_ws/install/my_servo_controller/share/my_servo_controller/package.bash'
[17.706s] INFO:colcon.colcon_core.shell:Creating package script '/home/rasp/robot_ws/install/my_servo_controller/share/my_servo_controller/package.zsh'
[17.706s] Level 1:colcon.colcon_core.environment:create_file_with_runtime_dependencies(/home/rasp/robot_ws/install/my_servo_controller/share/colcon-core/packages/my_servo_controller)
[17.707s] DEBUG:colcon.colcon_parallel_executor.executor.parallel:closing loop
[17.707s] DEBUG:colcon.colcon_parallel_executor.executor.parallel:loop closed
[17.708s] DEBUG:colcon.colcon_parallel_executor.executor.parallel:run_until_complete finished with '0'
[17.708s] DEBUG:colcon.colcon_core.event_reactor:joining thread
[17.717s] INFO:colcon.colcon_core.plugin_system:Skipping extension 'colcon_notification.desktop_notification.terminal_notifier': Not used on non-Darwin systems
[17.717s] INFO:colcon.colcon_core.plugin_system:Skipping extension 'colcon_notification.desktop_notification.win32': Not used on non-Windows systems
[17.717s] INFO:colcon.colcon_notification.desktop_notification:Sending desktop notification using 'notify2'
[17.745s] DEBUG:colcon.colcon_core.event_reactor:joined thread
[17.745s] INFO:colcon.colcon_core.shell:Creating prefix script '/home/rasp/robot_ws/install/local_setup.ps1'
[17.747s] INFO:colcon.colcon_core.shell:Creating prefix util module '/home/rasp/robot_ws/install/_local_setup_util_ps1.py'
[17.749s] INFO:colcon.colcon_core.shell:Creating prefix chain script '/home/rasp/robot_ws/install/setup.ps1'
[17.751s] INFO:colcon.colcon_core.shell:Creating prefix script '/home/rasp/robot_ws/install/local_setup.sh'
[17.752s] INFO:colcon.colcon_core.shell:Creating prefix util module '/home/rasp/robot_ws/install/_local_setup_util_sh.py'
[17.753s] INFO:colcon.colcon_core.shell:Creating prefix chain script '/home/rasp/robot_ws/install/setup.sh'
[17.755s] INFO:colcon.colcon_core.shell:Creating prefix script '/home/rasp/robot_ws/install/local_setup.bash'
[17.756s] INFO:colcon.colcon_core.shell:Creating prefix chain script '/home/rasp/robot_ws/install/setup.bash'
[17.757s] INFO:colcon.colcon_core.shell:Creating prefix script '/home/rasp/robot_ws/install/local_setup.zsh'
[17.758s] INFO:colcon.colcon_core.shell:Creating prefix chain script '/home/rasp/robot_ws/install/setup.zsh'
