[0.039s] Invoking command in '/home/rasp/robot_ws/build/servo_interfaces': CMAKE_PREFIX_PATH=${CMAKE_PREFIX_PATH}:/opt/ros/jazzy DEBUGINFOD_URLS=https://debuginfod.ubuntu.com /usr/bin/cmake --build /home/rasp/robot_ws/build/servo_interfaces -- -j4 -l4
[0.242s] [  1%] Built target servo_interfaces__rosidl_generator_type_description
[0.266s] [  1%] Built target ament_cmake_python_symlink_servo_interfaces
[0.335s] [  3%] Built target servo_interfaces__cpp
[0.377s] [ 24%] Built target servo_interfaces__rosidl_generator_c
[0.527s] [ 33%] Built target servo_interfaces__rosidl_typesupport_introspection_c
[0.572s] [ 42%] Built target servo_interfaces__rosidl_typesupport_cpp
[0.583s] [ 51%] Built target servo_interfaces__rosidl_typesupport_fastrtps_c
[0.700s] [ 61%] Built target servo_interfaces__rosidl_typesupport_c
[0.719s] [ 70%] Built target servo_interfaces__rosidl_typesupport_fastrtps_cpp
[0.732s] [ 79%] Built target servo_interfaces__rosidl_typesupport_introspection_cpp
[0.809s] [ 79%] Built target servo_interfaces
[0.882s] [ 81%] Built target servo_interfaces__py
[0.949s] [ 88%] Built target servo_interfaces__rosidl_generator_py
[1.016s] running egg_info
[1.062s] [ 92%] Built target servo_interfaces_s__rosidl_typesupport_introspection_c
[1.071s] [ 96%] Built target servo_interfaces_s__rosidl_typesupport_fastrtps_c
[1.075s] [100%] Built target servo_interfaces_s__rosidl_typesupport_c
[1.087s] writing servo_interfaces.egg-info/PKG-INFO
[1.088s] writing dependency_links to servo_interfaces.egg-info/dependency_links.txt
[1.093s] writing top-level names to servo_interfaces.egg-info/top_level.txt
[1.191s] reading manifest file 'servo_interfaces.egg-info/SOURCES.txt'
[1.193s] writing manifest file 'servo_interfaces.egg-info/SOURCES.txt'
[1.291s] [100%] Built target ament_cmake_python_build_servo_interfaces_egg
[1.316s] Invoked command in '/home/rasp/robot_ws/build/servo_interfaces' returned '0': CMAKE_PREFIX_PATH=${CMAKE_PREFIX_PATH}:/opt/ros/jazzy DEBUGINFOD_URLS=https://debuginfod.ubuntu.com /usr/bin/cmake --build /home/rasp/robot_ws/build/servo_interfaces -- -j4 -l4
[1.322s] Invoking command in '/home/rasp/robot_ws/build/servo_interfaces': CMAKE_PREFIX_PATH=${CMAKE_PREFIX_PATH}:/opt/ros/jazzy DEBUGINFOD_URLS=https://debuginfod.ubuntu.com /usr/bin/cmake --install /home/rasp/robot_ws/build/servo_interfaces
[1.341s] -- Install configuration: ""
[1.344s] -- Execute custom install script
[1.344s] -- Up-to-date symlink: /home/rasp/robot_ws/install/servo_interfaces/share/ament_index/resource_index/rosidl_interfaces/servo_interfaces
[1.344s] -- Up-to-date symlink: /home/rasp/robot_ws/install/servo_interfaces/share/servo_interfaces/msg/SetPwm.json
[1.344s] -- Up-to-date symlink: /home/rasp/robot_ws/install/servo_interfaces/share/servo_interfaces/srv/MotorAngle.json
[1.345s] -- Up-to-date symlink: /home/rasp/robot_ws/install/servo_interfaces/share/servo_interfaces/action/MotorAngle.json
[1.345s] -- Up-to-date symlink: /home/rasp/robot_ws/install/servo_interfaces/include/servo_interfaces/servo_interfaces/action/detail/motor_angle__functions.h
[1.346s] -- Up-to-date symlink: /home/rasp/robot_ws/install/servo_interfaces/include/servo_interfaces/servo_interfaces/action/detail/motor_angle__struct.h
[1.346s] -- Up-to-date symlink: /home/rasp/robot_ws/install/servo_interfaces/include/servo_interfaces/servo_interfaces/action/detail/motor_angle__type_support.h
[1.346s] -- Up-to-date symlink: /home/rasp/robot_ws/install/servo_interfaces/include/servo_interfaces/servo_interfaces/action/motor_angle.h
[1.346s] -- Up-to-date symlink: /home/rasp/robot_ws/install/servo_interfaces/include/servo_interfaces/servo_interfaces/msg/detail/set_pwm__functions.h
[1.346s] -- Up-to-date symlink: /home/rasp/robot_ws/install/servo_interfaces/include/servo_interfaces/servo_interfaces/msg/detail/set_pwm__struct.h
[1.347s] -- Up-to-date symlink: /home/rasp/robot_ws/install/servo_interfaces/include/servo_interfaces/servo_interfaces/msg/detail/set_pwm__type_support.h
[1.348s] -- Up-to-date symlink: /home/rasp/robot_ws/install/servo_interfaces/include/servo_interfaces/servo_interfaces/msg/rosidl_generator_c__visibility_control.h
[1.348s] -- Up-to-date symlink: /home/rasp/robot_ws/install/servo_interfaces/include/servo_interfaces/servo_interfaces/msg/set_pwm.h
[1.348s] -- Up-to-date symlink: /home/rasp/robot_ws/install/servo_interfaces/include/servo_interfaces/servo_interfaces/srv/detail/motor_angle__functions.h
[1.349s] -- Up-to-date symlink: /home/rasp/robot_ws/install/servo_interfaces/include/servo_interfaces/servo_interfaces/srv/detail/motor_angle__struct.h
[1.349s] -- Up-to-date symlink: /home/rasp/robot_ws/install/servo_interfaces/include/servo_interfaces/servo_interfaces/srv/detail/motor_angle__type_support.h
[1.349s] -- Up-to-date symlink: /home/rasp/robot_ws/install/servo_interfaces/include/servo_interfaces/servo_interfaces/srv/motor_angle.h
[1.349s] -- Up-to-date symlink: /home/rasp/robot_ws/install/servo_interfaces/share/servo_interfaces/environment/library_path.sh
[1.349s] -- Up-to-date symlink: /home/rasp/robot_ws/install/servo_interfaces/share/servo_interfaces/environment/library_path.dsv
[1.349s] -- Up-to-date symlink: /home/rasp/robot_ws/install/servo_interfaces/include/servo_interfaces/servo_interfaces/action/detail/motor_angle__rosidl_typesupport_fastrtps_c.h
[1.349s] -- Up-to-date symlink: /home/rasp/robot_ws/install/servo_interfaces/include/servo_interfaces/servo_interfaces/msg/detail/set_pwm__rosidl_typesupport_fastrtps_c.h
[1.350s] -- Up-to-date symlink: /home/rasp/robot_ws/install/servo_interfaces/include/servo_interfaces/servo_interfaces/msg/rosidl_typesupport_fastrtps_c__visibility_control.h
[1.350s] -- Up-to-date symlink: /home/rasp/robot_ws/install/servo_interfaces/include/servo_interfaces/servo_interfaces/srv/detail/motor_angle__rosidl_typesupport_fastrtps_c.h
[1.350s] -- Up-to-date symlink: /home/rasp/robot_ws/install/servo_interfaces/include/servo_interfaces/servo_interfaces/action/detail/motor_angle__rosidl_typesupport_introspection_c.h
[1.350s] -- Up-to-date symlink: /home/rasp/robot_ws/install/servo_interfaces/include/servo_interfaces/servo_interfaces/msg/detail/set_pwm__rosidl_typesupport_introspection_c.h
[1.350s] -- Up-to-date symlink: /home/rasp/robot_ws/install/servo_interfaces/include/servo_interfaces/servo_interfaces/msg/rosidl_typesupport_introspection_c__visibility_control.h
[1.350s] -- Up-to-date symlink: /home/rasp/robot_ws/install/servo_interfaces/include/servo_interfaces/servo_interfaces/srv/detail/motor_angle__rosidl_typesupport_introspection_c.h
[1.351s] -- Up-to-date symlink: /home/rasp/robot_ws/install/servo_interfaces/include/servo_interfaces/servo_interfaces/action/detail/motor_angle__builder.hpp
[1.351s] -- Up-to-date symlink: /home/rasp/robot_ws/install/servo_interfaces/include/servo_interfaces/servo_interfaces/action/detail/motor_angle__struct.hpp
[1.352s] -- Up-to-date symlink: /home/rasp/robot_ws/install/servo_interfaces/include/servo_interfaces/servo_interfaces/action/detail/motor_angle__traits.hpp
[1.352s] -- Up-to-date symlink: /home/rasp/robot_ws/install/servo_interfaces/include/servo_interfaces/servo_interfaces/action/detail/motor_angle__type_support.hpp
[1.352s] -- Up-to-date symlink: /home/rasp/robot_ws/install/servo_interfaces/include/servo_interfaces/servo_interfaces/action/motor_angle.hpp
[1.352s] -- Up-to-date symlink: /home/rasp/robot_ws/install/servo_interfaces/include/servo_interfaces/servo_interfaces/msg/detail/set_pwm__builder.hpp
[1.352s] -- Up-to-date symlink: /home/rasp/robot_ws/install/servo_interfaces/include/servo_interfaces/servo_interfaces/msg/detail/set_pwm__struct.hpp
[1.353s] -- Up-to-date symlink: /home/rasp/robot_ws/install/servo_interfaces/include/servo_interfaces/servo_interfaces/msg/detail/set_pwm__traits.hpp
[1.353s] -- Up-to-date symlink: /home/rasp/robot_ws/install/servo_interfaces/include/servo_interfaces/servo_interfaces/msg/detail/set_pwm__type_support.hpp
[1.353s] -- Up-to-date symlink: /home/rasp/robot_ws/install/servo_interfaces/include/servo_interfaces/servo_interfaces/msg/rosidl_generator_cpp__visibility_control.hpp
[1.353s] -- Up-to-date symlink: /home/rasp/robot_ws/install/servo_interfaces/include/servo_interfaces/servo_interfaces/msg/set_pwm.hpp
[1.353s] -- Up-to-date symlink: /home/rasp/robot_ws/install/servo_interfaces/include/servo_interfaces/servo_interfaces/srv/detail/motor_angle__builder.hpp
[1.353s] -- Up-to-date symlink: /home/rasp/robot_ws/install/servo_interfaces/include/servo_interfaces/servo_interfaces/srv/detail/motor_angle__struct.hpp
[1.353s] -- Up-to-date symlink: /home/rasp/robot_ws/install/servo_interfaces/include/servo_interfaces/servo_interfaces/srv/detail/motor_angle__traits.hpp
[1.354s] -- Up-to-date symlink: /home/rasp/robot_ws/install/servo_interfaces/include/servo_interfaces/servo_interfaces/srv/detail/motor_angle__type_support.hpp
[1.354s] -- Up-to-date symlink: /home/rasp/robot_ws/install/servo_interfaces/include/servo_interfaces/servo_interfaces/srv/motor_angle.hpp
[1.355s] -- Up-to-date symlink: /home/rasp/robot_ws/install/servo_interfaces/include/servo_interfaces/servo_interfaces/action/detail/motor_angle__rosidl_typesupport_fastrtps_cpp.hpp
[1.355s] -- Up-to-date symlink: /home/rasp/robot_ws/install/servo_interfaces/include/servo_interfaces/servo_interfaces/msg/detail/set_pwm__rosidl_typesupport_fastrtps_cpp.hpp
[1.355s] -- Up-to-date symlink: /home/rasp/robot_ws/install/servo_interfaces/include/servo_interfaces/servo_interfaces/msg/rosidl_typesupport_fastrtps_cpp__visibility_control.h
[1.355s] -- Up-to-date symlink: /home/rasp/robot_ws/install/servo_interfaces/include/servo_interfaces/servo_interfaces/srv/detail/motor_angle__rosidl_typesupport_fastrtps_cpp.hpp
[1.356s] -- Up-to-date symlink: /home/rasp/robot_ws/install/servo_interfaces/include/servo_interfaces/servo_interfaces/action/detail/motor_angle__rosidl_typesupport_introspection_cpp.hpp
[1.356s] -- Up-to-date symlink: /home/rasp/robot_ws/install/servo_interfaces/include/servo_interfaces/servo_interfaces/msg/detail/set_pwm__rosidl_typesupport_introspection_cpp.hpp
[1.356s] -- Up-to-date symlink: /home/rasp/robot_ws/install/servo_interfaces/include/servo_interfaces/servo_interfaces/srv/detail/motor_angle__rosidl_typesupport_introspection_cpp.hpp
[1.357s] -- Up-to-date symlink: /home/rasp/robot_ws/install/servo_interfaces/share/servo_interfaces/environment/pythonpath.sh
[1.357s] -- Up-to-date symlink: /home/rasp/robot_ws/install/servo_interfaces/share/servo_interfaces/environment/pythonpath.dsv
[1.357s] -- Up-to-date symlink: /home/rasp/robot_ws/install/servo_interfaces/lib/python3.12/site-packages/servo_interfaces-0.0.0-py3.12.egg-info/PKG-INFO
[1.357s] -- Up-to-date symlink: /home/rasp/robot_ws/install/servo_interfaces/lib/python3.12/site-packages/servo_interfaces-0.0.0-py3.12.egg-info/SOURCES.txt
[1.357s] -- Up-to-date symlink: /home/rasp/robot_ws/install/servo_interfaces/lib/python3.12/site-packages/servo_interfaces-0.0.0-py3.12.egg-info/dependency_links.txt
[1.358s] -- Up-to-date symlink: /home/rasp/robot_ws/install/servo_interfaces/lib/python3.12/site-packages/servo_interfaces-0.0.0-py3.12.egg-info/top_level.txt
[1.359s] -- Up-to-date symlink: /home/rasp/robot_ws/install/servo_interfaces/lib/python3.12/site-packages/servo_interfaces/__init__.py
[1.359s] -- Up-to-date symlink: /home/rasp/robot_ws/install/servo_interfaces/lib/python3.12/site-packages/servo_interfaces/_servo_interfaces_s.ep.rosidl_typesupport_c.c
[1.359s] -- Up-to-date symlink: /home/rasp/robot_ws/install/servo_interfaces/lib/python3.12/site-packages/servo_interfaces/_servo_interfaces_s.ep.rosidl_typesupport_fastrtps_c.c
[1.359s] -- Up-to-date symlink: /home/rasp/robot_ws/install/servo_interfaces/lib/python3.12/site-packages/servo_interfaces/_servo_interfaces_s.ep.rosidl_typesupport_introspection_c.c
[1.359s] -- Up-to-date symlink: /home/rasp/robot_ws/install/servo_interfaces/lib/python3.12/site-packages/servo_interfaces/action/__init__.py
[1.360s] -- Up-to-date symlink: /home/rasp/robot_ws/install/servo_interfaces/lib/python3.12/site-packages/servo_interfaces/action/_motor_angle.py
[1.360s] -- Up-to-date symlink: /home/rasp/robot_ws/install/servo_interfaces/lib/python3.12/site-packages/servo_interfaces/action/_motor_angle_s.c
[1.360s] -- Up-to-date symlink: /home/rasp/robot_ws/install/servo_interfaces/lib/python3.12/site-packages/servo_interfaces/msg/__init__.py
[1.360s] -- Up-to-date symlink: /home/rasp/robot_ws/install/servo_interfaces/lib/python3.12/site-packages/servo_interfaces/msg/_set_pwm.py
[1.360s] -- Up-to-date symlink: /home/rasp/robot_ws/install/servo_interfaces/lib/python3.12/site-packages/servo_interfaces/msg/_set_pwm_s.c
[1.360s] -- Up-to-date symlink: /home/rasp/robot_ws/install/servo_interfaces/lib/python3.12/site-packages/servo_interfaces/servo_interfaces_s__rosidl_typesupport_c.so
[1.361s] -- Up-to-date symlink: /home/rasp/robot_ws/install/servo_interfaces/lib/python3.12/site-packages/servo_interfaces/servo_interfaces_s__rosidl_typesupport_fastrtps_c.so
[1.361s] -- Up-to-date symlink: /home/rasp/robot_ws/install/servo_interfaces/lib/python3.12/site-packages/servo_interfaces/servo_interfaces_s__rosidl_typesupport_introspection_c.so
[1.361s] -- Up-to-date symlink: /home/rasp/robot_ws/install/servo_interfaces/lib/python3.12/site-packages/servo_interfaces/srv/__init__.py
[1.361s] -- Up-to-date symlink: /home/rasp/robot_ws/install/servo_interfaces/lib/python3.12/site-packages/servo_interfaces/srv/_motor_angle.py
[1.361s] -- Up-to-date symlink: /home/rasp/robot_ws/install/servo_interfaces/lib/python3.12/site-packages/servo_interfaces/srv/_motor_angle_s.c
[1.362s] -- Up-to-date symlink: /home/rasp/robot_ws/install/servo_interfaces/lib/python3.12/site-packages/servo_interfaces/servo_interfaces_s__rosidl_typesupport_fastrtps_c.so
[1.363s] -- Up-to-date symlink: /home/rasp/robot_ws/install/servo_interfaces/lib/python3.12/site-packages/servo_interfaces/servo_interfaces_s__rosidl_typesupport_introspection_c.so
[1.364s] -- Up-to-date symlink: /home/rasp/robot_ws/install/servo_interfaces/lib/python3.12/site-packages/servo_interfaces/servo_interfaces_s__rosidl_typesupport_c.so
[1.364s] -- Up-to-date symlink: /home/rasp/robot_ws/install/servo_interfaces/share/servo_interfaces/msg/SetPwm.idl
[1.364s] -- Up-to-date symlink: /home/rasp/robot_ws/install/servo_interfaces/share/servo_interfaces/srv/MotorAngle.idl
[1.364s] -- Up-to-date symlink: /home/rasp/robot_ws/install/servo_interfaces/share/servo_interfaces/action/MotorAngle.idl
[1.365s] -- Up-to-date symlink: /home/rasp/robot_ws/install/servo_interfaces/share/servo_interfaces/msg/SetPwm.msg
[1.365s] -- Up-to-date symlink: /home/rasp/robot_ws/install/servo_interfaces/share/servo_interfaces/srv/MotorAngle.srv
[1.365s] -- Up-to-date symlink: /home/rasp/robot_ws/install/servo_interfaces/share/servo_interfaces/action/MotorAngle.action
[1.365s] -- Up-to-date symlink: /home/rasp/robot_ws/install/servo_interfaces/share/ament_index/resource_index/package_run_dependencies/servo_interfaces
[1.366s] -- Up-to-date symlink: /home/rasp/robot_ws/install/servo_interfaces/share/ament_index/resource_index/parent_prefix_path/servo_interfaces
[1.366s] -- Up-to-date symlink: /home/rasp/robot_ws/install/servo_interfaces/share/servo_interfaces/environment/ament_prefix_path.sh
[1.366s] -- Up-to-date symlink: /home/rasp/robot_ws/install/servo_interfaces/share/servo_interfaces/environment/ament_prefix_path.dsv
[1.366s] -- Up-to-date symlink: /home/rasp/robot_ws/install/servo_interfaces/share/servo_interfaces/environment/path.sh
[1.366s] -- Up-to-date symlink: /home/rasp/robot_ws/install/servo_interfaces/share/servo_interfaces/environment/path.dsv
[1.367s] -- Up-to-date symlink: /home/rasp/robot_ws/install/servo_interfaces/share/servo_interfaces/local_setup.bash
[1.367s] -- Up-to-date symlink: /home/rasp/robot_ws/install/servo_interfaces/share/servo_interfaces/local_setup.sh
[1.367s] -- Up-to-date symlink: /home/rasp/robot_ws/install/servo_interfaces/share/servo_interfaces/local_setup.zsh
[1.367s] -- Up-to-date symlink: /home/rasp/robot_ws/install/servo_interfaces/share/servo_interfaces/local_setup.dsv
[1.367s] -- Symlinking: /home/rasp/robot_ws/install/servo_interfaces/share/servo_interfaces/package.dsv
[1.387s] -- Up-to-date symlink: /home/rasp/robot_ws/install/servo_interfaces/share/ament_index/resource_index/packages/servo_interfaces
[1.387s] -- Up-to-date symlink: /home/rasp/robot_ws/install/servo_interfaces/share/servo_interfaces/cmake/rosidl_cmake-extras.cmake
[1.388s] -- Up-to-date symlink: /home/rasp/robot_ws/install/servo_interfaces/share/servo_interfaces/cmake/ament_cmake_export_dependencies-extras.cmake
[1.388s] -- Up-to-date symlink: /home/rasp/robot_ws/install/servo_interfaces/share/servo_interfaces/cmake/ament_cmake_export_include_directories-extras.cmake
[1.388s] -- Up-to-date symlink: /home/rasp/robot_ws/install/servo_interfaces/share/servo_interfaces/cmake/ament_cmake_export_libraries-extras.cmake
[1.389s] -- Up-to-date symlink: /home/rasp/robot_ws/install/servo_interfaces/share/servo_interfaces/cmake/ament_cmake_export_targets-extras.cmake
[1.389s] -- Up-to-date symlink: /home/rasp/robot_ws/install/servo_interfaces/share/servo_interfaces/cmake/rosidl_cmake_export_typesupport_targets-extras.cmake
[1.389s] -- Up-to-date symlink: /home/rasp/robot_ws/install/servo_interfaces/share/servo_interfaces/cmake/rosidl_cmake_export_typesupport_libraries-extras.cmake
[1.389s] -- Up-to-date symlink: /home/rasp/robot_ws/install/servo_interfaces/share/servo_interfaces/cmake/servo_interfacesConfig.cmake
[1.389s] -- Up-to-date symlink: /home/rasp/robot_ws/install/servo_interfaces/share/servo_interfaces/cmake/servo_interfacesConfig-version.cmake
[1.389s] -- Up-to-date symlink: /home/rasp/robot_ws/install/servo_interfaces/share/servo_interfaces/package.xml
[1.392s] -- Up-to-date: /home/rasp/robot_ws/install/servo_interfaces/lib/libservo_interfaces__rosidl_generator_c.so
[1.394s] -- Up-to-date: /home/rasp/robot_ws/install/servo_interfaces/lib/libservo_interfaces__rosidl_typesupport_fastrtps_c.so
[1.397s] -- Up-to-date: /home/rasp/robot_ws/install/servo_interfaces/lib/libservo_interfaces__rosidl_typesupport_introspection_c.so
[1.398s] -- Up-to-date: /home/rasp/robot_ws/install/servo_interfaces/lib/libservo_interfaces__rosidl_typesupport_c.so
[1.401s] -- Up-to-date: /home/rasp/robot_ws/install/servo_interfaces/lib/libservo_interfaces__rosidl_typesupport_fastrtps_cpp.so
[1.402s] -- Up-to-date: /home/rasp/robot_ws/install/servo_interfaces/lib/libservo_interfaces__rosidl_typesupport_introspection_cpp.so
[1.405s] -- Up-to-date: /home/rasp/robot_ws/install/servo_interfaces/lib/libservo_interfaces__rosidl_typesupport_cpp.so
[1.495s] Listing '/home/rasp/robot_ws/install/servo_interfaces/lib/python3.12/site-packages/servo_interfaces'...
[1.495s] Listing '/home/rasp/robot_ws/install/servo_interfaces/lib/python3.12/site-packages/servo_interfaces/action'...
[1.495s] Listing '/home/rasp/robot_ws/install/servo_interfaces/lib/python3.12/site-packages/servo_interfaces/msg'...
[1.497s] Listing '/home/rasp/robot_ws/install/servo_interfaces/lib/python3.12/site-packages/servo_interfaces/srv'...
[1.512s] -- Up-to-date: /home/rasp/robot_ws/install/servo_interfaces/lib/libservo_interfaces__rosidl_generator_py.so
[1.513s] -- Up-to-date: /home/rasp/robot_ws/install/servo_interfaces/share/servo_interfaces/cmake/export_servo_interfaces__rosidl_generator_cExport.cmake
[1.513s] -- Up-to-date: /home/rasp/robot_ws/install/servo_interfaces/share/servo_interfaces/cmake/export_servo_interfaces__rosidl_generator_cExport-noconfig.cmake
[1.514s] -- Up-to-date: /home/rasp/robot_ws/install/servo_interfaces/share/servo_interfaces/cmake/export_servo_interfaces__rosidl_typesupport_fastrtps_cExport.cmake
[1.514s] -- Up-to-date: /home/rasp/robot_ws/install/servo_interfaces/share/servo_interfaces/cmake/export_servo_interfaces__rosidl_typesupport_fastrtps_cExport-noconfig.cmake
[1.515s] -- Up-to-date: /home/rasp/robot_ws/install/servo_interfaces/share/servo_interfaces/cmake/servo_interfaces__rosidl_typesupport_introspection_cExport.cmake
[1.515s] -- Up-to-date: /home/rasp/robot_ws/install/servo_interfaces/share/servo_interfaces/cmake/servo_interfaces__rosidl_typesupport_introspection_cExport-noconfig.cmake
[1.516s] -- Up-to-date: /home/rasp/robot_ws/install/servo_interfaces/share/servo_interfaces/cmake/servo_interfaces__rosidl_typesupport_cExport.cmake
[1.516s] -- Up-to-date: /home/rasp/robot_ws/install/servo_interfaces/share/servo_interfaces/cmake/servo_interfaces__rosidl_typesupport_cExport-noconfig.cmake
[1.517s] -- Up-to-date: /home/rasp/robot_ws/install/servo_interfaces/share/servo_interfaces/cmake/export_servo_interfaces__rosidl_generator_cppExport.cmake
[1.518s] -- Up-to-date: /home/rasp/robot_ws/install/servo_interfaces/share/servo_interfaces/cmake/export_servo_interfaces__rosidl_typesupport_fastrtps_cppExport.cmake
[1.518s] -- Up-to-date: /home/rasp/robot_ws/install/servo_interfaces/share/servo_interfaces/cmake/export_servo_interfaces__rosidl_typesupport_fastrtps_cppExport-noconfig.cmake
[1.519s] -- Up-to-date: /home/rasp/robot_ws/install/servo_interfaces/share/servo_interfaces/cmake/servo_interfaces__rosidl_typesupport_introspection_cppExport.cmake
[1.519s] -- Up-to-date: /home/rasp/robot_ws/install/servo_interfaces/share/servo_interfaces/cmake/servo_interfaces__rosidl_typesupport_introspection_cppExport-noconfig.cmake
[1.520s] -- Up-to-date: /home/rasp/robot_ws/install/servo_interfaces/share/servo_interfaces/cmake/servo_interfaces__rosidl_typesupport_cppExport.cmake
[1.520s] -- Up-to-date: /home/rasp/robot_ws/install/servo_interfaces/share/servo_interfaces/cmake/servo_interfaces__rosidl_typesupport_cppExport-noconfig.cmake
[1.521s] -- Up-to-date: /home/rasp/robot_ws/install/servo_interfaces/share/servo_interfaces/cmake/export_servo_interfaces__rosidl_generator_pyExport.cmake
[1.521s] -- Up-to-date: /home/rasp/robot_ws/install/servo_interfaces/share/servo_interfaces/cmake/export_servo_interfaces__rosidl_generator_pyExport-noconfig.cmake
[1.526s] Invoked command in '/home/rasp/robot_ws/build/servo_interfaces' returned '0': CMAKE_PREFIX_PATH=${CMAKE_PREFIX_PATH}:/opt/ros/jazzy DEBUGINFOD_URLS=https://debuginfod.ubuntu.com /usr/bin/cmake --install /home/rasp/robot_ws/build/servo_interfaces
