[0.029s] Invoking command in '/home/rasp/robot_ws/build/my_package': CMAKE_PREFIX_PATH=${CMAKE_PREFIX_PATH}:/home/rasp/robot_ws/install/my_servo_controller:/opt/ros/jazzy DEBUGINFOD_URLS=https://debuginfod.ubuntu.com /usr/bin/cmake --build /home/rasp/robot_ws/build/my_package -- -j4 -l4
[0.170s] Invoked command in '/home/rasp/robot_ws/build/my_package' returned '0': CMAKE_PREFIX_PATH=${CMAKE_PREFIX_PATH}:/home/rasp/robot_ws/install/my_servo_controller:/opt/ros/jazzy DEBUGINFOD_URLS=https://debuginfod.ubuntu.com /usr/bin/cmake --build /home/rasp/robot_ws/build/my_package -- -j4 -l4
[0.210s] Invoking command in '/home/rasp/robot_ws/build/my_package': CMAKE_PREFIX_PATH=${CMAKE_PREFIX_PATH}:/home/rasp/robot_ws/install/my_servo_controller:/opt/ros/jazzy DEBUGINFOD_URLS=https://debuginfod.ubuntu.com /usr/bin/cmake --install /home/rasp/robot_ws/build/my_package
[0.236s] -- Install configuration: ""
[0.241s] -- Execute custom install script
[0.241s] -- Up-to-date symlink: /home/rasp/robot_ws/install/my_package/share/my_package/launch/listener.launch.py
[0.241s] -- Up-to-date symlink: /home/rasp/robot_ws/install/my_package/share/my_package/launch/talker.launch.py
[0.241s] -- Up-to-date symlink: /home/rasp/robot_ws/install/my_package/share/ament_index/resource_index/package_run_dependencies/my_package
[0.242s] -- Up-to-date symlink: /home/rasp/robot_ws/install/my_package/share/ament_index/resource_index/parent_prefix_path/my_package
[0.243s] -- Up-to-date symlink: /home/rasp/robot_ws/install/my_package/share/my_package/environment/ament_prefix_path.sh
[0.246s] -- Up-to-date symlink: /home/rasp/robot_ws/install/my_package/share/my_package/environment/ament_prefix_path.dsv
[0.246s] -- Up-to-date symlink: /home/rasp/robot_ws/install/my_package/share/my_package/environment/path.sh
[0.246s] -- Up-to-date symlink: /home/rasp/robot_ws/install/my_package/share/my_package/environment/path.dsv
[0.253s] -- Up-to-date symlink: /home/rasp/robot_ws/install/my_package/share/my_package/local_setup.bash
[0.253s] -- Up-to-date symlink: /home/rasp/robot_ws/install/my_package/share/my_package/local_setup.sh
[0.253s] -- Up-to-date symlink: /home/rasp/robot_ws/install/my_package/share/my_package/local_setup.zsh
[0.254s] -- Up-to-date symlink: /home/rasp/robot_ws/install/my_package/share/my_package/local_setup.dsv
[0.254s] -- Symlinking: /home/rasp/robot_ws/install/my_package/share/my_package/package.dsv
[0.295s] -- Up-to-date symlink: /home/rasp/robot_ws/install/my_package/share/ament_index/resource_index/packages/my_package
[0.296s] -- Up-to-date symlink: /home/rasp/robot_ws/install/my_package/share/my_package/cmake/my_packageConfig.cmake
[0.296s] -- Up-to-date symlink: /home/rasp/robot_ws/install/my_package/share/my_package/cmake/my_packageConfig-version.cmake
[0.300s] -- Up-to-date symlink: /home/rasp/robot_ws/install/my_package/share/my_package/package.xml
[0.312s] Invoked command in '/home/rasp/robot_ws/build/my_package' returned '0': CMAKE_PREFIX_PATH=${CMAKE_PREFIX_PATH}:/home/rasp/robot_ws/install/my_servo_controller:/opt/ros/jazzy DEBUGINFOD_URLS=https://debuginfod.ubuntu.com /usr/bin/cmake --install /home/rasp/robot_ws/build/my_package
