[1.292s] Invoking command in '/home/rasp/humanoid/robot_ws/build/my_servo_controller': DEBUGINFOD_URLS=https://debuginfod.ubuntu.com PYTHONPATH=/home/rasp/humanoid/robot_ws/build/my_servo_controller/prefix_override:/usr/lib/python3/dist-packages/colcon_core/task/python/colcon_distutils_commands:/home/rasp/humanoid/robot_ws/install/my_servo_controller/lib/python3.12/site-packages:/home/rasp/humanoid/robot_ws/install/servo_interfaces/lib/python3.12/site-packages:/home/rasp/humanoid/robot_ws/build/my_servo_controller:/home/rasp/humanoid/robot_ws/install/my_servo_controller/lib/python3.12/site-packages:/opt/ros/jazzy/lib/python3.12/site-packages VIRTUAL_ENV_PROMPT=(.venv) /usr/bin/python3 -W ignore:setup.py install is deprecated -W ignore:easy_install command is deprecated setup.py develop --editable --build-directory /home/rasp/humanoid/robot_ws/build/my_servo_controller/build --no-deps symlink_data
[1.777s] running develop
[2.089s] running egg_info
[2.120s] writing my_servo_controller.egg-info/PKG-INFO
[2.121s] writing dependency_links to my_servo_controller.egg-info/dependency_links.txt
[2.122s] writing entry points to my_servo_controller.egg-info/entry_points.txt
[2.123s] writing requirements to my_servo_controller.egg-info/requires.txt
[2.124s] writing top-level names to my_servo_controller.egg-info/top_level.txt
[2.188s] reading manifest file 'my_servo_controller.egg-info/SOURCES.txt'
[2.189s] writing manifest file 'my_servo_controller.egg-info/SOURCES.txt'
[2.221s] running build_ext
[2.221s] Creating /home/rasp/humanoid/robot_ws/install/my_servo_controller/lib/python3.12/site-packages/my-servo-controller.egg-link (link to .)
[2.222s] Installing action_controller_node script to /home/rasp/humanoid/robot_ws/install/my_servo_controller/lib/my_servo_controller
[2.224s] Installing flask_controller_node script to /home/rasp/humanoid/robot_ws/install/my_servo_controller/lib/my_servo_controller
[2.224s] Installing gazibo_sim_node script to /home/rasp/humanoid/robot_ws/install/my_servo_controller/lib/my_servo_controller
[2.224s] Installing servo_controller_node script to /home/rasp/humanoid/robot_ws/install/my_servo_controller/lib/my_servo_controller
[2.224s] Installing servo_mover_node script to /home/rasp/humanoid/robot_ws/install/my_servo_controller/lib/my_servo_controller
[2.224s] Installing topic_controller_node script to /home/rasp/humanoid/robot_ws/install/my_servo_controller/lib/my_servo_controller
[2.224s] 
[2.225s] Installed /home/rasp/humanoid/robot_ws/build/my_servo_controller
[2.225s] running symlink_data
[2.313s] Invoked command in '/home/rasp/humanoid/robot_ws/build/my_servo_controller' returned '0': DEBUGINFOD_URLS=https://debuginfod.ubuntu.com PYTHONPATH=/home/rasp/humanoid/robot_ws/build/my_servo_controller/prefix_override:/usr/lib/python3/dist-packages/colcon_core/task/python/colcon_distutils_commands:/home/rasp/humanoid/robot_ws/install/my_servo_controller/lib/python3.12/site-packages:/home/rasp/humanoid/robot_ws/install/servo_interfaces/lib/python3.12/site-packages:/home/rasp/humanoid/robot_ws/build/my_servo_controller:/home/rasp/humanoid/robot_ws/install/my_servo_controller/lib/python3.12/site-packages:/opt/ros/jazzy/lib/python3.12/site-packages VIRTUAL_ENV_PROMPT=(.venv) /usr/bin/python3 -W ignore:setup.py install is deprecated -W ignore:easy_install command is deprecated setup.py develop --editable --build-directory /home/rasp/humanoid/robot_ws/build/my_servo_controller/build --no-deps symlink_data
