[0.020s] Invoking command in '/home/rasp/humanoid/robot_ws/build/servo_interfaces': CMAKE_PREFIX_PATH=${CMAKE_PREFIX_PATH}:/home/rasp/humanoid/robot_ws/install/my_servo_controller:/opt/ros/jazzy DEBUGINFOD_URLS=https://debuginfod.ubuntu.com /usr/bin/cmake --build /home/rasp/humanoid/robot_ws/build/servo_interfaces -- -j4 -l4
[0.127s] [  1%] Built target servo_interfaces__rosidl_generator_type_description
[0.197s] [  1%] Built target ament_cmake_python_copy_servo_interfaces
[0.242s] [ 22%] Built target servo_interfaces__rosidl_generator_c
[0.653s] running egg_info
[0.687s] writing servo_interfaces.egg-info/PKG-INFO
[0.688s] writing dependency_links to servo_interfaces.egg-info/dependency_links.txt
[0.689s] writing top-level names to servo_interfaces.egg-info/top_level.txt
[0.788s] reading manifest file 'servo_interfaces.egg-info/SOURCES.txt'
[0.789s] writing manifest file 'servo_interfaces.egg-info/SOURCES.txt'
[0.866s] [ 22%] Built target ament_cmake_python_build_servo_interfaces_egg
[0.913s] [ 31%] Built target servo_interfaces__rosidl_typesupport_introspection_c
[0.960s] [ 40%] Built target servo_interfaces__rosidl_typesupport_c
[1.009s] [ 50%] Built target servo_interfaces__rosidl_typesupport_fastrtps_c
[1.052s] [ 51%] Built target servo_interfaces__cpp
[1.102s] [ 61%] Built target servo_interfaces__rosidl_typesupport_cpp
[1.153s] [ 70%] Built target servo_interfaces__rosidl_typesupport_introspection_cpp
[1.204s] [ 79%] Built target servo_interfaces__rosidl_typesupport_fastrtps_cpp
[1.245s] [ 79%] Built target servo_interfaces
[1.289s] [ 81%] Built target servo_interfaces__py
[1.339s] [ 88%] Built target servo_interfaces__rosidl_generator_py
[1.386s] [ 92%] Built target servo_interfaces_s__rosidl_typesupport_fastrtps_c
[1.432s] [ 96%] Built target servo_interfaces_s__rosidl_typesupport_c
[1.478s] [100%] Built target servo_interfaces_s__rosidl_typesupport_introspection_c
[1.503s] Invoked command in '/home/rasp/humanoid/robot_ws/build/servo_interfaces' returned '0': CMAKE_PREFIX_PATH=${CMAKE_PREFIX_PATH}:/home/rasp/humanoid/robot_ws/install/my_servo_controller:/opt/ros/jazzy DEBUGINFOD_URLS=https://debuginfod.ubuntu.com /usr/bin/cmake --build /home/rasp/humanoid/robot_ws/build/servo_interfaces -- -j4 -l4
[1.505s] Invoking command in '/home/rasp/humanoid/robot_ws/build/servo_interfaces': CMAKE_PREFIX_PATH=${CMAKE_PREFIX_PATH}:/home/rasp/humanoid/robot_ws/install/my_servo_controller:/opt/ros/jazzy DEBUGINFOD_URLS=https://debuginfod.ubuntu.com /usr/bin/cmake --install /home/rasp/humanoid/robot_ws/build/servo_interfaces
[1.524s] -- Install configuration: ""
[1.524s] -- Up-to-date: /home/rasp/humanoid/robot_ws/install/servo_interfaces/share/ament_index/resource_index/rosidl_interfaces/servo_interfaces
[1.524s] -- Up-to-date: /home/rasp/humanoid/robot_ws/install/servo_interfaces/share/servo_interfaces/msg/SetPwm.json
[1.524s] -- Up-to-date: /home/rasp/humanoid/robot_ws/install/servo_interfaces/share/servo_interfaces/srv/MotorAngle.json
[1.524s] -- Up-to-date: /home/rasp/humanoid/robot_ws/install/servo_interfaces/share/servo_interfaces/action/MotorAngle.json
[1.525s] -- Up-to-date: /home/rasp/humanoid/robot_ws/install/servo_interfaces/include/servo_interfaces/servo_interfaces
[1.525s] -- Up-to-date: /home/rasp/humanoid/robot_ws/install/servo_interfaces/include/servo_interfaces/servo_interfaces/msg
[1.525s] -- Up-to-date: /home/rasp/humanoid/robot_ws/install/servo_interfaces/include/servo_interfaces/servo_interfaces/msg/set_pwm.h
[1.525s] -- Up-to-date: /home/rasp/humanoid/robot_ws/install/servo_interfaces/include/servo_interfaces/servo_interfaces/msg/rosidl_generator_c__visibility_control.h
[1.525s] -- Up-to-date: /home/rasp/humanoid/robot_ws/install/servo_interfaces/include/servo_interfaces/servo_interfaces/msg/detail
[1.525s] -- Up-to-date: /home/rasp/humanoid/robot_ws/install/servo_interfaces/include/servo_interfaces/servo_interfaces/msg/detail/set_pwm__description.c
[1.525s] -- Up-to-date: /home/rasp/humanoid/robot_ws/install/servo_interfaces/include/servo_interfaces/servo_interfaces/msg/detail/set_pwm__struct.h
[1.525s] -- Up-to-date: /home/rasp/humanoid/robot_ws/install/servo_interfaces/include/servo_interfaces/servo_interfaces/msg/detail/set_pwm__functions.c
[1.525s] -- Up-to-date: /home/rasp/humanoid/robot_ws/install/servo_interfaces/include/servo_interfaces/servo_interfaces/msg/detail/set_pwm__functions.h
[1.525s] -- Up-to-date: /home/rasp/humanoid/robot_ws/install/servo_interfaces/include/servo_interfaces/servo_interfaces/msg/detail/set_pwm__type_support.h
[1.526s] -- Up-to-date: /home/rasp/humanoid/robot_ws/install/servo_interfaces/include/servo_interfaces/servo_interfaces/msg/detail/set_pwm__type_support.c
[1.526s] -- Up-to-date: /home/rasp/humanoid/robot_ws/install/servo_interfaces/include/servo_interfaces/servo_interfaces/srv
[1.526s] -- Up-to-date: /home/rasp/humanoid/robot_ws/install/servo_interfaces/include/servo_interfaces/servo_interfaces/srv/motor_angle.h
[1.526s] -- Up-to-date: /home/rasp/humanoid/robot_ws/install/servo_interfaces/include/servo_interfaces/servo_interfaces/srv/detail
[1.526s] -- Up-to-date: /home/rasp/humanoid/robot_ws/install/servo_interfaces/include/servo_interfaces/servo_interfaces/srv/detail/motor_angle__type_support.h
[1.526s] -- Up-to-date: /home/rasp/humanoid/robot_ws/install/servo_interfaces/include/servo_interfaces/servo_interfaces/srv/detail/motor_angle__description.c
[1.526s] -- Up-to-date: /home/rasp/humanoid/robot_ws/install/servo_interfaces/include/servo_interfaces/servo_interfaces/srv/detail/motor_angle__type_support.c
[1.526s] -- Up-to-date: /home/rasp/humanoid/robot_ws/install/servo_interfaces/include/servo_interfaces/servo_interfaces/srv/detail/motor_angle__functions.h
[1.526s] -- Up-to-date: /home/rasp/humanoid/robot_ws/install/servo_interfaces/include/servo_interfaces/servo_interfaces/srv/detail/motor_angle__struct.h
[1.526s] -- Up-to-date: /home/rasp/humanoid/robot_ws/install/servo_interfaces/include/servo_interfaces/servo_interfaces/srv/detail/motor_angle__functions.c
[1.527s] -- Up-to-date: /home/rasp/humanoid/robot_ws/install/servo_interfaces/include/servo_interfaces/servo_interfaces/action
[1.527s] -- Up-to-date: /home/rasp/humanoid/robot_ws/install/servo_interfaces/include/servo_interfaces/servo_interfaces/action/motor_angle.h
[1.527s] -- Up-to-date: /home/rasp/humanoid/robot_ws/install/servo_interfaces/include/servo_interfaces/servo_interfaces/action/detail
[1.527s] -- Up-to-date: /home/rasp/humanoid/robot_ws/install/servo_interfaces/include/servo_interfaces/servo_interfaces/action/detail/motor_angle__type_support.h
[1.527s] -- Up-to-date: /home/rasp/humanoid/robot_ws/install/servo_interfaces/include/servo_interfaces/servo_interfaces/action/detail/motor_angle__description.c
[1.527s] -- Up-to-date: /home/rasp/humanoid/robot_ws/install/servo_interfaces/include/servo_interfaces/servo_interfaces/action/detail/motor_angle__type_support.c
[1.527s] -- Up-to-date: /home/rasp/humanoid/robot_ws/install/servo_interfaces/include/servo_interfaces/servo_interfaces/action/detail/motor_angle__functions.h
[1.527s] -- Up-to-date: /home/rasp/humanoid/robot_ws/install/servo_interfaces/include/servo_interfaces/servo_interfaces/action/detail/motor_angle__struct.h
[1.527s] -- Up-to-date: /home/rasp/humanoid/robot_ws/install/servo_interfaces/include/servo_interfaces/servo_interfaces/action/detail/motor_angle__functions.c
[1.528s] -- Up-to-date: /home/rasp/humanoid/robot_ws/install/servo_interfaces/share/servo_interfaces/environment/library_path.sh
[1.528s] -- Up-to-date: /home/rasp/humanoid/robot_ws/install/servo_interfaces/share/servo_interfaces/environment/library_path.dsv
[1.528s] -- Up-to-date: /home/rasp/humanoid/robot_ws/install/servo_interfaces/lib/libservo_interfaces__rosidl_generator_c.so
[1.528s] -- Up-to-date: /home/rasp/humanoid/robot_ws/install/servo_interfaces/include/servo_interfaces/servo_interfaces
[1.528s] -- Up-to-date: /home/rasp/humanoid/robot_ws/install/servo_interfaces/include/servo_interfaces/servo_interfaces/msg
[1.528s] -- Up-to-date: /home/rasp/humanoid/robot_ws/install/servo_interfaces/include/servo_interfaces/servo_interfaces/msg/rosidl_typesupport_fastrtps_c__visibility_control.h
[1.528s] -- Up-to-date: /home/rasp/humanoid/robot_ws/install/servo_interfaces/include/servo_interfaces/servo_interfaces/msg/detail
[1.528s] -- Up-to-date: /home/rasp/humanoid/robot_ws/install/servo_interfaces/include/servo_interfaces/servo_interfaces/msg/detail/set_pwm__rosidl_typesupport_fastrtps_c.h
[1.528s] -- Up-to-date: /home/rasp/humanoid/robot_ws/install/servo_interfaces/include/servo_interfaces/servo_interfaces/srv
[1.528s] -- Up-to-date: /home/rasp/humanoid/robot_ws/install/servo_interfaces/include/servo_interfaces/servo_interfaces/srv/detail
[1.529s] -- Up-to-date: /home/rasp/humanoid/robot_ws/install/servo_interfaces/include/servo_interfaces/servo_interfaces/srv/detail/motor_angle__rosidl_typesupport_fastrtps_c.h
[1.529s] -- Up-to-date: /home/rasp/humanoid/robot_ws/install/servo_interfaces/include/servo_interfaces/servo_interfaces/action
[1.529s] -- Up-to-date: /home/rasp/humanoid/robot_ws/install/servo_interfaces/include/servo_interfaces/servo_interfaces/action/detail
[1.529s] -- Up-to-date: /home/rasp/humanoid/robot_ws/install/servo_interfaces/include/servo_interfaces/servo_interfaces/action/detail/motor_angle__rosidl_typesupport_fastrtps_c.h
[1.529s] -- Up-to-date: /home/rasp/humanoid/robot_ws/install/servo_interfaces/lib/libservo_interfaces__rosidl_typesupport_fastrtps_c.so
[1.529s] -- Up-to-date: /home/rasp/humanoid/robot_ws/install/servo_interfaces/include/servo_interfaces/servo_interfaces
[1.529s] -- Up-to-date: /home/rasp/humanoid/robot_ws/install/servo_interfaces/include/servo_interfaces/servo_interfaces/msg
[1.529s] -- Up-to-date: /home/rasp/humanoid/robot_ws/install/servo_interfaces/include/servo_interfaces/servo_interfaces/msg/rosidl_typesupport_introspection_c__visibility_control.h
[1.529s] -- Up-to-date: /home/rasp/humanoid/robot_ws/install/servo_interfaces/include/servo_interfaces/servo_interfaces/msg/detail
[1.529s] -- Up-to-date: /home/rasp/humanoid/robot_ws/install/servo_interfaces/include/servo_interfaces/servo_interfaces/msg/detail/set_pwm__rosidl_typesupport_introspection_c.h
[1.529s] -- Up-to-date: /home/rasp/humanoid/robot_ws/install/servo_interfaces/include/servo_interfaces/servo_interfaces/msg/detail/set_pwm__type_support.c
[1.530s] -- Up-to-date: /home/rasp/humanoid/robot_ws/install/servo_interfaces/include/servo_interfaces/servo_interfaces/srv
[1.530s] -- Up-to-date: /home/rasp/humanoid/robot_ws/install/servo_interfaces/include/servo_interfaces/servo_interfaces/srv/detail
[1.530s] -- Up-to-date: /home/rasp/humanoid/robot_ws/install/servo_interfaces/include/servo_interfaces/servo_interfaces/srv/detail/motor_angle__type_support.c
[1.530s] -- Up-to-date: /home/rasp/humanoid/robot_ws/install/servo_interfaces/include/servo_interfaces/servo_interfaces/srv/detail/motor_angle__rosidl_typesupport_introspection_c.h
[1.530s] -- Up-to-date: /home/rasp/humanoid/robot_ws/install/servo_interfaces/include/servo_interfaces/servo_interfaces/action
[1.530s] -- Up-to-date: /home/rasp/humanoid/robot_ws/install/servo_interfaces/include/servo_interfaces/servo_interfaces/action/detail
[1.530s] -- Up-to-date: /home/rasp/humanoid/robot_ws/install/servo_interfaces/include/servo_interfaces/servo_interfaces/action/detail/motor_angle__type_support.c
[1.530s] -- Up-to-date: /home/rasp/humanoid/robot_ws/install/servo_interfaces/include/servo_interfaces/servo_interfaces/action/detail/motor_angle__rosidl_typesupport_introspection_c.h
[1.531s] -- Up-to-date: /home/rasp/humanoid/robot_ws/install/servo_interfaces/lib/libservo_interfaces__rosidl_typesupport_introspection_c.so
[1.531s] -- Up-to-date: /home/rasp/humanoid/robot_ws/install/servo_interfaces/lib/libservo_interfaces__rosidl_typesupport_c.so
[1.531s] -- Up-to-date: /home/rasp/humanoid/robot_ws/install/servo_interfaces/include/servo_interfaces/servo_interfaces
[1.531s] -- Up-to-date: /home/rasp/humanoid/robot_ws/install/servo_interfaces/include/servo_interfaces/servo_interfaces/msg
[1.531s] -- Up-to-date: /home/rasp/humanoid/robot_ws/install/servo_interfaces/include/servo_interfaces/servo_interfaces/msg/rosidl_generator_cpp__visibility_control.hpp
[1.531s] -- Up-to-date: /home/rasp/humanoid/robot_ws/install/servo_interfaces/include/servo_interfaces/servo_interfaces/msg/set_pwm.hpp
[1.531s] -- Up-to-date: /home/rasp/humanoid/robot_ws/install/servo_interfaces/include/servo_interfaces/servo_interfaces/msg/detail
[1.531s] -- Up-to-date: /home/rasp/humanoid/robot_ws/install/servo_interfaces/include/servo_interfaces/servo_interfaces/msg/detail/set_pwm__traits.hpp
[1.531s] -- Up-to-date: /home/rasp/humanoid/robot_ws/install/servo_interfaces/include/servo_interfaces/servo_interfaces/msg/detail/set_pwm__struct.hpp
[1.531s] -- Up-to-date: /home/rasp/humanoid/robot_ws/install/servo_interfaces/include/servo_interfaces/servo_interfaces/msg/detail/set_pwm__builder.hpp
[1.531s] -- Up-to-date: /home/rasp/humanoid/robot_ws/install/servo_interfaces/include/servo_interfaces/servo_interfaces/msg/detail/set_pwm__type_support.hpp
[1.532s] -- Up-to-date: /home/rasp/humanoid/robot_ws/install/servo_interfaces/include/servo_interfaces/servo_interfaces/srv
[1.532s] -- Up-to-date: /home/rasp/humanoid/robot_ws/install/servo_interfaces/include/servo_interfaces/servo_interfaces/srv/motor_angle.hpp
[1.532s] -- Up-to-date: /home/rasp/humanoid/robot_ws/install/servo_interfaces/include/servo_interfaces/servo_interfaces/srv/detail
[1.532s] -- Up-to-date: /home/rasp/humanoid/robot_ws/install/servo_interfaces/include/servo_interfaces/servo_interfaces/srv/detail/motor_angle__type_support.hpp
[1.532s] -- Up-to-date: /home/rasp/humanoid/robot_ws/install/servo_interfaces/include/servo_interfaces/servo_interfaces/srv/detail/motor_angle__builder.hpp
[1.532s] -- Up-to-date: /home/rasp/humanoid/robot_ws/install/servo_interfaces/include/servo_interfaces/servo_interfaces/srv/detail/motor_angle__traits.hpp
[1.532s] -- Up-to-date: /home/rasp/humanoid/robot_ws/install/servo_interfaces/include/servo_interfaces/servo_interfaces/srv/detail/motor_angle__struct.hpp
[1.532s] -- Up-to-date: /home/rasp/humanoid/robot_ws/install/servo_interfaces/include/servo_interfaces/servo_interfaces/action
[1.532s] -- Up-to-date: /home/rasp/humanoid/robot_ws/install/servo_interfaces/include/servo_interfaces/servo_interfaces/action/motor_angle.hpp
[1.532s] -- Up-to-date: /home/rasp/humanoid/robot_ws/install/servo_interfaces/include/servo_interfaces/servo_interfaces/action/detail
[1.532s] -- Up-to-date: /home/rasp/humanoid/robot_ws/install/servo_interfaces/include/servo_interfaces/servo_interfaces/action/detail/motor_angle__type_support.hpp
[1.533s] -- Up-to-date: /home/rasp/humanoid/robot_ws/install/servo_interfaces/include/servo_interfaces/servo_interfaces/action/detail/motor_angle__builder.hpp
[1.533s] -- Up-to-date: /home/rasp/humanoid/robot_ws/install/servo_interfaces/include/servo_interfaces/servo_interfaces/action/detail/motor_angle__traits.hpp
[1.533s] -- Up-to-date: /home/rasp/humanoid/robot_ws/install/servo_interfaces/include/servo_interfaces/servo_interfaces/action/detail/motor_angle__struct.hpp
[1.533s] -- Up-to-date: /home/rasp/humanoid/robot_ws/install/servo_interfaces/include/servo_interfaces/servo_interfaces
[1.533s] -- Up-to-date: /home/rasp/humanoid/robot_ws/install/servo_interfaces/include/servo_interfaces/servo_interfaces/msg
[1.533s] -- Up-to-date: /home/rasp/humanoid/robot_ws/install/servo_interfaces/include/servo_interfaces/servo_interfaces/msg/rosidl_typesupport_fastrtps_cpp__visibility_control.h
[1.533s] -- Up-to-date: /home/rasp/humanoid/robot_ws/install/servo_interfaces/include/servo_interfaces/servo_interfaces/msg/detail
[1.533s] -- Up-to-date: /home/rasp/humanoid/robot_ws/install/servo_interfaces/include/servo_interfaces/servo_interfaces/msg/detail/set_pwm__rosidl_typesupport_fastrtps_cpp.hpp
[1.533s] -- Up-to-date: /home/rasp/humanoid/robot_ws/install/servo_interfaces/include/servo_interfaces/servo_interfaces/msg/detail/dds_fastrtps
[1.533s] -- Up-to-date: /home/rasp/humanoid/robot_ws/install/servo_interfaces/include/servo_interfaces/servo_interfaces/srv
[1.533s] -- Up-to-date: /home/rasp/humanoid/robot_ws/install/servo_interfaces/include/servo_interfaces/servo_interfaces/srv/detail
[1.533s] -- Up-to-date: /home/rasp/humanoid/robot_ws/install/servo_interfaces/include/servo_interfaces/servo_interfaces/srv/detail/dds_fastrtps
[1.533s] -- Up-to-date: /home/rasp/humanoid/robot_ws/install/servo_interfaces/include/servo_interfaces/servo_interfaces/srv/detail/motor_angle__rosidl_typesupport_fastrtps_cpp.hpp
[1.534s] -- Up-to-date: /home/rasp/humanoid/robot_ws/install/servo_interfaces/include/servo_interfaces/servo_interfaces/action
[1.534s] -- Up-to-date: /home/rasp/humanoid/robot_ws/install/servo_interfaces/include/servo_interfaces/servo_interfaces/action/detail
[1.534s] -- Up-to-date: /home/rasp/humanoid/robot_ws/install/servo_interfaces/include/servo_interfaces/servo_interfaces/action/detail/dds_fastrtps
[1.534s] -- Up-to-date: /home/rasp/humanoid/robot_ws/install/servo_interfaces/include/servo_interfaces/servo_interfaces/action/detail/motor_angle__rosidl_typesupport_fastrtps_cpp.hpp
[1.534s] -- Up-to-date: /home/rasp/humanoid/robot_ws/install/servo_interfaces/lib/libservo_interfaces__rosidl_typesupport_fastrtps_cpp.so
[1.534s] -- Up-to-date: /home/rasp/humanoid/robot_ws/install/servo_interfaces/include/servo_interfaces/servo_interfaces
[1.534s] -- Up-to-date: /home/rasp/humanoid/robot_ws/install/servo_interfaces/include/servo_interfaces/servo_interfaces/msg
[1.534s] -- Up-to-date: /home/rasp/humanoid/robot_ws/install/servo_interfaces/include/servo_interfaces/servo_interfaces/msg/detail
[1.534s] -- Up-to-date: /home/rasp/humanoid/robot_ws/install/servo_interfaces/include/servo_interfaces/servo_interfaces/msg/detail/set_pwm__rosidl_typesupport_introspection_cpp.hpp
[1.534s] -- Up-to-date: /home/rasp/humanoid/robot_ws/install/servo_interfaces/include/servo_interfaces/servo_interfaces/msg/detail/set_pwm__type_support.cpp
[1.535s] -- Up-to-date: /home/rasp/humanoid/robot_ws/install/servo_interfaces/include/servo_interfaces/servo_interfaces/srv
[1.535s] -- Up-to-date: /home/rasp/humanoid/robot_ws/install/servo_interfaces/include/servo_interfaces/servo_interfaces/srv/detail
[1.535s] -- Up-to-date: /home/rasp/humanoid/robot_ws/install/servo_interfaces/include/servo_interfaces/servo_interfaces/srv/detail/motor_angle__rosidl_typesupport_introspection_cpp.hpp
[1.535s] -- Up-to-date: /home/rasp/humanoid/robot_ws/install/servo_interfaces/include/servo_interfaces/servo_interfaces/srv/detail/motor_angle__type_support.cpp
[1.535s] -- Up-to-date: /home/rasp/humanoid/robot_ws/install/servo_interfaces/include/servo_interfaces/servo_interfaces/action
[1.535s] -- Up-to-date: /home/rasp/humanoid/robot_ws/install/servo_interfaces/include/servo_interfaces/servo_interfaces/action/detail
[1.535s] -- Up-to-date: /home/rasp/humanoid/robot_ws/install/servo_interfaces/include/servo_interfaces/servo_interfaces/action/detail/motor_angle__rosidl_typesupport_introspection_cpp.hpp
[1.535s] -- Up-to-date: /home/rasp/humanoid/robot_ws/install/servo_interfaces/include/servo_interfaces/servo_interfaces/action/detail/motor_angle__type_support.cpp
[1.535s] -- Up-to-date: /home/rasp/humanoid/robot_ws/install/servo_interfaces/lib/libservo_interfaces__rosidl_typesupport_introspection_cpp.so
[1.535s] -- Up-to-date: /home/rasp/humanoid/robot_ws/install/servo_interfaces/lib/libservo_interfaces__rosidl_typesupport_cpp.so
[1.535s] -- Up-to-date: /home/rasp/humanoid/robot_ws/install/servo_interfaces/share/servo_interfaces/environment/pythonpath.sh
[1.535s] -- Up-to-date: /home/rasp/humanoid/robot_ws/install/servo_interfaces/share/servo_interfaces/environment/pythonpath.dsv
[1.536s] -- Up-to-date: /home/rasp/humanoid/robot_ws/install/servo_interfaces/lib/python3.12/site-packages/servo_interfaces-0.0.0-py3.12.egg-info
[1.536s] -- Installing: /home/rasp/humanoid/robot_ws/install/servo_interfaces/lib/python3.12/site-packages/servo_interfaces-0.0.0-py3.12.egg-info/top_level.txt
[1.536s] -- Installing: /home/rasp/humanoid/robot_ws/install/servo_interfaces/lib/python3.12/site-packages/servo_interfaces-0.0.0-py3.12.egg-info/PKG-INFO
[1.536s] -- Installing: /home/rasp/humanoid/robot_ws/install/servo_interfaces/lib/python3.12/site-packages/servo_interfaces-0.0.0-py3.12.egg-info/SOURCES.txt
[1.536s] -- Installing: /home/rasp/humanoid/robot_ws/install/servo_interfaces/lib/python3.12/site-packages/servo_interfaces-0.0.0-py3.12.egg-info/dependency_links.txt
[1.536s] -- Up-to-date: /home/rasp/humanoid/robot_ws/install/servo_interfaces/lib/python3.12/site-packages/servo_interfaces
[1.536s] -- Up-to-date: /home/rasp/humanoid/robot_ws/install/servo_interfaces/lib/python3.12/site-packages/servo_interfaces/_servo_interfaces_s.ep.rosidl_typesupport_introspection_c.c
[1.536s] -- Up-to-date: /home/rasp/humanoid/robot_ws/install/servo_interfaces/lib/python3.12/site-packages/servo_interfaces/msg
[1.536s] -- Up-to-date: /home/rasp/humanoid/robot_ws/install/servo_interfaces/lib/python3.12/site-packages/servo_interfaces/msg/__init__.py
[1.536s] -- Up-to-date: /home/rasp/humanoid/robot_ws/install/servo_interfaces/lib/python3.12/site-packages/servo_interfaces/msg/_set_pwm_s.c
[1.536s] -- Up-to-date: /home/rasp/humanoid/robot_ws/install/servo_interfaces/lib/python3.12/site-packages/servo_interfaces/msg/_set_pwm.py
[1.536s] -- Up-to-date: /home/rasp/humanoid/robot_ws/install/servo_interfaces/lib/python3.12/site-packages/servo_interfaces/__init__.py
[1.537s] -- Up-to-date: /home/rasp/humanoid/robot_ws/install/servo_interfaces/lib/python3.12/site-packages/servo_interfaces/srv
[1.537s] -- Up-to-date: /home/rasp/humanoid/robot_ws/install/servo_interfaces/lib/python3.12/site-packages/servo_interfaces/srv/__init__.py
[1.537s] -- Up-to-date: /home/rasp/humanoid/robot_ws/install/servo_interfaces/lib/python3.12/site-packages/servo_interfaces/srv/_motor_angle.py
[1.537s] -- Up-to-date: /home/rasp/humanoid/robot_ws/install/servo_interfaces/lib/python3.12/site-packages/servo_interfaces/srv/_motor_angle_s.c
[1.537s] -- Up-to-date: /home/rasp/humanoid/robot_ws/install/servo_interfaces/lib/python3.12/site-packages/servo_interfaces/_servo_interfaces_s.ep.rosidl_typesupport_c.c
[1.537s] -- Up-to-date: /home/rasp/humanoid/robot_ws/install/servo_interfaces/lib/python3.12/site-packages/servo_interfaces/_servo_interfaces_s.ep.rosidl_typesupport_fastrtps_c.c
[1.537s] -- Up-to-date: /home/rasp/humanoid/robot_ws/install/servo_interfaces/lib/python3.12/site-packages/servo_interfaces/servo_interfaces_s__rosidl_typesupport_fastrtps_c.so
[1.537s] -- Up-to-date: /home/rasp/humanoid/robot_ws/install/servo_interfaces/lib/python3.12/site-packages/servo_interfaces/servo_interfaces_s__rosidl_typesupport_introspection_c.so
[1.537s] -- Up-to-date: /home/rasp/humanoid/robot_ws/install/servo_interfaces/lib/python3.12/site-packages/servo_interfaces/action
[1.537s] -- Up-to-date: /home/rasp/humanoid/robot_ws/install/servo_interfaces/lib/python3.12/site-packages/servo_interfaces/action/__init__.py
[1.537s] -- Up-to-date: /home/rasp/humanoid/robot_ws/install/servo_interfaces/lib/python3.12/site-packages/servo_interfaces/action/_motor_angle.py
[1.538s] -- Up-to-date: /home/rasp/humanoid/robot_ws/install/servo_interfaces/lib/python3.12/site-packages/servo_interfaces/action/_motor_angle_s.c
[1.538s] -- Up-to-date: /home/rasp/humanoid/robot_ws/install/servo_interfaces/lib/python3.12/site-packages/servo_interfaces/servo_interfaces_s__rosidl_typesupport_c.so
[1.587s] Listing '/home/rasp/humanoid/robot_ws/install/servo_interfaces/lib/python3.12/site-packages/servo_interfaces'...
[1.587s] Listing '/home/rasp/humanoid/robot_ws/install/servo_interfaces/lib/python3.12/site-packages/servo_interfaces/action'...
[1.587s] Listing '/home/rasp/humanoid/robot_ws/install/servo_interfaces/lib/python3.12/site-packages/servo_interfaces/msg'...
[1.588s] Listing '/home/rasp/humanoid/robot_ws/install/servo_interfaces/lib/python3.12/site-packages/servo_interfaces/srv'...
[1.601s] -- Up-to-date: /home/rasp/humanoid/robot_ws/install/servo_interfaces/lib/python3.12/site-packages/servo_interfaces/servo_interfaces_s__rosidl_typesupport_fastrtps_c.so
[1.601s] -- Up-to-date: /home/rasp/humanoid/robot_ws/install/servo_interfaces/lib/python3.12/site-packages/servo_interfaces/servo_interfaces_s__rosidl_typesupport_introspection_c.so
[1.602s] -- Up-to-date: /home/rasp/humanoid/robot_ws/install/servo_interfaces/lib/python3.12/site-packages/servo_interfaces/servo_interfaces_s__rosidl_typesupport_c.so
[1.602s] -- Up-to-date: /home/rasp/humanoid/robot_ws/install/servo_interfaces/lib/libservo_interfaces__rosidl_generator_py.so
[1.602s] -- Up-to-date: /home/rasp/humanoid/robot_ws/install/servo_interfaces/share/servo_interfaces/msg/SetPwm.idl
[1.603s] -- Up-to-date: /home/rasp/humanoid/robot_ws/install/servo_interfaces/share/servo_interfaces/srv/MotorAngle.idl
[1.603s] -- Up-to-date: /home/rasp/humanoid/robot_ws/install/servo_interfaces/share/servo_interfaces/action/MotorAngle.idl
[1.603s] -- Up-to-date: /home/rasp/humanoid/robot_ws/install/servo_interfaces/share/servo_interfaces/msg/SetPwm.msg
[1.603s] -- Up-to-date: /home/rasp/humanoid/robot_ws/install/servo_interfaces/share/servo_interfaces/srv/MotorAngle.srv
[1.603s] -- Up-to-date: /home/rasp/humanoid/robot_ws/install/servo_interfaces/share/servo_interfaces/action/MotorAngle.action
[1.603s] -- Up-to-date: /home/rasp/humanoid/robot_ws/install/servo_interfaces/share/ament_index/resource_index/package_run_dependencies/servo_interfaces
[1.603s] -- Up-to-date: /home/rasp/humanoid/robot_ws/install/servo_interfaces/share/ament_index/resource_index/parent_prefix_path/servo_interfaces
[1.603s] -- Up-to-date: /home/rasp/humanoid/robot_ws/install/servo_interfaces/share/servo_interfaces/environment/ament_prefix_path.sh
[1.603s] -- Up-to-date: /home/rasp/humanoid/robot_ws/install/servo_interfaces/share/servo_interfaces/environment/ament_prefix_path.dsv
[1.604s] -- Up-to-date: /home/rasp/humanoid/robot_ws/install/servo_interfaces/share/servo_interfaces/environment/path.sh
[1.604s] -- Up-to-date: /home/rasp/humanoid/robot_ws/install/servo_interfaces/share/servo_interfaces/environment/path.dsv
[1.604s] -- Up-to-date: /home/rasp/humanoid/robot_ws/install/servo_interfaces/share/servo_interfaces/local_setup.bash
[1.604s] -- Up-to-date: /home/rasp/humanoid/robot_ws/install/servo_interfaces/share/servo_interfaces/local_setup.sh
[1.604s] -- Up-to-date: /home/rasp/humanoid/robot_ws/install/servo_interfaces/share/servo_interfaces/local_setup.zsh
[1.604s] -- Up-to-date: /home/rasp/humanoid/robot_ws/install/servo_interfaces/share/servo_interfaces/local_setup.dsv
[1.604s] -- Installing: /home/rasp/humanoid/robot_ws/install/servo_interfaces/share/servo_interfaces/package.dsv
[1.604s] -- Up-to-date: /home/rasp/humanoid/robot_ws/install/servo_interfaces/share/ament_index/resource_index/packages/servo_interfaces
[1.605s] -- Up-to-date: /home/rasp/humanoid/robot_ws/install/servo_interfaces/share/servo_interfaces/cmake/export_servo_interfaces__rosidl_generator_cExport.cmake
[1.605s] -- Up-to-date: /home/rasp/humanoid/robot_ws/install/servo_interfaces/share/servo_interfaces/cmake/export_servo_interfaces__rosidl_generator_cExport-noconfig.cmake
[1.605s] -- Up-to-date: /home/rasp/humanoid/robot_ws/install/servo_interfaces/share/servo_interfaces/cmake/export_servo_interfaces__rosidl_typesupport_fastrtps_cExport.cmake
[1.605s] -- Up-to-date: /home/rasp/humanoid/robot_ws/install/servo_interfaces/share/servo_interfaces/cmake/export_servo_interfaces__rosidl_typesupport_fastrtps_cExport-noconfig.cmake
[1.605s] -- Up-to-date: /home/rasp/humanoid/robot_ws/install/servo_interfaces/share/servo_interfaces/cmake/servo_interfaces__rosidl_typesupport_introspection_cExport.cmake
[1.605s] -- Up-to-date: /home/rasp/humanoid/robot_ws/install/servo_interfaces/share/servo_interfaces/cmake/servo_interfaces__rosidl_typesupport_introspection_cExport-noconfig.cmake
[1.605s] -- Up-to-date: /home/rasp/humanoid/robot_ws/install/servo_interfaces/share/servo_interfaces/cmake/servo_interfaces__rosidl_typesupport_cExport.cmake
[1.605s] -- Up-to-date: /home/rasp/humanoid/robot_ws/install/servo_interfaces/share/servo_interfaces/cmake/servo_interfaces__rosidl_typesupport_cExport-noconfig.cmake
[1.605s] -- Up-to-date: /home/rasp/humanoid/robot_ws/install/servo_interfaces/share/servo_interfaces/cmake/export_servo_interfaces__rosidl_generator_cppExport.cmake
[1.606s] -- Up-to-date: /home/rasp/humanoid/robot_ws/install/servo_interfaces/share/servo_interfaces/cmake/export_servo_interfaces__rosidl_typesupport_fastrtps_cppExport.cmake
[1.606s] -- Up-to-date: /home/rasp/humanoid/robot_ws/install/servo_interfaces/share/servo_interfaces/cmake/export_servo_interfaces__rosidl_typesupport_fastrtps_cppExport-noconfig.cmake
[1.606s] -- Up-to-date: /home/rasp/humanoid/robot_ws/install/servo_interfaces/share/servo_interfaces/cmake/servo_interfaces__rosidl_typesupport_introspection_cppExport.cmake
[1.606s] -- Up-to-date: /home/rasp/humanoid/robot_ws/install/servo_interfaces/share/servo_interfaces/cmake/servo_interfaces__rosidl_typesupport_introspection_cppExport-noconfig.cmake
[1.606s] -- Up-to-date: /home/rasp/humanoid/robot_ws/install/servo_interfaces/share/servo_interfaces/cmake/servo_interfaces__rosidl_typesupport_cppExport.cmake
[1.606s] -- Up-to-date: /home/rasp/humanoid/robot_ws/install/servo_interfaces/share/servo_interfaces/cmake/servo_interfaces__rosidl_typesupport_cppExport-noconfig.cmake
[1.606s] -- Up-to-date: /home/rasp/humanoid/robot_ws/install/servo_interfaces/share/servo_interfaces/cmake/export_servo_interfaces__rosidl_generator_pyExport.cmake
[1.606s] -- Up-to-date: /home/rasp/humanoid/robot_ws/install/servo_interfaces/share/servo_interfaces/cmake/export_servo_interfaces__rosidl_generator_pyExport-noconfig.cmake
[1.606s] -- Up-to-date: /home/rasp/humanoid/robot_ws/install/servo_interfaces/share/servo_interfaces/cmake/rosidl_cmake-extras.cmake
[1.607s] -- Up-to-date: /home/rasp/humanoid/robot_ws/install/servo_interfaces/share/servo_interfaces/cmake/ament_cmake_export_dependencies-extras.cmake
[1.607s] -- Up-to-date: /home/rasp/humanoid/robot_ws/install/servo_interfaces/share/servo_interfaces/cmake/ament_cmake_export_include_directories-extras.cmake
[1.607s] -- Up-to-date: /home/rasp/humanoid/robot_ws/install/servo_interfaces/share/servo_interfaces/cmake/ament_cmake_export_libraries-extras.cmake
[1.607s] -- Up-to-date: /home/rasp/humanoid/robot_ws/install/servo_interfaces/share/servo_interfaces/cmake/ament_cmake_export_targets-extras.cmake
[1.607s] -- Up-to-date: /home/rasp/humanoid/robot_ws/install/servo_interfaces/share/servo_interfaces/cmake/rosidl_cmake_export_typesupport_targets-extras.cmake
[1.607s] -- Up-to-date: /home/rasp/humanoid/robot_ws/install/servo_interfaces/share/servo_interfaces/cmake/rosidl_cmake_export_typesupport_libraries-extras.cmake
[1.607s] -- Up-to-date: /home/rasp/humanoid/robot_ws/install/servo_interfaces/share/servo_interfaces/cmake/servo_interfacesConfig.cmake
[1.607s] -- Up-to-date: /home/rasp/humanoid/robot_ws/install/servo_interfaces/share/servo_interfaces/cmake/servo_interfacesConfig-version.cmake
[1.607s] -- Up-to-date: /home/rasp/humanoid/robot_ws/install/servo_interfaces/share/servo_interfaces/package.xml
[1.610s] Invoked command in '/home/rasp/humanoid/robot_ws/build/servo_interfaces' returned '0': CMAKE_PREFIX_PATH=${CMAKE_PREFIX_PATH}:/home/rasp/humanoid/robot_ws/install/my_servo_controller:/opt/ros/jazzy DEBUGINFOD_URLS=https://debuginfod.ubuntu.com /usr/bin/cmake --install /home/rasp/humanoid/robot_ws/build/servo_interfaces
