[0.023s] Invoking command in '/home/rasp/humanoid_ros2/robot_ws/build/servo_interfaces': CMAKE_PREFIX_PATH=${CMAKE_PREFIX_PATH}:/home/rasp/humanoid_ros2/robot_ws/install/my_servo_controller:/opt/ros/jazzy DEBUGINFOD_URLS=https://debuginfod.ubuntu.com VIRTUAL_ENV_PROMPT=(yolo_env) /usr/bin/cmake --build /home/rasp/humanoid_ros2/robot_ws/build/servo_interfaces -- -j4 -l4
[0.091s] -- Found ament_cmake: 2.5.6 (/opt/ros/jazzy/share/ament_cmake/cmake)
[0.353s] -- Found std_msgs: 5.3.7 (/opt/ros/jazzy/share/std_msgs/cmake)
[0.427s] -- Found rosidl_generator_c: 4.6.7 (/opt/ros/jazzy/share/rosidl_generator_c/cmake)
[0.451s] -- Found rosidl_generator_cpp: 4.6.7 (/opt/ros/jazzy/share/rosidl_generator_cpp/cmake)
[0.499s] -- Using all available rosidl_typesupport_c: rosidl_typesupport_fastrtps_c;rosidl_typesupport_introspection_c
[0.530s] -- Using all available rosidl_typesupport_cpp: rosidl_typesupport_fastrtps_cpp;rosidl_typesupport_introspection_cpp
[0.717s] -- Found rosidl_default_generators: 1.6.0 (/opt/ros/jazzy/share/rosidl_default_generators/cmake)
[0.742s] -- Found rosidl_adapter: 4.6.7 (/opt/ros/jazzy/share/rosidl_adapter/cmake)
[1.433s] -- Found ament_cmake_ros: 0.12.0 (/opt/ros/jazzy/share/ament_cmake_ros/cmake)
[2.110s] -- Using all available rosidl_typesupport_c: rosidl_typesupport_fastrtps_c;rosidl_typesupport_introspection_c
[2.275s] -- Using all available rosidl_typesupport_cpp: rosidl_typesupport_fastrtps_cpp;rosidl_typesupport_introspection_cpp
[2.278s] -- Found python_cmake_module: 0.11.1 (/opt/ros/jazzy/share/python_cmake_module/cmake)
[2.950s] -- Found Python3: /home/rasp/humanoid_ros2/yolo_env/bin/python3 (found version "3.12.3") found components: Interpreter Development NumPy Development.Module Development.Embed 
[3.105s] -- Found Python3: /home/rasp/humanoid_ros2/yolo_env/bin/python3 (found version "3.12.3") found components: Interpreter 
[3.191s] -- Configuring done (3.1s)
[3.508s] -- Generating done (0.3s)
[3.646s] -- Build files have been written to: /home/rasp/humanoid_ros2/robot_ws/build/servo_interfaces
[3.863s] [  1%] [34m[1mGenerating type hashes for ROS interfaces[0m
[3.882s] [  2%] [34m[1mGenerating Rust code for ROS interfaces[0m
[4.017s] [  2%] Built target ament_cmake_python_copy_servo_interfaces
[4.953s] running egg_info
[4.999s] writing servo_interfaces.egg-info/PKG-INFO
[4.999s] writing dependency_links to servo_interfaces.egg-info/dependency_links.txt
[5.003s] writing top-level names to servo_interfaces.egg-info/top_level.txt
[5.125s] reading manifest file 'servo_interfaces.egg-info/SOURCES.txt'
[5.128s] writing manifest file 'servo_interfaces.egg-info/SOURCES.txt'
[5.233s] [  2%] Built target servo_interfaces__rosidl_generator_type_description
[5.261s] [  3%] [34m[1mGenerating C code for ROS interfaces[0m
[5.276s] [  3%] Built target ament_cmake_python_build_servo_interfaces_egg
[5.328s] [  3%] [34m[1mGenerating C++ code for ROS interfaces[0m
[5.355s] [  3%] Built target servo_interfaces__rs
[6.862s] [  3%] Built target servo_interfaces__cpp
[7.165s] [  7%] [32mBuilding C object CMakeFiles/servo_interfaces__rosidl_generator_c.dir/rosidl_generator_c/servo_interfaces/msg/detail/set_pwm__functions.c.o[0m
[7.165s] [  7%] [32mBuilding C object CMakeFiles/servo_interfaces__rosidl_generator_c.dir/rosidl_generator_c/servo_interfaces/msg/detail/set_pwm__description.c.o[0m
[7.165s] [  7%] [32mBuilding C object CMakeFiles/servo_interfaces__rosidl_generator_c.dir/rosidl_generator_c/servo_interfaces/msg/detail/set_pwm__type_support.c.o[0m
[7.165s] [  7%] [32mBuilding C object CMakeFiles/servo_interfaces__rosidl_generator_c.dir/rosidl_generator_c/servo_interfaces/msg/detail/set_mode__description.c.o[0m
[7.559s] [  8%] [32mBuilding C object CMakeFiles/servo_interfaces__rosidl_generator_c.dir/rosidl_generator_c/servo_interfaces/msg/detail/set_mode__functions.c.o[0m
[7.618s] [  9%] [32mBuilding C object CMakeFiles/servo_interfaces__rosidl_generator_c.dir/rosidl_generator_c/servo_interfaces/msg/detail/set_mode__type_support.c.o[0m
[7.629s] [ 10%] [32mBuilding C object CMakeFiles/servo_interfaces__rosidl_generator_c.dir/rosidl_generator_c/servo_interfaces/msg/detail/inference_result__description.c.o[0m
[7.686s] [ 11%] [32mBuilding C object CMakeFiles/servo_interfaces__rosidl_generator_c.dir/rosidl_generator_c/servo_interfaces/msg/detail/inference_result__type_support.c.o[0m
[7.687s] [ 12%] [32mBuilding C object CMakeFiles/servo_interfaces__rosidl_generator_c.dir/rosidl_generator_c/servo_interfaces/msg/detail/inference_result__functions.c.o[0m
[7.692s] [ 13%] [32mBuilding C object CMakeFiles/servo_interfaces__rosidl_generator_c.dir/rosidl_generator_c/servo_interfaces/msg/detail/yolov8_inference__description.c.o[0m
[7.719s] [ 14%] [32mBuilding C object CMakeFiles/servo_interfaces__rosidl_generator_c.dir/rosidl_generator_c/servo_interfaces/msg/detail/yolov8_inference__functions.c.o[0m
[7.762s] [ 15%] [32mBuilding C object CMakeFiles/servo_interfaces__rosidl_generator_c.dir/rosidl_generator_c/servo_interfaces/msg/detail/yolov8_inference__type_support.c.o[0m
[7.804s] [ 17%] [32mBuilding C object CMakeFiles/servo_interfaces__rosidl_generator_c.dir/rosidl_generator_c/servo_interfaces/msg/detail/goal_position__functions.c.o[0m
[7.804s] [ 17%] [32mBuilding C object CMakeFiles/servo_interfaces__rosidl_generator_c.dir/rosidl_generator_c/servo_interfaces/msg/detail/goal_position__description.c.o[0m
[7.848s] [ 19%] [32mBuilding C object CMakeFiles/servo_interfaces__rosidl_generator_c.dir/rosidl_generator_c/servo_interfaces/msg/detail/head_move__description.c.o[0m
[7.848s] [ 19%] [32mBuilding C object CMakeFiles/servo_interfaces__rosidl_generator_c.dir/rosidl_generator_c/servo_interfaces/msg/detail/goal_position__type_support.c.o[0m
[7.909s] [ 20%] [32mBuilding C object CMakeFiles/servo_interfaces__rosidl_generator_c.dir/rosidl_generator_c/servo_interfaces/msg/detail/head_move__functions.c.o[0m
[7.932s] [ 21%] [32mBuilding C object CMakeFiles/servo_interfaces__rosidl_generator_c.dir/rosidl_generator_c/servo_interfaces/msg/detail/head_move__type_support.c.o[0m
[7.936s] [ 21%] [32mBuilding C object CMakeFiles/servo_interfaces__rosidl_generator_c.dir/rosidl_generator_c/servo_interfaces/srv/detail/motor_angle__description.c.o[0m
[7.949s] [ 22%] [32mBuilding C object CMakeFiles/servo_interfaces__rosidl_generator_c.dir/rosidl_generator_c/servo_interfaces/srv/detail/motor_angle__functions.c.o[0m
[8.010s] [ 23%] [32mBuilding C object CMakeFiles/servo_interfaces__rosidl_generator_c.dir/rosidl_generator_c/servo_interfaces/srv/detail/motor_angle__type_support.c.o[0m
[8.022s] [ 24%] [32mBuilding C object CMakeFiles/servo_interfaces__rosidl_generator_c.dir/rosidl_generator_c/servo_interfaces/action/detail/motor_angle__description.c.o[0m
[8.066s] [ 25%] [32mBuilding C object CMakeFiles/servo_interfaces__rosidl_generator_c.dir/rosidl_generator_c/servo_interfaces/action/detail/motor_angle__functions.c.o[0m
[8.105s] [ 26%] [32mBuilding C object CMakeFiles/servo_interfaces__rosidl_generator_c.dir/rosidl_generator_c/servo_interfaces/action/detail/motor_angle__type_support.c.o[0m
[8.354s] [ 27%] [32m[1mLinking C shared library libservo_interfaces__rosidl_generator_c.so[0m
[8.502s] [ 27%] Built target servo_interfaces__rosidl_generator_c
[8.530s] [ 30%] [34m[1mGenerating C++ type support for eProsima Fast-RTPS[0m
[8.530s] [ 30%] [34m[1mGenerating C type support dispatch for ROS interfaces[0m
[8.530s] [ 30%] [34m[1mGenerating C introspection for ROS interfaces[0m
[8.534s] [ 31%] [34m[1mGenerating C type support for eProsima Fast-RTPS[0m
[9.556s] [ 32%] [32mBuilding CXX object CMakeFiles/servo_interfaces__rosidl_typesupport_c.dir/rosidl_typesupport_c/servo_interfaces/msg/set_pwm__type_support.cpp.o[0m
[9.968s] [ 33%] [32mBuilding C object CMakeFiles/servo_interfaces__rosidl_typesupport_introspection_c.dir/rosidl_typesupport_introspection_c/servo_interfaces/msg/detail/set_pwm__type_support.c.o[0m
[10.013s] [ 34%] [32mBuilding CXX object CMakeFiles/servo_interfaces__rosidl_typesupport_c.dir/rosidl_typesupport_c/servo_interfaces/msg/set_mode__type_support.cpp.o[0m
[10.075s] [ 35%] [32mBuilding C object CMakeFiles/servo_interfaces__rosidl_typesupport_introspection_c.dir/rosidl_typesupport_introspection_c/servo_interfaces/msg/detail/set_mode__type_support.c.o[0m
[10.124s] [ 36%] [32mBuilding CXX object CMakeFiles/servo_interfaces__rosidl_typesupport_c.dir/rosidl_typesupport_c/servo_interfaces/msg/inference_result__type_support.cpp.o[0m
[10.162s] [ 37%] [32mBuilding C object CMakeFiles/servo_interfaces__rosidl_typesupport_introspection_c.dir/rosidl_typesupport_introspection_c/servo_interfaces/msg/detail/inference_result__type_support.c.o[0m
[10.231s] [ 37%] [32mBuilding CXX object CMakeFiles/servo_interfaces__rosidl_typesupport_c.dir/rosidl_typesupport_c/servo_interfaces/msg/yolov8_inference__type_support.cpp.o[0m
[10.257s] [ 38%] [32mBuilding C object CMakeFiles/servo_interfaces__rosidl_typesupport_introspection_c.dir/rosidl_typesupport_introspection_c/servo_interfaces/msg/detail/yolov8_inference__type_support.c.o[0m
[10.328s] [ 39%] [32mBuilding CXX object CMakeFiles/servo_interfaces__rosidl_typesupport_c.dir/rosidl_typesupport_c/servo_interfaces/msg/goal_position__type_support.cpp.o[0m
[10.361s] [ 40%] [32mBuilding C object CMakeFiles/servo_interfaces__rosidl_typesupport_introspection_c.dir/rosidl_typesupport_introspection_c/servo_interfaces/msg/detail/goal_position__type_support.c.o[0m
[10.429s] [ 41%] [32mBuilding CXX object CMakeFiles/servo_interfaces__rosidl_typesupport_c.dir/rosidl_typesupport_c/servo_interfaces/msg/head_move__type_support.cpp.o[0m
[10.436s] [ 42%] [32mBuilding CXX object CMakeFiles/servo_interfaces__rosidl_typesupport_fastrtps_cpp.dir/rosidl_typesupport_fastrtps_cpp/servo_interfaces/msg/detail/dds_fastrtps/set_pwm__type_support.cpp.o[0m
[10.451s] [ 43%] [32mBuilding C object CMakeFiles/servo_interfaces__rosidl_typesupport_introspection_c.dir/rosidl_typesupport_introspection_c/servo_interfaces/msg/detail/head_move__type_support.c.o[0m
[10.456s] [ 43%] [32mBuilding CXX object CMakeFiles/servo_interfaces__rosidl_typesupport_fastrtps_c.dir/rosidl_typesupport_fastrtps_c/servo_interfaces/msg/detail/set_pwm__type_support_c.cpp.o[0m
[10.524s] [ 44%] [32mBuilding CXX object CMakeFiles/servo_interfaces__rosidl_typesupport_c.dir/rosidl_typesupport_c/servo_interfaces/srv/motor_angle__type_support.cpp.o[0m
[10.557s] [ 45%] [32mBuilding C object CMakeFiles/servo_interfaces__rosidl_typesupport_introspection_c.dir/rosidl_typesupport_introspection_c/servo_interfaces/srv/detail/motor_angle__type_support.c.o[0m
[10.667s] [ 46%] [32mBuilding CXX object CMakeFiles/servo_interfaces__rosidl_typesupport_c.dir/rosidl_typesupport_c/servo_interfaces/action/motor_angle__type_support.cpp.o[0m
[10.710s] [ 47%] [32mBuilding C object CMakeFiles/servo_interfaces__rosidl_typesupport_introspection_c.dir/rosidl_typesupport_introspection_c/servo_interfaces/action/detail/motor_angle__type_support.c.o[0m
[10.850s] [ 48%] [32m[1mLinking CXX shared library libservo_interfaces__rosidl_typesupport_c.so[0m
[10.868s] [ 49%] [32m[1mLinking C shared library libservo_interfaces__rosidl_typesupport_introspection_c.so[0m
[10.953s] [ 49%] Built target servo_interfaces__rosidl_typesupport_c
[10.963s] [ 49%] Built target servo_interfaces__rosidl_typesupport_introspection_c
[10.974s] [ 50%] [32mBuilding CXX object CMakeFiles/servo_interfaces__rosidl_typesupport_fastrtps_cpp.dir/rosidl_typesupport_fastrtps_cpp/servo_interfaces/msg/detail/dds_fastrtps/set_mode__type_support.cpp.o[0m
[10.983s] [ 51%] [32mBuilding CXX object CMakeFiles/servo_interfaces__rosidl_typesupport_fastrtps_cpp.dir/rosidl_typesupport_fastrtps_cpp/servo_interfaces/msg/detail/dds_fastrtps/inference_result__type_support.cpp.o[0m
[11.983s] [ 52%] [32mBuilding CXX object CMakeFiles/servo_interfaces__rosidl_typesupport_fastrtps_c.dir/rosidl_typesupport_fastrtps_c/servo_interfaces/msg/detail/set_mode__type_support_c.cpp.o[0m
[11.987s] [ 53%] [32mBuilding CXX object CMakeFiles/servo_interfaces__rosidl_typesupport_fastrtps_cpp.dir/rosidl_typesupport_fastrtps_cpp/servo_interfaces/msg/detail/dds_fastrtps/yolov8_inference__type_support.cpp.o[0m
[12.011s] [ 54%] [32mBuilding CXX object CMakeFiles/servo_interfaces__rosidl_typesupport_fastrtps_c.dir/rosidl_typesupport_fastrtps_c/servo_interfaces/msg/detail/inference_result__type_support_c.cpp.o[0m
[12.063s] [ 55%] [32mBuilding CXX object CMakeFiles/servo_interfaces__rosidl_typesupport_fastrtps_c.dir/rosidl_typesupport_fastrtps_c/servo_interfaces/msg/detail/yolov8_inference__type_support_c.cpp.o[0m
[13.012s] [ 56%] [34m[1mGenerating C++ introspection for ROS interfaces[0m
[13.032s] [ 56%] [32mBuilding CXX object CMakeFiles/servo_interfaces__rosidl_typesupport_fastrtps_c.dir/rosidl_typesupport_fastrtps_c/servo_interfaces/msg/detail/goal_position__type_support_c.cpp.o[0m
[13.108s] [ 57%] [32mBuilding CXX object CMakeFiles/servo_interfaces__rosidl_typesupport_fastrtps_cpp.dir/rosidl_typesupport_fastrtps_cpp/servo_interfaces/msg/detail/dds_fastrtps/goal_position__type_support.cpp.o[0m
[13.142s] [ 58%] [32mBuilding CXX object CMakeFiles/servo_interfaces__rosidl_typesupport_fastrtps_c.dir/rosidl_typesupport_fastrtps_c/servo_interfaces/msg/detail/head_move__type_support_c.cpp.o[0m
[13.963s] [ 59%] [32mBuilding CXX object CMakeFiles/servo_interfaces__rosidl_typesupport_fastrtps_c.dir/rosidl_typesupport_fastrtps_c/servo_interfaces/srv/detail/motor_angle__type_support_c.cpp.o[0m
[14.063s] [ 60%] [32mBuilding CXX object CMakeFiles/servo_interfaces__rosidl_typesupport_fastrtps_c.dir/rosidl_typesupport_fastrtps_c/servo_interfaces/action/detail/motor_angle__type_support_c.cpp.o[0m
[14.168s] [ 61%] [32mBuilding CXX object CMakeFiles/servo_interfaces__rosidl_typesupport_fastrtps_cpp.dir/rosidl_typesupport_fastrtps_cpp/servo_interfaces/msg/detail/dds_fastrtps/head_move__type_support.cpp.o[0m
[14.691s] [ 62%] [32mBuilding CXX object CMakeFiles/servo_interfaces__rosidl_typesupport_introspection_cpp.dir/rosidl_typesupport_introspection_cpp/servo_interfaces/msg/detail/set_pwm__type_support.cpp.o[0m
[15.085s] [ 63%] [32mBuilding CXX object CMakeFiles/servo_interfaces__rosidl_typesupport_introspection_cpp.dir/rosidl_typesupport_introspection_cpp/servo_interfaces/msg/detail/set_mode__type_support.cpp.o[0m
[15.273s] [ 64%] [32mBuilding CXX object CMakeFiles/servo_interfaces__rosidl_typesupport_fastrtps_cpp.dir/rosidl_typesupport_fastrtps_cpp/servo_interfaces/srv/detail/dds_fastrtps/motor_angle__type_support.cpp.o[0m
[15.377s] [ 65%] [32m[1mLinking CXX shared library libservo_interfaces__rosidl_typesupport_fastrtps_c.so[0m
[15.419s] [ 66%] [34m[1mGenerating C++ type support dispatch for ROS interfaces[0m
[15.666s] [ 66%] Built target servo_interfaces__rosidl_typesupport_fastrtps_c
[15.691s] [ 67%] [32mBuilding CXX object CMakeFiles/servo_interfaces__rosidl_typesupport_introspection_cpp.dir/rosidl_typesupport_introspection_cpp/servo_interfaces/msg/detail/inference_result__type_support.cpp.o[0m
[15.810s] [ 68%] [32mBuilding CXX object CMakeFiles/servo_interfaces__rosidl_typesupport_introspection_cpp.dir/rosidl_typesupport_introspection_cpp/servo_interfaces/msg/detail/yolov8_inference__type_support.cpp.o[0m
[16.352s] [ 69%] [32mBuilding CXX object CMakeFiles/servo_interfaces__rosidl_typesupport_introspection_cpp.dir/rosidl_typesupport_introspection_cpp/servo_interfaces/msg/detail/goal_position__type_support.cpp.o[0m
[16.604s] [ 70%] [32mBuilding CXX object CMakeFiles/servo_interfaces__rosidl_typesupport_fastrtps_cpp.dir/rosidl_typesupport_fastrtps_cpp/servo_interfaces/action/detail/dds_fastrtps/motor_angle__type_support.cpp.o[0m
[16.677s] [ 71%] [32mBuilding CXX object CMakeFiles/servo_interfaces__rosidl_typesupport_introspection_cpp.dir/rosidl_typesupport_introspection_cpp/servo_interfaces/msg/detail/head_move__type_support.cpp.o[0m
[16.770s] [ 72%] [32mBuilding CXX object CMakeFiles/servo_interfaces__rosidl_typesupport_cpp.dir/rosidl_typesupport_cpp/servo_interfaces/msg/set_pwm__type_support.cpp.o[0m
[17.072s] [ 73%] [32mBuilding CXX object CMakeFiles/servo_interfaces__rosidl_typesupport_cpp.dir/rosidl_typesupport_cpp/servo_interfaces/msg/set_mode__type_support.cpp.o[0m
[17.360s] [ 74%] [32mBuilding CXX object CMakeFiles/servo_interfaces__rosidl_typesupport_introspection_cpp.dir/rosidl_typesupport_introspection_cpp/servo_interfaces/srv/detail/motor_angle__type_support.cpp.o[0m
[17.463s] [ 75%] [32mBuilding CXX object CMakeFiles/servo_interfaces__rosidl_typesupport_introspection_cpp.dir/rosidl_typesupport_introspection_cpp/servo_interfaces/action/detail/motor_angle__type_support.cpp.o[0m
[17.830s] [ 76%] [32mBuilding CXX object CMakeFiles/servo_interfaces__rosidl_typesupport_cpp.dir/rosidl_typesupport_cpp/servo_interfaces/msg/inference_result__type_support.cpp.o[0m
[18.319s] [ 77%] [32mBuilding CXX object CMakeFiles/servo_interfaces__rosidl_typesupport_cpp.dir/rosidl_typesupport_cpp/servo_interfaces/msg/yolov8_inference__type_support.cpp.o[0m
[18.608s] [ 78%] [32mBuilding CXX object CMakeFiles/servo_interfaces__rosidl_typesupport_cpp.dir/rosidl_typesupport_cpp/servo_interfaces/msg/goal_position__type_support.cpp.o[0m
[19.100s] [ 79%] [32m[1mLinking CXX shared library libservo_interfaces__rosidl_typesupport_fastrtps_cpp.so[0m
[19.131s] [ 80%] [32mBuilding CXX object CMakeFiles/servo_interfaces__rosidl_typesupport_cpp.dir/rosidl_typesupport_cpp/servo_interfaces/msg/head_move__type_support.cpp.o[0m
[19.287s] [ 81%] [32m[1mLinking CXX shared library libservo_interfaces__rosidl_typesupport_introspection_cpp.so[0m
[19.363s] [ 81%] Built target servo_interfaces__rosidl_typesupport_fastrtps_cpp
[19.391s] [ 82%] [32mBuilding CXX object CMakeFiles/servo_interfaces__rosidl_typesupport_cpp.dir/rosidl_typesupport_cpp/servo_interfaces/srv/motor_angle__type_support.cpp.o[0m
[19.423s] [ 83%] [32mBuilding CXX object CMakeFiles/servo_interfaces__rosidl_typesupport_cpp.dir/rosidl_typesupport_cpp/servo_interfaces/action/motor_angle__type_support.cpp.o[0m
[19.580s] [ 83%] Built target servo_interfaces__rosidl_typesupport_introspection_cpp
[20.563s] [ 84%] [32m[1mLinking CXX shared library libservo_interfaces__rosidl_typesupport_cpp.so[0m
[20.835s] [ 84%] Built target servo_interfaces__rosidl_typesupport_cpp
[20.875s] [ 84%] Built target servo_interfaces
[20.920s] [ 85%] [34m[1mGenerating Python code for ROS interfaces[0m
[22.953s] [ 85%] Built target servo_interfaces__py
[23.019s] [ 88%] [32mBuilding C object CMakeFiles/servo_interfaces__rosidl_generator_py.dir/rosidl_generator_py/servo_interfaces/msg/_inference_result_s.c.o[0m
[23.022s] [ 88%] [32mBuilding C object CMakeFiles/servo_interfaces__rosidl_generator_py.dir/rosidl_generator_py/servo_interfaces/msg/_set_mode_s.c.o[0m
[23.022s] [ 88%] [32mBuilding C object CMakeFiles/servo_interfaces__rosidl_generator_py.dir/rosidl_generator_py/servo_interfaces/msg/_yolov8_inference_s.c.o[0m
[23.022s] [ 89%] [32mBuilding C object CMakeFiles/servo_interfaces__rosidl_generator_py.dir/rosidl_generator_py/servo_interfaces/msg/_set_pwm_s.c.o[0m
[23.347s] [ 90%] [32mBuilding C object CMakeFiles/servo_interfaces__rosidl_generator_py.dir/rosidl_generator_py/servo_interfaces/msg/_goal_position_s.c.o[0m
[23.351s] [ 91%] [32mBuilding C object CMakeFiles/servo_interfaces__rosidl_generator_py.dir/rosidl_generator_py/servo_interfaces/msg/_head_move_s.c.o[0m
[23.359s] [ 93%] [32mBuilding C object CMakeFiles/servo_interfaces__rosidl_generator_py.dir/rosidl_generator_py/servo_interfaces/action/_motor_angle_s.c.o[0m
[23.361s] [ 93%] [32mBuilding C object CMakeFiles/servo_interfaces__rosidl_generator_py.dir/rosidl_generator_py/servo_interfaces/srv/_motor_angle_s.c.o[0m
[23.750s] [ 94%] [32m[1mLinking C shared library libservo_interfaces__rosidl_generator_py.so[0m
[23.855s] [ 94%] Built target servo_interfaces__rosidl_generator_py
[23.909s] [ 97%] [32mBuilding C object CMakeFiles/servo_interfaces_s__rosidl_typesupport_c.dir/rosidl_generator_py/servo_interfaces/_servo_interfaces_s.ep.rosidl_typesupport_c.c.o[0m
[23.909s] [ 97%] [32mBuilding C object CMakeFiles/servo_interfaces_s__rosidl_typesupport_introspection_c.dir/rosidl_generator_py/servo_interfaces/_servo_interfaces_s.ep.rosidl_typesupport_introspection_c.c.o[0m
[23.909s] [ 97%] [32mBuilding C object CMakeFiles/servo_interfaces_s__rosidl_typesupport_fastrtps_c.dir/rosidl_generator_py/servo_interfaces/_servo_interfaces_s.ep.rosidl_typesupport_fastrtps_c.c.o[0m
[24.241s] [ 98%] [32m[1mLinking C shared module rosidl_generator_py/servo_interfaces/servo_interfaces_s__rosidl_typesupport_c.so[0m
[24.249s] [ 99%] [32m[1mLinking C shared module rosidl_generator_py/servo_interfaces/servo_interfaces_s__rosidl_typesupport_fastrtps_c.so[0m
[24.275s] [100%] [32m[1mLinking C shared module rosidl_generator_py/servo_interfaces/servo_interfaces_s__rosidl_typesupport_introspection_c.so[0m
[24.319s] [100%] Built target servo_interfaces_s__rosidl_typesupport_c
[24.333s] [100%] Built target servo_interfaces_s__rosidl_typesupport_fastrtps_c
[24.353s] [100%] Built target servo_interfaces_s__rosidl_typesupport_introspection_c
[24.380s] Invoked command in '/home/rasp/humanoid_ros2/robot_ws/build/servo_interfaces' returned '0': CMAKE_PREFIX_PATH=${CMAKE_PREFIX_PATH}:/home/rasp/humanoid_ros2/robot_ws/install/my_servo_controller:/opt/ros/jazzy DEBUGINFOD_URLS=https://debuginfod.ubuntu.com VIRTUAL_ENV_PROMPT=(yolo_env) /usr/bin/cmake --build /home/rasp/humanoid_ros2/robot_ws/build/servo_interfaces -- -j4 -l4
[24.383s] Invoking command in '/home/rasp/humanoid_ros2/robot_ws/build/servo_interfaces': CMAKE_PREFIX_PATH=${CMAKE_PREFIX_PATH}:/home/rasp/humanoid_ros2/robot_ws/install/my_servo_controller:/opt/ros/jazzy DEBUGINFOD_URLS=https://debuginfod.ubuntu.com VIRTUAL_ENV_PROMPT=(yolo_env) /usr/bin/cmake --install /home/rasp/humanoid_ros2/robot_ws/build/servo_interfaces
[24.400s] -- Install configuration: ""
[24.400s] -- Up-to-date: /home/rasp/humanoid_ros2/robot_ws/install/servo_interfaces/share/ament_index/resource_index/rosidl_interfaces/servo_interfaces
[24.400s] -- Installing: /home/rasp/humanoid_ros2/robot_ws/install/servo_interfaces/share/servo_interfaces/msg/SetPwm.json
[24.400s] -- Installing: /home/rasp/humanoid_ros2/robot_ws/install/servo_interfaces/share/servo_interfaces/msg/SetMode.json
[24.400s] -- Installing: /home/rasp/humanoid_ros2/robot_ws/install/servo_interfaces/share/servo_interfaces/msg/InferenceResult.json
[24.401s] -- Installing: /home/rasp/humanoid_ros2/robot_ws/install/servo_interfaces/share/servo_interfaces/msg/Yolov8Inference.json
[24.401s] -- Installing: /home/rasp/humanoid_ros2/robot_ws/install/servo_interfaces/share/servo_interfaces/msg/GoalPosition.json
[24.401s] -- Installing: /home/rasp/humanoid_ros2/robot_ws/install/servo_interfaces/share/servo_interfaces/msg/HeadMove.json
[24.401s] -- Installing: /home/rasp/humanoid_ros2/robot_ws/install/servo_interfaces/share/servo_interfaces/srv/MotorAngle.json
[24.402s] -- Installing: /home/rasp/humanoid_ros2/robot_ws/install/servo_interfaces/share/servo_interfaces/action/MotorAngle.json
[24.402s] -- Up-to-date: /home/rasp/humanoid_ros2/robot_ws/install/servo_interfaces/include/servo_interfaces/servo_interfaces
[24.402s] -- Up-to-date: /home/rasp/humanoid_ros2/robot_ws/install/servo_interfaces/include/servo_interfaces/servo_interfaces/msg
[24.402s] -- Installing: /home/rasp/humanoid_ros2/robot_ws/install/servo_interfaces/include/servo_interfaces/servo_interfaces/msg/set_mode.h
[24.402s] -- Installing: /home/rasp/humanoid_ros2/robot_ws/install/servo_interfaces/include/servo_interfaces/servo_interfaces/msg/inference_result.h
[24.403s] -- Installing: /home/rasp/humanoid_ros2/robot_ws/install/servo_interfaces/include/servo_interfaces/servo_interfaces/msg/set_pwm.h
[24.403s] -- Installing: /home/rasp/humanoid_ros2/robot_ws/install/servo_interfaces/include/servo_interfaces/servo_interfaces/msg/head_move.h
[24.403s] -- Installing: /home/rasp/humanoid_ros2/robot_ws/install/servo_interfaces/include/servo_interfaces/servo_interfaces/msg/yolov8_inference.h
[24.403s] -- Up-to-date: /home/rasp/humanoid_ros2/robot_ws/install/servo_interfaces/include/servo_interfaces/servo_interfaces/msg/rosidl_generator_c__visibility_control.h
[24.403s] -- Up-to-date: /home/rasp/humanoid_ros2/robot_ws/install/servo_interfaces/include/servo_interfaces/servo_interfaces/msg/detail
[24.403s] -- Installing: /home/rasp/humanoid_ros2/robot_ws/install/servo_interfaces/include/servo_interfaces/servo_interfaces/msg/detail/goal_position__functions.c
[24.404s] -- Installing: /home/rasp/humanoid_ros2/robot_ws/install/servo_interfaces/include/servo_interfaces/servo_interfaces/msg/detail/head_move__functions.h
[24.404s] -- Installing: /home/rasp/humanoid_ros2/robot_ws/install/servo_interfaces/include/servo_interfaces/servo_interfaces/msg/detail/goal_position__functions.h
[24.404s] -- Installing: /home/rasp/humanoid_ros2/robot_ws/install/servo_interfaces/include/servo_interfaces/servo_interfaces/msg/detail/yolov8_inference__functions.c
[24.404s] -- Installing: /home/rasp/humanoid_ros2/robot_ws/install/servo_interfaces/include/servo_interfaces/servo_interfaces/msg/detail/set_pwm__description.c
[24.404s] -- Installing: /home/rasp/humanoid_ros2/robot_ws/install/servo_interfaces/include/servo_interfaces/servo_interfaces/msg/detail/goal_position__type_support.c
[24.404s] -- Installing: /home/rasp/humanoid_ros2/robot_ws/install/servo_interfaces/include/servo_interfaces/servo_interfaces/msg/detail/inference_result__type_support.c
[24.405s] -- Installing: /home/rasp/humanoid_ros2/robot_ws/install/servo_interfaces/include/servo_interfaces/servo_interfaces/msg/detail/inference_result__functions.h
[24.405s] -- Installing: /home/rasp/humanoid_ros2/robot_ws/install/servo_interfaces/include/servo_interfaces/servo_interfaces/msg/detail/set_pwm__struct.h
[24.405s] -- Installing: /home/rasp/humanoid_ros2/robot_ws/install/servo_interfaces/include/servo_interfaces/servo_interfaces/msg/detail/set_mode__functions.h
[24.405s] -- Installing: /home/rasp/humanoid_ros2/robot_ws/install/servo_interfaces/include/servo_interfaces/servo_interfaces/msg/detail/set_mode__description.c
[24.405s] -- Installing: /home/rasp/humanoid_ros2/robot_ws/install/servo_interfaces/include/servo_interfaces/servo_interfaces/msg/detail/inference_result__type_support.h
[24.406s] -- Installing: /home/rasp/humanoid_ros2/robot_ws/install/servo_interfaces/include/servo_interfaces/servo_interfaces/msg/detail/set_pwm__functions.c
[24.406s] -- Installing: /home/rasp/humanoid_ros2/robot_ws/install/servo_interfaces/include/servo_interfaces/servo_interfaces/msg/detail/set_mode__type_support.h
[24.406s] -- Installing: /home/rasp/humanoid_ros2/robot_ws/install/servo_interfaces/include/servo_interfaces/servo_interfaces/msg/detail/head_move__description.c
[24.406s] -- Installing: /home/rasp/humanoid_ros2/robot_ws/install/servo_interfaces/include/servo_interfaces/servo_interfaces/msg/detail/head_move__functions.c
[24.406s] -- Installing: /home/rasp/humanoid_ros2/robot_ws/install/servo_interfaces/include/servo_interfaces/servo_interfaces/msg/detail/set_mode__struct.h
[24.407s] -- Installing: /home/rasp/humanoid_ros2/robot_ws/install/servo_interfaces/include/servo_interfaces/servo_interfaces/msg/detail/yolov8_inference__struct.h
[24.407s] -- Installing: /home/rasp/humanoid_ros2/robot_ws/install/servo_interfaces/include/servo_interfaces/servo_interfaces/msg/detail/yolov8_inference__description.c
[24.407s] -- Installing: /home/rasp/humanoid_ros2/robot_ws/install/servo_interfaces/include/servo_interfaces/servo_interfaces/msg/detail/yolov8_inference__type_support.h
[24.407s] -- Installing: /home/rasp/humanoid_ros2/robot_ws/install/servo_interfaces/include/servo_interfaces/servo_interfaces/msg/detail/head_move__struct.h
[24.407s] -- Installing: /home/rasp/humanoid_ros2/robot_ws/install/servo_interfaces/include/servo_interfaces/servo_interfaces/msg/detail/set_pwm__functions.h
[24.407s] -- Installing: /home/rasp/humanoid_ros2/robot_ws/install/servo_interfaces/include/servo_interfaces/servo_interfaces/msg/detail/set_mode__type_support.c
[24.408s] -- Installing: /home/rasp/humanoid_ros2/robot_ws/install/servo_interfaces/include/servo_interfaces/servo_interfaces/msg/detail/inference_result__description.c
[24.408s] -- Installing: /home/rasp/humanoid_ros2/robot_ws/install/servo_interfaces/include/servo_interfaces/servo_interfaces/msg/detail/inference_result__struct.h
[24.408s] -- Installing: /home/rasp/humanoid_ros2/robot_ws/install/servo_interfaces/include/servo_interfaces/servo_interfaces/msg/detail/yolov8_inference__functions.h
[24.408s] -- Installing: /home/rasp/humanoid_ros2/robot_ws/install/servo_interfaces/include/servo_interfaces/servo_interfaces/msg/detail/set_pwm__type_support.h
[24.408s] -- Installing: /home/rasp/humanoid_ros2/robot_ws/install/servo_interfaces/include/servo_interfaces/servo_interfaces/msg/detail/goal_position__type_support.h
[24.409s] -- Installing: /home/rasp/humanoid_ros2/robot_ws/install/servo_interfaces/include/servo_interfaces/servo_interfaces/msg/detail/set_mode__functions.c
[24.409s] -- Installing: /home/rasp/humanoid_ros2/robot_ws/install/servo_interfaces/include/servo_interfaces/servo_interfaces/msg/detail/yolov8_inference__type_support.c
[24.409s] -- Installing: /home/rasp/humanoid_ros2/robot_ws/install/servo_interfaces/include/servo_interfaces/servo_interfaces/msg/detail/head_move__type_support.c
[24.409s] -- Installing: /home/rasp/humanoid_ros2/robot_ws/install/servo_interfaces/include/servo_interfaces/servo_interfaces/msg/detail/goal_position__description.c
[24.409s] -- Installing: /home/rasp/humanoid_ros2/robot_ws/install/servo_interfaces/include/servo_interfaces/servo_interfaces/msg/detail/inference_result__functions.c
[24.410s] -- Installing: /home/rasp/humanoid_ros2/robot_ws/install/servo_interfaces/include/servo_interfaces/servo_interfaces/msg/detail/head_move__type_support.h
[24.410s] -- Installing: /home/rasp/humanoid_ros2/robot_ws/install/servo_interfaces/include/servo_interfaces/servo_interfaces/msg/detail/goal_position__struct.h
[24.410s] -- Installing: /home/rasp/humanoid_ros2/robot_ws/install/servo_interfaces/include/servo_interfaces/servo_interfaces/msg/detail/set_pwm__type_support.c
[24.410s] -- Installing: /home/rasp/humanoid_ros2/robot_ws/install/servo_interfaces/include/servo_interfaces/servo_interfaces/msg/goal_position.h
[24.410s] -- Up-to-date: /home/rasp/humanoid_ros2/robot_ws/install/servo_interfaces/include/servo_interfaces/servo_interfaces/srv
[24.411s] -- Installing: /home/rasp/humanoid_ros2/robot_ws/install/servo_interfaces/include/servo_interfaces/servo_interfaces/srv/motor_angle.h
[24.411s] -- Up-to-date: /home/rasp/humanoid_ros2/robot_ws/install/servo_interfaces/include/servo_interfaces/servo_interfaces/srv/detail
[24.411s] -- Installing: /home/rasp/humanoid_ros2/robot_ws/install/servo_interfaces/include/servo_interfaces/servo_interfaces/srv/detail/motor_angle__type_support.h
[24.411s] -- Installing: /home/rasp/humanoid_ros2/robot_ws/install/servo_interfaces/include/servo_interfaces/servo_interfaces/srv/detail/motor_angle__description.c
[24.411s] -- Installing: /home/rasp/humanoid_ros2/robot_ws/install/servo_interfaces/include/servo_interfaces/servo_interfaces/srv/detail/motor_angle__type_support.c
[24.411s] -- Installing: /home/rasp/humanoid_ros2/robot_ws/install/servo_interfaces/include/servo_interfaces/servo_interfaces/srv/detail/motor_angle__functions.h
[24.412s] -- Installing: /home/rasp/humanoid_ros2/robot_ws/install/servo_interfaces/include/servo_interfaces/servo_interfaces/srv/detail/motor_angle__struct.h
[24.412s] -- Installing: /home/rasp/humanoid_ros2/robot_ws/install/servo_interfaces/include/servo_interfaces/servo_interfaces/srv/detail/motor_angle__functions.c
[24.412s] -- Up-to-date: /home/rasp/humanoid_ros2/robot_ws/install/servo_interfaces/include/servo_interfaces/servo_interfaces/action
[24.412s] -- Installing: /home/rasp/humanoid_ros2/robot_ws/install/servo_interfaces/include/servo_interfaces/servo_interfaces/action/motor_angle.h
[24.412s] -- Up-to-date: /home/rasp/humanoid_ros2/robot_ws/install/servo_interfaces/include/servo_interfaces/servo_interfaces/action/detail
[24.412s] -- Installing: /home/rasp/humanoid_ros2/robot_ws/install/servo_interfaces/include/servo_interfaces/servo_interfaces/action/detail/motor_angle__type_support.h
[24.413s] -- Installing: /home/rasp/humanoid_ros2/robot_ws/install/servo_interfaces/include/servo_interfaces/servo_interfaces/action/detail/motor_angle__description.c
[24.413s] -- Installing: /home/rasp/humanoid_ros2/robot_ws/install/servo_interfaces/include/servo_interfaces/servo_interfaces/action/detail/motor_angle__type_support.c
[24.413s] -- Installing: /home/rasp/humanoid_ros2/robot_ws/install/servo_interfaces/include/servo_interfaces/servo_interfaces/action/detail/motor_angle__functions.h
[24.413s] -- Installing: /home/rasp/humanoid_ros2/robot_ws/install/servo_interfaces/include/servo_interfaces/servo_interfaces/action/detail/motor_angle__struct.h
[24.414s] -- Installing: /home/rasp/humanoid_ros2/robot_ws/install/servo_interfaces/include/servo_interfaces/servo_interfaces/action/detail/motor_angle__functions.c
[24.414s] -- Up-to-date: /home/rasp/humanoid_ros2/robot_ws/install/servo_interfaces/share/servo_interfaces/environment/library_path.sh
[24.414s] -- Up-to-date: /home/rasp/humanoid_ros2/robot_ws/install/servo_interfaces/share/servo_interfaces/environment/library_path.dsv
[24.414s] -- Installing: /home/rasp/humanoid_ros2/robot_ws/install/servo_interfaces/lib/libservo_interfaces__rosidl_generator_c.so
[24.416s] -- Set non-toolchain portion of runtime path of "/home/rasp/humanoid_ros2/robot_ws/install/servo_interfaces/lib/libservo_interfaces__rosidl_generator_c.so" to ""
[24.416s] -- Up-to-date: /home/rasp/humanoid_ros2/robot_ws/install/servo_interfaces/include/servo_interfaces/servo_interfaces
[24.416s] -- Up-to-date: /home/rasp/humanoid_ros2/robot_ws/install/servo_interfaces/include/servo_interfaces/servo_interfaces/msg
[24.416s] -- Up-to-date: /home/rasp/humanoid_ros2/robot_ws/install/servo_interfaces/include/servo_interfaces/servo_interfaces/msg/rosidl_typesupport_fastrtps_c__visibility_control.h
[24.416s] -- Up-to-date: /home/rasp/humanoid_ros2/robot_ws/install/servo_interfaces/include/servo_interfaces/servo_interfaces/msg/detail
[24.416s] -- Installing: /home/rasp/humanoid_ros2/robot_ws/install/servo_interfaces/include/servo_interfaces/servo_interfaces/msg/detail/set_mode__rosidl_typesupport_fastrtps_c.h
[24.416s] -- Installing: /home/rasp/humanoid_ros2/robot_ws/install/servo_interfaces/include/servo_interfaces/servo_interfaces/msg/detail/inference_result__rosidl_typesupport_fastrtps_c.h
[24.416s] -- Installing: /home/rasp/humanoid_ros2/robot_ws/install/servo_interfaces/include/servo_interfaces/servo_interfaces/msg/detail/set_pwm__rosidl_typesupport_fastrtps_c.h
[24.417s] -- Installing: /home/rasp/humanoid_ros2/robot_ws/install/servo_interfaces/include/servo_interfaces/servo_interfaces/msg/detail/head_move__rosidl_typesupport_fastrtps_c.h
[24.417s] -- Installing: /home/rasp/humanoid_ros2/robot_ws/install/servo_interfaces/include/servo_interfaces/servo_interfaces/msg/detail/yolov8_inference__rosidl_typesupport_fastrtps_c.h
[24.417s] -- Installing: /home/rasp/humanoid_ros2/robot_ws/install/servo_interfaces/include/servo_interfaces/servo_interfaces/msg/detail/goal_position__rosidl_typesupport_fastrtps_c.h
[24.417s] -- Up-to-date: /home/rasp/humanoid_ros2/robot_ws/install/servo_interfaces/include/servo_interfaces/servo_interfaces/srv
[24.417s] -- Up-to-date: /home/rasp/humanoid_ros2/robot_ws/install/servo_interfaces/include/servo_interfaces/servo_interfaces/srv/detail
[24.417s] -- Installing: /home/rasp/humanoid_ros2/robot_ws/install/servo_interfaces/include/servo_interfaces/servo_interfaces/srv/detail/motor_angle__rosidl_typesupport_fastrtps_c.h
[24.417s] -- Up-to-date: /home/rasp/humanoid_ros2/robot_ws/install/servo_interfaces/include/servo_interfaces/servo_interfaces/action
[24.418s] -- Up-to-date: /home/rasp/humanoid_ros2/robot_ws/install/servo_interfaces/include/servo_interfaces/servo_interfaces/action/detail
[24.418s] -- Installing: /home/rasp/humanoid_ros2/robot_ws/install/servo_interfaces/include/servo_interfaces/servo_interfaces/action/detail/motor_angle__rosidl_typesupport_fastrtps_c.h
[24.418s] -- Installing: /home/rasp/humanoid_ros2/robot_ws/install/servo_interfaces/lib/libservo_interfaces__rosidl_typesupport_fastrtps_c.so
[24.419s] -- Set non-toolchain portion of runtime path of "/home/rasp/humanoid_ros2/robot_ws/install/servo_interfaces/lib/libservo_interfaces__rosidl_typesupport_fastrtps_c.so" to ""
[24.419s] -- Up-to-date: /home/rasp/humanoid_ros2/robot_ws/install/servo_interfaces/include/servo_interfaces/servo_interfaces
[24.419s] -- Up-to-date: /home/rasp/humanoid_ros2/robot_ws/install/servo_interfaces/include/servo_interfaces/servo_interfaces/msg
[24.419s] -- Installing: /home/rasp/humanoid_ros2/robot_ws/install/servo_interfaces/include/servo_interfaces/servo_interfaces/msg/yolov8_inference.hpp
[24.419s] -- Installing: /home/rasp/humanoid_ros2/robot_ws/install/servo_interfaces/include/servo_interfaces/servo_interfaces/msg/rosidl_generator_cpp__visibility_control.hpp
[24.420s] -- Installing: /home/rasp/humanoid_ros2/robot_ws/install/servo_interfaces/include/servo_interfaces/servo_interfaces/msg/set_pwm.hpp
[24.420s] -- Installing: /home/rasp/humanoid_ros2/robot_ws/install/servo_interfaces/include/servo_interfaces/servo_interfaces/msg/set_mode.hpp
[24.420s] -- Up-to-date: /home/rasp/humanoid_ros2/robot_ws/install/servo_interfaces/include/servo_interfaces/servo_interfaces/msg/detail
[24.420s] -- Installing: /home/rasp/humanoid_ros2/robot_ws/install/servo_interfaces/include/servo_interfaces/servo_interfaces/msg/detail/yolov8_inference__traits.hpp
[24.421s] -- Installing: /home/rasp/humanoid_ros2/robot_ws/install/servo_interfaces/include/servo_interfaces/servo_interfaces/msg/detail/set_pwm__traits.hpp
[24.421s] -- Installing: /home/rasp/humanoid_ros2/robot_ws/install/servo_interfaces/include/servo_interfaces/servo_interfaces/msg/detail/inference_result__traits.hpp
[24.421s] -- Installing: /home/rasp/humanoid_ros2/robot_ws/install/servo_interfaces/include/servo_interfaces/servo_interfaces/msg/detail/head_move__builder.hpp
[24.421s] -- Installing: /home/rasp/humanoid_ros2/robot_ws/install/servo_interfaces/include/servo_interfaces/servo_interfaces/msg/detail/goal_position__type_support.hpp
[24.421s] -- Installing: /home/rasp/humanoid_ros2/robot_ws/install/servo_interfaces/include/servo_interfaces/servo_interfaces/msg/detail/set_pwm__struct.hpp
[24.421s] -- Installing: /home/rasp/humanoid_ros2/robot_ws/install/servo_interfaces/include/servo_interfaces/servo_interfaces/msg/detail/goal_position__struct.hpp
[24.421s] -- Installing: /home/rasp/humanoid_ros2/robot_ws/install/servo_interfaces/include/servo_interfaces/servo_interfaces/msg/detail/set_mode__builder.hpp
[24.422s] -- Installing: /home/rasp/humanoid_ros2/robot_ws/install/servo_interfaces/include/servo_interfaces/servo_interfaces/msg/detail/yolov8_inference__builder.hpp
[24.422s] -- Installing: /home/rasp/humanoid_ros2/robot_ws/install/servo_interfaces/include/servo_interfaces/servo_interfaces/msg/detail/yolov8_inference__struct.hpp
[24.422s] -- Installing: /home/rasp/humanoid_ros2/robot_ws/install/servo_interfaces/include/servo_interfaces/servo_interfaces/msg/detail/goal_position__traits.hpp
[24.422s] -- Installing: /home/rasp/humanoid_ros2/robot_ws/install/servo_interfaces/include/servo_interfaces/servo_interfaces/msg/detail/head_move__traits.hpp
[24.422s] -- Installing: /home/rasp/humanoid_ros2/robot_ws/install/servo_interfaces/include/servo_interfaces/servo_interfaces/msg/detail/set_pwm__builder.hpp
[24.423s] -- Installing: /home/rasp/humanoid_ros2/robot_ws/install/servo_interfaces/include/servo_interfaces/servo_interfaces/msg/detail/head_move__struct.hpp
[24.423s] -- Installing: /home/rasp/humanoid_ros2/robot_ws/install/servo_interfaces/include/servo_interfaces/servo_interfaces/msg/detail/inference_result__struct.hpp
[24.423s] -- Installing: /home/rasp/humanoid_ros2/robot_ws/install/servo_interfaces/include/servo_interfaces/servo_interfaces/msg/detail/goal_position__builder.hpp
[24.423s] -- Installing: /home/rasp/humanoid_ros2/robot_ws/install/servo_interfaces/include/servo_interfaces/servo_interfaces/msg/detail/set_pwm__type_support.hpp
[24.423s] -- Installing: /home/rasp/humanoid_ros2/robot_ws/install/servo_interfaces/include/servo_interfaces/servo_interfaces/msg/detail/set_mode__type_support.hpp
[24.423s] -- Installing: /home/rasp/humanoid_ros2/robot_ws/install/servo_interfaces/include/servo_interfaces/servo_interfaces/msg/detail/set_mode__traits.hpp
[24.424s] -- Installing: /home/rasp/humanoid_ros2/robot_ws/install/servo_interfaces/include/servo_interfaces/servo_interfaces/msg/detail/set_mode__struct.hpp
[24.424s] -- Installing: /home/rasp/humanoid_ros2/robot_ws/install/servo_interfaces/include/servo_interfaces/servo_interfaces/msg/detail/inference_result__type_support.hpp
[24.424s] -- Installing: /home/rasp/humanoid_ros2/robot_ws/install/servo_interfaces/include/servo_interfaces/servo_interfaces/msg/detail/inference_result__builder.hpp
[24.424s] -- Installing: /home/rasp/humanoid_ros2/robot_ws/install/servo_interfaces/include/servo_interfaces/servo_interfaces/msg/detail/yolov8_inference__type_support.hpp
[24.424s] -- Installing: /home/rasp/humanoid_ros2/robot_ws/install/servo_interfaces/include/servo_interfaces/servo_interfaces/msg/detail/head_move__type_support.hpp
[24.425s] -- Installing: /home/rasp/humanoid_ros2/robot_ws/install/servo_interfaces/include/servo_interfaces/servo_interfaces/msg/inference_result.hpp
[24.425s] -- Installing: /home/rasp/humanoid_ros2/robot_ws/install/servo_interfaces/include/servo_interfaces/servo_interfaces/msg/goal_position.hpp
[24.425s] -- Installing: /home/rasp/humanoid_ros2/robot_ws/install/servo_interfaces/include/servo_interfaces/servo_interfaces/msg/head_move.hpp
[24.425s] -- Up-to-date: /home/rasp/humanoid_ros2/robot_ws/install/servo_interfaces/include/servo_interfaces/servo_interfaces/srv
[24.425s] -- Installing: /home/rasp/humanoid_ros2/robot_ws/install/servo_interfaces/include/servo_interfaces/servo_interfaces/srv/motor_angle.hpp
[24.425s] -- Up-to-date: /home/rasp/humanoid_ros2/robot_ws/install/servo_interfaces/include/servo_interfaces/servo_interfaces/srv/detail
[24.426s] -- Installing: /home/rasp/humanoid_ros2/robot_ws/install/servo_interfaces/include/servo_interfaces/servo_interfaces/srv/detail/motor_angle__type_support.hpp
[24.426s] -- Installing: /home/rasp/humanoid_ros2/robot_ws/install/servo_interfaces/include/servo_interfaces/servo_interfaces/srv/detail/motor_angle__builder.hpp
[24.426s] -- Installing: /home/rasp/humanoid_ros2/robot_ws/install/servo_interfaces/include/servo_interfaces/servo_interfaces/srv/detail/motor_angle__traits.hpp
[24.426s] -- Installing: /home/rasp/humanoid_ros2/robot_ws/install/servo_interfaces/include/servo_interfaces/servo_interfaces/srv/detail/motor_angle__struct.hpp
[24.426s] -- Up-to-date: /home/rasp/humanoid_ros2/robot_ws/install/servo_interfaces/include/servo_interfaces/servo_interfaces/action
[24.426s] -- Installing: /home/rasp/humanoid_ros2/robot_ws/install/servo_interfaces/include/servo_interfaces/servo_interfaces/action/motor_angle.hpp
[24.427s] -- Up-to-date: /home/rasp/humanoid_ros2/robot_ws/install/servo_interfaces/include/servo_interfaces/servo_interfaces/action/detail
[24.427s] -- Installing: /home/rasp/humanoid_ros2/robot_ws/install/servo_interfaces/include/servo_interfaces/servo_interfaces/action/detail/motor_angle__type_support.hpp
[24.427s] -- Installing: /home/rasp/humanoid_ros2/robot_ws/install/servo_interfaces/include/servo_interfaces/servo_interfaces/action/detail/motor_angle__builder.hpp
[24.427s] -- Installing: /home/rasp/humanoid_ros2/robot_ws/install/servo_interfaces/include/servo_interfaces/servo_interfaces/action/detail/motor_angle__traits.hpp
[24.427s] -- Installing: /home/rasp/humanoid_ros2/robot_ws/install/servo_interfaces/include/servo_interfaces/servo_interfaces/action/detail/motor_angle__struct.hpp
[24.428s] -- Up-to-date: /home/rasp/humanoid_ros2/robot_ws/install/servo_interfaces/include/servo_interfaces/servo_interfaces
[24.428s] -- Up-to-date: /home/rasp/humanoid_ros2/robot_ws/install/servo_interfaces/include/servo_interfaces/servo_interfaces/msg
[24.428s] -- Up-to-date: /home/rasp/humanoid_ros2/robot_ws/install/servo_interfaces/include/servo_interfaces/servo_interfaces/msg/rosidl_typesupport_fastrtps_cpp__visibility_control.h
[24.428s] -- Up-to-date: /home/rasp/humanoid_ros2/robot_ws/install/servo_interfaces/include/servo_interfaces/servo_interfaces/msg/detail
[24.428s] -- Installing: /home/rasp/humanoid_ros2/robot_ws/install/servo_interfaces/include/servo_interfaces/servo_interfaces/msg/detail/head_move__rosidl_typesupport_fastrtps_cpp.hpp
[24.428s] -- Installing: /home/rasp/humanoid_ros2/robot_ws/install/servo_interfaces/include/servo_interfaces/servo_interfaces/msg/detail/set_mode__rosidl_typesupport_fastrtps_cpp.hpp
[24.428s] -- Installing: /home/rasp/humanoid_ros2/robot_ws/install/servo_interfaces/include/servo_interfaces/servo_interfaces/msg/detail/inference_result__rosidl_typesupport_fastrtps_cpp.hpp
[24.428s] -- Installing: /home/rasp/humanoid_ros2/robot_ws/install/servo_interfaces/include/servo_interfaces/servo_interfaces/msg/detail/yolov8_inference__rosidl_typesupport_fastrtps_cpp.hpp
[24.429s] -- Installing: /home/rasp/humanoid_ros2/robot_ws/install/servo_interfaces/include/servo_interfaces/servo_interfaces/msg/detail/set_pwm__rosidl_typesupport_fastrtps_cpp.hpp
[24.429s] -- Installing: /home/rasp/humanoid_ros2/robot_ws/install/servo_interfaces/include/servo_interfaces/servo_interfaces/msg/detail/goal_position__rosidl_typesupport_fastrtps_cpp.hpp
[24.429s] -- Up-to-date: /home/rasp/humanoid_ros2/robot_ws/install/servo_interfaces/include/servo_interfaces/servo_interfaces/msg/detail/dds_fastrtps
[24.429s] -- Up-to-date: /home/rasp/humanoid_ros2/robot_ws/install/servo_interfaces/include/servo_interfaces/servo_interfaces/srv
[24.429s] -- Up-to-date: /home/rasp/humanoid_ros2/robot_ws/install/servo_interfaces/include/servo_interfaces/servo_interfaces/srv/detail
[24.429s] -- Up-to-date: /home/rasp/humanoid_ros2/robot_ws/install/servo_interfaces/include/servo_interfaces/servo_interfaces/srv/detail/dds_fastrtps
[24.429s] -- Installing: /home/rasp/humanoid_ros2/robot_ws/install/servo_interfaces/include/servo_interfaces/servo_interfaces/srv/detail/motor_angle__rosidl_typesupport_fastrtps_cpp.hpp
[24.429s] -- Up-to-date: /home/rasp/humanoid_ros2/robot_ws/install/servo_interfaces/include/servo_interfaces/servo_interfaces/action
[24.430s] -- Up-to-date: /home/rasp/humanoid_ros2/robot_ws/install/servo_interfaces/include/servo_interfaces/servo_interfaces/action/detail
[24.430s] -- Up-to-date: /home/rasp/humanoid_ros2/robot_ws/install/servo_interfaces/include/servo_interfaces/servo_interfaces/action/detail/dds_fastrtps
[24.430s] -- Installing: /home/rasp/humanoid_ros2/robot_ws/install/servo_interfaces/include/servo_interfaces/servo_interfaces/action/detail/motor_angle__rosidl_typesupport_fastrtps_cpp.hpp
[24.430s] -- Installing: /home/rasp/humanoid_ros2/robot_ws/install/servo_interfaces/lib/libservo_interfaces__rosidl_typesupport_fastrtps_cpp.so
[24.431s] -- Set non-toolchain portion of runtime path of "/home/rasp/humanoid_ros2/robot_ws/install/servo_interfaces/lib/libservo_interfaces__rosidl_typesupport_fastrtps_cpp.so" to ""
[24.432s] -- Up-to-date: /home/rasp/humanoid_ros2/robot_ws/install/servo_interfaces/include/servo_interfaces/servo_interfaces
[24.432s] -- Up-to-date: /home/rasp/humanoid_ros2/robot_ws/install/servo_interfaces/include/servo_interfaces/servo_interfaces/msg
[24.432s] -- Up-to-date: /home/rasp/humanoid_ros2/robot_ws/install/servo_interfaces/include/servo_interfaces/servo_interfaces/msg/rosidl_typesupport_introspection_c__visibility_control.h
[24.432s] -- Up-to-date: /home/rasp/humanoid_ros2/robot_ws/install/servo_interfaces/include/servo_interfaces/servo_interfaces/msg/detail
[24.432s] -- Installing: /home/rasp/humanoid_ros2/robot_ws/install/servo_interfaces/include/servo_interfaces/servo_interfaces/msg/detail/goal_position__type_support.c
[24.432s] -- Installing: /home/rasp/humanoid_ros2/robot_ws/install/servo_interfaces/include/servo_interfaces/servo_interfaces/msg/detail/inference_result__type_support.c
[24.432s] -- Installing: /home/rasp/humanoid_ros2/robot_ws/install/servo_interfaces/include/servo_interfaces/servo_interfaces/msg/detail/set_pwm__rosidl_typesupport_introspection_c.h
[24.433s] -- Installing: /home/rasp/humanoid_ros2/robot_ws/install/servo_interfaces/include/servo_interfaces/servo_interfaces/msg/detail/inference_result__rosidl_typesupport_introspection_c.h
[24.433s] -- Installing: /home/rasp/humanoid_ros2/robot_ws/install/servo_interfaces/include/servo_interfaces/servo_interfaces/msg/detail/goal_position__rosidl_typesupport_introspection_c.h
[24.433s] -- Installing: /home/rasp/humanoid_ros2/robot_ws/install/servo_interfaces/include/servo_interfaces/servo_interfaces/msg/detail/head_move__rosidl_typesupport_introspection_c.h
[24.433s] -- Installing: /home/rasp/humanoid_ros2/robot_ws/install/servo_interfaces/include/servo_interfaces/servo_interfaces/msg/detail/set_mode__type_support.c
[24.433s] -- Installing: /home/rasp/humanoid_ros2/robot_ws/install/servo_interfaces/include/servo_interfaces/servo_interfaces/msg/detail/yolov8_inference__type_support.c
[24.433s] -- Installing: /home/rasp/humanoid_ros2/robot_ws/install/servo_interfaces/include/servo_interfaces/servo_interfaces/msg/detail/head_move__type_support.c
[24.433s] -- Installing: /home/rasp/humanoid_ros2/robot_ws/install/servo_interfaces/include/servo_interfaces/servo_interfaces/msg/detail/set_mode__rosidl_typesupport_introspection_c.h
[24.434s] -- Installing: /home/rasp/humanoid_ros2/robot_ws/install/servo_interfaces/include/servo_interfaces/servo_interfaces/msg/detail/yolov8_inference__rosidl_typesupport_introspection_c.h
[24.434s] -- Installing: /home/rasp/humanoid_ros2/robot_ws/install/servo_interfaces/include/servo_interfaces/servo_interfaces/msg/detail/set_pwm__type_support.c
[24.434s] -- Up-to-date: /home/rasp/humanoid_ros2/robot_ws/install/servo_interfaces/include/servo_interfaces/servo_interfaces/srv
[24.434s] -- Up-to-date: /home/rasp/humanoid_ros2/robot_ws/install/servo_interfaces/include/servo_interfaces/servo_interfaces/srv/detail
[24.434s] -- Installing: /home/rasp/humanoid_ros2/robot_ws/install/servo_interfaces/include/servo_interfaces/servo_interfaces/srv/detail/motor_angle__type_support.c
[24.434s] -- Installing: /home/rasp/humanoid_ros2/robot_ws/install/servo_interfaces/include/servo_interfaces/servo_interfaces/srv/detail/motor_angle__rosidl_typesupport_introspection_c.h
[24.435s] -- Up-to-date: /home/rasp/humanoid_ros2/robot_ws/install/servo_interfaces/include/servo_interfaces/servo_interfaces/action
[24.435s] -- Up-to-date: /home/rasp/humanoid_ros2/robot_ws/install/servo_interfaces/include/servo_interfaces/servo_interfaces/action/detail
[24.435s] -- Installing: /home/rasp/humanoid_ros2/robot_ws/install/servo_interfaces/include/servo_interfaces/servo_interfaces/action/detail/motor_angle__type_support.c
[24.435s] -- Installing: /home/rasp/humanoid_ros2/robot_ws/install/servo_interfaces/include/servo_interfaces/servo_interfaces/action/detail/motor_angle__rosidl_typesupport_introspection_c.h
[24.435s] -- Installing: /home/rasp/humanoid_ros2/robot_ws/install/servo_interfaces/lib/libservo_interfaces__rosidl_typesupport_introspection_c.so
[24.436s] -- Set non-toolchain portion of runtime path of "/home/rasp/humanoid_ros2/robot_ws/install/servo_interfaces/lib/libservo_interfaces__rosidl_typesupport_introspection_c.so" to ""
[24.437s] -- Installing: /home/rasp/humanoid_ros2/robot_ws/install/servo_interfaces/lib/libservo_interfaces__rosidl_typesupport_c.so
[24.437s] -- Set non-toolchain portion of runtime path of "/home/rasp/humanoid_ros2/robot_ws/install/servo_interfaces/lib/libservo_interfaces__rosidl_typesupport_c.so" to ""
[24.437s] -- Up-to-date: /home/rasp/humanoid_ros2/robot_ws/install/servo_interfaces/include/servo_interfaces/servo_interfaces
[24.438s] -- Up-to-date: /home/rasp/humanoid_ros2/robot_ws/install/servo_interfaces/include/servo_interfaces/servo_interfaces/msg
[24.438s] -- Up-to-date: /home/rasp/humanoid_ros2/robot_ws/install/servo_interfaces/include/servo_interfaces/servo_interfaces/msg/detail
[24.438s] -- Installing: /home/rasp/humanoid_ros2/robot_ws/install/servo_interfaces/include/servo_interfaces/servo_interfaces/msg/detail/head_move__type_support.cpp
[24.438s] -- Installing: /home/rasp/humanoid_ros2/robot_ws/install/servo_interfaces/include/servo_interfaces/servo_interfaces/msg/detail/set_mode__rosidl_typesupport_introspection_cpp.hpp
[24.438s] -- Installing: /home/rasp/humanoid_ros2/robot_ws/install/servo_interfaces/include/servo_interfaces/servo_interfaces/msg/detail/yolov8_inference__rosidl_typesupport_introspection_cpp.hpp
[24.438s] -- Installing: /home/rasp/humanoid_ros2/robot_ws/install/servo_interfaces/include/servo_interfaces/servo_interfaces/msg/detail/goal_position__type_support.cpp
[24.438s] -- Installing: /home/rasp/humanoid_ros2/robot_ws/install/servo_interfaces/include/servo_interfaces/servo_interfaces/msg/detail/set_pwm__rosidl_typesupport_introspection_cpp.hpp
[24.439s] -- Installing: /home/rasp/humanoid_ros2/robot_ws/install/servo_interfaces/include/servo_interfaces/servo_interfaces/msg/detail/yolov8_inference__type_support.cpp
[24.439s] -- Installing: /home/rasp/humanoid_ros2/robot_ws/install/servo_interfaces/include/servo_interfaces/servo_interfaces/msg/detail/set_mode__type_support.cpp
[24.439s] -- Installing: /home/rasp/humanoid_ros2/robot_ws/install/servo_interfaces/include/servo_interfaces/servo_interfaces/msg/detail/inference_result__rosidl_typesupport_introspection_cpp.hpp
[24.439s] -- Installing: /home/rasp/humanoid_ros2/robot_ws/install/servo_interfaces/include/servo_interfaces/servo_interfaces/msg/detail/goal_position__rosidl_typesupport_introspection_cpp.hpp
[24.439s] -- Installing: /home/rasp/humanoid_ros2/robot_ws/install/servo_interfaces/include/servo_interfaces/servo_interfaces/msg/detail/head_move__rosidl_typesupport_introspection_cpp.hpp
[24.440s] -- Installing: /home/rasp/humanoid_ros2/robot_ws/install/servo_interfaces/include/servo_interfaces/servo_interfaces/msg/detail/set_pwm__type_support.cpp
[24.440s] -- Installing: /home/rasp/humanoid_ros2/robot_ws/install/servo_interfaces/include/servo_interfaces/servo_interfaces/msg/detail/inference_result__type_support.cpp
[24.440s] -- Up-to-date: /home/rasp/humanoid_ros2/robot_ws/install/servo_interfaces/include/servo_interfaces/servo_interfaces/srv
[24.440s] -- Up-to-date: /home/rasp/humanoid_ros2/robot_ws/install/servo_interfaces/include/servo_interfaces/servo_interfaces/srv/detail
[24.440s] -- Installing: /home/rasp/humanoid_ros2/robot_ws/install/servo_interfaces/include/servo_interfaces/servo_interfaces/srv/detail/motor_angle__rosidl_typesupport_introspection_cpp.hpp
[24.440s] -- Installing: /home/rasp/humanoid_ros2/robot_ws/install/servo_interfaces/include/servo_interfaces/servo_interfaces/srv/detail/motor_angle__type_support.cpp
[24.441s] -- Up-to-date: /home/rasp/humanoid_ros2/robot_ws/install/servo_interfaces/include/servo_interfaces/servo_interfaces/action
[24.441s] -- Up-to-date: /home/rasp/humanoid_ros2/robot_ws/install/servo_interfaces/include/servo_interfaces/servo_interfaces/action/detail
[24.441s] -- Installing: /home/rasp/humanoid_ros2/robot_ws/install/servo_interfaces/include/servo_interfaces/servo_interfaces/action/detail/motor_angle__rosidl_typesupport_introspection_cpp.hpp
[24.441s] -- Installing: /home/rasp/humanoid_ros2/robot_ws/install/servo_interfaces/include/servo_interfaces/servo_interfaces/action/detail/motor_angle__type_support.cpp
[24.441s] -- Installing: /home/rasp/humanoid_ros2/robot_ws/install/servo_interfaces/lib/libservo_interfaces__rosidl_typesupport_introspection_cpp.so
[24.443s] -- Set non-toolchain portion of runtime path of "/home/rasp/humanoid_ros2/robot_ws/install/servo_interfaces/lib/libservo_interfaces__rosidl_typesupport_introspection_cpp.so" to ""
[24.443s] -- Installing: /home/rasp/humanoid_ros2/robot_ws/install/servo_interfaces/lib/libservo_interfaces__rosidl_typesupport_cpp.so
[24.444s] -- Set non-toolchain portion of runtime path of "/home/rasp/humanoid_ros2/robot_ws/install/servo_interfaces/lib/libservo_interfaces__rosidl_typesupport_cpp.so" to ""
[24.444s] -- Up-to-date: /home/rasp/humanoid_ros2/robot_ws/install/servo_interfaces/share/servo_interfaces/environment/pythonpath.sh
[24.445s] -- Up-to-date: /home/rasp/humanoid_ros2/robot_ws/install/servo_interfaces/share/servo_interfaces/environment/pythonpath.dsv
[24.445s] -- Up-to-date: /home/rasp/humanoid_ros2/robot_ws/install/servo_interfaces/lib/python3.12/site-packages/servo_interfaces-0.0.0-py3.12.egg-info
[24.445s] -- Installing: /home/rasp/humanoid_ros2/robot_ws/install/servo_interfaces/lib/python3.12/site-packages/servo_interfaces-0.0.0-py3.12.egg-info/top_level.txt
[24.445s] -- Installing: /home/rasp/humanoid_ros2/robot_ws/install/servo_interfaces/lib/python3.12/site-packages/servo_interfaces-0.0.0-py3.12.egg-info/PKG-INFO
[24.445s] -- Installing: /home/rasp/humanoid_ros2/robot_ws/install/servo_interfaces/lib/python3.12/site-packages/servo_interfaces-0.0.0-py3.12.egg-info/SOURCES.txt
[24.445s] -- Installing: /home/rasp/humanoid_ros2/robot_ws/install/servo_interfaces/lib/python3.12/site-packages/servo_interfaces-0.0.0-py3.12.egg-info/dependency_links.txt
[24.445s] -- Up-to-date: /home/rasp/humanoid_ros2/robot_ws/install/servo_interfaces/lib/python3.12/site-packages/servo_interfaces
[24.446s] -- Installing: /home/rasp/humanoid_ros2/robot_ws/install/servo_interfaces/lib/python3.12/site-packages/servo_interfaces/_servo_interfaces_s.ep.rosidl_typesupport_introspection_c.c
[24.446s] -- Up-to-date: /home/rasp/humanoid_ros2/robot_ws/install/servo_interfaces/lib/python3.12/site-packages/servo_interfaces/msg
[24.446s] -- Installing: /home/rasp/humanoid_ros2/robot_ws/install/servo_interfaces/lib/python3.12/site-packages/servo_interfaces/msg/_head_move_s.c
[24.446s] -- Installing: /home/rasp/humanoid_ros2/robot_ws/install/servo_interfaces/lib/python3.12/site-packages/servo_interfaces/msg/__init__.py
[24.447s] -- Installing: /home/rasp/humanoid_ros2/robot_ws/install/servo_interfaces/lib/python3.12/site-packages/servo_interfaces/msg/_inference_result_s.c
[24.447s] -- Installing: /home/rasp/humanoid_ros2/robot_ws/install/servo_interfaces/lib/python3.12/site-packages/servo_interfaces/msg/_inference_result.py
[24.447s] -- Installing: /home/rasp/humanoid_ros2/robot_ws/install/servo_interfaces/lib/python3.12/site-packages/servo_interfaces/msg/_yolov8_inference.py
[24.447s] -- Installing: /home/rasp/humanoid_ros2/robot_ws/install/servo_interfaces/lib/python3.12/site-packages/servo_interfaces/msg/_set_pwm_s.c
[24.447s] -- Installing: /home/rasp/humanoid_ros2/robot_ws/install/servo_interfaces/lib/python3.12/site-packages/servo_interfaces/msg/_set_mode_s.c
[24.447s] -- Installing: /home/rasp/humanoid_ros2/robot_ws/install/servo_interfaces/lib/python3.12/site-packages/servo_interfaces/msg/_head_move.py
[24.448s] -- Installing: /home/rasp/humanoid_ros2/robot_ws/install/servo_interfaces/lib/python3.12/site-packages/servo_interfaces/msg/_set_mode.py
[24.448s] -- Installing: /home/rasp/humanoid_ros2/robot_ws/install/servo_interfaces/lib/python3.12/site-packages/servo_interfaces/msg/_set_pwm.py
[24.448s] -- Installing: /home/rasp/humanoid_ros2/robot_ws/install/servo_interfaces/lib/python3.12/site-packages/servo_interfaces/msg/_yolov8_inference_s.c
[24.448s] -- Installing: /home/rasp/humanoid_ros2/robot_ws/install/servo_interfaces/lib/python3.12/site-packages/servo_interfaces/msg/_goal_position.py
[24.448s] -- Installing: /home/rasp/humanoid_ros2/robot_ws/install/servo_interfaces/lib/python3.12/site-packages/servo_interfaces/msg/_goal_position_s.c
[24.449s] -- Installing: /home/rasp/humanoid_ros2/robot_ws/install/servo_interfaces/lib/python3.12/site-packages/servo_interfaces/__init__.py
[24.449s] -- Up-to-date: /home/rasp/humanoid_ros2/robot_ws/install/servo_interfaces/lib/python3.12/site-packages/servo_interfaces/srv
[24.449s] -- Installing: /home/rasp/humanoid_ros2/robot_ws/install/servo_interfaces/lib/python3.12/site-packages/servo_interfaces/srv/__init__.py
[24.449s] -- Installing: /home/rasp/humanoid_ros2/robot_ws/install/servo_interfaces/lib/python3.12/site-packages/servo_interfaces/srv/_motor_angle.py
[24.449s] -- Installing: /home/rasp/humanoid_ros2/robot_ws/install/servo_interfaces/lib/python3.12/site-packages/servo_interfaces/srv/_motor_angle_s.c
[24.449s] -- Installing: /home/rasp/humanoid_ros2/robot_ws/install/servo_interfaces/lib/python3.12/site-packages/servo_interfaces/_servo_interfaces_s.ep.rosidl_typesupport_c.c
[24.450s] -- Installing: /home/rasp/humanoid_ros2/robot_ws/install/servo_interfaces/lib/python3.12/site-packages/servo_interfaces/_servo_interfaces_s.ep.rosidl_typesupport_fastrtps_c.c
[24.452s] -- Installing: /home/rasp/humanoid_ros2/robot_ws/install/servo_interfaces/lib/python3.12/site-packages/servo_interfaces/servo_interfaces_s__rosidl_typesupport_fastrtps_c.so
[24.452s] -- Installing: /home/rasp/humanoid_ros2/robot_ws/install/servo_interfaces/lib/python3.12/site-packages/servo_interfaces/servo_interfaces_s__rosidl_typesupport_introspection_c.so
[24.452s] -- Up-to-date: /home/rasp/humanoid_ros2/robot_ws/install/servo_interfaces/lib/python3.12/site-packages/servo_interfaces/action
[24.452s] -- Installing: /home/rasp/humanoid_ros2/robot_ws/install/servo_interfaces/lib/python3.12/site-packages/servo_interfaces/action/__init__.py
[24.452s] -- Installing: /home/rasp/humanoid_ros2/robot_ws/install/servo_interfaces/lib/python3.12/site-packages/servo_interfaces/action/_motor_angle.py
[24.452s] -- Installing: /home/rasp/humanoid_ros2/robot_ws/install/servo_interfaces/lib/python3.12/site-packages/servo_interfaces/action/_motor_angle_s.c
[24.453s] -- Installing: /home/rasp/humanoid_ros2/robot_ws/install/servo_interfaces/lib/python3.12/site-packages/servo_interfaces/servo_interfaces_s__rosidl_typesupport_c.so
[24.581s] Listing '/home/rasp/humanoid_ros2/robot_ws/install/servo_interfaces/lib/python3.12/site-packages/servo_interfaces'...
[24.581s] Compiling '/home/rasp/humanoid_ros2/robot_ws/install/servo_interfaces/lib/python3.12/site-packages/servo_interfaces/__init__.py'...
[24.581s] Listing '/home/rasp/humanoid_ros2/robot_ws/install/servo_interfaces/lib/python3.12/site-packages/servo_interfaces/action'...
[24.582s] Compiling '/home/rasp/humanoid_ros2/robot_ws/install/servo_interfaces/lib/python3.12/site-packages/servo_interfaces/action/__init__.py'...
[24.582s] Compiling '/home/rasp/humanoid_ros2/robot_ws/install/servo_interfaces/lib/python3.12/site-packages/servo_interfaces/action/_motor_angle.py'...
[24.582s] Listing '/home/rasp/humanoid_ros2/robot_ws/install/servo_interfaces/lib/python3.12/site-packages/servo_interfaces/msg'...
[24.582s] Compiling '/home/rasp/humanoid_ros2/robot_ws/install/servo_interfaces/lib/python3.12/site-packages/servo_interfaces/msg/__init__.py'...
[24.582s] Compiling '/home/rasp/humanoid_ros2/robot_ws/install/servo_interfaces/lib/python3.12/site-packages/servo_interfaces/msg/_goal_position.py'...
[24.582s] Compiling '/home/rasp/humanoid_ros2/robot_ws/install/servo_interfaces/lib/python3.12/site-packages/servo_interfaces/msg/_head_move.py'...
[24.582s] Compiling '/home/rasp/humanoid_ros2/robot_ws/install/servo_interfaces/lib/python3.12/site-packages/servo_interfaces/msg/_inference_result.py'...
[24.582s] Compiling '/home/rasp/humanoid_ros2/robot_ws/install/servo_interfaces/lib/python3.12/site-packages/servo_interfaces/msg/_set_mode.py'...
[24.582s] Compiling '/home/rasp/humanoid_ros2/robot_ws/install/servo_interfaces/lib/python3.12/site-packages/servo_interfaces/msg/_set_pwm.py'...
[24.583s] Compiling '/home/rasp/humanoid_ros2/robot_ws/install/servo_interfaces/lib/python3.12/site-packages/servo_interfaces/msg/_yolov8_inference.py'...
[24.583s] Listing '/home/rasp/humanoid_ros2/robot_ws/install/servo_interfaces/lib/python3.12/site-packages/servo_interfaces/srv'...
[24.583s] Compiling '/home/rasp/humanoid_ros2/robot_ws/install/servo_interfaces/lib/python3.12/site-packages/servo_interfaces/srv/__init__.py'...
[24.583s] Compiling '/home/rasp/humanoid_ros2/robot_ws/install/servo_interfaces/lib/python3.12/site-packages/servo_interfaces/srv/_motor_angle.py'...
[24.595s] -- Installing: /home/rasp/humanoid_ros2/robot_ws/install/servo_interfaces/lib/python3.12/site-packages/servo_interfaces/servo_interfaces_s__rosidl_typesupport_fastrtps_c.so
[24.596s] -- Set non-toolchain portion of runtime path of "/home/rasp/humanoid_ros2/robot_ws/install/servo_interfaces/lib/python3.12/site-packages/servo_interfaces/servo_interfaces_s__rosidl_typesupport_fastrtps_c.so" to ""
[24.596s] -- Installing: /home/rasp/humanoid_ros2/robot_ws/install/servo_interfaces/lib/python3.12/site-packages/servo_interfaces/servo_interfaces_s__rosidl_typesupport_introspection_c.so
[24.597s] -- Set non-toolchain portion of runtime path of "/home/rasp/humanoid_ros2/robot_ws/install/servo_interfaces/lib/python3.12/site-packages/servo_interfaces/servo_interfaces_s__rosidl_typesupport_introspection_c.so" to ""
[24.597s] -- Installing: /home/rasp/humanoid_ros2/robot_ws/install/servo_interfaces/lib/python3.12/site-packages/servo_interfaces/servo_interfaces_s__rosidl_typesupport_c.so
[24.598s] -- Set non-toolchain portion of runtime path of "/home/rasp/humanoid_ros2/robot_ws/install/servo_interfaces/lib/python3.12/site-packages/servo_interfaces/servo_interfaces_s__rosidl_typesupport_c.so" to ""
[24.598s] -- Installing: /home/rasp/humanoid_ros2/robot_ws/install/servo_interfaces/lib/libservo_interfaces__rosidl_generator_py.so
[24.599s] -- Set non-toolchain portion of runtime path of "/home/rasp/humanoid_ros2/robot_ws/install/servo_interfaces/lib/libservo_interfaces__rosidl_generator_py.so" to ""
[24.599s] -- Up-to-date: /home/rasp/humanoid_ros2/robot_ws/install/servo_interfaces/share/ament_index/resource_index/rust_packages/servo_interfaces
[24.599s] -- Up-to-date: /home/rasp/humanoid_ros2/robot_ws/install/servo_interfaces/share/servo_interfaces/rust
[24.600s] -- Installing: /home/rasp/humanoid_ros2/robot_ws/install/servo_interfaces/share/servo_interfaces/rust/build.rs
[24.600s] -- Up-to-date: /home/rasp/humanoid_ros2/robot_ws/install/servo_interfaces/share/servo_interfaces/rust/src
[24.600s] -- Up-to-date: /home/rasp/humanoid_ros2/robot_ws/install/servo_interfaces/share/servo_interfaces/rust/src/msg
[24.600s] -- Installing: /home/rasp/humanoid_ros2/robot_ws/install/servo_interfaces/share/servo_interfaces/rust/src/msg/rmw.rs
[24.600s] -- Installing: /home/rasp/humanoid_ros2/robot_ws/install/servo_interfaces/share/servo_interfaces/rust/src/action.rs
[24.600s] -- Installing: /home/rasp/humanoid_ros2/robot_ws/install/servo_interfaces/share/servo_interfaces/rust/src/lib.rs
[24.600s] -- Up-to-date: /home/rasp/humanoid_ros2/robot_ws/install/servo_interfaces/share/servo_interfaces/rust/src/srv
[24.600s] -- Installing: /home/rasp/humanoid_ros2/robot_ws/install/servo_interfaces/share/servo_interfaces/rust/src/srv/rmw.rs
[24.601s] -- Installing: /home/rasp/humanoid_ros2/robot_ws/install/servo_interfaces/share/servo_interfaces/rust/src/srv.rs
[24.601s] -- Installing: /home/rasp/humanoid_ros2/robot_ws/install/servo_interfaces/share/servo_interfaces/rust/src/msg.rs
[24.601s] -- Up-to-date: /home/rasp/humanoid_ros2/robot_ws/install/servo_interfaces/share/servo_interfaces/rust/src/action
[24.601s] -- Installing: /home/rasp/humanoid_ros2/robot_ws/install/servo_interfaces/share/servo_interfaces/rust/src/action/rmw.rs
[24.601s] -- Installing: /home/rasp/humanoid_ros2/robot_ws/install/servo_interfaces/share/servo_interfaces/rust/Cargo.toml
[24.602s] -- Up-to-date: /home/rasp/humanoid_ros2/robot_ws/install/servo_interfaces/share/servo_interfaces/msg/SetPwm.idl
[24.602s] -- Up-to-date: /home/rasp/humanoid_ros2/robot_ws/install/servo_interfaces/share/servo_interfaces/msg/SetMode.idl
[24.602s] -- Up-to-date: /home/rasp/humanoid_ros2/robot_ws/install/servo_interfaces/share/servo_interfaces/msg/InferenceResult.idl
[24.602s] -- Up-to-date: /home/rasp/humanoid_ros2/robot_ws/install/servo_interfaces/share/servo_interfaces/msg/Yolov8Inference.idl
[24.602s] -- Installing: /home/rasp/humanoid_ros2/robot_ws/install/servo_interfaces/share/servo_interfaces/msg/GoalPosition.idl
[24.603s] -- Up-to-date: /home/rasp/humanoid_ros2/robot_ws/install/servo_interfaces/share/servo_interfaces/msg/HeadMove.idl
[24.603s] -- Up-to-date: /home/rasp/humanoid_ros2/robot_ws/install/servo_interfaces/share/servo_interfaces/srv/MotorAngle.idl
[24.603s] -- Up-to-date: /home/rasp/humanoid_ros2/robot_ws/install/servo_interfaces/share/servo_interfaces/action/MotorAngle.idl
[24.603s] -- Up-to-date: /home/rasp/humanoid_ros2/robot_ws/install/servo_interfaces/share/servo_interfaces/msg/SetPwm.msg
[24.603s] -- Up-to-date: /home/rasp/humanoid_ros2/robot_ws/install/servo_interfaces/share/servo_interfaces/msg/SetMode.msg
[24.603s] -- Up-to-date: /home/rasp/humanoid_ros2/robot_ws/install/servo_interfaces/share/servo_interfaces/msg/InferenceResult.msg
[24.604s] -- Up-to-date: /home/rasp/humanoid_ros2/robot_ws/install/servo_interfaces/share/servo_interfaces/msg/Yolov8Inference.msg
[24.604s] -- Installing: /home/rasp/humanoid_ros2/robot_ws/install/servo_interfaces/share/servo_interfaces/msg/GoalPosition.msg
[24.604s] -- Up-to-date: /home/rasp/humanoid_ros2/robot_ws/install/servo_interfaces/share/servo_interfaces/msg/HeadMove.msg
[24.604s] -- Up-to-date: /home/rasp/humanoid_ros2/robot_ws/install/servo_interfaces/share/servo_interfaces/srv/MotorAngle.srv
[24.604s] -- Up-to-date: /home/rasp/humanoid_ros2/robot_ws/install/servo_interfaces/share/servo_interfaces/action/MotorAngle.action
[24.604s] -- Up-to-date: /home/rasp/humanoid_ros2/robot_ws/install/servo_interfaces/share/ament_index/resource_index/package_run_dependencies/servo_interfaces
[24.605s] -- Up-to-date: /home/rasp/humanoid_ros2/robot_ws/install/servo_interfaces/share/ament_index/resource_index/parent_prefix_path/servo_interfaces
[24.605s] -- Up-to-date: /home/rasp/humanoid_ros2/robot_ws/install/servo_interfaces/share/servo_interfaces/environment/ament_prefix_path.sh
[24.605s] -- Up-to-date: /home/rasp/humanoid_ros2/robot_ws/install/servo_interfaces/share/servo_interfaces/environment/ament_prefix_path.dsv
[24.605s] -- Up-to-date: /home/rasp/humanoid_ros2/robot_ws/install/servo_interfaces/share/servo_interfaces/environment/path.sh
[24.605s] -- Up-to-date: /home/rasp/humanoid_ros2/robot_ws/install/servo_interfaces/share/servo_interfaces/environment/path.dsv
[24.606s] -- Up-to-date: /home/rasp/humanoid_ros2/robot_ws/install/servo_interfaces/share/servo_interfaces/local_setup.bash
[24.606s] -- Up-to-date: /home/rasp/humanoid_ros2/robot_ws/install/servo_interfaces/share/servo_interfaces/local_setup.sh
[24.606s] -- Up-to-date: /home/rasp/humanoid_ros2/robot_ws/install/servo_interfaces/share/servo_interfaces/local_setup.zsh
[24.606s] -- Up-to-date: /home/rasp/humanoid_ros2/robot_ws/install/servo_interfaces/share/servo_interfaces/local_setup.dsv
[24.606s] -- Installing: /home/rasp/humanoid_ros2/robot_ws/install/servo_interfaces/share/servo_interfaces/package.dsv
[24.606s] -- Up-to-date: /home/rasp/humanoid_ros2/robot_ws/install/servo_interfaces/share/ament_index/resource_index/packages/servo_interfaces
[24.607s] -- Up-to-date: /home/rasp/humanoid_ros2/robot_ws/install/servo_interfaces/share/servo_interfaces/cmake/export_servo_interfaces__rosidl_generator_cExport.cmake
[24.607s] -- Up-to-date: /home/rasp/humanoid_ros2/robot_ws/install/servo_interfaces/share/servo_interfaces/cmake/export_servo_interfaces__rosidl_generator_cExport-noconfig.cmake
[24.607s] -- Up-to-date: /home/rasp/humanoid_ros2/robot_ws/install/servo_interfaces/share/servo_interfaces/cmake/export_servo_interfaces__rosidl_typesupport_fastrtps_cExport.cmake
[24.607s] -- Up-to-date: /home/rasp/humanoid_ros2/robot_ws/install/servo_interfaces/share/servo_interfaces/cmake/export_servo_interfaces__rosidl_typesupport_fastrtps_cExport-noconfig.cmake
[24.607s] -- Up-to-date: /home/rasp/humanoid_ros2/robot_ws/install/servo_interfaces/share/servo_interfaces/cmake/export_servo_interfaces__rosidl_generator_cppExport.cmake
[24.608s] -- Up-to-date: /home/rasp/humanoid_ros2/robot_ws/install/servo_interfaces/share/servo_interfaces/cmake/export_servo_interfaces__rosidl_typesupport_fastrtps_cppExport.cmake
[24.608s] -- Up-to-date: /home/rasp/humanoid_ros2/robot_ws/install/servo_interfaces/share/servo_interfaces/cmake/export_servo_interfaces__rosidl_typesupport_fastrtps_cppExport-noconfig.cmake
[24.608s] -- Up-to-date: /home/rasp/humanoid_ros2/robot_ws/install/servo_interfaces/share/servo_interfaces/cmake/servo_interfaces__rosidl_typesupport_introspection_cExport.cmake
[24.608s] -- Up-to-date: /home/rasp/humanoid_ros2/robot_ws/install/servo_interfaces/share/servo_interfaces/cmake/servo_interfaces__rosidl_typesupport_introspection_cExport-noconfig.cmake
[24.608s] -- Up-to-date: /home/rasp/humanoid_ros2/robot_ws/install/servo_interfaces/share/servo_interfaces/cmake/servo_interfaces__rosidl_typesupport_cExport.cmake
[24.608s] -- Up-to-date: /home/rasp/humanoid_ros2/robot_ws/install/servo_interfaces/share/servo_interfaces/cmake/servo_interfaces__rosidl_typesupport_cExport-noconfig.cmake
[24.608s] -- Up-to-date: /home/rasp/humanoid_ros2/robot_ws/install/servo_interfaces/share/servo_interfaces/cmake/servo_interfaces__rosidl_typesupport_introspection_cppExport.cmake
[24.608s] -- Up-to-date: /home/rasp/humanoid_ros2/robot_ws/install/servo_interfaces/share/servo_interfaces/cmake/servo_interfaces__rosidl_typesupport_introspection_cppExport-noconfig.cmake
[24.609s] -- Up-to-date: /home/rasp/humanoid_ros2/robot_ws/install/servo_interfaces/share/servo_interfaces/cmake/servo_interfaces__rosidl_typesupport_cppExport.cmake
[24.609s] -- Up-to-date: /home/rasp/humanoid_ros2/robot_ws/install/servo_interfaces/share/servo_interfaces/cmake/servo_interfaces__rosidl_typesupport_cppExport-noconfig.cmake
[24.609s] -- Up-to-date: /home/rasp/humanoid_ros2/robot_ws/install/servo_interfaces/share/servo_interfaces/cmake/export_servo_interfaces__rosidl_generator_pyExport.cmake
[24.609s] -- Up-to-date: /home/rasp/humanoid_ros2/robot_ws/install/servo_interfaces/share/servo_interfaces/cmake/export_servo_interfaces__rosidl_generator_pyExport-noconfig.cmake
[24.609s] -- Up-to-date: /home/rasp/humanoid_ros2/robot_ws/install/servo_interfaces/share/servo_interfaces/cmake/rosidl_cmake-extras.cmake
[24.609s] -- Up-to-date: /home/rasp/humanoid_ros2/robot_ws/install/servo_interfaces/share/servo_interfaces/cmake/ament_cmake_export_dependencies-extras.cmake
[24.610s] -- Up-to-date: /home/rasp/humanoid_ros2/robot_ws/install/servo_interfaces/share/servo_interfaces/cmake/ament_cmake_export_include_directories-extras.cmake
[24.610s] -- Up-to-date: /home/rasp/humanoid_ros2/robot_ws/install/servo_interfaces/share/servo_interfaces/cmake/ament_cmake_export_libraries-extras.cmake
[24.610s] -- Up-to-date: /home/rasp/humanoid_ros2/robot_ws/install/servo_interfaces/share/servo_interfaces/cmake/ament_cmake_export_targets-extras.cmake
[24.610s] -- Up-to-date: /home/rasp/humanoid_ros2/robot_ws/install/servo_interfaces/share/servo_interfaces/cmake/rosidl_cmake_export_typesupport_targets-extras.cmake
[24.610s] -- Up-to-date: /home/rasp/humanoid_ros2/robot_ws/install/servo_interfaces/share/servo_interfaces/cmake/rosidl_cmake_export_typesupport_libraries-extras.cmake
[24.610s] -- Up-to-date: /home/rasp/humanoid_ros2/robot_ws/install/servo_interfaces/share/servo_interfaces/cmake/servo_interfacesConfig.cmake
[24.610s] -- Up-to-date: /home/rasp/humanoid_ros2/robot_ws/install/servo_interfaces/share/servo_interfaces/cmake/servo_interfacesConfig-version.cmake
[24.610s] -- Up-to-date: /home/rasp/humanoid_ros2/robot_ws/install/servo_interfaces/share/servo_interfaces/package.xml
[24.614s] Invoked command in '/home/rasp/humanoid_ros2/robot_ws/build/servo_interfaces' returned '0': CMAKE_PREFIX_PATH=${CMAKE_PREFIX_PATH}:/home/rasp/humanoid_ros2/robot_ws/install/my_servo_controller:/opt/ros/jazzy DEBUGINFOD_URLS=https://debuginfod.ubuntu.com VIRTUAL_ENV_PROMPT=(yolo_env) /usr/bin/cmake --install /home/rasp/humanoid_ros2/robot_ws/build/servo_interfaces
