[0.018s] Invoking command in '/home/rasp/humanoid_ros2/robot_ws/build/ros_gz_h1_description': CMAKE_PREFIX_PATH=${CMAKE_PREFIX_PATH}:/home/rasp/humanoid_ros2/robot_ws/install/my_servo_controller:/opt/ros/jazzy DEBUGINFOD_URLS=https://debuginfod.ubuntu.com /usr/bin/cmake /home/rasp/humanoid_ros2/robot_ws/src/ros2_heinz_me/h1_gazebo_sim/ros_gz_h1_description -DCMAKE_INSTALL_PREFIX=/home/rasp/humanoid_ros2/robot_ws/install/ros_gz_h1_description
[0.493s] -- The C compiler identification is GNU 13.3.0
[0.616s] -- The CXX compiler identification is GNU 13.3.0
[0.645s] -- Detecting C compiler ABI info
[0.842s] -- Detecting C compiler ABI info - done
[0.857s] -- Check for working C compiler: /usr/bin/cc - skipped
[0.858s] -- Detecting C compile features
[0.858s] -- Detecting C compile features - done
[0.873s] -- Detecting CXX compiler ABI info
[1.070s] -- Detecting CXX compiler ABI info - done
[1.084s] -- Check for working CXX compiler: /usr/bin/c++ - skipped
[1.084s] -- Detecting CXX compile features
[1.085s] -- Detecting CXX compile features - done
[1.092s] -- Found ament_cmake: 2.5.5 (/opt/ros/jazzy/share/ament_cmake/cmake)
[1.360s] -- Found Python3: /usr/bin/python3 (found version "3.12.3") found components: Interpreter 
[1.580s] -- Found ament_lint_auto: 0.17.4 (/opt/ros/jazzy/share/ament_lint_auto/cmake)
[1.742s] -- Configuring done (1.7s)
[1.746s] -- Generating done (0.0s)
[1.749s] -- Build files have been written to: /home/rasp/humanoid_ros2/robot_ws/build/ros_gz_h1_description
[1.758s] Invoked command in '/home/rasp/humanoid_ros2/robot_ws/build/ros_gz_h1_description' returned '0': CMAKE_PREFIX_PATH=${CMAKE_PREFIX_PATH}:/home/rasp/humanoid_ros2/robot_ws/install/my_servo_controller:/opt/ros/jazzy DEBUGINFOD_URLS=https://debuginfod.ubuntu.com /usr/bin/cmake /home/rasp/humanoid_ros2/robot_ws/src/ros2_heinz_me/h1_gazebo_sim/ros_gz_h1_description -DCMAKE_INSTALL_PREFIX=/home/rasp/humanoid_ros2/robot_ws/install/ros_gz_h1_description
[1.761s] Invoking command in '/home/rasp/humanoid_ros2/robot_ws/build/ros_gz_h1_description': CMAKE_PREFIX_PATH=${CMAKE_PREFIX_PATH}:/home/rasp/humanoid_ros2/robot_ws/install/my_servo_controller:/opt/ros/jazzy DEBUGINFOD_URLS=https://debuginfod.ubuntu.com /usr/bin/cmake --build /home/rasp/humanoid_ros2/robot_ws/build/ros_gz_h1_description -- -j4 -l4
[1.837s] Invoked command in '/home/rasp/humanoid_ros2/robot_ws/build/ros_gz_h1_description' returned '0': CMAKE_PREFIX_PATH=${CMAKE_PREFIX_PATH}:/home/rasp/humanoid_ros2/robot_ws/install/my_servo_controller:/opt/ros/jazzy DEBUGINFOD_URLS=https://debuginfod.ubuntu.com /usr/bin/cmake --build /home/rasp/humanoid_ros2/robot_ws/build/ros_gz_h1_description -- -j4 -l4
[1.858s] Invoking command in '/home/rasp/humanoid_ros2/robot_ws/build/ros_gz_h1_description': CMAKE_PREFIX_PATH=${CMAKE_PREFIX_PATH}:/home/rasp/humanoid_ros2/robot_ws/install/my_servo_controller:/opt/ros/jazzy DEBUGINFOD_URLS=https://debuginfod.ubuntu.com /usr/bin/cmake --install /home/rasp/humanoid_ros2/robot_ws/build/ros_gz_h1_description
[1.874s] -- Install configuration: ""
[1.875s] -- Installing: /home/rasp/humanoid_ros2/robot_ws/install/ros_gz_h1_description/share/ros_gz_h1_description/models
[1.875s] -- Installing: /home/rasp/humanoid_ros2/robot_ws/install/ros_gz_h1_description/share/ros_gz_h1_description/models/h1_ign
[1.875s] -- Installing: /home/rasp/humanoid_ros2/robot_ws/install/ros_gz_h1_description/share/ros_gz_h1_description/models/h1_ign/h1_2_handless.urdf
[1.875s] -- Installing: /home/rasp/humanoid_ros2/robot_ws/install/ros_gz_h1_description/share/ros_gz_h1_description/models/h1_ign/model_original_collision.sdf
[1.875s] -- Installing: /home/rasp/humanoid_ros2/robot_ws/install/ros_gz_h1_description/share/ros_gz_h1_description/models/h1_ign/model.sdf
[1.876s] -- Installing: /home/rasp/humanoid_ros2/robot_ws/install/ros_gz_h1_description/share/ros_gz_h1_description/models/h1_ign/meshes
[1.876s] -- Installing: /home/rasp/humanoid_ros2/robot_ws/install/ros_gz_h1_description/share/ros_gz_h1_description/models/h1_ign/meshes/L_thumb_intermediate.STL
[1.877s] -- Installing: /home/rasp/humanoid_ros2/robot_ws/install/ros_gz_h1_description/share/ros_gz_h1_description/models/h1_ign/meshes/L_thumb_distal.STL
[1.877s] -- Installing: /home/rasp/humanoid_ros2/robot_ws/install/ros_gz_h1_description/share/ros_gz_h1_description/models/h1_ign/meshes/link14_L.STL
[1.878s] -- Installing: /home/rasp/humanoid_ros2/robot_ws/install/ros_gz_h1_description/share/ros_gz_h1_description/models/h1_ign/meshes/right_shoulder_yaw_link.STL
[1.881s] -- Installing: /home/rasp/humanoid_ros2/robot_ws/install/ros_gz_h1_description/share/ros_gz_h1_description/models/h1_ign/meshes/left_ankle_A_rod_link.STL
[1.881s] -- Installing: /home/rasp/humanoid_ros2/robot_ws/install/ros_gz_h1_description/share/ros_gz_h1_description/models/h1_ign/meshes/left_ankle_A_link.STL
[1.881s] -- Installing: /home/rasp/humanoid_ros2/robot_ws/install/ros_gz_h1_description/share/ros_gz_h1_description/models/h1_ign/meshes/left_hand_link.STL
[1.882s] -- Installing: /home/rasp/humanoid_ros2/robot_ws/install/ros_gz_h1_description/share/ros_gz_h1_description/models/h1_ign/meshes/R_pinky_intermediate.STL
[1.882s] -- Installing: /home/rasp/humanoid_ros2/robot_ws/install/ros_gz_h1_description/share/ros_gz_h1_description/models/h1_ign/meshes/R_ring_proximal.STL
[1.883s] -- Installing: /home/rasp/humanoid_ros2/robot_ws/install/ros_gz_h1_description/share/ros_gz_h1_description/models/h1_ign/meshes/link21_L.STL
[1.884s] -- Installing: /home/rasp/humanoid_ros2/robot_ws/install/ros_gz_h1_description/share/ros_gz_h1_description/models/h1_ign/meshes/L_ring_intermediate.STL
[1.885s] -- Installing: /home/rasp/humanoid_ros2/robot_ws/install/ros_gz_h1_description/share/ros_gz_h1_description/models/h1_ign/meshes/R_index_intermediate.STL
[1.885s] -- Installing: /home/rasp/humanoid_ros2/robot_ws/install/ros_gz_h1_description/share/ros_gz_h1_description/models/h1_ign/meshes/L_middle_proximal.STL
[1.886s] -- Installing: /home/rasp/humanoid_ros2/robot_ws/install/ros_gz_h1_description/share/ros_gz_h1_description/models/h1_ign/meshes/right_ankle_B_rod_link.STL
[1.886s] -- Installing: /home/rasp/humanoid_ros2/robot_ws/install/ros_gz_h1_description/share/ros_gz_h1_description/models/h1_ign/meshes/link22_L.STL
[1.887s] -- Installing: /home/rasp/humanoid_ros2/robot_ws/install/ros_gz_h1_description/share/ros_gz_h1_description/models/h1_ign/meshes/link11_R.STL
[1.887s] -- Installing: /home/rasp/humanoid_ros2/robot_ws/install/ros_gz_h1_description/share/ros_gz_h1_description/models/h1_ign/meshes/torso_link.STL
[1.890s] -- Installing: /home/rasp/humanoid_ros2/robot_ws/install/ros_gz_h1_description/share/ros_gz_h1_description/models/h1_ign/meshes/wrist_yaw_link.STL
[1.891s] -- Installing: /home/rasp/humanoid_ros2/robot_ws/install/ros_gz_h1_description/share/ros_gz_h1_description/models/h1_ign/meshes/L_pinky_intermediate.STL
[1.891s] -- Installing: /home/rasp/humanoid_ros2/robot_ws/install/ros_gz_h1_description/share/ros_gz_h1_description/models/h1_ign/meshes/left_ankle_roll_link.STL
[1.892s] -- Installing: /home/rasp/humanoid_ros2/robot_ws/install/ros_gz_h1_description/share/ros_gz_h1_description/models/h1_ign/meshes/R_middle_proximal.STL
[1.893s] -- Installing: /home/rasp/humanoid_ros2/robot_ws/install/ros_gz_h1_description/share/ros_gz_h1_description/models/h1_ign/meshes/right_wrist_roll_link.STL
[1.895s] -- Installing: /home/rasp/humanoid_ros2/robot_ws/install/ros_gz_h1_description/share/ros_gz_h1_description/models/h1_ign/meshes/left_ankle_pitch_link.STL
[1.895s] -- Installing: /home/rasp/humanoid_ros2/robot_ws/install/ros_gz_h1_description/share/ros_gz_h1_description/models/h1_ign/meshes/L_thumb_proximal.STL
[1.897s] -- Installing: /home/rasp/humanoid_ros2/robot_ws/install/ros_gz_h1_description/share/ros_gz_h1_description/models/h1_ign/meshes/link16_R.STL
[1.897s] -- Installing: /home/rasp/humanoid_ros2/robot_ws/install/ros_gz_h1_description/share/ros_gz_h1_description/models/h1_ign/meshes/R_ring_intermediate.STL
[1.898s] -- Installing: /home/rasp/humanoid_ros2/robot_ws/install/ros_gz_h1_description/share/ros_gz_h1_description/models/h1_ign/meshes/R_thumb_distal.STL
[1.899s] -- Installing: /home/rasp/humanoid_ros2/robot_ws/install/ros_gz_h1_description/share/ros_gz_h1_description/models/h1_ign/meshes/R_index_proximal.STL
[1.899s] -- Installing: /home/rasp/humanoid_ros2/robot_ws/install/ros_gz_h1_description/share/ros_gz_h1_description/models/h1_ign/meshes/R_thumb_proximal_base.STL
[1.900s] -- Installing: /home/rasp/humanoid_ros2/robot_ws/install/ros_gz_h1_description/share/ros_gz_h1_description/models/h1_ign/meshes/L_ring_proximal.STL
[1.901s] -- Installing: /home/rasp/humanoid_ros2/robot_ws/install/ros_gz_h1_description/share/ros_gz_h1_description/models/h1_ign/meshes/link19_L.STL
[1.901s] -- Installing: /home/rasp/humanoid_ros2/robot_ws/install/ros_gz_h1_description/share/ros_gz_h1_description/models/h1_ign/meshes/L_middle_intermediate.STL
[1.902s] -- Installing: /home/rasp/humanoid_ros2/robot_ws/install/ros_gz_h1_description/share/ros_gz_h1_description/models/h1_ign/meshes/right_wrist_pitch_link.STL
[1.903s] -- Installing: /home/rasp/humanoid_ros2/robot_ws/install/ros_gz_h1_description/share/ros_gz_h1_description/models/h1_ign/meshes/left_wrist_pitch_link.STL
[1.904s] -- Installing: /home/rasp/humanoid_ros2/robot_ws/install/ros_gz_h1_description/share/ros_gz_h1_description/models/h1_ign/meshes/link13_R.STL
[1.905s] -- Installing: /home/rasp/humanoid_ros2/robot_ws/install/ros_gz_h1_description/share/ros_gz_h1_description/models/h1_ign/meshes/link15_R.STL
[1.906s] -- Installing: /home/rasp/humanoid_ros2/robot_ws/install/ros_gz_h1_description/share/ros_gz_h1_description/models/h1_ign/meshes/link18_L.STL
[1.906s] -- Installing: /home/rasp/humanoid_ros2/robot_ws/install/ros_gz_h1_description/share/ros_gz_h1_description/models/h1_ign/meshes/link11_L.STL
[1.907s] -- Installing: /home/rasp/humanoid_ros2/robot_ws/install/ros_gz_h1_description/share/ros_gz_h1_description/models/h1_ign/meshes/logo_link.STL
[1.907s] -- Installing: /home/rasp/humanoid_ros2/robot_ws/install/ros_gz_h1_description/share/ros_gz_h1_description/models/h1_ign/meshes/link19_R.STL
[1.908s] -- Installing: /home/rasp/humanoid_ros2/robot_ws/install/ros_gz_h1_description/share/ros_gz_h1_description/models/h1_ign/meshes/right_ankle_roll_link.STL
[1.908s] -- Installing: /home/rasp/humanoid_ros2/robot_ws/install/ros_gz_h1_description/share/ros_gz_h1_description/models/h1_ign/meshes/R_hand_base_link.STL
[1.911s] -- Installing: /home/rasp/humanoid_ros2/robot_ws/install/ros_gz_h1_description/share/ros_gz_h1_description/models/h1_ign/meshes/right_pitch_link.STL
[1.912s] -- Installing: /home/rasp/humanoid_ros2/robot_ws/install/ros_gz_h1_description/share/ros_gz_h1_description/models/h1_ign/meshes/R_thumb_proximal.STL
[1.913s] -- Installing: /home/rasp/humanoid_ros2/robot_ws/install/ros_gz_h1_description/share/ros_gz_h1_description/models/h1_ign/meshes/right_ankle_B_link.STL
[1.914s] -- Installing: /home/rasp/humanoid_ros2/robot_ws/install/ros_gz_h1_description/share/ros_gz_h1_description/models/h1_ign/meshes/left_shoulder_yaw_link.STL
[1.917s] -- Installing: /home/rasp/humanoid_ros2/robot_ws/install/ros_gz_h1_description/share/ros_gz_h1_description/models/h1_ign/meshes/link17_L.STL
[1.918s] -- Installing: /home/rasp/humanoid_ros2/robot_ws/install/ros_gz_h1_description/share/ros_gz_h1_description/models/h1_ign/meshes/left_ankle_B_link.STL
[1.918s] -- Installing: /home/rasp/humanoid_ros2/robot_ws/install/ros_gz_h1_description/share/ros_gz_h1_description/models/h1_ign/meshes/link20_L.STL
[1.919s] -- Installing: /home/rasp/humanoid_ros2/robot_ws/install/ros_gz_h1_description/share/ros_gz_h1_description/models/h1_ign/meshes/link20_R.STL
[1.921s] -- Installing: /home/rasp/humanoid_ros2/robot_ws/install/ros_gz_h1_description/share/ros_gz_h1_description/models/h1_ign/meshes/right_ankle_A_rod_link.STL
[1.921s] -- Installing: /home/rasp/humanoid_ros2/robot_ws/install/ros_gz_h1_description/share/ros_gz_h1_description/models/h1_ign/meshes/left_shoulder_pitch_link.STL
[1.923s] -- Installing: /home/rasp/humanoid_ros2/robot_ws/install/ros_gz_h1_description/share/ros_gz_h1_description/models/h1_ign/meshes/right_shoulder_roll_link.STL
[1.927s] -- Installing: /home/rasp/humanoid_ros2/robot_ws/install/ros_gz_h1_description/share/ros_gz_h1_description/models/h1_ign/meshes/left_elbow_link.STL
[1.929s] -- Installing: /home/rasp/humanoid_ros2/robot_ws/install/ros_gz_h1_description/share/ros_gz_h1_description/models/h1_ign/meshes/link12_L.STL
[1.932s] -- Installing: /home/rasp/humanoid_ros2/robot_ws/install/ros_gz_h1_description/share/ros_gz_h1_description/models/h1_ign/meshes/right_hip_pitch_link.STL
[1.933s] -- Installing: /home/rasp/humanoid_ros2/robot_ws/install/ros_gz_h1_description/share/ros_gz_h1_description/models/h1_ign/meshes/link17_R.STL
[1.934s] -- Installing: /home/rasp/humanoid_ros2/robot_ws/install/ros_gz_h1_description/share/ros_gz_h1_description/models/h1_ign/meshes/left_ankle_B_rod_link.STL
[1.934s] -- Installing: /home/rasp/humanoid_ros2/robot_ws/install/ros_gz_h1_description/share/ros_gz_h1_description/models/h1_ign/meshes/link15_L.STL
[1.935s] -- Installing: /home/rasp/humanoid_ros2/robot_ws/install/ros_gz_h1_description/share/ros_gz_h1_description/models/h1_ign/meshes/right_knee_link.STL
[1.935s] -- Installing: /home/rasp/humanoid_ros2/robot_ws/install/ros_gz_h1_description/share/ros_gz_h1_description/models/h1_ign/meshes/R_middle_intermediate.STL
[1.936s] -- Installing: /home/rasp/humanoid_ros2/robot_ws/install/ros_gz_h1_description/share/ros_gz_h1_description/models/h1_ign/meshes/link12_R.STL
[1.938s] -- Installing: /home/rasp/humanoid_ros2/robot_ws/install/ros_gz_h1_description/share/ros_gz_h1_description/models/h1_ign/meshes/right_ankle_pitch_link.STL
[1.938s] -- Installing: /home/rasp/humanoid_ros2/robot_ws/install/ros_gz_h1_description/share/ros_gz_h1_description/models/h1_ign/meshes/right_shoulder_pitch_link.STL
[1.943s] -- Installing: /home/rasp/humanoid_ros2/robot_ws/install/ros_gz_h1_description/share/ros_gz_h1_description/models/h1_ign/meshes/R_thumb_intermediate.STL
[1.943s] -- Installing: /home/rasp/humanoid_ros2/robot_ws/install/ros_gz_h1_description/share/ros_gz_h1_description/models/h1_ign/meshes/left_hip_pitch_link.STL
[1.945s] -- Installing: /home/rasp/humanoid_ros2/robot_ws/install/ros_gz_h1_description/share/ros_gz_h1_description/models/h1_ign/meshes/right_hand_link.STL
[1.945s] -- Installing: /home/rasp/humanoid_ros2/robot_ws/install/ros_gz_h1_description/share/ros_gz_h1_description/models/h1_ign/meshes/left_knee_link.STL
[1.946s] -- Installing: /home/rasp/humanoid_ros2/robot_ws/install/ros_gz_h1_description/share/ros_gz_h1_description/models/h1_ign/meshes/L_index_proximal.STL
[1.947s] -- Installing: /home/rasp/humanoid_ros2/robot_ws/install/ros_gz_h1_description/share/ros_gz_h1_description/models/h1_ign/meshes/L_hand_base_link.STL
[1.949s] -- Installing: /home/rasp/humanoid_ros2/robot_ws/install/ros_gz_h1_description/share/ros_gz_h1_description/models/h1_ign/meshes/link18_R.STL
[1.950s] -- Installing: /home/rasp/humanoid_ros2/robot_ws/install/ros_gz_h1_description/share/ros_gz_h1_description/models/h1_ign/meshes/pelvis.STL
[1.951s] -- Installing: /home/rasp/humanoid_ros2/robot_ws/install/ros_gz_h1_description/share/ros_gz_h1_description/models/h1_ign/meshes/left_shoulder_roll_link.STL
[1.954s] -- Installing: /home/rasp/humanoid_ros2/robot_ws/install/ros_gz_h1_description/share/ros_gz_h1_description/models/h1_ign/meshes/right_hip_yaw_link.STL
[1.956s] -- Installing: /home/rasp/humanoid_ros2/robot_ws/install/ros_gz_h1_description/share/ros_gz_h1_description/models/h1_ign/meshes/link22_R.STL
[1.956s] -- Installing: /home/rasp/humanoid_ros2/robot_ws/install/ros_gz_h1_description/share/ros_gz_h1_description/models/h1_ign/meshes/link16_L.STL
[1.957s] -- Installing: /home/rasp/humanoid_ros2/robot_ws/install/ros_gz_h1_description/share/ros_gz_h1_description/models/h1_ign/meshes/L_thumb_proximal_base.STL
[1.957s] -- Installing: /home/rasp/humanoid_ros2/robot_ws/install/ros_gz_h1_description/share/ros_gz_h1_description/models/h1_ign/meshes/R_pinky_proximal.STL
[1.958s] -- Installing: /home/rasp/humanoid_ros2/robot_ws/install/ros_gz_h1_description/share/ros_gz_h1_description/models/h1_ign/meshes/right_ankle_link.STL
[1.959s] -- Installing: /home/rasp/humanoid_ros2/robot_ws/install/ros_gz_h1_description/share/ros_gz_h1_description/models/h1_ign/meshes/link14_R.STL
[1.959s] -- Installing: /home/rasp/humanoid_ros2/robot_ws/install/ros_gz_h1_description/share/ros_gz_h1_description/models/h1_ign/meshes/L_index_intermediate.STL
[1.960s] -- Installing: /home/rasp/humanoid_ros2/robot_ws/install/ros_gz_h1_description/share/ros_gz_h1_description/models/h1_ign/meshes/link21_R.STL
[1.961s] -- Installing: /home/rasp/humanoid_ros2/robot_ws/install/ros_gz_h1_description/share/ros_gz_h1_description/models/h1_ign/meshes/link13_L.STL
[1.962s] -- Installing: /home/rasp/humanoid_ros2/robot_ws/install/ros_gz_h1_description/share/ros_gz_h1_description/models/h1_ign/meshes/left_hip_yaw_link.STL
[1.963s] -- Installing: /home/rasp/humanoid_ros2/robot_ws/install/ros_gz_h1_description/share/ros_gz_h1_description/models/h1_ign/meshes/right_hip_roll_link.STL
[1.964s] -- Installing: /home/rasp/humanoid_ros2/robot_ws/install/ros_gz_h1_description/share/ros_gz_h1_description/models/h1_ign/meshes/left_hip_roll_link.STL
[1.964s] -- Installing: /home/rasp/humanoid_ros2/robot_ws/install/ros_gz_h1_description/share/ros_gz_h1_description/models/h1_ign/meshes/left_wrist_roll_link.STL
[1.966s] -- Installing: /home/rasp/humanoid_ros2/robot_ws/install/ros_gz_h1_description/share/ros_gz_h1_description/models/h1_ign/meshes/right_elbow_link.STL
[1.969s] -- Installing: /home/rasp/humanoid_ros2/robot_ws/install/ros_gz_h1_description/share/ros_gz_h1_description/models/h1_ign/meshes/right_ankle_A_link.STL
[1.969s] -- Installing: /home/rasp/humanoid_ros2/robot_ws/install/ros_gz_h1_description/share/ros_gz_h1_description/models/h1_ign/meshes/L_pinky_proximal.STL
[1.970s] -- Installing: /home/rasp/humanoid_ros2/robot_ws/install/ros_gz_h1_description/share/ros_gz_h1_description/models/h1_ign/model.config
[1.970s] -- Installing: /home/rasp/humanoid_ros2/robot_ws/install/ros_gz_h1_description/share/ros_gz_h1_description/models/h1_ign/h1_2.urdf
[1.970s] -- Installing: /home/rasp/humanoid_ros2/robot_ws/install/ros_gz_h1_description/share/ros_gz_h1_description/environment/ros_gz_h1_description.dsv
[1.971s] -- Installing: /home/rasp/humanoid_ros2/robot_ws/install/ros_gz_h1_description/share/ros_gz_h1_description/environment/ros_gz_h1_description.sh
[1.971s] -- Installing: /home/rasp/humanoid_ros2/robot_ws/install/ros_gz_h1_description/share/ament_index/resource_index/package_run_dependencies/ros_gz_h1_description
[1.971s] -- Installing: /home/rasp/humanoid_ros2/robot_ws/install/ros_gz_h1_description/share/ament_index/resource_index/parent_prefix_path/ros_gz_h1_description
[1.972s] -- Installing: /home/rasp/humanoid_ros2/robot_ws/install/ros_gz_h1_description/share/ros_gz_h1_description/environment/ament_prefix_path.sh
[1.972s] -- Installing: /home/rasp/humanoid_ros2/robot_ws/install/ros_gz_h1_description/share/ros_gz_h1_description/environment/ament_prefix_path.dsv
[1.972s] -- Installing: /home/rasp/humanoid_ros2/robot_ws/install/ros_gz_h1_description/share/ros_gz_h1_description/environment/path.sh
[1.972s] -- Installing: /home/rasp/humanoid_ros2/robot_ws/install/ros_gz_h1_description/share/ros_gz_h1_description/environment/path.dsv
[1.972s] -- Installing: /home/rasp/humanoid_ros2/robot_ws/install/ros_gz_h1_description/share/ros_gz_h1_description/local_setup.bash
[1.972s] -- Installing: /home/rasp/humanoid_ros2/robot_ws/install/ros_gz_h1_description/share/ros_gz_h1_description/local_setup.sh
[1.973s] -- Installing: /home/rasp/humanoid_ros2/robot_ws/install/ros_gz_h1_description/share/ros_gz_h1_description/local_setup.zsh
[1.973s] -- Installing: /home/rasp/humanoid_ros2/robot_ws/install/ros_gz_h1_description/share/ros_gz_h1_description/local_setup.dsv
[1.973s] -- Installing: /home/rasp/humanoid_ros2/robot_ws/install/ros_gz_h1_description/share/ros_gz_h1_description/package.dsv
[1.973s] -- Installing: /home/rasp/humanoid_ros2/robot_ws/install/ros_gz_h1_description/share/ament_index/resource_index/packages/ros_gz_h1_description
[1.974s] -- Installing: /home/rasp/humanoid_ros2/robot_ws/install/ros_gz_h1_description/share/ros_gz_h1_description/cmake/ros_gz_h1_descriptionConfig.cmake
[1.974s] -- Installing: /home/rasp/humanoid_ros2/robot_ws/install/ros_gz_h1_description/share/ros_gz_h1_description/cmake/ros_gz_h1_descriptionConfig-version.cmake
[1.974s] -- Installing: /home/rasp/humanoid_ros2/robot_ws/install/ros_gz_h1_description/share/ros_gz_h1_description/package.xml
[1.978s] Invoked command in '/home/rasp/humanoid_ros2/robot_ws/build/ros_gz_h1_description' returned '0': CMAKE_PREFIX_PATH=${CMAKE_PREFIX_PATH}:/home/rasp/humanoid_ros2/robot_ws/install/my_servo_controller:/opt/ros/jazzy DEBUGINFOD_URLS=https://debuginfod.ubuntu.com /usr/bin/cmake --install /home/rasp/humanoid_ros2/robot_ws/build/ros_gz_h1_description
