[1.204s] Invoking command in '/home/rasp/robot_ws/src/my_servo_controller': DEBUGINFOD_URLS=https://debuginfod.ubuntu.com PYTHONPATH=/home/rasp/robot_ws/build/my_servo_controller/prefix_override:/usr/lib/python3/dist-packages/colcon_core/task/python/colcon_distutils_commands:/home/rasp/robot_ws/install/my_servo_controller/lib/python3.12/site-packages:${PYTHONPATH} /usr/bin/python3 -W ignore:setup.py install is deprecated -W ignore:easy_install command is deprecated setup.py egg_info --egg-base ../../build/my_servo_controller build --build-base /home/rasp/robot_ws/build/my_servo_controller/build install --record /home/rasp/robot_ws/build/my_servo_controller/install.log --single-version-externally-managed install_data
[1.568s] running egg_info
[1.593s] writing ../../build/my_servo_controller/my_servo_controller.egg-info/PKG-INFO
[1.593s] writing dependency_links to ../../build/my_servo_controller/my_servo_controller.egg-info/dependency_links.txt
[1.595s] writing entry points to ../../build/my_servo_controller/my_servo_controller.egg-info/entry_points.txt
[1.596s] writing requirements to ../../build/my_servo_controller/my_servo_controller.egg-info/requires.txt
[1.597s] writing top-level names to ../../build/my_servo_controller/my_servo_controller.egg-info/top_level.txt
[1.656s] reading manifest file '../../build/my_servo_controller/my_servo_controller.egg-info/SOURCES.txt'
[1.657s] writing manifest file '../../build/my_servo_controller/my_servo_controller.egg-info/SOURCES.txt'
[1.658s] running build
[1.658s] running build_py
[1.659s] copying my_servo_controller/servo_controller.py -> /home/rasp/robot_ws/build/my_servo_controller/build/lib/my_servo_controller
[1.659s] running install
[1.669s] running install_lib
[1.694s] copying /home/rasp/robot_ws/build/my_servo_controller/build/lib/my_servo_controller/servo_controller.py -> /home/rasp/robot_ws/install/my_servo_controller/lib/python3.12/site-packages/my_servo_controller
[1.695s] byte-compiling /home/rasp/robot_ws/install/my_servo_controller/lib/python3.12/site-packages/my_servo_controller/servo_controller.py to servo_controller.cpython-312.pyc
[1.696s] running install_data
[1.696s] running install_egg_info
[1.724s] removing '/home/rasp/robot_ws/install/my_servo_controller/lib/python3.12/site-packages/my_servo_controller-0.0.0-py3.12.egg-info' (and everything under it)
[1.725s] Copying ../../build/my_servo_controller/my_servo_controller.egg-info to /home/rasp/robot_ws/install/my_servo_controller/lib/python3.12/site-packages/my_servo_controller-0.0.0-py3.12.egg-info
[1.726s] running install_scripts
[1.906s] Installing servo_controller_node script to /home/rasp/robot_ws/install/my_servo_controller/lib/my_servo_controller
[1.907s] writing list of installed files to '/home/rasp/robot_ws/build/my_servo_controller/install.log'
[1.999s] Invoked command in '/home/rasp/robot_ws/src/my_servo_controller' returned '0': DEBUGINFOD_URLS=https://debuginfod.ubuntu.com PYTHONPATH=/home/rasp/robot_ws/build/my_servo_controller/prefix_override:/usr/lib/python3/dist-packages/colcon_core/task/python/colcon_distutils_commands:/home/rasp/robot_ws/install/my_servo_controller/lib/python3.12/site-packages:${PYTHONPATH} /usr/bin/python3 -W ignore:setup.py install is deprecated -W ignore:easy_install command is deprecated setup.py egg_info --egg-base ../../build/my_servo_controller build --build-base /home/rasp/robot_ws/build/my_servo_controller/build install --record /home/rasp/robot_ws/build/my_servo_controller/install.log --single-version-externally-managed install_data
