[2.064s] Invoking command in '/home/rasp/humanoid_ros2/robot_ws/src/my_servo_controller': DEBUGINFOD_URLS=https://debuginfod.ubuntu.com PYTHONPATH=/home/rasp/humanoid_ros2/robot_ws/build/my_servo_controller/prefix_override:/usr/lib/python3/dist-packages/colcon_core/task/python/colcon_distutils_commands:/home/rasp/humanoid_ros2/robot_ws/install/my_servo_controller/lib/python3.12/site-packages:/home/rasp/humanoid_ros2/robot_ws/install/servo_interfaces/lib/python3.12/site-packages:/home/rasp/humanoid_ros2/robot_ws/install/my_servo_controller/lib/python3.12/site-packages:/opt/ros/jazzy/lib/python3.12/site-packages VIRTUAL_ENV_PROMPT=(yolo_env) /usr/bin/python3 -W ignore:setup.py install is deprecated -W ignore:easy_install command is deprecated setup.py egg_info --egg-base ../../build/my_servo_controller build --build-base /home/rasp/humanoid_ros2/robot_ws/build/my_servo_controller/build install --record /home/rasp/humanoid_ros2/robot_ws/build/my_servo_controller/install.log --single-version-externally-managed install_data
[2.718s] running egg_info
[2.781s] writing ../../build/my_servo_controller/my_servo_controller.egg-info/PKG-INFO
[2.782s] writing dependency_links to ../../build/my_servo_controller/my_servo_controller.egg-info/dependency_links.txt
[2.788s] writing entry points to ../../build/my_servo_controller/my_servo_controller.egg-info/entry_points.txt
[2.788s] writing requirements to ../../build/my_servo_controller/my_servo_controller.egg-info/requires.txt
[2.788s] writing top-level names to ../../build/my_servo_controller/my_servo_controller.egg-info/top_level.txt
[2.905s] reading manifest file '../../build/my_servo_controller/my_servo_controller.egg-info/SOURCES.txt'
[2.906s] writing manifest file '../../build/my_servo_controller/my_servo_controller.egg-info/SOURCES.txt'
[2.907s] running build
[2.907s] running build_py
[2.911s] copying my_servo_controller/head_controller.py -> /home/rasp/humanoid_ros2/robot_ws/build/my_servo_controller/build/lib/my_servo_controller
[2.911s] running install
[2.924s] running install_lib
[2.992s] copying /home/rasp/humanoid_ros2/robot_ws/build/my_servo_controller/build/lib/my_servo_controller/head_controller.py -> /home/rasp/humanoid_ros2/robot_ws/install/my_servo_controller/lib/python3.12/site-packages/my_servo_controller
[3.002s] byte-compiling /home/rasp/humanoid_ros2/robot_ws/install/my_servo_controller/lib/python3.12/site-packages/my_servo_controller/head_controller.py to head_controller.cpython-312.pyc
[3.008s] running install_data
[3.009s] running install_egg_info
[3.142s] removing '/home/rasp/humanoid_ros2/robot_ws/install/my_servo_controller/lib/python3.12/site-packages/my_servo_controller-0.0.0-py3.12.egg-info' (and everything under it)
[3.142s] Copying ../../build/my_servo_controller/my_servo_controller.egg-info to /home/rasp/humanoid_ros2/robot_ws/install/my_servo_controller/lib/python3.12/site-packages/my_servo_controller-0.0.0-py3.12.egg-info
[3.158s] running install_scripts
[3.566s] Installing action_controller_node script to /home/rasp/humanoid_ros2/robot_ws/install/my_servo_controller/lib/my_servo_controller
[3.568s] Installing flask_controller_node script to /home/rasp/humanoid_ros2/robot_ws/install/my_servo_controller/lib/my_servo_controller
[3.570s] Installing gazibo_sim_node script to /home/rasp/humanoid_ros2/robot_ws/install/my_servo_controller/lib/my_servo_controller
[3.573s] Installing head_controller_node script to /home/rasp/humanoid_ros2/robot_ws/install/my_servo_controller/lib/my_servo_controller
[3.575s] Installing servo_controller_node script to /home/rasp/humanoid_ros2/robot_ws/install/my_servo_controller/lib/my_servo_controller
[3.575s] Installing servo_mover_node script to /home/rasp/humanoid_ros2/robot_ws/install/my_servo_controller/lib/my_servo_controller
[3.577s] Installing topic_controller_node script to /home/rasp/humanoid_ros2/robot_ws/install/my_servo_controller/lib/my_servo_controller
[3.578s] Installing yolov8_ros2_pt_node script to /home/rasp/humanoid_ros2/robot_ws/install/my_servo_controller/lib/my_servo_controller
[3.634s] Installing yolov8_ros2_video_node script to /home/rasp/humanoid_ros2/robot_ws/install/my_servo_controller/lib/my_servo_controller
[3.635s] Installing yolov8_subscriber_node script to /home/rasp/humanoid_ros2/robot_ws/install/my_servo_controller/lib/my_servo_controller
[3.637s] writing list of installed files to '/home/rasp/humanoid_ros2/robot_ws/build/my_servo_controller/install.log'
[3.818s] Invoked command in '/home/rasp/humanoid_ros2/robot_ws/src/my_servo_controller' returned '0': DEBUGINFOD_URLS=https://debuginfod.ubuntu.com PYTHONPATH=/home/rasp/humanoid_ros2/robot_ws/build/my_servo_controller/prefix_override:/usr/lib/python3/dist-packages/colcon_core/task/python/colcon_distutils_commands:/home/rasp/humanoid_ros2/robot_ws/install/my_servo_controller/lib/python3.12/site-packages:/home/rasp/humanoid_ros2/robot_ws/install/servo_interfaces/lib/python3.12/site-packages:/home/rasp/humanoid_ros2/robot_ws/install/my_servo_controller/lib/python3.12/site-packages:/opt/ros/jazzy/lib/python3.12/site-packages VIRTUAL_ENV_PROMPT=(yolo_env) /usr/bin/python3 -W ignore:setup.py install is deprecated -W ignore:easy_install command is deprecated setup.py egg_info --egg-base ../../build/my_servo_controller build --build-base /home/rasp/humanoid_ros2/robot_ws/build/my_servo_controller/build install --record /home/rasp/humanoid_ros2/robot_ws/build/my_servo_controller/install.log --single-version-externally-managed install_data
