[0.157s] DEBUG:colcon:Command line arguments: ['/usr/bin/colcon', 'build']
[0.157s] DEBUG:colcon:Parsed command line arguments: Namespace(log_base=None, log_level=None, verb_name='build', build_base='build', install_base='install', merge_install=False, symlink_install=False, test_result_base=None, continue_on_error=False, executor='parallel', parallel_workers=4, event_handlers=None, ignore_user_meta=False, metas=['./colcon.meta'], base_paths=['.'], packages_ignore=None, packages_ignore_regex=None, paths=None, packages_up_to=None, packages_up_to_regex=None, packages_above=None, packages_above_and_dependencies=None, packages_above_depth=None, packages_select_by_dep=None, packages_skip_by_dep=None, packages_skip_up_to=None, packages_select_build_failed=False, packages_skip_build_finished=False, packages_select_test_failures=False, packages_skip_test_passed=False, packages_select=None, packages_skip=None, packages_select_regex=None, packages_skip_regex=None, packages_start=None, packages_end=None, allow_overriding=[], cmake_args=None, cmake_target=None, cmake_target_skip_unavailable=False, cmake_clean_cache=False, cmake_clean_first=False, cmake_force_configure=False, ament_cmake_args=None, catkin_cmake_args=None, catkin_skip_building_tests=False, mixin_files=None, mixin=None, verb_parser=<colcon_mixin.mixin.mixin_argument.MixinArgumentDecorator object at 0xffff9abf2060>, verb_extension=<colcon_core.verb.build.BuildVerb object at 0xffff9ada1ee0>, main=<bound method BuildVerb.main of <colcon_core.verb.build.BuildVerb object at 0xffff9ada1ee0>>, mixin_verb=('build',))
[0.214s] Level 1:colcon.colcon_core.package_discovery:discover_packages(colcon_meta) check parameters
[0.215s] Level 1:colcon.colcon_core.package_discovery:discover_packages(recursive) check parameters
[0.215s] Level 1:colcon.colcon_core.package_discovery:discover_packages(ignore) check parameters
[0.215s] Level 1:colcon.colcon_core.package_discovery:discover_packages(path) check parameters
[0.215s] Level 1:colcon.colcon_core.package_discovery:discover_packages(colcon_meta) discover
[0.215s] Level 1:colcon.colcon_core.package_discovery:discover_packages(recursive) discover
[0.215s] INFO:colcon.colcon_core.package_discovery:Crawling recursively for packages in '/home/rasp/robot_ws'
[0.215s] Level 1:colcon.colcon_core.package_identification:_identify(.) by extensions ['ignore', 'ignore_ament_install']
[0.215s] Level 1:colcon.colcon_core.package_identification:_identify(.) by extension 'ignore'
[0.215s] Level 1:colcon.colcon_core.package_identification:_identify(.) by extension 'ignore_ament_install'
[0.215s] Level 1:colcon.colcon_core.package_identification:_identify(.) by extensions ['colcon_pkg']
[0.215s] Level 1:colcon.colcon_core.package_identification:_identify(.) by extension 'colcon_pkg'
[0.215s] Level 1:colcon.colcon_core.package_identification:_identify(.) by extensions ['colcon_meta']
[0.215s] Level 1:colcon.colcon_core.package_identification:_identify(.) by extension 'colcon_meta'
[0.215s] Level 1:colcon.colcon_core.package_identification:_identify(.) by extensions ['ros']
[0.215s] Level 1:colcon.colcon_core.package_identification:_identify(.) by extension 'ros'
[0.255s] Level 1:colcon.colcon_core.package_identification:_identify(.) by extensions ['cmake', 'python']
[0.255s] Level 1:colcon.colcon_core.package_identification:_identify(.) by extension 'cmake'
[0.255s] Level 1:colcon.colcon_core.package_identification:_identify(.) by extension 'python'
[0.255s] Level 1:colcon.colcon_core.package_identification:_identify(.) by extensions ['python_setup_py']
[0.255s] Level 1:colcon.colcon_core.package_identification:_identify(.) by extension 'python_setup_py'
[0.256s] Level 1:colcon.colcon_core.package_identification:_identify(build) by extensions ['ignore', 'ignore_ament_install']
[0.256s] Level 1:colcon.colcon_core.package_identification:_identify(build) by extension 'ignore'
[0.256s] Level 1:colcon.colcon_core.package_identification:_identify(build) ignored
[0.256s] Level 1:colcon.colcon_core.package_identification:_identify(install) by extensions ['ignore', 'ignore_ament_install']
[0.256s] Level 1:colcon.colcon_core.package_identification:_identify(install) by extension 'ignore'
[0.256s] Level 1:colcon.colcon_core.package_identification:_identify(install) ignored
[0.257s] Level 1:colcon.colcon_core.package_identification:_identify(log) by extensions ['ignore', 'ignore_ament_install']
[0.257s] Level 1:colcon.colcon_core.package_identification:_identify(log) by extension 'ignore'
[0.257s] Level 1:colcon.colcon_core.package_identification:_identify(log) ignored
[0.257s] Level 1:colcon.colcon_core.package_identification:_identify(src) by extensions ['ignore', 'ignore_ament_install']
[0.257s] Level 1:colcon.colcon_core.package_identification:_identify(src) by extension 'ignore'
[0.257s] Level 1:colcon.colcon_core.package_identification:_identify(src) by extension 'ignore_ament_install'
[0.257s] Level 1:colcon.colcon_core.package_identification:_identify(src) by extensions ['colcon_pkg']
[0.257s] Level 1:colcon.colcon_core.package_identification:_identify(src) by extension 'colcon_pkg'
[0.257s] Level 1:colcon.colcon_core.package_identification:_identify(src) by extensions ['colcon_meta']
[0.257s] Level 1:colcon.colcon_core.package_identification:_identify(src) by extension 'colcon_meta'
[0.257s] Level 1:colcon.colcon_core.package_identification:_identify(src) by extensions ['ros']
[0.257s] Level 1:colcon.colcon_core.package_identification:_identify(src) by extension 'ros'
[0.257s] Level 1:colcon.colcon_core.package_identification:_identify(src) by extensions ['cmake', 'python']
[0.257s] Level 1:colcon.colcon_core.package_identification:_identify(src) by extension 'cmake'
[0.257s] Level 1:colcon.colcon_core.package_identification:_identify(src) by extension 'python'
[0.257s] Level 1:colcon.colcon_core.package_identification:_identify(src) by extensions ['python_setup_py']
[0.258s] Level 1:colcon.colcon_core.package_identification:_identify(src) by extension 'python_setup_py'
[0.258s] Level 1:colcon.colcon_core.package_identification:_identify(src/my_package) by extensions ['ignore', 'ignore_ament_install']
[0.258s] Level 1:colcon.colcon_core.package_identification:_identify(src/my_package) by extension 'ignore'
[0.258s] Level 1:colcon.colcon_core.package_identification:_identify(src/my_package) by extension 'ignore_ament_install'
[0.258s] Level 1:colcon.colcon_core.package_identification:_identify(src/my_package) by extensions ['colcon_pkg']
[0.258s] Level 1:colcon.colcon_core.package_identification:_identify(src/my_package) by extension 'colcon_pkg'
[0.258s] Level 1:colcon.colcon_core.package_identification:_identify(src/my_package) by extensions ['colcon_meta']
[0.258s] Level 1:colcon.colcon_core.package_identification:_identify(src/my_package) by extension 'colcon_meta'
[0.258s] Level 1:colcon.colcon_core.package_identification:_identify(src/my_package) by extensions ['ros']
[0.258s] Level 1:colcon.colcon_core.package_identification:_identify(src/my_package) by extension 'ros'
[0.261s] DEBUG:colcon.colcon_core.package_identification:Package 'src/my_package' with type 'ros.ament_cmake' and name 'my_package'
[0.261s] Level 1:colcon.colcon_core.package_identification:_identify(src/my_servo_controller) by extensions ['ignore', 'ignore_ament_install']
[0.261s] Level 1:colcon.colcon_core.package_identification:_identify(src/my_servo_controller) by extension 'ignore'
[0.262s] Level 1:colcon.colcon_core.package_identification:_identify(src/my_servo_controller) by extension 'ignore_ament_install'
[0.262s] Level 1:colcon.colcon_core.package_identification:_identify(src/my_servo_controller) by extensions ['colcon_pkg']
[0.262s] Level 1:colcon.colcon_core.package_identification:_identify(src/my_servo_controller) by extension 'colcon_pkg'
[0.262s] Level 1:colcon.colcon_core.package_identification:_identify(src/my_servo_controller) by extensions ['colcon_meta']
[0.262s] Level 1:colcon.colcon_core.package_identification:_identify(src/my_servo_controller) by extension 'colcon_meta'
[0.262s] Level 1:colcon.colcon_core.package_identification:_identify(src/my_servo_controller) by extensions ['ros']
[0.262s] Level 1:colcon.colcon_core.package_identification:_identify(src/my_servo_controller) by extension 'ros'
[0.263s] DEBUG:colcon.colcon_core.package_identification:Package 'src/my_servo_controller' with type 'ros.ament_python' and name 'my_servo_controller'
[0.263s] Level 1:colcon.colcon_core.package_identification:_identify(src/ros2_pca9685) by extensions ['ignore', 'ignore_ament_install']
[0.263s] Level 1:colcon.colcon_core.package_identification:_identify(src/ros2_pca9685) by extension 'ignore'
[0.263s] Level 1:colcon.colcon_core.package_identification:_identify(src/ros2_pca9685) by extension 'ignore_ament_install'
[0.263s] Level 1:colcon.colcon_core.package_identification:_identify(src/ros2_pca9685) by extensions ['colcon_pkg']
[0.263s] Level 1:colcon.colcon_core.package_identification:_identify(src/ros2_pca9685) by extension 'colcon_pkg'
[0.263s] Level 1:colcon.colcon_core.package_identification:_identify(src/ros2_pca9685) by extensions ['colcon_meta']
[0.263s] Level 1:colcon.colcon_core.package_identification:_identify(src/ros2_pca9685) by extension 'colcon_meta'
[0.263s] Level 1:colcon.colcon_core.package_identification:_identify(src/ros2_pca9685) by extensions ['ros']
[0.263s] Level 1:colcon.colcon_core.package_identification:_identify(src/ros2_pca9685) by extension 'ros'
[0.264s] DEBUG:colcon.colcon_core.package_identification:Package 'src/ros2_pca9685' with type 'ros.ament_cmake' and name 'ros2_pca9685'
[0.264s] Level 1:colcon.colcon_core.package_identification:_identify(src/servo_interfaces) by extensions ['ignore', 'ignore_ament_install']
[0.264s] Level 1:colcon.colcon_core.package_identification:_identify(src/servo_interfaces) by extension 'ignore'
[0.264s] Level 1:colcon.colcon_core.package_identification:_identify(src/servo_interfaces) by extension 'ignore_ament_install'
[0.264s] Level 1:colcon.colcon_core.package_identification:_identify(src/servo_interfaces) by extensions ['colcon_pkg']
[0.264s] Level 1:colcon.colcon_core.package_identification:_identify(src/servo_interfaces) by extension 'colcon_pkg'
[0.264s] Level 1:colcon.colcon_core.package_identification:_identify(src/servo_interfaces) by extensions ['colcon_meta']
[0.264s] Level 1:colcon.colcon_core.package_identification:_identify(src/servo_interfaces) by extension 'colcon_meta'
[0.264s] Level 1:colcon.colcon_core.package_identification:_identify(src/servo_interfaces) by extensions ['ros']
[0.264s] Level 1:colcon.colcon_core.package_identification:_identify(src/servo_interfaces) by extension 'ros'
[0.265s] DEBUG:colcon.colcon_core.package_identification:Package 'src/servo_interfaces' with type 'ros.ament_cmake' and name 'servo_interfaces'
[0.265s] Level 1:colcon.colcon_core.package_discovery:discover_packages(recursive) using defaults
[0.265s] Level 1:colcon.colcon_core.package_discovery:discover_packages(ignore) discover
[0.265s] Level 1:colcon.colcon_core.package_discovery:discover_packages(ignore) using defaults
[0.265s] Level 1:colcon.colcon_core.package_discovery:discover_packages(path) discover
[0.265s] Level 1:colcon.colcon_core.package_discovery:discover_packages(path) using defaults
[0.290s] Level 1:colcon.colcon_core.package_discovery:discover_packages(prefix_path) check parameters
[0.290s] Level 1:colcon.colcon_core.package_discovery:discover_packages(prefix_path) discover
[0.293s] DEBUG:colcon.colcon_installed_package_information.package_discovery:Found 4 installed packages in /home/rasp/robot_ws/install
[0.296s] DEBUG:colcon.colcon_installed_package_information.package_discovery:Found 448 installed packages in /opt/ros/jazzy
[0.299s] Level 1:colcon.colcon_core.package_discovery:discover_packages(prefix_path) using defaults
[0.386s] Level 5:colcon.colcon_core.verb:set package 'my_package' build argument 'cmake_args' from command line to 'None'
[0.386s] Level 5:colcon.colcon_core.verb:set package 'my_package' build argument 'cmake_target' from command line to 'None'
[0.386s] Level 5:colcon.colcon_core.verb:set package 'my_package' build argument 'cmake_target_skip_unavailable' from command line to 'False'
[0.386s] Level 5:colcon.colcon_core.verb:set package 'my_package' build argument 'cmake_clean_cache' from command line to 'False'
[0.386s] Level 5:colcon.colcon_core.verb:set package 'my_package' build argument 'cmake_clean_first' from command line to 'False'
[0.386s] Level 5:colcon.colcon_core.verb:set package 'my_package' build argument 'cmake_force_configure' from command line to 'False'
[0.386s] Level 5:colcon.colcon_core.verb:set package 'my_package' build argument 'ament_cmake_args' from command line to 'None'
[0.386s] Level 5:colcon.colcon_core.verb:set package 'my_package' build argument 'catkin_cmake_args' from command line to 'None'
[0.386s] Level 5:colcon.colcon_core.verb:set package 'my_package' build argument 'catkin_skip_building_tests' from command line to 'False'
[0.387s] DEBUG:colcon.colcon_core.verb:Building package 'my_package' with the following arguments: {'ament_cmake_args': None, 'build_base': '/home/rasp/robot_ws/build/my_package', 'catkin_cmake_args': None, 'catkin_skip_building_tests': False, 'cmake_args': None, 'cmake_clean_cache': False, 'cmake_clean_first': False, 'cmake_force_configure': False, 'cmake_target': None, 'cmake_target_skip_unavailable': False, 'install_base': '/home/rasp/robot_ws/install/my_package', 'merge_install': False, 'path': '/home/rasp/robot_ws/src/my_package', 'symlink_install': False, 'test_result_base': None}
[0.387s] Level 5:colcon.colcon_core.verb:set package 'ros2_pca9685' build argument 'cmake_args' from command line to 'None'
[0.387s] Level 5:colcon.colcon_core.verb:set package 'ros2_pca9685' build argument 'cmake_target' from command line to 'None'
[0.387s] Level 5:colcon.colcon_core.verb:set package 'ros2_pca9685' build argument 'cmake_target_skip_unavailable' from command line to 'False'
[0.387s] Level 5:colcon.colcon_core.verb:set package 'ros2_pca9685' build argument 'cmake_clean_cache' from command line to 'False'
[0.387s] Level 5:colcon.colcon_core.verb:set package 'ros2_pca9685' build argument 'cmake_clean_first' from command line to 'False'
[0.387s] Level 5:colcon.colcon_core.verb:set package 'ros2_pca9685' build argument 'cmake_force_configure' from command line to 'False'
[0.387s] Level 5:colcon.colcon_core.verb:set package 'ros2_pca9685' build argument 'ament_cmake_args' from command line to 'None'
[0.387s] Level 5:colcon.colcon_core.verb:set package 'ros2_pca9685' build argument 'catkin_cmake_args' from command line to 'None'
[0.387s] Level 5:colcon.colcon_core.verb:set package 'ros2_pca9685' build argument 'catkin_skip_building_tests' from command line to 'False'
[0.387s] DEBUG:colcon.colcon_core.verb:Building package 'ros2_pca9685' with the following arguments: {'ament_cmake_args': None, 'build_base': '/home/rasp/robot_ws/build/ros2_pca9685', 'catkin_cmake_args': None, 'catkin_skip_building_tests': False, 'cmake_args': None, 'cmake_clean_cache': False, 'cmake_clean_first': False, 'cmake_force_configure': False, 'cmake_target': None, 'cmake_target_skip_unavailable': False, 'install_base': '/home/rasp/robot_ws/install/ros2_pca9685', 'merge_install': False, 'path': '/home/rasp/robot_ws/src/ros2_pca9685', 'symlink_install': False, 'test_result_base': None}
[0.388s] Level 5:colcon.colcon_core.verb:set package 'servo_interfaces' build argument 'cmake_args' from command line to 'None'
[0.388s] Level 5:colcon.colcon_core.verb:set package 'servo_interfaces' build argument 'cmake_target' from command line to 'None'
[0.388s] Level 5:colcon.colcon_core.verb:set package 'servo_interfaces' build argument 'cmake_target_skip_unavailable' from command line to 'False'
[0.388s] Level 5:colcon.colcon_core.verb:set package 'servo_interfaces' build argument 'cmake_clean_cache' from command line to 'False'
[0.388s] Level 5:colcon.colcon_core.verb:set package 'servo_interfaces' build argument 'cmake_clean_first' from command line to 'False'
[0.388s] Level 5:colcon.colcon_core.verb:set package 'servo_interfaces' build argument 'cmake_force_configure' from command line to 'False'
[0.388s] Level 5:colcon.colcon_core.verb:set package 'servo_interfaces' build argument 'ament_cmake_args' from command line to 'None'
[0.388s] Level 5:colcon.colcon_core.verb:set package 'servo_interfaces' build argument 'catkin_cmake_args' from command line to 'None'
[0.388s] Level 5:colcon.colcon_core.verb:set package 'servo_interfaces' build argument 'catkin_skip_building_tests' from command line to 'False'
[0.388s] DEBUG:colcon.colcon_core.verb:Building package 'servo_interfaces' with the following arguments: {'ament_cmake_args': None, 'build_base': '/home/rasp/robot_ws/build/servo_interfaces', 'catkin_cmake_args': None, 'catkin_skip_building_tests': False, 'cmake_args': None, 'cmake_clean_cache': False, 'cmake_clean_first': False, 'cmake_force_configure': False, 'cmake_target': None, 'cmake_target_skip_unavailable': False, 'install_base': '/home/rasp/robot_ws/install/servo_interfaces', 'merge_install': False, 'path': '/home/rasp/robot_ws/src/servo_interfaces', 'symlink_install': False, 'test_result_base': None}
[0.388s] Level 5:colcon.colcon_core.verb:set package 'my_servo_controller' build argument 'cmake_args' from command line to 'None'
[0.388s] Level 5:colcon.colcon_core.verb:set package 'my_servo_controller' build argument 'cmake_target' from command line to 'None'
[0.388s] Level 5:colcon.colcon_core.verb:set package 'my_servo_controller' build argument 'cmake_target_skip_unavailable' from command line to 'False'
[0.388s] Level 5:colcon.colcon_core.verb:set package 'my_servo_controller' build argument 'cmake_clean_cache' from command line to 'False'
[0.388s] Level 5:colcon.colcon_core.verb:set package 'my_servo_controller' build argument 'cmake_clean_first' from command line to 'False'
[0.388s] Level 5:colcon.colcon_core.verb:set package 'my_servo_controller' build argument 'cmake_force_configure' from command line to 'False'
[0.388s] Level 5:colcon.colcon_core.verb:set package 'my_servo_controller' build argument 'ament_cmake_args' from command line to 'None'
[0.388s] Level 5:colcon.colcon_core.verb:set package 'my_servo_controller' build argument 'catkin_cmake_args' from command line to 'None'
[0.388s] Level 5:colcon.colcon_core.verb:set package 'my_servo_controller' build argument 'catkin_skip_building_tests' from command line to 'False'
[0.388s] DEBUG:colcon.colcon_core.verb:Building package 'my_servo_controller' with the following arguments: {'ament_cmake_args': None, 'build_base': '/home/rasp/robot_ws/build/my_servo_controller', 'catkin_cmake_args': None, 'catkin_skip_building_tests': False, 'cmake_args': None, 'cmake_clean_cache': False, 'cmake_clean_first': False, 'cmake_force_configure': False, 'cmake_target': None, 'cmake_target_skip_unavailable': False, 'install_base': '/home/rasp/robot_ws/install/my_servo_controller', 'merge_install': False, 'path': '/home/rasp/robot_ws/src/my_servo_controller', 'symlink_install': False, 'test_result_base': None}
[0.389s] INFO:colcon.colcon_core.executor:Executing jobs using 'parallel' executor
[0.390s] DEBUG:colcon.colcon_parallel_executor.executor.parallel:run_until_complete
[0.390s] INFO:colcon.colcon_ros.task.ament_cmake.build:Building ROS package in '/home/rasp/robot_ws/src/servo_interfaces' with build type 'ament_cmake'
[0.390s] INFO:colcon.colcon_cmake.task.cmake.build:Building CMake package in '/home/rasp/robot_ws/src/servo_interfaces'
[0.393s] INFO:colcon.colcon_core.plugin_system:Skipping extension 'colcon_core.shell.bat': Not used on non-Windows systems
[0.393s] INFO:colcon.colcon_core.shell:Skip shell extension 'powershell' for command environment: Not usable outside of PowerShell
[0.393s] DEBUG:colcon.colcon_core.shell:Skip shell extension 'dsv' for command environment
[0.400s] INFO:colcon.colcon_ros.task.ament_cmake.build:Building ROS package in '/home/rasp/robot_ws/src/my_package' with build type 'ament_cmake'
[0.400s] INFO:colcon.colcon_cmake.task.cmake.build:Building CMake package in '/home/rasp/robot_ws/src/my_package'
[0.400s] INFO:colcon.colcon_core.shell:Skip shell extension 'powershell' for command environment: Not usable outside of PowerShell
[0.401s] DEBUG:colcon.colcon_core.shell:Skip shell extension 'dsv' for command environment
[0.407s] INFO:colcon.colcon_ros.task.ament_cmake.build:Building ROS package in '/home/rasp/robot_ws/src/ros2_pca9685' with build type 'ament_cmake'
[0.408s] INFO:colcon.colcon_cmake.task.cmake.build:Building CMake package in '/home/rasp/robot_ws/src/ros2_pca9685'
[0.408s] INFO:colcon.colcon_core.shell:Skip shell extension 'powershell' for command environment: Not usable outside of PowerShell
[0.408s] DEBUG:colcon.colcon_core.shell:Skip shell extension 'dsv' for command environment
[0.424s] DEBUG:colcon.colcon_core.event_handler.log_command:Invoking command in '/home/rasp/robot_ws/build/servo_interfaces': CMAKE_PREFIX_PATH=${CMAKE_PREFIX_PATH}:/home/rasp/robot_ws/install/my_servo_controller:/opt/ros/jazzy DEBUGINFOD_URLS=https://debuginfod.ubuntu.com /usr/bin/cmake --build /home/rasp/robot_ws/build/servo_interfaces -- -j4 -l4
[0.434s] DEBUG:colcon.colcon_core.event_handler.log_command:Invoking command in '/home/rasp/robot_ws/build/my_package': CMAKE_PREFIX_PATH=${CMAKE_PREFIX_PATH}:/home/rasp/robot_ws/install/my_servo_controller:/opt/ros/jazzy DEBUGINFOD_URLS=https://debuginfod.ubuntu.com /usr/bin/cmake --build /home/rasp/robot_ws/build/my_package -- -j4 -l4
[0.445s] DEBUG:colcon.colcon_core.event_handler.log_command:Invoking command in '/home/rasp/robot_ws/build/ros2_pca9685': CMAKE_PREFIX_PATH=${CMAKE_PREFIX_PATH}:/home/rasp/robot_ws/install/my_servo_controller:/opt/ros/jazzy DEBUGINFOD_URLS=https://debuginfod.ubuntu.com /usr/bin/cmake --build /home/rasp/robot_ws/build/ros2_pca9685 -- -j4 -l4
[0.525s] DEBUG:colcon.colcon_core.event_handler.log_command:Invoked command in '/home/rasp/robot_ws/build/my_package' returned '0': CMAKE_PREFIX_PATH=${CMAKE_PREFIX_PATH}:/home/rasp/robot_ws/install/my_servo_controller:/opt/ros/jazzy DEBUGINFOD_URLS=https://debuginfod.ubuntu.com /usr/bin/cmake --build /home/rasp/robot_ws/build/my_package -- -j4 -l4
[0.557s] DEBUG:colcon.colcon_core.event_handler.log_command:Invoking command in '/home/rasp/robot_ws/build/my_package': CMAKE_PREFIX_PATH=${CMAKE_PREFIX_PATH}:/home/rasp/robot_ws/install/my_servo_controller:/opt/ros/jazzy DEBUGINFOD_URLS=https://debuginfod.ubuntu.com /usr/bin/cmake --install /home/rasp/robot_ws/build/my_package
[0.637s] Level 1:colcon.colcon_core.environment:create_environment_scripts_only(my_package)
[0.638s] DEBUG:colcon.colcon_core.event_handler.log_command:Invoked command in '/home/rasp/robot_ws/build/my_package' returned '0': CMAKE_PREFIX_PATH=${CMAKE_PREFIX_PATH}:/home/rasp/robot_ws/install/my_servo_controller:/opt/ros/jazzy DEBUGINFOD_URLS=https://debuginfod.ubuntu.com /usr/bin/cmake --install /home/rasp/robot_ws/build/my_package
[0.645s] Level 1:colcon.colcon_core.environment:checking '/home/rasp/robot_ws/install/my_package' for CMake module files
[0.646s] Level 1:colcon.colcon_core.environment:checking '/home/rasp/robot_ws/install/my_package' for CMake config files
[0.647s] Level 1:colcon.colcon_core.shell:create_environment_hook('my_package', 'cmake_prefix_path')
[0.648s] INFO:colcon.colcon_core.shell:Creating environment hook '/home/rasp/robot_ws/install/my_package/share/my_package/hook/cmake_prefix_path.ps1'
[0.650s] INFO:colcon.colcon_core.shell:Creating environment descriptor '/home/rasp/robot_ws/install/my_package/share/my_package/hook/cmake_prefix_path.dsv'
[0.652s] INFO:colcon.colcon_core.shell:Creating environment hook '/home/rasp/robot_ws/install/my_package/share/my_package/hook/cmake_prefix_path.sh'
[0.656s] Level 1:colcon.colcon_core.environment:checking '/home/rasp/robot_ws/install/my_package/bin'
[0.656s] Level 1:colcon.colcon_core.environment:checking '/home/rasp/robot_ws/install/my_package/lib/pkgconfig/my_package.pc'
[0.657s] Level 1:colcon.colcon_core.environment:checking '/home/rasp/robot_ws/install/my_package/lib/python3.12/site-packages'
[0.658s] Level 1:colcon.colcon_core.environment:checking '/home/rasp/robot_ws/install/my_package/bin'
[0.660s] INFO:colcon.colcon_core.shell:Creating package script '/home/rasp/robot_ws/install/my_package/share/my_package/package.ps1'
[0.665s] INFO:colcon.colcon_core.shell:Creating package descriptor '/home/rasp/robot_ws/install/my_package/share/my_package/package.dsv'
[0.666s] INFO:colcon.colcon_core.shell:Creating package script '/home/rasp/robot_ws/install/my_package/share/my_package/package.sh'
[0.669s] INFO:colcon.colcon_core.shell:Creating package script '/home/rasp/robot_ws/install/my_package/share/my_package/package.bash'
[0.674s] INFO:colcon.colcon_core.shell:Creating package script '/home/rasp/robot_ws/install/my_package/share/my_package/package.zsh'
[0.675s] Level 1:colcon.colcon_core.environment:create_file_with_runtime_dependencies(/home/rasp/robot_ws/install/my_package/share/colcon-core/packages/my_package)
[0.682s] Level 1:colcon.colcon_core.environment:create_environment_scripts_only(my_package)
[0.682s] Level 1:colcon.colcon_core.environment:checking '/home/rasp/robot_ws/install/my_package' for CMake module files
[0.683s] Level 1:colcon.colcon_core.environment:checking '/home/rasp/robot_ws/install/my_package' for CMake config files
[0.685s] Level 1:colcon.colcon_core.shell:create_environment_hook('my_package', 'cmake_prefix_path')
[0.686s] INFO:colcon.colcon_core.shell:Creating environment hook '/home/rasp/robot_ws/install/my_package/share/my_package/hook/cmake_prefix_path.ps1'
[0.687s] INFO:colcon.colcon_core.shell:Creating environment descriptor '/home/rasp/robot_ws/install/my_package/share/my_package/hook/cmake_prefix_path.dsv'
[0.688s] INFO:colcon.colcon_core.shell:Creating environment hook '/home/rasp/robot_ws/install/my_package/share/my_package/hook/cmake_prefix_path.sh'
[0.690s] Level 1:colcon.colcon_core.environment:checking '/home/rasp/robot_ws/install/my_package/bin'
[0.691s] Level 1:colcon.colcon_core.environment:checking '/home/rasp/robot_ws/install/my_package/lib/pkgconfig/my_package.pc'
[0.691s] Level 1:colcon.colcon_core.environment:checking '/home/rasp/robot_ws/install/my_package/lib/python3.12/site-packages'
[0.692s] Level 1:colcon.colcon_core.environment:checking '/home/rasp/robot_ws/install/my_package/bin'
[0.693s] INFO:colcon.colcon_core.shell:Creating package script '/home/rasp/robot_ws/install/my_package/share/my_package/package.ps1'
[0.698s] INFO:colcon.colcon_core.shell:Creating package descriptor '/home/rasp/robot_ws/install/my_package/share/my_package/package.dsv'
[0.704s] INFO:colcon.colcon_core.shell:Creating package script '/home/rasp/robot_ws/install/my_package/share/my_package/package.sh'
[0.710s] INFO:colcon.colcon_core.shell:Creating package script '/home/rasp/robot_ws/install/my_package/share/my_package/package.bash'
[0.713s] INFO:colcon.colcon_core.shell:Creating package script '/home/rasp/robot_ws/install/my_package/share/my_package/package.zsh'
[0.716s] Level 1:colcon.colcon_core.environment:create_file_with_runtime_dependencies(/home/rasp/robot_ws/install/my_package/share/colcon-core/packages/my_package)
[1.626s] DEBUG:colcon.colcon_core.event_handler.log_command:Invoked command in '/home/rasp/robot_ws/build/ros2_pca9685' returned '0': CMAKE_PREFIX_PATH=${CMAKE_PREFIX_PATH}:/home/rasp/robot_ws/install/my_servo_controller:/opt/ros/jazzy DEBUGINFOD_URLS=https://debuginfod.ubuntu.com /usr/bin/cmake --build /home/rasp/robot_ws/build/ros2_pca9685 -- -j4 -l4
[1.629s] DEBUG:colcon.colcon_core.event_handler.log_command:Invoking command in '/home/rasp/robot_ws/build/ros2_pca9685': CMAKE_PREFIX_PATH=${CMAKE_PREFIX_PATH}:/home/rasp/robot_ws/install/my_servo_controller:/opt/ros/jazzy DEBUGINFOD_URLS=https://debuginfod.ubuntu.com /usr/bin/cmake --install /home/rasp/robot_ws/build/ros2_pca9685
[1.698s] DEBUG:colcon.colcon_core.event_handler.log_command:Invoked command in '/home/rasp/robot_ws/build/servo_interfaces' returned '0': CMAKE_PREFIX_PATH=${CMAKE_PREFIX_PATH}:/home/rasp/robot_ws/install/my_servo_controller:/opt/ros/jazzy DEBUGINFOD_URLS=https://debuginfod.ubuntu.com /usr/bin/cmake --build /home/rasp/robot_ws/build/servo_interfaces -- -j4 -l4
[1.699s] DEBUG:colcon.colcon_core.event_handler.log_command:Invoking command in '/home/rasp/robot_ws/build/servo_interfaces': CMAKE_PREFIX_PATH=${CMAKE_PREFIX_PATH}:/home/rasp/robot_ws/install/my_servo_controller:/opt/ros/jazzy DEBUGINFOD_URLS=https://debuginfod.ubuntu.com /usr/bin/cmake --install /home/rasp/robot_ws/build/servo_interfaces
[1.784s] Level 1:colcon.colcon_core.environment:create_environment_scripts_only(ros2_pca9685)
[1.785s] Level 1:colcon.colcon_core.environment:checking '/home/rasp/robot_ws/install/ros2_pca9685' for CMake module files
[1.786s] Level 1:colcon.colcon_core.environment:checking '/home/rasp/robot_ws/install/ros2_pca9685' for CMake config files
[1.786s] Level 1:colcon.colcon_core.shell:create_environment_hook('ros2_pca9685', 'cmake_prefix_path')
[1.787s] DEBUG:colcon.colcon_core.event_handler.log_command:Invoked command in '/home/rasp/robot_ws/build/ros2_pca9685' returned '0': CMAKE_PREFIX_PATH=${CMAKE_PREFIX_PATH}:/home/rasp/robot_ws/install/my_servo_controller:/opt/ros/jazzy DEBUGINFOD_URLS=https://debuginfod.ubuntu.com /usr/bin/cmake --install /home/rasp/robot_ws/build/ros2_pca9685
[1.787s] INFO:colcon.colcon_core.shell:Creating environment hook '/home/rasp/robot_ws/install/ros2_pca9685/share/ros2_pca9685/hook/cmake_prefix_path.ps1'
[1.788s] INFO:colcon.colcon_core.shell:Creating environment descriptor '/home/rasp/robot_ws/install/ros2_pca9685/share/ros2_pca9685/hook/cmake_prefix_path.dsv'
[1.789s] INFO:colcon.colcon_core.shell:Creating environment hook '/home/rasp/robot_ws/install/ros2_pca9685/share/ros2_pca9685/hook/cmake_prefix_path.sh'
[1.791s] Level 1:colcon.colcon_core.environment:checking '/home/rasp/robot_ws/install/ros2_pca9685/lib'
[1.791s] Level 1:colcon.colcon_core.shell:create_environment_hook('ros2_pca9685', 'ld_library_path_lib')
[1.791s] INFO:colcon.colcon_core.shell:Creating environment hook '/home/rasp/robot_ws/install/ros2_pca9685/share/ros2_pca9685/hook/ld_library_path_lib.ps1'
[1.792s] INFO:colcon.colcon_core.shell:Creating environment descriptor '/home/rasp/robot_ws/install/ros2_pca9685/share/ros2_pca9685/hook/ld_library_path_lib.dsv'
[1.793s] INFO:colcon.colcon_core.shell:Creating environment hook '/home/rasp/robot_ws/install/ros2_pca9685/share/ros2_pca9685/hook/ld_library_path_lib.sh'
[1.796s] Level 1:colcon.colcon_core.environment:checking '/home/rasp/robot_ws/install/ros2_pca9685/bin'
[1.796s] Level 1:colcon.colcon_core.environment:checking '/home/rasp/robot_ws/install/ros2_pca9685/lib/pkgconfig/ros2_pca9685.pc'
[1.797s] Level 1:colcon.colcon_core.environment:checking '/home/rasp/robot_ws/install/ros2_pca9685/lib/python3.12/site-packages'
[1.797s] Level 1:colcon.colcon_core.shell:create_environment_hook('ros2_pca9685', 'pythonpath')
[1.797s] INFO:colcon.colcon_core.shell:Creating environment hook '/home/rasp/robot_ws/install/ros2_pca9685/share/ros2_pca9685/hook/pythonpath.ps1'
[1.798s] INFO:colcon.colcon_core.shell:Creating environment descriptor '/home/rasp/robot_ws/install/ros2_pca9685/share/ros2_pca9685/hook/pythonpath.dsv'
[1.799s] INFO:colcon.colcon_core.shell:Creating environment hook '/home/rasp/robot_ws/install/ros2_pca9685/share/ros2_pca9685/hook/pythonpath.sh'
[1.801s] Level 1:colcon.colcon_core.environment:checking '/home/rasp/robot_ws/install/ros2_pca9685/bin'
[1.801s] INFO:colcon.colcon_core.shell:Creating package script '/home/rasp/robot_ws/install/ros2_pca9685/share/ros2_pca9685/package.ps1'
[1.803s] INFO:colcon.colcon_core.shell:Creating package descriptor '/home/rasp/robot_ws/install/ros2_pca9685/share/ros2_pca9685/package.dsv'
[1.804s] INFO:colcon.colcon_core.shell:Creating package script '/home/rasp/robot_ws/install/ros2_pca9685/share/ros2_pca9685/package.sh'
[1.805s] INFO:colcon.colcon_core.shell:Creating package script '/home/rasp/robot_ws/install/ros2_pca9685/share/ros2_pca9685/package.bash'
[1.806s] INFO:colcon.colcon_core.shell:Creating package script '/home/rasp/robot_ws/install/ros2_pca9685/share/ros2_pca9685/package.zsh'
[1.807s] Level 1:colcon.colcon_core.environment:create_file_with_runtime_dependencies(/home/rasp/robot_ws/install/ros2_pca9685/share/colcon-core/packages/ros2_pca9685)
[1.809s] Level 1:colcon.colcon_core.environment:create_environment_scripts_only(ros2_pca9685)
[1.809s] Level 1:colcon.colcon_core.environment:checking '/home/rasp/robot_ws/install/ros2_pca9685' for CMake module files
[1.811s] Level 1:colcon.colcon_core.environment:checking '/home/rasp/robot_ws/install/ros2_pca9685' for CMake config files
[1.813s] Level 1:colcon.colcon_core.shell:create_environment_hook('ros2_pca9685', 'cmake_prefix_path')
[1.813s] INFO:colcon.colcon_core.shell:Creating environment hook '/home/rasp/robot_ws/install/ros2_pca9685/share/ros2_pca9685/hook/cmake_prefix_path.ps1'
[1.815s] INFO:colcon.colcon_core.shell:Creating environment descriptor '/home/rasp/robot_ws/install/ros2_pca9685/share/ros2_pca9685/hook/cmake_prefix_path.dsv'
[1.816s] INFO:colcon.colcon_core.shell:Creating environment hook '/home/rasp/robot_ws/install/ros2_pca9685/share/ros2_pca9685/hook/cmake_prefix_path.sh'
[1.820s] Level 1:colcon.colcon_core.environment:checking '/home/rasp/robot_ws/install/ros2_pca9685/lib'
[1.820s] Level 1:colcon.colcon_core.shell:create_environment_hook('ros2_pca9685', 'ld_library_path_lib')
[1.820s] INFO:colcon.colcon_core.shell:Creating environment hook '/home/rasp/robot_ws/install/ros2_pca9685/share/ros2_pca9685/hook/ld_library_path_lib.ps1'
[1.821s] INFO:colcon.colcon_core.shell:Creating environment descriptor '/home/rasp/robot_ws/install/ros2_pca9685/share/ros2_pca9685/hook/ld_library_path_lib.dsv'
[1.825s] INFO:colcon.colcon_core.shell:Creating environment hook '/home/rasp/robot_ws/install/ros2_pca9685/share/ros2_pca9685/hook/ld_library_path_lib.sh'
[1.826s] Level 1:colcon.colcon_core.environment:checking '/home/rasp/robot_ws/install/ros2_pca9685/bin'
[1.826s] Level 1:colcon.colcon_core.environment:checking '/home/rasp/robot_ws/install/ros2_pca9685/lib/pkgconfig/ros2_pca9685.pc'
[1.826s] Level 1:colcon.colcon_core.environment:checking '/home/rasp/robot_ws/install/ros2_pca9685/lib/python3.12/site-packages'
[1.827s] Level 1:colcon.colcon_core.shell:create_environment_hook('ros2_pca9685', 'pythonpath')
[1.827s] INFO:colcon.colcon_core.shell:Creating environment hook '/home/rasp/robot_ws/install/ros2_pca9685/share/ros2_pca9685/hook/pythonpath.ps1'
[1.828s] INFO:colcon.colcon_core.shell:Creating environment descriptor '/home/rasp/robot_ws/install/ros2_pca9685/share/ros2_pca9685/hook/pythonpath.dsv'
[1.829s] INFO:colcon.colcon_core.shell:Creating environment hook '/home/rasp/robot_ws/install/ros2_pca9685/share/ros2_pca9685/hook/pythonpath.sh'
[1.831s] Level 1:colcon.colcon_core.environment:checking '/home/rasp/robot_ws/install/ros2_pca9685/bin'
[1.831s] INFO:colcon.colcon_core.shell:Creating package script '/home/rasp/robot_ws/install/ros2_pca9685/share/ros2_pca9685/package.ps1'
[1.833s] INFO:colcon.colcon_core.shell:Creating package descriptor '/home/rasp/robot_ws/install/ros2_pca9685/share/ros2_pca9685/package.dsv'
[1.834s] INFO:colcon.colcon_core.shell:Creating package script '/home/rasp/robot_ws/install/ros2_pca9685/share/ros2_pca9685/package.sh'
[1.836s] INFO:colcon.colcon_core.shell:Creating package script '/home/rasp/robot_ws/install/ros2_pca9685/share/ros2_pca9685/package.bash'
[1.838s] INFO:colcon.colcon_core.shell:Creating package script '/home/rasp/robot_ws/install/ros2_pca9685/share/ros2_pca9685/package.zsh'
[1.839s] Level 1:colcon.colcon_core.environment:create_file_with_runtime_dependencies(/home/rasp/robot_ws/install/ros2_pca9685/share/colcon-core/packages/ros2_pca9685)
[1.842s] Level 1:colcon.colcon_core.environment:create_environment_scripts_only(servo_interfaces)
[1.842s] Level 1:colcon.colcon_core.environment:checking '/home/rasp/robot_ws/install/servo_interfaces' for CMake module files
[1.843s] DEBUG:colcon.colcon_core.event_handler.log_command:Invoked command in '/home/rasp/robot_ws/build/servo_interfaces' returned '0': CMAKE_PREFIX_PATH=${CMAKE_PREFIX_PATH}:/home/rasp/robot_ws/install/my_servo_controller:/opt/ros/jazzy DEBUGINFOD_URLS=https://debuginfod.ubuntu.com /usr/bin/cmake --install /home/rasp/robot_ws/build/servo_interfaces
[1.843s] Level 1:colcon.colcon_core.environment:checking '/home/rasp/robot_ws/install/servo_interfaces' for CMake config files
[1.844s] Level 1:colcon.colcon_core.shell:create_environment_hook('servo_interfaces', 'cmake_prefix_path')
[1.844s] INFO:colcon.colcon_core.shell:Creating environment hook '/home/rasp/robot_ws/install/servo_interfaces/share/servo_interfaces/hook/cmake_prefix_path.ps1'
[1.845s] INFO:colcon.colcon_core.shell:Creating environment descriptor '/home/rasp/robot_ws/install/servo_interfaces/share/servo_interfaces/hook/cmake_prefix_path.dsv'
[1.846s] INFO:colcon.colcon_core.shell:Creating environment hook '/home/rasp/robot_ws/install/servo_interfaces/share/servo_interfaces/hook/cmake_prefix_path.sh'
[1.847s] Level 1:colcon.colcon_core.environment:checking '/home/rasp/robot_ws/install/servo_interfaces/lib'
[1.847s] Level 1:colcon.colcon_core.shell:create_environment_hook('servo_interfaces', 'ld_library_path_lib')
[1.848s] INFO:colcon.colcon_core.shell:Creating environment hook '/home/rasp/robot_ws/install/servo_interfaces/share/servo_interfaces/hook/ld_library_path_lib.ps1'
[1.848s] INFO:colcon.colcon_core.shell:Creating environment descriptor '/home/rasp/robot_ws/install/servo_interfaces/share/servo_interfaces/hook/ld_library_path_lib.dsv'
[1.849s] INFO:colcon.colcon_core.shell:Creating environment hook '/home/rasp/robot_ws/install/servo_interfaces/share/servo_interfaces/hook/ld_library_path_lib.sh'
[1.850s] Level 1:colcon.colcon_core.environment:checking '/home/rasp/robot_ws/install/servo_interfaces/bin'
[1.850s] Level 1:colcon.colcon_core.environment:checking '/home/rasp/robot_ws/install/servo_interfaces/lib/pkgconfig/servo_interfaces.pc'
[1.851s] Level 1:colcon.colcon_core.environment:checking '/home/rasp/robot_ws/install/servo_interfaces/lib/python3.12/site-packages'
[1.851s] Level 1:colcon.colcon_core.shell:create_environment_hook('servo_interfaces', 'pythonpath')
[1.851s] INFO:colcon.colcon_core.shell:Creating environment hook '/home/rasp/robot_ws/install/servo_interfaces/share/servo_interfaces/hook/pythonpath.ps1'
[1.852s] INFO:colcon.colcon_core.shell:Creating environment descriptor '/home/rasp/robot_ws/install/servo_interfaces/share/servo_interfaces/hook/pythonpath.dsv'
[1.853s] INFO:colcon.colcon_core.shell:Creating environment hook '/home/rasp/robot_ws/install/servo_interfaces/share/servo_interfaces/hook/pythonpath.sh'
[1.854s] Level 1:colcon.colcon_core.environment:checking '/home/rasp/robot_ws/install/servo_interfaces/bin'
[1.855s] INFO:colcon.colcon_core.shell:Creating package script '/home/rasp/robot_ws/install/servo_interfaces/share/servo_interfaces/package.ps1'
[1.855s] INFO:colcon.colcon_core.shell:Creating package descriptor '/home/rasp/robot_ws/install/servo_interfaces/share/servo_interfaces/package.dsv'
[1.857s] INFO:colcon.colcon_core.shell:Creating package script '/home/rasp/robot_ws/install/servo_interfaces/share/servo_interfaces/package.sh'
[1.858s] INFO:colcon.colcon_core.shell:Creating package script '/home/rasp/robot_ws/install/servo_interfaces/share/servo_interfaces/package.bash'
[1.859s] INFO:colcon.colcon_core.shell:Creating package script '/home/rasp/robot_ws/install/servo_interfaces/share/servo_interfaces/package.zsh'
[1.860s] Level 1:colcon.colcon_core.environment:create_file_with_runtime_dependencies(/home/rasp/robot_ws/install/servo_interfaces/share/colcon-core/packages/servo_interfaces)
[1.861s] Level 1:colcon.colcon_core.environment:create_environment_scripts_only(servo_interfaces)
[1.862s] Level 1:colcon.colcon_core.environment:checking '/home/rasp/robot_ws/install/servo_interfaces' for CMake module files
[1.862s] Level 1:colcon.colcon_core.environment:checking '/home/rasp/robot_ws/install/servo_interfaces' for CMake config files
[1.863s] Level 1:colcon.colcon_core.shell:create_environment_hook('servo_interfaces', 'cmake_prefix_path')
[1.863s] INFO:colcon.colcon_core.shell:Creating environment hook '/home/rasp/robot_ws/install/servo_interfaces/share/servo_interfaces/hook/cmake_prefix_path.ps1'
[1.864s] INFO:colcon.colcon_core.shell:Creating environment descriptor '/home/rasp/robot_ws/install/servo_interfaces/share/servo_interfaces/hook/cmake_prefix_path.dsv'
[1.865s] INFO:colcon.colcon_core.shell:Creating environment hook '/home/rasp/robot_ws/install/servo_interfaces/share/servo_interfaces/hook/cmake_prefix_path.sh'
[1.866s] Level 1:colcon.colcon_core.environment:checking '/home/rasp/robot_ws/install/servo_interfaces/lib'
[1.866s] Level 1:colcon.colcon_core.shell:create_environment_hook('servo_interfaces', 'ld_library_path_lib')
[1.866s] INFO:colcon.colcon_core.shell:Creating environment hook '/home/rasp/robot_ws/install/servo_interfaces/share/servo_interfaces/hook/ld_library_path_lib.ps1'
[1.867s] INFO:colcon.colcon_core.shell:Creating environment descriptor '/home/rasp/robot_ws/install/servo_interfaces/share/servo_interfaces/hook/ld_library_path_lib.dsv'
[1.868s] INFO:colcon.colcon_core.shell:Creating environment hook '/home/rasp/robot_ws/install/servo_interfaces/share/servo_interfaces/hook/ld_library_path_lib.sh'
[1.872s] Level 1:colcon.colcon_core.environment:checking '/home/rasp/robot_ws/install/servo_interfaces/bin'
[1.872s] Level 1:colcon.colcon_core.environment:checking '/home/rasp/robot_ws/install/servo_interfaces/lib/pkgconfig/servo_interfaces.pc'
[1.872s] Level 1:colcon.colcon_core.environment:checking '/home/rasp/robot_ws/install/servo_interfaces/lib/python3.12/site-packages'
[1.873s] Level 1:colcon.colcon_core.shell:create_environment_hook('servo_interfaces', 'pythonpath')
[1.873s] INFO:colcon.colcon_core.shell:Creating environment hook '/home/rasp/robot_ws/install/servo_interfaces/share/servo_interfaces/hook/pythonpath.ps1'
[1.873s] INFO:colcon.colcon_core.shell:Creating environment descriptor '/home/rasp/robot_ws/install/servo_interfaces/share/servo_interfaces/hook/pythonpath.dsv'
[1.874s] INFO:colcon.colcon_core.shell:Creating environment hook '/home/rasp/robot_ws/install/servo_interfaces/share/servo_interfaces/hook/pythonpath.sh'
[1.876s] Level 1:colcon.colcon_core.environment:checking '/home/rasp/robot_ws/install/servo_interfaces/bin'
[1.876s] INFO:colcon.colcon_core.shell:Creating package script '/home/rasp/robot_ws/install/servo_interfaces/share/servo_interfaces/package.ps1'
[1.877s] INFO:colcon.colcon_core.shell:Creating package descriptor '/home/rasp/robot_ws/install/servo_interfaces/share/servo_interfaces/package.dsv'
[1.878s] INFO:colcon.colcon_core.shell:Creating package script '/home/rasp/robot_ws/install/servo_interfaces/share/servo_interfaces/package.sh'
[1.879s] INFO:colcon.colcon_core.shell:Creating package script '/home/rasp/robot_ws/install/servo_interfaces/share/servo_interfaces/package.bash'
[1.880s] INFO:colcon.colcon_core.shell:Creating package script '/home/rasp/robot_ws/install/servo_interfaces/share/servo_interfaces/package.zsh'
[1.881s] Level 1:colcon.colcon_core.environment:create_file_with_runtime_dependencies(/home/rasp/robot_ws/install/servo_interfaces/share/colcon-core/packages/servo_interfaces)
[1.882s] INFO:colcon.colcon_ros.task.ament_python.build:Building ROS package in '/home/rasp/robot_ws/src/my_servo_controller' with build type 'ament_python'
[1.883s] Level 1:colcon.colcon_core.shell:create_environment_hook('my_servo_controller', 'ament_prefix_path')
[1.883s] INFO:colcon.colcon_core.shell:Creating environment hook '/home/rasp/robot_ws/install/my_servo_controller/share/my_servo_controller/hook/ament_prefix_path.ps1'
[1.885s] INFO:colcon.colcon_core.shell:Creating environment descriptor '/home/rasp/robot_ws/install/my_servo_controller/share/my_servo_controller/hook/ament_prefix_path.dsv'
[1.886s] INFO:colcon.colcon_core.shell:Creating environment hook '/home/rasp/robot_ws/install/my_servo_controller/share/my_servo_controller/hook/ament_prefix_path.sh'
[1.887s] INFO:colcon.colcon_core.shell:Skip shell extension 'powershell' for command environment: Not usable outside of PowerShell
[1.887s] DEBUG:colcon.colcon_core.shell:Skip shell extension 'dsv' for command environment
[2.314s] INFO:colcon.colcon_core.task.python.build:Building Python package in '/home/rasp/robot_ws/src/my_servo_controller'
[2.314s] INFO:colcon.colcon_core.shell:Skip shell extension 'powershell' for command environment: Not usable outside of PowerShell
[2.314s] DEBUG:colcon.colcon_core.shell:Skip shell extension 'dsv' for command environment
[3.278s] DEBUG:colcon.colcon_core.event_handler.log_command:Invoking command in '/home/rasp/robot_ws/src/my_servo_controller': DEBUGINFOD_URLS=https://debuginfod.ubuntu.com PYTHONPATH=/home/rasp/robot_ws/build/my_servo_controller/prefix_override:/usr/lib/python3/dist-packages/colcon_core/task/python/colcon_distutils_commands:/home/rasp/robot_ws/install/my_servo_controller/lib/python3.12/site-packages:/home/rasp/robot_ws/install/servo_interfaces/lib/python3.12/site-packages:/home/rasp/robot_ws/install/my_servo_controller/lib/python3.12/site-packages:/home/rasp/robot_ws/install/ros2_pca9685/lib/python3.12/site-packages:/opt/ros/jazzy/lib/python3.12/site-packages /usr/bin/python3 -W ignore:setup.py install is deprecated -W ignore:easy_install command is deprecated setup.py egg_info --egg-base ../../build/my_servo_controller build --build-base /home/rasp/robot_ws/build/my_servo_controller/build install --record /home/rasp/robot_ws/build/my_servo_controller/install.log --single-version-externally-managed install_data
[4.154s] Level 1:colcon.colcon_core.environment:checking '/home/rasp/robot_ws/install/my_servo_controller' for CMake module files
[4.155s] DEBUG:colcon.colcon_core.event_handler.log_command:Invoked command in '/home/rasp/robot_ws/src/my_servo_controller' returned '0': DEBUGINFOD_URLS=https://debuginfod.ubuntu.com PYTHONPATH=/home/rasp/robot_ws/build/my_servo_controller/prefix_override:/usr/lib/python3/dist-packages/colcon_core/task/python/colcon_distutils_commands:/home/rasp/robot_ws/install/my_servo_controller/lib/python3.12/site-packages:/home/rasp/robot_ws/install/servo_interfaces/lib/python3.12/site-packages:/home/rasp/robot_ws/install/my_servo_controller/lib/python3.12/site-packages:/home/rasp/robot_ws/install/ros2_pca9685/lib/python3.12/site-packages:/opt/ros/jazzy/lib/python3.12/site-packages /usr/bin/python3 -W ignore:setup.py install is deprecated -W ignore:easy_install command is deprecated setup.py egg_info --egg-base ../../build/my_servo_controller build --build-base /home/rasp/robot_ws/build/my_servo_controller/build install --record /home/rasp/robot_ws/build/my_servo_controller/install.log --single-version-externally-managed install_data
[4.155s] Level 1:colcon.colcon_core.environment:checking '/home/rasp/robot_ws/install/my_servo_controller' for CMake config files
[4.156s] Level 1:colcon.colcon_core.environment:checking '/home/rasp/robot_ws/install/my_servo_controller/lib'
[4.156s] Level 1:colcon.colcon_core.environment:checking '/home/rasp/robot_ws/install/my_servo_controller/bin'
[4.156s] Level 1:colcon.colcon_core.environment:checking '/home/rasp/robot_ws/install/my_servo_controller/lib/pkgconfig/my_servo_controller.pc'
[4.157s] Level 1:colcon.colcon_core.environment:checking '/home/rasp/robot_ws/install/my_servo_controller/lib/python3.12/site-packages'
[4.157s] Level 1:colcon.colcon_core.shell:create_environment_hook('my_servo_controller', 'pythonpath')
[4.157s] INFO:colcon.colcon_core.shell:Creating environment hook '/home/rasp/robot_ws/install/my_servo_controller/share/my_servo_controller/hook/pythonpath.ps1'
[4.158s] INFO:colcon.colcon_core.shell:Creating environment descriptor '/home/rasp/robot_ws/install/my_servo_controller/share/my_servo_controller/hook/pythonpath.dsv'
[4.159s] INFO:colcon.colcon_core.shell:Creating environment hook '/home/rasp/robot_ws/install/my_servo_controller/share/my_servo_controller/hook/pythonpath.sh'
[4.160s] Level 1:colcon.colcon_core.environment:checking '/home/rasp/robot_ws/install/my_servo_controller/bin'
[4.160s] Level 1:colcon.colcon_core.environment:create_environment_scripts_only(my_servo_controller)
[4.161s] INFO:colcon.colcon_core.shell:Creating package script '/home/rasp/robot_ws/install/my_servo_controller/share/my_servo_controller/package.ps1'
[4.161s] INFO:colcon.colcon_core.shell:Creating package descriptor '/home/rasp/robot_ws/install/my_servo_controller/share/my_servo_controller/package.dsv'
[4.162s] INFO:colcon.colcon_core.shell:Creating package script '/home/rasp/robot_ws/install/my_servo_controller/share/my_servo_controller/package.sh'
[4.163s] INFO:colcon.colcon_core.shell:Creating package script '/home/rasp/robot_ws/install/my_servo_controller/share/my_servo_controller/package.bash'
[4.164s] INFO:colcon.colcon_core.shell:Creating package script '/home/rasp/robot_ws/install/my_servo_controller/share/my_servo_controller/package.zsh'
[4.165s] Level 1:colcon.colcon_core.environment:create_file_with_runtime_dependencies(/home/rasp/robot_ws/install/my_servo_controller/share/colcon-core/packages/my_servo_controller)
[4.169s] DEBUG:colcon.colcon_parallel_executor.executor.parallel:closing loop
[4.170s] DEBUG:colcon.colcon_parallel_executor.executor.parallel:loop closed
[4.170s] DEBUG:colcon.colcon_parallel_executor.executor.parallel:run_until_complete finished with '0'
[4.170s] DEBUG:colcon.colcon_core.event_reactor:joining thread
[4.180s] INFO:colcon.colcon_core.plugin_system:Skipping extension 'colcon_notification.desktop_notification.terminal_notifier': Not used on non-Darwin systems
[4.180s] INFO:colcon.colcon_core.plugin_system:Skipping extension 'colcon_notification.desktop_notification.win32': Not used on non-Windows systems
[4.180s] INFO:colcon.colcon_notification.desktop_notification:Sending desktop notification using 'notify2'
[4.200s] DEBUG:colcon.colcon_core.event_reactor:joined thread
[4.201s] INFO:colcon.colcon_core.shell:Creating prefix script '/home/rasp/robot_ws/install/local_setup.ps1'
[4.202s] INFO:colcon.colcon_core.shell:Creating prefix util module '/home/rasp/robot_ws/install/_local_setup_util_ps1.py'
[4.204s] INFO:colcon.colcon_core.shell:Creating prefix chain script '/home/rasp/robot_ws/install/setup.ps1'
[4.207s] INFO:colcon.colcon_core.shell:Creating prefix script '/home/rasp/robot_ws/install/local_setup.sh'
[4.208s] INFO:colcon.colcon_core.shell:Creating prefix util module '/home/rasp/robot_ws/install/_local_setup_util_sh.py'
[4.211s] INFO:colcon.colcon_core.shell:Creating prefix chain script '/home/rasp/robot_ws/install/setup.sh'
[4.214s] INFO:colcon.colcon_core.shell:Creating prefix script '/home/rasp/robot_ws/install/local_setup.bash'
[4.215s] INFO:colcon.colcon_core.shell:Creating prefix chain script '/home/rasp/robot_ws/install/setup.bash'
[4.217s] INFO:colcon.colcon_core.shell:Creating prefix script '/home/rasp/robot_ws/install/local_setup.zsh'
[4.218s] INFO:colcon.colcon_core.shell:Creating prefix chain script '/home/rasp/robot_ws/install/setup.zsh'
