[0.017s] Invoking command in '/home/rasp/humanoid/robot_ws/build/ros_gz_h1_bringup': AMENT_PREFIX_PATH=/home/rasp/humanoid/robot_ws/install/ros_gz_h1_gazebo:/home/rasp/humanoid/robot_ws/install/ros_gz_h1_description:${AMENT_PREFIX_PATH} CMAKE_PREFIX_PATH=/home/rasp/humanoid/robot_ws/install/ros_gz_h1_gazebo:/home/rasp/humanoid/robot_ws/install/ros_gz_h1_description:/opt/ros/jazzy/opt/gz_sim_vendor:/opt/ros/jazzy/opt/gz_sensors_vendor:/opt/ros/jazzy/opt/gz_physics_vendor:/opt/ros/jazzy/opt/sdformat_vendor:/opt/ros/jazzy/opt/gz_gui_vendor:/opt/ros/jazzy/opt/gz_transport_vendor:/opt/ros/jazzy/opt/gz_rendering_vendor:/opt/ros/jazzy/opt/gz_plugin_vendor:/opt/ros/jazzy/opt/gz_fuel_tools_vendor:/opt/ros/jazzy/opt/gz_msgs_vendor:/opt/ros/jazzy/opt/gz_common_vendor:/opt/ros/jazzy/opt/gz_math_vendor:/opt/ros/jazzy/opt/gz_utils_vendor:/opt/ros/jazzy/opt/gz_tools_vendor:/opt/ros/jazzy/opt/gz_ogre_next_vendor:/opt/ros/jazzy/opt/gz_dartsim_vendor:/opt/ros/jazzy/opt/gz_cmake_vendor:/opt/ros/jazzy DEBUGINFOD_URLS=https://debuginfod.ubuntu.com GZ_SIM_PLUGIN_PATH=/home/rasp/humanoid/robot_ws/install/ros_gz_h1_gazebo/lib/ros_gz_h1_gazebo GZ_SIM_RESOURCE_PATH=/home/rasp/humanoid/robot_ws/install/ros_gz_h1_gazebo/share/ros_gz_h1_gazebo/worlds:/home/rasp/humanoid/robot_ws/install/ros_gz_h1_description/share/ros_gz_h1_description/models:${GZ_SIM_RESOURCE_PATH} /usr/bin/cmake /home/rasp/humanoid/robot_ws/src/ros2_heinz/h1_gazebo_sim/ros_gz_h1_bringup -DCMAKE_INSTALL_PREFIX=/home/rasp/humanoid/robot_ws/install/ros_gz_h1_bringup
[0.157s] -- The C compiler identification is GNU 13.3.0
[0.291s] -- The CXX compiler identification is GNU 13.3.0
[0.329s] -- Detecting C compiler ABI info
[0.534s] -- Detecting C compiler ABI info - done
[0.552s] -- Check for working C compiler: /usr/bin/cc - skipped
[0.553s] -- Detecting C compile features
[0.553s] -- Detecting C compile features - done
[0.572s] -- Detecting CXX compiler ABI info
[0.794s] -- Detecting CXX compiler ABI info - done
[0.811s] -- Check for working CXX compiler: /usr/bin/c++ - skipped
[0.812s] -- Detecting CXX compile features
[0.812s] -- Detecting CXX compile features - done
[0.820s] -- Found ament_cmake: 2.5.5 (/opt/ros/jazzy/share/ament_cmake/cmake)
[1.111s] -- Found Python3: /usr/bin/python3 (found version "3.12.3") found components: Interpreter 
[1.391s] -- Found ros_gz_h1_description: 0.0.0 (/home/rasp/humanoid/robot_ws/install/ros_gz_h1_description/share/ros_gz_h1_description/cmake)
[1.391s] -- Found ros_gz_h1_gazebo: 0.0.0 (/home/rasp/humanoid/robot_ws/install/ros_gz_h1_gazebo/share/ros_gz_h1_gazebo/cmake)
[1.400s] -- Found ament_lint_auto: 0.17.4 (/opt/ros/jazzy/share/ament_lint_auto/cmake)
[1.589s] -- Configuring done (1.6s)
[1.593s] -- Generating done (0.0s)
[1.596s] -- Build files have been written to: /home/rasp/humanoid/robot_ws/build/ros_gz_h1_bringup
[1.607s] Invoked command in '/home/rasp/humanoid/robot_ws/build/ros_gz_h1_bringup' returned '0': AMENT_PREFIX_PATH=/home/rasp/humanoid/robot_ws/install/ros_gz_h1_gazebo:/home/rasp/humanoid/robot_ws/install/ros_gz_h1_description:${AMENT_PREFIX_PATH} CMAKE_PREFIX_PATH=/home/rasp/humanoid/robot_ws/install/ros_gz_h1_gazebo:/home/rasp/humanoid/robot_ws/install/ros_gz_h1_description:/opt/ros/jazzy/opt/gz_sim_vendor:/opt/ros/jazzy/opt/gz_sensors_vendor:/opt/ros/jazzy/opt/gz_physics_vendor:/opt/ros/jazzy/opt/sdformat_vendor:/opt/ros/jazzy/opt/gz_gui_vendor:/opt/ros/jazzy/opt/gz_transport_vendor:/opt/ros/jazzy/opt/gz_rendering_vendor:/opt/ros/jazzy/opt/gz_plugin_vendor:/opt/ros/jazzy/opt/gz_fuel_tools_vendor:/opt/ros/jazzy/opt/gz_msgs_vendor:/opt/ros/jazzy/opt/gz_common_vendor:/opt/ros/jazzy/opt/gz_math_vendor:/opt/ros/jazzy/opt/gz_utils_vendor:/opt/ros/jazzy/opt/gz_tools_vendor:/opt/ros/jazzy/opt/gz_ogre_next_vendor:/opt/ros/jazzy/opt/gz_dartsim_vendor:/opt/ros/jazzy/opt/gz_cmake_vendor:/opt/ros/jazzy DEBUGINFOD_URLS=https://debuginfod.ubuntu.com GZ_SIM_PLUGIN_PATH=/home/rasp/humanoid/robot_ws/install/ros_gz_h1_gazebo/lib/ros_gz_h1_gazebo GZ_SIM_RESOURCE_PATH=/home/rasp/humanoid/robot_ws/install/ros_gz_h1_gazebo/share/ros_gz_h1_gazebo/worlds:/home/rasp/humanoid/robot_ws/install/ros_gz_h1_description/share/ros_gz_h1_description/models:${GZ_SIM_RESOURCE_PATH} /usr/bin/cmake /home/rasp/humanoid/robot_ws/src/ros2_heinz/h1_gazebo_sim/ros_gz_h1_bringup -DCMAKE_INSTALL_PREFIX=/home/rasp/humanoid/robot_ws/install/ros_gz_h1_bringup
[1.610s] Invoking command in '/home/rasp/humanoid/robot_ws/build/ros_gz_h1_bringup': AMENT_PREFIX_PATH=/home/rasp/humanoid/robot_ws/install/ros_gz_h1_gazebo:/home/rasp/humanoid/robot_ws/install/ros_gz_h1_description:${AMENT_PREFIX_PATH} CMAKE_PREFIX_PATH=/home/rasp/humanoid/robot_ws/install/ros_gz_h1_gazebo:/home/rasp/humanoid/robot_ws/install/ros_gz_h1_description:/opt/ros/jazzy/opt/gz_sim_vendor:/opt/ros/jazzy/opt/gz_sensors_vendor:/opt/ros/jazzy/opt/gz_physics_vendor:/opt/ros/jazzy/opt/sdformat_vendor:/opt/ros/jazzy/opt/gz_gui_vendor:/opt/ros/jazzy/opt/gz_transport_vendor:/opt/ros/jazzy/opt/gz_rendering_vendor:/opt/ros/jazzy/opt/gz_plugin_vendor:/opt/ros/jazzy/opt/gz_fuel_tools_vendor:/opt/ros/jazzy/opt/gz_msgs_vendor:/opt/ros/jazzy/opt/gz_common_vendor:/opt/ros/jazzy/opt/gz_math_vendor:/opt/ros/jazzy/opt/gz_utils_vendor:/opt/ros/jazzy/opt/gz_tools_vendor:/opt/ros/jazzy/opt/gz_ogre_next_vendor:/opt/ros/jazzy/opt/gz_dartsim_vendor:/opt/ros/jazzy/opt/gz_cmake_vendor:/opt/ros/jazzy DEBUGINFOD_URLS=https://debuginfod.ubuntu.com GZ_SIM_PLUGIN_PATH=/home/rasp/humanoid/robot_ws/install/ros_gz_h1_gazebo/lib/ros_gz_h1_gazebo GZ_SIM_RESOURCE_PATH=/home/rasp/humanoid/robot_ws/install/ros_gz_h1_gazebo/share/ros_gz_h1_gazebo/worlds:/home/rasp/humanoid/robot_ws/install/ros_gz_h1_description/share/ros_gz_h1_description/models:${GZ_SIM_RESOURCE_PATH} /usr/bin/cmake --build /home/rasp/humanoid/robot_ws/build/ros_gz_h1_bringup -- -j4 -l4
[1.713s] Invoked command in '/home/rasp/humanoid/robot_ws/build/ros_gz_h1_bringup' returned '0': AMENT_PREFIX_PATH=/home/rasp/humanoid/robot_ws/install/ros_gz_h1_gazebo:/home/rasp/humanoid/robot_ws/install/ros_gz_h1_description:${AMENT_PREFIX_PATH} CMAKE_PREFIX_PATH=/home/rasp/humanoid/robot_ws/install/ros_gz_h1_gazebo:/home/rasp/humanoid/robot_ws/install/ros_gz_h1_description:/opt/ros/jazzy/opt/gz_sim_vendor:/opt/ros/jazzy/opt/gz_sensors_vendor:/opt/ros/jazzy/opt/gz_physics_vendor:/opt/ros/jazzy/opt/sdformat_vendor:/opt/ros/jazzy/opt/gz_gui_vendor:/opt/ros/jazzy/opt/gz_transport_vendor:/opt/ros/jazzy/opt/gz_rendering_vendor:/opt/ros/jazzy/opt/gz_plugin_vendor:/opt/ros/jazzy/opt/gz_fuel_tools_vendor:/opt/ros/jazzy/opt/gz_msgs_vendor:/opt/ros/jazzy/opt/gz_common_vendor:/opt/ros/jazzy/opt/gz_math_vendor:/opt/ros/jazzy/opt/gz_utils_vendor:/opt/ros/jazzy/opt/gz_tools_vendor:/opt/ros/jazzy/opt/gz_ogre_next_vendor:/opt/ros/jazzy/opt/gz_dartsim_vendor:/opt/ros/jazzy/opt/gz_cmake_vendor:/opt/ros/jazzy DEBUGINFOD_URLS=https://debuginfod.ubuntu.com GZ_SIM_PLUGIN_PATH=/home/rasp/humanoid/robot_ws/install/ros_gz_h1_gazebo/lib/ros_gz_h1_gazebo GZ_SIM_RESOURCE_PATH=/home/rasp/humanoid/robot_ws/install/ros_gz_h1_gazebo/share/ros_gz_h1_gazebo/worlds:/home/rasp/humanoid/robot_ws/install/ros_gz_h1_description/share/ros_gz_h1_description/models:${GZ_SIM_RESOURCE_PATH} /usr/bin/cmake --build /home/rasp/humanoid/robot_ws/build/ros_gz_h1_bringup -- -j4 -l4
[1.716s] Invoking command in '/home/rasp/humanoid/robot_ws/build/ros_gz_h1_bringup': AMENT_PREFIX_PATH=/home/rasp/humanoid/robot_ws/install/ros_gz_h1_gazebo:/home/rasp/humanoid/robot_ws/install/ros_gz_h1_description:${AMENT_PREFIX_PATH} CMAKE_PREFIX_PATH=/home/rasp/humanoid/robot_ws/install/ros_gz_h1_gazebo:/home/rasp/humanoid/robot_ws/install/ros_gz_h1_description:/opt/ros/jazzy/opt/gz_sim_vendor:/opt/ros/jazzy/opt/gz_sensors_vendor:/opt/ros/jazzy/opt/gz_physics_vendor:/opt/ros/jazzy/opt/sdformat_vendor:/opt/ros/jazzy/opt/gz_gui_vendor:/opt/ros/jazzy/opt/gz_transport_vendor:/opt/ros/jazzy/opt/gz_rendering_vendor:/opt/ros/jazzy/opt/gz_plugin_vendor:/opt/ros/jazzy/opt/gz_fuel_tools_vendor:/opt/ros/jazzy/opt/gz_msgs_vendor:/opt/ros/jazzy/opt/gz_common_vendor:/opt/ros/jazzy/opt/gz_math_vendor:/opt/ros/jazzy/opt/gz_utils_vendor:/opt/ros/jazzy/opt/gz_tools_vendor:/opt/ros/jazzy/opt/gz_ogre_next_vendor:/opt/ros/jazzy/opt/gz_dartsim_vendor:/opt/ros/jazzy/opt/gz_cmake_vendor:/opt/ros/jazzy DEBUGINFOD_URLS=https://debuginfod.ubuntu.com GZ_SIM_PLUGIN_PATH=/home/rasp/humanoid/robot_ws/install/ros_gz_h1_gazebo/lib/ros_gz_h1_gazebo GZ_SIM_RESOURCE_PATH=/home/rasp/humanoid/robot_ws/install/ros_gz_h1_gazebo/share/ros_gz_h1_gazebo/worlds:/home/rasp/humanoid/robot_ws/install/ros_gz_h1_description/share/ros_gz_h1_description/models:${GZ_SIM_RESOURCE_PATH} /usr/bin/cmake --install /home/rasp/humanoid/robot_ws/build/ros_gz_h1_bringup
[1.737s] -- Install configuration: ""
[1.738s] -- Installing: /home/rasp/humanoid/robot_ws/install/ros_gz_h1_bringup/share/ros_gz_h1_bringup/launch
[1.738s] -- Installing: /home/rasp/humanoid/robot_ws/install/ros_gz_h1_bringup/share/ros_gz_h1_bringup/launch/h1_gazebo_sim.launch.py
[1.738s] -- Installing: /home/rasp/humanoid/robot_ws/install/ros_gz_h1_bringup/share/ros_gz_h1_bringup/launch/h1_gazebo_sim_torque_ctrl.launch.py
[1.738s] -- Installing: /home/rasp/humanoid/robot_ws/install/ros_gz_h1_bringup/share/ros_gz_h1_bringup/launch/h1_rviz.launch.py
[1.738s] -- Installing: /home/rasp/humanoid/robot_ws/install/ros_gz_h1_bringup/share/ros_gz_h1_bringup/config
[1.738s] -- Installing: /home/rasp/humanoid/robot_ws/install/ros_gz_h1_bringup/share/ros_gz_h1_bringup/config/ros_gz_h1_bridge.yaml
[1.738s] -- Installing: /home/rasp/humanoid/robot_ws/install/ros_gz_h1_bringup/share/ros_gz_h1_bringup/config/check_joints_gz.rviz
[1.739s] -- Installing: /home/rasp/humanoid/robot_ws/install/ros_gz_h1_bringup/share/ros_gz_h1_bringup/config/check_joints.rviz
[1.739s] -- Installing: /home/rasp/humanoid/robot_ws/install/ros_gz_h1_bringup/share/ros_gz_h1_bringup/config/ros_gz_h1_bridge_torque_ctrl.yaml
[1.739s] -- Installing: /home/rasp/humanoid/robot_ws/install/ros_gz_h1_bringup/share/ament_index/resource_index/package_run_dependencies/ros_gz_h1_bringup
[1.739s] -- Installing: /home/rasp/humanoid/robot_ws/install/ros_gz_h1_bringup/share/ament_index/resource_index/parent_prefix_path/ros_gz_h1_bringup
[1.739s] -- Installing: /home/rasp/humanoid/robot_ws/install/ros_gz_h1_bringup/share/ros_gz_h1_bringup/environment/ament_prefix_path.sh
[1.740s] -- Installing: /home/rasp/humanoid/robot_ws/install/ros_gz_h1_bringup/share/ros_gz_h1_bringup/environment/ament_prefix_path.dsv
[1.740s] -- Installing: /home/rasp/humanoid/robot_ws/install/ros_gz_h1_bringup/share/ros_gz_h1_bringup/environment/path.sh
[1.740s] -- Installing: /home/rasp/humanoid/robot_ws/install/ros_gz_h1_bringup/share/ros_gz_h1_bringup/environment/path.dsv
[1.740s] -- Installing: /home/rasp/humanoid/robot_ws/install/ros_gz_h1_bringup/share/ros_gz_h1_bringup/local_setup.bash
[1.740s] -- Installing: /home/rasp/humanoid/robot_ws/install/ros_gz_h1_bringup/share/ros_gz_h1_bringup/local_setup.sh
[1.741s] -- Installing: /home/rasp/humanoid/robot_ws/install/ros_gz_h1_bringup/share/ros_gz_h1_bringup/local_setup.zsh
[1.741s] -- Installing: /home/rasp/humanoid/robot_ws/install/ros_gz_h1_bringup/share/ros_gz_h1_bringup/local_setup.dsv
[1.741s] -- Installing: /home/rasp/humanoid/robot_ws/install/ros_gz_h1_bringup/share/ros_gz_h1_bringup/package.dsv
[1.741s] -- Installing: /home/rasp/humanoid/robot_ws/install/ros_gz_h1_bringup/share/ament_index/resource_index/packages/ros_gz_h1_bringup
[1.741s] -- Installing: /home/rasp/humanoid/robot_ws/install/ros_gz_h1_bringup/share/ros_gz_h1_bringup/cmake/ros_gz_h1_bringupConfig.cmake
[1.742s] -- Installing: /home/rasp/humanoid/robot_ws/install/ros_gz_h1_bringup/share/ros_gz_h1_bringup/cmake/ros_gz_h1_bringupConfig-version.cmake
[1.742s] -- Installing: /home/rasp/humanoid/robot_ws/install/ros_gz_h1_bringup/share/ros_gz_h1_bringup/package.xml
[1.746s] Invoked command in '/home/rasp/humanoid/robot_ws/build/ros_gz_h1_bringup' returned '0': AMENT_PREFIX_PATH=/home/rasp/humanoid/robot_ws/install/ros_gz_h1_gazebo:/home/rasp/humanoid/robot_ws/install/ros_gz_h1_description:${AMENT_PREFIX_PATH} CMAKE_PREFIX_PATH=/home/rasp/humanoid/robot_ws/install/ros_gz_h1_gazebo:/home/rasp/humanoid/robot_ws/install/ros_gz_h1_description:/opt/ros/jazzy/opt/gz_sim_vendor:/opt/ros/jazzy/opt/gz_sensors_vendor:/opt/ros/jazzy/opt/gz_physics_vendor:/opt/ros/jazzy/opt/sdformat_vendor:/opt/ros/jazzy/opt/gz_gui_vendor:/opt/ros/jazzy/opt/gz_transport_vendor:/opt/ros/jazzy/opt/gz_rendering_vendor:/opt/ros/jazzy/opt/gz_plugin_vendor:/opt/ros/jazzy/opt/gz_fuel_tools_vendor:/opt/ros/jazzy/opt/gz_msgs_vendor:/opt/ros/jazzy/opt/gz_common_vendor:/opt/ros/jazzy/opt/gz_math_vendor:/opt/ros/jazzy/opt/gz_utils_vendor:/opt/ros/jazzy/opt/gz_tools_vendor:/opt/ros/jazzy/opt/gz_ogre_next_vendor:/opt/ros/jazzy/opt/gz_dartsim_vendor:/opt/ros/jazzy/opt/gz_cmake_vendor:/opt/ros/jazzy DEBUGINFOD_URLS=https://debuginfod.ubuntu.com GZ_SIM_PLUGIN_PATH=/home/rasp/humanoid/robot_ws/install/ros_gz_h1_gazebo/lib/ros_gz_h1_gazebo GZ_SIM_RESOURCE_PATH=/home/rasp/humanoid/robot_ws/install/ros_gz_h1_gazebo/share/ros_gz_h1_gazebo/worlds:/home/rasp/humanoid/robot_ws/install/ros_gz_h1_description/share/ros_gz_h1_description/models:${GZ_SIM_RESOURCE_PATH} /usr/bin/cmake --install /home/rasp/humanoid/robot_ws/build/ros_gz_h1_bringup
