[0.015s] Invoking command in '/home/rasp/humanoid/robot_ws/build/ros_gz_h1_gazebo': CMAKE_PREFIX_PATH=/home/rasp/humanoid/robot_ws/install/ros_gz_h1_description:/home/rasp/humanoid/robot_ws/install/servo_interfaces:/home/rasp/humanoid/robot_ws/install/ros_gz_h1_bringup:/home/rasp/humanoid/robot_ws/install/ros_gz_h1_gazebo:/opt/ros/jazzy/opt/gz_sim_vendor:/opt/ros/jazzy/opt/gz_sensors_vendor:/opt/ros/jazzy/opt/gz_physics_vendor:/opt/ros/jazzy/opt/sdformat_vendor:/opt/ros/jazzy/opt/gz_gui_vendor:/opt/ros/jazzy/opt/gz_transport_vendor:/opt/ros/jazzy/opt/gz_rendering_vendor:/opt/ros/jazzy/opt/gz_plugin_vendor:/opt/ros/jazzy/opt/gz_fuel_tools_vendor:/opt/ros/jazzy/opt/gz_msgs_vendor:/opt/ros/jazzy/opt/gz_common_vendor:/opt/ros/jazzy/opt/gz_math_vendor:/opt/ros/jazzy/opt/gz_utils_vendor:/opt/ros/jazzy/opt/gz_tools_vendor:/opt/ros/jazzy/opt/gz_ogre_next_vendor:/opt/ros/jazzy/opt/gz_dartsim_vendor:/opt/ros/jazzy/opt/gz_cmake_vendor:/home/rasp/humanoid/robot_ws/install/my_servo_controller:/home/rasp/humanoid/robot_ws/install/ros_gz_h1_controller:/opt/ros/jazzy DEBUGINFOD_URLS=https://debuginfod.ubuntu.com GZ_SIM_RESOURCE_PATH=/home/rasp/humanoid/robot_ws/install/ros_gz_h1_description/share/ros_gz_h1_description/models:${GZ_SIM_RESOURCE_PATH} /usr/bin/cmake /home/rasp/humanoid/robot_ws/src/ros2_heinz/h1_gazebo_sim/ros_gz_h1_gazebo -DCMAKE_INSTALL_PREFIX=/home/rasp/humanoid/robot_ws/install/ros_gz_h1_gazebo
[0.126s] -- The C compiler identification is GNU 13.3.0
[0.231s] -- The CXX compiler identification is GNU 13.3.0
[0.260s] -- Detecting C compiler ABI info
[0.436s] -- Detecting C compiler ABI info - done
[0.450s] -- Check for working C compiler: /usr/bin/cc - skipped
[0.451s] -- Detecting C compile features
[0.451s] -- Detecting C compile features - done
[0.466s] -- Detecting CXX compiler ABI info
[0.656s] -- Detecting CXX compiler ABI info - done
[0.671s] -- Check for working CXX compiler: /usr/bin/c++ - skipped
[0.671s] -- Detecting CXX compile features
[0.672s] -- Detecting CXX compile features - done
[0.679s] -- Found ament_cmake: 2.5.5 (/opt/ros/jazzy/share/ament_cmake/cmake)
[0.948s] -- Found Python3: /usr/bin/python3 (found version "3.12.3") found components: Interpreter 
[1.169s] -- Found ros_gz_h1_description: 0.0.0 (/home/rasp/humanoid/robot_ws/install/ros_gz_h1_description/share/ros_gz_h1_description/cmake)
[1.198s] -- Looking for gz-plugin2 -- found version 2.0.4
[1.200s] -- Searching for dependencies of gz-plugin2
[1.204s] -- Looking for gz-utils2 -- found version 2.2.1
[1.205s] -- Searching for dependencies of gz-utils2
[1.207s] -- Searching for <gz-utils2> component [cli]
[1.212s] -- Looking for gz-utils2-cli -- found version 2.2.1
[1.212s] -- Searching for dependencies of gz-utils2-cli
[1.216s] -- Searching for <gz-plugin2> component [register]
[1.219s] -- Looking for gz-plugin2-register -- found version 2.0.4
[1.219s] -- Searching for dependencies of gz-plugin2-register
[1.226s] -- Looking for gz-common5 -- found version 5.7.1
[1.226s] -- Searching for dependencies of gz-common5
[1.226s] -- Looking for gz-utils2 -- found version 2.2.1
[1.233s] -- Looking for dlfcn.h - found
[1.242s] -- Looking for libdl - found
[1.244s] -- Found DL: TRUE  
[1.259s] -- Checking for module 'uuid'
[1.297s] --   Found uuid, version 2.39.3
[1.359s] -- Found UUID: TRUE  
[1.361s] -- Searching for <gz-common5> component [profiler]
[1.365s] -- Looking for gz-common5-profiler -- found version 5.7.1
[1.365s] -- Searching for dependencies of gz-common5-profiler
[1.390s] -- Looking for gz-sim8 -- found version 8.10.0
[1.390s] -- Searching for dependencies of gz-sim8
[1.393s] -- Looking for sdformat14 -- found version 14.8.0
[1.393s] -- Searching for dependencies of sdformat14
[1.402s] -- Checking for module 'tinyxml2'
[1.432s] --   Found tinyxml2, version 10.0.0
[1.499s] -- Looking for gz-math7 -- found version 7.5.2
[1.500s] -- Searching for dependencies of gz-math7
[1.500s] -- Looking for gz-utils2 -- found version 2.2.1
[1.503s] -- Looking for gz-utils2 -- found version 2.2.1
[1.506s] -- Looking for gz-plugin2 -- found version 2.0.4
[1.506s] -- Searching for dependencies of gz-plugin2
[1.506s] -- Looking for gz-utils2 -- found version 2.2.1
[1.507s] -- Searching for <gz-plugin2> component [loader]
[1.510s] -- Looking for gz-plugin2-loader -- found version 2.0.4
[1.511s] -- Searching for dependencies of gz-plugin2-loader
[1.512s] -- Searching for <gz-plugin2> component [register]
[1.516s] -- Looking for gz-transport13 -- found version 13.5.0
[1.517s] -- Searching for dependencies of gz-transport13
[1.814s] -- Found Protobuf: /usr/lib/aarch64-linux-gnu/libprotobuf.so (found version "3.21.12") 
[1.829s] -- Config-file not installed for ZeroMQ -- checking for pkg-config
[1.837s] -- Checking for module 'libzmq >= 4'
[1.865s] --   Found libzmq, version 4.3.5
[1.953s] -- Found ZeroMQ: TRUE (Required is at least version "4") 
[1.969s] -- Looking for gz-utils2 -- found version 2.2.1
[1.973s] -- Looking for gz-msgs10 -- found version 10.3.2
[1.974s] -- Searching for dependencies of gz-msgs10
[2.002s] -- Looking for gz-utils2 -- found version 2.2.1
[2.003s] -- Looking for gz-math7 -- found version 7.5.2
[2.019s] -- Searching for <gz-transport13> component [log]
[2.023s] -- Looking for gz-transport13-log -- found version 13.5.0
[2.023s] -- Searching for dependencies of gz-transport13-log
[2.024s] -- Searching for <gz-transport13> component [parameters]
[2.027s] -- Looking for gz-transport13-parameters -- found version 13.5.0
[2.028s] -- Searching for dependencies of gz-transport13-parameters
[2.030s] -- Looking for gz-msgs10 -- found version 10.3.2
[2.031s] -- Looking for gz-common5 -- found version 5.7.1
[2.031s] -- Searching for dependencies of gz-common5
[2.031s] -- Looking for gz-utils2 -- found version 2.2.1
[2.032s] -- Looking for dlfcn.h - found
[2.032s] -- Looking for libdl - found
[2.045s] -- Searching for <gz-common5> component [av]
[2.049s] -- Looking for gz-common5-av -- found version 5.7.1
[2.050s] -- Searching for dependencies of gz-common5-av
[2.059s] -- Checking for module 'libswscale'
[2.089s] --   Found libswscale, version 7.5.100
[2.158s] -- Found SWSCALE: TRUE  
[2.168s] -- Checking for module 'libavdevice >= 56.4.100'
[2.197s] --   Found libavdevice, version 60.3.100
[2.286s] -- Found AVDEVICE: TRUE (Required is at least version "56.4.100") 
[2.296s] -- Checking for module 'libavformat'
[2.325s] --   Found libavformat, version 60.16.100
[2.399s] -- Found AVFORMAT: TRUE  
[2.409s] -- Checking for module 'libavcodec'
[2.438s] --   Found libavcodec, version 60.31.102
[2.510s] -- Found AVCODEC: TRUE  
[2.520s] -- Checking for module 'libavutil'
[2.548s] --   Found libavutil, version 58.29.100
[2.614s] -- Found AVUTIL: TRUE  
[2.616s] -- Searching for <gz-common5> component [events]
[2.621s] -- Looking for gz-common5-events -- found version 5.7.1
[2.621s] -- Searching for dependencies of gz-common5-events
[2.622s] -- Looking for gz-math7 -- found version 7.5.2
[2.623s] -- Searching for <gz-common5> component [graphics]
[2.627s] -- Looking for gz-common5-graphics -- found version 5.7.1
[2.628s] -- Searching for dependencies of gz-common5-graphics
[2.628s] -- Looking for gz-math7 -- found version 7.5.2
[2.641s] -- Found GzAssimp: TRUE (found version "5.3.0") 
[2.642s] -- Searching for <gz-common5> component [io]
[2.646s] -- Looking for gz-common5-io -- found version 5.7.1
[2.646s] -- Searching for dependencies of gz-common5-io
[2.648s] -- Searching for <gz-common5> component [profiler]
[2.652s] -- Looking for gz-fuel_tools9 -- found version 9.1.1
[2.652s] -- Searching for dependencies of gz-fuel_tools9
[2.817s] -- Found CURL: /usr/lib/aarch64-linux-gnu/libcurl.so (found version "8.5.0")  
[2.840s] -- Checking for module 'jsoncpp'
[2.870s] --   Found jsoncpp, version 1.9.5
[2.936s] -- Found JSONCPP: TRUE  
[2.963s] -- Checking for module 'yaml-0.1'
[2.993s] --   Found yaml-0.1, version 0.2.5
[3.063s] -- Found YAML: TRUE  
[3.073s] -- Checking for module 'libzip'
[3.103s] --   Found libzip, version 1.7.3
[3.172s] -- Found ZIP: TRUE  
[3.172s] -- Looking for gz-utils2 -- found version 2.2.1
[3.175s] -- Looking for gz-common5 -- found version 5.7.1
[3.176s] -- Searching for dependencies of gz-common5
[3.177s] -- Looking for gz-utils2 -- found version 2.2.1
[3.178s] -- Looking for dlfcn.h - found
[3.178s] -- Looking for libdl - found
[3.198s] -- Searching for <gz-common5> component [testing]
[3.203s] -- Looking for gz-common5-testing -- found version 5.7.1
[3.203s] -- Searching for dependencies of gz-common5-testing
[3.207s] -- Looking for gz-math7 -- found version 7.5.2
[3.209s] -- Looking for gz-msgs10 -- found version 10.3.2
[3.217s] -- Looking for gz-gui8 -- found version 8.4.0
[3.218s] -- Searching for dependencies of gz-gui8
[3.269s] -- Looking for gz-utils2 -- found version 2.2.1
[3.270s] -- Looking for gz-math7 -- found version 7.5.2
[3.271s] -- Looking for gz-common5 -- found version 5.7.1
[3.272s] -- Looking for gz-plugin2 -- found version 2.0.4
[3.273s] -- Looking for gz-transport13 -- found version 13.5.0
[3.278s] -- Looking for gz-rendering8 -- found version 8.2.3
[3.280s] -- Searching for dependencies of gz-rendering8
[3.280s] -- Looking for gz-math7 -- found version 7.5.2
[3.281s] -- Searching for dependencies of gz-math7
[3.281s] -- Looking for gz-utils2 -- found version 2.2.1
[3.281s] -- Searching for <gz-math7> component [eigen3]
[3.285s] -- Looking for gz-math7-eigen3 -- found version 7.5.2
[3.287s] -- Searching for dependencies of gz-math7-eigen3
[3.302s] -- Looking for gz-common5 -- found version 5.7.1
[3.303s] -- Searching for dependencies of gz-common5
[3.303s] -- Looking for gz-utils2 -- found version 2.2.1
[3.303s] -- Looking for dlfcn.h - found
[3.303s] -- Looking for libdl - found
[3.319s] -- Searching for <gz-common5> component [graphics]
[3.319s] -- Searching for <gz-common5> component [events]
[3.319s] -- Searching for <gz-common5> component [geospatial]
[3.323s] -- Looking for gz-common5-geospatial -- found version 5.7.1
[3.323s] -- Searching for dependencies of gz-common5-geospatial
[3.324s] -- Looking for gz-math7 -- found version 7.5.2
[3.325s] -- Looking for gz-common5 -- found version 5.7.1
[3.329s] -- Looking for gz-plugin2 -- found version 2.0.4
[3.330s] -- Searching for dependencies of gz-plugin2
[3.332s] -- Looking for gz-utils2 -- found version 2.2.1
[3.332s] -- Searching for <gz-plugin2> component [all]
[3.337s] -- Looking for all libraries of gz-plugin2 -- found version 2.0.4
[3.338s] -- Looking for gz-plugin2 -- found version 2.0.4
[3.340s] -- Looking for gz-utils2 -- found version 2.2.1
[3.369s] -- Found OpenGL: /usr/lib/aarch64-linux-gnu/libOpenGL.so  found components: OpenGL 
[3.376s] -- Looking for gz-msgs10 -- found version 10.3.2
[3.458s] -- Looking for gz-physics7 -- found version 7.6.0
[3.458s] -- Searching for dependencies of gz-physics7
[3.459s] -- Looking for gz-common5 -- found version 5.7.1
[3.459s] -- Looking for gz-math7 -- found version 7.5.2
[3.459s] -- Looking for gz-plugin2 -- found version 2.0.4
[3.459s] -- Looking for gz-utils2 -- found version 2.2.1
[3.462s] -- Searching for <gz-physics7> component [heightmap]
[3.465s] -- Looking for gz-physics7-heightmap -- found version 7.6.0
[3.465s] -- Searching for dependencies of gz-physics7-heightmap
[3.466s] -- Looking for gz-common5 -- found version 5.7.1
[3.467s] -- Searching for <gz-physics7> component [mesh]
[3.470s] -- Looking for gz-physics7-mesh -- found version 7.6.0
[3.470s] -- Searching for dependencies of gz-physics7-mesh
[3.471s] -- Looking for gz-common5 -- found version 5.7.1
[3.472s] -- Searching for <gz-physics7> component [sdf]
[3.475s] -- Looking for gz-physics7-sdf -- found version 7.6.0
[3.476s] -- Searching for dependencies of gz-physics7-sdf
[3.476s] -- Looking for sdformat14 -- found version 14.8.0
[3.485s] -- Looking for gz-sensors8 -- found version 8.2.2
[3.485s] -- Searching for dependencies of gz-sensors8
[3.515s] -- Looking for gz-math7 -- found version 7.5.2
[3.516s] -- Looking for gz-common5 -- found version 5.7.1
[3.517s] -- Looking for gz-transport13 -- found version 13.5.0
[3.518s] -- Looking for gz-rendering8 -- found version 8.2.3
[3.518s] -- Looking for gz-msgs10 -- found version 10.3.2
[3.519s] -- Looking for sdformat14 -- found version 14.8.0
[3.522s] -- Searching for <gz-sensors8> component [air_pressure]
[3.524s] -- Looking for gz-sensors8-air_pressure -- found version 8.2.2
[3.524s] -- Searching for dependencies of gz-sensors8-air_pressure
[3.526s] -- Searching for <gz-sensors8> component [air_speed]
[3.529s] -- Looking for gz-sensors8-air_speed -- found version 8.2.2
[3.529s] -- Searching for dependencies of gz-sensors8-air_speed
[3.532s] -- Searching for <gz-sensors8> component [altimeter]
[3.540s] -- Looking for gz-sensors8-altimeter -- found version 8.2.2
[3.541s] -- Searching for dependencies of gz-sensors8-altimeter
[3.543s] -- Searching for <gz-sensors8> component [imu]
[3.546s] -- Looking for gz-sensors8-imu -- found version 8.2.2
[3.547s] -- Searching for dependencies of gz-sensors8-imu
[3.549s] -- Searching for <gz-sensors8> component [force_torque]
[3.551s] -- Looking for gz-sensors8-force_torque -- found version 8.2.2
[3.552s] -- Searching for dependencies of gz-sensors8-force_torque
[3.559s] -- Searching for <gz-sensors8> component [logical_camera]
[3.563s] -- Looking for gz-sensors8-logical_camera -- found version 8.2.2
[3.563s] -- Searching for dependencies of gz-sensors8-logical_camera
[3.567s] -- Searching for <gz-sensors8> component [magnetometer]
[3.569s] -- Looking for gz-sensors8-magnetometer -- found version 8.2.2
[3.570s] -- Searching for dependencies of gz-sensors8-magnetometer
[3.572s] -- Searching for <gz-sensors8> component [navsat]
[3.578s] -- Looking for gz-sensors8-navsat -- found version 8.2.2
[3.578s] -- Searching for dependencies of gz-sensors8-navsat
[3.580s] -- Searching for <gz-sensors8> component [dvl]
[3.582s] -- Looking for gz-sensors8-dvl -- found version 8.2.2
[3.582s] -- Searching for dependencies of gz-sensors8-dvl
[3.586s] -- Looking for gz-sensors8 -- found version 8.2.2
[3.586s] -- Searching for dependencies of gz-sensors8
[3.622s] -- Looking for gz-math7 -- found version 7.5.2
[3.625s] -- Looking for gz-common5 -- found version 5.7.1
[3.626s] -- Looking for gz-transport13 -- found version 13.5.0
[3.633s] -- Looking for gz-rendering8 -- found version 8.2.3
[3.633s] -- Looking for gz-msgs10 -- found version 10.3.2
[3.634s] -- Looking for sdformat14 -- found version 14.8.0
[3.637s] -- Searching for <gz-sensors8> component [rendering]
[3.646s] -- Looking for gz-sensors8-rendering -- found version 8.2.2
[3.647s] -- Searching for dependencies of gz-sensors8-rendering
[3.654s] -- Searching for <gz-sensors8> component [rendering]
[3.655s] -- Searching for <gz-sensors8> component [lidar]
[3.658s] -- Looking for gz-sensors8-lidar -- found version 8.2.2
[3.658s] -- Searching for dependencies of gz-sensors8-lidar
[3.659s] -- Looking for gz-sensors8 -- found version 8.2.2
[3.662s] -- Searching for <gz-sensors8> component [gpu_lidar]
[3.664s] -- Looking for gz-sensors8-gpu_lidar -- found version 8.2.2
[3.664s] -- Searching for dependencies of gz-sensors8-gpu_lidar
[3.665s] -- Looking for gz-sensors8 -- found version 8.2.2
[3.667s] -- Searching for <gz-sensors8> component [camera]
[3.674s] -- Looking for gz-sensors8-camera -- found version 8.2.2
[3.674s] -- Searching for dependencies of gz-sensors8-camera
[3.675s] -- Looking for gz-sensors8 -- found version 8.2.2
[3.678s] -- Searching for <gz-sensors8> component [boundingbox_camera]
[3.681s] -- Looking for gz-sensors8-boundingbox_camera -- found version 8.2.2
[3.681s] -- Searching for dependencies of gz-sensors8-boundingbox_camera
[3.686s] -- Searching for <gz-sensors8> component [segmentation_camera]
[3.688s] -- Looking for gz-sensors8-segmentation_camera -- found version 8.2.2
[3.689s] -- Searching for dependencies of gz-sensors8-segmentation_camera
[3.694s] -- Searching for <gz-sensors8> component [depth_camera]
[3.702s] -- Looking for gz-sensors8-depth_camera -- found version 8.2.2
[3.703s] -- Searching for dependencies of gz-sensors8-depth_camera
[3.703s] -- Looking for gz-sensors8 -- found version 8.2.2
[3.721s] -- Searching for <gz-sensors8> component [rgbd_camera]
[3.723s] -- Looking for gz-sensors8-rgbd_camera -- found version 8.2.2
[3.724s] -- Searching for dependencies of gz-sensors8-rgbd_camera
[3.727s] -- Looking for gz-sensors8 -- found version 8.2.2
[3.730s] -- Searching for <gz-sensors8> component [thermal_camera]
[3.736s] -- Looking for gz-sensors8-thermal_camera -- found version 8.2.2
[3.736s] -- Searching for dependencies of gz-sensors8-thermal_camera
[3.736s] -- Looking for gz-sensors8 -- found version 8.2.2
[3.737s] -- Searching for <gz-sensors8> component [wide_angle_camera]
[3.741s] -- Looking for gz-sensors8-wide_angle_camera -- found version 8.2.2
[3.741s] -- Searching for dependencies of gz-sensors8-wide_angle_camera
[3.744s] -- Looking for gz-rendering8 -- found version 8.2.3
[3.748s] -- Looking for gz-math7 -- found version 7.5.2
[3.748s] -- Looking for gz-utils2 -- found version 2.2.1
[3.786s] -- Compiling against Gazebo Harmonic
[3.794s] -- Found ament_lint_auto: 0.17.4 (/opt/ros/jazzy/share/ament_lint_auto/cmake)
[4.048s] -- Configuring done (4.0s)
[4.061s] -- Generating done (0.0s)
[4.065s] -- Build files have been written to: /home/rasp/humanoid/robot_ws/build/ros_gz_h1_gazebo
[4.104s] Invoked command in '/home/rasp/humanoid/robot_ws/build/ros_gz_h1_gazebo' returned '0': CMAKE_PREFIX_PATH=/home/rasp/humanoid/robot_ws/install/ros_gz_h1_description:/home/rasp/humanoid/robot_ws/install/servo_interfaces:/home/rasp/humanoid/robot_ws/install/ros_gz_h1_bringup:/home/rasp/humanoid/robot_ws/install/ros_gz_h1_gazebo:/opt/ros/jazzy/opt/gz_sim_vendor:/opt/ros/jazzy/opt/gz_sensors_vendor:/opt/ros/jazzy/opt/gz_physics_vendor:/opt/ros/jazzy/opt/sdformat_vendor:/opt/ros/jazzy/opt/gz_gui_vendor:/opt/ros/jazzy/opt/gz_transport_vendor:/opt/ros/jazzy/opt/gz_rendering_vendor:/opt/ros/jazzy/opt/gz_plugin_vendor:/opt/ros/jazzy/opt/gz_fuel_tools_vendor:/opt/ros/jazzy/opt/gz_msgs_vendor:/opt/ros/jazzy/opt/gz_common_vendor:/opt/ros/jazzy/opt/gz_math_vendor:/opt/ros/jazzy/opt/gz_utils_vendor:/opt/ros/jazzy/opt/gz_tools_vendor:/opt/ros/jazzy/opt/gz_ogre_next_vendor:/opt/ros/jazzy/opt/gz_dartsim_vendor:/opt/ros/jazzy/opt/gz_cmake_vendor:/home/rasp/humanoid/robot_ws/install/my_servo_controller:/home/rasp/humanoid/robot_ws/install/ros_gz_h1_controller:/opt/ros/jazzy DEBUGINFOD_URLS=https://debuginfod.ubuntu.com GZ_SIM_RESOURCE_PATH=/home/rasp/humanoid/robot_ws/install/ros_gz_h1_description/share/ros_gz_h1_description/models:${GZ_SIM_RESOURCE_PATH} /usr/bin/cmake /home/rasp/humanoid/robot_ws/src/ros2_heinz/h1_gazebo_sim/ros_gz_h1_gazebo -DCMAKE_INSTALL_PREFIX=/home/rasp/humanoid/robot_ws/install/ros_gz_h1_gazebo
[4.108s] Invoking command in '/home/rasp/humanoid/robot_ws/build/ros_gz_h1_gazebo': CMAKE_PREFIX_PATH=/home/rasp/humanoid/robot_ws/install/ros_gz_h1_description:/home/rasp/humanoid/robot_ws/install/servo_interfaces:/home/rasp/humanoid/robot_ws/install/ros_gz_h1_bringup:/home/rasp/humanoid/robot_ws/install/ros_gz_h1_gazebo:/opt/ros/jazzy/opt/gz_sim_vendor:/opt/ros/jazzy/opt/gz_sensors_vendor:/opt/ros/jazzy/opt/gz_physics_vendor:/opt/ros/jazzy/opt/sdformat_vendor:/opt/ros/jazzy/opt/gz_gui_vendor:/opt/ros/jazzy/opt/gz_transport_vendor:/opt/ros/jazzy/opt/gz_rendering_vendor:/opt/ros/jazzy/opt/gz_plugin_vendor:/opt/ros/jazzy/opt/gz_fuel_tools_vendor:/opt/ros/jazzy/opt/gz_msgs_vendor:/opt/ros/jazzy/opt/gz_common_vendor:/opt/ros/jazzy/opt/gz_math_vendor:/opt/ros/jazzy/opt/gz_utils_vendor:/opt/ros/jazzy/opt/gz_tools_vendor:/opt/ros/jazzy/opt/gz_ogre_next_vendor:/opt/ros/jazzy/opt/gz_dartsim_vendor:/opt/ros/jazzy/opt/gz_cmake_vendor:/home/rasp/humanoid/robot_ws/install/my_servo_controller:/home/rasp/humanoid/robot_ws/install/ros_gz_h1_controller:/opt/ros/jazzy DEBUGINFOD_URLS=https://debuginfod.ubuntu.com GZ_SIM_RESOURCE_PATH=/home/rasp/humanoid/robot_ws/install/ros_gz_h1_description/share/ros_gz_h1_description/models:${GZ_SIM_RESOURCE_PATH} /usr/bin/cmake --build /home/rasp/humanoid/robot_ws/build/ros_gz_h1_gazebo -- -j4 -l4
[4.212s] Invoked command in '/home/rasp/humanoid/robot_ws/build/ros_gz_h1_gazebo' returned '0': CMAKE_PREFIX_PATH=/home/rasp/humanoid/robot_ws/install/ros_gz_h1_description:/home/rasp/humanoid/robot_ws/install/servo_interfaces:/home/rasp/humanoid/robot_ws/install/ros_gz_h1_bringup:/home/rasp/humanoid/robot_ws/install/ros_gz_h1_gazebo:/opt/ros/jazzy/opt/gz_sim_vendor:/opt/ros/jazzy/opt/gz_sensors_vendor:/opt/ros/jazzy/opt/gz_physics_vendor:/opt/ros/jazzy/opt/sdformat_vendor:/opt/ros/jazzy/opt/gz_gui_vendor:/opt/ros/jazzy/opt/gz_transport_vendor:/opt/ros/jazzy/opt/gz_rendering_vendor:/opt/ros/jazzy/opt/gz_plugin_vendor:/opt/ros/jazzy/opt/gz_fuel_tools_vendor:/opt/ros/jazzy/opt/gz_msgs_vendor:/opt/ros/jazzy/opt/gz_common_vendor:/opt/ros/jazzy/opt/gz_math_vendor:/opt/ros/jazzy/opt/gz_utils_vendor:/opt/ros/jazzy/opt/gz_tools_vendor:/opt/ros/jazzy/opt/gz_ogre_next_vendor:/opt/ros/jazzy/opt/gz_dartsim_vendor:/opt/ros/jazzy/opt/gz_cmake_vendor:/home/rasp/humanoid/robot_ws/install/my_servo_controller:/home/rasp/humanoid/robot_ws/install/ros_gz_h1_controller:/opt/ros/jazzy DEBUGINFOD_URLS=https://debuginfod.ubuntu.com GZ_SIM_RESOURCE_PATH=/home/rasp/humanoid/robot_ws/install/ros_gz_h1_description/share/ros_gz_h1_description/models:${GZ_SIM_RESOURCE_PATH} /usr/bin/cmake --build /home/rasp/humanoid/robot_ws/build/ros_gz_h1_gazebo -- -j4 -l4
[4.216s] Invoking command in '/home/rasp/humanoid/robot_ws/build/ros_gz_h1_gazebo': CMAKE_PREFIX_PATH=/home/rasp/humanoid/robot_ws/install/ros_gz_h1_description:/home/rasp/humanoid/robot_ws/install/servo_interfaces:/home/rasp/humanoid/robot_ws/install/ros_gz_h1_bringup:/home/rasp/humanoid/robot_ws/install/ros_gz_h1_gazebo:/opt/ros/jazzy/opt/gz_sim_vendor:/opt/ros/jazzy/opt/gz_sensors_vendor:/opt/ros/jazzy/opt/gz_physics_vendor:/opt/ros/jazzy/opt/sdformat_vendor:/opt/ros/jazzy/opt/gz_gui_vendor:/opt/ros/jazzy/opt/gz_transport_vendor:/opt/ros/jazzy/opt/gz_rendering_vendor:/opt/ros/jazzy/opt/gz_plugin_vendor:/opt/ros/jazzy/opt/gz_fuel_tools_vendor:/opt/ros/jazzy/opt/gz_msgs_vendor:/opt/ros/jazzy/opt/gz_common_vendor:/opt/ros/jazzy/opt/gz_math_vendor:/opt/ros/jazzy/opt/gz_utils_vendor:/opt/ros/jazzy/opt/gz_tools_vendor:/opt/ros/jazzy/opt/gz_ogre_next_vendor:/opt/ros/jazzy/opt/gz_dartsim_vendor:/opt/ros/jazzy/opt/gz_cmake_vendor:/home/rasp/humanoid/robot_ws/install/my_servo_controller:/home/rasp/humanoid/robot_ws/install/ros_gz_h1_controller:/opt/ros/jazzy DEBUGINFOD_URLS=https://debuginfod.ubuntu.com GZ_SIM_RESOURCE_PATH=/home/rasp/humanoid/robot_ws/install/ros_gz_h1_description/share/ros_gz_h1_description/models:${GZ_SIM_RESOURCE_PATH} /usr/bin/cmake --install /home/rasp/humanoid/robot_ws/build/ros_gz_h1_gazebo
[4.242s] -- Install configuration: ""
[4.243s] -- Installing: /home/rasp/humanoid/robot_ws/install/ros_gz_h1_gazebo/share/ros_gz_h1_gazebo/worlds
[4.243s] -- Installing: /home/rasp/humanoid/robot_ws/install/ros_gz_h1_gazebo/share/ros_gz_h1_gazebo/worlds/empty_h1.sdf
[4.243s] -- Installing: /home/rasp/humanoid/robot_ws/install/ros_gz_h1_gazebo/share/ros_gz_h1_gazebo/worlds/empty_h1_torque_ctrl.sdf
[4.243s] -- Installing: /home/rasp/humanoid/robot_ws/install/ros_gz_h1_gazebo/share/ros_gz_h1_gazebo/environment/ros_gz_h1_gazebo.dsv
[4.244s] -- Installing: /home/rasp/humanoid/robot_ws/install/ros_gz_h1_gazebo/share/ros_gz_h1_gazebo/environment/ros_gz_h1_gazebo.sh
[4.246s] -- Installing: /home/rasp/humanoid/robot_ws/install/ros_gz_h1_gazebo/share/ament_index/resource_index/package_run_dependencies/ros_gz_h1_gazebo
[4.247s] -- Installing: /home/rasp/humanoid/robot_ws/install/ros_gz_h1_gazebo/share/ament_index/resource_index/parent_prefix_path/ros_gz_h1_gazebo
[4.247s] -- Installing: /home/rasp/humanoid/robot_ws/install/ros_gz_h1_gazebo/share/ros_gz_h1_gazebo/environment/ament_prefix_path.sh
[4.247s] -- Installing: /home/rasp/humanoid/robot_ws/install/ros_gz_h1_gazebo/share/ros_gz_h1_gazebo/environment/ament_prefix_path.dsv
[4.248s] -- Installing: /home/rasp/humanoid/robot_ws/install/ros_gz_h1_gazebo/share/ros_gz_h1_gazebo/environment/path.sh
[4.250s] -- Installing: /home/rasp/humanoid/robot_ws/install/ros_gz_h1_gazebo/share/ros_gz_h1_gazebo/environment/path.dsv
[4.290s] -- Installing: /home/rasp/humanoid/robot_ws/install/ros_gz_h1_gazebo/share/ros_gz_h1_gazebo/local_setup.bash
[4.384s] -- Installing: /home/rasp/humanoid/robot_ws/install/ros_gz_h1_gazebo/share/ros_gz_h1_gazebo/local_setup.sh
[4.385s] -- Installing: /home/rasp/humanoid/robot_ws/install/ros_gz_h1_gazebo/share/ros_gz_h1_gazebo/local_setup.zsh
[4.385s] -- Installing: /home/rasp/humanoid/robot_ws/install/ros_gz_h1_gazebo/share/ros_gz_h1_gazebo/local_setup.dsv
[4.385s] -- Installing: /home/rasp/humanoid/robot_ws/install/ros_gz_h1_gazebo/share/ros_gz_h1_gazebo/package.dsv
[4.385s] -- Installing: /home/rasp/humanoid/robot_ws/install/ros_gz_h1_gazebo/share/ament_index/resource_index/packages/ros_gz_h1_gazebo
[4.386s] -- Installing: /home/rasp/humanoid/robot_ws/install/ros_gz_h1_gazebo/share/ros_gz_h1_gazebo/cmake/ros_gz_h1_gazeboConfig.cmake
[4.386s] -- Installing: /home/rasp/humanoid/robot_ws/install/ros_gz_h1_gazebo/share/ros_gz_h1_gazebo/cmake/ros_gz_h1_gazeboConfig-version.cmake
[4.386s] -- Installing: /home/rasp/humanoid/robot_ws/install/ros_gz_h1_gazebo/share/ros_gz_h1_gazebo/package.xml
[4.391s] Invoked command in '/home/rasp/humanoid/robot_ws/build/ros_gz_h1_gazebo' returned '0': CMAKE_PREFIX_PATH=/home/rasp/humanoid/robot_ws/install/ros_gz_h1_description:/home/rasp/humanoid/robot_ws/install/servo_interfaces:/home/rasp/humanoid/robot_ws/install/ros_gz_h1_bringup:/home/rasp/humanoid/robot_ws/install/ros_gz_h1_gazebo:/opt/ros/jazzy/opt/gz_sim_vendor:/opt/ros/jazzy/opt/gz_sensors_vendor:/opt/ros/jazzy/opt/gz_physics_vendor:/opt/ros/jazzy/opt/sdformat_vendor:/opt/ros/jazzy/opt/gz_gui_vendor:/opt/ros/jazzy/opt/gz_transport_vendor:/opt/ros/jazzy/opt/gz_rendering_vendor:/opt/ros/jazzy/opt/gz_plugin_vendor:/opt/ros/jazzy/opt/gz_fuel_tools_vendor:/opt/ros/jazzy/opt/gz_msgs_vendor:/opt/ros/jazzy/opt/gz_common_vendor:/opt/ros/jazzy/opt/gz_math_vendor:/opt/ros/jazzy/opt/gz_utils_vendor:/opt/ros/jazzy/opt/gz_tools_vendor:/opt/ros/jazzy/opt/gz_ogre_next_vendor:/opt/ros/jazzy/opt/gz_dartsim_vendor:/opt/ros/jazzy/opt/gz_cmake_vendor:/home/rasp/humanoid/robot_ws/install/my_servo_controller:/home/rasp/humanoid/robot_ws/install/ros_gz_h1_controller:/opt/ros/jazzy DEBUGINFOD_URLS=https://debuginfod.ubuntu.com GZ_SIM_RESOURCE_PATH=/home/rasp/humanoid/robot_ws/install/ros_gz_h1_description/share/ros_gz_h1_description/models:${GZ_SIM_RESOURCE_PATH} /usr/bin/cmake --install /home/rasp/humanoid/robot_ws/build/ros_gz_h1_gazebo
