[1.303s] Invoking command in '/home/rasp/humanoid/robot_ws/build/my_servo_controller': AMENT_PREFIX_PATH=/home/rasp/humanoid/robot_ws/install/servo_interfaces:${AMENT_PREFIX_PATH} CMAKE_PREFIX_PATH=/home/rasp/humanoid/robot_ws/install/servo_interfaces:${CMAKE_PREFIX_PATH} DEBUGINFOD_URLS=https://debuginfod.ubuntu.com LD_LIBRARY_PATH=/home/rasp/humanoid/robot_ws/install/servo_interfaces/lib:${LD_LIBRARY_PATH} PYTHONPATH=/home/rasp/humanoid/robot_ws/build/my_servo_controller/prefix_override:/usr/lib/python3/dist-packages/colcon_core/task/python/colcon_distutils_commands:/home/rasp/humanoid/robot_ws/install/my_servo_controller/lib/python3.12/site-packages:/home/rasp/humanoid/robot_ws/install/servo_interfaces/lib/python3.12/site-packages:${PYTHONPATH} /usr/bin/python3 -W ignore:setup.py install is deprecated -W ignore:easy_install command is deprecated setup.py develop --editable --build-directory /home/rasp/humanoid/robot_ws/build/my_servo_controller/build --no-deps symlink_data --force
[1.790s] running develop
[2.101s] running egg_info
[2.131s] writing my_servo_controller.egg-info/PKG-INFO
[2.131s] writing dependency_links to my_servo_controller.egg-info/dependency_links.txt
[2.134s] writing entry points to my_servo_controller.egg-info/entry_points.txt
[2.134s] writing requirements to my_servo_controller.egg-info/requires.txt
[2.135s] writing top-level names to my_servo_controller.egg-info/top_level.txt
[2.198s] reading manifest file 'my_servo_controller.egg-info/SOURCES.txt'
[2.199s] writing manifest file 'my_servo_controller.egg-info/SOURCES.txt'
[2.231s] running build_ext
[2.232s] Creating /home/rasp/humanoid/robot_ws/install/my_servo_controller/lib/python3.12/site-packages/my-servo-controller.egg-link (link to .)
[2.232s] Installing action_controller_node script to /home/rasp/humanoid/robot_ws/install/my_servo_controller/lib/my_servo_controller
[2.233s] Installing flask_controller_node script to /home/rasp/humanoid/robot_ws/install/my_servo_controller/lib/my_servo_controller
[2.233s] Installing gazibo_sim_node script to /home/rasp/humanoid/robot_ws/install/my_servo_controller/lib/my_servo_controller
[2.233s] Installing servo_controller_node script to /home/rasp/humanoid/robot_ws/install/my_servo_controller/lib/my_servo_controller
[2.233s] Installing servo_mover_node script to /home/rasp/humanoid/robot_ws/install/my_servo_controller/lib/my_servo_controller
[2.234s] Installing topic_controller_node script to /home/rasp/humanoid/robot_ws/install/my_servo_controller/lib/my_servo_controller
[2.234s] 
[2.234s] Installed /home/rasp/humanoid/robot_ws/build/my_servo_controller
[2.234s] running symlink_data
[2.234s] symbolically linking /home/rasp/humanoid/robot_ws/build/my_servo_controller/resource/my_servo_controller -> /home/rasp/humanoid/robot_ws/install/my_servo_controller/share/ament_index/resource_index/packages
[2.234s] symbolically linking /home/rasp/humanoid/robot_ws/build/my_servo_controller/package.xml -> /home/rasp/humanoid/robot_ws/install/my_servo_controller/share/my_servo_controller
[2.235s] symbolically linking /home/rasp/humanoid/robot_ws/build/my_servo_controller/launch/flask_controller_launch.py -> /home/rasp/humanoid/robot_ws/install/my_servo_controller/share/my_servo_controller/launch
[2.235s] symbolically linking /home/rasp/humanoid/robot_ws/build/my_servo_controller/launch/topic_controller_launch.py -> /home/rasp/humanoid/robot_ws/install/my_servo_controller/share/my_servo_controller/launch
[2.235s] symbolically linking /home/rasp/humanoid/robot_ws/build/my_servo_controller/launch/gazibo_sim_launch.py -> /home/rasp/humanoid/robot_ws/install/my_servo_controller/share/my_servo_controller/launch
[2.235s] symbolically linking /home/rasp/humanoid/robot_ws/build/my_servo_controller/launch/action_controller_launch.py -> /home/rasp/humanoid/robot_ws/install/my_servo_controller/share/my_servo_controller/launch
[2.324s] Invoked command in '/home/rasp/humanoid/robot_ws/build/my_servo_controller' returned '0': AMENT_PREFIX_PATH=/home/rasp/humanoid/robot_ws/install/servo_interfaces:${AMENT_PREFIX_PATH} CMAKE_PREFIX_PATH=/home/rasp/humanoid/robot_ws/install/servo_interfaces:${CMAKE_PREFIX_PATH} DEBUGINFOD_URLS=https://debuginfod.ubuntu.com LD_LIBRARY_PATH=/home/rasp/humanoid/robot_ws/install/servo_interfaces/lib:${LD_LIBRARY_PATH} PYTHONPATH=/home/rasp/humanoid/robot_ws/build/my_servo_controller/prefix_override:/usr/lib/python3/dist-packages/colcon_core/task/python/colcon_distutils_commands:/home/rasp/humanoid/robot_ws/install/my_servo_controller/lib/python3.12/site-packages:/home/rasp/humanoid/robot_ws/install/servo_interfaces/lib/python3.12/site-packages:${PYTHONPATH} /usr/bin/python3 -W ignore:setup.py install is deprecated -W ignore:easy_install command is deprecated setup.py develop --editable --build-directory /home/rasp/humanoid/robot_ws/build/my_servo_controller/build --no-deps symlink_data --force
