[1.327s] Invoking command in '/home/rasp/robot_ws/src/my_servo_controller': AMENT_PREFIX_PATH=/home/rasp/robot_ws/install/servo_interfaces:${AMENT_PREFIX_PATH} CMAKE_PREFIX_PATH=/home/rasp/robot_ws/install/servo_interfaces:${CMAKE_PREFIX_PATH} DEBUGINFOD_URLS=https://debuginfod.ubuntu.com LD_LIBRARY_PATH=/home/rasp/robot_ws/install/servo_interfaces/lib:${LD_LIBRARY_PATH} PYTHONPATH=/home/rasp/robot_ws/build/my_servo_controller/prefix_override:/usr/lib/python3/dist-packages/colcon_core/task/python/colcon_distutils_commands:/home/rasp/robot_ws/install/my_servo_controller/lib/python3.12/site-packages:/home/rasp/robot_ws/install/servo_interfaces/lib/python3.12/site-packages:${PYTHONPATH} /usr/bin/python3 -W ignore:setup.py install is deprecated -W ignore:easy_install command is deprecated setup.py egg_info --egg-base ../../build/my_servo_controller build --build-base /home/rasp/robot_ws/build/my_servo_controller/build install --record /home/rasp/robot_ws/build/my_servo_controller/install.log --single-version-externally-managed install_data
[1.726s] running egg_info
[1.758s] writing ../../build/my_servo_controller/my_servo_controller.egg-info/PKG-INFO
[1.758s] writing dependency_links to ../../build/my_servo_controller/my_servo_controller.egg-info/dependency_links.txt
[1.759s] writing entry points to ../../build/my_servo_controller/my_servo_controller.egg-info/entry_points.txt
[1.760s] writing requirements to ../../build/my_servo_controller/my_servo_controller.egg-info/requires.txt
[1.761s] writing top-level names to ../../build/my_servo_controller/my_servo_controller.egg-info/top_level.txt
[1.826s] reading manifest file '../../build/my_servo_controller/my_servo_controller.egg-info/SOURCES.txt'
[1.827s] writing manifest file '../../build/my_servo_controller/my_servo_controller.egg-info/SOURCES.txt'
[1.827s] running build
[1.827s] running build_py
[1.827s] copying my_servo_controller/action_controller.py -> /home/rasp/robot_ws/build/my_servo_controller/build/lib/my_servo_controller
[1.828s] running install
[1.838s] running install_lib
[1.868s] copying /home/rasp/robot_ws/build/my_servo_controller/build/lib/my_servo_controller/action_controller.py -> /home/rasp/robot_ws/install/my_servo_controller/lib/python3.12/site-packages/my_servo_controller
[1.869s] byte-compiling /home/rasp/robot_ws/install/my_servo_controller/lib/python3.12/site-packages/my_servo_controller/action_controller.py to action_controller.cpython-312.pyc
[1.872s] running install_data
[1.872s] running install_egg_info
[1.905s] removing '/home/rasp/robot_ws/install/my_servo_controller/lib/python3.12/site-packages/my_servo_controller-0.0.0-py3.12.egg-info' (and everything under it)
[1.905s] Copying ../../build/my_servo_controller/my_servo_controller.egg-info to /home/rasp/robot_ws/install/my_servo_controller/lib/python3.12/site-packages/my_servo_controller-0.0.0-py3.12.egg-info
[1.907s] running install_scripts
[2.112s] Installing action_controller_node script to /home/rasp/robot_ws/install/my_servo_controller/lib/my_servo_controller
[2.112s] Installing servo_controller_node script to /home/rasp/robot_ws/install/my_servo_controller/lib/my_servo_controller
[2.113s] Installing servo_mover_node script to /home/rasp/robot_ws/install/my_servo_controller/lib/my_servo_controller
[2.114s] writing list of installed files to '/home/rasp/robot_ws/build/my_servo_controller/install.log'
[2.196s] Invoked command in '/home/rasp/robot_ws/src/my_servo_controller' returned '0': AMENT_PREFIX_PATH=/home/rasp/robot_ws/install/servo_interfaces:${AMENT_PREFIX_PATH} CMAKE_PREFIX_PATH=/home/rasp/robot_ws/install/servo_interfaces:${CMAKE_PREFIX_PATH} DEBUGINFOD_URLS=https://debuginfod.ubuntu.com LD_LIBRARY_PATH=/home/rasp/robot_ws/install/servo_interfaces/lib:${LD_LIBRARY_PATH} PYTHONPATH=/home/rasp/robot_ws/build/my_servo_controller/prefix_override:/usr/lib/python3/dist-packages/colcon_core/task/python/colcon_distutils_commands:/home/rasp/robot_ws/install/my_servo_controller/lib/python3.12/site-packages:/home/rasp/robot_ws/install/servo_interfaces/lib/python3.12/site-packages:${PYTHONPATH} /usr/bin/python3 -W ignore:setup.py install is deprecated -W ignore:easy_install command is deprecated setup.py egg_info --egg-base ../../build/my_servo_controller build --build-base /home/rasp/robot_ws/build/my_servo_controller/build install --record /home/rasp/robot_ws/build/my_servo_controller/install.log --single-version-externally-managed install_data
