[0.024s] Invoking command in '/home/rasp/humanoid/robot_ws/build/servo_interfaces': CMAKE_PREFIX_PATH=${CMAKE_PREFIX_PATH}:/home/rasp/humanoid/robot_ws/install/my_servo_controller:/opt/ros/jazzy DEBUGINFOD_URLS=https://debuginfod.ubuntu.com /usr/bin/cmake --build /home/rasp/humanoid/robot_ws/build/servo_interfaces -- -j4 -l4
[0.129s] [  1%] Built target servo_interfaces__rosidl_generator_type_description
[0.182s] [  1%] Built target ament_cmake_python_copy_servo_interfaces
[0.189s] [ 23%] Built target servo_interfaces__rosidl_generator_c
[0.197s] [ 25%] Built target servo_interfaces__cpp
[0.260s] [ 34%] Built target servo_interfaces__rosidl_typesupport_fastrtps_c
[0.269s] [ 43%] Built target servo_interfaces__rosidl_typesupport_introspection_c
[0.270s] [ 53%] Built target servo_interfaces__rosidl_typesupport_c
[0.366s] [ 62%] Built target servo_interfaces__rosidl_typesupport_introspection_cpp
[0.370s] [ 71%] Built target servo_interfaces__rosidl_typesupport_fastrtps_cpp
[0.380s] [ 81%] Built target servo_interfaces__rosidl_typesupport_cpp
[0.428s] [ 81%] Built target servo_interfaces
[0.481s] [ 82%] Built target servo_interfaces__py
[0.536s] [ 90%] Built target servo_interfaces__rosidl_generator_py
[0.605s] [ 93%] Built target servo_interfaces_s__rosidl_typesupport_c
[0.619s] [ 96%] Built target servo_interfaces_s__rosidl_typesupport_fastrtps_c
[0.627s] [100%] Built target servo_interfaces_s__rosidl_typesupport_introspection_c
[0.686s] running egg_info
[0.718s] writing servo_interfaces.egg-info/PKG-INFO
[0.718s] writing dependency_links to servo_interfaces.egg-info/dependency_links.txt
[0.719s] writing top-level names to servo_interfaces.egg-info/top_level.txt
[0.810s] reading manifest file 'servo_interfaces.egg-info/SOURCES.txt'
[0.811s] writing manifest file 'servo_interfaces.egg-info/SOURCES.txt'
[0.888s] [100%] Built target ament_cmake_python_build_servo_interfaces_egg
[0.913s] Invoked command in '/home/rasp/humanoid/robot_ws/build/servo_interfaces' returned '0': CMAKE_PREFIX_PATH=${CMAKE_PREFIX_PATH}:/home/rasp/humanoid/robot_ws/install/my_servo_controller:/opt/ros/jazzy DEBUGINFOD_URLS=https://debuginfod.ubuntu.com /usr/bin/cmake --build /home/rasp/humanoid/robot_ws/build/servo_interfaces -- -j4 -l4
[0.916s] Invoking command in '/home/rasp/humanoid/robot_ws/build/servo_interfaces': CMAKE_PREFIX_PATH=${CMAKE_PREFIX_PATH}:/home/rasp/humanoid/robot_ws/install/my_servo_controller:/opt/ros/jazzy DEBUGINFOD_URLS=https://debuginfod.ubuntu.com /usr/bin/cmake --install /home/rasp/humanoid/robot_ws/build/servo_interfaces
[0.934s] -- Install configuration: ""
[0.934s] -- Up-to-date: /home/rasp/humanoid/robot_ws/install/servo_interfaces/share/ament_index/resource_index/rosidl_interfaces/servo_interfaces
[0.934s] -- Up-to-date: /home/rasp/humanoid/robot_ws/install/servo_interfaces/share/servo_interfaces/msg/SetPwm.json
[0.934s] -- Up-to-date: /home/rasp/humanoid/robot_ws/install/servo_interfaces/share/servo_interfaces/msg/SetMode.json
[0.934s] -- Up-to-date: /home/rasp/humanoid/robot_ws/install/servo_interfaces/share/servo_interfaces/srv/MotorAngle.json
[0.934s] -- Up-to-date: /home/rasp/humanoid/robot_ws/install/servo_interfaces/share/servo_interfaces/action/MotorAngle.json
[0.934s] -- Up-to-date: /home/rasp/humanoid/robot_ws/install/servo_interfaces/include/servo_interfaces/servo_interfaces
[0.934s] -- Up-to-date: /home/rasp/humanoid/robot_ws/install/servo_interfaces/include/servo_interfaces/servo_interfaces/msg
[0.934s] -- Up-to-date: /home/rasp/humanoid/robot_ws/install/servo_interfaces/include/servo_interfaces/servo_interfaces/msg/set_mode.h
[0.935s] -- Up-to-date: /home/rasp/humanoid/robot_ws/install/servo_interfaces/include/servo_interfaces/servo_interfaces/msg/set_pwm.h
[0.935s] -- Up-to-date: /home/rasp/humanoid/robot_ws/install/servo_interfaces/include/servo_interfaces/servo_interfaces/msg/rosidl_generator_c__visibility_control.h
[0.935s] -- Up-to-date: /home/rasp/humanoid/robot_ws/install/servo_interfaces/include/servo_interfaces/servo_interfaces/msg/detail
[0.935s] -- Up-to-date: /home/rasp/humanoid/robot_ws/install/servo_interfaces/include/servo_interfaces/servo_interfaces/msg/detail/set_pwm__description.c
[0.935s] -- Up-to-date: /home/rasp/humanoid/robot_ws/install/servo_interfaces/include/servo_interfaces/servo_interfaces/msg/detail/set_pwm__struct.h
[0.935s] -- Up-to-date: /home/rasp/humanoid/robot_ws/install/servo_interfaces/include/servo_interfaces/servo_interfaces/msg/detail/set_mode__functions.h
[0.935s] -- Up-to-date: /home/rasp/humanoid/robot_ws/install/servo_interfaces/include/servo_interfaces/servo_interfaces/msg/detail/set_mode__description.c
[0.936s] -- Up-to-date: /home/rasp/humanoid/robot_ws/install/servo_interfaces/include/servo_interfaces/servo_interfaces/msg/detail/set_pwm__functions.c
[0.936s] -- Up-to-date: /home/rasp/humanoid/robot_ws/install/servo_interfaces/include/servo_interfaces/servo_interfaces/msg/detail/set_mode__type_support.h
[0.936s] -- Up-to-date: /home/rasp/humanoid/robot_ws/install/servo_interfaces/include/servo_interfaces/servo_interfaces/msg/detail/set_mode__struct.h
[0.936s] -- Up-to-date: /home/rasp/humanoid/robot_ws/install/servo_interfaces/include/servo_interfaces/servo_interfaces/msg/detail/set_pwm__functions.h
[0.936s] -- Installing: /home/rasp/humanoid/robot_ws/install/servo_interfaces/include/servo_interfaces/servo_interfaces/msg/detail/set_mode__type_support.c
[0.936s] -- Up-to-date: /home/rasp/humanoid/robot_ws/install/servo_interfaces/include/servo_interfaces/servo_interfaces/msg/detail/set_pwm__type_support.h
[0.936s] -- Up-to-date: /home/rasp/humanoid/robot_ws/install/servo_interfaces/include/servo_interfaces/servo_interfaces/msg/detail/set_mode__functions.c
[0.936s] -- Installing: /home/rasp/humanoid/robot_ws/install/servo_interfaces/include/servo_interfaces/servo_interfaces/msg/detail/set_pwm__type_support.c
[0.936s] -- Up-to-date: /home/rasp/humanoid/robot_ws/install/servo_interfaces/include/servo_interfaces/servo_interfaces/srv
[0.936s] -- Up-to-date: /home/rasp/humanoid/robot_ws/install/servo_interfaces/include/servo_interfaces/servo_interfaces/srv/motor_angle.h
[0.937s] -- Up-to-date: /home/rasp/humanoid/robot_ws/install/servo_interfaces/include/servo_interfaces/servo_interfaces/srv/detail
[0.937s] -- Up-to-date: /home/rasp/humanoid/robot_ws/install/servo_interfaces/include/servo_interfaces/servo_interfaces/srv/detail/motor_angle__type_support.h
[0.937s] -- Up-to-date: /home/rasp/humanoid/robot_ws/install/servo_interfaces/include/servo_interfaces/servo_interfaces/srv/detail/motor_angle__description.c
[0.937s] -- Installing: /home/rasp/humanoid/robot_ws/install/servo_interfaces/include/servo_interfaces/servo_interfaces/srv/detail/motor_angle__type_support.c
[0.937s] -- Up-to-date: /home/rasp/humanoid/robot_ws/install/servo_interfaces/include/servo_interfaces/servo_interfaces/srv/detail/motor_angle__functions.h
[0.937s] -- Up-to-date: /home/rasp/humanoid/robot_ws/install/servo_interfaces/include/servo_interfaces/servo_interfaces/srv/detail/motor_angle__struct.h
[0.937s] -- Up-to-date: /home/rasp/humanoid/robot_ws/install/servo_interfaces/include/servo_interfaces/servo_interfaces/srv/detail/motor_angle__functions.c
[0.937s] -- Up-to-date: /home/rasp/humanoid/robot_ws/install/servo_interfaces/include/servo_interfaces/servo_interfaces/action
[0.937s] -- Up-to-date: /home/rasp/humanoid/robot_ws/install/servo_interfaces/include/servo_interfaces/servo_interfaces/action/motor_angle.h
[0.938s] -- Up-to-date: /home/rasp/humanoid/robot_ws/install/servo_interfaces/include/servo_interfaces/servo_interfaces/action/detail
[0.940s] -- Up-to-date: /home/rasp/humanoid/robot_ws/install/servo_interfaces/include/servo_interfaces/servo_interfaces/action/detail/motor_angle__type_support.h
[0.940s] -- Up-to-date: /home/rasp/humanoid/robot_ws/install/servo_interfaces/include/servo_interfaces/servo_interfaces/action/detail/motor_angle__description.c
[0.940s] -- Installing: /home/rasp/humanoid/robot_ws/install/servo_interfaces/include/servo_interfaces/servo_interfaces/action/detail/motor_angle__type_support.c
[0.940s] -- Up-to-date: /home/rasp/humanoid/robot_ws/install/servo_interfaces/include/servo_interfaces/servo_interfaces/action/detail/motor_angle__functions.h
[0.940s] -- Up-to-date: /home/rasp/humanoid/robot_ws/install/servo_interfaces/include/servo_interfaces/servo_interfaces/action/detail/motor_angle__struct.h
[0.940s] -- Up-to-date: /home/rasp/humanoid/robot_ws/install/servo_interfaces/include/servo_interfaces/servo_interfaces/action/detail/motor_angle__functions.c
[0.941s] -- Up-to-date: /home/rasp/humanoid/robot_ws/install/servo_interfaces/share/servo_interfaces/environment/library_path.sh
[0.941s] -- Up-to-date: /home/rasp/humanoid/robot_ws/install/servo_interfaces/share/servo_interfaces/environment/library_path.dsv
[0.941s] -- Up-to-date: /home/rasp/humanoid/robot_ws/install/servo_interfaces/lib/libservo_interfaces__rosidl_generator_c.so
[0.941s] -- Up-to-date: /home/rasp/humanoid/robot_ws/install/servo_interfaces/include/servo_interfaces/servo_interfaces
[0.941s] -- Up-to-date: /home/rasp/humanoid/robot_ws/install/servo_interfaces/include/servo_interfaces/servo_interfaces/msg
[0.941s] -- Up-to-date: /home/rasp/humanoid/robot_ws/install/servo_interfaces/include/servo_interfaces/servo_interfaces/msg/rosidl_typesupport_fastrtps_c__visibility_control.h
[0.941s] -- Up-to-date: /home/rasp/humanoid/robot_ws/install/servo_interfaces/include/servo_interfaces/servo_interfaces/msg/detail
[0.941s] -- Up-to-date: /home/rasp/humanoid/robot_ws/install/servo_interfaces/include/servo_interfaces/servo_interfaces/msg/detail/set_mode__rosidl_typesupport_fastrtps_c.h
[0.941s] -- Up-to-date: /home/rasp/humanoid/robot_ws/install/servo_interfaces/include/servo_interfaces/servo_interfaces/msg/detail/set_pwm__rosidl_typesupport_fastrtps_c.h
[0.941s] -- Up-to-date: /home/rasp/humanoid/robot_ws/install/servo_interfaces/include/servo_interfaces/servo_interfaces/srv
[0.941s] -- Up-to-date: /home/rasp/humanoid/robot_ws/install/servo_interfaces/include/servo_interfaces/servo_interfaces/srv/detail
[0.942s] -- Up-to-date: /home/rasp/humanoid/robot_ws/install/servo_interfaces/include/servo_interfaces/servo_interfaces/srv/detail/motor_angle__rosidl_typesupport_fastrtps_c.h
[0.942s] -- Up-to-date: /home/rasp/humanoid/robot_ws/install/servo_interfaces/include/servo_interfaces/servo_interfaces/action
[0.942s] -- Up-to-date: /home/rasp/humanoid/robot_ws/install/servo_interfaces/include/servo_interfaces/servo_interfaces/action/detail
[0.945s] -- Up-to-date: /home/rasp/humanoid/robot_ws/install/servo_interfaces/include/servo_interfaces/servo_interfaces/action/detail/motor_angle__rosidl_typesupport_fastrtps_c.h
[0.946s] -- Up-to-date: /home/rasp/humanoid/robot_ws/install/servo_interfaces/lib/libservo_interfaces__rosidl_typesupport_fastrtps_c.so
[0.946s] -- Up-to-date: /home/rasp/humanoid/robot_ws/install/servo_interfaces/include/servo_interfaces/servo_interfaces
[0.946s] -- Up-to-date: /home/rasp/humanoid/robot_ws/install/servo_interfaces/include/servo_interfaces/servo_interfaces/msg
[0.946s] -- Up-to-date: /home/rasp/humanoid/robot_ws/install/servo_interfaces/include/servo_interfaces/servo_interfaces/msg/rosidl_typesupport_introspection_c__visibility_control.h
[0.946s] -- Up-to-date: /home/rasp/humanoid/robot_ws/install/servo_interfaces/include/servo_interfaces/servo_interfaces/msg/detail
[0.946s] -- Up-to-date: /home/rasp/humanoid/robot_ws/install/servo_interfaces/include/servo_interfaces/servo_interfaces/msg/detail/set_pwm__rosidl_typesupport_introspection_c.h
[0.946s] -- Installing: /home/rasp/humanoid/robot_ws/install/servo_interfaces/include/servo_interfaces/servo_interfaces/msg/detail/set_mode__type_support.c
[0.946s] -- Up-to-date: /home/rasp/humanoid/robot_ws/install/servo_interfaces/include/servo_interfaces/servo_interfaces/msg/detail/set_mode__rosidl_typesupport_introspection_c.h
[0.946s] -- Installing: /home/rasp/humanoid/robot_ws/install/servo_interfaces/include/servo_interfaces/servo_interfaces/msg/detail/set_pwm__type_support.c
[0.946s] -- Up-to-date: /home/rasp/humanoid/robot_ws/install/servo_interfaces/include/servo_interfaces/servo_interfaces/srv
[0.947s] -- Up-to-date: /home/rasp/humanoid/robot_ws/install/servo_interfaces/include/servo_interfaces/servo_interfaces/srv/detail
[0.947s] -- Installing: /home/rasp/humanoid/robot_ws/install/servo_interfaces/include/servo_interfaces/servo_interfaces/srv/detail/motor_angle__type_support.c
[0.947s] -- Up-to-date: /home/rasp/humanoid/robot_ws/install/servo_interfaces/include/servo_interfaces/servo_interfaces/srv/detail/motor_angle__rosidl_typesupport_introspection_c.h
[0.947s] -- Up-to-date: /home/rasp/humanoid/robot_ws/install/servo_interfaces/include/servo_interfaces/servo_interfaces/action
[0.947s] -- Up-to-date: /home/rasp/humanoid/robot_ws/install/servo_interfaces/include/servo_interfaces/servo_interfaces/action/detail
[0.947s] -- Installing: /home/rasp/humanoid/robot_ws/install/servo_interfaces/include/servo_interfaces/servo_interfaces/action/detail/motor_angle__type_support.c
[0.947s] -- Up-to-date: /home/rasp/humanoid/robot_ws/install/servo_interfaces/include/servo_interfaces/servo_interfaces/action/detail/motor_angle__rosidl_typesupport_introspection_c.h
[0.947s] -- Up-to-date: /home/rasp/humanoid/robot_ws/install/servo_interfaces/lib/libservo_interfaces__rosidl_typesupport_introspection_c.so
[0.947s] -- Up-to-date: /home/rasp/humanoid/robot_ws/install/servo_interfaces/lib/libservo_interfaces__rosidl_typesupport_c.so
[0.948s] -- Up-to-date: /home/rasp/humanoid/robot_ws/install/servo_interfaces/include/servo_interfaces/servo_interfaces
[0.948s] -- Up-to-date: /home/rasp/humanoid/robot_ws/install/servo_interfaces/include/servo_interfaces/servo_interfaces/msg
[0.948s] -- Up-to-date: /home/rasp/humanoid/robot_ws/install/servo_interfaces/include/servo_interfaces/servo_interfaces/msg/rosidl_generator_cpp__visibility_control.hpp
[0.948s] -- Up-to-date: /home/rasp/humanoid/robot_ws/install/servo_interfaces/include/servo_interfaces/servo_interfaces/msg/set_pwm.hpp
[0.948s] -- Up-to-date: /home/rasp/humanoid/robot_ws/install/servo_interfaces/include/servo_interfaces/servo_interfaces/msg/set_mode.hpp
[0.948s] -- Up-to-date: /home/rasp/humanoid/robot_ws/install/servo_interfaces/include/servo_interfaces/servo_interfaces/msg/detail
[0.948s] -- Up-to-date: /home/rasp/humanoid/robot_ws/install/servo_interfaces/include/servo_interfaces/servo_interfaces/msg/detail/set_pwm__traits.hpp
[0.948s] -- Up-to-date: /home/rasp/humanoid/robot_ws/install/servo_interfaces/include/servo_interfaces/servo_interfaces/msg/detail/set_pwm__struct.hpp
[0.948s] -- Up-to-date: /home/rasp/humanoid/robot_ws/install/servo_interfaces/include/servo_interfaces/servo_interfaces/msg/detail/set_mode__builder.hpp
[0.948s] -- Up-to-date: /home/rasp/humanoid/robot_ws/install/servo_interfaces/include/servo_interfaces/servo_interfaces/msg/detail/set_pwm__builder.hpp
[0.948s] -- Up-to-date: /home/rasp/humanoid/robot_ws/install/servo_interfaces/include/servo_interfaces/servo_interfaces/msg/detail/set_pwm__type_support.hpp
[0.949s] -- Up-to-date: /home/rasp/humanoid/robot_ws/install/servo_interfaces/include/servo_interfaces/servo_interfaces/msg/detail/set_mode__type_support.hpp
[0.949s] -- Up-to-date: /home/rasp/humanoid/robot_ws/install/servo_interfaces/include/servo_interfaces/servo_interfaces/msg/detail/set_mode__traits.hpp
[0.949s] -- Up-to-date: /home/rasp/humanoid/robot_ws/install/servo_interfaces/include/servo_interfaces/servo_interfaces/msg/detail/set_mode__struct.hpp
[0.949s] -- Up-to-date: /home/rasp/humanoid/robot_ws/install/servo_interfaces/include/servo_interfaces/servo_interfaces/srv
[0.949s] -- Up-to-date: /home/rasp/humanoid/robot_ws/install/servo_interfaces/include/servo_interfaces/servo_interfaces/srv/motor_angle.hpp
[0.949s] -- Up-to-date: /home/rasp/humanoid/robot_ws/install/servo_interfaces/include/servo_interfaces/servo_interfaces/srv/detail
[0.949s] -- Up-to-date: /home/rasp/humanoid/robot_ws/install/servo_interfaces/include/servo_interfaces/servo_interfaces/srv/detail/motor_angle__type_support.hpp
[0.949s] -- Up-to-date: /home/rasp/humanoid/robot_ws/install/servo_interfaces/include/servo_interfaces/servo_interfaces/srv/detail/motor_angle__builder.hpp
[0.949s] -- Up-to-date: /home/rasp/humanoid/robot_ws/install/servo_interfaces/include/servo_interfaces/servo_interfaces/srv/detail/motor_angle__traits.hpp
[0.949s] -- Up-to-date: /home/rasp/humanoid/robot_ws/install/servo_interfaces/include/servo_interfaces/servo_interfaces/srv/detail/motor_angle__struct.hpp
[0.949s] -- Up-to-date: /home/rasp/humanoid/robot_ws/install/servo_interfaces/include/servo_interfaces/servo_interfaces/action
[0.950s] -- Up-to-date: /home/rasp/humanoid/robot_ws/install/servo_interfaces/include/servo_interfaces/servo_interfaces/action/motor_angle.hpp
[0.950s] -- Up-to-date: /home/rasp/humanoid/robot_ws/install/servo_interfaces/include/servo_interfaces/servo_interfaces/action/detail
[0.950s] -- Up-to-date: /home/rasp/humanoid/robot_ws/install/servo_interfaces/include/servo_interfaces/servo_interfaces/action/detail/motor_angle__type_support.hpp
[0.950s] -- Up-to-date: /home/rasp/humanoid/robot_ws/install/servo_interfaces/include/servo_interfaces/servo_interfaces/action/detail/motor_angle__builder.hpp
[0.950s] -- Up-to-date: /home/rasp/humanoid/robot_ws/install/servo_interfaces/include/servo_interfaces/servo_interfaces/action/detail/motor_angle__traits.hpp
[0.950s] -- Up-to-date: /home/rasp/humanoid/robot_ws/install/servo_interfaces/include/servo_interfaces/servo_interfaces/action/detail/motor_angle__struct.hpp
[0.950s] -- Up-to-date: /home/rasp/humanoid/robot_ws/install/servo_interfaces/include/servo_interfaces/servo_interfaces
[0.950s] -- Up-to-date: /home/rasp/humanoid/robot_ws/install/servo_interfaces/include/servo_interfaces/servo_interfaces/msg
[0.950s] -- Up-to-date: /home/rasp/humanoid/robot_ws/install/servo_interfaces/include/servo_interfaces/servo_interfaces/msg/rosidl_typesupport_fastrtps_cpp__visibility_control.h
[0.950s] -- Up-to-date: /home/rasp/humanoid/robot_ws/install/servo_interfaces/include/servo_interfaces/servo_interfaces/msg/detail
[0.950s] -- Up-to-date: /home/rasp/humanoid/robot_ws/install/servo_interfaces/include/servo_interfaces/servo_interfaces/msg/detail/set_mode__rosidl_typesupport_fastrtps_cpp.hpp
[0.950s] -- Up-to-date: /home/rasp/humanoid/robot_ws/install/servo_interfaces/include/servo_interfaces/servo_interfaces/msg/detail/set_pwm__rosidl_typesupport_fastrtps_cpp.hpp
[0.951s] -- Up-to-date: /home/rasp/humanoid/robot_ws/install/servo_interfaces/include/servo_interfaces/servo_interfaces/msg/detail/dds_fastrtps
[0.951s] -- Up-to-date: /home/rasp/humanoid/robot_ws/install/servo_interfaces/include/servo_interfaces/servo_interfaces/srv
[0.951s] -- Up-to-date: /home/rasp/humanoid/robot_ws/install/servo_interfaces/include/servo_interfaces/servo_interfaces/srv/detail
[0.951s] -- Up-to-date: /home/rasp/humanoid/robot_ws/install/servo_interfaces/include/servo_interfaces/servo_interfaces/srv/detail/dds_fastrtps
[0.951s] -- Up-to-date: /home/rasp/humanoid/robot_ws/install/servo_interfaces/include/servo_interfaces/servo_interfaces/srv/detail/motor_angle__rosidl_typesupport_fastrtps_cpp.hpp
[0.951s] -- Up-to-date: /home/rasp/humanoid/robot_ws/install/servo_interfaces/include/servo_interfaces/servo_interfaces/action
[0.951s] -- Up-to-date: /home/rasp/humanoid/robot_ws/install/servo_interfaces/include/servo_interfaces/servo_interfaces/action/detail
[0.951s] -- Up-to-date: /home/rasp/humanoid/robot_ws/install/servo_interfaces/include/servo_interfaces/servo_interfaces/action/detail/dds_fastrtps
[0.951s] -- Up-to-date: /home/rasp/humanoid/robot_ws/install/servo_interfaces/include/servo_interfaces/servo_interfaces/action/detail/motor_angle__rosidl_typesupport_fastrtps_cpp.hpp
[0.951s] -- Up-to-date: /home/rasp/humanoid/robot_ws/install/servo_interfaces/lib/libservo_interfaces__rosidl_typesupport_fastrtps_cpp.so
[0.951s] -- Up-to-date: /home/rasp/humanoid/robot_ws/install/servo_interfaces/include/servo_interfaces/servo_interfaces
[0.952s] -- Up-to-date: /home/rasp/humanoid/robot_ws/install/servo_interfaces/include/servo_interfaces/servo_interfaces/msg
[0.952s] -- Up-to-date: /home/rasp/humanoid/robot_ws/install/servo_interfaces/include/servo_interfaces/servo_interfaces/msg/detail
[0.952s] -- Up-to-date: /home/rasp/humanoid/robot_ws/install/servo_interfaces/include/servo_interfaces/servo_interfaces/msg/detail/set_mode__rosidl_typesupport_introspection_cpp.hpp
[0.952s] -- Up-to-date: /home/rasp/humanoid/robot_ws/install/servo_interfaces/include/servo_interfaces/servo_interfaces/msg/detail/set_pwm__rosidl_typesupport_introspection_cpp.hpp
[0.952s] -- Up-to-date: /home/rasp/humanoid/robot_ws/install/servo_interfaces/include/servo_interfaces/servo_interfaces/msg/detail/set_mode__type_support.cpp
[0.952s] -- Up-to-date: /home/rasp/humanoid/robot_ws/install/servo_interfaces/include/servo_interfaces/servo_interfaces/msg/detail/set_pwm__type_support.cpp
[0.952s] -- Up-to-date: /home/rasp/humanoid/robot_ws/install/servo_interfaces/include/servo_interfaces/servo_interfaces/srv
[0.952s] -- Up-to-date: /home/rasp/humanoid/robot_ws/install/servo_interfaces/include/servo_interfaces/servo_interfaces/srv/detail
[0.952s] -- Up-to-date: /home/rasp/humanoid/robot_ws/install/servo_interfaces/include/servo_interfaces/servo_interfaces/srv/detail/motor_angle__rosidl_typesupport_introspection_cpp.hpp
[0.952s] -- Up-to-date: /home/rasp/humanoid/robot_ws/install/servo_interfaces/include/servo_interfaces/servo_interfaces/srv/detail/motor_angle__type_support.cpp
[0.952s] -- Up-to-date: /home/rasp/humanoid/robot_ws/install/servo_interfaces/include/servo_interfaces/servo_interfaces/action
[0.952s] -- Up-to-date: /home/rasp/humanoid/robot_ws/install/servo_interfaces/include/servo_interfaces/servo_interfaces/action/detail
[0.953s] -- Up-to-date: /home/rasp/humanoid/robot_ws/install/servo_interfaces/include/servo_interfaces/servo_interfaces/action/detail/motor_angle__rosidl_typesupport_introspection_cpp.hpp
[0.953s] -- Up-to-date: /home/rasp/humanoid/robot_ws/install/servo_interfaces/include/servo_interfaces/servo_interfaces/action/detail/motor_angle__type_support.cpp
[0.953s] -- Up-to-date: /home/rasp/humanoid/robot_ws/install/servo_interfaces/lib/libservo_interfaces__rosidl_typesupport_introspection_cpp.so
[0.953s] -- Up-to-date: /home/rasp/humanoid/robot_ws/install/servo_interfaces/lib/libservo_interfaces__rosidl_typesupport_cpp.so
[0.953s] -- Up-to-date: /home/rasp/humanoid/robot_ws/install/servo_interfaces/share/servo_interfaces/environment/pythonpath.sh
[0.953s] -- Up-to-date: /home/rasp/humanoid/robot_ws/install/servo_interfaces/share/servo_interfaces/environment/pythonpath.dsv
[0.953s] -- Up-to-date: /home/rasp/humanoid/robot_ws/install/servo_interfaces/lib/python3.12/site-packages/servo_interfaces-0.0.0-py3.12.egg-info
[0.953s] -- Installing: /home/rasp/humanoid/robot_ws/install/servo_interfaces/lib/python3.12/site-packages/servo_interfaces-0.0.0-py3.12.egg-info/top_level.txt
[0.953s] -- Installing: /home/rasp/humanoid/robot_ws/install/servo_interfaces/lib/python3.12/site-packages/servo_interfaces-0.0.0-py3.12.egg-info/PKG-INFO
[0.953s] -- Installing: /home/rasp/humanoid/robot_ws/install/servo_interfaces/lib/python3.12/site-packages/servo_interfaces-0.0.0-py3.12.egg-info/SOURCES.txt
[0.953s] -- Installing: /home/rasp/humanoid/robot_ws/install/servo_interfaces/lib/python3.12/site-packages/servo_interfaces-0.0.0-py3.12.egg-info/dependency_links.txt
[0.953s] -- Up-to-date: /home/rasp/humanoid/robot_ws/install/servo_interfaces/lib/python3.12/site-packages/servo_interfaces
[0.954s] -- Up-to-date: /home/rasp/humanoid/robot_ws/install/servo_interfaces/lib/python3.12/site-packages/servo_interfaces/_servo_interfaces_s.ep.rosidl_typesupport_introspection_c.c
[0.954s] -- Up-to-date: /home/rasp/humanoid/robot_ws/install/servo_interfaces/lib/python3.12/site-packages/servo_interfaces/msg
[0.954s] -- Up-to-date: /home/rasp/humanoid/robot_ws/install/servo_interfaces/lib/python3.12/site-packages/servo_interfaces/msg/__init__.py
[0.954s] -- Up-to-date: /home/rasp/humanoid/robot_ws/install/servo_interfaces/lib/python3.12/site-packages/servo_interfaces/msg/_set_pwm_s.c
[0.954s] -- Up-to-date: /home/rasp/humanoid/robot_ws/install/servo_interfaces/lib/python3.12/site-packages/servo_interfaces/msg/_set_mode_s.c
[0.954s] -- Up-to-date: /home/rasp/humanoid/robot_ws/install/servo_interfaces/lib/python3.12/site-packages/servo_interfaces/msg/_set_mode.py
[0.954s] -- Up-to-date: /home/rasp/humanoid/robot_ws/install/servo_interfaces/lib/python3.12/site-packages/servo_interfaces/msg/_set_pwm.py
[0.954s] -- Up-to-date: /home/rasp/humanoid/robot_ws/install/servo_interfaces/lib/python3.12/site-packages/servo_interfaces/__init__.py
[0.954s] -- Up-to-date: /home/rasp/humanoid/robot_ws/install/servo_interfaces/lib/python3.12/site-packages/servo_interfaces/srv
[0.954s] -- Up-to-date: /home/rasp/humanoid/robot_ws/install/servo_interfaces/lib/python3.12/site-packages/servo_interfaces/srv/__init__.py
[0.954s] -- Up-to-date: /home/rasp/humanoid/robot_ws/install/servo_interfaces/lib/python3.12/site-packages/servo_interfaces/srv/_motor_angle.py
[0.954s] -- Up-to-date: /home/rasp/humanoid/robot_ws/install/servo_interfaces/lib/python3.12/site-packages/servo_interfaces/srv/_motor_angle_s.c
[0.955s] -- Up-to-date: /home/rasp/humanoid/robot_ws/install/servo_interfaces/lib/python3.12/site-packages/servo_interfaces/_servo_interfaces_s.ep.rosidl_typesupport_c.c
[0.955s] -- Up-to-date: /home/rasp/humanoid/robot_ws/install/servo_interfaces/lib/python3.12/site-packages/servo_interfaces/_servo_interfaces_s.ep.rosidl_typesupport_fastrtps_c.c
[0.955s] -- Up-to-date: /home/rasp/humanoid/robot_ws/install/servo_interfaces/lib/python3.12/site-packages/servo_interfaces/servo_interfaces_s__rosidl_typesupport_fastrtps_c.so
[0.955s] -- Up-to-date: /home/rasp/humanoid/robot_ws/install/servo_interfaces/lib/python3.12/site-packages/servo_interfaces/servo_interfaces_s__rosidl_typesupport_introspection_c.so
[0.955s] -- Up-to-date: /home/rasp/humanoid/robot_ws/install/servo_interfaces/lib/python3.12/site-packages/servo_interfaces/action
[0.955s] -- Up-to-date: /home/rasp/humanoid/robot_ws/install/servo_interfaces/lib/python3.12/site-packages/servo_interfaces/action/__init__.py
[0.955s] -- Up-to-date: /home/rasp/humanoid/robot_ws/install/servo_interfaces/lib/python3.12/site-packages/servo_interfaces/action/_motor_angle.py
[0.955s] -- Up-to-date: /home/rasp/humanoid/robot_ws/install/servo_interfaces/lib/python3.12/site-packages/servo_interfaces/action/_motor_angle_s.c
[0.955s] -- Up-to-date: /home/rasp/humanoid/robot_ws/install/servo_interfaces/lib/python3.12/site-packages/servo_interfaces/servo_interfaces_s__rosidl_typesupport_c.so
[0.998s] Listing '/home/rasp/humanoid/robot_ws/install/servo_interfaces/lib/python3.12/site-packages/servo_interfaces'...
[0.998s] Listing '/home/rasp/humanoid/robot_ws/install/servo_interfaces/lib/python3.12/site-packages/servo_interfaces/action'...
[0.998s] Listing '/home/rasp/humanoid/robot_ws/install/servo_interfaces/lib/python3.12/site-packages/servo_interfaces/msg'...
[0.998s] Listing '/home/rasp/humanoid/robot_ws/install/servo_interfaces/lib/python3.12/site-packages/servo_interfaces/srv'...
[1.010s] -- Up-to-date: /home/rasp/humanoid/robot_ws/install/servo_interfaces/lib/python3.12/site-packages/servo_interfaces/servo_interfaces_s__rosidl_typesupport_fastrtps_c.so
[1.010s] -- Up-to-date: /home/rasp/humanoid/robot_ws/install/servo_interfaces/lib/python3.12/site-packages/servo_interfaces/servo_interfaces_s__rosidl_typesupport_introspection_c.so
[1.011s] -- Up-to-date: /home/rasp/humanoid/robot_ws/install/servo_interfaces/lib/python3.12/site-packages/servo_interfaces/servo_interfaces_s__rosidl_typesupport_c.so
[1.011s] -- Up-to-date: /home/rasp/humanoid/robot_ws/install/servo_interfaces/lib/libservo_interfaces__rosidl_generator_py.so
[1.011s] -- Up-to-date: /home/rasp/humanoid/robot_ws/install/servo_interfaces/share/servo_interfaces/msg/SetPwm.idl
[1.011s] -- Up-to-date: /home/rasp/humanoid/robot_ws/install/servo_interfaces/share/servo_interfaces/msg/SetMode.idl
[1.012s] -- Up-to-date: /home/rasp/humanoid/robot_ws/install/servo_interfaces/share/servo_interfaces/srv/MotorAngle.idl
[1.012s] -- Up-to-date: /home/rasp/humanoid/robot_ws/install/servo_interfaces/share/servo_interfaces/action/MotorAngle.idl
[1.012s] -- Up-to-date: /home/rasp/humanoid/robot_ws/install/servo_interfaces/share/servo_interfaces/msg/SetPwm.msg
[1.012s] -- Up-to-date: /home/rasp/humanoid/robot_ws/install/servo_interfaces/share/servo_interfaces/msg/SetMode.msg
[1.012s] -- Up-to-date: /home/rasp/humanoid/robot_ws/install/servo_interfaces/share/servo_interfaces/srv/MotorAngle.srv
[1.012s] -- Up-to-date: /home/rasp/humanoid/robot_ws/install/servo_interfaces/share/servo_interfaces/action/MotorAngle.action
[1.012s] -- Up-to-date: /home/rasp/humanoid/robot_ws/install/servo_interfaces/share/ament_index/resource_index/package_run_dependencies/servo_interfaces
[1.013s] -- Up-to-date: /home/rasp/humanoid/robot_ws/install/servo_interfaces/share/ament_index/resource_index/parent_prefix_path/servo_interfaces
[1.013s] -- Up-to-date: /home/rasp/humanoid/robot_ws/install/servo_interfaces/share/servo_interfaces/environment/ament_prefix_path.sh
[1.013s] -- Up-to-date: /home/rasp/humanoid/robot_ws/install/servo_interfaces/share/servo_interfaces/environment/ament_prefix_path.dsv
[1.013s] -- Up-to-date: /home/rasp/humanoid/robot_ws/install/servo_interfaces/share/servo_interfaces/environment/path.sh
[1.013s] -- Up-to-date: /home/rasp/humanoid/robot_ws/install/servo_interfaces/share/servo_interfaces/environment/path.dsv
[1.013s] -- Up-to-date: /home/rasp/humanoid/robot_ws/install/servo_interfaces/share/servo_interfaces/local_setup.bash
[1.013s] -- Up-to-date: /home/rasp/humanoid/robot_ws/install/servo_interfaces/share/servo_interfaces/local_setup.sh
[1.013s] -- Up-to-date: /home/rasp/humanoid/robot_ws/install/servo_interfaces/share/servo_interfaces/local_setup.zsh
[1.013s] -- Up-to-date: /home/rasp/humanoid/robot_ws/install/servo_interfaces/share/servo_interfaces/local_setup.dsv
[1.014s] -- Installing: /home/rasp/humanoid/robot_ws/install/servo_interfaces/share/servo_interfaces/package.dsv
[1.014s] -- Up-to-date: /home/rasp/humanoid/robot_ws/install/servo_interfaces/share/ament_index/resource_index/packages/servo_interfaces
[1.014s] -- Up-to-date: /home/rasp/humanoid/robot_ws/install/servo_interfaces/share/servo_interfaces/cmake/export_servo_interfaces__rosidl_generator_cExport.cmake
[1.014s] -- Up-to-date: /home/rasp/humanoid/robot_ws/install/servo_interfaces/share/servo_interfaces/cmake/export_servo_interfaces__rosidl_generator_cExport-noconfig.cmake
[1.014s] -- Up-to-date: /home/rasp/humanoid/robot_ws/install/servo_interfaces/share/servo_interfaces/cmake/export_servo_interfaces__rosidl_typesupport_fastrtps_cExport.cmake
[1.014s] -- Up-to-date: /home/rasp/humanoid/robot_ws/install/servo_interfaces/share/servo_interfaces/cmake/export_servo_interfaces__rosidl_typesupport_fastrtps_cExport-noconfig.cmake
[1.014s] -- Up-to-date: /home/rasp/humanoid/robot_ws/install/servo_interfaces/share/servo_interfaces/cmake/servo_interfaces__rosidl_typesupport_introspection_cExport.cmake
[1.015s] -- Up-to-date: /home/rasp/humanoid/robot_ws/install/servo_interfaces/share/servo_interfaces/cmake/servo_interfaces__rosidl_typesupport_introspection_cExport-noconfig.cmake
[1.015s] -- Up-to-date: /home/rasp/humanoid/robot_ws/install/servo_interfaces/share/servo_interfaces/cmake/servo_interfaces__rosidl_typesupport_cExport.cmake
[1.015s] -- Up-to-date: /home/rasp/humanoid/robot_ws/install/servo_interfaces/share/servo_interfaces/cmake/servo_interfaces__rosidl_typesupport_cExport-noconfig.cmake
[1.015s] -- Up-to-date: /home/rasp/humanoid/robot_ws/install/servo_interfaces/share/servo_interfaces/cmake/export_servo_interfaces__rosidl_generator_cppExport.cmake
[1.015s] -- Up-to-date: /home/rasp/humanoid/robot_ws/install/servo_interfaces/share/servo_interfaces/cmake/export_servo_interfaces__rosidl_typesupport_fastrtps_cppExport.cmake
[1.015s] -- Up-to-date: /home/rasp/humanoid/robot_ws/install/servo_interfaces/share/servo_interfaces/cmake/export_servo_interfaces__rosidl_typesupport_fastrtps_cppExport-noconfig.cmake
[1.015s] -- Up-to-date: /home/rasp/humanoid/robot_ws/install/servo_interfaces/share/servo_interfaces/cmake/servo_interfaces__rosidl_typesupport_introspection_cppExport.cmake
[1.015s] -- Up-to-date: /home/rasp/humanoid/robot_ws/install/servo_interfaces/share/servo_interfaces/cmake/servo_interfaces__rosidl_typesupport_introspection_cppExport-noconfig.cmake
[1.015s] -- Up-to-date: /home/rasp/humanoid/robot_ws/install/servo_interfaces/share/servo_interfaces/cmake/servo_interfaces__rosidl_typesupport_cppExport.cmake
[1.016s] -- Up-to-date: /home/rasp/humanoid/robot_ws/install/servo_interfaces/share/servo_interfaces/cmake/servo_interfaces__rosidl_typesupport_cppExport-noconfig.cmake
[1.016s] -- Up-to-date: /home/rasp/humanoid/robot_ws/install/servo_interfaces/share/servo_interfaces/cmake/export_servo_interfaces__rosidl_generator_pyExport.cmake
[1.016s] -- Up-to-date: /home/rasp/humanoid/robot_ws/install/servo_interfaces/share/servo_interfaces/cmake/export_servo_interfaces__rosidl_generator_pyExport-noconfig.cmake
[1.016s] -- Up-to-date: /home/rasp/humanoid/robot_ws/install/servo_interfaces/share/servo_interfaces/cmake/rosidl_cmake-extras.cmake
[1.016s] -- Up-to-date: /home/rasp/humanoid/robot_ws/install/servo_interfaces/share/servo_interfaces/cmake/ament_cmake_export_dependencies-extras.cmake
[1.016s] -- Up-to-date: /home/rasp/humanoid/robot_ws/install/servo_interfaces/share/servo_interfaces/cmake/ament_cmake_export_include_directories-extras.cmake
[1.016s] -- Up-to-date: /home/rasp/humanoid/robot_ws/install/servo_interfaces/share/servo_interfaces/cmake/ament_cmake_export_libraries-extras.cmake
[1.016s] -- Up-to-date: /home/rasp/humanoid/robot_ws/install/servo_interfaces/share/servo_interfaces/cmake/ament_cmake_export_targets-extras.cmake
[1.016s] -- Up-to-date: /home/rasp/humanoid/robot_ws/install/servo_interfaces/share/servo_interfaces/cmake/rosidl_cmake_export_typesupport_targets-extras.cmake
[1.016s] -- Up-to-date: /home/rasp/humanoid/robot_ws/install/servo_interfaces/share/servo_interfaces/cmake/rosidl_cmake_export_typesupport_libraries-extras.cmake
[1.016s] -- Up-to-date: /home/rasp/humanoid/robot_ws/install/servo_interfaces/share/servo_interfaces/cmake/servo_interfacesConfig.cmake
[1.016s] -- Up-to-date: /home/rasp/humanoid/robot_ws/install/servo_interfaces/share/servo_interfaces/cmake/servo_interfacesConfig-version.cmake
[1.017s] -- Up-to-date: /home/rasp/humanoid/robot_ws/install/servo_interfaces/share/servo_interfaces/package.xml
[1.019s] Invoked command in '/home/rasp/humanoid/robot_ws/build/servo_interfaces' returned '0': CMAKE_PREFIX_PATH=${CMAKE_PREFIX_PATH}:/home/rasp/humanoid/robot_ws/install/my_servo_controller:/opt/ros/jazzy DEBUGINFOD_URLS=https://debuginfod.ubuntu.com /usr/bin/cmake --install /home/rasp/humanoid/robot_ws/build/servo_interfaces
