[0.016s] Invoking command in '/home/rasp/humanoid/robot_ws/build/servo_interfaces': CMAKE_PREFIX_PATH=${CMAKE_PREFIX_PATH}:/home/rasp/humanoid/robot_ws/install/my_servo_controller:/opt/ros/jazzy DEBUGINFOD_URLS=https://debuginfod.ubuntu.com /usr/bin/cmake --build /home/rasp/humanoid/robot_ws/build/servo_interfaces -- -j4 -l4
[0.117s] [  1%] Built target servo_interfaces__rosidl_generator_type_description
[0.138s] [  1%] Built target ament_cmake_python_copy_servo_interfaces
[0.159s] [  3%] Built target servo_interfaces__cpp
[0.165s] [ 24%] Built target servo_interfaces__rosidl_generator_c
[0.218s] [ 33%] Built target servo_interfaces__rosidl_typesupport_cpp
[0.221s] [ 42%] Built target servo_interfaces__rosidl_typesupport_fastrtps_cpp
[0.223s] [ 51%] Built target servo_interfaces__rosidl_typesupport_introspection_cpp
[0.275s] [ 61%] Built target servo_interfaces__rosidl_typesupport_introspection_c
[0.275s] [ 70%] Built target servo_interfaces__rosidl_typesupport_fastrtps_c
[0.275s] [ 79%] Built target servo_interfaces__rosidl_typesupport_c
[0.316s] [ 79%] Built target servo_interfaces
[0.358s] [ 81%] Built target servo_interfaces__py
[0.407s] [ 88%] Built target servo_interfaces__rosidl_generator_py
[0.453s] [ 92%] Built target servo_interfaces_s__rosidl_typesupport_c
[0.461s] [100%] Built target servo_interfaces_s__rosidl_typesupport_fastrtps_c
[0.461s] [100%] Built target servo_interfaces_s__rosidl_typesupport_introspection_c
[0.536s] running egg_info
[0.570s] writing servo_interfaces.egg-info/PKG-INFO
[0.570s] writing dependency_links to servo_interfaces.egg-info/dependency_links.txt
[0.572s] writing top-level names to servo_interfaces.egg-info/top_level.txt
[0.665s] reading manifest file 'servo_interfaces.egg-info/SOURCES.txt'
[0.666s] writing manifest file 'servo_interfaces.egg-info/SOURCES.txt'
[0.738s] [100%] Built target ament_cmake_python_build_servo_interfaces_egg
[0.763s] Invoked command in '/home/rasp/humanoid/robot_ws/build/servo_interfaces' returned '0': CMAKE_PREFIX_PATH=${CMAKE_PREFIX_PATH}:/home/rasp/humanoid/robot_ws/install/my_servo_controller:/opt/ros/jazzy DEBUGINFOD_URLS=https://debuginfod.ubuntu.com /usr/bin/cmake --build /home/rasp/humanoid/robot_ws/build/servo_interfaces -- -j4 -l4
[0.783s] Invoking command in '/home/rasp/humanoid/robot_ws/build/servo_interfaces': CMAKE_PREFIX_PATH=${CMAKE_PREFIX_PATH}:/home/rasp/humanoid/robot_ws/install/my_servo_controller:/opt/ros/jazzy DEBUGINFOD_URLS=https://debuginfod.ubuntu.com /usr/bin/cmake --install /home/rasp/humanoid/robot_ws/build/servo_interfaces
[0.800s] -- Install configuration: ""
[0.800s] -- Up-to-date: /home/rasp/humanoid/robot_ws/install/servo_interfaces/share/ament_index/resource_index/rosidl_interfaces/servo_interfaces
[0.800s] -- Up-to-date: /home/rasp/humanoid/robot_ws/install/servo_interfaces/share/servo_interfaces/msg/SetPwm.json
[0.801s] -- Up-to-date: /home/rasp/humanoid/robot_ws/install/servo_interfaces/share/servo_interfaces/srv/MotorAngle.json
[0.801s] -- Up-to-date: /home/rasp/humanoid/robot_ws/install/servo_interfaces/share/servo_interfaces/action/MotorAngle.json
[0.801s] -- Up-to-date: /home/rasp/humanoid/robot_ws/install/servo_interfaces/include/servo_interfaces/servo_interfaces
[0.801s] -- Up-to-date: /home/rasp/humanoid/robot_ws/install/servo_interfaces/include/servo_interfaces/servo_interfaces/msg
[0.801s] -- Up-to-date: /home/rasp/humanoid/robot_ws/install/servo_interfaces/include/servo_interfaces/servo_interfaces/msg/set_pwm.h
[0.801s] -- Up-to-date: /home/rasp/humanoid/robot_ws/install/servo_interfaces/include/servo_interfaces/servo_interfaces/msg/rosidl_generator_c__visibility_control.h
[0.801s] -- Up-to-date: /home/rasp/humanoid/robot_ws/install/servo_interfaces/include/servo_interfaces/servo_interfaces/msg/detail
[0.801s] -- Up-to-date: /home/rasp/humanoid/robot_ws/install/servo_interfaces/include/servo_interfaces/servo_interfaces/msg/detail/set_pwm__description.c
[0.801s] -- Up-to-date: /home/rasp/humanoid/robot_ws/install/servo_interfaces/include/servo_interfaces/servo_interfaces/msg/detail/set_pwm__struct.h
[0.801s] -- Up-to-date: /home/rasp/humanoid/robot_ws/install/servo_interfaces/include/servo_interfaces/servo_interfaces/msg/detail/set_pwm__functions.c
[0.802s] -- Up-to-date: /home/rasp/humanoid/robot_ws/install/servo_interfaces/include/servo_interfaces/servo_interfaces/msg/detail/set_pwm__functions.h
[0.802s] -- Up-to-date: /home/rasp/humanoid/robot_ws/install/servo_interfaces/include/servo_interfaces/servo_interfaces/msg/detail/set_pwm__type_support.h
[0.802s] -- Installing: /home/rasp/humanoid/robot_ws/install/servo_interfaces/include/servo_interfaces/servo_interfaces/msg/detail/set_pwm__type_support.c
[0.802s] -- Up-to-date: /home/rasp/humanoid/robot_ws/install/servo_interfaces/include/servo_interfaces/servo_interfaces/srv
[0.802s] -- Up-to-date: /home/rasp/humanoid/robot_ws/install/servo_interfaces/include/servo_interfaces/servo_interfaces/srv/motor_angle.h
[0.802s] -- Up-to-date: /home/rasp/humanoid/robot_ws/install/servo_interfaces/include/servo_interfaces/servo_interfaces/srv/detail
[0.803s] -- Up-to-date: /home/rasp/humanoid/robot_ws/install/servo_interfaces/include/servo_interfaces/servo_interfaces/srv/detail/motor_angle__type_support.h
[0.803s] -- Up-to-date: /home/rasp/humanoid/robot_ws/install/servo_interfaces/include/servo_interfaces/servo_interfaces/srv/detail/motor_angle__description.c
[0.803s] -- Installing: /home/rasp/humanoid/robot_ws/install/servo_interfaces/include/servo_interfaces/servo_interfaces/srv/detail/motor_angle__type_support.c
[0.803s] -- Up-to-date: /home/rasp/humanoid/robot_ws/install/servo_interfaces/include/servo_interfaces/servo_interfaces/srv/detail/motor_angle__functions.h
[0.803s] -- Up-to-date: /home/rasp/humanoid/robot_ws/install/servo_interfaces/include/servo_interfaces/servo_interfaces/srv/detail/motor_angle__struct.h
[0.803s] -- Up-to-date: /home/rasp/humanoid/robot_ws/install/servo_interfaces/include/servo_interfaces/servo_interfaces/srv/detail/motor_angle__functions.c
[0.803s] -- Up-to-date: /home/rasp/humanoid/robot_ws/install/servo_interfaces/include/servo_interfaces/servo_interfaces/action
[0.803s] -- Up-to-date: /home/rasp/humanoid/robot_ws/install/servo_interfaces/include/servo_interfaces/servo_interfaces/action/motor_angle.h
[0.803s] -- Up-to-date: /home/rasp/humanoid/robot_ws/install/servo_interfaces/include/servo_interfaces/servo_interfaces/action/detail
[0.804s] -- Up-to-date: /home/rasp/humanoid/robot_ws/install/servo_interfaces/include/servo_interfaces/servo_interfaces/action/detail/motor_angle__type_support.h
[0.804s] -- Up-to-date: /home/rasp/humanoid/robot_ws/install/servo_interfaces/include/servo_interfaces/servo_interfaces/action/detail/motor_angle__description.c
[0.804s] -- Installing: /home/rasp/humanoid/robot_ws/install/servo_interfaces/include/servo_interfaces/servo_interfaces/action/detail/motor_angle__type_support.c
[0.804s] -- Up-to-date: /home/rasp/humanoid/robot_ws/install/servo_interfaces/include/servo_interfaces/servo_interfaces/action/detail/motor_angle__functions.h
[0.804s] -- Up-to-date: /home/rasp/humanoid/robot_ws/install/servo_interfaces/include/servo_interfaces/servo_interfaces/action/detail/motor_angle__struct.h
[0.804s] -- Up-to-date: /home/rasp/humanoid/robot_ws/install/servo_interfaces/include/servo_interfaces/servo_interfaces/action/detail/motor_angle__functions.c
[0.804s] -- Up-to-date: /home/rasp/humanoid/robot_ws/install/servo_interfaces/share/servo_interfaces/environment/library_path.sh
[0.804s] -- Up-to-date: /home/rasp/humanoid/robot_ws/install/servo_interfaces/share/servo_interfaces/environment/library_path.dsv
[0.804s] -- Up-to-date: /home/rasp/humanoid/robot_ws/install/servo_interfaces/lib/libservo_interfaces__rosidl_generator_c.so
[0.804s] -- Up-to-date: /home/rasp/humanoid/robot_ws/install/servo_interfaces/include/servo_interfaces/servo_interfaces
[0.805s] -- Up-to-date: /home/rasp/humanoid/robot_ws/install/servo_interfaces/include/servo_interfaces/servo_interfaces/msg
[0.805s] -- Up-to-date: /home/rasp/humanoid/robot_ws/install/servo_interfaces/include/servo_interfaces/servo_interfaces/msg/rosidl_typesupport_fastrtps_c__visibility_control.h
[0.805s] -- Up-to-date: /home/rasp/humanoid/robot_ws/install/servo_interfaces/include/servo_interfaces/servo_interfaces/msg/detail
[0.805s] -- Up-to-date: /home/rasp/humanoid/robot_ws/install/servo_interfaces/include/servo_interfaces/servo_interfaces/msg/detail/set_pwm__rosidl_typesupport_fastrtps_c.h
[0.805s] -- Up-to-date: /home/rasp/humanoid/robot_ws/install/servo_interfaces/include/servo_interfaces/servo_interfaces/srv
[0.805s] -- Up-to-date: /home/rasp/humanoid/robot_ws/install/servo_interfaces/include/servo_interfaces/servo_interfaces/srv/detail
[0.805s] -- Up-to-date: /home/rasp/humanoid/robot_ws/install/servo_interfaces/include/servo_interfaces/servo_interfaces/srv/detail/motor_angle__rosidl_typesupport_fastrtps_c.h
[0.805s] -- Up-to-date: /home/rasp/humanoid/robot_ws/install/servo_interfaces/include/servo_interfaces/servo_interfaces/action
[0.805s] -- Up-to-date: /home/rasp/humanoid/robot_ws/install/servo_interfaces/include/servo_interfaces/servo_interfaces/action/detail
[0.805s] -- Up-to-date: /home/rasp/humanoid/robot_ws/install/servo_interfaces/include/servo_interfaces/servo_interfaces/action/detail/motor_angle__rosidl_typesupport_fastrtps_c.h
[0.806s] -- Up-to-date: /home/rasp/humanoid/robot_ws/install/servo_interfaces/lib/libservo_interfaces__rosidl_typesupport_fastrtps_c.so
[0.806s] -- Up-to-date: /home/rasp/humanoid/robot_ws/install/servo_interfaces/include/servo_interfaces/servo_interfaces
[0.806s] -- Up-to-date: /home/rasp/humanoid/robot_ws/install/servo_interfaces/include/servo_interfaces/servo_interfaces/msg
[0.806s] -- Up-to-date: /home/rasp/humanoid/robot_ws/install/servo_interfaces/include/servo_interfaces/servo_interfaces/msg/rosidl_typesupport_introspection_c__visibility_control.h
[0.806s] -- Up-to-date: /home/rasp/humanoid/robot_ws/install/servo_interfaces/include/servo_interfaces/servo_interfaces/msg/detail
[0.806s] -- Up-to-date: /home/rasp/humanoid/robot_ws/install/servo_interfaces/include/servo_interfaces/servo_interfaces/msg/detail/set_pwm__rosidl_typesupport_introspection_c.h
[0.806s] -- Installing: /home/rasp/humanoid/robot_ws/install/servo_interfaces/include/servo_interfaces/servo_interfaces/msg/detail/set_pwm__type_support.c
[0.806s] -- Up-to-date: /home/rasp/humanoid/robot_ws/install/servo_interfaces/include/servo_interfaces/servo_interfaces/srv
[0.806s] -- Up-to-date: /home/rasp/humanoid/robot_ws/install/servo_interfaces/include/servo_interfaces/servo_interfaces/srv/detail
[0.806s] -- Installing: /home/rasp/humanoid/robot_ws/install/servo_interfaces/include/servo_interfaces/servo_interfaces/srv/detail/motor_angle__type_support.c
[0.807s] -- Up-to-date: /home/rasp/humanoid/robot_ws/install/servo_interfaces/include/servo_interfaces/servo_interfaces/srv/detail/motor_angle__rosidl_typesupport_introspection_c.h
[0.807s] -- Up-to-date: /home/rasp/humanoid/robot_ws/install/servo_interfaces/include/servo_interfaces/servo_interfaces/action
[0.807s] -- Up-to-date: /home/rasp/humanoid/robot_ws/install/servo_interfaces/include/servo_interfaces/servo_interfaces/action/detail
[0.807s] -- Installing: /home/rasp/humanoid/robot_ws/install/servo_interfaces/include/servo_interfaces/servo_interfaces/action/detail/motor_angle__type_support.c
[0.807s] -- Up-to-date: /home/rasp/humanoid/robot_ws/install/servo_interfaces/include/servo_interfaces/servo_interfaces/action/detail/motor_angle__rosidl_typesupport_introspection_c.h
[0.807s] -- Up-to-date: /home/rasp/humanoid/robot_ws/install/servo_interfaces/lib/libservo_interfaces__rosidl_typesupport_introspection_c.so
[0.807s] -- Up-to-date: /home/rasp/humanoid/robot_ws/install/servo_interfaces/lib/libservo_interfaces__rosidl_typesupport_c.so
[0.807s] -- Up-to-date: /home/rasp/humanoid/robot_ws/install/servo_interfaces/include/servo_interfaces/servo_interfaces
[0.807s] -- Up-to-date: /home/rasp/humanoid/robot_ws/install/servo_interfaces/include/servo_interfaces/servo_interfaces/msg
[0.807s] -- Up-to-date: /home/rasp/humanoid/robot_ws/install/servo_interfaces/include/servo_interfaces/servo_interfaces/msg/rosidl_generator_cpp__visibility_control.hpp
[0.807s] -- Up-to-date: /home/rasp/humanoid/robot_ws/install/servo_interfaces/include/servo_interfaces/servo_interfaces/msg/set_pwm.hpp
[0.808s] -- Up-to-date: /home/rasp/humanoid/robot_ws/install/servo_interfaces/include/servo_interfaces/servo_interfaces/msg/detail
[0.808s] -- Up-to-date: /home/rasp/humanoid/robot_ws/install/servo_interfaces/include/servo_interfaces/servo_interfaces/msg/detail/set_pwm__traits.hpp
[0.808s] -- Up-to-date: /home/rasp/humanoid/robot_ws/install/servo_interfaces/include/servo_interfaces/servo_interfaces/msg/detail/set_pwm__struct.hpp
[0.808s] -- Up-to-date: /home/rasp/humanoid/robot_ws/install/servo_interfaces/include/servo_interfaces/servo_interfaces/msg/detail/set_pwm__builder.hpp
[0.808s] -- Up-to-date: /home/rasp/humanoid/robot_ws/install/servo_interfaces/include/servo_interfaces/servo_interfaces/msg/detail/set_pwm__type_support.hpp
[0.808s] -- Up-to-date: /home/rasp/humanoid/robot_ws/install/servo_interfaces/include/servo_interfaces/servo_interfaces/srv
[0.808s] -- Up-to-date: /home/rasp/humanoid/robot_ws/install/servo_interfaces/include/servo_interfaces/servo_interfaces/srv/motor_angle.hpp
[0.808s] -- Up-to-date: /home/rasp/humanoid/robot_ws/install/servo_interfaces/include/servo_interfaces/servo_interfaces/srv/detail
[0.808s] -- Up-to-date: /home/rasp/humanoid/robot_ws/install/servo_interfaces/include/servo_interfaces/servo_interfaces/srv/detail/motor_angle__type_support.hpp
[0.808s] -- Up-to-date: /home/rasp/humanoid/robot_ws/install/servo_interfaces/include/servo_interfaces/servo_interfaces/srv/detail/motor_angle__builder.hpp
[0.808s] -- Up-to-date: /home/rasp/humanoid/robot_ws/install/servo_interfaces/include/servo_interfaces/servo_interfaces/srv/detail/motor_angle__traits.hpp
[0.808s] -- Up-to-date: /home/rasp/humanoid/robot_ws/install/servo_interfaces/include/servo_interfaces/servo_interfaces/srv/detail/motor_angle__struct.hpp
[0.809s] -- Up-to-date: /home/rasp/humanoid/robot_ws/install/servo_interfaces/include/servo_interfaces/servo_interfaces/action
[0.809s] -- Up-to-date: /home/rasp/humanoid/robot_ws/install/servo_interfaces/include/servo_interfaces/servo_interfaces/action/motor_angle.hpp
[0.809s] -- Up-to-date: /home/rasp/humanoid/robot_ws/install/servo_interfaces/include/servo_interfaces/servo_interfaces/action/detail
[0.809s] -- Up-to-date: /home/rasp/humanoid/robot_ws/install/servo_interfaces/include/servo_interfaces/servo_interfaces/action/detail/motor_angle__type_support.hpp
[0.809s] -- Up-to-date: /home/rasp/humanoid/robot_ws/install/servo_interfaces/include/servo_interfaces/servo_interfaces/action/detail/motor_angle__builder.hpp
[0.809s] -- Up-to-date: /home/rasp/humanoid/robot_ws/install/servo_interfaces/include/servo_interfaces/servo_interfaces/action/detail/motor_angle__traits.hpp
[0.809s] -- Up-to-date: /home/rasp/humanoid/robot_ws/install/servo_interfaces/include/servo_interfaces/servo_interfaces/action/detail/motor_angle__struct.hpp
[0.809s] -- Up-to-date: /home/rasp/humanoid/robot_ws/install/servo_interfaces/include/servo_interfaces/servo_interfaces
[0.809s] -- Up-to-date: /home/rasp/humanoid/robot_ws/install/servo_interfaces/include/servo_interfaces/servo_interfaces/msg
[0.810s] -- Up-to-date: /home/rasp/humanoid/robot_ws/install/servo_interfaces/include/servo_interfaces/servo_interfaces/msg/rosidl_typesupport_fastrtps_cpp__visibility_control.h
[0.810s] -- Up-to-date: /home/rasp/humanoid/robot_ws/install/servo_interfaces/include/servo_interfaces/servo_interfaces/msg/detail
[0.810s] -- Up-to-date: /home/rasp/humanoid/robot_ws/install/servo_interfaces/include/servo_interfaces/servo_interfaces/msg/detail/set_pwm__rosidl_typesupport_fastrtps_cpp.hpp
[0.810s] -- Up-to-date: /home/rasp/humanoid/robot_ws/install/servo_interfaces/include/servo_interfaces/servo_interfaces/msg/detail/dds_fastrtps
[0.810s] -- Up-to-date: /home/rasp/humanoid/robot_ws/install/servo_interfaces/include/servo_interfaces/servo_interfaces/srv
[0.810s] -- Up-to-date: /home/rasp/humanoid/robot_ws/install/servo_interfaces/include/servo_interfaces/servo_interfaces/srv/detail
[0.810s] -- Up-to-date: /home/rasp/humanoid/robot_ws/install/servo_interfaces/include/servo_interfaces/servo_interfaces/srv/detail/dds_fastrtps
[0.810s] -- Up-to-date: /home/rasp/humanoid/robot_ws/install/servo_interfaces/include/servo_interfaces/servo_interfaces/srv/detail/motor_angle__rosidl_typesupport_fastrtps_cpp.hpp
[0.810s] -- Up-to-date: /home/rasp/humanoid/robot_ws/install/servo_interfaces/include/servo_interfaces/servo_interfaces/action
[0.810s] -- Up-to-date: /home/rasp/humanoid/robot_ws/install/servo_interfaces/include/servo_interfaces/servo_interfaces/action/detail
[0.811s] -- Up-to-date: /home/rasp/humanoid/robot_ws/install/servo_interfaces/include/servo_interfaces/servo_interfaces/action/detail/dds_fastrtps
[0.811s] -- Up-to-date: /home/rasp/humanoid/robot_ws/install/servo_interfaces/include/servo_interfaces/servo_interfaces/action/detail/motor_angle__rosidl_typesupport_fastrtps_cpp.hpp
[0.811s] -- Up-to-date: /home/rasp/humanoid/robot_ws/install/servo_interfaces/lib/libservo_interfaces__rosidl_typesupport_fastrtps_cpp.so
[0.811s] -- Up-to-date: /home/rasp/humanoid/robot_ws/install/servo_interfaces/include/servo_interfaces/servo_interfaces
[0.811s] -- Up-to-date: /home/rasp/humanoid/robot_ws/install/servo_interfaces/include/servo_interfaces/servo_interfaces/msg
[0.811s] -- Up-to-date: /home/rasp/humanoid/robot_ws/install/servo_interfaces/include/servo_interfaces/servo_interfaces/msg/detail
[0.811s] -- Up-to-date: /home/rasp/humanoid/robot_ws/install/servo_interfaces/include/servo_interfaces/servo_interfaces/msg/detail/set_pwm__rosidl_typesupport_introspection_cpp.hpp
[0.811s] -- Up-to-date: /home/rasp/humanoid/robot_ws/install/servo_interfaces/include/servo_interfaces/servo_interfaces/msg/detail/set_pwm__type_support.cpp
[0.811s] -- Up-to-date: /home/rasp/humanoid/robot_ws/install/servo_interfaces/include/servo_interfaces/servo_interfaces/srv
[0.811s] -- Up-to-date: /home/rasp/humanoid/robot_ws/install/servo_interfaces/include/servo_interfaces/servo_interfaces/srv/detail
[0.811s] -- Up-to-date: /home/rasp/humanoid/robot_ws/install/servo_interfaces/include/servo_interfaces/servo_interfaces/srv/detail/motor_angle__rosidl_typesupport_introspection_cpp.hpp
[0.812s] -- Up-to-date: /home/rasp/humanoid/robot_ws/install/servo_interfaces/include/servo_interfaces/servo_interfaces/srv/detail/motor_angle__type_support.cpp
[0.812s] -- Up-to-date: /home/rasp/humanoid/robot_ws/install/servo_interfaces/include/servo_interfaces/servo_interfaces/action
[0.812s] -- Up-to-date: /home/rasp/humanoid/robot_ws/install/servo_interfaces/include/servo_interfaces/servo_interfaces/action/detail
[0.812s] -- Up-to-date: /home/rasp/humanoid/robot_ws/install/servo_interfaces/include/servo_interfaces/servo_interfaces/action/detail/motor_angle__rosidl_typesupport_introspection_cpp.hpp
[0.812s] -- Up-to-date: /home/rasp/humanoid/robot_ws/install/servo_interfaces/include/servo_interfaces/servo_interfaces/action/detail/motor_angle__type_support.cpp
[0.812s] -- Up-to-date: /home/rasp/humanoid/robot_ws/install/servo_interfaces/lib/libservo_interfaces__rosidl_typesupport_introspection_cpp.so
[0.812s] -- Up-to-date: /home/rasp/humanoid/robot_ws/install/servo_interfaces/lib/libservo_interfaces__rosidl_typesupport_cpp.so
[0.812s] -- Up-to-date: /home/rasp/humanoid/robot_ws/install/servo_interfaces/share/servo_interfaces/environment/pythonpath.sh
[0.812s] -- Up-to-date: /home/rasp/humanoid/robot_ws/install/servo_interfaces/share/servo_interfaces/environment/pythonpath.dsv
[0.812s] -- Up-to-date: /home/rasp/humanoid/robot_ws/install/servo_interfaces/lib/python3.12/site-packages/servo_interfaces-0.0.0-py3.12.egg-info
[0.812s] -- Installing: /home/rasp/humanoid/robot_ws/install/servo_interfaces/lib/python3.12/site-packages/servo_interfaces-0.0.0-py3.12.egg-info/top_level.txt
[0.813s] -- Installing: /home/rasp/humanoid/robot_ws/install/servo_interfaces/lib/python3.12/site-packages/servo_interfaces-0.0.0-py3.12.egg-info/PKG-INFO
[0.813s] -- Installing: /home/rasp/humanoid/robot_ws/install/servo_interfaces/lib/python3.12/site-packages/servo_interfaces-0.0.0-py3.12.egg-info/SOURCES.txt
[0.813s] -- Installing: /home/rasp/humanoid/robot_ws/install/servo_interfaces/lib/python3.12/site-packages/servo_interfaces-0.0.0-py3.12.egg-info/dependency_links.txt
[0.813s] -- Up-to-date: /home/rasp/humanoid/robot_ws/install/servo_interfaces/lib/python3.12/site-packages/servo_interfaces
[0.813s] -- Up-to-date: /home/rasp/humanoid/robot_ws/install/servo_interfaces/lib/python3.12/site-packages/servo_interfaces/_servo_interfaces_s.ep.rosidl_typesupport_introspection_c.c
[0.813s] -- Up-to-date: /home/rasp/humanoid/robot_ws/install/servo_interfaces/lib/python3.12/site-packages/servo_interfaces/msg
[0.813s] -- Up-to-date: /home/rasp/humanoid/robot_ws/install/servo_interfaces/lib/python3.12/site-packages/servo_interfaces/msg/__init__.py
[0.813s] -- Up-to-date: /home/rasp/humanoid/robot_ws/install/servo_interfaces/lib/python3.12/site-packages/servo_interfaces/msg/_set_pwm_s.c
[0.813s] -- Up-to-date: /home/rasp/humanoid/robot_ws/install/servo_interfaces/lib/python3.12/site-packages/servo_interfaces/msg/_set_pwm.py
[0.813s] -- Up-to-date: /home/rasp/humanoid/robot_ws/install/servo_interfaces/lib/python3.12/site-packages/servo_interfaces/__init__.py
[0.813s] -- Up-to-date: /home/rasp/humanoid/robot_ws/install/servo_interfaces/lib/python3.12/site-packages/servo_interfaces/srv
[0.813s] -- Up-to-date: /home/rasp/humanoid/robot_ws/install/servo_interfaces/lib/python3.12/site-packages/servo_interfaces/srv/__init__.py
[0.814s] -- Up-to-date: /home/rasp/humanoid/robot_ws/install/servo_interfaces/lib/python3.12/site-packages/servo_interfaces/srv/_motor_angle.py
[0.814s] -- Up-to-date: /home/rasp/humanoid/robot_ws/install/servo_interfaces/lib/python3.12/site-packages/servo_interfaces/srv/_motor_angle_s.c
[0.814s] -- Up-to-date: /home/rasp/humanoid/robot_ws/install/servo_interfaces/lib/python3.12/site-packages/servo_interfaces/_servo_interfaces_s.ep.rosidl_typesupport_c.c
[0.814s] -- Up-to-date: /home/rasp/humanoid/robot_ws/install/servo_interfaces/lib/python3.12/site-packages/servo_interfaces/_servo_interfaces_s.ep.rosidl_typesupport_fastrtps_c.c
[0.814s] -- Up-to-date: /home/rasp/humanoid/robot_ws/install/servo_interfaces/lib/python3.12/site-packages/servo_interfaces/servo_interfaces_s__rosidl_typesupport_fastrtps_c.so
[0.814s] -- Up-to-date: /home/rasp/humanoid/robot_ws/install/servo_interfaces/lib/python3.12/site-packages/servo_interfaces/servo_interfaces_s__rosidl_typesupport_introspection_c.so
[0.814s] -- Up-to-date: /home/rasp/humanoid/robot_ws/install/servo_interfaces/lib/python3.12/site-packages/servo_interfaces/action
[0.814s] -- Up-to-date: /home/rasp/humanoid/robot_ws/install/servo_interfaces/lib/python3.12/site-packages/servo_interfaces/action/__init__.py
[0.814s] -- Up-to-date: /home/rasp/humanoid/robot_ws/install/servo_interfaces/lib/python3.12/site-packages/servo_interfaces/action/_motor_angle.py
[0.814s] -- Up-to-date: /home/rasp/humanoid/robot_ws/install/servo_interfaces/lib/python3.12/site-packages/servo_interfaces/action/_motor_angle_s.c
[0.814s] -- Up-to-date: /home/rasp/humanoid/robot_ws/install/servo_interfaces/lib/python3.12/site-packages/servo_interfaces/servo_interfaces_s__rosidl_typesupport_c.so
[0.862s] Listing '/home/rasp/humanoid/robot_ws/install/servo_interfaces/lib/python3.12/site-packages/servo_interfaces'...
[0.862s] Listing '/home/rasp/humanoid/robot_ws/install/servo_interfaces/lib/python3.12/site-packages/servo_interfaces/action'...
[0.862s] Listing '/home/rasp/humanoid/robot_ws/install/servo_interfaces/lib/python3.12/site-packages/servo_interfaces/msg'...
[0.862s] Listing '/home/rasp/humanoid/robot_ws/install/servo_interfaces/lib/python3.12/site-packages/servo_interfaces/srv'...
[0.874s] -- Up-to-date: /home/rasp/humanoid/robot_ws/install/servo_interfaces/lib/python3.12/site-packages/servo_interfaces/servo_interfaces_s__rosidl_typesupport_fastrtps_c.so
[0.874s] -- Up-to-date: /home/rasp/humanoid/robot_ws/install/servo_interfaces/lib/python3.12/site-packages/servo_interfaces/servo_interfaces_s__rosidl_typesupport_introspection_c.so
[0.875s] -- Up-to-date: /home/rasp/humanoid/robot_ws/install/servo_interfaces/lib/python3.12/site-packages/servo_interfaces/servo_interfaces_s__rosidl_typesupport_c.so
[0.875s] -- Up-to-date: /home/rasp/humanoid/robot_ws/install/servo_interfaces/lib/libservo_interfaces__rosidl_generator_py.so
[0.875s] -- Up-to-date: /home/rasp/humanoid/robot_ws/install/servo_interfaces/share/servo_interfaces/msg/SetPwm.idl
[0.875s] -- Up-to-date: /home/rasp/humanoid/robot_ws/install/servo_interfaces/share/servo_interfaces/srv/MotorAngle.idl
[0.876s] -- Up-to-date: /home/rasp/humanoid/robot_ws/install/servo_interfaces/share/servo_interfaces/action/MotorAngle.idl
[0.876s] -- Up-to-date: /home/rasp/humanoid/robot_ws/install/servo_interfaces/share/servo_interfaces/msg/SetPwm.msg
[0.876s] -- Up-to-date: /home/rasp/humanoid/robot_ws/install/servo_interfaces/share/servo_interfaces/srv/MotorAngle.srv
[0.876s] -- Up-to-date: /home/rasp/humanoid/robot_ws/install/servo_interfaces/share/servo_interfaces/action/MotorAngle.action
[0.876s] -- Up-to-date: /home/rasp/humanoid/robot_ws/install/servo_interfaces/share/ament_index/resource_index/package_run_dependencies/servo_interfaces
[0.876s] -- Up-to-date: /home/rasp/humanoid/robot_ws/install/servo_interfaces/share/ament_index/resource_index/parent_prefix_path/servo_interfaces
[0.876s] -- Up-to-date: /home/rasp/humanoid/robot_ws/install/servo_interfaces/share/servo_interfaces/environment/ament_prefix_path.sh
[0.876s] -- Up-to-date: /home/rasp/humanoid/robot_ws/install/servo_interfaces/share/servo_interfaces/environment/ament_prefix_path.dsv
[0.876s] -- Up-to-date: /home/rasp/humanoid/robot_ws/install/servo_interfaces/share/servo_interfaces/environment/path.sh
[0.877s] -- Up-to-date: /home/rasp/humanoid/robot_ws/install/servo_interfaces/share/servo_interfaces/environment/path.dsv
[0.877s] -- Up-to-date: /home/rasp/humanoid/robot_ws/install/servo_interfaces/share/servo_interfaces/local_setup.bash
[0.877s] -- Up-to-date: /home/rasp/humanoid/robot_ws/install/servo_interfaces/share/servo_interfaces/local_setup.sh
[0.877s] -- Up-to-date: /home/rasp/humanoid/robot_ws/install/servo_interfaces/share/servo_interfaces/local_setup.zsh
[0.877s] -- Up-to-date: /home/rasp/humanoid/robot_ws/install/servo_interfaces/share/servo_interfaces/local_setup.dsv
[0.877s] -- Installing: /home/rasp/humanoid/robot_ws/install/servo_interfaces/share/servo_interfaces/package.dsv
[0.877s] -- Up-to-date: /home/rasp/humanoid/robot_ws/install/servo_interfaces/share/ament_index/resource_index/packages/servo_interfaces
[0.877s] -- Up-to-date: /home/rasp/humanoid/robot_ws/install/servo_interfaces/share/servo_interfaces/cmake/export_servo_interfaces__rosidl_generator_cExport.cmake
[0.877s] -- Up-to-date: /home/rasp/humanoid/robot_ws/install/servo_interfaces/share/servo_interfaces/cmake/export_servo_interfaces__rosidl_generator_cExport-noconfig.cmake
[0.878s] -- Up-to-date: /home/rasp/humanoid/robot_ws/install/servo_interfaces/share/servo_interfaces/cmake/export_servo_interfaces__rosidl_typesupport_fastrtps_cExport.cmake
[0.878s] -- Up-to-date: /home/rasp/humanoid/robot_ws/install/servo_interfaces/share/servo_interfaces/cmake/export_servo_interfaces__rosidl_typesupport_fastrtps_cExport-noconfig.cmake
[0.878s] -- Up-to-date: /home/rasp/humanoid/robot_ws/install/servo_interfaces/share/servo_interfaces/cmake/servo_interfaces__rosidl_typesupport_introspection_cExport.cmake
[0.878s] -- Up-to-date: /home/rasp/humanoid/robot_ws/install/servo_interfaces/share/servo_interfaces/cmake/servo_interfaces__rosidl_typesupport_introspection_cExport-noconfig.cmake
[0.878s] -- Up-to-date: /home/rasp/humanoid/robot_ws/install/servo_interfaces/share/servo_interfaces/cmake/servo_interfaces__rosidl_typesupport_cExport.cmake
[0.878s] -- Up-to-date: /home/rasp/humanoid/robot_ws/install/servo_interfaces/share/servo_interfaces/cmake/servo_interfaces__rosidl_typesupport_cExport-noconfig.cmake
[0.878s] -- Up-to-date: /home/rasp/humanoid/robot_ws/install/servo_interfaces/share/servo_interfaces/cmake/export_servo_interfaces__rosidl_generator_cppExport.cmake
[0.878s] -- Up-to-date: /home/rasp/humanoid/robot_ws/install/servo_interfaces/share/servo_interfaces/cmake/export_servo_interfaces__rosidl_typesupport_fastrtps_cppExport.cmake
[0.878s] -- Up-to-date: /home/rasp/humanoid/robot_ws/install/servo_interfaces/share/servo_interfaces/cmake/export_servo_interfaces__rosidl_typesupport_fastrtps_cppExport-noconfig.cmake
[0.878s] -- Up-to-date: /home/rasp/humanoid/robot_ws/install/servo_interfaces/share/servo_interfaces/cmake/servo_interfaces__rosidl_typesupport_introspection_cppExport.cmake
[0.879s] -- Up-to-date: /home/rasp/humanoid/robot_ws/install/servo_interfaces/share/servo_interfaces/cmake/servo_interfaces__rosidl_typesupport_introspection_cppExport-noconfig.cmake
[0.879s] -- Up-to-date: /home/rasp/humanoid/robot_ws/install/servo_interfaces/share/servo_interfaces/cmake/servo_interfaces__rosidl_typesupport_cppExport.cmake
[0.879s] -- Up-to-date: /home/rasp/humanoid/robot_ws/install/servo_interfaces/share/servo_interfaces/cmake/servo_interfaces__rosidl_typesupport_cppExport-noconfig.cmake
[0.879s] -- Up-to-date: /home/rasp/humanoid/robot_ws/install/servo_interfaces/share/servo_interfaces/cmake/export_servo_interfaces__rosidl_generator_pyExport.cmake
[0.879s] -- Up-to-date: /home/rasp/humanoid/robot_ws/install/servo_interfaces/share/servo_interfaces/cmake/export_servo_interfaces__rosidl_generator_pyExport-noconfig.cmake
[0.879s] -- Up-to-date: /home/rasp/humanoid/robot_ws/install/servo_interfaces/share/servo_interfaces/cmake/rosidl_cmake-extras.cmake
[0.879s] -- Up-to-date: /home/rasp/humanoid/robot_ws/install/servo_interfaces/share/servo_interfaces/cmake/ament_cmake_export_dependencies-extras.cmake
[0.879s] -- Up-to-date: /home/rasp/humanoid/robot_ws/install/servo_interfaces/share/servo_interfaces/cmake/ament_cmake_export_include_directories-extras.cmake
[0.879s] -- Up-to-date: /home/rasp/humanoid/robot_ws/install/servo_interfaces/share/servo_interfaces/cmake/ament_cmake_export_libraries-extras.cmake
[0.879s] -- Up-to-date: /home/rasp/humanoid/robot_ws/install/servo_interfaces/share/servo_interfaces/cmake/ament_cmake_export_targets-extras.cmake
[0.880s] -- Up-to-date: /home/rasp/humanoid/robot_ws/install/servo_interfaces/share/servo_interfaces/cmake/rosidl_cmake_export_typesupport_targets-extras.cmake
[0.880s] -- Up-to-date: /home/rasp/humanoid/robot_ws/install/servo_interfaces/share/servo_interfaces/cmake/rosidl_cmake_export_typesupport_libraries-extras.cmake
[0.880s] -- Up-to-date: /home/rasp/humanoid/robot_ws/install/servo_interfaces/share/servo_interfaces/cmake/servo_interfacesConfig.cmake
[0.880s] -- Up-to-date: /home/rasp/humanoid/robot_ws/install/servo_interfaces/share/servo_interfaces/cmake/servo_interfacesConfig-version.cmake
[0.880s] -- Up-to-date: /home/rasp/humanoid/robot_ws/install/servo_interfaces/share/servo_interfaces/package.xml
[0.883s] Invoked command in '/home/rasp/humanoid/robot_ws/build/servo_interfaces' returned '0': CMAKE_PREFIX_PATH=${CMAKE_PREFIX_PATH}:/home/rasp/humanoid/robot_ws/install/my_servo_controller:/opt/ros/jazzy DEBUGINFOD_URLS=https://debuginfod.ubuntu.com /usr/bin/cmake --install /home/rasp/humanoid/robot_ws/build/servo_interfaces
