running egg_info
writing ../../../../build/ros_gz_h1_controller/ros_gz_h1_controller.egg-info/PKG-INFO
writing dependency_links to ../../../../build/ros_gz_h1_controller/ros_gz_h1_controller.egg-info/dependency_links.txt
writing entry points to ../../../../build/ros_gz_h1_controller/ros_gz_h1_controller.egg-info/entry_points.txt
writing requirements to ../../../../build/ros_gz_h1_controller/ros_gz_h1_controller.egg-info/requires.txt
writing top-level names to ../../../../build/ros_gz_h1_controller/ros_gz_h1_controller.egg-info/top_level.txt
reading manifest file '../../../../build/ros_gz_h1_controller/ros_gz_h1_controller.egg-info/SOURCES.txt'
writing manifest file '../../../../build/ros_gz_h1_controller/ros_gz_h1_controller.egg-info/SOURCES.txt'
running build
running build_py
running install
running install_lib
running install_data
running install_egg_info
removing '/home/rasp/humanoid/robot_ws/install/ros_gz_h1_controller/lib/python3.12/site-packages/ros_gz_h1_controller-0.0.0-py3.12.egg-info' (and everything under it)
Copying ../../../../build/ros_gz_h1_controller/ros_gz_h1_controller.egg-info to /home/rasp/humanoid/robot_ws/install/ros_gz_h1_controller/lib/python3.12/site-packages/ros_gz_h1_controller-0.0.0-py3.12.egg-info
running install_scripts
Installing example script to /home/rasp/humanoid/robot_ws/install/ros_gz_h1_controller/lib/ros_gz_h1_controller
Installing example_matrix_pose script to /home/rasp/humanoid/robot_ws/install/ros_gz_h1_controller/lib/ros_gz_h1_controller
writing list of installed files to '/home/rasp/humanoid/robot_ws/build/ros_gz_h1_controller/install.log'
