[0.155s] DEBUG:colcon:Command line arguments: ['/usr/bin/colcon', 'build']
[0.155s] DEBUG:colcon:Parsed command line arguments: Namespace(log_base=None, log_level=None, verb_name='build', build_base='build', install_base='install', merge_install=False, symlink_install=False, test_result_base=None, continue_on_error=False, executor='parallel', parallel_workers=4, event_handlers=None, ignore_user_meta=False, metas=['./colcon.meta'], base_paths=['.'], packages_ignore=None, packages_ignore_regex=None, paths=None, packages_up_to=None, packages_up_to_regex=None, packages_above=None, packages_above_and_dependencies=None, packages_above_depth=None, packages_select_by_dep=None, packages_skip_by_dep=None, packages_skip_up_to=None, packages_select_build_failed=False, packages_skip_build_finished=False, packages_select_test_failures=False, packages_skip_test_passed=False, packages_select=None, packages_skip=None, packages_select_regex=None, packages_skip_regex=None, packages_start=None, packages_end=None, allow_overriding=[], cmake_args=None, cmake_target=None, cmake_target_skip_unavailable=False, cmake_clean_cache=False, cmake_clean_first=False, cmake_force_configure=False, ament_cmake_args=None, catkin_cmake_args=None, catkin_skip_building_tests=False, mixin_files=None, mixin=None, verb_parser=<colcon_mixin.mixin.mixin_argument.MixinArgumentDecorator object at 0xffffa24f9df0>, verb_extension=<colcon_core.verb.build.BuildVerb object at 0xffffa26a1be0>, main=<bound method BuildVerb.main of <colcon_core.verb.build.BuildVerb object at 0xffffa26a1be0>>, mixin_verb=('build',))
[0.210s] Level 1:colcon.colcon_core.package_discovery:discover_packages(colcon_meta) check parameters
[0.211s] Level 1:colcon.colcon_core.package_discovery:discover_packages(recursive) check parameters
[0.211s] Level 1:colcon.colcon_core.package_discovery:discover_packages(ignore) check parameters
[0.211s] Level 1:colcon.colcon_core.package_discovery:discover_packages(path) check parameters
[0.211s] Level 1:colcon.colcon_core.package_discovery:discover_packages(colcon_meta) discover
[0.211s] Level 1:colcon.colcon_core.package_discovery:discover_packages(recursive) discover
[0.211s] INFO:colcon.colcon_core.package_discovery:Crawling recursively for packages in '/home/rasp/robot_ws'
[0.211s] Level 1:colcon.colcon_core.package_identification:_identify(.) by extensions ['ignore', 'ignore_ament_install']
[0.211s] Level 1:colcon.colcon_core.package_identification:_identify(.) by extension 'ignore'
[0.211s] Level 1:colcon.colcon_core.package_identification:_identify(.) by extension 'ignore_ament_install'
[0.211s] Level 1:colcon.colcon_core.package_identification:_identify(.) by extensions ['colcon_pkg']
[0.211s] Level 1:colcon.colcon_core.package_identification:_identify(.) by extension 'colcon_pkg'
[0.211s] Level 1:colcon.colcon_core.package_identification:_identify(.) by extensions ['colcon_meta']
[0.211s] Level 1:colcon.colcon_core.package_identification:_identify(.) by extension 'colcon_meta'
[0.211s] Level 1:colcon.colcon_core.package_identification:_identify(.) by extensions ['ros']
[0.211s] Level 1:colcon.colcon_core.package_identification:_identify(.) by extension 'ros'
[0.250s] Level 1:colcon.colcon_core.package_identification:_identify(.) by extensions ['cmake', 'python']
[0.250s] Level 1:colcon.colcon_core.package_identification:_identify(.) by extension 'cmake'
[0.250s] Level 1:colcon.colcon_core.package_identification:_identify(.) by extension 'python'
[0.250s] Level 1:colcon.colcon_core.package_identification:_identify(.) by extensions ['python_setup_py']
[0.250s] Level 1:colcon.colcon_core.package_identification:_identify(.) by extension 'python_setup_py'
[0.250s] Level 1:colcon.colcon_core.package_identification:_identify(build) by extensions ['ignore', 'ignore_ament_install']
[0.251s] Level 1:colcon.colcon_core.package_identification:_identify(build) by extension 'ignore'
[0.251s] Level 1:colcon.colcon_core.package_identification:_identify(build) ignored
[0.251s] Level 1:colcon.colcon_core.package_identification:_identify(install) by extensions ['ignore', 'ignore_ament_install']
[0.251s] Level 1:colcon.colcon_core.package_identification:_identify(install) by extension 'ignore'
[0.251s] Level 1:colcon.colcon_core.package_identification:_identify(install) ignored
[0.251s] Level 1:colcon.colcon_core.package_identification:_identify(launch) by extensions ['ignore', 'ignore_ament_install']
[0.251s] Level 1:colcon.colcon_core.package_identification:_identify(launch) by extension 'ignore'
[0.251s] Level 1:colcon.colcon_core.package_identification:_identify(launch) by extension 'ignore_ament_install'
[0.251s] Level 1:colcon.colcon_core.package_identification:_identify(launch) by extensions ['colcon_pkg']
[0.251s] Level 1:colcon.colcon_core.package_identification:_identify(launch) by extension 'colcon_pkg'
[0.251s] Level 1:colcon.colcon_core.package_identification:_identify(launch) by extensions ['colcon_meta']
[0.251s] Level 1:colcon.colcon_core.package_identification:_identify(launch) by extension 'colcon_meta'
[0.251s] Level 1:colcon.colcon_core.package_identification:_identify(launch) by extensions ['ros']
[0.251s] Level 1:colcon.colcon_core.package_identification:_identify(launch) by extension 'ros'
[0.252s] Level 1:colcon.colcon_core.package_identification:_identify(launch) by extensions ['cmake', 'python']
[0.252s] Level 1:colcon.colcon_core.package_identification:_identify(launch) by extension 'cmake'
[0.252s] Level 1:colcon.colcon_core.package_identification:_identify(launch) by extension 'python'
[0.252s] Level 1:colcon.colcon_core.package_identification:_identify(launch) by extensions ['python_setup_py']
[0.252s] Level 1:colcon.colcon_core.package_identification:_identify(launch) by extension 'python_setup_py'
[0.252s] Level 1:colcon.colcon_core.package_identification:_identify(launch/__pycache__) by extensions ['ignore', 'ignore_ament_install']
[0.252s] Level 1:colcon.colcon_core.package_identification:_identify(launch/__pycache__) by extension 'ignore'
[0.252s] Level 1:colcon.colcon_core.package_identification:_identify(launch/__pycache__) by extension 'ignore_ament_install'
[0.252s] Level 1:colcon.colcon_core.package_identification:_identify(launch/__pycache__) by extensions ['colcon_pkg']
[0.252s] Level 1:colcon.colcon_core.package_identification:_identify(launch/__pycache__) by extension 'colcon_pkg'
[0.252s] Level 1:colcon.colcon_core.package_identification:_identify(launch/__pycache__) by extensions ['colcon_meta']
[0.252s] Level 1:colcon.colcon_core.package_identification:_identify(launch/__pycache__) by extension 'colcon_meta'
[0.252s] Level 1:colcon.colcon_core.package_identification:_identify(launch/__pycache__) by extensions ['ros']
[0.252s] Level 1:colcon.colcon_core.package_identification:_identify(launch/__pycache__) by extension 'ros'
[0.252s] Level 1:colcon.colcon_core.package_identification:_identify(launch/__pycache__) by extensions ['cmake', 'python']
[0.252s] Level 1:colcon.colcon_core.package_identification:_identify(launch/__pycache__) by extension 'cmake'
[0.252s] Level 1:colcon.colcon_core.package_identification:_identify(launch/__pycache__) by extension 'python'
[0.252s] Level 1:colcon.colcon_core.package_identification:_identify(launch/__pycache__) by extensions ['python_setup_py']
[0.252s] Level 1:colcon.colcon_core.package_identification:_identify(launch/__pycache__) by extension 'python_setup_py'
[0.253s] Level 1:colcon.colcon_core.package_identification:_identify(log) by extensions ['ignore', 'ignore_ament_install']
[0.253s] Level 1:colcon.colcon_core.package_identification:_identify(log) by extension 'ignore'
[0.253s] Level 1:colcon.colcon_core.package_identification:_identify(log) ignored
[0.253s] Level 1:colcon.colcon_core.package_identification:_identify(src) by extensions ['ignore', 'ignore_ament_install']
[0.253s] Level 1:colcon.colcon_core.package_identification:_identify(src) by extension 'ignore'
[0.253s] Level 1:colcon.colcon_core.package_identification:_identify(src) by extension 'ignore_ament_install'
[0.253s] Level 1:colcon.colcon_core.package_identification:_identify(src) by extensions ['colcon_pkg']
[0.253s] Level 1:colcon.colcon_core.package_identification:_identify(src) by extension 'colcon_pkg'
[0.253s] Level 1:colcon.colcon_core.package_identification:_identify(src) by extensions ['colcon_meta']
[0.253s] Level 1:colcon.colcon_core.package_identification:_identify(src) by extension 'colcon_meta'
[0.253s] Level 1:colcon.colcon_core.package_identification:_identify(src) by extensions ['ros']
[0.253s] Level 1:colcon.colcon_core.package_identification:_identify(src) by extension 'ros'
[0.253s] Level 1:colcon.colcon_core.package_identification:_identify(src) by extensions ['cmake', 'python']
[0.253s] Level 1:colcon.colcon_core.package_identification:_identify(src) by extension 'cmake'
[0.253s] Level 1:colcon.colcon_core.package_identification:_identify(src) by extension 'python'
[0.253s] Level 1:colcon.colcon_core.package_identification:_identify(src) by extensions ['python_setup_py']
[0.253s] Level 1:colcon.colcon_core.package_identification:_identify(src) by extension 'python_setup_py'
[0.254s] Level 1:colcon.colcon_core.package_identification:_identify(src/my_package) by extensions ['ignore', 'ignore_ament_install']
[0.254s] Level 1:colcon.colcon_core.package_identification:_identify(src/my_package) by extension 'ignore'
[0.254s] Level 1:colcon.colcon_core.package_identification:_identify(src/my_package) by extension 'ignore_ament_install'
[0.254s] Level 1:colcon.colcon_core.package_identification:_identify(src/my_package) by extensions ['colcon_pkg']
[0.254s] Level 1:colcon.colcon_core.package_identification:_identify(src/my_package) by extension 'colcon_pkg'
[0.254s] Level 1:colcon.colcon_core.package_identification:_identify(src/my_package) by extensions ['colcon_meta']
[0.254s] Level 1:colcon.colcon_core.package_identification:_identify(src/my_package) by extension 'colcon_meta'
[0.254s] Level 1:colcon.colcon_core.package_identification:_identify(src/my_package) by extensions ['ros']
[0.254s] Level 1:colcon.colcon_core.package_identification:_identify(src/my_package) by extension 'ros'
[0.257s] DEBUG:colcon.colcon_core.package_identification:Package 'src/my_package' with type 'ros.ament_cmake' and name 'my_package'
[0.257s] Level 1:colcon.colcon_core.package_identification:_identify(src/my_servo_controller) by extensions ['ignore', 'ignore_ament_install']
[0.257s] Level 1:colcon.colcon_core.package_identification:_identify(src/my_servo_controller) by extension 'ignore'
[0.257s] Level 1:colcon.colcon_core.package_identification:_identify(src/my_servo_controller) by extension 'ignore_ament_install'
[0.257s] Level 1:colcon.colcon_core.package_identification:_identify(src/my_servo_controller) by extensions ['colcon_pkg']
[0.257s] Level 1:colcon.colcon_core.package_identification:_identify(src/my_servo_controller) by extension 'colcon_pkg'
[0.258s] Level 1:colcon.colcon_core.package_identification:_identify(src/my_servo_controller) by extensions ['colcon_meta']
[0.258s] Level 1:colcon.colcon_core.package_identification:_identify(src/my_servo_controller) by extension 'colcon_meta'
[0.258s] Level 1:colcon.colcon_core.package_identification:_identify(src/my_servo_controller) by extensions ['ros']
[0.258s] Level 1:colcon.colcon_core.package_identification:_identify(src/my_servo_controller) by extension 'ros'
[0.258s] DEBUG:colcon.colcon_core.package_identification:Package 'src/my_servo_controller' with type 'ros.ament_python' and name 'my_servo_controller'
[0.258s] Level 1:colcon.colcon_core.package_identification:_identify(src/ros2_pca9685) by extensions ['ignore', 'ignore_ament_install']
[0.259s] Level 1:colcon.colcon_core.package_identification:_identify(src/ros2_pca9685) by extension 'ignore'
[0.259s] Level 1:colcon.colcon_core.package_identification:_identify(src/ros2_pca9685) by extension 'ignore_ament_install'
[0.259s] Level 1:colcon.colcon_core.package_identification:_identify(src/ros2_pca9685) by extensions ['colcon_pkg']
[0.259s] Level 1:colcon.colcon_core.package_identification:_identify(src/ros2_pca9685) by extension 'colcon_pkg'
[0.259s] Level 1:colcon.colcon_core.package_identification:_identify(src/ros2_pca9685) by extensions ['colcon_meta']
[0.259s] Level 1:colcon.colcon_core.package_identification:_identify(src/ros2_pca9685) by extension 'colcon_meta'
[0.259s] Level 1:colcon.colcon_core.package_identification:_identify(src/ros2_pca9685) by extensions ['ros']
[0.259s] Level 1:colcon.colcon_core.package_identification:_identify(src/ros2_pca9685) by extension 'ros'
[0.259s] DEBUG:colcon.colcon_core.package_identification:Package 'src/ros2_pca9685' with type 'ros.ament_cmake' and name 'ros2_pca9685'
[0.260s] Level 1:colcon.colcon_core.package_identification:_identify(src/servo_interfaces) by extensions ['ignore', 'ignore_ament_install']
[0.260s] Level 1:colcon.colcon_core.package_identification:_identify(src/servo_interfaces) by extension 'ignore'
[0.260s] Level 1:colcon.colcon_core.package_identification:_identify(src/servo_interfaces) by extension 'ignore_ament_install'
[0.260s] Level 1:colcon.colcon_core.package_identification:_identify(src/servo_interfaces) by extensions ['colcon_pkg']
[0.260s] Level 1:colcon.colcon_core.package_identification:_identify(src/servo_interfaces) by extension 'colcon_pkg'
[0.260s] Level 1:colcon.colcon_core.package_identification:_identify(src/servo_interfaces) by extensions ['colcon_meta']
[0.260s] Level 1:colcon.colcon_core.package_identification:_identify(src/servo_interfaces) by extension 'colcon_meta'
[0.260s] Level 1:colcon.colcon_core.package_identification:_identify(src/servo_interfaces) by extensions ['ros']
[0.260s] Level 1:colcon.colcon_core.package_identification:_identify(src/servo_interfaces) by extension 'ros'
[0.260s] DEBUG:colcon.colcon_core.package_identification:Package 'src/servo_interfaces' with type 'ros.ament_cmake' and name 'servo_interfaces'
[0.261s] Level 1:colcon.colcon_core.package_discovery:discover_packages(recursive) using defaults
[0.261s] Level 1:colcon.colcon_core.package_discovery:discover_packages(ignore) discover
[0.261s] Level 1:colcon.colcon_core.package_discovery:discover_packages(ignore) using defaults
[0.261s] Level 1:colcon.colcon_core.package_discovery:discover_packages(path) discover
[0.261s] Level 1:colcon.colcon_core.package_discovery:discover_packages(path) using defaults
[0.284s] Level 1:colcon.colcon_core.package_discovery:discover_packages(prefix_path) check parameters
[0.285s] Level 1:colcon.colcon_core.package_discovery:discover_packages(prefix_path) discover
[0.287s] DEBUG:colcon.colcon_installed_package_information.package_discovery:Found 4 installed packages in /home/rasp/robot_ws/install
[0.290s] DEBUG:colcon.colcon_installed_package_information.package_discovery:Found 448 installed packages in /opt/ros/jazzy
[0.293s] Level 1:colcon.colcon_core.package_discovery:discover_packages(prefix_path) using defaults
[0.378s] Level 5:colcon.colcon_core.verb:set package 'my_package' build argument 'cmake_args' from command line to 'None'
[0.378s] Level 5:colcon.colcon_core.verb:set package 'my_package' build argument 'cmake_target' from command line to 'None'
[0.378s] Level 5:colcon.colcon_core.verb:set package 'my_package' build argument 'cmake_target_skip_unavailable' from command line to 'False'
[0.378s] Level 5:colcon.colcon_core.verb:set package 'my_package' build argument 'cmake_clean_cache' from command line to 'False'
[0.379s] Level 5:colcon.colcon_core.verb:set package 'my_package' build argument 'cmake_clean_first' from command line to 'False'
[0.379s] Level 5:colcon.colcon_core.verb:set package 'my_package' build argument 'cmake_force_configure' from command line to 'False'
[0.379s] Level 5:colcon.colcon_core.verb:set package 'my_package' build argument 'ament_cmake_args' from command line to 'None'
[0.379s] Level 5:colcon.colcon_core.verb:set package 'my_package' build argument 'catkin_cmake_args' from command line to 'None'
[0.379s] Level 5:colcon.colcon_core.verb:set package 'my_package' build argument 'catkin_skip_building_tests' from command line to 'False'
[0.379s] DEBUG:colcon.colcon_core.verb:Building package 'my_package' with the following arguments: {'ament_cmake_args': None, 'build_base': '/home/rasp/robot_ws/build/my_package', 'catkin_cmake_args': None, 'catkin_skip_building_tests': False, 'cmake_args': None, 'cmake_clean_cache': False, 'cmake_clean_first': False, 'cmake_force_configure': False, 'cmake_target': None, 'cmake_target_skip_unavailable': False, 'install_base': '/home/rasp/robot_ws/install/my_package', 'merge_install': False, 'path': '/home/rasp/robot_ws/src/my_package', 'symlink_install': False, 'test_result_base': None}
[0.379s] Level 5:colcon.colcon_core.verb:set package 'ros2_pca9685' build argument 'cmake_args' from command line to 'None'
[0.379s] Level 5:colcon.colcon_core.verb:set package 'ros2_pca9685' build argument 'cmake_target' from command line to 'None'
[0.379s] Level 5:colcon.colcon_core.verb:set package 'ros2_pca9685' build argument 'cmake_target_skip_unavailable' from command line to 'False'
[0.379s] Level 5:colcon.colcon_core.verb:set package 'ros2_pca9685' build argument 'cmake_clean_cache' from command line to 'False'
[0.379s] Level 5:colcon.colcon_core.verb:set package 'ros2_pca9685' build argument 'cmake_clean_first' from command line to 'False'
[0.379s] Level 5:colcon.colcon_core.verb:set package 'ros2_pca9685' build argument 'cmake_force_configure' from command line to 'False'
[0.379s] Level 5:colcon.colcon_core.verb:set package 'ros2_pca9685' build argument 'ament_cmake_args' from command line to 'None'
[0.379s] Level 5:colcon.colcon_core.verb:set package 'ros2_pca9685' build argument 'catkin_cmake_args' from command line to 'None'
[0.379s] Level 5:colcon.colcon_core.verb:set package 'ros2_pca9685' build argument 'catkin_skip_building_tests' from command line to 'False'
[0.379s] DEBUG:colcon.colcon_core.verb:Building package 'ros2_pca9685' with the following arguments: {'ament_cmake_args': None, 'build_base': '/home/rasp/robot_ws/build/ros2_pca9685', 'catkin_cmake_args': None, 'catkin_skip_building_tests': False, 'cmake_args': None, 'cmake_clean_cache': False, 'cmake_clean_first': False, 'cmake_force_configure': False, 'cmake_target': None, 'cmake_target_skip_unavailable': False, 'install_base': '/home/rasp/robot_ws/install/ros2_pca9685', 'merge_install': False, 'path': '/home/rasp/robot_ws/src/ros2_pca9685', 'symlink_install': False, 'test_result_base': None}
[0.380s] Level 5:colcon.colcon_core.verb:set package 'servo_interfaces' build argument 'cmake_args' from command line to 'None'
[0.380s] Level 5:colcon.colcon_core.verb:set package 'servo_interfaces' build argument 'cmake_target' from command line to 'None'
[0.380s] Level 5:colcon.colcon_core.verb:set package 'servo_interfaces' build argument 'cmake_target_skip_unavailable' from command line to 'False'
[0.380s] Level 5:colcon.colcon_core.verb:set package 'servo_interfaces' build argument 'cmake_clean_cache' from command line to 'False'
[0.380s] Level 5:colcon.colcon_core.verb:set package 'servo_interfaces' build argument 'cmake_clean_first' from command line to 'False'
[0.380s] Level 5:colcon.colcon_core.verb:set package 'servo_interfaces' build argument 'cmake_force_configure' from command line to 'False'
[0.380s] Level 5:colcon.colcon_core.verb:set package 'servo_interfaces' build argument 'ament_cmake_args' from command line to 'None'
[0.380s] Level 5:colcon.colcon_core.verb:set package 'servo_interfaces' build argument 'catkin_cmake_args' from command line to 'None'
[0.380s] Level 5:colcon.colcon_core.verb:set package 'servo_interfaces' build argument 'catkin_skip_building_tests' from command line to 'False'
[0.380s] DEBUG:colcon.colcon_core.verb:Building package 'servo_interfaces' with the following arguments: {'ament_cmake_args': None, 'build_base': '/home/rasp/robot_ws/build/servo_interfaces', 'catkin_cmake_args': None, 'catkin_skip_building_tests': False, 'cmake_args': None, 'cmake_clean_cache': False, 'cmake_clean_first': False, 'cmake_force_configure': False, 'cmake_target': None, 'cmake_target_skip_unavailable': False, 'install_base': '/home/rasp/robot_ws/install/servo_interfaces', 'merge_install': False, 'path': '/home/rasp/robot_ws/src/servo_interfaces', 'symlink_install': False, 'test_result_base': None}
[0.380s] Level 5:colcon.colcon_core.verb:set package 'my_servo_controller' build argument 'cmake_args' from command line to 'None'
[0.380s] Level 5:colcon.colcon_core.verb:set package 'my_servo_controller' build argument 'cmake_target' from command line to 'None'
[0.380s] Level 5:colcon.colcon_core.verb:set package 'my_servo_controller' build argument 'cmake_target_skip_unavailable' from command line to 'False'
[0.380s] Level 5:colcon.colcon_core.verb:set package 'my_servo_controller' build argument 'cmake_clean_cache' from command line to 'False'
[0.380s] Level 5:colcon.colcon_core.verb:set package 'my_servo_controller' build argument 'cmake_clean_first' from command line to 'False'
[0.380s] Level 5:colcon.colcon_core.verb:set package 'my_servo_controller' build argument 'cmake_force_configure' from command line to 'False'
[0.380s] Level 5:colcon.colcon_core.verb:set package 'my_servo_controller' build argument 'ament_cmake_args' from command line to 'None'
[0.380s] Level 5:colcon.colcon_core.verb:set package 'my_servo_controller' build argument 'catkin_cmake_args' from command line to 'None'
[0.380s] Level 5:colcon.colcon_core.verb:set package 'my_servo_controller' build argument 'catkin_skip_building_tests' from command line to 'False'
[0.380s] DEBUG:colcon.colcon_core.verb:Building package 'my_servo_controller' with the following arguments: {'ament_cmake_args': None, 'build_base': '/home/rasp/robot_ws/build/my_servo_controller', 'catkin_cmake_args': None, 'catkin_skip_building_tests': False, 'cmake_args': None, 'cmake_clean_cache': False, 'cmake_clean_first': False, 'cmake_force_configure': False, 'cmake_target': None, 'cmake_target_skip_unavailable': False, 'install_base': '/home/rasp/robot_ws/install/my_servo_controller', 'merge_install': False, 'path': '/home/rasp/robot_ws/src/my_servo_controller', 'symlink_install': False, 'test_result_base': None}
[0.381s] INFO:colcon.colcon_core.executor:Executing jobs using 'parallel' executor
[0.382s] DEBUG:colcon.colcon_parallel_executor.executor.parallel:run_until_complete
[0.382s] INFO:colcon.colcon_ros.task.ament_cmake.build:Building ROS package in '/home/rasp/robot_ws/src/servo_interfaces' with build type 'ament_cmake'
[0.383s] INFO:colcon.colcon_cmake.task.cmake.build:Building CMake package in '/home/rasp/robot_ws/src/servo_interfaces'
[0.385s] INFO:colcon.colcon_core.plugin_system:Skipping extension 'colcon_core.shell.bat': Not used on non-Windows systems
[0.385s] INFO:colcon.colcon_core.shell:Skip shell extension 'powershell' for command environment: Not usable outside of PowerShell
[0.385s] DEBUG:colcon.colcon_core.shell:Skip shell extension 'dsv' for command environment
[0.391s] INFO:colcon.colcon_ros.task.ament_cmake.build:Building ROS package in '/home/rasp/robot_ws/src/my_package' with build type 'ament_cmake'
[0.392s] INFO:colcon.colcon_cmake.task.cmake.build:Building CMake package in '/home/rasp/robot_ws/src/my_package'
[0.392s] INFO:colcon.colcon_core.shell:Skip shell extension 'powershell' for command environment: Not usable outside of PowerShell
[0.392s] DEBUG:colcon.colcon_core.shell:Skip shell extension 'dsv' for command environment
[0.398s] INFO:colcon.colcon_ros.task.ament_cmake.build:Building ROS package in '/home/rasp/robot_ws/src/ros2_pca9685' with build type 'ament_cmake'
[0.398s] INFO:colcon.colcon_cmake.task.cmake.build:Building CMake package in '/home/rasp/robot_ws/src/ros2_pca9685'
[0.399s] INFO:colcon.colcon_core.shell:Skip shell extension 'powershell' for command environment: Not usable outside of PowerShell
[0.399s] DEBUG:colcon.colcon_core.shell:Skip shell extension 'dsv' for command environment
[0.414s] DEBUG:colcon.colcon_core.event_handler.log_command:Invoking command in '/home/rasp/robot_ws/build/servo_interfaces': CMAKE_PREFIX_PATH=${CMAKE_PREFIX_PATH}:/home/rasp/robot_ws/install/my_servo_controller:/opt/ros/jazzy DEBUGINFOD_URLS=https://debuginfod.ubuntu.com /usr/bin/cmake --build /home/rasp/robot_ws/build/servo_interfaces -- -j4 -l4
[0.422s] DEBUG:colcon.colcon_core.event_handler.log_command:Invoking command in '/home/rasp/robot_ws/build/my_package': CMAKE_PREFIX_PATH=${CMAKE_PREFIX_PATH}:/home/rasp/robot_ws/install/my_servo_controller:/opt/ros/jazzy DEBUGINFOD_URLS=https://debuginfod.ubuntu.com /usr/bin/cmake --build /home/rasp/robot_ws/build/my_package -- -j4 -l4
[0.434s] DEBUG:colcon.colcon_core.event_handler.log_command:Invoking command in '/home/rasp/robot_ws/build/ros2_pca9685': CMAKE_PREFIX_PATH=${CMAKE_PREFIX_PATH}:/home/rasp/robot_ws/install/my_servo_controller:/opt/ros/jazzy DEBUGINFOD_URLS=https://debuginfod.ubuntu.com /usr/bin/cmake --build /home/rasp/robot_ws/build/ros2_pca9685 -- -j4 -l4
[0.511s] DEBUG:colcon.colcon_core.event_handler.log_command:Invoked command in '/home/rasp/robot_ws/build/my_package' returned '0': CMAKE_PREFIX_PATH=${CMAKE_PREFIX_PATH}:/home/rasp/robot_ws/install/my_servo_controller:/opt/ros/jazzy DEBUGINFOD_URLS=https://debuginfod.ubuntu.com /usr/bin/cmake --build /home/rasp/robot_ws/build/my_package -- -j4 -l4
[0.534s] DEBUG:colcon.colcon_core.event_handler.log_command:Invoking command in '/home/rasp/robot_ws/build/my_package': CMAKE_PREFIX_PATH=${CMAKE_PREFIX_PATH}:/home/rasp/robot_ws/install/my_servo_controller:/opt/ros/jazzy DEBUGINFOD_URLS=https://debuginfod.ubuntu.com /usr/bin/cmake --install /home/rasp/robot_ws/build/my_package
[0.611s] Level 1:colcon.colcon_core.environment:create_environment_scripts_only(my_package)
[0.614s] DEBUG:colcon.colcon_core.event_handler.log_command:Invoked command in '/home/rasp/robot_ws/build/my_package' returned '0': CMAKE_PREFIX_PATH=${CMAKE_PREFIX_PATH}:/home/rasp/robot_ws/install/my_servo_controller:/opt/ros/jazzy DEBUGINFOD_URLS=https://debuginfod.ubuntu.com /usr/bin/cmake --install /home/rasp/robot_ws/build/my_package
[0.617s] Level 1:colcon.colcon_core.environment:checking '/home/rasp/robot_ws/install/my_package' for CMake module files
[0.618s] Level 1:colcon.colcon_core.environment:checking '/home/rasp/robot_ws/install/my_package' for CMake config files
[0.619s] Level 1:colcon.colcon_core.shell:create_environment_hook('my_package', 'cmake_prefix_path')
[0.619s] INFO:colcon.colcon_core.shell:Creating environment hook '/home/rasp/robot_ws/install/my_package/share/my_package/hook/cmake_prefix_path.ps1'
[0.621s] INFO:colcon.colcon_core.shell:Creating environment descriptor '/home/rasp/robot_ws/install/my_package/share/my_package/hook/cmake_prefix_path.dsv'
[0.623s] INFO:colcon.colcon_core.shell:Creating environment hook '/home/rasp/robot_ws/install/my_package/share/my_package/hook/cmake_prefix_path.sh'
[0.628s] Level 1:colcon.colcon_core.environment:checking '/home/rasp/robot_ws/install/my_package/bin'
[0.628s] Level 1:colcon.colcon_core.environment:checking '/home/rasp/robot_ws/install/my_package/lib/pkgconfig/my_package.pc'
[0.628s] Level 1:colcon.colcon_core.environment:checking '/home/rasp/robot_ws/install/my_package/lib/python3.12/site-packages'
[0.629s] Level 1:colcon.colcon_core.environment:checking '/home/rasp/robot_ws/install/my_package/bin'
[0.630s] INFO:colcon.colcon_core.shell:Creating package script '/home/rasp/robot_ws/install/my_package/share/my_package/package.ps1'
[0.635s] INFO:colcon.colcon_core.shell:Creating package descriptor '/home/rasp/robot_ws/install/my_package/share/my_package/package.dsv'
[0.637s] INFO:colcon.colcon_core.shell:Creating package script '/home/rasp/robot_ws/install/my_package/share/my_package/package.sh'
[0.640s] INFO:colcon.colcon_core.shell:Creating package script '/home/rasp/robot_ws/install/my_package/share/my_package/package.bash'
[0.642s] INFO:colcon.colcon_core.shell:Creating package script '/home/rasp/robot_ws/install/my_package/share/my_package/package.zsh'
[0.644s] Level 1:colcon.colcon_core.environment:create_file_with_runtime_dependencies(/home/rasp/robot_ws/install/my_package/share/colcon-core/packages/my_package)
[0.648s] Level 1:colcon.colcon_core.environment:create_environment_scripts_only(my_package)
[0.648s] Level 1:colcon.colcon_core.environment:checking '/home/rasp/robot_ws/install/my_package' for CMake module files
[0.650s] Level 1:colcon.colcon_core.environment:checking '/home/rasp/robot_ws/install/my_package' for CMake config files
[0.650s] Level 1:colcon.colcon_core.shell:create_environment_hook('my_package', 'cmake_prefix_path')
[0.651s] INFO:colcon.colcon_core.shell:Creating environment hook '/home/rasp/robot_ws/install/my_package/share/my_package/hook/cmake_prefix_path.ps1'
[0.652s] INFO:colcon.colcon_core.shell:Creating environment descriptor '/home/rasp/robot_ws/install/my_package/share/my_package/hook/cmake_prefix_path.dsv'
[0.656s] INFO:colcon.colcon_core.shell:Creating environment hook '/home/rasp/robot_ws/install/my_package/share/my_package/hook/cmake_prefix_path.sh'
[0.658s] Level 1:colcon.colcon_core.environment:checking '/home/rasp/robot_ws/install/my_package/bin'
[0.658s] Level 1:colcon.colcon_core.environment:checking '/home/rasp/robot_ws/install/my_package/lib/pkgconfig/my_package.pc'
[0.660s] Level 1:colcon.colcon_core.environment:checking '/home/rasp/robot_ws/install/my_package/lib/python3.12/site-packages'
[0.660s] Level 1:colcon.colcon_core.environment:checking '/home/rasp/robot_ws/install/my_package/bin'
[0.661s] INFO:colcon.colcon_core.shell:Creating package script '/home/rasp/robot_ws/install/my_package/share/my_package/package.ps1'
[0.662s] INFO:colcon.colcon_core.shell:Creating package descriptor '/home/rasp/robot_ws/install/my_package/share/my_package/package.dsv'
[0.668s] INFO:colcon.colcon_core.shell:Creating package script '/home/rasp/robot_ws/install/my_package/share/my_package/package.sh'
[0.669s] INFO:colcon.colcon_core.shell:Creating package script '/home/rasp/robot_ws/install/my_package/share/my_package/package.bash'
[0.673s] INFO:colcon.colcon_core.shell:Creating package script '/home/rasp/robot_ws/install/my_package/share/my_package/package.zsh'
[0.674s] Level 1:colcon.colcon_core.environment:create_file_with_runtime_dependencies(/home/rasp/robot_ws/install/my_package/share/colcon-core/packages/my_package)
[1.577s] DEBUG:colcon.colcon_core.event_handler.log_command:Invoked command in '/home/rasp/robot_ws/build/servo_interfaces' returned '0': CMAKE_PREFIX_PATH=${CMAKE_PREFIX_PATH}:/home/rasp/robot_ws/install/my_servo_controller:/opt/ros/jazzy DEBUGINFOD_URLS=https://debuginfod.ubuntu.com /usr/bin/cmake --build /home/rasp/robot_ws/build/servo_interfaces -- -j4 -l4
[1.580s] DEBUG:colcon.colcon_core.event_handler.log_command:Invoking command in '/home/rasp/robot_ws/build/servo_interfaces': CMAKE_PREFIX_PATH=${CMAKE_PREFIX_PATH}:/home/rasp/robot_ws/install/my_servo_controller:/opt/ros/jazzy DEBUGINFOD_URLS=https://debuginfod.ubuntu.com /usr/bin/cmake --install /home/rasp/robot_ws/build/servo_interfaces
[1.592s] DEBUG:colcon.colcon_core.event_handler.log_command:Invoked command in '/home/rasp/robot_ws/build/ros2_pca9685' returned '0': CMAKE_PREFIX_PATH=${CMAKE_PREFIX_PATH}:/home/rasp/robot_ws/install/my_servo_controller:/opt/ros/jazzy DEBUGINFOD_URLS=https://debuginfod.ubuntu.com /usr/bin/cmake --build /home/rasp/robot_ws/build/ros2_pca9685 -- -j4 -l4
[1.595s] DEBUG:colcon.colcon_core.event_handler.log_command:Invoking command in '/home/rasp/robot_ws/build/ros2_pca9685': CMAKE_PREFIX_PATH=${CMAKE_PREFIX_PATH}:/home/rasp/robot_ws/install/my_servo_controller:/opt/ros/jazzy DEBUGINFOD_URLS=https://debuginfod.ubuntu.com /usr/bin/cmake --install /home/rasp/robot_ws/build/ros2_pca9685
[1.693s] Level 1:colcon.colcon_core.environment:create_environment_scripts_only(servo_interfaces)
[1.694s] Level 1:colcon.colcon_core.environment:checking '/home/rasp/robot_ws/install/servo_interfaces' for CMake module files
[1.695s] DEBUG:colcon.colcon_core.event_handler.log_command:Invoked command in '/home/rasp/robot_ws/build/servo_interfaces' returned '0': CMAKE_PREFIX_PATH=${CMAKE_PREFIX_PATH}:/home/rasp/robot_ws/install/my_servo_controller:/opt/ros/jazzy DEBUGINFOD_URLS=https://debuginfod.ubuntu.com /usr/bin/cmake --install /home/rasp/robot_ws/build/servo_interfaces
[1.695s] Level 1:colcon.colcon_core.environment:checking '/home/rasp/robot_ws/install/servo_interfaces' for CMake config files
[1.695s] Level 1:colcon.colcon_core.shell:create_environment_hook('servo_interfaces', 'cmake_prefix_path')
[1.696s] INFO:colcon.colcon_core.shell:Creating environment hook '/home/rasp/robot_ws/install/servo_interfaces/share/servo_interfaces/hook/cmake_prefix_path.ps1'
[1.697s] INFO:colcon.colcon_core.shell:Creating environment descriptor '/home/rasp/robot_ws/install/servo_interfaces/share/servo_interfaces/hook/cmake_prefix_path.dsv'
[1.698s] INFO:colcon.colcon_core.shell:Creating environment hook '/home/rasp/robot_ws/install/servo_interfaces/share/servo_interfaces/hook/cmake_prefix_path.sh'
[1.699s] Level 1:colcon.colcon_core.environment:checking '/home/rasp/robot_ws/install/servo_interfaces/lib'
[1.699s] Level 1:colcon.colcon_core.shell:create_environment_hook('servo_interfaces', 'ld_library_path_lib')
[1.700s] INFO:colcon.colcon_core.shell:Creating environment hook '/home/rasp/robot_ws/install/servo_interfaces/share/servo_interfaces/hook/ld_library_path_lib.ps1'
[1.700s] INFO:colcon.colcon_core.shell:Creating environment descriptor '/home/rasp/robot_ws/install/servo_interfaces/share/servo_interfaces/hook/ld_library_path_lib.dsv'
[1.701s] INFO:colcon.colcon_core.shell:Creating environment hook '/home/rasp/robot_ws/install/servo_interfaces/share/servo_interfaces/hook/ld_library_path_lib.sh'
[1.702s] Level 1:colcon.colcon_core.environment:checking '/home/rasp/robot_ws/install/servo_interfaces/bin'
[1.703s] Level 1:colcon.colcon_core.environment:checking '/home/rasp/robot_ws/install/servo_interfaces/lib/pkgconfig/servo_interfaces.pc'
[1.703s] Level 1:colcon.colcon_core.environment:checking '/home/rasp/robot_ws/install/servo_interfaces/lib/python3.12/site-packages'
[1.703s] Level 1:colcon.colcon_core.shell:create_environment_hook('servo_interfaces', 'pythonpath')
[1.703s] INFO:colcon.colcon_core.shell:Creating environment hook '/home/rasp/robot_ws/install/servo_interfaces/share/servo_interfaces/hook/pythonpath.ps1'
[1.704s] INFO:colcon.colcon_core.shell:Creating environment descriptor '/home/rasp/robot_ws/install/servo_interfaces/share/servo_interfaces/hook/pythonpath.dsv'
[1.705s] INFO:colcon.colcon_core.shell:Creating environment hook '/home/rasp/robot_ws/install/servo_interfaces/share/servo_interfaces/hook/pythonpath.sh'
[1.707s] Level 1:colcon.colcon_core.environment:checking '/home/rasp/robot_ws/install/servo_interfaces/bin'
[1.707s] INFO:colcon.colcon_core.shell:Creating package script '/home/rasp/robot_ws/install/servo_interfaces/share/servo_interfaces/package.ps1'
[1.708s] INFO:colcon.colcon_core.shell:Creating package descriptor '/home/rasp/robot_ws/install/servo_interfaces/share/servo_interfaces/package.dsv'
[1.709s] INFO:colcon.colcon_core.shell:Creating package script '/home/rasp/robot_ws/install/servo_interfaces/share/servo_interfaces/package.sh'
[1.710s] INFO:colcon.colcon_core.shell:Creating package script '/home/rasp/robot_ws/install/servo_interfaces/share/servo_interfaces/package.bash'
[1.711s] INFO:colcon.colcon_core.shell:Creating package script '/home/rasp/robot_ws/install/servo_interfaces/share/servo_interfaces/package.zsh'
[1.712s] Level 1:colcon.colcon_core.environment:create_file_with_runtime_dependencies(/home/rasp/robot_ws/install/servo_interfaces/share/colcon-core/packages/servo_interfaces)
[1.717s] Level 1:colcon.colcon_core.environment:create_environment_scripts_only(servo_interfaces)
[1.717s] Level 1:colcon.colcon_core.environment:checking '/home/rasp/robot_ws/install/servo_interfaces' for CMake module files
[1.718s] Level 1:colcon.colcon_core.environment:checking '/home/rasp/robot_ws/install/servo_interfaces' for CMake config files
[1.718s] Level 1:colcon.colcon_core.shell:create_environment_hook('servo_interfaces', 'cmake_prefix_path')
[1.719s] INFO:colcon.colcon_core.shell:Creating environment hook '/home/rasp/robot_ws/install/servo_interfaces/share/servo_interfaces/hook/cmake_prefix_path.ps1'
[1.719s] INFO:colcon.colcon_core.shell:Creating environment descriptor '/home/rasp/robot_ws/install/servo_interfaces/share/servo_interfaces/hook/cmake_prefix_path.dsv'
[1.720s] INFO:colcon.colcon_core.shell:Creating environment hook '/home/rasp/robot_ws/install/servo_interfaces/share/servo_interfaces/hook/cmake_prefix_path.sh'
[1.722s] Level 1:colcon.colcon_core.environment:checking '/home/rasp/robot_ws/install/servo_interfaces/lib'
[1.722s] Level 1:colcon.colcon_core.shell:create_environment_hook('servo_interfaces', 'ld_library_path_lib')
[1.722s] INFO:colcon.colcon_core.shell:Creating environment hook '/home/rasp/robot_ws/install/servo_interfaces/share/servo_interfaces/hook/ld_library_path_lib.ps1'
[1.724s] INFO:colcon.colcon_core.shell:Creating environment descriptor '/home/rasp/robot_ws/install/servo_interfaces/share/servo_interfaces/hook/ld_library_path_lib.dsv'
[1.725s] INFO:colcon.colcon_core.shell:Creating environment hook '/home/rasp/robot_ws/install/servo_interfaces/share/servo_interfaces/hook/ld_library_path_lib.sh'
[1.726s] Level 1:colcon.colcon_core.environment:checking '/home/rasp/robot_ws/install/servo_interfaces/bin'
[1.727s] Level 1:colcon.colcon_core.environment:checking '/home/rasp/robot_ws/install/servo_interfaces/lib/pkgconfig/servo_interfaces.pc'
[1.728s] Level 1:colcon.colcon_core.environment:checking '/home/rasp/robot_ws/install/servo_interfaces/lib/python3.12/site-packages'
[1.729s] Level 1:colcon.colcon_core.shell:create_environment_hook('servo_interfaces', 'pythonpath')
[1.730s] INFO:colcon.colcon_core.shell:Creating environment hook '/home/rasp/robot_ws/install/servo_interfaces/share/servo_interfaces/hook/pythonpath.ps1'
[1.731s] INFO:colcon.colcon_core.shell:Creating environment descriptor '/home/rasp/robot_ws/install/servo_interfaces/share/servo_interfaces/hook/pythonpath.dsv'
[1.732s] INFO:colcon.colcon_core.shell:Creating environment hook '/home/rasp/robot_ws/install/servo_interfaces/share/servo_interfaces/hook/pythonpath.sh'
[1.733s] Level 1:colcon.colcon_core.environment:checking '/home/rasp/robot_ws/install/servo_interfaces/bin'
[1.734s] INFO:colcon.colcon_core.shell:Creating package script '/home/rasp/robot_ws/install/servo_interfaces/share/servo_interfaces/package.ps1'
[1.735s] INFO:colcon.colcon_core.shell:Creating package descriptor '/home/rasp/robot_ws/install/servo_interfaces/share/servo_interfaces/package.dsv'
[1.736s] INFO:colcon.colcon_core.shell:Creating package script '/home/rasp/robot_ws/install/servo_interfaces/share/servo_interfaces/package.sh'
[1.737s] INFO:colcon.colcon_core.shell:Creating package script '/home/rasp/robot_ws/install/servo_interfaces/share/servo_interfaces/package.bash'
[1.738s] INFO:colcon.colcon_core.shell:Creating package script '/home/rasp/robot_ws/install/servo_interfaces/share/servo_interfaces/package.zsh'
[1.740s] Level 1:colcon.colcon_core.environment:create_file_with_runtime_dependencies(/home/rasp/robot_ws/install/servo_interfaces/share/colcon-core/packages/servo_interfaces)
[1.743s] INFO:colcon.colcon_ros.task.ament_python.build:Building ROS package in '/home/rasp/robot_ws/src/my_servo_controller' with build type 'ament_python'
[1.743s] Level 1:colcon.colcon_core.shell:create_environment_hook('my_servo_controller', 'ament_prefix_path')
[1.743s] INFO:colcon.colcon_core.shell:Creating environment hook '/home/rasp/robot_ws/install/my_servo_controller/share/my_servo_controller/hook/ament_prefix_path.ps1'
[1.745s] INFO:colcon.colcon_core.shell:Creating environment descriptor '/home/rasp/robot_ws/install/my_servo_controller/share/my_servo_controller/hook/ament_prefix_path.dsv'
[1.745s] INFO:colcon.colcon_core.shell:Creating environment hook '/home/rasp/robot_ws/install/my_servo_controller/share/my_servo_controller/hook/ament_prefix_path.sh'
[1.746s] INFO:colcon.colcon_core.shell:Skip shell extension 'powershell' for command environment: Not usable outside of PowerShell
[1.746s] DEBUG:colcon.colcon_core.shell:Skip shell extension 'dsv' for command environment
[1.753s] Level 1:colcon.colcon_core.environment:create_environment_scripts_only(ros2_pca9685)
[1.753s] Level 1:colcon.colcon_core.environment:checking '/home/rasp/robot_ws/install/ros2_pca9685' for CMake module files
[1.754s] DEBUG:colcon.colcon_core.event_handler.log_command:Invoked command in '/home/rasp/robot_ws/build/ros2_pca9685' returned '0': CMAKE_PREFIX_PATH=${CMAKE_PREFIX_PATH}:/home/rasp/robot_ws/install/my_servo_controller:/opt/ros/jazzy DEBUGINFOD_URLS=https://debuginfod.ubuntu.com /usr/bin/cmake --install /home/rasp/robot_ws/build/ros2_pca9685
[1.756s] Level 1:colcon.colcon_core.environment:checking '/home/rasp/robot_ws/install/ros2_pca9685' for CMake config files
[1.757s] Level 1:colcon.colcon_core.shell:create_environment_hook('ros2_pca9685', 'cmake_prefix_path')
[1.758s] INFO:colcon.colcon_core.shell:Creating environment hook '/home/rasp/robot_ws/install/ros2_pca9685/share/ros2_pca9685/hook/cmake_prefix_path.ps1'
[1.759s] INFO:colcon.colcon_core.shell:Creating environment descriptor '/home/rasp/robot_ws/install/ros2_pca9685/share/ros2_pca9685/hook/cmake_prefix_path.dsv'
[1.761s] INFO:colcon.colcon_core.shell:Creating environment hook '/home/rasp/robot_ws/install/ros2_pca9685/share/ros2_pca9685/hook/cmake_prefix_path.sh'
[1.764s] Level 1:colcon.colcon_core.environment:checking '/home/rasp/robot_ws/install/ros2_pca9685/lib'
[1.764s] Level 1:colcon.colcon_core.shell:create_environment_hook('ros2_pca9685', 'ld_library_path_lib')
[1.765s] INFO:colcon.colcon_core.shell:Creating environment hook '/home/rasp/robot_ws/install/ros2_pca9685/share/ros2_pca9685/hook/ld_library_path_lib.ps1'
[1.766s] INFO:colcon.colcon_core.shell:Creating environment descriptor '/home/rasp/robot_ws/install/ros2_pca9685/share/ros2_pca9685/hook/ld_library_path_lib.dsv'
[1.767s] INFO:colcon.colcon_core.shell:Creating environment hook '/home/rasp/robot_ws/install/ros2_pca9685/share/ros2_pca9685/hook/ld_library_path_lib.sh'
[1.768s] Level 1:colcon.colcon_core.environment:checking '/home/rasp/robot_ws/install/ros2_pca9685/bin'
[1.768s] Level 1:colcon.colcon_core.environment:checking '/home/rasp/robot_ws/install/ros2_pca9685/lib/pkgconfig/ros2_pca9685.pc'
[1.768s] Level 1:colcon.colcon_core.environment:checking '/home/rasp/robot_ws/install/ros2_pca9685/lib/python3.12/site-packages'
[1.768s] Level 1:colcon.colcon_core.shell:create_environment_hook('ros2_pca9685', 'pythonpath')
[1.769s] INFO:colcon.colcon_core.shell:Creating environment hook '/home/rasp/robot_ws/install/ros2_pca9685/share/ros2_pca9685/hook/pythonpath.ps1'
[1.769s] INFO:colcon.colcon_core.shell:Creating environment descriptor '/home/rasp/robot_ws/install/ros2_pca9685/share/ros2_pca9685/hook/pythonpath.dsv'
[1.770s] INFO:colcon.colcon_core.shell:Creating environment hook '/home/rasp/robot_ws/install/ros2_pca9685/share/ros2_pca9685/hook/pythonpath.sh'
[1.772s] Level 1:colcon.colcon_core.environment:checking '/home/rasp/robot_ws/install/ros2_pca9685/bin'
[1.773s] INFO:colcon.colcon_core.shell:Creating package script '/home/rasp/robot_ws/install/ros2_pca9685/share/ros2_pca9685/package.ps1'
[1.773s] INFO:colcon.colcon_core.shell:Creating package descriptor '/home/rasp/robot_ws/install/ros2_pca9685/share/ros2_pca9685/package.dsv'
[1.774s] INFO:colcon.colcon_core.shell:Creating package script '/home/rasp/robot_ws/install/ros2_pca9685/share/ros2_pca9685/package.sh'
[1.777s] INFO:colcon.colcon_core.shell:Creating package script '/home/rasp/robot_ws/install/ros2_pca9685/share/ros2_pca9685/package.bash'
[1.778s] INFO:colcon.colcon_core.shell:Creating package script '/home/rasp/robot_ws/install/ros2_pca9685/share/ros2_pca9685/package.zsh'
[1.779s] Level 1:colcon.colcon_core.environment:create_file_with_runtime_dependencies(/home/rasp/robot_ws/install/ros2_pca9685/share/colcon-core/packages/ros2_pca9685)
[1.781s] Level 1:colcon.colcon_core.environment:create_environment_scripts_only(ros2_pca9685)
[1.781s] Level 1:colcon.colcon_core.environment:checking '/home/rasp/robot_ws/install/ros2_pca9685' for CMake module files
[1.782s] Level 1:colcon.colcon_core.environment:checking '/home/rasp/robot_ws/install/ros2_pca9685' for CMake config files
[1.783s] Level 1:colcon.colcon_core.shell:create_environment_hook('ros2_pca9685', 'cmake_prefix_path')
[1.783s] INFO:colcon.colcon_core.shell:Creating environment hook '/home/rasp/robot_ws/install/ros2_pca9685/share/ros2_pca9685/hook/cmake_prefix_path.ps1'
[1.784s] INFO:colcon.colcon_core.shell:Creating environment descriptor '/home/rasp/robot_ws/install/ros2_pca9685/share/ros2_pca9685/hook/cmake_prefix_path.dsv'
[1.785s] INFO:colcon.colcon_core.shell:Creating environment hook '/home/rasp/robot_ws/install/ros2_pca9685/share/ros2_pca9685/hook/cmake_prefix_path.sh'
[1.786s] Level 1:colcon.colcon_core.environment:checking '/home/rasp/robot_ws/install/ros2_pca9685/lib'
[1.786s] Level 1:colcon.colcon_core.shell:create_environment_hook('ros2_pca9685', 'ld_library_path_lib')
[1.786s] INFO:colcon.colcon_core.shell:Creating environment hook '/home/rasp/robot_ws/install/ros2_pca9685/share/ros2_pca9685/hook/ld_library_path_lib.ps1'
[1.787s] INFO:colcon.colcon_core.shell:Creating environment descriptor '/home/rasp/robot_ws/install/ros2_pca9685/share/ros2_pca9685/hook/ld_library_path_lib.dsv'
[1.788s] INFO:colcon.colcon_core.shell:Creating environment hook '/home/rasp/robot_ws/install/ros2_pca9685/share/ros2_pca9685/hook/ld_library_path_lib.sh'
[1.789s] Level 1:colcon.colcon_core.environment:checking '/home/rasp/robot_ws/install/ros2_pca9685/bin'
[1.789s] Level 1:colcon.colcon_core.environment:checking '/home/rasp/robot_ws/install/ros2_pca9685/lib/pkgconfig/ros2_pca9685.pc'
[1.789s] Level 1:colcon.colcon_core.environment:checking '/home/rasp/robot_ws/install/ros2_pca9685/lib/python3.12/site-packages'
[1.789s] Level 1:colcon.colcon_core.shell:create_environment_hook('ros2_pca9685', 'pythonpath')
[1.790s] INFO:colcon.colcon_core.shell:Creating environment hook '/home/rasp/robot_ws/install/ros2_pca9685/share/ros2_pca9685/hook/pythonpath.ps1'
[1.790s] INFO:colcon.colcon_core.shell:Creating environment descriptor '/home/rasp/robot_ws/install/ros2_pca9685/share/ros2_pca9685/hook/pythonpath.dsv'
[1.821s] INFO:colcon.colcon_core.shell:Creating environment hook '/home/rasp/robot_ws/install/ros2_pca9685/share/ros2_pca9685/hook/pythonpath.sh'
[1.822s] Level 1:colcon.colcon_core.environment:checking '/home/rasp/robot_ws/install/ros2_pca9685/bin'
[1.823s] INFO:colcon.colcon_core.shell:Creating package script '/home/rasp/robot_ws/install/ros2_pca9685/share/ros2_pca9685/package.ps1'
[1.824s] INFO:colcon.colcon_core.shell:Creating package descriptor '/home/rasp/robot_ws/install/ros2_pca9685/share/ros2_pca9685/package.dsv'
[1.825s] INFO:colcon.colcon_core.shell:Creating package script '/home/rasp/robot_ws/install/ros2_pca9685/share/ros2_pca9685/package.sh'
[1.826s] INFO:colcon.colcon_core.shell:Creating package script '/home/rasp/robot_ws/install/ros2_pca9685/share/ros2_pca9685/package.bash'
[1.827s] INFO:colcon.colcon_core.shell:Creating package script '/home/rasp/robot_ws/install/ros2_pca9685/share/ros2_pca9685/package.zsh'
[1.828s] Level 1:colcon.colcon_core.environment:create_file_with_runtime_dependencies(/home/rasp/robot_ws/install/ros2_pca9685/share/colcon-core/packages/ros2_pca9685)
[2.194s] INFO:colcon.colcon_core.task.python.build:Building Python package in '/home/rasp/robot_ws/src/my_servo_controller'
[2.194s] INFO:colcon.colcon_core.shell:Skip shell extension 'powershell' for command environment: Not usable outside of PowerShell
[2.195s] DEBUG:colcon.colcon_core.shell:Skip shell extension 'dsv' for command environment
[3.151s] DEBUG:colcon.colcon_core.event_handler.log_command:Invoking command in '/home/rasp/robot_ws/src/my_servo_controller': DEBUGINFOD_URLS=https://debuginfod.ubuntu.com PYTHONPATH=/home/rasp/robot_ws/build/my_servo_controller/prefix_override:/usr/lib/python3/dist-packages/colcon_core/task/python/colcon_distutils_commands:/home/rasp/robot_ws/install/my_servo_controller/lib/python3.12/site-packages:/home/rasp/robot_ws/install/servo_interfaces/lib/python3.12/site-packages:/home/rasp/robot_ws/install/my_servo_controller/lib/python3.12/site-packages:/home/rasp/robot_ws/install/ros2_pca9685/lib/python3.12/site-packages:/opt/ros/jazzy/lib/python3.12/site-packages /usr/bin/python3 -W ignore:setup.py install is deprecated -W ignore:easy_install command is deprecated setup.py egg_info --egg-base ../../build/my_servo_controller build --build-base /home/rasp/robot_ws/build/my_servo_controller/build install --record /home/rasp/robot_ws/build/my_servo_controller/install.log --single-version-externally-managed install_data
[4.050s] Level 1:colcon.colcon_core.environment:checking '/home/rasp/robot_ws/install/my_servo_controller' for CMake module files
[4.050s] DEBUG:colcon.colcon_core.event_handler.log_command:Invoked command in '/home/rasp/robot_ws/src/my_servo_controller' returned '0': DEBUGINFOD_URLS=https://debuginfod.ubuntu.com PYTHONPATH=/home/rasp/robot_ws/build/my_servo_controller/prefix_override:/usr/lib/python3/dist-packages/colcon_core/task/python/colcon_distutils_commands:/home/rasp/robot_ws/install/my_servo_controller/lib/python3.12/site-packages:/home/rasp/robot_ws/install/servo_interfaces/lib/python3.12/site-packages:/home/rasp/robot_ws/install/my_servo_controller/lib/python3.12/site-packages:/home/rasp/robot_ws/install/ros2_pca9685/lib/python3.12/site-packages:/opt/ros/jazzy/lib/python3.12/site-packages /usr/bin/python3 -W ignore:setup.py install is deprecated -W ignore:easy_install command is deprecated setup.py egg_info --egg-base ../../build/my_servo_controller build --build-base /home/rasp/robot_ws/build/my_servo_controller/build install --record /home/rasp/robot_ws/build/my_servo_controller/install.log --single-version-externally-managed install_data
[4.051s] Level 1:colcon.colcon_core.environment:checking '/home/rasp/robot_ws/install/my_servo_controller' for CMake config files
[4.051s] Level 1:colcon.colcon_core.environment:checking '/home/rasp/robot_ws/install/my_servo_controller/lib'
[4.052s] Level 1:colcon.colcon_core.environment:checking '/home/rasp/robot_ws/install/my_servo_controller/bin'
[4.052s] Level 1:colcon.colcon_core.environment:checking '/home/rasp/robot_ws/install/my_servo_controller/lib/pkgconfig/my_servo_controller.pc'
[4.052s] Level 1:colcon.colcon_core.environment:checking '/home/rasp/robot_ws/install/my_servo_controller/lib/python3.12/site-packages'
[4.052s] Level 1:colcon.colcon_core.shell:create_environment_hook('my_servo_controller', 'pythonpath')
[4.052s] INFO:colcon.colcon_core.shell:Creating environment hook '/home/rasp/robot_ws/install/my_servo_controller/share/my_servo_controller/hook/pythonpath.ps1'
[4.053s] INFO:colcon.colcon_core.shell:Creating environment descriptor '/home/rasp/robot_ws/install/my_servo_controller/share/my_servo_controller/hook/pythonpath.dsv'
[4.054s] INFO:colcon.colcon_core.shell:Creating environment hook '/home/rasp/robot_ws/install/my_servo_controller/share/my_servo_controller/hook/pythonpath.sh'
[4.056s] Level 1:colcon.colcon_core.environment:checking '/home/rasp/robot_ws/install/my_servo_controller/bin'
[4.056s] Level 1:colcon.colcon_core.environment:create_environment_scripts_only(my_servo_controller)
[4.056s] INFO:colcon.colcon_core.shell:Creating package script '/home/rasp/robot_ws/install/my_servo_controller/share/my_servo_controller/package.ps1'
[4.057s] INFO:colcon.colcon_core.shell:Creating package descriptor '/home/rasp/robot_ws/install/my_servo_controller/share/my_servo_controller/package.dsv'
[4.058s] INFO:colcon.colcon_core.shell:Creating package script '/home/rasp/robot_ws/install/my_servo_controller/share/my_servo_controller/package.sh'
[4.059s] INFO:colcon.colcon_core.shell:Creating package script '/home/rasp/robot_ws/install/my_servo_controller/share/my_servo_controller/package.bash'
[4.061s] INFO:colcon.colcon_core.shell:Creating package script '/home/rasp/robot_ws/install/my_servo_controller/share/my_servo_controller/package.zsh'
[4.062s] Level 1:colcon.colcon_core.environment:create_file_with_runtime_dependencies(/home/rasp/robot_ws/install/my_servo_controller/share/colcon-core/packages/my_servo_controller)
[4.063s] DEBUG:colcon.colcon_parallel_executor.executor.parallel:closing loop
[4.063s] DEBUG:colcon.colcon_parallel_executor.executor.parallel:loop closed
[4.063s] DEBUG:colcon.colcon_parallel_executor.executor.parallel:run_until_complete finished with '0'
[4.064s] DEBUG:colcon.colcon_core.event_reactor:joining thread
[4.072s] INFO:colcon.colcon_core.plugin_system:Skipping extension 'colcon_notification.desktop_notification.terminal_notifier': Not used on non-Darwin systems
[4.073s] INFO:colcon.colcon_core.plugin_system:Skipping extension 'colcon_notification.desktop_notification.win32': Not used on non-Windows systems
[4.073s] INFO:colcon.colcon_notification.desktop_notification:Sending desktop notification using 'notify2'
[4.099s] DEBUG:colcon.colcon_core.event_reactor:joined thread
[4.100s] INFO:colcon.colcon_core.shell:Creating prefix script '/home/rasp/robot_ws/install/local_setup.ps1'
[4.101s] INFO:colcon.colcon_core.shell:Creating prefix util module '/home/rasp/robot_ws/install/_local_setup_util_ps1.py'
[4.103s] INFO:colcon.colcon_core.shell:Creating prefix chain script '/home/rasp/robot_ws/install/setup.ps1'
[4.106s] INFO:colcon.colcon_core.shell:Creating prefix script '/home/rasp/robot_ws/install/local_setup.sh'
[4.107s] INFO:colcon.colcon_core.shell:Creating prefix util module '/home/rasp/robot_ws/install/_local_setup_util_sh.py'
[4.110s] INFO:colcon.colcon_core.shell:Creating prefix chain script '/home/rasp/robot_ws/install/setup.sh'
[4.113s] INFO:colcon.colcon_core.shell:Creating prefix script '/home/rasp/robot_ws/install/local_setup.bash'
[4.114s] INFO:colcon.colcon_core.shell:Creating prefix chain script '/home/rasp/robot_ws/install/setup.bash'
[4.116s] INFO:colcon.colcon_core.shell:Creating prefix script '/home/rasp/robot_ws/install/local_setup.zsh'
[4.117s] INFO:colcon.colcon_core.shell:Creating prefix chain script '/home/rasp/robot_ws/install/setup.zsh'
