[0.016s] Invoking command in '/home/rasp/humanoid/robot_ws/build/servo_interfaces': CMAKE_PREFIX_PATH=${CMAKE_PREFIX_PATH}:/opt/ros/jazzy DEBUGINFOD_URLS=https://debuginfod.ubuntu.com /usr/bin/cmake /home/rasp/humanoid/robot_ws/src/servo_interfaces -DCMAKE_INSTALL_PREFIX=/home/rasp/humanoid/robot_ws/install/servo_interfaces
[0.128s] -- The C compiler identification is GNU 13.3.0
[0.242s] -- The CXX compiler identification is GNU 13.3.0
[0.270s] -- Detecting C compiler ABI info
[0.456s] -- Detecting C compiler ABI info - done
[0.471s] -- Check for working C compiler: /usr/bin/cc - skipped
[0.472s] -- Detecting C compile features
[0.472s] -- Detecting C compile features - done
[0.487s] -- Detecting CXX compiler ABI info
[0.698s] -- Detecting CXX compiler ABI info - done
[0.713s] -- Check for working CXX compiler: /usr/bin/c++ - skipped
[0.713s] -- Detecting CXX compile features
[0.714s] -- Detecting CXX compile features - done
[0.721s] -- Found ament_cmake: 2.5.5 (/opt/ros/jazzy/share/ament_cmake/cmake)
[0.990s] -- Found Python3: /usr/bin/python3 (found version "3.12.3") found components: Interpreter 
[1.222s] -- Found rosidl_default_generators: 1.6.0 (/opt/ros/jazzy/share/rosidl_default_generators/cmake)
[1.236s] -- Using all available rosidl_typesupport_c: rosidl_typesupport_fastrtps_c;rosidl_typesupport_introspection_c
[1.347s] -- Using all available rosidl_typesupport_cpp: rosidl_typesupport_fastrtps_cpp;rosidl_typesupport_introspection_cpp
[1.441s] -- Found rosidl_adapter: 4.6.7 (/opt/ros/jazzy/share/rosidl_adapter/cmake)
[2.617s] -- Found ament_cmake_ros: 0.12.0 (/opt/ros/jazzy/share/ament_cmake_ros/cmake)
[3.341s] -- Using all available rosidl_typesupport_c: rosidl_typesupport_fastrtps_c;rosidl_typesupport_introspection_c
[4.281s] -- Using all available rosidl_typesupport_cpp: rosidl_typesupport_fastrtps_cpp;rosidl_typesupport_introspection_cpp
[4.288s] -- Found python_cmake_module: 0.11.1 (/opt/ros/jazzy/share/python_cmake_module/cmake)
[4.514s] -- Found PythonExtra: /usr/bin/python3  
[5.314s] -- Found Python3: /usr/bin/python3 (found version "3.12.3") found components: Interpreter Development NumPy Development.Module Development.Embed 
[5.392s] -- Configuring done (5.4s)
[5.469s] -- Generating done (0.1s)
[5.492s] -- Build files have been written to: /home/rasp/humanoid/robot_ws/build/servo_interfaces
[5.521s] Invoked command in '/home/rasp/humanoid/robot_ws/build/servo_interfaces' returned '0': CMAKE_PREFIX_PATH=${CMAKE_PREFIX_PATH}:/opt/ros/jazzy DEBUGINFOD_URLS=https://debuginfod.ubuntu.com /usr/bin/cmake /home/rasp/humanoid/robot_ws/src/servo_interfaces -DCMAKE_INSTALL_PREFIX=/home/rasp/humanoid/robot_ws/install/servo_interfaces
[5.523s] Invoking command in '/home/rasp/humanoid/robot_ws/build/servo_interfaces': CMAKE_PREFIX_PATH=${CMAKE_PREFIX_PATH}:/opt/ros/jazzy DEBUGINFOD_URLS=https://debuginfod.ubuntu.com /usr/bin/cmake --build /home/rasp/humanoid/robot_ws/build/servo_interfaces -- -j4 -l4
[5.650s] [  1%] [34m[1mGenerating type hashes for ROS interfaces[0m
[5.673s] [  1%] Built target ament_cmake_python_copy_servo_interfaces
[6.158s] running egg_info
[6.163s] creating servo_interfaces.egg-info
[6.227s] writing servo_interfaces.egg-info/PKG-INFO
[6.227s] writing dependency_links to servo_interfaces.egg-info/dependency_links.txt
[6.228s] writing top-level names to servo_interfaces.egg-info/top_level.txt
[6.228s] writing manifest file 'servo_interfaces.egg-info/SOURCES.txt'
[6.277s] [  1%] Built target servo_interfaces__rosidl_generator_type_description
[6.307s] [  3%] [34m[1mGenerating C code for ROS interfaces[0m
[6.326s] [  5%] [34m[1mGenerating C++ code for ROS interfaces[0m
[6.371s] reading manifest file 'servo_interfaces.egg-info/SOURCES.txt'
[6.374s] writing manifest file 'servo_interfaces.egg-info/SOURCES.txt'
[6.505s] [  5%] Built target ament_cmake_python_build_servo_interfaces_egg
[7.392s] [  5%] Built target servo_interfaces__cpp
[7.523s] [  9%] [32mBuilding C object CMakeFiles/servo_interfaces__rosidl_generator_c.dir/rosidl_generator_c/servo_interfaces/msg/detail/set_pwm__description.c.o[0m
[7.524s] [  9%] [32mBuilding C object CMakeFiles/servo_interfaces__rosidl_generator_c.dir/rosidl_generator_c/servo_interfaces/msg/detail/set_pwm__type_support.c.o[0m
[7.526s] [ 11%] [32mBuilding C object CMakeFiles/servo_interfaces__rosidl_generator_c.dir/rosidl_generator_c/servo_interfaces/srv/detail/motor_angle__description.c.o[0m
[7.528s] [ 12%] [32mBuilding C object CMakeFiles/servo_interfaces__rosidl_generator_c.dir/rosidl_generator_c/servo_interfaces/msg/detail/set_pwm__functions.c.o[0m
[7.601s] [ 14%] [32mBuilding C object CMakeFiles/servo_interfaces__rosidl_generator_c.dir/rosidl_generator_c/servo_interfaces/srv/detail/motor_angle__functions.c.o[0m
[7.616s] [ 16%] [32mBuilding C object CMakeFiles/servo_interfaces__rosidl_generator_c.dir/rosidl_generator_c/servo_interfaces/srv/detail/motor_angle__type_support.c.o[0m
[7.634s] [ 18%] [32mBuilding C object CMakeFiles/servo_interfaces__rosidl_generator_c.dir/rosidl_generator_c/servo_interfaces/action/detail/motor_angle__description.c.o[0m
[7.649s] [ 20%] [32mBuilding C object CMakeFiles/servo_interfaces__rosidl_generator_c.dir/rosidl_generator_c/servo_interfaces/action/detail/motor_angle__functions.c.o[0m
[7.712s] [ 22%] [32mBuilding C object CMakeFiles/servo_interfaces__rosidl_generator_c.dir/rosidl_generator_c/servo_interfaces/action/detail/motor_angle__type_support.c.o[0m
[7.936s] [ 24%] [32m[1mLinking C shared library libservo_interfaces__rosidl_generator_c.so[0m
[8.021s] [ 24%] Built target servo_interfaces__rosidl_generator_c
[8.045s] [ 29%] [34m[1mGenerating C type support for eProsima Fast-RTPS[0m
[8.045s] [ 29%] [34m[1mGenerating C type support dispatch for ROS interfaces[0m
[8.045s] [ 29%] [34m[1mGenerating C introspection for ROS interfaces[0m
[8.049s] [ 31%] [34m[1mGenerating C++ type support dispatch for ROS interfaces[0m
[8.800s] [ 33%] [32mBuilding CXX object CMakeFiles/servo_interfaces__rosidl_typesupport_c.dir/rosidl_typesupport_c/servo_interfaces/msg/set_pwm__type_support.cpp.o[0m
[8.834s] [ 35%] [32mBuilding CXX object CMakeFiles/servo_interfaces__rosidl_typesupport_cpp.dir/rosidl_typesupport_cpp/servo_interfaces/msg/set_pwm__type_support.cpp.o[0m
[8.894s] [ 37%] [32mBuilding CXX object CMakeFiles/servo_interfaces__rosidl_typesupport_c.dir/rosidl_typesupport_c/servo_interfaces/srv/motor_angle__type_support.cpp.o[0m
[8.992s] [ 38%] [32mBuilding CXX object CMakeFiles/servo_interfaces__rosidl_typesupport_c.dir/rosidl_typesupport_c/servo_interfaces/action/motor_angle__type_support.cpp.o[0m
[9.005s] [ 40%] [32mBuilding C object CMakeFiles/servo_interfaces__rosidl_typesupport_introspection_c.dir/rosidl_typesupport_introspection_c/servo_interfaces/msg/detail/set_pwm__type_support.c.o[0m
[9.085s] [ 42%] [32mBuilding C object CMakeFiles/servo_interfaces__rosidl_typesupport_introspection_c.dir/rosidl_typesupport_introspection_c/servo_interfaces/srv/detail/motor_angle__type_support.c.o[0m
[9.111s] [ 44%] [32m[1mLinking CXX shared library libservo_interfaces__rosidl_typesupport_c.so[0m
[9.197s] [ 46%] [32mBuilding C object CMakeFiles/servo_interfaces__rosidl_typesupport_introspection_c.dir/rosidl_typesupport_introspection_c/servo_interfaces/action/detail/motor_angle__type_support.c.o[0m
[9.216s] [ 46%] Built target servo_interfaces__rosidl_typesupport_c
[9.243s] [ 48%] [34m[1mGenerating C++ type support for eProsima Fast-RTPS[0m
[9.361s] [ 50%] [32m[1mLinking C shared library libservo_interfaces__rosidl_typesupport_introspection_c.so[0m
[9.432s] [ 51%] [32mBuilding CXX object CMakeFiles/servo_interfaces__rosidl_typesupport_fastrtps_c.dir/rosidl_typesupport_fastrtps_c/servo_interfaces/msg/detail/set_pwm__type_support_c.cpp.o[0m
[9.448s] [ 51%] Built target servo_interfaces__rosidl_typesupport_introspection_c
[9.471s] [ 53%] [32mBuilding CXX object CMakeFiles/servo_interfaces__rosidl_typesupport_fastrtps_c.dir/rosidl_typesupport_fastrtps_c/servo_interfaces/srv/detail/motor_angle__type_support_c.cpp.o[0m
[9.607s] [ 55%] [32mBuilding CXX object CMakeFiles/servo_interfaces__rosidl_typesupport_cpp.dir/rosidl_typesupport_cpp/servo_interfaces/srv/motor_angle__type_support.cpp.o[0m
[10.359s] [ 57%] [32mBuilding CXX object CMakeFiles/servo_interfaces__rosidl_typesupport_fastrtps_c.dir/rosidl_typesupport_fastrtps_c/servo_interfaces/action/detail/motor_angle__type_support_c.cpp.o[0m
[10.484s] [ 59%] [32mBuilding CXX object CMakeFiles/servo_interfaces__rosidl_typesupport_cpp.dir/rosidl_typesupport_cpp/servo_interfaces/action/motor_angle__type_support.cpp.o[0m
[10.514s] [ 61%] [34m[1mGenerating C++ introspection for ROS interfaces[0m
[10.713s] [ 62%] [32mBuilding CXX object CMakeFiles/servo_interfaces__rosidl_typesupport_fastrtps_cpp.dir/rosidl_typesupport_fastrtps_cpp/servo_interfaces/msg/detail/dds_fastrtps/set_pwm__type_support.cpp.o[0m
[11.668s] [ 64%] [32mBuilding CXX object CMakeFiles/servo_interfaces__rosidl_typesupport_introspection_cpp.dir/rosidl_typesupport_introspection_cpp/servo_interfaces/msg/detail/set_pwm__type_support.cpp.o[0m
[11.686s] [ 66%] [32m[1mLinking CXX shared library libservo_interfaces__rosidl_typesupport_fastrtps_c.so[0m
[11.788s] [ 68%] [32mBuilding CXX object CMakeFiles/servo_interfaces__rosidl_typesupport_fastrtps_cpp.dir/rosidl_typesupport_fastrtps_cpp/servo_interfaces/srv/detail/dds_fastrtps/motor_angle__type_support.cpp.o[0m
[11.906s] [ 68%] Built target servo_interfaces__rosidl_typesupport_fastrtps_c
[11.930s] [ 70%] [32mBuilding CXX object CMakeFiles/servo_interfaces__rosidl_typesupport_fastrtps_cpp.dir/rosidl_typesupport_fastrtps_cpp/servo_interfaces/action/detail/dds_fastrtps/motor_angle__type_support.cpp.o[0m
[12.083s] [ 72%] [32m[1mLinking CXX shared library libservo_interfaces__rosidl_typesupport_cpp.so[0m
[12.361s] [ 72%] Built target servo_interfaces__rosidl_typesupport_cpp
[12.385s] [ 74%] [32mBuilding CXX object CMakeFiles/servo_interfaces__rosidl_typesupport_introspection_cpp.dir/rosidl_typesupport_introspection_cpp/servo_interfaces/srv/detail/motor_angle__type_support.cpp.o[0m
[12.391s] [ 75%] [32mBuilding CXX object CMakeFiles/servo_interfaces__rosidl_typesupport_introspection_cpp.dir/rosidl_typesupport_introspection_cpp/servo_interfaces/action/detail/motor_angle__type_support.cpp.o[0m
[13.893s] [ 77%] [32m[1mLinking CXX shared library libservo_interfaces__rosidl_typesupport_introspection_cpp.so[0m
[14.123s] [ 77%] Built target servo_interfaces__rosidl_typesupport_introspection_cpp
[14.150s] [ 79%] [32m[1mLinking CXX shared library libservo_interfaces__rosidl_typesupport_fastrtps_cpp.so[0m
[14.316s] [ 79%] Built target servo_interfaces__rosidl_typesupport_fastrtps_cpp
[14.357s] [ 79%] Built target servo_interfaces
[14.398s] [ 81%] [34m[1mGenerating Python code for ROS interfaces[0m
[15.868s] [ 81%] Built target servo_interfaces__py
[15.909s] [ 87%] [32mBuilding C object CMakeFiles/servo_interfaces__rosidl_generator_py.dir/rosidl_generator_py/servo_interfaces/srv/_motor_angle_s.c.o[0m
[15.910s] [ 87%] [32mBuilding C object CMakeFiles/servo_interfaces__rosidl_generator_py.dir/rosidl_generator_py/servo_interfaces/msg/_set_pwm_s.c.o[0m
[15.910s] [ 87%] [32mBuilding C object CMakeFiles/servo_interfaces__rosidl_generator_py.dir/rosidl_generator_py/servo_interfaces/action/_motor_angle_s.c.o[0m
[16.275s] [ 88%] [32m[1mLinking C shared library libservo_interfaces__rosidl_generator_py.so[0m
[16.363s] [ 88%] Built target servo_interfaces__rosidl_generator_py
[16.407s] [ 94%] [32mBuilding C object CMakeFiles/servo_interfaces_s__rosidl_typesupport_fastrtps_c.dir/rosidl_generator_py/servo_interfaces/_servo_interfaces_s.ep.rosidl_typesupport_fastrtps_c.c.o[0m
[16.407s] [ 94%] [32mBuilding C object CMakeFiles/servo_interfaces_s__rosidl_typesupport_c.dir/rosidl_generator_py/servo_interfaces/_servo_interfaces_s.ep.rosidl_typesupport_c.c.o[0m
[16.407s] [ 94%] [32mBuilding C object CMakeFiles/servo_interfaces_s__rosidl_typesupport_introspection_c.dir/rosidl_generator_py/servo_interfaces/_servo_interfaces_s.ep.rosidl_typesupport_introspection_c.c.o[0m
[16.656s] [ 96%] [32m[1mLinking C shared module rosidl_generator_py/servo_interfaces/servo_interfaces_s__rosidl_typesupport_c.so[0m
[16.664s] [ 98%] [32m[1mLinking C shared module rosidl_generator_py/servo_interfaces/servo_interfaces_s__rosidl_typesupport_introspection_c.so[0m
[16.668s] [100%] [32m[1mLinking C shared module rosidl_generator_py/servo_interfaces/servo_interfaces_s__rosidl_typesupport_fastrtps_c.so[0m
[16.726s] [100%] Built target servo_interfaces_s__rosidl_typesupport_c
[16.734s] [100%] Built target servo_interfaces_s__rosidl_typesupport_introspection_c
[16.737s] [100%] Built target servo_interfaces_s__rosidl_typesupport_fastrtps_c
[16.761s] Invoked command in '/home/rasp/humanoid/robot_ws/build/servo_interfaces' returned '0': CMAKE_PREFIX_PATH=${CMAKE_PREFIX_PATH}:/opt/ros/jazzy DEBUGINFOD_URLS=https://debuginfod.ubuntu.com /usr/bin/cmake --build /home/rasp/humanoid/robot_ws/build/servo_interfaces -- -j4 -l4
[16.763s] Invoking command in '/home/rasp/humanoid/robot_ws/build/servo_interfaces': CMAKE_PREFIX_PATH=${CMAKE_PREFIX_PATH}:/opt/ros/jazzy DEBUGINFOD_URLS=https://debuginfod.ubuntu.com /usr/bin/cmake --install /home/rasp/humanoid/robot_ws/build/servo_interfaces
[16.779s] -- Install configuration: ""
[16.780s] -- Installing: /home/rasp/humanoid/robot_ws/install/servo_interfaces/share/ament_index/resource_index/rosidl_interfaces/servo_interfaces
[16.780s] -- Installing: /home/rasp/humanoid/robot_ws/install/servo_interfaces/share/servo_interfaces/msg/SetPwm.json
[16.780s] -- Installing: /home/rasp/humanoid/robot_ws/install/servo_interfaces/share/servo_interfaces/srv/MotorAngle.json
[16.781s] -- Installing: /home/rasp/humanoid/robot_ws/install/servo_interfaces/share/servo_interfaces/action/MotorAngle.json
[16.781s] -- Installing: /home/rasp/humanoid/robot_ws/install/servo_interfaces/include/servo_interfaces/servo_interfaces
[16.781s] -- Installing: /home/rasp/humanoid/robot_ws/install/servo_interfaces/include/servo_interfaces/servo_interfaces/msg
[16.781s] -- Installing: /home/rasp/humanoid/robot_ws/install/servo_interfaces/include/servo_interfaces/servo_interfaces/msg/set_pwm.h
[16.782s] -- Installing: /home/rasp/humanoid/robot_ws/install/servo_interfaces/include/servo_interfaces/servo_interfaces/msg/rosidl_generator_c__visibility_control.h
[16.782s] -- Installing: /home/rasp/humanoid/robot_ws/install/servo_interfaces/include/servo_interfaces/servo_interfaces/msg/detail
[16.782s] -- Installing: /home/rasp/humanoid/robot_ws/install/servo_interfaces/include/servo_interfaces/servo_interfaces/msg/detail/set_pwm__description.c
[16.782s] -- Installing: /home/rasp/humanoid/robot_ws/install/servo_interfaces/include/servo_interfaces/servo_interfaces/msg/detail/set_pwm__struct.h
[16.782s] -- Installing: /home/rasp/humanoid/robot_ws/install/servo_interfaces/include/servo_interfaces/servo_interfaces/msg/detail/set_pwm__functions.c
[16.782s] -- Installing: /home/rasp/humanoid/robot_ws/install/servo_interfaces/include/servo_interfaces/servo_interfaces/msg/detail/set_pwm__functions.h
[16.782s] -- Installing: /home/rasp/humanoid/robot_ws/install/servo_interfaces/include/servo_interfaces/servo_interfaces/msg/detail/set_pwm__type_support.h
[16.783s] -- Installing: /home/rasp/humanoid/robot_ws/install/servo_interfaces/include/servo_interfaces/servo_interfaces/msg/detail/set_pwm__type_support.c
[16.783s] -- Installing: /home/rasp/humanoid/robot_ws/install/servo_interfaces/include/servo_interfaces/servo_interfaces/srv
[16.783s] -- Installing: /home/rasp/humanoid/robot_ws/install/servo_interfaces/include/servo_interfaces/servo_interfaces/srv/motor_angle.h
[16.783s] -- Installing: /home/rasp/humanoid/robot_ws/install/servo_interfaces/include/servo_interfaces/servo_interfaces/srv/detail
[16.783s] -- Installing: /home/rasp/humanoid/robot_ws/install/servo_interfaces/include/servo_interfaces/servo_interfaces/srv/detail/motor_angle__type_support.h
[16.783s] -- Installing: /home/rasp/humanoid/robot_ws/install/servo_interfaces/include/servo_interfaces/servo_interfaces/srv/detail/motor_angle__description.c
[16.783s] -- Installing: /home/rasp/humanoid/robot_ws/install/servo_interfaces/include/servo_interfaces/servo_interfaces/srv/detail/motor_angle__type_support.c
[16.783s] -- Installing: /home/rasp/humanoid/robot_ws/install/servo_interfaces/include/servo_interfaces/servo_interfaces/srv/detail/motor_angle__functions.h
[16.784s] -- Installing: /home/rasp/humanoid/robot_ws/install/servo_interfaces/include/servo_interfaces/servo_interfaces/srv/detail/motor_angle__struct.h
[16.784s] -- Installing: /home/rasp/humanoid/robot_ws/install/servo_interfaces/include/servo_interfaces/servo_interfaces/srv/detail/motor_angle__functions.c
[16.784s] -- Installing: /home/rasp/humanoid/robot_ws/install/servo_interfaces/include/servo_interfaces/servo_interfaces/action
[16.784s] -- Installing: /home/rasp/humanoid/robot_ws/install/servo_interfaces/include/servo_interfaces/servo_interfaces/action/motor_angle.h
[16.784s] -- Installing: /home/rasp/humanoid/robot_ws/install/servo_interfaces/include/servo_interfaces/servo_interfaces/action/detail
[16.784s] -- Installing: /home/rasp/humanoid/robot_ws/install/servo_interfaces/include/servo_interfaces/servo_interfaces/action/detail/motor_angle__type_support.h
[16.784s] -- Installing: /home/rasp/humanoid/robot_ws/install/servo_interfaces/include/servo_interfaces/servo_interfaces/action/detail/motor_angle__description.c
[16.785s] -- Installing: /home/rasp/humanoid/robot_ws/install/servo_interfaces/include/servo_interfaces/servo_interfaces/action/detail/motor_angle__type_support.c
[16.785s] -- Installing: /home/rasp/humanoid/robot_ws/install/servo_interfaces/include/servo_interfaces/servo_interfaces/action/detail/motor_angle__functions.h
[16.785s] -- Installing: /home/rasp/humanoid/robot_ws/install/servo_interfaces/include/servo_interfaces/servo_interfaces/action/detail/motor_angle__struct.h
[16.785s] -- Installing: /home/rasp/humanoid/robot_ws/install/servo_interfaces/include/servo_interfaces/servo_interfaces/action/detail/motor_angle__functions.c
[16.786s] -- Installing: /home/rasp/humanoid/robot_ws/install/servo_interfaces/share/servo_interfaces/environment/library_path.sh
[16.786s] -- Installing: /home/rasp/humanoid/robot_ws/install/servo_interfaces/share/servo_interfaces/environment/library_path.dsv
[16.786s] -- Installing: /home/rasp/humanoid/robot_ws/install/servo_interfaces/lib/libservo_interfaces__rosidl_generator_c.so
[16.787s] -- Set non-toolchain portion of runtime path of "/home/rasp/humanoid/robot_ws/install/servo_interfaces/lib/libservo_interfaces__rosidl_generator_c.so" to ""
[16.787s] -- Up-to-date: /home/rasp/humanoid/robot_ws/install/servo_interfaces/include/servo_interfaces/servo_interfaces
[16.787s] -- Up-to-date: /home/rasp/humanoid/robot_ws/install/servo_interfaces/include/servo_interfaces/servo_interfaces/msg
[16.787s] -- Installing: /home/rasp/humanoid/robot_ws/install/servo_interfaces/include/servo_interfaces/servo_interfaces/msg/rosidl_typesupport_fastrtps_c__visibility_control.h
[16.787s] -- Up-to-date: /home/rasp/humanoid/robot_ws/install/servo_interfaces/include/servo_interfaces/servo_interfaces/msg/detail
[16.788s] -- Installing: /home/rasp/humanoid/robot_ws/install/servo_interfaces/include/servo_interfaces/servo_interfaces/msg/detail/set_pwm__rosidl_typesupport_fastrtps_c.h
[16.788s] -- Up-to-date: /home/rasp/humanoid/robot_ws/install/servo_interfaces/include/servo_interfaces/servo_interfaces/srv
[16.788s] -- Up-to-date: /home/rasp/humanoid/robot_ws/install/servo_interfaces/include/servo_interfaces/servo_interfaces/srv/detail
[16.788s] -- Installing: /home/rasp/humanoid/robot_ws/install/servo_interfaces/include/servo_interfaces/servo_interfaces/srv/detail/motor_angle__rosidl_typesupport_fastrtps_c.h
[16.788s] -- Up-to-date: /home/rasp/humanoid/robot_ws/install/servo_interfaces/include/servo_interfaces/servo_interfaces/action
[16.788s] -- Up-to-date: /home/rasp/humanoid/robot_ws/install/servo_interfaces/include/servo_interfaces/servo_interfaces/action/detail
[16.788s] -- Installing: /home/rasp/humanoid/robot_ws/install/servo_interfaces/include/servo_interfaces/servo_interfaces/action/detail/motor_angle__rosidl_typesupport_fastrtps_c.h
[16.788s] -- Installing: /home/rasp/humanoid/robot_ws/install/servo_interfaces/lib/libservo_interfaces__rosidl_typesupport_fastrtps_c.so
[16.789s] -- Set non-toolchain portion of runtime path of "/home/rasp/humanoid/robot_ws/install/servo_interfaces/lib/libservo_interfaces__rosidl_typesupport_fastrtps_c.so" to ""
[16.789s] -- Up-to-date: /home/rasp/humanoid/robot_ws/install/servo_interfaces/include/servo_interfaces/servo_interfaces
[16.789s] -- Up-to-date: /home/rasp/humanoid/robot_ws/install/servo_interfaces/include/servo_interfaces/servo_interfaces/msg
[16.789s] -- Installing: /home/rasp/humanoid/robot_ws/install/servo_interfaces/include/servo_interfaces/servo_interfaces/msg/rosidl_typesupport_introspection_c__visibility_control.h
[16.789s] -- Up-to-date: /home/rasp/humanoid/robot_ws/install/servo_interfaces/include/servo_interfaces/servo_interfaces/msg/detail
[16.789s] -- Installing: /home/rasp/humanoid/robot_ws/install/servo_interfaces/include/servo_interfaces/servo_interfaces/msg/detail/set_pwm__rosidl_typesupport_introspection_c.h
[16.790s] -- Installing: /home/rasp/humanoid/robot_ws/install/servo_interfaces/include/servo_interfaces/servo_interfaces/msg/detail/set_pwm__type_support.c
[16.790s] -- Up-to-date: /home/rasp/humanoid/robot_ws/install/servo_interfaces/include/servo_interfaces/servo_interfaces/srv
[16.790s] -- Up-to-date: /home/rasp/humanoid/robot_ws/install/servo_interfaces/include/servo_interfaces/servo_interfaces/srv/detail
[16.790s] -- Installing: /home/rasp/humanoid/robot_ws/install/servo_interfaces/include/servo_interfaces/servo_interfaces/srv/detail/motor_angle__type_support.c
[16.790s] -- Installing: /home/rasp/humanoid/robot_ws/install/servo_interfaces/include/servo_interfaces/servo_interfaces/srv/detail/motor_angle__rosidl_typesupport_introspection_c.h
[16.790s] -- Up-to-date: /home/rasp/humanoid/robot_ws/install/servo_interfaces/include/servo_interfaces/servo_interfaces/action
[16.790s] -- Up-to-date: /home/rasp/humanoid/robot_ws/install/servo_interfaces/include/servo_interfaces/servo_interfaces/action/detail
[16.790s] -- Installing: /home/rasp/humanoid/robot_ws/install/servo_interfaces/include/servo_interfaces/servo_interfaces/action/detail/motor_angle__type_support.c
[16.790s] -- Installing: /home/rasp/humanoid/robot_ws/install/servo_interfaces/include/servo_interfaces/servo_interfaces/action/detail/motor_angle__rosidl_typesupport_introspection_c.h
[16.790s] -- Installing: /home/rasp/humanoid/robot_ws/install/servo_interfaces/lib/libservo_interfaces__rosidl_typesupport_introspection_c.so
[16.791s] -- Set non-toolchain portion of runtime path of "/home/rasp/humanoid/robot_ws/install/servo_interfaces/lib/libservo_interfaces__rosidl_typesupport_introspection_c.so" to ""
[16.791s] -- Installing: /home/rasp/humanoid/robot_ws/install/servo_interfaces/lib/libservo_interfaces__rosidl_typesupport_c.so
[16.792s] -- Set non-toolchain portion of runtime path of "/home/rasp/humanoid/robot_ws/install/servo_interfaces/lib/libservo_interfaces__rosidl_typesupport_c.so" to ""
[16.792s] -- Up-to-date: /home/rasp/humanoid/robot_ws/install/servo_interfaces/include/servo_interfaces/servo_interfaces
[16.792s] -- Up-to-date: /home/rasp/humanoid/robot_ws/install/servo_interfaces/include/servo_interfaces/servo_interfaces/msg
[16.792s] -- Installing: /home/rasp/humanoid/robot_ws/install/servo_interfaces/include/servo_interfaces/servo_interfaces/msg/rosidl_generator_cpp__visibility_control.hpp
[16.792s] -- Installing: /home/rasp/humanoid/robot_ws/install/servo_interfaces/include/servo_interfaces/servo_interfaces/msg/set_pwm.hpp
[16.792s] -- Up-to-date: /home/rasp/humanoid/robot_ws/install/servo_interfaces/include/servo_interfaces/servo_interfaces/msg/detail
[16.793s] -- Installing: /home/rasp/humanoid/robot_ws/install/servo_interfaces/include/servo_interfaces/servo_interfaces/msg/detail/set_pwm__traits.hpp
[16.793s] -- Installing: /home/rasp/humanoid/robot_ws/install/servo_interfaces/include/servo_interfaces/servo_interfaces/msg/detail/set_pwm__struct.hpp
[16.793s] -- Installing: /home/rasp/humanoid/robot_ws/install/servo_interfaces/include/servo_interfaces/servo_interfaces/msg/detail/set_pwm__builder.hpp
[16.793s] -- Installing: /home/rasp/humanoid/robot_ws/install/servo_interfaces/include/servo_interfaces/servo_interfaces/msg/detail/set_pwm__type_support.hpp
[16.793s] -- Up-to-date: /home/rasp/humanoid/robot_ws/install/servo_interfaces/include/servo_interfaces/servo_interfaces/srv
[16.793s] -- Installing: /home/rasp/humanoid/robot_ws/install/servo_interfaces/include/servo_interfaces/servo_interfaces/srv/motor_angle.hpp
[16.793s] -- Up-to-date: /home/rasp/humanoid/robot_ws/install/servo_interfaces/include/servo_interfaces/servo_interfaces/srv/detail
[16.793s] -- Installing: /home/rasp/humanoid/robot_ws/install/servo_interfaces/include/servo_interfaces/servo_interfaces/srv/detail/motor_angle__type_support.hpp
[16.793s] -- Installing: /home/rasp/humanoid/robot_ws/install/servo_interfaces/include/servo_interfaces/servo_interfaces/srv/detail/motor_angle__builder.hpp
[16.793s] -- Installing: /home/rasp/humanoid/robot_ws/install/servo_interfaces/include/servo_interfaces/servo_interfaces/srv/detail/motor_angle__traits.hpp
[16.793s] -- Installing: /home/rasp/humanoid/robot_ws/install/servo_interfaces/include/servo_interfaces/servo_interfaces/srv/detail/motor_angle__struct.hpp
[16.794s] -- Up-to-date: /home/rasp/humanoid/robot_ws/install/servo_interfaces/include/servo_interfaces/servo_interfaces/action
[16.794s] -- Installing: /home/rasp/humanoid/robot_ws/install/servo_interfaces/include/servo_interfaces/servo_interfaces/action/motor_angle.hpp
[16.794s] -- Up-to-date: /home/rasp/humanoid/robot_ws/install/servo_interfaces/include/servo_interfaces/servo_interfaces/action/detail
[16.794s] -- Installing: /home/rasp/humanoid/robot_ws/install/servo_interfaces/include/servo_interfaces/servo_interfaces/action/detail/motor_angle__type_support.hpp
[16.794s] -- Installing: /home/rasp/humanoid/robot_ws/install/servo_interfaces/include/servo_interfaces/servo_interfaces/action/detail/motor_angle__builder.hpp
[16.794s] -- Installing: /home/rasp/humanoid/robot_ws/install/servo_interfaces/include/servo_interfaces/servo_interfaces/action/detail/motor_angle__traits.hpp
[16.794s] -- Installing: /home/rasp/humanoid/robot_ws/install/servo_interfaces/include/servo_interfaces/servo_interfaces/action/detail/motor_angle__struct.hpp
[16.795s] -- Up-to-date: /home/rasp/humanoid/robot_ws/install/servo_interfaces/include/servo_interfaces/servo_interfaces
[16.795s] -- Up-to-date: /home/rasp/humanoid/robot_ws/install/servo_interfaces/include/servo_interfaces/servo_interfaces/msg
[16.795s] -- Installing: /home/rasp/humanoid/robot_ws/install/servo_interfaces/include/servo_interfaces/servo_interfaces/msg/rosidl_typesupport_fastrtps_cpp__visibility_control.h
[16.795s] -- Up-to-date: /home/rasp/humanoid/robot_ws/install/servo_interfaces/include/servo_interfaces/servo_interfaces/msg/detail
[16.795s] -- Installing: /home/rasp/humanoid/robot_ws/install/servo_interfaces/include/servo_interfaces/servo_interfaces/msg/detail/set_pwm__rosidl_typesupport_fastrtps_cpp.hpp
[16.795s] -- Installing: /home/rasp/humanoid/robot_ws/install/servo_interfaces/include/servo_interfaces/servo_interfaces/msg/detail/dds_fastrtps
[16.795s] -- Up-to-date: /home/rasp/humanoid/robot_ws/install/servo_interfaces/include/servo_interfaces/servo_interfaces/srv
[16.795s] -- Up-to-date: /home/rasp/humanoid/robot_ws/install/servo_interfaces/include/servo_interfaces/servo_interfaces/srv/detail
[16.795s] -- Installing: /home/rasp/humanoid/robot_ws/install/servo_interfaces/include/servo_interfaces/servo_interfaces/srv/detail/dds_fastrtps
[16.795s] -- Installing: /home/rasp/humanoid/robot_ws/install/servo_interfaces/include/servo_interfaces/servo_interfaces/srv/detail/motor_angle__rosidl_typesupport_fastrtps_cpp.hpp
[16.796s] -- Up-to-date: /home/rasp/humanoid/robot_ws/install/servo_interfaces/include/servo_interfaces/servo_interfaces/action
[16.796s] -- Up-to-date: /home/rasp/humanoid/robot_ws/install/servo_interfaces/include/servo_interfaces/servo_interfaces/action/detail
[16.796s] -- Installing: /home/rasp/humanoid/robot_ws/install/servo_interfaces/include/servo_interfaces/servo_interfaces/action/detail/dds_fastrtps
[16.796s] -- Installing: /home/rasp/humanoid/robot_ws/install/servo_interfaces/include/servo_interfaces/servo_interfaces/action/detail/motor_angle__rosidl_typesupport_fastrtps_cpp.hpp
[16.796s] -- Installing: /home/rasp/humanoid/robot_ws/install/servo_interfaces/lib/libservo_interfaces__rosidl_typesupport_fastrtps_cpp.so
[16.797s] -- Set non-toolchain portion of runtime path of "/home/rasp/humanoid/robot_ws/install/servo_interfaces/lib/libservo_interfaces__rosidl_typesupport_fastrtps_cpp.so" to ""
[16.797s] -- Up-to-date: /home/rasp/humanoid/robot_ws/install/servo_interfaces/include/servo_interfaces/servo_interfaces
[16.797s] -- Up-to-date: /home/rasp/humanoid/robot_ws/install/servo_interfaces/include/servo_interfaces/servo_interfaces/msg
[16.797s] -- Up-to-date: /home/rasp/humanoid/robot_ws/install/servo_interfaces/include/servo_interfaces/servo_interfaces/msg/detail
[16.798s] -- Installing: /home/rasp/humanoid/robot_ws/install/servo_interfaces/include/servo_interfaces/servo_interfaces/msg/detail/set_pwm__rosidl_typesupport_introspection_cpp.hpp
[16.798s] -- Installing: /home/rasp/humanoid/robot_ws/install/servo_interfaces/include/servo_interfaces/servo_interfaces/msg/detail/set_pwm__type_support.cpp
[16.798s] -- Up-to-date: /home/rasp/humanoid/robot_ws/install/servo_interfaces/include/servo_interfaces/servo_interfaces/srv
[16.798s] -- Up-to-date: /home/rasp/humanoid/robot_ws/install/servo_interfaces/include/servo_interfaces/servo_interfaces/srv/detail
[16.798s] -- Installing: /home/rasp/humanoid/robot_ws/install/servo_interfaces/include/servo_interfaces/servo_interfaces/srv/detail/motor_angle__rosidl_typesupport_introspection_cpp.hpp
[16.798s] -- Installing: /home/rasp/humanoid/robot_ws/install/servo_interfaces/include/servo_interfaces/servo_interfaces/srv/detail/motor_angle__type_support.cpp
[16.798s] -- Up-to-date: /home/rasp/humanoid/robot_ws/install/servo_interfaces/include/servo_interfaces/servo_interfaces/action
[16.798s] -- Up-to-date: /home/rasp/humanoid/robot_ws/install/servo_interfaces/include/servo_interfaces/servo_interfaces/action/detail
[16.798s] -- Installing: /home/rasp/humanoid/robot_ws/install/servo_interfaces/include/servo_interfaces/servo_interfaces/action/detail/motor_angle__rosidl_typesupport_introspection_cpp.hpp
[16.798s] -- Installing: /home/rasp/humanoid/robot_ws/install/servo_interfaces/include/servo_interfaces/servo_interfaces/action/detail/motor_angle__type_support.cpp
[16.799s] -- Installing: /home/rasp/humanoid/robot_ws/install/servo_interfaces/lib/libservo_interfaces__rosidl_typesupport_introspection_cpp.so
[16.800s] -- Set non-toolchain portion of runtime path of "/home/rasp/humanoid/robot_ws/install/servo_interfaces/lib/libservo_interfaces__rosidl_typesupport_introspection_cpp.so" to ""
[16.800s] -- Installing: /home/rasp/humanoid/robot_ws/install/servo_interfaces/lib/libservo_interfaces__rosidl_typesupport_cpp.so
[16.801s] -- Set non-toolchain portion of runtime path of "/home/rasp/humanoid/robot_ws/install/servo_interfaces/lib/libservo_interfaces__rosidl_typesupport_cpp.so" to ""
[16.801s] -- Installing: /home/rasp/humanoid/robot_ws/install/servo_interfaces/share/servo_interfaces/environment/pythonpath.sh
[16.801s] -- Installing: /home/rasp/humanoid/robot_ws/install/servo_interfaces/share/servo_interfaces/environment/pythonpath.dsv
[16.801s] -- Installing: /home/rasp/humanoid/robot_ws/install/servo_interfaces/lib/python3.12/site-packages/servo_interfaces-0.0.0-py3.12.egg-info
[16.801s] -- Installing: /home/rasp/humanoid/robot_ws/install/servo_interfaces/lib/python3.12/site-packages/servo_interfaces-0.0.0-py3.12.egg-info/top_level.txt
[16.801s] -- Installing: /home/rasp/humanoid/robot_ws/install/servo_interfaces/lib/python3.12/site-packages/servo_interfaces-0.0.0-py3.12.egg-info/PKG-INFO
[16.801s] -- Installing: /home/rasp/humanoid/robot_ws/install/servo_interfaces/lib/python3.12/site-packages/servo_interfaces-0.0.0-py3.12.egg-info/SOURCES.txt
[16.802s] -- Installing: /home/rasp/humanoid/robot_ws/install/servo_interfaces/lib/python3.12/site-packages/servo_interfaces-0.0.0-py3.12.egg-info/dependency_links.txt
[16.802s] -- Installing: /home/rasp/humanoid/robot_ws/install/servo_interfaces/lib/python3.12/site-packages/servo_interfaces
[16.802s] -- Installing: /home/rasp/humanoid/robot_ws/install/servo_interfaces/lib/python3.12/site-packages/servo_interfaces/_servo_interfaces_s.ep.rosidl_typesupport_introspection_c.c
[16.802s] -- Installing: /home/rasp/humanoid/robot_ws/install/servo_interfaces/lib/python3.12/site-packages/servo_interfaces/msg
[16.802s] -- Installing: /home/rasp/humanoid/robot_ws/install/servo_interfaces/lib/python3.12/site-packages/servo_interfaces/msg/__init__.py
[16.802s] -- Installing: /home/rasp/humanoid/robot_ws/install/servo_interfaces/lib/python3.12/site-packages/servo_interfaces/msg/_set_pwm_s.c
[16.803s] -- Installing: /home/rasp/humanoid/robot_ws/install/servo_interfaces/lib/python3.12/site-packages/servo_interfaces/msg/_set_pwm.py
[16.803s] -- Installing: /home/rasp/humanoid/robot_ws/install/servo_interfaces/lib/python3.12/site-packages/servo_interfaces/__init__.py
[16.803s] -- Installing: /home/rasp/humanoid/robot_ws/install/servo_interfaces/lib/python3.12/site-packages/servo_interfaces/srv
[16.803s] -- Installing: /home/rasp/humanoid/robot_ws/install/servo_interfaces/lib/python3.12/site-packages/servo_interfaces/srv/__init__.py
[16.803s] -- Installing: /home/rasp/humanoid/robot_ws/install/servo_interfaces/lib/python3.12/site-packages/servo_interfaces/srv/_motor_angle.py
[16.803s] -- Installing: /home/rasp/humanoid/robot_ws/install/servo_interfaces/lib/python3.12/site-packages/servo_interfaces/srv/_motor_angle_s.c
[16.803s] -- Installing: /home/rasp/humanoid/robot_ws/install/servo_interfaces/lib/python3.12/site-packages/servo_interfaces/_servo_interfaces_s.ep.rosidl_typesupport_c.c
[16.804s] -- Installing: /home/rasp/humanoid/robot_ws/install/servo_interfaces/lib/python3.12/site-packages/servo_interfaces/_servo_interfaces_s.ep.rosidl_typesupport_fastrtps_c.c
[16.804s] -- Installing: /home/rasp/humanoid/robot_ws/install/servo_interfaces/lib/python3.12/site-packages/servo_interfaces/servo_interfaces_s__rosidl_typesupport_fastrtps_c.so
[16.804s] -- Installing: /home/rasp/humanoid/robot_ws/install/servo_interfaces/lib/python3.12/site-packages/servo_interfaces/servo_interfaces_s__rosidl_typesupport_introspection_c.so
[16.804s] -- Installing: /home/rasp/humanoid/robot_ws/install/servo_interfaces/lib/python3.12/site-packages/servo_interfaces/action
[16.804s] -- Installing: /home/rasp/humanoid/robot_ws/install/servo_interfaces/lib/python3.12/site-packages/servo_interfaces/action/__init__.py
[16.805s] -- Installing: /home/rasp/humanoid/robot_ws/install/servo_interfaces/lib/python3.12/site-packages/servo_interfaces/action/_motor_angle.py
[16.805s] -- Installing: /home/rasp/humanoid/robot_ws/install/servo_interfaces/lib/python3.12/site-packages/servo_interfaces/action/_motor_angle_s.c
[16.805s] -- Installing: /home/rasp/humanoid/robot_ws/install/servo_interfaces/lib/python3.12/site-packages/servo_interfaces/servo_interfaces_s__rosidl_typesupport_c.so
[16.884s] Listing '/home/rasp/humanoid/robot_ws/install/servo_interfaces/lib/python3.12/site-packages/servo_interfaces'...
[16.885s] Compiling '/home/rasp/humanoid/robot_ws/install/servo_interfaces/lib/python3.12/site-packages/servo_interfaces/__init__.py'...
[16.885s] Listing '/home/rasp/humanoid/robot_ws/install/servo_interfaces/lib/python3.12/site-packages/servo_interfaces/action'...
[16.885s] Compiling '/home/rasp/humanoid/robot_ws/install/servo_interfaces/lib/python3.12/site-packages/servo_interfaces/action/__init__.py'...
[16.885s] Compiling '/home/rasp/humanoid/robot_ws/install/servo_interfaces/lib/python3.12/site-packages/servo_interfaces/action/_motor_angle.py'...
[16.885s] Listing '/home/rasp/humanoid/robot_ws/install/servo_interfaces/lib/python3.12/site-packages/servo_interfaces/msg'...
[16.885s] Compiling '/home/rasp/humanoid/robot_ws/install/servo_interfaces/lib/python3.12/site-packages/servo_interfaces/msg/__init__.py'...
[16.885s] Compiling '/home/rasp/humanoid/robot_ws/install/servo_interfaces/lib/python3.12/site-packages/servo_interfaces/msg/_set_pwm.py'...
[16.885s] Listing '/home/rasp/humanoid/robot_ws/install/servo_interfaces/lib/python3.12/site-packages/servo_interfaces/srv'...
[16.885s] Compiling '/home/rasp/humanoid/robot_ws/install/servo_interfaces/lib/python3.12/site-packages/servo_interfaces/srv/__init__.py'...
[16.885s] Compiling '/home/rasp/humanoid/robot_ws/install/servo_interfaces/lib/python3.12/site-packages/servo_interfaces/srv/_motor_angle.py'...
[16.898s] -- Installing: /home/rasp/humanoid/robot_ws/install/servo_interfaces/lib/python3.12/site-packages/servo_interfaces/servo_interfaces_s__rosidl_typesupport_fastrtps_c.so
[16.898s] -- Set non-toolchain portion of runtime path of "/home/rasp/humanoid/robot_ws/install/servo_interfaces/lib/python3.12/site-packages/servo_interfaces/servo_interfaces_s__rosidl_typesupport_fastrtps_c.so" to ""
[16.898s] -- Installing: /home/rasp/humanoid/robot_ws/install/servo_interfaces/lib/python3.12/site-packages/servo_interfaces/servo_interfaces_s__rosidl_typesupport_introspection_c.so
[16.899s] -- Set non-toolchain portion of runtime path of "/home/rasp/humanoid/robot_ws/install/servo_interfaces/lib/python3.12/site-packages/servo_interfaces/servo_interfaces_s__rosidl_typesupport_introspection_c.so" to ""
[16.899s] -- Installing: /home/rasp/humanoid/robot_ws/install/servo_interfaces/lib/python3.12/site-packages/servo_interfaces/servo_interfaces_s__rosidl_typesupport_c.so
[16.900s] -- Set non-toolchain portion of runtime path of "/home/rasp/humanoid/robot_ws/install/servo_interfaces/lib/python3.12/site-packages/servo_interfaces/servo_interfaces_s__rosidl_typesupport_c.so" to ""
[16.900s] -- Installing: /home/rasp/humanoid/robot_ws/install/servo_interfaces/lib/libservo_interfaces__rosidl_generator_py.so
[16.901s] -- Set non-toolchain portion of runtime path of "/home/rasp/humanoid/robot_ws/install/servo_interfaces/lib/libservo_interfaces__rosidl_generator_py.so" to ""
[16.901s] -- Installing: /home/rasp/humanoid/robot_ws/install/servo_interfaces/share/servo_interfaces/msg/SetPwm.idl
[16.901s] -- Installing: /home/rasp/humanoid/robot_ws/install/servo_interfaces/share/servo_interfaces/srv/MotorAngle.idl
[16.901s] -- Installing: /home/rasp/humanoid/robot_ws/install/servo_interfaces/share/servo_interfaces/action/MotorAngle.idl
[16.901s] -- Installing: /home/rasp/humanoid/robot_ws/install/servo_interfaces/share/servo_interfaces/msg/SetPwm.msg
[16.901s] -- Installing: /home/rasp/humanoid/robot_ws/install/servo_interfaces/share/servo_interfaces/srv/MotorAngle.srv
[16.902s] -- Installing: /home/rasp/humanoid/robot_ws/install/servo_interfaces/share/servo_interfaces/action/MotorAngle.action
[16.902s] -- Installing: /home/rasp/humanoid/robot_ws/install/servo_interfaces/share/ament_index/resource_index/package_run_dependencies/servo_interfaces
[16.902s] -- Installing: /home/rasp/humanoid/robot_ws/install/servo_interfaces/share/ament_index/resource_index/parent_prefix_path/servo_interfaces
[16.902s] -- Installing: /home/rasp/humanoid/robot_ws/install/servo_interfaces/share/servo_interfaces/environment/ament_prefix_path.sh
[16.902s] -- Installing: /home/rasp/humanoid/robot_ws/install/servo_interfaces/share/servo_interfaces/environment/ament_prefix_path.dsv
[16.903s] -- Installing: /home/rasp/humanoid/robot_ws/install/servo_interfaces/share/servo_interfaces/environment/path.sh
[16.903s] -- Installing: /home/rasp/humanoid/robot_ws/install/servo_interfaces/share/servo_interfaces/environment/path.dsv
[16.903s] -- Installing: /home/rasp/humanoid/robot_ws/install/servo_interfaces/share/servo_interfaces/local_setup.bash
[16.903s] -- Installing: /home/rasp/humanoid/robot_ws/install/servo_interfaces/share/servo_interfaces/local_setup.sh
[16.903s] -- Installing: /home/rasp/humanoid/robot_ws/install/servo_interfaces/share/servo_interfaces/local_setup.zsh
[16.903s] -- Installing: /home/rasp/humanoid/robot_ws/install/servo_interfaces/share/servo_interfaces/local_setup.dsv
[16.904s] -- Installing: /home/rasp/humanoid/robot_ws/install/servo_interfaces/share/servo_interfaces/package.dsv
[16.904s] -- Installing: /home/rasp/humanoid/robot_ws/install/servo_interfaces/share/ament_index/resource_index/packages/servo_interfaces
[16.904s] -- Installing: /home/rasp/humanoid/robot_ws/install/servo_interfaces/share/servo_interfaces/cmake/export_servo_interfaces__rosidl_generator_cExport.cmake
[16.904s] -- Installing: /home/rasp/humanoid/robot_ws/install/servo_interfaces/share/servo_interfaces/cmake/export_servo_interfaces__rosidl_generator_cExport-noconfig.cmake
[16.905s] -- Installing: /home/rasp/humanoid/robot_ws/install/servo_interfaces/share/servo_interfaces/cmake/export_servo_interfaces__rosidl_typesupport_fastrtps_cExport.cmake
[16.905s] -- Installing: /home/rasp/humanoid/robot_ws/install/servo_interfaces/share/servo_interfaces/cmake/export_servo_interfaces__rosidl_typesupport_fastrtps_cExport-noconfig.cmake
[16.905s] -- Installing: /home/rasp/humanoid/robot_ws/install/servo_interfaces/share/servo_interfaces/cmake/servo_interfaces__rosidl_typesupport_introspection_cExport.cmake
[16.905s] -- Installing: /home/rasp/humanoid/robot_ws/install/servo_interfaces/share/servo_interfaces/cmake/servo_interfaces__rosidl_typesupport_introspection_cExport-noconfig.cmake
[16.905s] -- Installing: /home/rasp/humanoid/robot_ws/install/servo_interfaces/share/servo_interfaces/cmake/servo_interfaces__rosidl_typesupport_cExport.cmake
[16.905s] -- Installing: /home/rasp/humanoid/robot_ws/install/servo_interfaces/share/servo_interfaces/cmake/servo_interfaces__rosidl_typesupport_cExport-noconfig.cmake
[16.906s] -- Installing: /home/rasp/humanoid/robot_ws/install/servo_interfaces/share/servo_interfaces/cmake/export_servo_interfaces__rosidl_generator_cppExport.cmake
[16.906s] -- Installing: /home/rasp/humanoid/robot_ws/install/servo_interfaces/share/servo_interfaces/cmake/export_servo_interfaces__rosidl_typesupport_fastrtps_cppExport.cmake
[16.906s] -- Installing: /home/rasp/humanoid/robot_ws/install/servo_interfaces/share/servo_interfaces/cmake/export_servo_interfaces__rosidl_typesupport_fastrtps_cppExport-noconfig.cmake
[16.906s] -- Installing: /home/rasp/humanoid/robot_ws/install/servo_interfaces/share/servo_interfaces/cmake/servo_interfaces__rosidl_typesupport_introspection_cppExport.cmake
[16.906s] -- Installing: /home/rasp/humanoid/robot_ws/install/servo_interfaces/share/servo_interfaces/cmake/servo_interfaces__rosidl_typesupport_introspection_cppExport-noconfig.cmake
[16.907s] -- Installing: /home/rasp/humanoid/robot_ws/install/servo_interfaces/share/servo_interfaces/cmake/servo_interfaces__rosidl_typesupport_cppExport.cmake
[16.907s] -- Installing: /home/rasp/humanoid/robot_ws/install/servo_interfaces/share/servo_interfaces/cmake/servo_interfaces__rosidl_typesupport_cppExport-noconfig.cmake
[16.907s] -- Installing: /home/rasp/humanoid/robot_ws/install/servo_interfaces/share/servo_interfaces/cmake/export_servo_interfaces__rosidl_generator_pyExport.cmake
[16.907s] -- Installing: /home/rasp/humanoid/robot_ws/install/servo_interfaces/share/servo_interfaces/cmake/export_servo_interfaces__rosidl_generator_pyExport-noconfig.cmake
[16.907s] -- Installing: /home/rasp/humanoid/robot_ws/install/servo_interfaces/share/servo_interfaces/cmake/rosidl_cmake-extras.cmake
[16.907s] -- Installing: /home/rasp/humanoid/robot_ws/install/servo_interfaces/share/servo_interfaces/cmake/ament_cmake_export_dependencies-extras.cmake
[16.908s] -- Installing: /home/rasp/humanoid/robot_ws/install/servo_interfaces/share/servo_interfaces/cmake/ament_cmake_export_include_directories-extras.cmake
[16.908s] -- Installing: /home/rasp/humanoid/robot_ws/install/servo_interfaces/share/servo_interfaces/cmake/ament_cmake_export_libraries-extras.cmake
[16.908s] -- Installing: /home/rasp/humanoid/robot_ws/install/servo_interfaces/share/servo_interfaces/cmake/ament_cmake_export_targets-extras.cmake
[16.908s] -- Installing: /home/rasp/humanoid/robot_ws/install/servo_interfaces/share/servo_interfaces/cmake/rosidl_cmake_export_typesupport_targets-extras.cmake
[16.908s] -- Installing: /home/rasp/humanoid/robot_ws/install/servo_interfaces/share/servo_interfaces/cmake/rosidl_cmake_export_typesupport_libraries-extras.cmake
[16.909s] -- Installing: /home/rasp/humanoid/robot_ws/install/servo_interfaces/share/servo_interfaces/cmake/servo_interfacesConfig.cmake
[16.909s] -- Installing: /home/rasp/humanoid/robot_ws/install/servo_interfaces/share/servo_interfaces/cmake/servo_interfacesConfig-version.cmake
[16.909s] -- Installing: /home/rasp/humanoid/robot_ws/install/servo_interfaces/share/servo_interfaces/package.xml
[16.913s] Invoked command in '/home/rasp/humanoid/robot_ws/build/servo_interfaces' returned '0': CMAKE_PREFIX_PATH=${CMAKE_PREFIX_PATH}:/opt/ros/jazzy DEBUGINFOD_URLS=https://debuginfod.ubuntu.com /usr/bin/cmake --install /home/rasp/humanoid/robot_ws/build/servo_interfaces
