[2.389s] Invoking command in '/home/rasp/humanoid_ros2/robot_ws/src/my_servo_controller': DEBUGINFOD_URLS=https://debuginfod.ubuntu.com PYTHONPATH=/home/rasp/humanoid_ros2/robot_ws/build/my_servo_controller/prefix_override:/usr/lib/python3/dist-packages/colcon_core/task/python/colcon_distutils_commands:/home/rasp/humanoid_ros2/robot_ws/install/my_servo_controller/lib/python3.12/site-packages:/home/rasp/humanoid_ros2/robot_ws/install/servo_interfaces/lib/python3.12/site-packages:/home/rasp/humanoid_ros2/robot_ws/install/my_servo_controller/lib/python3.12/site-packages:/opt/ros/jazzy/lib/python3.12/site-packages VIRTUAL_ENV_PROMPT=(yolo_env) /usr/bin/python3 -W ignore:setup.py install is deprecated -W ignore:easy_install command is deprecated setup.py egg_info --egg-base ../../build/my_servo_controller build --build-base /home/rasp/humanoid_ros2/robot_ws/build/my_servo_controller/build install --record /home/rasp/humanoid_ros2/robot_ws/build/my_servo_controller/install.log --single-version-externally-managed install_data
[3.065s] running egg_info
[3.092s] writing ../../build/my_servo_controller/my_servo_controller.egg-info/PKG-INFO
[3.093s] writing dependency_links to ../../build/my_servo_controller/my_servo_controller.egg-info/dependency_links.txt
[3.095s] writing entry points to ../../build/my_servo_controller/my_servo_controller.egg-info/entry_points.txt
[3.096s] writing requirements to ../../build/my_servo_controller/my_servo_controller.egg-info/requires.txt
[3.096s] writing top-level names to ../../build/my_servo_controller/my_servo_controller.egg-info/top_level.txt
[3.154s] reading manifest file '../../build/my_servo_controller/my_servo_controller.egg-info/SOURCES.txt'
[3.155s] writing manifest file '../../build/my_servo_controller/my_servo_controller.egg-info/SOURCES.txt'
[3.155s] running build
[3.156s] running build_py
[3.156s] copying my_servo_controller/yolov8_ros2_pt.py -> /home/rasp/humanoid_ros2/robot_ws/build/my_servo_controller/build/lib/my_servo_controller
[3.156s] copying my_servo_controller/topic_controller.py -> /home/rasp/humanoid_ros2/robot_ws/build/my_servo_controller/build/lib/my_servo_controller
[3.157s] running install
[3.166s] running install_lib
[3.195s] copying /home/rasp/humanoid_ros2/robot_ws/build/my_servo_controller/build/lib/my_servo_controller/yolov8_ros2_pt.py -> /home/rasp/humanoid_ros2/robot_ws/install/my_servo_controller/lib/python3.12/site-packages/my_servo_controller
[3.195s] copying /home/rasp/humanoid_ros2/robot_ws/build/my_servo_controller/build/lib/my_servo_controller/topic_controller.py -> /home/rasp/humanoid_ros2/robot_ws/install/my_servo_controller/lib/python3.12/site-packages/my_servo_controller
[3.197s] byte-compiling /home/rasp/humanoid_ros2/robot_ws/install/my_servo_controller/lib/python3.12/site-packages/my_servo_controller/yolov8_ros2_pt.py to yolov8_ros2_pt.cpython-312.pyc
[3.198s] byte-compiling /home/rasp/humanoid_ros2/robot_ws/install/my_servo_controller/lib/python3.12/site-packages/my_servo_controller/topic_controller.py to topic_controller.cpython-312.pyc
[3.204s] running install_data
[3.204s] running install_egg_info
[3.234s] removing '/home/rasp/humanoid_ros2/robot_ws/install/my_servo_controller/lib/python3.12/site-packages/my_servo_controller-0.0.0-py3.12.egg-info' (and everything under it)
[3.235s] Copying ../../build/my_servo_controller/my_servo_controller.egg-info to /home/rasp/humanoid_ros2/robot_ws/install/my_servo_controller/lib/python3.12/site-packages/my_servo_controller-0.0.0-py3.12.egg-info
[3.237s] running install_scripts
[3.427s] Installing action_controller_node script to /home/rasp/humanoid_ros2/robot_ws/install/my_servo_controller/lib/my_servo_controller
[3.427s] Installing flask_controller_node script to /home/rasp/humanoid_ros2/robot_ws/install/my_servo_controller/lib/my_servo_controller
[3.428s] Installing gazibo_sim_node script to /home/rasp/humanoid_ros2/robot_ws/install/my_servo_controller/lib/my_servo_controller
[3.429s] Installing head_controller_node script to /home/rasp/humanoid_ros2/robot_ws/install/my_servo_controller/lib/my_servo_controller
[3.430s] Installing servo_controller_node script to /home/rasp/humanoid_ros2/robot_ws/install/my_servo_controller/lib/my_servo_controller
[3.431s] Installing servo_mover_node script to /home/rasp/humanoid_ros2/robot_ws/install/my_servo_controller/lib/my_servo_controller
[3.432s] Installing topic_controller_node script to /home/rasp/humanoid_ros2/robot_ws/install/my_servo_controller/lib/my_servo_controller
[3.433s] Installing yolov8_ros2_pt_node script to /home/rasp/humanoid_ros2/robot_ws/install/my_servo_controller/lib/my_servo_controller
[3.435s] Installing yolov8_ros2_video_node script to /home/rasp/humanoid_ros2/robot_ws/install/my_servo_controller/lib/my_servo_controller
[3.436s] Installing yolov8_subscriber_node script to /home/rasp/humanoid_ros2/robot_ws/install/my_servo_controller/lib/my_servo_controller
[3.437s] writing list of installed files to '/home/rasp/humanoid_ros2/robot_ws/build/my_servo_controller/install.log'
[3.539s] Invoked command in '/home/rasp/humanoid_ros2/robot_ws/src/my_servo_controller' returned '0': DEBUGINFOD_URLS=https://debuginfod.ubuntu.com PYTHONPATH=/home/rasp/humanoid_ros2/robot_ws/build/my_servo_controller/prefix_override:/usr/lib/python3/dist-packages/colcon_core/task/python/colcon_distutils_commands:/home/rasp/humanoid_ros2/robot_ws/install/my_servo_controller/lib/python3.12/site-packages:/home/rasp/humanoid_ros2/robot_ws/install/servo_interfaces/lib/python3.12/site-packages:/home/rasp/humanoid_ros2/robot_ws/install/my_servo_controller/lib/python3.12/site-packages:/opt/ros/jazzy/lib/python3.12/site-packages VIRTUAL_ENV_PROMPT=(yolo_env) /usr/bin/python3 -W ignore:setup.py install is deprecated -W ignore:easy_install command is deprecated setup.py egg_info --egg-base ../../build/my_servo_controller build --build-base /home/rasp/humanoid_ros2/robot_ws/build/my_servo_controller/build install --record /home/rasp/humanoid_ros2/robot_ws/build/my_servo_controller/install.log --single-version-externally-managed install_data
