[1.232s] Invoking command in '/home/rasp/robot_ws/src/ros2_pca9685': DEBUGINFOD_URLS=https://debuginfod.ubuntu.com PYTHONPATH=/home/rasp/robot_ws/build/ros2_pca9685/prefix_override:/usr/lib/python3/dist-packages/colcon_core/task/python/colcon_distutils_commands:/home/rasp/robot_ws/install/ros2_pca9685/lib/python3.12/site-packages:${PYTHONPATH} /usr/bin/python3 -W ignore:setup.py install is deprecated -W ignore:easy_install command is deprecated setup.py egg_info --egg-base ../../build/ros2_pca9685 build --build-base /home/rasp/robot_ws/build/ros2_pca9685/build install --record /home/rasp/robot_ws/build/ros2_pca9685/install.log --install-scripts $base/lib/ros2_pca9685 --single-version-externally-managed install_data
[1.409s] /usr/lib/python3/dist-packages/setuptools/dist.py:744: SetuptoolsDeprecationWarning: Invalid dash-separated options
[1.409s] !!
[1.409s] 
[1.409s]         ********************************************************************************
[1.410s]         Usage of dash-separated 'script-dir' will not be supported in future
[1.410s]         versions. Please use the underscore name 'script_dir' instead.
[1.410s] 
[1.410s]         This deprecation is overdue, please update your project and remove deprecated
[1.410s]         calls to avoid build errors in the future.
[1.410s] 
[1.410s]         See https://setuptools.pypa.io/en/latest/userguide/declarative_config.html for details.
[1.410s]         ********************************************************************************
[1.410s] 
[1.410s] !!
[1.410s]   opt = self.warn_dash_deprecation(opt, section)
[1.588s] running egg_info
[1.615s] writing ../../build/ros2_pca9685/ros2_pca9685.egg-info/PKG-INFO
[1.616s] writing dependency_links to ../../build/ros2_pca9685/ros2_pca9685.egg-info/dependency_links.txt
[1.617s] writing entry points to ../../build/ros2_pca9685/ros2_pca9685.egg-info/entry_points.txt
[1.618s] writing requirements to ../../build/ros2_pca9685/ros2_pca9685.egg-info/requires.txt
[1.619s] writing top-level names to ../../build/ros2_pca9685/ros2_pca9685.egg-info/top_level.txt
[1.672s] reading manifest file '../../build/ros2_pca9685/ros2_pca9685.egg-info/SOURCES.txt'
[1.673s] writing manifest file '../../build/ros2_pca9685/ros2_pca9685.egg-info/SOURCES.txt'
[1.674s] running build
[1.674s] running build_py
[1.674s] copying ros2_pca9685/subscriber_member_function.py -> /home/rasp/robot_ws/build/ros2_pca9685/build/lib/ros2_pca9685
[1.674s] running install
[1.684s] running install_lib
[1.709s] copying /home/rasp/robot_ws/build/ros2_pca9685/build/lib/ros2_pca9685/subscriber_member_function.py -> /home/rasp/robot_ws/install/ros2_pca9685/lib/python3.12/site-packages/ros2_pca9685
[1.710s] byte-compiling /home/rasp/robot_ws/install/ros2_pca9685/lib/python3.12/site-packages/ros2_pca9685/subscriber_member_function.py to subscriber_member_function.cpython-312.pyc
[1.713s] running install_data
[1.713s] error: can't copy 'resource/ros2_pca9685': doesn't exist or not a regular file
[1.778s] Invoked command in '/home/rasp/robot_ws/src/ros2_pca9685' returned '1': DEBUGINFOD_URLS=https://debuginfod.ubuntu.com PYTHONPATH=/home/rasp/robot_ws/build/ros2_pca9685/prefix_override:/usr/lib/python3/dist-packages/colcon_core/task/python/colcon_distutils_commands:/home/rasp/robot_ws/install/ros2_pca9685/lib/python3.12/site-packages:${PYTHONPATH} /usr/bin/python3 -W ignore:setup.py install is deprecated -W ignore:easy_install command is deprecated setup.py egg_info --egg-base ../../build/ros2_pca9685 build --build-base /home/rasp/robot_ws/build/ros2_pca9685/build install --record /home/rasp/robot_ws/build/ros2_pca9685/install.log --install-scripts $base/lib/ros2_pca9685 --single-version-externally-managed install_data
