[0.022s] Invoking command in '/home/rasp/humanoid_ros2/robot_ws/build/servo_interfaces': CMAKE_PREFIX_PATH=${CMAKE_PREFIX_PATH}:/home/rasp/humanoid_ros2/robot_ws/install/my_servo_controller:/opt/ros/jazzy DEBUGINFOD_URLS=https://debuginfod.ubuntu.com VIRTUAL_ENV_PROMPT=(yolo_env) /usr/bin/cmake --build /home/rasp/humanoid_ros2/robot_ws/build/servo_interfaces -- -j4 -l4
[0.132s] [  1%] Built target servo_interfaces__rosidl_generator_type_description
[0.145s] [  2%] Built target servo_interfaces__rs
[0.156s] [  2%] Built target ament_cmake_python_copy_servo_interfaces
[0.205s] [  3%] Built target servo_interfaces__cpp
[0.213s] [ 27%] Built target servo_interfaces__rosidl_generator_c
[0.298s] [ 36%] Built target servo_interfaces__rosidl_typesupport_fastrtps_c
[0.304s] [ 45%] Built target servo_interfaces__rosidl_typesupport_introspection_c
[0.312s] [ 55%] Built target servo_interfaces__rosidl_typesupport_fastrtps_cpp
[0.403s] [ 64%] Built target servo_interfaces__rosidl_typesupport_cpp
[0.409s] [ 74%] Built target servo_interfaces__rosidl_typesupport_c
[0.414s] [ 83%] Built target servo_interfaces__rosidl_typesupport_introspection_cpp
[0.464s] [ 83%] Built target servo_interfaces
[0.510s] [ 84%] Built target servo_interfaces__py
[0.585s] [ 92%] Built target servo_interfaces__rosidl_generator_py
[0.608s] running egg_info
[0.639s] writing servo_interfaces.egg-info/PKG-INFO
[0.641s] writing dependency_links to servo_interfaces.egg-info/dependency_links.txt
[0.657s] writing top-level names to servo_interfaces.egg-info/top_level.txt
[0.657s] [ 95%] Built target servo_interfaces_s__rosidl_typesupport_fastrtps_c
[0.660s] [ 97%] Built target servo_interfaces_s__rosidl_typesupport_c
[0.665s] [100%] Built target servo_interfaces_s__rosidl_typesupport_introspection_c
[0.715s] reading manifest file 'servo_interfaces.egg-info/SOURCES.txt'
[0.716s] writing manifest file 'servo_interfaces.egg-info/SOURCES.txt'
[0.806s] [100%] Built target ament_cmake_python_build_servo_interfaces_egg
[0.830s] Invoked command in '/home/rasp/humanoid_ros2/robot_ws/build/servo_interfaces' returned '0': CMAKE_PREFIX_PATH=${CMAKE_PREFIX_PATH}:/home/rasp/humanoid_ros2/robot_ws/install/my_servo_controller:/opt/ros/jazzy DEBUGINFOD_URLS=https://debuginfod.ubuntu.com VIRTUAL_ENV_PROMPT=(yolo_env) /usr/bin/cmake --build /home/rasp/humanoid_ros2/robot_ws/build/servo_interfaces -- -j4 -l4
[0.832s] Invoking command in '/home/rasp/humanoid_ros2/robot_ws/build/servo_interfaces': CMAKE_PREFIX_PATH=${CMAKE_PREFIX_PATH}:/home/rasp/humanoid_ros2/robot_ws/install/my_servo_controller:/opt/ros/jazzy DEBUGINFOD_URLS=https://debuginfod.ubuntu.com VIRTUAL_ENV_PROMPT=(yolo_env) /usr/bin/cmake --install /home/rasp/humanoid_ros2/robot_ws/build/servo_interfaces
[0.850s] -- Install configuration: ""
[0.850s] -- Up-to-date: /home/rasp/humanoid_ros2/robot_ws/install/servo_interfaces/share/ament_index/resource_index/rosidl_interfaces/servo_interfaces
[0.850s] -- Up-to-date: /home/rasp/humanoid_ros2/robot_ws/install/servo_interfaces/share/servo_interfaces/msg/SetPwm.json
[0.850s] -- Up-to-date: /home/rasp/humanoid_ros2/robot_ws/install/servo_interfaces/share/servo_interfaces/msg/SetMode.json
[0.851s] -- Up-to-date: /home/rasp/humanoid_ros2/robot_ws/install/servo_interfaces/share/servo_interfaces/msg/InferenceResult.json
[0.851s] -- Up-to-date: /home/rasp/humanoid_ros2/robot_ws/install/servo_interfaces/share/servo_interfaces/msg/Yolov8Inference.json
[0.851s] -- Up-to-date: /home/rasp/humanoid_ros2/robot_ws/install/servo_interfaces/share/servo_interfaces/srv/MotorAngle.json
[0.851s] -- Up-to-date: /home/rasp/humanoid_ros2/robot_ws/install/servo_interfaces/share/servo_interfaces/action/MotorAngle.json
[0.851s] -- Up-to-date: /home/rasp/humanoid_ros2/robot_ws/install/servo_interfaces/include/servo_interfaces/servo_interfaces
[0.851s] -- Up-to-date: /home/rasp/humanoid_ros2/robot_ws/install/servo_interfaces/include/servo_interfaces/servo_interfaces/msg
[0.852s] -- Up-to-date: /home/rasp/humanoid_ros2/robot_ws/install/servo_interfaces/include/servo_interfaces/servo_interfaces/msg/set_mode.h
[0.852s] -- Up-to-date: /home/rasp/humanoid_ros2/robot_ws/install/servo_interfaces/include/servo_interfaces/servo_interfaces/msg/inference_result.h
[0.852s] -- Up-to-date: /home/rasp/humanoid_ros2/robot_ws/install/servo_interfaces/include/servo_interfaces/servo_interfaces/msg/set_pwm.h
[0.852s] -- Up-to-date: /home/rasp/humanoid_ros2/robot_ws/install/servo_interfaces/include/servo_interfaces/servo_interfaces/msg/yolov8_inference.h
[0.852s] -- Up-to-date: /home/rasp/humanoid_ros2/robot_ws/install/servo_interfaces/include/servo_interfaces/servo_interfaces/msg/rosidl_generator_c__visibility_control.h
[0.852s] -- Up-to-date: /home/rasp/humanoid_ros2/robot_ws/install/servo_interfaces/include/servo_interfaces/servo_interfaces/msg/detail
[0.852s] -- Up-to-date: /home/rasp/humanoid_ros2/robot_ws/install/servo_interfaces/include/servo_interfaces/servo_interfaces/msg/detail/yolov8_inference__functions.c
[0.853s] -- Up-to-date: /home/rasp/humanoid_ros2/robot_ws/install/servo_interfaces/include/servo_interfaces/servo_interfaces/msg/detail/set_pwm__description.c
[0.853s] -- Installing: /home/rasp/humanoid_ros2/robot_ws/install/servo_interfaces/include/servo_interfaces/servo_interfaces/msg/detail/inference_result__type_support.c
[0.853s] -- Up-to-date: /home/rasp/humanoid_ros2/robot_ws/install/servo_interfaces/include/servo_interfaces/servo_interfaces/msg/detail/inference_result__functions.h
[0.853s] -- Up-to-date: /home/rasp/humanoid_ros2/robot_ws/install/servo_interfaces/include/servo_interfaces/servo_interfaces/msg/detail/set_pwm__struct.h
[0.853s] -- Up-to-date: /home/rasp/humanoid_ros2/robot_ws/install/servo_interfaces/include/servo_interfaces/servo_interfaces/msg/detail/set_mode__functions.h
[0.853s] -- Up-to-date: /home/rasp/humanoid_ros2/robot_ws/install/servo_interfaces/include/servo_interfaces/servo_interfaces/msg/detail/set_mode__description.c
[0.853s] -- Up-to-date: /home/rasp/humanoid_ros2/robot_ws/install/servo_interfaces/include/servo_interfaces/servo_interfaces/msg/detail/inference_result__type_support.h
[0.853s] -- Up-to-date: /home/rasp/humanoid_ros2/robot_ws/install/servo_interfaces/include/servo_interfaces/servo_interfaces/msg/detail/set_pwm__functions.c
[0.853s] -- Up-to-date: /home/rasp/humanoid_ros2/robot_ws/install/servo_interfaces/include/servo_interfaces/servo_interfaces/msg/detail/set_mode__type_support.h
[0.853s] -- Up-to-date: /home/rasp/humanoid_ros2/robot_ws/install/servo_interfaces/include/servo_interfaces/servo_interfaces/msg/detail/set_mode__struct.h
[0.853s] -- Up-to-date: /home/rasp/humanoid_ros2/robot_ws/install/servo_interfaces/include/servo_interfaces/servo_interfaces/msg/detail/yolov8_inference__struct.h
[0.854s] -- Up-to-date: /home/rasp/humanoid_ros2/robot_ws/install/servo_interfaces/include/servo_interfaces/servo_interfaces/msg/detail/yolov8_inference__description.c
[0.854s] -- Up-to-date: /home/rasp/humanoid_ros2/robot_ws/install/servo_interfaces/include/servo_interfaces/servo_interfaces/msg/detail/yolov8_inference__type_support.h
[0.854s] -- Up-to-date: /home/rasp/humanoid_ros2/robot_ws/install/servo_interfaces/include/servo_interfaces/servo_interfaces/msg/detail/set_pwm__functions.h
[0.854s] -- Installing: /home/rasp/humanoid_ros2/robot_ws/install/servo_interfaces/include/servo_interfaces/servo_interfaces/msg/detail/set_mode__type_support.c
[0.854s] -- Up-to-date: /home/rasp/humanoid_ros2/robot_ws/install/servo_interfaces/include/servo_interfaces/servo_interfaces/msg/detail/inference_result__description.c
[0.854s] -- Up-to-date: /home/rasp/humanoid_ros2/robot_ws/install/servo_interfaces/include/servo_interfaces/servo_interfaces/msg/detail/inference_result__struct.h
[0.854s] -- Up-to-date: /home/rasp/humanoid_ros2/robot_ws/install/servo_interfaces/include/servo_interfaces/servo_interfaces/msg/detail/yolov8_inference__functions.h
[0.854s] -- Up-to-date: /home/rasp/humanoid_ros2/robot_ws/install/servo_interfaces/include/servo_interfaces/servo_interfaces/msg/detail/set_pwm__type_support.h
[0.854s] -- Up-to-date: /home/rasp/humanoid_ros2/robot_ws/install/servo_interfaces/include/servo_interfaces/servo_interfaces/msg/detail/set_mode__functions.c
[0.855s] -- Installing: /home/rasp/humanoid_ros2/robot_ws/install/servo_interfaces/include/servo_interfaces/servo_interfaces/msg/detail/yolov8_inference__type_support.c
[0.855s] -- Up-to-date: /home/rasp/humanoid_ros2/robot_ws/install/servo_interfaces/include/servo_interfaces/servo_interfaces/msg/detail/inference_result__functions.c
[0.855s] -- Installing: /home/rasp/humanoid_ros2/robot_ws/install/servo_interfaces/include/servo_interfaces/servo_interfaces/msg/detail/set_pwm__type_support.c
[0.855s] -- Up-to-date: /home/rasp/humanoid_ros2/robot_ws/install/servo_interfaces/include/servo_interfaces/servo_interfaces/srv
[0.855s] -- Up-to-date: /home/rasp/humanoid_ros2/robot_ws/install/servo_interfaces/include/servo_interfaces/servo_interfaces/srv/motor_angle.h
[0.855s] -- Up-to-date: /home/rasp/humanoid_ros2/robot_ws/install/servo_interfaces/include/servo_interfaces/servo_interfaces/srv/detail
[0.855s] -- Up-to-date: /home/rasp/humanoid_ros2/robot_ws/install/servo_interfaces/include/servo_interfaces/servo_interfaces/srv/detail/motor_angle__type_support.h
[0.855s] -- Up-to-date: /home/rasp/humanoid_ros2/robot_ws/install/servo_interfaces/include/servo_interfaces/servo_interfaces/srv/detail/motor_angle__description.c
[0.855s] -- Installing: /home/rasp/humanoid_ros2/robot_ws/install/servo_interfaces/include/servo_interfaces/servo_interfaces/srv/detail/motor_angle__type_support.c
[0.855s] -- Up-to-date: /home/rasp/humanoid_ros2/robot_ws/install/servo_interfaces/include/servo_interfaces/servo_interfaces/srv/detail/motor_angle__functions.h
[0.855s] -- Up-to-date: /home/rasp/humanoid_ros2/robot_ws/install/servo_interfaces/include/servo_interfaces/servo_interfaces/srv/detail/motor_angle__struct.h
[0.856s] -- Up-to-date: /home/rasp/humanoid_ros2/robot_ws/install/servo_interfaces/include/servo_interfaces/servo_interfaces/srv/detail/motor_angle__functions.c
[0.856s] -- Up-to-date: /home/rasp/humanoid_ros2/robot_ws/install/servo_interfaces/include/servo_interfaces/servo_interfaces/action
[0.856s] -- Up-to-date: /home/rasp/humanoid_ros2/robot_ws/install/servo_interfaces/include/servo_interfaces/servo_interfaces/action/motor_angle.h
[0.856s] -- Up-to-date: /home/rasp/humanoid_ros2/robot_ws/install/servo_interfaces/include/servo_interfaces/servo_interfaces/action/detail
[0.856s] -- Up-to-date: /home/rasp/humanoid_ros2/robot_ws/install/servo_interfaces/include/servo_interfaces/servo_interfaces/action/detail/motor_angle__type_support.h
[0.856s] -- Up-to-date: /home/rasp/humanoid_ros2/robot_ws/install/servo_interfaces/include/servo_interfaces/servo_interfaces/action/detail/motor_angle__description.c
[0.856s] -- Installing: /home/rasp/humanoid_ros2/robot_ws/install/servo_interfaces/include/servo_interfaces/servo_interfaces/action/detail/motor_angle__type_support.c
[0.856s] -- Up-to-date: /home/rasp/humanoid_ros2/robot_ws/install/servo_interfaces/include/servo_interfaces/servo_interfaces/action/detail/motor_angle__functions.h
[0.856s] -- Up-to-date: /home/rasp/humanoid_ros2/robot_ws/install/servo_interfaces/include/servo_interfaces/servo_interfaces/action/detail/motor_angle__struct.h
[0.857s] -- Up-to-date: /home/rasp/humanoid_ros2/robot_ws/install/servo_interfaces/include/servo_interfaces/servo_interfaces/action/detail/motor_angle__functions.c
[0.857s] -- Up-to-date: /home/rasp/humanoid_ros2/robot_ws/install/servo_interfaces/share/servo_interfaces/environment/library_path.sh
[0.857s] -- Up-to-date: /home/rasp/humanoid_ros2/robot_ws/install/servo_interfaces/share/servo_interfaces/environment/library_path.dsv
[0.857s] -- Up-to-date: /home/rasp/humanoid_ros2/robot_ws/install/servo_interfaces/lib/libservo_interfaces__rosidl_generator_c.so
[0.857s] -- Up-to-date: /home/rasp/humanoid_ros2/robot_ws/install/servo_interfaces/include/servo_interfaces/servo_interfaces
[0.857s] -- Up-to-date: /home/rasp/humanoid_ros2/robot_ws/install/servo_interfaces/include/servo_interfaces/servo_interfaces/msg
[0.857s] -- Up-to-date: /home/rasp/humanoid_ros2/robot_ws/install/servo_interfaces/include/servo_interfaces/servo_interfaces/msg/rosidl_typesupport_fastrtps_c__visibility_control.h
[0.857s] -- Up-to-date: /home/rasp/humanoid_ros2/robot_ws/install/servo_interfaces/include/servo_interfaces/servo_interfaces/msg/detail
[0.858s] -- Up-to-date: /home/rasp/humanoid_ros2/robot_ws/install/servo_interfaces/include/servo_interfaces/servo_interfaces/msg/detail/set_mode__rosidl_typesupport_fastrtps_c.h
[0.858s] -- Up-to-date: /home/rasp/humanoid_ros2/robot_ws/install/servo_interfaces/include/servo_interfaces/servo_interfaces/msg/detail/inference_result__rosidl_typesupport_fastrtps_c.h
[0.858s] -- Up-to-date: /home/rasp/humanoid_ros2/robot_ws/install/servo_interfaces/include/servo_interfaces/servo_interfaces/msg/detail/set_pwm__rosidl_typesupport_fastrtps_c.h
[0.858s] -- Up-to-date: /home/rasp/humanoid_ros2/robot_ws/install/servo_interfaces/include/servo_interfaces/servo_interfaces/msg/detail/yolov8_inference__rosidl_typesupport_fastrtps_c.h
[0.858s] -- Up-to-date: /home/rasp/humanoid_ros2/robot_ws/install/servo_interfaces/include/servo_interfaces/servo_interfaces/srv
[0.858s] -- Up-to-date: /home/rasp/humanoid_ros2/robot_ws/install/servo_interfaces/include/servo_interfaces/servo_interfaces/srv/detail
[0.858s] -- Up-to-date: /home/rasp/humanoid_ros2/robot_ws/install/servo_interfaces/include/servo_interfaces/servo_interfaces/srv/detail/motor_angle__rosidl_typesupport_fastrtps_c.h
[0.859s] -- Up-to-date: /home/rasp/humanoid_ros2/robot_ws/install/servo_interfaces/include/servo_interfaces/servo_interfaces/action
[0.859s] -- Up-to-date: /home/rasp/humanoid_ros2/robot_ws/install/servo_interfaces/include/servo_interfaces/servo_interfaces/action/detail
[0.859s] -- Up-to-date: /home/rasp/humanoid_ros2/robot_ws/install/servo_interfaces/include/servo_interfaces/servo_interfaces/action/detail/motor_angle__rosidl_typesupport_fastrtps_c.h
[0.859s] -- Up-to-date: /home/rasp/humanoid_ros2/robot_ws/install/servo_interfaces/lib/libservo_interfaces__rosidl_typesupport_fastrtps_c.so
[0.859s] -- Up-to-date: /home/rasp/humanoid_ros2/robot_ws/install/servo_interfaces/include/servo_interfaces/servo_interfaces
[0.859s] -- Up-to-date: /home/rasp/humanoid_ros2/robot_ws/install/servo_interfaces/include/servo_interfaces/servo_interfaces/msg
[0.859s] -- Up-to-date: /home/rasp/humanoid_ros2/robot_ws/install/servo_interfaces/include/servo_interfaces/servo_interfaces/msg/yolov8_inference.hpp
[0.859s] -- Up-to-date: /home/rasp/humanoid_ros2/robot_ws/install/servo_interfaces/include/servo_interfaces/servo_interfaces/msg/rosidl_generator_cpp__visibility_control.hpp
[0.859s] -- Up-to-date: /home/rasp/humanoid_ros2/robot_ws/install/servo_interfaces/include/servo_interfaces/servo_interfaces/msg/set_pwm.hpp
[0.860s] -- Up-to-date: /home/rasp/humanoid_ros2/robot_ws/install/servo_interfaces/include/servo_interfaces/servo_interfaces/msg/set_mode.hpp
[0.860s] -- Up-to-date: /home/rasp/humanoid_ros2/robot_ws/install/servo_interfaces/include/servo_interfaces/servo_interfaces/msg/detail
[0.860s] -- Up-to-date: /home/rasp/humanoid_ros2/robot_ws/install/servo_interfaces/include/servo_interfaces/servo_interfaces/msg/detail/yolov8_inference__traits.hpp
[0.860s] -- Up-to-date: /home/rasp/humanoid_ros2/robot_ws/install/servo_interfaces/include/servo_interfaces/servo_interfaces/msg/detail/set_pwm__traits.hpp
[0.860s] -- Up-to-date: /home/rasp/humanoid_ros2/robot_ws/install/servo_interfaces/include/servo_interfaces/servo_interfaces/msg/detail/inference_result__traits.hpp
[0.860s] -- Up-to-date: /home/rasp/humanoid_ros2/robot_ws/install/servo_interfaces/include/servo_interfaces/servo_interfaces/msg/detail/set_pwm__struct.hpp
[0.860s] -- Up-to-date: /home/rasp/humanoid_ros2/robot_ws/install/servo_interfaces/include/servo_interfaces/servo_interfaces/msg/detail/set_mode__builder.hpp
[0.861s] -- Up-to-date: /home/rasp/humanoid_ros2/robot_ws/install/servo_interfaces/include/servo_interfaces/servo_interfaces/msg/detail/yolov8_inference__builder.hpp
[0.861s] -- Up-to-date: /home/rasp/humanoid_ros2/robot_ws/install/servo_interfaces/include/servo_interfaces/servo_interfaces/msg/detail/yolov8_inference__struct.hpp
[0.861s] -- Up-to-date: /home/rasp/humanoid_ros2/robot_ws/install/servo_interfaces/include/servo_interfaces/servo_interfaces/msg/detail/set_pwm__builder.hpp
[0.861s] -- Up-to-date: /home/rasp/humanoid_ros2/robot_ws/install/servo_interfaces/include/servo_interfaces/servo_interfaces/msg/detail/inference_result__struct.hpp
[0.861s] -- Up-to-date: /home/rasp/humanoid_ros2/robot_ws/install/servo_interfaces/include/servo_interfaces/servo_interfaces/msg/detail/set_pwm__type_support.hpp
[0.861s] -- Up-to-date: /home/rasp/humanoid_ros2/robot_ws/install/servo_interfaces/include/servo_interfaces/servo_interfaces/msg/detail/set_mode__type_support.hpp
[0.861s] -- Up-to-date: /home/rasp/humanoid_ros2/robot_ws/install/servo_interfaces/include/servo_interfaces/servo_interfaces/msg/detail/set_mode__traits.hpp
[0.862s] -- Up-to-date: /home/rasp/humanoid_ros2/robot_ws/install/servo_interfaces/include/servo_interfaces/servo_interfaces/msg/detail/set_mode__struct.hpp
[0.862s] -- Up-to-date: /home/rasp/humanoid_ros2/robot_ws/install/servo_interfaces/include/servo_interfaces/servo_interfaces/msg/detail/inference_result__type_support.hpp
[0.862s] -- Up-to-date: /home/rasp/humanoid_ros2/robot_ws/install/servo_interfaces/include/servo_interfaces/servo_interfaces/msg/detail/inference_result__builder.hpp
[0.862s] -- Up-to-date: /home/rasp/humanoid_ros2/robot_ws/install/servo_interfaces/include/servo_interfaces/servo_interfaces/msg/detail/yolov8_inference__type_support.hpp
[0.862s] -- Up-to-date: /home/rasp/humanoid_ros2/robot_ws/install/servo_interfaces/include/servo_interfaces/servo_interfaces/msg/inference_result.hpp
[0.862s] -- Up-to-date: /home/rasp/humanoid_ros2/robot_ws/install/servo_interfaces/include/servo_interfaces/servo_interfaces/srv
[0.863s] -- Up-to-date: /home/rasp/humanoid_ros2/robot_ws/install/servo_interfaces/include/servo_interfaces/servo_interfaces/srv/motor_angle.hpp
[0.863s] -- Up-to-date: /home/rasp/humanoid_ros2/robot_ws/install/servo_interfaces/include/servo_interfaces/servo_interfaces/srv/detail
[0.863s] -- Up-to-date: /home/rasp/humanoid_ros2/robot_ws/install/servo_interfaces/include/servo_interfaces/servo_interfaces/srv/detail/motor_angle__type_support.hpp
[0.863s] -- Up-to-date: /home/rasp/humanoid_ros2/robot_ws/install/servo_interfaces/include/servo_interfaces/servo_interfaces/srv/detail/motor_angle__builder.hpp
[0.863s] -- Up-to-date: /home/rasp/humanoid_ros2/robot_ws/install/servo_interfaces/include/servo_interfaces/servo_interfaces/srv/detail/motor_angle__traits.hpp
[0.863s] -- Up-to-date: /home/rasp/humanoid_ros2/robot_ws/install/servo_interfaces/include/servo_interfaces/servo_interfaces/srv/detail/motor_angle__struct.hpp
[0.863s] -- Up-to-date: /home/rasp/humanoid_ros2/robot_ws/install/servo_interfaces/include/servo_interfaces/servo_interfaces/action
[0.863s] -- Up-to-date: /home/rasp/humanoid_ros2/robot_ws/install/servo_interfaces/include/servo_interfaces/servo_interfaces/action/motor_angle.hpp
[0.863s] -- Up-to-date: /home/rasp/humanoid_ros2/robot_ws/install/servo_interfaces/include/servo_interfaces/servo_interfaces/action/detail
[0.864s] -- Up-to-date: /home/rasp/humanoid_ros2/robot_ws/install/servo_interfaces/include/servo_interfaces/servo_interfaces/action/detail/motor_angle__type_support.hpp
[0.864s] -- Up-to-date: /home/rasp/humanoid_ros2/robot_ws/install/servo_interfaces/include/servo_interfaces/servo_interfaces/action/detail/motor_angle__builder.hpp
[0.864s] -- Up-to-date: /home/rasp/humanoid_ros2/robot_ws/install/servo_interfaces/include/servo_interfaces/servo_interfaces/action/detail/motor_angle__traits.hpp
[0.864s] -- Up-to-date: /home/rasp/humanoid_ros2/robot_ws/install/servo_interfaces/include/servo_interfaces/servo_interfaces/action/detail/motor_angle__struct.hpp
[0.864s] -- Up-to-date: /home/rasp/humanoid_ros2/robot_ws/install/servo_interfaces/include/servo_interfaces/servo_interfaces
[0.864s] -- Up-to-date: /home/rasp/humanoid_ros2/robot_ws/install/servo_interfaces/include/servo_interfaces/servo_interfaces/msg
[0.864s] -- Up-to-date: /home/rasp/humanoid_ros2/robot_ws/install/servo_interfaces/include/servo_interfaces/servo_interfaces/msg/rosidl_typesupport_fastrtps_cpp__visibility_control.h
[0.864s] -- Up-to-date: /home/rasp/humanoid_ros2/robot_ws/install/servo_interfaces/include/servo_interfaces/servo_interfaces/msg/detail
[0.865s] -- Up-to-date: /home/rasp/humanoid_ros2/robot_ws/install/servo_interfaces/include/servo_interfaces/servo_interfaces/msg/detail/set_mode__rosidl_typesupport_fastrtps_cpp.hpp
[0.865s] -- Up-to-date: /home/rasp/humanoid_ros2/robot_ws/install/servo_interfaces/include/servo_interfaces/servo_interfaces/msg/detail/inference_result__rosidl_typesupport_fastrtps_cpp.hpp
[0.865s] -- Up-to-date: /home/rasp/humanoid_ros2/robot_ws/install/servo_interfaces/include/servo_interfaces/servo_interfaces/msg/detail/yolov8_inference__rosidl_typesupport_fastrtps_cpp.hpp
[0.865s] -- Up-to-date: /home/rasp/humanoid_ros2/robot_ws/install/servo_interfaces/include/servo_interfaces/servo_interfaces/msg/detail/set_pwm__rosidl_typesupport_fastrtps_cpp.hpp
[0.865s] -- Up-to-date: /home/rasp/humanoid_ros2/robot_ws/install/servo_interfaces/include/servo_interfaces/servo_interfaces/msg/detail/dds_fastrtps
[0.865s] -- Up-to-date: /home/rasp/humanoid_ros2/robot_ws/install/servo_interfaces/include/servo_interfaces/servo_interfaces/srv
[0.865s] -- Up-to-date: /home/rasp/humanoid_ros2/robot_ws/install/servo_interfaces/include/servo_interfaces/servo_interfaces/srv/detail
[0.865s] -- Up-to-date: /home/rasp/humanoid_ros2/robot_ws/install/servo_interfaces/include/servo_interfaces/servo_interfaces/srv/detail/dds_fastrtps
[0.865s] -- Up-to-date: /home/rasp/humanoid_ros2/robot_ws/install/servo_interfaces/include/servo_interfaces/servo_interfaces/srv/detail/motor_angle__rosidl_typesupport_fastrtps_cpp.hpp
[0.866s] -- Up-to-date: /home/rasp/humanoid_ros2/robot_ws/install/servo_interfaces/include/servo_interfaces/servo_interfaces/action
[0.866s] -- Up-to-date: /home/rasp/humanoid_ros2/robot_ws/install/servo_interfaces/include/servo_interfaces/servo_interfaces/action/detail
[0.866s] -- Up-to-date: /home/rasp/humanoid_ros2/robot_ws/install/servo_interfaces/include/servo_interfaces/servo_interfaces/action/detail/dds_fastrtps
[0.866s] -- Up-to-date: /home/rasp/humanoid_ros2/robot_ws/install/servo_interfaces/include/servo_interfaces/servo_interfaces/action/detail/motor_angle__rosidl_typesupport_fastrtps_cpp.hpp
[0.866s] -- Up-to-date: /home/rasp/humanoid_ros2/robot_ws/install/servo_interfaces/lib/libservo_interfaces__rosidl_typesupport_fastrtps_cpp.so
[0.866s] -- Up-to-date: /home/rasp/humanoid_ros2/robot_ws/install/servo_interfaces/include/servo_interfaces/servo_interfaces
[0.866s] -- Up-to-date: /home/rasp/humanoid_ros2/robot_ws/install/servo_interfaces/include/servo_interfaces/servo_interfaces/msg
[0.866s] -- Up-to-date: /home/rasp/humanoid_ros2/robot_ws/install/servo_interfaces/include/servo_interfaces/servo_interfaces/msg/rosidl_typesupport_introspection_c__visibility_control.h
[0.866s] -- Up-to-date: /home/rasp/humanoid_ros2/robot_ws/install/servo_interfaces/include/servo_interfaces/servo_interfaces/msg/detail
[0.866s] -- Installing: /home/rasp/humanoid_ros2/robot_ws/install/servo_interfaces/include/servo_interfaces/servo_interfaces/msg/detail/inference_result__type_support.c
[0.867s] -- Up-to-date: /home/rasp/humanoid_ros2/robot_ws/install/servo_interfaces/include/servo_interfaces/servo_interfaces/msg/detail/set_pwm__rosidl_typesupport_introspection_c.h
[0.867s] -- Up-to-date: /home/rasp/humanoid_ros2/robot_ws/install/servo_interfaces/include/servo_interfaces/servo_interfaces/msg/detail/inference_result__rosidl_typesupport_introspection_c.h
[0.867s] -- Installing: /home/rasp/humanoid_ros2/robot_ws/install/servo_interfaces/include/servo_interfaces/servo_interfaces/msg/detail/set_mode__type_support.c
[0.867s] -- Installing: /home/rasp/humanoid_ros2/robot_ws/install/servo_interfaces/include/servo_interfaces/servo_interfaces/msg/detail/yolov8_inference__type_support.c
[0.867s] -- Up-to-date: /home/rasp/humanoid_ros2/robot_ws/install/servo_interfaces/include/servo_interfaces/servo_interfaces/msg/detail/set_mode__rosidl_typesupport_introspection_c.h
[0.867s] -- Up-to-date: /home/rasp/humanoid_ros2/robot_ws/install/servo_interfaces/include/servo_interfaces/servo_interfaces/msg/detail/yolov8_inference__rosidl_typesupport_introspection_c.h
[0.867s] -- Installing: /home/rasp/humanoid_ros2/robot_ws/install/servo_interfaces/include/servo_interfaces/servo_interfaces/msg/detail/set_pwm__type_support.c
[0.867s] -- Up-to-date: /home/rasp/humanoid_ros2/robot_ws/install/servo_interfaces/include/servo_interfaces/servo_interfaces/srv
[0.868s] -- Up-to-date: /home/rasp/humanoid_ros2/robot_ws/install/servo_interfaces/include/servo_interfaces/servo_interfaces/srv/detail
[0.868s] -- Installing: /home/rasp/humanoid_ros2/robot_ws/install/servo_interfaces/include/servo_interfaces/servo_interfaces/srv/detail/motor_angle__type_support.c
[0.868s] -- Up-to-date: /home/rasp/humanoid_ros2/robot_ws/install/servo_interfaces/include/servo_interfaces/servo_interfaces/srv/detail/motor_angle__rosidl_typesupport_introspection_c.h
[0.868s] -- Up-to-date: /home/rasp/humanoid_ros2/robot_ws/install/servo_interfaces/include/servo_interfaces/servo_interfaces/action
[0.868s] -- Up-to-date: /home/rasp/humanoid_ros2/robot_ws/install/servo_interfaces/include/servo_interfaces/servo_interfaces/action/detail
[0.868s] -- Installing: /home/rasp/humanoid_ros2/robot_ws/install/servo_interfaces/include/servo_interfaces/servo_interfaces/action/detail/motor_angle__type_support.c
[0.868s] -- Up-to-date: /home/rasp/humanoid_ros2/robot_ws/install/servo_interfaces/include/servo_interfaces/servo_interfaces/action/detail/motor_angle__rosidl_typesupport_introspection_c.h
[0.868s] -- Up-to-date: /home/rasp/humanoid_ros2/robot_ws/install/servo_interfaces/lib/libservo_interfaces__rosidl_typesupport_introspection_c.so
[0.868s] -- Up-to-date: /home/rasp/humanoid_ros2/robot_ws/install/servo_interfaces/lib/libservo_interfaces__rosidl_typesupport_c.so
[0.868s] -- Up-to-date: /home/rasp/humanoid_ros2/robot_ws/install/servo_interfaces/include/servo_interfaces/servo_interfaces
[0.869s] -- Up-to-date: /home/rasp/humanoid_ros2/robot_ws/install/servo_interfaces/include/servo_interfaces/servo_interfaces/msg
[0.869s] -- Up-to-date: /home/rasp/humanoid_ros2/robot_ws/install/servo_interfaces/include/servo_interfaces/servo_interfaces/msg/detail
[0.869s] -- Up-to-date: /home/rasp/humanoid_ros2/robot_ws/install/servo_interfaces/include/servo_interfaces/servo_interfaces/msg/detail/set_mode__rosidl_typesupport_introspection_cpp.hpp
[0.869s] -- Up-to-date: /home/rasp/humanoid_ros2/robot_ws/install/servo_interfaces/include/servo_interfaces/servo_interfaces/msg/detail/yolov8_inference__rosidl_typesupport_introspection_cpp.hpp
[0.869s] -- Up-to-date: /home/rasp/humanoid_ros2/robot_ws/install/servo_interfaces/include/servo_interfaces/servo_interfaces/msg/detail/set_pwm__rosidl_typesupport_introspection_cpp.hpp
[0.869s] -- Up-to-date: /home/rasp/humanoid_ros2/robot_ws/install/servo_interfaces/include/servo_interfaces/servo_interfaces/msg/detail/yolov8_inference__type_support.cpp
[0.869s] -- Up-to-date: /home/rasp/humanoid_ros2/robot_ws/install/servo_interfaces/include/servo_interfaces/servo_interfaces/msg/detail/set_mode__type_support.cpp
[0.869s] -- Up-to-date: /home/rasp/humanoid_ros2/robot_ws/install/servo_interfaces/include/servo_interfaces/servo_interfaces/msg/detail/inference_result__rosidl_typesupport_introspection_cpp.hpp
[0.869s] -- Up-to-date: /home/rasp/humanoid_ros2/robot_ws/install/servo_interfaces/include/servo_interfaces/servo_interfaces/msg/detail/set_pwm__type_support.cpp
[0.869s] -- Up-to-date: /home/rasp/humanoid_ros2/robot_ws/install/servo_interfaces/include/servo_interfaces/servo_interfaces/msg/detail/inference_result__type_support.cpp
[0.870s] -- Up-to-date: /home/rasp/humanoid_ros2/robot_ws/install/servo_interfaces/include/servo_interfaces/servo_interfaces/srv
[0.870s] -- Up-to-date: /home/rasp/humanoid_ros2/robot_ws/install/servo_interfaces/include/servo_interfaces/servo_interfaces/srv/detail
[0.870s] -- Up-to-date: /home/rasp/humanoid_ros2/robot_ws/install/servo_interfaces/include/servo_interfaces/servo_interfaces/srv/detail/motor_angle__rosidl_typesupport_introspection_cpp.hpp
[0.870s] -- Up-to-date: /home/rasp/humanoid_ros2/robot_ws/install/servo_interfaces/include/servo_interfaces/servo_interfaces/srv/detail/motor_angle__type_support.cpp
[0.870s] -- Up-to-date: /home/rasp/humanoid_ros2/robot_ws/install/servo_interfaces/include/servo_interfaces/servo_interfaces/action
[0.870s] -- Up-to-date: /home/rasp/humanoid_ros2/robot_ws/install/servo_interfaces/include/servo_interfaces/servo_interfaces/action/detail
[0.870s] -- Up-to-date: /home/rasp/humanoid_ros2/robot_ws/install/servo_interfaces/include/servo_interfaces/servo_interfaces/action/detail/motor_angle__rosidl_typesupport_introspection_cpp.hpp
[0.870s] -- Up-to-date: /home/rasp/humanoid_ros2/robot_ws/install/servo_interfaces/include/servo_interfaces/servo_interfaces/action/detail/motor_angle__type_support.cpp
[0.870s] -- Up-to-date: /home/rasp/humanoid_ros2/robot_ws/install/servo_interfaces/lib/libservo_interfaces__rosidl_typesupport_introspection_cpp.so
[0.870s] -- Up-to-date: /home/rasp/humanoid_ros2/robot_ws/install/servo_interfaces/lib/libservo_interfaces__rosidl_typesupport_cpp.so
[0.871s] -- Up-to-date: /home/rasp/humanoid_ros2/robot_ws/install/servo_interfaces/share/servo_interfaces/environment/pythonpath.sh
[0.871s] -- Up-to-date: /home/rasp/humanoid_ros2/robot_ws/install/servo_interfaces/share/servo_interfaces/environment/pythonpath.dsv
[0.871s] -- Up-to-date: /home/rasp/humanoid_ros2/robot_ws/install/servo_interfaces/lib/python3.12/site-packages/servo_interfaces-0.0.0-py3.12.egg-info
[0.871s] -- Installing: /home/rasp/humanoid_ros2/robot_ws/install/servo_interfaces/lib/python3.12/site-packages/servo_interfaces-0.0.0-py3.12.egg-info/top_level.txt
[0.871s] -- Installing: /home/rasp/humanoid_ros2/robot_ws/install/servo_interfaces/lib/python3.12/site-packages/servo_interfaces-0.0.0-py3.12.egg-info/PKG-INFO
[0.871s] -- Installing: /home/rasp/humanoid_ros2/robot_ws/install/servo_interfaces/lib/python3.12/site-packages/servo_interfaces-0.0.0-py3.12.egg-info/SOURCES.txt
[0.871s] -- Installing: /home/rasp/humanoid_ros2/robot_ws/install/servo_interfaces/lib/python3.12/site-packages/servo_interfaces-0.0.0-py3.12.egg-info/dependency_links.txt
[0.871s] -- Up-to-date: /home/rasp/humanoid_ros2/robot_ws/install/servo_interfaces/lib/python3.12/site-packages/servo_interfaces
[0.871s] -- Up-to-date: /home/rasp/humanoid_ros2/robot_ws/install/servo_interfaces/lib/python3.12/site-packages/servo_interfaces/_servo_interfaces_s.ep.rosidl_typesupport_introspection_c.c
[0.871s] -- Up-to-date: /home/rasp/humanoid_ros2/robot_ws/install/servo_interfaces/lib/python3.12/site-packages/servo_interfaces/msg
[0.871s] -- Up-to-date: /home/rasp/humanoid_ros2/robot_ws/install/servo_interfaces/lib/python3.12/site-packages/servo_interfaces/msg/__init__.py
[0.871s] -- Up-to-date: /home/rasp/humanoid_ros2/robot_ws/install/servo_interfaces/lib/python3.12/site-packages/servo_interfaces/msg/_inference_result_s.c
[0.872s] -- Up-to-date: /home/rasp/humanoid_ros2/robot_ws/install/servo_interfaces/lib/python3.12/site-packages/servo_interfaces/msg/_inference_result.py
[0.872s] -- Up-to-date: /home/rasp/humanoid_ros2/robot_ws/install/servo_interfaces/lib/python3.12/site-packages/servo_interfaces/msg/_yolov8_inference.py
[0.872s] -- Up-to-date: /home/rasp/humanoid_ros2/robot_ws/install/servo_interfaces/lib/python3.12/site-packages/servo_interfaces/msg/_set_pwm_s.c
[0.872s] -- Up-to-date: /home/rasp/humanoid_ros2/robot_ws/install/servo_interfaces/lib/python3.12/site-packages/servo_interfaces/msg/_set_mode_s.c
[0.872s] -- Up-to-date: /home/rasp/humanoid_ros2/robot_ws/install/servo_interfaces/lib/python3.12/site-packages/servo_interfaces/msg/_set_mode.py
[0.872s] -- Up-to-date: /home/rasp/humanoid_ros2/robot_ws/install/servo_interfaces/lib/python3.12/site-packages/servo_interfaces/msg/_set_pwm.py
[0.872s] -- Up-to-date: /home/rasp/humanoid_ros2/robot_ws/install/servo_interfaces/lib/python3.12/site-packages/servo_interfaces/msg/_yolov8_inference_s.c
[0.872s] -- Up-to-date: /home/rasp/humanoid_ros2/robot_ws/install/servo_interfaces/lib/python3.12/site-packages/servo_interfaces/__init__.py
[0.872s] -- Up-to-date: /home/rasp/humanoid_ros2/robot_ws/install/servo_interfaces/lib/python3.12/site-packages/servo_interfaces/srv
[0.872s] -- Up-to-date: /home/rasp/humanoid_ros2/robot_ws/install/servo_interfaces/lib/python3.12/site-packages/servo_interfaces/srv/__init__.py
[0.872s] -- Up-to-date: /home/rasp/humanoid_ros2/robot_ws/install/servo_interfaces/lib/python3.12/site-packages/servo_interfaces/srv/_motor_angle.py
[0.873s] -- Up-to-date: /home/rasp/humanoid_ros2/robot_ws/install/servo_interfaces/lib/python3.12/site-packages/servo_interfaces/srv/_motor_angle_s.c
[0.873s] -- Up-to-date: /home/rasp/humanoid_ros2/robot_ws/install/servo_interfaces/lib/python3.12/site-packages/servo_interfaces/_servo_interfaces_s.ep.rosidl_typesupport_c.c
[0.873s] -- Up-to-date: /home/rasp/humanoid_ros2/robot_ws/install/servo_interfaces/lib/python3.12/site-packages/servo_interfaces/_servo_interfaces_s.ep.rosidl_typesupport_fastrtps_c.c
[0.873s] -- Up-to-date: /home/rasp/humanoid_ros2/robot_ws/install/servo_interfaces/lib/python3.12/site-packages/servo_interfaces/servo_interfaces_s__rosidl_typesupport_fastrtps_c.so
[0.873s] -- Up-to-date: /home/rasp/humanoid_ros2/robot_ws/install/servo_interfaces/lib/python3.12/site-packages/servo_interfaces/servo_interfaces_s__rosidl_typesupport_introspection_c.so
[0.873s] -- Up-to-date: /home/rasp/humanoid_ros2/robot_ws/install/servo_interfaces/lib/python3.12/site-packages/servo_interfaces/action
[0.873s] -- Up-to-date: /home/rasp/humanoid_ros2/robot_ws/install/servo_interfaces/lib/python3.12/site-packages/servo_interfaces/action/__init__.py
[0.873s] -- Up-to-date: /home/rasp/humanoid_ros2/robot_ws/install/servo_interfaces/lib/python3.12/site-packages/servo_interfaces/action/_motor_angle.py
[0.873s] -- Up-to-date: /home/rasp/humanoid_ros2/robot_ws/install/servo_interfaces/lib/python3.12/site-packages/servo_interfaces/action/_motor_angle_s.c
[0.873s] -- Up-to-date: /home/rasp/humanoid_ros2/robot_ws/install/servo_interfaces/lib/python3.12/site-packages/servo_interfaces/servo_interfaces_s__rosidl_typesupport_c.so
[0.915s] Listing '/home/rasp/humanoid_ros2/robot_ws/install/servo_interfaces/lib/python3.12/site-packages/servo_interfaces'...
[0.916s] Listing '/home/rasp/humanoid_ros2/robot_ws/install/servo_interfaces/lib/python3.12/site-packages/servo_interfaces/action'...
[0.916s] Listing '/home/rasp/humanoid_ros2/robot_ws/install/servo_interfaces/lib/python3.12/site-packages/servo_interfaces/msg'...
[0.916s] Listing '/home/rasp/humanoid_ros2/robot_ws/install/servo_interfaces/lib/python3.12/site-packages/servo_interfaces/srv'...
[0.927s] -- Up-to-date: /home/rasp/humanoid_ros2/robot_ws/install/servo_interfaces/lib/python3.12/site-packages/servo_interfaces/servo_interfaces_s__rosidl_typesupport_fastrtps_c.so
[0.927s] -- Up-to-date: /home/rasp/humanoid_ros2/robot_ws/install/servo_interfaces/lib/python3.12/site-packages/servo_interfaces/servo_interfaces_s__rosidl_typesupport_introspection_c.so
[0.927s] -- Up-to-date: /home/rasp/humanoid_ros2/robot_ws/install/servo_interfaces/lib/python3.12/site-packages/servo_interfaces/servo_interfaces_s__rosidl_typesupport_c.so
[0.928s] -- Up-to-date: /home/rasp/humanoid_ros2/robot_ws/install/servo_interfaces/lib/libservo_interfaces__rosidl_generator_py.so
[0.928s] -- Up-to-date: /home/rasp/humanoid_ros2/robot_ws/install/servo_interfaces/share/ament_index/resource_index/rust_packages/servo_interfaces
[0.928s] -- Up-to-date: /home/rasp/humanoid_ros2/robot_ws/install/servo_interfaces/share/servo_interfaces/rust
[0.928s] -- Up-to-date: /home/rasp/humanoid_ros2/robot_ws/install/servo_interfaces/share/servo_interfaces/rust/build.rs
[0.929s] -- Up-to-date: /home/rasp/humanoid_ros2/robot_ws/install/servo_interfaces/share/servo_interfaces/rust/src
[0.929s] -- Up-to-date: /home/rasp/humanoid_ros2/robot_ws/install/servo_interfaces/share/servo_interfaces/rust/src/msg
[0.929s] -- Up-to-date: /home/rasp/humanoid_ros2/robot_ws/install/servo_interfaces/share/servo_interfaces/rust/src/msg/rmw.rs
[0.929s] -- Up-to-date: /home/rasp/humanoid_ros2/robot_ws/install/servo_interfaces/share/servo_interfaces/rust/src/action.rs
[0.929s] -- Up-to-date: /home/rasp/humanoid_ros2/robot_ws/install/servo_interfaces/share/servo_interfaces/rust/src/lib.rs
[0.929s] -- Up-to-date: /home/rasp/humanoid_ros2/robot_ws/install/servo_interfaces/share/servo_interfaces/rust/src/srv
[0.929s] -- Up-to-date: /home/rasp/humanoid_ros2/robot_ws/install/servo_interfaces/share/servo_interfaces/rust/src/srv/rmw.rs
[0.929s] -- Up-to-date: /home/rasp/humanoid_ros2/robot_ws/install/servo_interfaces/share/servo_interfaces/rust/src/srv.rs
[0.929s] -- Up-to-date: /home/rasp/humanoid_ros2/robot_ws/install/servo_interfaces/share/servo_interfaces/rust/src/msg.rs
[0.929s] -- Up-to-date: /home/rasp/humanoid_ros2/robot_ws/install/servo_interfaces/share/servo_interfaces/rust/src/action
[0.930s] -- Up-to-date: /home/rasp/humanoid_ros2/robot_ws/install/servo_interfaces/share/servo_interfaces/rust/src/action/rmw.rs
[0.930s] -- Up-to-date: /home/rasp/humanoid_ros2/robot_ws/install/servo_interfaces/share/servo_interfaces/rust/Cargo.toml
[0.930s] -- Up-to-date: /home/rasp/humanoid_ros2/robot_ws/install/servo_interfaces/share/servo_interfaces/msg/SetPwm.idl
[0.930s] -- Up-to-date: /home/rasp/humanoid_ros2/robot_ws/install/servo_interfaces/share/servo_interfaces/msg/SetMode.idl
[0.930s] -- Up-to-date: /home/rasp/humanoid_ros2/robot_ws/install/servo_interfaces/share/servo_interfaces/msg/InferenceResult.idl
[0.930s] -- Up-to-date: /home/rasp/humanoid_ros2/robot_ws/install/servo_interfaces/share/servo_interfaces/msg/Yolov8Inference.idl
[0.930s] -- Up-to-date: /home/rasp/humanoid_ros2/robot_ws/install/servo_interfaces/share/servo_interfaces/srv/MotorAngle.idl
[0.931s] -- Up-to-date: /home/rasp/humanoid_ros2/robot_ws/install/servo_interfaces/share/servo_interfaces/action/MotorAngle.idl
[0.931s] -- Up-to-date: /home/rasp/humanoid_ros2/robot_ws/install/servo_interfaces/share/servo_interfaces/msg/SetPwm.msg
[0.931s] -- Up-to-date: /home/rasp/humanoid_ros2/robot_ws/install/servo_interfaces/share/servo_interfaces/msg/SetMode.msg
[0.931s] -- Up-to-date: /home/rasp/humanoid_ros2/robot_ws/install/servo_interfaces/share/servo_interfaces/msg/InferenceResult.msg
[0.931s] -- Up-to-date: /home/rasp/humanoid_ros2/robot_ws/install/servo_interfaces/share/servo_interfaces/msg/Yolov8Inference.msg
[0.931s] -- Up-to-date: /home/rasp/humanoid_ros2/robot_ws/install/servo_interfaces/share/servo_interfaces/srv/MotorAngle.srv
[0.931s] -- Up-to-date: /home/rasp/humanoid_ros2/robot_ws/install/servo_interfaces/share/servo_interfaces/action/MotorAngle.action
[0.931s] -- Up-to-date: /home/rasp/humanoid_ros2/robot_ws/install/servo_interfaces/share/ament_index/resource_index/package_run_dependencies/servo_interfaces
[0.931s] -- Up-to-date: /home/rasp/humanoid_ros2/robot_ws/install/servo_interfaces/share/ament_index/resource_index/parent_prefix_path/servo_interfaces
[0.931s] -- Up-to-date: /home/rasp/humanoid_ros2/robot_ws/install/servo_interfaces/share/servo_interfaces/environment/ament_prefix_path.sh
[0.931s] -- Up-to-date: /home/rasp/humanoid_ros2/robot_ws/install/servo_interfaces/share/servo_interfaces/environment/ament_prefix_path.dsv
[0.932s] -- Up-to-date: /home/rasp/humanoid_ros2/robot_ws/install/servo_interfaces/share/servo_interfaces/environment/path.sh
[0.932s] -- Up-to-date: /home/rasp/humanoid_ros2/robot_ws/install/servo_interfaces/share/servo_interfaces/environment/path.dsv
[0.932s] -- Up-to-date: /home/rasp/humanoid_ros2/robot_ws/install/servo_interfaces/share/servo_interfaces/local_setup.bash
[0.932s] -- Up-to-date: /home/rasp/humanoid_ros2/robot_ws/install/servo_interfaces/share/servo_interfaces/local_setup.sh
[0.932s] -- Up-to-date: /home/rasp/humanoid_ros2/robot_ws/install/servo_interfaces/share/servo_interfaces/local_setup.zsh
[0.932s] -- Up-to-date: /home/rasp/humanoid_ros2/robot_ws/install/servo_interfaces/share/servo_interfaces/local_setup.dsv
[0.932s] -- Installing: /home/rasp/humanoid_ros2/robot_ws/install/servo_interfaces/share/servo_interfaces/package.dsv
[0.932s] -- Up-to-date: /home/rasp/humanoid_ros2/robot_ws/install/servo_interfaces/share/ament_index/resource_index/packages/servo_interfaces
[0.933s] -- Up-to-date: /home/rasp/humanoid_ros2/robot_ws/install/servo_interfaces/share/servo_interfaces/cmake/export_servo_interfaces__rosidl_generator_cExport.cmake
[0.933s] -- Up-to-date: /home/rasp/humanoid_ros2/robot_ws/install/servo_interfaces/share/servo_interfaces/cmake/export_servo_interfaces__rosidl_generator_cExport-noconfig.cmake
[0.933s] -- Up-to-date: /home/rasp/humanoid_ros2/robot_ws/install/servo_interfaces/share/servo_interfaces/cmake/export_servo_interfaces__rosidl_typesupport_fastrtps_cExport.cmake
[0.933s] -- Up-to-date: /home/rasp/humanoid_ros2/robot_ws/install/servo_interfaces/share/servo_interfaces/cmake/export_servo_interfaces__rosidl_typesupport_fastrtps_cExport-noconfig.cmake
[0.933s] -- Up-to-date: /home/rasp/humanoid_ros2/robot_ws/install/servo_interfaces/share/servo_interfaces/cmake/export_servo_interfaces__rosidl_generator_cppExport.cmake
[0.933s] -- Up-to-date: /home/rasp/humanoid_ros2/robot_ws/install/servo_interfaces/share/servo_interfaces/cmake/export_servo_interfaces__rosidl_typesupport_fastrtps_cppExport.cmake
[0.933s] -- Up-to-date: /home/rasp/humanoid_ros2/robot_ws/install/servo_interfaces/share/servo_interfaces/cmake/export_servo_interfaces__rosidl_typesupport_fastrtps_cppExport-noconfig.cmake
[0.933s] -- Up-to-date: /home/rasp/humanoid_ros2/robot_ws/install/servo_interfaces/share/servo_interfaces/cmake/servo_interfaces__rosidl_typesupport_introspection_cExport.cmake
[0.933s] -- Up-to-date: /home/rasp/humanoid_ros2/robot_ws/install/servo_interfaces/share/servo_interfaces/cmake/servo_interfaces__rosidl_typesupport_introspection_cExport-noconfig.cmake
[0.933s] -- Up-to-date: /home/rasp/humanoid_ros2/robot_ws/install/servo_interfaces/share/servo_interfaces/cmake/servo_interfaces__rosidl_typesupport_cExport.cmake
[0.934s] -- Up-to-date: /home/rasp/humanoid_ros2/robot_ws/install/servo_interfaces/share/servo_interfaces/cmake/servo_interfaces__rosidl_typesupport_cExport-noconfig.cmake
[0.934s] -- Up-to-date: /home/rasp/humanoid_ros2/robot_ws/install/servo_interfaces/share/servo_interfaces/cmake/servo_interfaces__rosidl_typesupport_introspection_cppExport.cmake
[0.934s] -- Up-to-date: /home/rasp/humanoid_ros2/robot_ws/install/servo_interfaces/share/servo_interfaces/cmake/servo_interfaces__rosidl_typesupport_introspection_cppExport-noconfig.cmake
[0.934s] -- Up-to-date: /home/rasp/humanoid_ros2/robot_ws/install/servo_interfaces/share/servo_interfaces/cmake/servo_interfaces__rosidl_typesupport_cppExport.cmake
[0.934s] -- Up-to-date: /home/rasp/humanoid_ros2/robot_ws/install/servo_interfaces/share/servo_interfaces/cmake/servo_interfaces__rosidl_typesupport_cppExport-noconfig.cmake
[0.934s] -- Up-to-date: /home/rasp/humanoid_ros2/robot_ws/install/servo_interfaces/share/servo_interfaces/cmake/export_servo_interfaces__rosidl_generator_pyExport.cmake
[0.934s] -- Up-to-date: /home/rasp/humanoid_ros2/robot_ws/install/servo_interfaces/share/servo_interfaces/cmake/export_servo_interfaces__rosidl_generator_pyExport-noconfig.cmake
[0.934s] -- Up-to-date: /home/rasp/humanoid_ros2/robot_ws/install/servo_interfaces/share/servo_interfaces/cmake/rosidl_cmake-extras.cmake
[0.934s] -- Up-to-date: /home/rasp/humanoid_ros2/robot_ws/install/servo_interfaces/share/servo_interfaces/cmake/ament_cmake_export_dependencies-extras.cmake
[0.934s] -- Up-to-date: /home/rasp/humanoid_ros2/robot_ws/install/servo_interfaces/share/servo_interfaces/cmake/ament_cmake_export_include_directories-extras.cmake
[0.934s] -- Up-to-date: /home/rasp/humanoid_ros2/robot_ws/install/servo_interfaces/share/servo_interfaces/cmake/ament_cmake_export_libraries-extras.cmake
[0.935s] -- Up-to-date: /home/rasp/humanoid_ros2/robot_ws/install/servo_interfaces/share/servo_interfaces/cmake/ament_cmake_export_targets-extras.cmake
[0.935s] -- Up-to-date: /home/rasp/humanoid_ros2/robot_ws/install/servo_interfaces/share/servo_interfaces/cmake/rosidl_cmake_export_typesupport_targets-extras.cmake
[0.935s] -- Up-to-date: /home/rasp/humanoid_ros2/robot_ws/install/servo_interfaces/share/servo_interfaces/cmake/rosidl_cmake_export_typesupport_libraries-extras.cmake
[0.935s] -- Up-to-date: /home/rasp/humanoid_ros2/robot_ws/install/servo_interfaces/share/servo_interfaces/cmake/servo_interfacesConfig.cmake
[0.935s] -- Up-to-date: /home/rasp/humanoid_ros2/robot_ws/install/servo_interfaces/share/servo_interfaces/cmake/servo_interfacesConfig-version.cmake
[0.935s] -- Up-to-date: /home/rasp/humanoid_ros2/robot_ws/install/servo_interfaces/share/servo_interfaces/package.xml
[0.937s] Invoked command in '/home/rasp/humanoid_ros2/robot_ws/build/servo_interfaces' returned '0': CMAKE_PREFIX_PATH=${CMAKE_PREFIX_PATH}:/home/rasp/humanoid_ros2/robot_ws/install/my_servo_controller:/opt/ros/jazzy DEBUGINFOD_URLS=https://debuginfod.ubuntu.com VIRTUAL_ENV_PROMPT=(yolo_env) /usr/bin/cmake --install /home/rasp/humanoid_ros2/robot_ws/build/servo_interfaces
