[1.777s] Invoking command in '/home/rasp/humanoid_ros2/robot_ws/build/my_servo_controller': AMENT_PREFIX_PATH=/home/rasp/humanoid_ros2/robot_ws/install/servo_interfaces:${AMENT_PREFIX_PATH} CMAKE_PREFIX_PATH=/home/rasp/humanoid_ros2/robot_ws/install/servo_interfaces:${CMAKE_PREFIX_PATH} DEBUGINFOD_URLS=https://debuginfod.ubuntu.com LD_LIBRARY_PATH=/home/rasp/humanoid_ros2/robot_ws/install/servo_interfaces/lib:${LD_LIBRARY_PATH} PYTHONPATH=/home/rasp/humanoid_ros2/robot_ws/build/my_servo_controller/prefix_override:/usr/lib/python3/dist-packages/colcon_core/task/python/colcon_distutils_commands:/home/rasp/humanoid_ros2/robot_ws/install/my_servo_controller/lib/python3.12/site-packages:/home/rasp/humanoid_ros2/robot_ws/install/servo_interfaces/lib/python3.12/site-packages:${PYTHONPATH} /usr/bin/python3 -W ignore:setup.py install is deprecated -W ignore:easy_install command is deprecated setup.py develop --editable --build-directory /home/rasp/humanoid_ros2/robot_ws/build/my_servo_controller/build --no-deps symlink_data
[2.247s] running develop
[2.532s] running egg_info
[2.560s] writing my_servo_controller.egg-info/PKG-INFO
[2.560s] writing dependency_links to my_servo_controller.egg-info/dependency_links.txt
[2.561s] writing entry points to my_servo_controller.egg-info/entry_points.txt
[2.562s] writing requirements to my_servo_controller.egg-info/requires.txt
[2.563s] writing top-level names to my_servo_controller.egg-info/top_level.txt
[2.620s] reading manifest file 'my_servo_controller.egg-info/SOURCES.txt'
[2.622s] writing manifest file 'my_servo_controller.egg-info/SOURCES.txt'
[2.652s] running build_ext
[2.653s] Creating /home/rasp/humanoid_ros2/robot_ws/install/my_servo_controller/lib/python3.12/site-packages/my-servo-controller.egg-link (link to .)
[2.654s] Installing action_controller_node script to /home/rasp/humanoid_ros2/robot_ws/install/my_servo_controller/lib/my_servo_controller
[2.654s] Installing flask_controller_node script to /home/rasp/humanoid_ros2/robot_ws/install/my_servo_controller/lib/my_servo_controller
[2.655s] Installing gazibo_sim_node script to /home/rasp/humanoid_ros2/robot_ws/install/my_servo_controller/lib/my_servo_controller
[2.655s] Installing servo_controller_node script to /home/rasp/humanoid_ros2/robot_ws/install/my_servo_controller/lib/my_servo_controller
[2.655s] Installing servo_mover_node script to /home/rasp/humanoid_ros2/robot_ws/install/my_servo_controller/lib/my_servo_controller
[2.655s] Installing topic_controller_node script to /home/rasp/humanoid_ros2/robot_ws/install/my_servo_controller/lib/my_servo_controller
[2.656s] 
[2.656s] Installed /home/rasp/humanoid_ros2/robot_ws/build/my_servo_controller
[2.656s] running symlink_data
[2.763s] Invoked command in '/home/rasp/humanoid_ros2/robot_ws/build/my_servo_controller' returned '0': AMENT_PREFIX_PATH=/home/rasp/humanoid_ros2/robot_ws/install/servo_interfaces:${AMENT_PREFIX_PATH} CMAKE_PREFIX_PATH=/home/rasp/humanoid_ros2/robot_ws/install/servo_interfaces:${CMAKE_PREFIX_PATH} DEBUGINFOD_URLS=https://debuginfod.ubuntu.com LD_LIBRARY_PATH=/home/rasp/humanoid_ros2/robot_ws/install/servo_interfaces/lib:${LD_LIBRARY_PATH} PYTHONPATH=/home/rasp/humanoid_ros2/robot_ws/build/my_servo_controller/prefix_override:/usr/lib/python3/dist-packages/colcon_core/task/python/colcon_distutils_commands:/home/rasp/humanoid_ros2/robot_ws/install/my_servo_controller/lib/python3.12/site-packages:/home/rasp/humanoid_ros2/robot_ws/install/servo_interfaces/lib/python3.12/site-packages:${PYTHONPATH} /usr/bin/python3 -W ignore:setup.py install is deprecated -W ignore:easy_install command is deprecated setup.py develop --editable --build-directory /home/rasp/humanoid_ros2/robot_ws/build/my_servo_controller/build --no-deps symlink_data
