[1.207s] Invoking command in '/home/rasp/robot_ws/src/ros2_pca9685': DEBUGINFOD_URLS=https://debuginfod.ubuntu.com PYTHONPATH=/home/rasp/robot_ws/build/ros2_pca9685/prefix_override:/usr/lib/python3/dist-packages/colcon_core/task/python/colcon_distutils_commands:/home/rasp/robot_ws/install/ros2_pca9685/lib/python3.12/site-packages:${PYTHONPATH} /usr/bin/python3 -W ignore:setup.py install is deprecated -W ignore:easy_install command is deprecated setup.py egg_info --egg-base ../../build/ros2_pca9685 build --build-base /home/rasp/robot_ws/build/ros2_pca9685/build install --record /home/rasp/robot_ws/build/ros2_pca9685/install.log --install-scripts $base/lib/ros2_pca9685 --single-version-externally-managed install_data
[1.385s] /usr/lib/python3/dist-packages/setuptools/dist.py:744: SetuptoolsDeprecationWarning: Invalid dash-separated options
[1.385s] !!
[1.386s] 
[1.386s]         ********************************************************************************
[1.386s]         Usage of dash-separated 'script-dir' will not be supported in future
[1.386s]         versions. Please use the underscore name 'script_dir' instead.
[1.386s] 
[1.386s]         This deprecation is overdue, please update your project and remove deprecated
[1.386s]         calls to avoid build errors in the future.
[1.386s] 
[1.386s]         See https://setuptools.pypa.io/en/latest/userguide/declarative_config.html for details.
[1.386s]         ********************************************************************************
[1.386s] 
[1.386s] !!
[1.387s]   opt = self.warn_dash_deprecation(opt, section)
[1.567s] running egg_info
[1.593s] writing ../../build/ros2_pca9685/ros2_pca9685.egg-info/PKG-INFO
[1.593s] writing dependency_links to ../../build/ros2_pca9685/ros2_pca9685.egg-info/dependency_links.txt
[1.596s] writing entry points to ../../build/ros2_pca9685/ros2_pca9685.egg-info/entry_points.txt
[1.597s] writing requirements to ../../build/ros2_pca9685/ros2_pca9685.egg-info/requires.txt
[1.598s] writing top-level names to ../../build/ros2_pca9685/ros2_pca9685.egg-info/top_level.txt
[1.655s] reading manifest file '../../build/ros2_pca9685/ros2_pca9685.egg-info/SOURCES.txt'
[1.656s] writing manifest file '../../build/ros2_pca9685/ros2_pca9685.egg-info/SOURCES.txt'
[1.656s] running build
[1.656s] running build_py
[1.656s] running install
[1.666s] running install_lib
[1.693s] running install_data
[1.693s] copying resource/ros2_pca9685 -> /home/rasp/robot_ws/install/ros2_pca9685/share/ament_index/resource_index/packages
[1.693s] copying package.xml -> /home/rasp/robot_ws/install/ros2_pca9685/share/ros2_pca9685
[1.693s] running install_egg_info
[1.721s] Copying ../../build/ros2_pca9685/ros2_pca9685.egg-info to /home/rasp/robot_ws/install/ros2_pca9685/lib/python3.12/site-packages/ros2_pca9685-0.0.0-py3.12.egg-info
[1.722s] running install_scripts
[1.903s] Installing listener script to /home/rasp/robot_ws/install/ros2_pca9685/lib/ros2_pca9685
[1.904s] Installing talker script to /home/rasp/robot_ws/install/ros2_pca9685/lib/ros2_pca9685
[1.904s] writing list of installed files to '/home/rasp/robot_ws/build/ros2_pca9685/install.log'
[1.998s] Invoked command in '/home/rasp/robot_ws/src/ros2_pca9685' returned '0': DEBUGINFOD_URLS=https://debuginfod.ubuntu.com PYTHONPATH=/home/rasp/robot_ws/build/ros2_pca9685/prefix_override:/usr/lib/python3/dist-packages/colcon_core/task/python/colcon_distutils_commands:/home/rasp/robot_ws/install/ros2_pca9685/lib/python3.12/site-packages:${PYTHONPATH} /usr/bin/python3 -W ignore:setup.py install is deprecated -W ignore:easy_install command is deprecated setup.py egg_info --egg-base ../../build/ros2_pca9685 build --build-base /home/rasp/robot_ws/build/ros2_pca9685/build install --record /home/rasp/robot_ws/build/ros2_pca9685/install.log --install-scripts $base/lib/ros2_pca9685 --single-version-externally-managed install_data
