[0.346s] DEBUG:colcon:Command line arguments: ['/usr/bin/colcon', 'build']
[0.347s] DEBUG:colcon:Parsed command line arguments: Namespace(log_base=None, log_level=None, verb_name='build', build_base='build', install_base='install', merge_install=False, symlink_install=False, test_result_base=None, continue_on_error=False, executor='parallel', parallel_workers=4, event_handlers=None, ignore_user_meta=False, metas=['./colcon.meta'], base_paths=['.'], packages_ignore=None, packages_ignore_regex=None, paths=None, packages_up_to=None, packages_up_to_regex=None, packages_above=None, packages_above_and_dependencies=None, packages_above_depth=None, packages_select_by_dep=None, packages_skip_by_dep=None, packages_skip_up_to=None, packages_select_build_failed=False, packages_skip_build_finished=False, packages_select_test_failures=False, packages_skip_test_passed=False, packages_select=None, packages_skip=None, packages_select_regex=None, packages_skip_regex=None, packages_start=None, packages_end=None, allow_overriding=[], cmake_args=None, cmake_target=None, cmake_target_skip_unavailable=False, cmake_clean_cache=False, cmake_clean_first=False, cmake_force_configure=False, ament_cmake_args=None, catkin_cmake_args=None, catkin_skip_building_tests=False, mixin_files=None, mixin=None, verb_parser=<colcon_mixin.mixin.mixin_argument.MixinArgumentDecorator object at 0xffff9dca21b0>, verb_extension=<colcon_core.verb.build.BuildVerb object at 0xffff9de56990>, main=<bound method BuildVerb.main of <colcon_core.verb.build.BuildVerb object at 0xffff9de56990>>, mixin_verb=('build',))
[0.483s] Level 1:colcon.colcon_core.package_discovery:discover_packages(colcon_meta) check parameters
[0.483s] Level 1:colcon.colcon_core.package_discovery:discover_packages(recursive) check parameters
[0.484s] Level 1:colcon.colcon_core.package_discovery:discover_packages(ignore) check parameters
[0.484s] Level 1:colcon.colcon_core.package_discovery:discover_packages(path) check parameters
[0.484s] Level 1:colcon.colcon_core.package_discovery:discover_packages(colcon_meta) discover
[0.484s] Level 1:colcon.colcon_core.package_discovery:discover_packages(recursive) discover
[0.484s] INFO:colcon.colcon_core.package_discovery:Crawling recursively for packages in '/home/rasp/humanoid/robot_ws'
[0.484s] Level 1:colcon.colcon_core.package_identification:_identify(.) by extensions ['ignore', 'ignore_ament_install']
[0.485s] Level 1:colcon.colcon_core.package_identification:_identify(.) by extension 'ignore'
[0.485s] Level 1:colcon.colcon_core.package_identification:_identify(.) by extension 'ignore_ament_install'
[0.485s] Level 1:colcon.colcon_core.package_identification:_identify(.) by extensions ['colcon_pkg']
[0.485s] Level 1:colcon.colcon_core.package_identification:_identify(.) by extension 'colcon_pkg'
[0.485s] Level 1:colcon.colcon_core.package_identification:_identify(.) by extensions ['colcon_meta']
[0.485s] Level 1:colcon.colcon_core.package_identification:_identify(.) by extension 'colcon_meta'
[0.485s] Level 1:colcon.colcon_core.package_identification:_identify(.) by extensions ['ros']
[0.485s] Level 1:colcon.colcon_core.package_identification:_identify(.) by extension 'ros'
[0.578s] Level 1:colcon.colcon_core.package_identification:_identify(.) by extensions ['cmake', 'python']
[0.578s] Level 1:colcon.colcon_core.package_identification:_identify(.) by extension 'cmake'
[0.578s] Level 1:colcon.colcon_core.package_identification:_identify(.) by extension 'python'
[0.578s] Level 1:colcon.colcon_core.package_identification:_identify(.) by extensions ['python_setup_py']
[0.578s] Level 1:colcon.colcon_core.package_identification:_identify(.) by extension 'python_setup_py'
[0.579s] Level 1:colcon.colcon_core.package_identification:_identify(build) by extensions ['ignore', 'ignore_ament_install']
[0.579s] Level 1:colcon.colcon_core.package_identification:_identify(build) by extension 'ignore'
[0.579s] Level 1:colcon.colcon_core.package_identification:_identify(build) ignored
[0.579s] Level 1:colcon.colcon_core.package_identification:_identify(install) by extensions ['ignore', 'ignore_ament_install']
[0.580s] Level 1:colcon.colcon_core.package_identification:_identify(install) by extension 'ignore'
[0.580s] Level 1:colcon.colcon_core.package_identification:_identify(install) ignored
[0.580s] Level 1:colcon.colcon_core.package_identification:_identify(log) by extensions ['ignore', 'ignore_ament_install']
[0.580s] Level 1:colcon.colcon_core.package_identification:_identify(log) by extension 'ignore'
[0.580s] Level 1:colcon.colcon_core.package_identification:_identify(log) ignored
[0.580s] Level 1:colcon.colcon_core.package_identification:_identify(src) by extensions ['ignore', 'ignore_ament_install']
[0.581s] Level 1:colcon.colcon_core.package_identification:_identify(src) by extension 'ignore'
[0.581s] Level 1:colcon.colcon_core.package_identification:_identify(src) by extension 'ignore_ament_install'
[0.581s] Level 1:colcon.colcon_core.package_identification:_identify(src) by extensions ['colcon_pkg']
[0.581s] Level 1:colcon.colcon_core.package_identification:_identify(src) by extension 'colcon_pkg'
[0.581s] Level 1:colcon.colcon_core.package_identification:_identify(src) by extensions ['colcon_meta']
[0.581s] Level 1:colcon.colcon_core.package_identification:_identify(src) by extension 'colcon_meta'
[0.581s] Level 1:colcon.colcon_core.package_identification:_identify(src) by extensions ['ros']
[0.581s] Level 1:colcon.colcon_core.package_identification:_identify(src) by extension 'ros'
[0.582s] Level 1:colcon.colcon_core.package_identification:_identify(src) by extensions ['cmake', 'python']
[0.582s] Level 1:colcon.colcon_core.package_identification:_identify(src) by extension 'cmake'
[0.582s] Level 1:colcon.colcon_core.package_identification:_identify(src) by extension 'python'
[0.582s] Level 1:colcon.colcon_core.package_identification:_identify(src) by extensions ['python_setup_py']
[0.582s] Level 1:colcon.colcon_core.package_identification:_identify(src) by extension 'python_setup_py'
[0.582s] Level 1:colcon.colcon_core.package_identification:_identify(src/my_servo_controller) by extensions ['ignore', 'ignore_ament_install']
[0.582s] Level 1:colcon.colcon_core.package_identification:_identify(src/my_servo_controller) by extension 'ignore'
[0.582s] Level 1:colcon.colcon_core.package_identification:_identify(src/my_servo_controller) by extension 'ignore_ament_install'
[0.583s] Level 1:colcon.colcon_core.package_identification:_identify(src/my_servo_controller) by extensions ['colcon_pkg']
[0.583s] Level 1:colcon.colcon_core.package_identification:_identify(src/my_servo_controller) by extension 'colcon_pkg'
[0.583s] Level 1:colcon.colcon_core.package_identification:_identify(src/my_servo_controller) by extensions ['colcon_meta']
[0.583s] Level 1:colcon.colcon_core.package_identification:_identify(src/my_servo_controller) by extension 'colcon_meta'
[0.583s] Level 1:colcon.colcon_core.package_identification:_identify(src/my_servo_controller) by extensions ['ros']
[0.583s] Level 1:colcon.colcon_core.package_identification:_identify(src/my_servo_controller) by extension 'ros'
[0.590s] DEBUG:colcon.colcon_core.package_identification:Package 'src/my_servo_controller' with type 'ros.ament_python' and name 'my_servo_controller'
[0.591s] Level 1:colcon.colcon_core.package_identification:_identify(src/ros2_heinz_me) by extensions ['ignore', 'ignore_ament_install']
[0.591s] Level 1:colcon.colcon_core.package_identification:_identify(src/ros2_heinz_me) by extension 'ignore'
[0.591s] Level 1:colcon.colcon_core.package_identification:_identify(src/ros2_heinz_me) by extension 'ignore_ament_install'
[0.591s] Level 1:colcon.colcon_core.package_identification:_identify(src/ros2_heinz_me) by extensions ['colcon_pkg']
[0.592s] Level 1:colcon.colcon_core.package_identification:_identify(src/ros2_heinz_me) by extension 'colcon_pkg'
[0.592s] Level 1:colcon.colcon_core.package_identification:_identify(src/ros2_heinz_me) by extensions ['colcon_meta']
[0.592s] Level 1:colcon.colcon_core.package_identification:_identify(src/ros2_heinz_me) by extension 'colcon_meta'
[0.592s] Level 1:colcon.colcon_core.package_identification:_identify(src/ros2_heinz_me) by extensions ['ros']
[0.592s] Level 1:colcon.colcon_core.package_identification:_identify(src/ros2_heinz_me) by extension 'ros'
[0.592s] Level 1:colcon.colcon_core.package_identification:_identify(src/ros2_heinz_me) by extensions ['cmake', 'python']
[0.592s] Level 1:colcon.colcon_core.package_identification:_identify(src/ros2_heinz_me) by extension 'cmake'
[0.593s] Level 1:colcon.colcon_core.package_identification:_identify(src/ros2_heinz_me) by extension 'python'
[0.593s] Level 1:colcon.colcon_core.package_identification:_identify(src/ros2_heinz_me) by extensions ['python_setup_py']
[0.593s] Level 1:colcon.colcon_core.package_identification:_identify(src/ros2_heinz_me) by extension 'python_setup_py'
[0.593s] Level 1:colcon.colcon_core.package_identification:_identify(src/ros2_heinz_me/h1_gazebo_sim) by extensions ['ignore', 'ignore_ament_install']
[0.593s] Level 1:colcon.colcon_core.package_identification:_identify(src/ros2_heinz_me/h1_gazebo_sim) by extension 'ignore'
[0.593s] Level 1:colcon.colcon_core.package_identification:_identify(src/ros2_heinz_me/h1_gazebo_sim) by extension 'ignore_ament_install'
[0.594s] Level 1:colcon.colcon_core.package_identification:_identify(src/ros2_heinz_me/h1_gazebo_sim) by extensions ['colcon_pkg']
[0.594s] Level 1:colcon.colcon_core.package_identification:_identify(src/ros2_heinz_me/h1_gazebo_sim) by extension 'colcon_pkg'
[0.594s] Level 1:colcon.colcon_core.package_identification:_identify(src/ros2_heinz_me/h1_gazebo_sim) by extensions ['colcon_meta']
[0.594s] Level 1:colcon.colcon_core.package_identification:_identify(src/ros2_heinz_me/h1_gazebo_sim) by extension 'colcon_meta'
[0.594s] Level 1:colcon.colcon_core.package_identification:_identify(src/ros2_heinz_me/h1_gazebo_sim) by extensions ['ros']
[0.594s] Level 1:colcon.colcon_core.package_identification:_identify(src/ros2_heinz_me/h1_gazebo_sim) by extension 'ros'
[0.594s] Level 1:colcon.colcon_core.package_identification:_identify(src/ros2_heinz_me/h1_gazebo_sim) by extensions ['cmake', 'python']
[0.594s] Level 1:colcon.colcon_core.package_identification:_identify(src/ros2_heinz_me/h1_gazebo_sim) by extension 'cmake'
[0.594s] Level 1:colcon.colcon_core.package_identification:_identify(src/ros2_heinz_me/h1_gazebo_sim) by extension 'python'
[0.595s] Level 1:colcon.colcon_core.package_identification:_identify(src/ros2_heinz_me/h1_gazebo_sim) by extensions ['python_setup_py']
[0.595s] Level 1:colcon.colcon_core.package_identification:_identify(src/ros2_heinz_me/h1_gazebo_sim) by extension 'python_setup_py'
[0.595s] Level 1:colcon.colcon_core.package_identification:_identify(src/ros2_heinz_me/h1_gazebo_sim/ros_gz_h1_bringup) by extensions ['ignore', 'ignore_ament_install']
[0.595s] Level 1:colcon.colcon_core.package_identification:_identify(src/ros2_heinz_me/h1_gazebo_sim/ros_gz_h1_bringup) by extension 'ignore'
[0.595s] Level 1:colcon.colcon_core.package_identification:_identify(src/ros2_heinz_me/h1_gazebo_sim/ros_gz_h1_bringup) by extension 'ignore_ament_install'
[0.596s] Level 1:colcon.colcon_core.package_identification:_identify(src/ros2_heinz_me/h1_gazebo_sim/ros_gz_h1_bringup) by extensions ['colcon_pkg']
[0.596s] Level 1:colcon.colcon_core.package_identification:_identify(src/ros2_heinz_me/h1_gazebo_sim/ros_gz_h1_bringup) by extension 'colcon_pkg'
[0.596s] Level 1:colcon.colcon_core.package_identification:_identify(src/ros2_heinz_me/h1_gazebo_sim/ros_gz_h1_bringup) by extensions ['colcon_meta']
[0.596s] Level 1:colcon.colcon_core.package_identification:_identify(src/ros2_heinz_me/h1_gazebo_sim/ros_gz_h1_bringup) by extension 'colcon_meta'
[0.596s] Level 1:colcon.colcon_core.package_identification:_identify(src/ros2_heinz_me/h1_gazebo_sim/ros_gz_h1_bringup) by extensions ['ros']
[0.596s] Level 1:colcon.colcon_core.package_identification:_identify(src/ros2_heinz_me/h1_gazebo_sim/ros_gz_h1_bringup) by extension 'ros'
[0.598s] DEBUG:colcon.colcon_core.package_identification:Package 'src/ros2_heinz_me/h1_gazebo_sim/ros_gz_h1_bringup' with type 'ros.ament_cmake' and name 'ros_gz_h1_bringup'
[0.599s] Level 1:colcon.colcon_core.package_identification:_identify(src/ros2_heinz_me/h1_gazebo_sim/ros_gz_h1_description) by extensions ['ignore', 'ignore_ament_install']
[0.599s] Level 1:colcon.colcon_core.package_identification:_identify(src/ros2_heinz_me/h1_gazebo_sim/ros_gz_h1_description) by extension 'ignore'
[0.599s] Level 1:colcon.colcon_core.package_identification:_identify(src/ros2_heinz_me/h1_gazebo_sim/ros_gz_h1_description) by extension 'ignore_ament_install'
[0.600s] Level 1:colcon.colcon_core.package_identification:_identify(src/ros2_heinz_me/h1_gazebo_sim/ros_gz_h1_description) by extensions ['colcon_pkg']
[0.600s] Level 1:colcon.colcon_core.package_identification:_identify(src/ros2_heinz_me/h1_gazebo_sim/ros_gz_h1_description) by extension 'colcon_pkg'
[0.600s] Level 1:colcon.colcon_core.package_identification:_identify(src/ros2_heinz_me/h1_gazebo_sim/ros_gz_h1_description) by extensions ['colcon_meta']
[0.600s] Level 1:colcon.colcon_core.package_identification:_identify(src/ros2_heinz_me/h1_gazebo_sim/ros_gz_h1_description) by extension 'colcon_meta'
[0.600s] Level 1:colcon.colcon_core.package_identification:_identify(src/ros2_heinz_me/h1_gazebo_sim/ros_gz_h1_description) by extensions ['ros']
[0.600s] Level 1:colcon.colcon_core.package_identification:_identify(src/ros2_heinz_me/h1_gazebo_sim/ros_gz_h1_description) by extension 'ros'
[0.602s] DEBUG:colcon.colcon_core.package_identification:Package 'src/ros2_heinz_me/h1_gazebo_sim/ros_gz_h1_description' with type 'ros.ament_cmake' and name 'ros_gz_h1_description'
[0.602s] Level 1:colcon.colcon_core.package_identification:_identify(src/ros2_heinz_me/h1_gazebo_sim/ros_gz_h1_gazebo) by extensions ['ignore', 'ignore_ament_install']
[0.603s] Level 1:colcon.colcon_core.package_identification:_identify(src/ros2_heinz_me/h1_gazebo_sim/ros_gz_h1_gazebo) by extension 'ignore'
[0.603s] Level 1:colcon.colcon_core.package_identification:_identify(src/ros2_heinz_me/h1_gazebo_sim/ros_gz_h1_gazebo) by extension 'ignore_ament_install'
[0.603s] Level 1:colcon.colcon_core.package_identification:_identify(src/ros2_heinz_me/h1_gazebo_sim/ros_gz_h1_gazebo) by extensions ['colcon_pkg']
[0.603s] Level 1:colcon.colcon_core.package_identification:_identify(src/ros2_heinz_me/h1_gazebo_sim/ros_gz_h1_gazebo) by extension 'colcon_pkg'
[0.604s] Level 1:colcon.colcon_core.package_identification:_identify(src/ros2_heinz_me/h1_gazebo_sim/ros_gz_h1_gazebo) by extensions ['colcon_meta']
[0.604s] Level 1:colcon.colcon_core.package_identification:_identify(src/ros2_heinz_me/h1_gazebo_sim/ros_gz_h1_gazebo) by extension 'colcon_meta'
[0.604s] Level 1:colcon.colcon_core.package_identification:_identify(src/ros2_heinz_me/h1_gazebo_sim/ros_gz_h1_gazebo) by extensions ['ros']
[0.604s] Level 1:colcon.colcon_core.package_identification:_identify(src/ros2_heinz_me/h1_gazebo_sim/ros_gz_h1_gazebo) by extension 'ros'
[0.606s] DEBUG:colcon.colcon_core.package_identification:Package 'src/ros2_heinz_me/h1_gazebo_sim/ros_gz_h1_gazebo' with type 'ros.ament_cmake' and name 'ros_gz_h1_gazebo'
[0.606s] Level 1:colcon.colcon_core.package_identification:_identify(src/servo_interfaces) by extensions ['ignore', 'ignore_ament_install']
[0.607s] Level 1:colcon.colcon_core.package_identification:_identify(src/servo_interfaces) by extension 'ignore'
[0.607s] Level 1:colcon.colcon_core.package_identification:_identify(src/servo_interfaces) by extension 'ignore_ament_install'
[0.608s] Level 1:colcon.colcon_core.package_identification:_identify(src/servo_interfaces) by extensions ['colcon_pkg']
[0.608s] Level 1:colcon.colcon_core.package_identification:_identify(src/servo_interfaces) by extension 'colcon_pkg'
[0.608s] Level 1:colcon.colcon_core.package_identification:_identify(src/servo_interfaces) by extensions ['colcon_meta']
[0.608s] Level 1:colcon.colcon_core.package_identification:_identify(src/servo_interfaces) by extension 'colcon_meta'
[0.608s] Level 1:colcon.colcon_core.package_identification:_identify(src/servo_interfaces) by extensions ['ros']
[0.608s] Level 1:colcon.colcon_core.package_identification:_identify(src/servo_interfaces) by extension 'ros'
[0.610s] DEBUG:colcon.colcon_core.package_identification:Package 'src/servo_interfaces' with type 'ros.ament_cmake' and name 'servo_interfaces'
[0.610s] Level 1:colcon.colcon_core.package_discovery:discover_packages(recursive) using defaults
[0.610s] Level 1:colcon.colcon_core.package_discovery:discover_packages(ignore) discover
[0.610s] Level 1:colcon.colcon_core.package_discovery:discover_packages(ignore) using defaults
[0.610s] Level 1:colcon.colcon_core.package_discovery:discover_packages(path) discover
[0.610s] Level 1:colcon.colcon_core.package_discovery:discover_packages(path) using defaults
[0.671s] Level 1:colcon.colcon_core.package_discovery:discover_packages(prefix_path) check parameters
[0.672s] Level 1:colcon.colcon_core.package_discovery:discover_packages(prefix_path) discover
[0.678s] DEBUG:colcon.colcon_installed_package_information.package_discovery:Found 5 installed packages in /home/rasp/humanoid/robot_ws/install
[0.683s] DEBUG:colcon.colcon_installed_package_information.package_discovery:Found 448 installed packages in /opt/ros/jazzy
[0.690s] Level 1:colcon.colcon_core.package_discovery:discover_packages(prefix_path) using defaults
[0.892s] Level 5:colcon.colcon_core.verb:set package 'ros_gz_h1_description' build argument 'cmake_args' from command line to 'None'
[0.892s] Level 5:colcon.colcon_core.verb:set package 'ros_gz_h1_description' build argument 'cmake_target' from command line to 'None'
[0.892s] Level 5:colcon.colcon_core.verb:set package 'ros_gz_h1_description' build argument 'cmake_target_skip_unavailable' from command line to 'False'
[0.893s] Level 5:colcon.colcon_core.verb:set package 'ros_gz_h1_description' build argument 'cmake_clean_cache' from command line to 'False'
[0.893s] Level 5:colcon.colcon_core.verb:set package 'ros_gz_h1_description' build argument 'cmake_clean_first' from command line to 'False'
[0.893s] Level 5:colcon.colcon_core.verb:set package 'ros_gz_h1_description' build argument 'cmake_force_configure' from command line to 'False'
[0.893s] Level 5:colcon.colcon_core.verb:set package 'ros_gz_h1_description' build argument 'ament_cmake_args' from command line to 'None'
[0.893s] Level 5:colcon.colcon_core.verb:set package 'ros_gz_h1_description' build argument 'catkin_cmake_args' from command line to 'None'
[0.893s] Level 5:colcon.colcon_core.verb:set package 'ros_gz_h1_description' build argument 'catkin_skip_building_tests' from command line to 'False'
[0.893s] DEBUG:colcon.colcon_core.verb:Building package 'ros_gz_h1_description' with the following arguments: {'ament_cmake_args': None, 'build_base': '/home/rasp/humanoid/robot_ws/build/ros_gz_h1_description', 'catkin_cmake_args': None, 'catkin_skip_building_tests': False, 'cmake_args': None, 'cmake_clean_cache': False, 'cmake_clean_first': False, 'cmake_force_configure': False, 'cmake_target': None, 'cmake_target_skip_unavailable': False, 'install_base': '/home/rasp/humanoid/robot_ws/install/ros_gz_h1_description', 'merge_install': False, 'path': '/home/rasp/humanoid/robot_ws/src/ros2_heinz_me/h1_gazebo_sim/ros_gz_h1_description', 'symlink_install': False, 'test_result_base': None}
[0.894s] Level 5:colcon.colcon_core.verb:set package 'servo_interfaces' build argument 'cmake_args' from command line to 'None'
[0.894s] Level 5:colcon.colcon_core.verb:set package 'servo_interfaces' build argument 'cmake_target' from command line to 'None'
[0.894s] Level 5:colcon.colcon_core.verb:set package 'servo_interfaces' build argument 'cmake_target_skip_unavailable' from command line to 'False'
[0.894s] Level 5:colcon.colcon_core.verb:set package 'servo_interfaces' build argument 'cmake_clean_cache' from command line to 'False'
[0.894s] Level 5:colcon.colcon_core.verb:set package 'servo_interfaces' build argument 'cmake_clean_first' from command line to 'False'
[0.894s] Level 5:colcon.colcon_core.verb:set package 'servo_interfaces' build argument 'cmake_force_configure' from command line to 'False'
[0.894s] Level 5:colcon.colcon_core.verb:set package 'servo_interfaces' build argument 'ament_cmake_args' from command line to 'None'
[0.894s] Level 5:colcon.colcon_core.verb:set package 'servo_interfaces' build argument 'catkin_cmake_args' from command line to 'None'
[0.894s] Level 5:colcon.colcon_core.verb:set package 'servo_interfaces' build argument 'catkin_skip_building_tests' from command line to 'False'
[0.895s] DEBUG:colcon.colcon_core.verb:Building package 'servo_interfaces' with the following arguments: {'ament_cmake_args': None, 'build_base': '/home/rasp/humanoid/robot_ws/build/servo_interfaces', 'catkin_cmake_args': None, 'catkin_skip_building_tests': False, 'cmake_args': None, 'cmake_clean_cache': False, 'cmake_clean_first': False, 'cmake_force_configure': False, 'cmake_target': None, 'cmake_target_skip_unavailable': False, 'install_base': '/home/rasp/humanoid/robot_ws/install/servo_interfaces', 'merge_install': False, 'path': '/home/rasp/humanoid/robot_ws/src/servo_interfaces', 'symlink_install': False, 'test_result_base': None}
[0.895s] Level 5:colcon.colcon_core.verb:set package 'my_servo_controller' build argument 'cmake_args' from command line to 'None'
[0.896s] Level 5:colcon.colcon_core.verb:set package 'my_servo_controller' build argument 'cmake_target' from command line to 'None'
[0.896s] Level 5:colcon.colcon_core.verb:set package 'my_servo_controller' build argument 'cmake_target_skip_unavailable' from command line to 'False'
[0.896s] Level 5:colcon.colcon_core.verb:set package 'my_servo_controller' build argument 'cmake_clean_cache' from command line to 'False'
[0.896s] Level 5:colcon.colcon_core.verb:set package 'my_servo_controller' build argument 'cmake_clean_first' from command line to 'False'
[0.896s] Level 5:colcon.colcon_core.verb:set package 'my_servo_controller' build argument 'cmake_force_configure' from command line to 'False'
[0.896s] Level 5:colcon.colcon_core.verb:set package 'my_servo_controller' build argument 'ament_cmake_args' from command line to 'None'
[0.896s] Level 5:colcon.colcon_core.verb:set package 'my_servo_controller' build argument 'catkin_cmake_args' from command line to 'None'
[0.896s] Level 5:colcon.colcon_core.verb:set package 'my_servo_controller' build argument 'catkin_skip_building_tests' from command line to 'False'
[0.896s] DEBUG:colcon.colcon_core.verb:Building package 'my_servo_controller' with the following arguments: {'ament_cmake_args': None, 'build_base': '/home/rasp/humanoid/robot_ws/build/my_servo_controller', 'catkin_cmake_args': None, 'catkin_skip_building_tests': False, 'cmake_args': None, 'cmake_clean_cache': False, 'cmake_clean_first': False, 'cmake_force_configure': False, 'cmake_target': None, 'cmake_target_skip_unavailable': False, 'install_base': '/home/rasp/humanoid/robot_ws/install/my_servo_controller', 'merge_install': False, 'path': '/home/rasp/humanoid/robot_ws/src/my_servo_controller', 'symlink_install': False, 'test_result_base': None}
[0.897s] Level 5:colcon.colcon_core.verb:set package 'ros_gz_h1_gazebo' build argument 'cmake_args' from command line to 'None'
[0.897s] Level 5:colcon.colcon_core.verb:set package 'ros_gz_h1_gazebo' build argument 'cmake_target' from command line to 'None'
[0.897s] Level 5:colcon.colcon_core.verb:set package 'ros_gz_h1_gazebo' build argument 'cmake_target_skip_unavailable' from command line to 'False'
[0.897s] Level 5:colcon.colcon_core.verb:set package 'ros_gz_h1_gazebo' build argument 'cmake_clean_cache' from command line to 'False'
[0.897s] Level 5:colcon.colcon_core.verb:set package 'ros_gz_h1_gazebo' build argument 'cmake_clean_first' from command line to 'False'
[0.898s] Level 5:colcon.colcon_core.verb:set package 'ros_gz_h1_gazebo' build argument 'cmake_force_configure' from command line to 'False'
[0.898s] Level 5:colcon.colcon_core.verb:set package 'ros_gz_h1_gazebo' build argument 'ament_cmake_args' from command line to 'None'
[0.898s] Level 5:colcon.colcon_core.verb:set package 'ros_gz_h1_gazebo' build argument 'catkin_cmake_args' from command line to 'None'
[0.898s] Level 5:colcon.colcon_core.verb:set package 'ros_gz_h1_gazebo' build argument 'catkin_skip_building_tests' from command line to 'False'
[0.898s] DEBUG:colcon.colcon_core.verb:Building package 'ros_gz_h1_gazebo' with the following arguments: {'ament_cmake_args': None, 'build_base': '/home/rasp/humanoid/robot_ws/build/ros_gz_h1_gazebo', 'catkin_cmake_args': None, 'catkin_skip_building_tests': False, 'cmake_args': None, 'cmake_clean_cache': False, 'cmake_clean_first': False, 'cmake_force_configure': False, 'cmake_target': None, 'cmake_target_skip_unavailable': False, 'install_base': '/home/rasp/humanoid/robot_ws/install/ros_gz_h1_gazebo', 'merge_install': False, 'path': '/home/rasp/humanoid/robot_ws/src/ros2_heinz_me/h1_gazebo_sim/ros_gz_h1_gazebo', 'symlink_install': False, 'test_result_base': None}
[0.899s] Level 5:colcon.colcon_core.verb:set package 'ros_gz_h1_bringup' build argument 'cmake_args' from command line to 'None'
[0.899s] Level 5:colcon.colcon_core.verb:set package 'ros_gz_h1_bringup' build argument 'cmake_target' from command line to 'None'
[0.899s] Level 5:colcon.colcon_core.verb:set package 'ros_gz_h1_bringup' build argument 'cmake_target_skip_unavailable' from command line to 'False'
[0.899s] Level 5:colcon.colcon_core.verb:set package 'ros_gz_h1_bringup' build argument 'cmake_clean_cache' from command line to 'False'
[0.899s] Level 5:colcon.colcon_core.verb:set package 'ros_gz_h1_bringup' build argument 'cmake_clean_first' from command line to 'False'
[0.899s] Level 5:colcon.colcon_core.verb:set package 'ros_gz_h1_bringup' build argument 'cmake_force_configure' from command line to 'False'
[0.899s] Level 5:colcon.colcon_core.verb:set package 'ros_gz_h1_bringup' build argument 'ament_cmake_args' from command line to 'None'
[0.899s] Level 5:colcon.colcon_core.verb:set package 'ros_gz_h1_bringup' build argument 'catkin_cmake_args' from command line to 'None'
[0.899s] Level 5:colcon.colcon_core.verb:set package 'ros_gz_h1_bringup' build argument 'catkin_skip_building_tests' from command line to 'False'
[0.899s] DEBUG:colcon.colcon_core.verb:Building package 'ros_gz_h1_bringup' with the following arguments: {'ament_cmake_args': None, 'build_base': '/home/rasp/humanoid/robot_ws/build/ros_gz_h1_bringup', 'catkin_cmake_args': None, 'catkin_skip_building_tests': False, 'cmake_args': None, 'cmake_clean_cache': False, 'cmake_clean_first': False, 'cmake_force_configure': False, 'cmake_target': None, 'cmake_target_skip_unavailable': False, 'install_base': '/home/rasp/humanoid/robot_ws/install/ros_gz_h1_bringup', 'merge_install': False, 'path': '/home/rasp/humanoid/robot_ws/src/ros2_heinz_me/h1_gazebo_sim/ros_gz_h1_bringup', 'symlink_install': False, 'test_result_base': None}
[0.900s] INFO:colcon.colcon_core.executor:Executing jobs using 'parallel' executor
[0.902s] DEBUG:colcon.colcon_parallel_executor.executor.parallel:run_until_complete
[0.903s] INFO:colcon.colcon_ros.task.ament_cmake.build:Building ROS package in '/home/rasp/humanoid/robot_ws/src/ros2_heinz_me/h1_gazebo_sim/ros_gz_h1_description' with build type 'ament_cmake'
[0.904s] INFO:colcon.colcon_cmake.task.cmake.build:Building CMake package in '/home/rasp/humanoid/robot_ws/src/ros2_heinz_me/h1_gazebo_sim/ros_gz_h1_description'
[0.912s] INFO:colcon.colcon_core.plugin_system:Skipping extension 'colcon_core.shell.bat': Not used on non-Windows systems
[0.913s] INFO:colcon.colcon_core.shell:Skip shell extension 'powershell' for command environment: Not usable outside of PowerShell
[0.913s] DEBUG:colcon.colcon_core.shell:Skip shell extension 'dsv' for command environment
[0.929s] INFO:colcon.colcon_ros.task.ament_cmake.build:Building ROS package in '/home/rasp/humanoid/robot_ws/src/servo_interfaces' with build type 'ament_cmake'
[0.930s] INFO:colcon.colcon_cmake.task.cmake.build:Building CMake package in '/home/rasp/humanoid/robot_ws/src/servo_interfaces'
[0.930s] INFO:colcon.colcon_core.shell:Skip shell extension 'powershell' for command environment: Not usable outside of PowerShell
[0.930s] DEBUG:colcon.colcon_core.shell:Skip shell extension 'dsv' for command environment
[0.958s] DEBUG:colcon.colcon_core.event_handler.log_command:Invoking command in '/home/rasp/humanoid/robot_ws/build/ros_gz_h1_description': CMAKE_PREFIX_PATH=${CMAKE_PREFIX_PATH}:/home/rasp/humanoid/robot_ws/install/my_servo_controller:/opt/ros/jazzy DEBUGINFOD_URLS=https://debuginfod.ubuntu.com /usr/bin/cmake --build /home/rasp/humanoid/robot_ws/build/ros_gz_h1_description -- -j4 -l4
[0.991s] DEBUG:colcon.colcon_core.event_handler.log_command:Invoking command in '/home/rasp/humanoid/robot_ws/build/servo_interfaces': CMAKE_PREFIX_PATH=${CMAKE_PREFIX_PATH}:/home/rasp/humanoid/robot_ws/install/my_servo_controller:/opt/ros/jazzy DEBUGINFOD_URLS=https://debuginfod.ubuntu.com /usr/bin/cmake --build /home/rasp/humanoid/robot_ws/build/servo_interfaces -- -j4 -l4
[1.144s] DEBUG:colcon.colcon_core.event_handler.log_command:Invoked command in '/home/rasp/humanoid/robot_ws/build/ros_gz_h1_description' returned '0': CMAKE_PREFIX_PATH=${CMAKE_PREFIX_PATH}:/home/rasp/humanoid/robot_ws/install/my_servo_controller:/opt/ros/jazzy DEBUGINFOD_URLS=https://debuginfod.ubuntu.com /usr/bin/cmake --build /home/rasp/humanoid/robot_ws/build/ros_gz_h1_description -- -j4 -l4
[1.182s] DEBUG:colcon.colcon_core.event_handler.log_command:Invoking command in '/home/rasp/humanoid/robot_ws/build/ros_gz_h1_description': CMAKE_PREFIX_PATH=${CMAKE_PREFIX_PATH}:/home/rasp/humanoid/robot_ws/install/my_servo_controller:/opt/ros/jazzy DEBUGINFOD_URLS=https://debuginfod.ubuntu.com /usr/bin/cmake --install /home/rasp/humanoid/robot_ws/build/ros_gz_h1_description
[1.280s] Level 1:colcon.colcon_core.environment:create_environment_scripts_only(ros_gz_h1_description)
[1.297s] Level 1:colcon.colcon_core.environment:checking '/home/rasp/humanoid/robot_ws/install/ros_gz_h1_description' for CMake module files
[1.300s] Level 1:colcon.colcon_core.environment:checking '/home/rasp/humanoid/robot_ws/install/ros_gz_h1_description' for CMake config files
[1.301s] Level 1:colcon.colcon_core.shell:create_environment_hook('ros_gz_h1_description', 'cmake_prefix_path')
[1.304s] INFO:colcon.colcon_core.shell:Creating environment hook '/home/rasp/humanoid/robot_ws/install/ros_gz_h1_description/share/ros_gz_h1_description/hook/cmake_prefix_path.ps1'
[1.312s] DEBUG:colcon.colcon_core.event_handler.log_command:Invoked command in '/home/rasp/humanoid/robot_ws/build/ros_gz_h1_description' returned '0': CMAKE_PREFIX_PATH=${CMAKE_PREFIX_PATH}:/home/rasp/humanoid/robot_ws/install/my_servo_controller:/opt/ros/jazzy DEBUGINFOD_URLS=https://debuginfod.ubuntu.com /usr/bin/cmake --install /home/rasp/humanoid/robot_ws/build/ros_gz_h1_description
[1.316s] INFO:colcon.colcon_core.shell:Creating environment descriptor '/home/rasp/humanoid/robot_ws/install/ros_gz_h1_description/share/ros_gz_h1_description/hook/cmake_prefix_path.dsv'
[1.319s] INFO:colcon.colcon_core.shell:Creating environment hook '/home/rasp/humanoid/robot_ws/install/ros_gz_h1_description/share/ros_gz_h1_description/hook/cmake_prefix_path.sh'
[1.325s] Level 1:colcon.colcon_core.environment:checking '/home/rasp/humanoid/robot_ws/install/ros_gz_h1_description/bin'
[1.326s] Level 1:colcon.colcon_core.environment:checking '/home/rasp/humanoid/robot_ws/install/ros_gz_h1_description/lib/pkgconfig/ros_gz_h1_description.pc'
[1.326s] Level 1:colcon.colcon_core.environment:checking '/home/rasp/humanoid/robot_ws/install/ros_gz_h1_description/lib/python3.12/site-packages'
[1.328s] Level 1:colcon.colcon_core.environment:checking '/home/rasp/humanoid/robot_ws/install/ros_gz_h1_description/bin'
[1.329s] INFO:colcon.colcon_core.shell:Creating package script '/home/rasp/humanoid/robot_ws/install/ros_gz_h1_description/share/ros_gz_h1_description/package.ps1'
[1.334s] INFO:colcon.colcon_core.shell:Creating package descriptor '/home/rasp/humanoid/robot_ws/install/ros_gz_h1_description/share/ros_gz_h1_description/package.dsv'
[1.335s] INFO:colcon.colcon_core.shell:Creating package script '/home/rasp/humanoid/robot_ws/install/ros_gz_h1_description/share/ros_gz_h1_description/package.sh'
[1.337s] INFO:colcon.colcon_core.shell:Creating package script '/home/rasp/humanoid/robot_ws/install/ros_gz_h1_description/share/ros_gz_h1_description/package.bash'
[1.339s] INFO:colcon.colcon_core.shell:Creating package script '/home/rasp/humanoid/robot_ws/install/ros_gz_h1_description/share/ros_gz_h1_description/package.zsh'
[1.344s] Level 1:colcon.colcon_core.environment:create_file_with_runtime_dependencies(/home/rasp/humanoid/robot_ws/install/ros_gz_h1_description/share/colcon-core/packages/ros_gz_h1_description)
[1.346s] Level 1:colcon.colcon_core.environment:create_environment_scripts_only(ros_gz_h1_description)
[1.347s] Level 1:colcon.colcon_core.environment:checking '/home/rasp/humanoid/robot_ws/install/ros_gz_h1_description' for CMake module files
[1.349s] Level 1:colcon.colcon_core.environment:checking '/home/rasp/humanoid/robot_ws/install/ros_gz_h1_description' for CMake config files
[1.349s] Level 1:colcon.colcon_core.shell:create_environment_hook('ros_gz_h1_description', 'cmake_prefix_path')
[1.350s] INFO:colcon.colcon_core.shell:Creating environment hook '/home/rasp/humanoid/robot_ws/install/ros_gz_h1_description/share/ros_gz_h1_description/hook/cmake_prefix_path.ps1'
[1.353s] INFO:colcon.colcon_core.shell:Creating environment descriptor '/home/rasp/humanoid/robot_ws/install/ros_gz_h1_description/share/ros_gz_h1_description/hook/cmake_prefix_path.dsv'
[1.355s] INFO:colcon.colcon_core.shell:Creating environment hook '/home/rasp/humanoid/robot_ws/install/ros_gz_h1_description/share/ros_gz_h1_description/hook/cmake_prefix_path.sh'
[1.360s] Level 1:colcon.colcon_core.environment:checking '/home/rasp/humanoid/robot_ws/install/ros_gz_h1_description/bin'
[1.362s] Level 1:colcon.colcon_core.environment:checking '/home/rasp/humanoid/robot_ws/install/ros_gz_h1_description/lib/pkgconfig/ros_gz_h1_description.pc'
[1.363s] Level 1:colcon.colcon_core.environment:checking '/home/rasp/humanoid/robot_ws/install/ros_gz_h1_description/lib/python3.12/site-packages'
[1.366s] Level 1:colcon.colcon_core.environment:checking '/home/rasp/humanoid/robot_ws/install/ros_gz_h1_description/bin'
[1.368s] INFO:colcon.colcon_core.shell:Creating package script '/home/rasp/humanoid/robot_ws/install/ros_gz_h1_description/share/ros_gz_h1_description/package.ps1'
[1.371s] INFO:colcon.colcon_core.shell:Creating package descriptor '/home/rasp/humanoid/robot_ws/install/ros_gz_h1_description/share/ros_gz_h1_description/package.dsv'
[1.376s] INFO:colcon.colcon_core.shell:Creating package script '/home/rasp/humanoid/robot_ws/install/ros_gz_h1_description/share/ros_gz_h1_description/package.sh'
[1.377s] INFO:colcon.colcon_core.shell:Creating package script '/home/rasp/humanoid/robot_ws/install/ros_gz_h1_description/share/ros_gz_h1_description/package.bash'
[1.379s] INFO:colcon.colcon_core.shell:Creating package script '/home/rasp/humanoid/robot_ws/install/ros_gz_h1_description/share/ros_gz_h1_description/package.zsh'
[1.380s] Level 1:colcon.colcon_core.environment:create_file_with_runtime_dependencies(/home/rasp/humanoid/robot_ws/install/ros_gz_h1_description/share/colcon-core/packages/ros_gz_h1_description)
[1.383s] INFO:colcon.colcon_ros.task.ament_cmake.build:Building ROS package in '/home/rasp/humanoid/robot_ws/src/ros2_heinz_me/h1_gazebo_sim/ros_gz_h1_gazebo' with build type 'ament_cmake'
[1.384s] INFO:colcon.colcon_cmake.task.cmake.build:Building CMake package in '/home/rasp/humanoid/robot_ws/src/ros2_heinz_me/h1_gazebo_sim/ros_gz_h1_gazebo'
[1.384s] INFO:colcon.colcon_core.shell:Skip shell extension 'powershell' for command environment: Not usable outside of PowerShell
[1.384s] DEBUG:colcon.colcon_core.shell:Skip shell extension 'dsv' for command environment
[1.433s] DEBUG:colcon.colcon_core.event_handler.log_command:Invoking command in '/home/rasp/humanoid/robot_ws/build/ros_gz_h1_gazebo': CMAKE_PREFIX_PATH=/home/rasp/humanoid/robot_ws/install/ros_gz_h1_description:/home/rasp/humanoid/robot_ws/install/servo_interfaces:/home/rasp/humanoid/robot_ws/install/ros_gz_h1_bringup:/home/rasp/humanoid/robot_ws/install/ros_gz_h1_gazebo:/opt/ros/jazzy/opt/gz_sim_vendor:/opt/ros/jazzy/opt/gz_sensors_vendor:/opt/ros/jazzy/opt/gz_physics_vendor:/opt/ros/jazzy/opt/sdformat_vendor:/opt/ros/jazzy/opt/gz_gui_vendor:/opt/ros/jazzy/opt/gz_transport_vendor:/opt/ros/jazzy/opt/gz_rendering_vendor:/opt/ros/jazzy/opt/gz_plugin_vendor:/opt/ros/jazzy/opt/gz_fuel_tools_vendor:/opt/ros/jazzy/opt/gz_msgs_vendor:/opt/ros/jazzy/opt/gz_common_vendor:/opt/ros/jazzy/opt/gz_math_vendor:/opt/ros/jazzy/opt/gz_utils_vendor:/opt/ros/jazzy/opt/gz_tools_vendor:/opt/ros/jazzy/opt/gz_ogre_next_vendor:/opt/ros/jazzy/opt/gz_dartsim_vendor:/opt/ros/jazzy/opt/gz_cmake_vendor:/home/rasp/humanoid/robot_ws/install/my_servo_controller:/opt/ros/jazzy DEBUGINFOD_URLS=https://debuginfod.ubuntu.com GZ_SIM_RESOURCE_PATH=/home/rasp/humanoid/robot_ws/install/ros_gz_h1_description/share/ros_gz_h1_description/models:${GZ_SIM_RESOURCE_PATH} /usr/bin/cmake --build /home/rasp/humanoid/robot_ws/build/ros_gz_h1_gazebo -- -j4 -l4
[1.637s] DEBUG:colcon.colcon_core.event_handler.log_command:Invoked command in '/home/rasp/humanoid/robot_ws/build/ros_gz_h1_gazebo' returned '0': CMAKE_PREFIX_PATH=/home/rasp/humanoid/robot_ws/install/ros_gz_h1_description:/home/rasp/humanoid/robot_ws/install/servo_interfaces:/home/rasp/humanoid/robot_ws/install/ros_gz_h1_bringup:/home/rasp/humanoid/robot_ws/install/ros_gz_h1_gazebo:/opt/ros/jazzy/opt/gz_sim_vendor:/opt/ros/jazzy/opt/gz_sensors_vendor:/opt/ros/jazzy/opt/gz_physics_vendor:/opt/ros/jazzy/opt/sdformat_vendor:/opt/ros/jazzy/opt/gz_gui_vendor:/opt/ros/jazzy/opt/gz_transport_vendor:/opt/ros/jazzy/opt/gz_rendering_vendor:/opt/ros/jazzy/opt/gz_plugin_vendor:/opt/ros/jazzy/opt/gz_fuel_tools_vendor:/opt/ros/jazzy/opt/gz_msgs_vendor:/opt/ros/jazzy/opt/gz_common_vendor:/opt/ros/jazzy/opt/gz_math_vendor:/opt/ros/jazzy/opt/gz_utils_vendor:/opt/ros/jazzy/opt/gz_tools_vendor:/opt/ros/jazzy/opt/gz_ogre_next_vendor:/opt/ros/jazzy/opt/gz_dartsim_vendor:/opt/ros/jazzy/opt/gz_cmake_vendor:/home/rasp/humanoid/robot_ws/install/my_servo_controller:/opt/ros/jazzy DEBUGINFOD_URLS=https://debuginfod.ubuntu.com GZ_SIM_RESOURCE_PATH=/home/rasp/humanoid/robot_ws/install/ros_gz_h1_description/share/ros_gz_h1_description/models:${GZ_SIM_RESOURCE_PATH} /usr/bin/cmake --build /home/rasp/humanoid/robot_ws/build/ros_gz_h1_gazebo -- -j4 -l4
[1.641s] DEBUG:colcon.colcon_core.event_handler.log_command:Invoking command in '/home/rasp/humanoid/robot_ws/build/ros_gz_h1_gazebo': CMAKE_PREFIX_PATH=/home/rasp/humanoid/robot_ws/install/ros_gz_h1_description:/home/rasp/humanoid/robot_ws/install/servo_interfaces:/home/rasp/humanoid/robot_ws/install/ros_gz_h1_bringup:/home/rasp/humanoid/robot_ws/install/ros_gz_h1_gazebo:/opt/ros/jazzy/opt/gz_sim_vendor:/opt/ros/jazzy/opt/gz_sensors_vendor:/opt/ros/jazzy/opt/gz_physics_vendor:/opt/ros/jazzy/opt/sdformat_vendor:/opt/ros/jazzy/opt/gz_gui_vendor:/opt/ros/jazzy/opt/gz_transport_vendor:/opt/ros/jazzy/opt/gz_rendering_vendor:/opt/ros/jazzy/opt/gz_plugin_vendor:/opt/ros/jazzy/opt/gz_fuel_tools_vendor:/opt/ros/jazzy/opt/gz_msgs_vendor:/opt/ros/jazzy/opt/gz_common_vendor:/opt/ros/jazzy/opt/gz_math_vendor:/opt/ros/jazzy/opt/gz_utils_vendor:/opt/ros/jazzy/opt/gz_tools_vendor:/opt/ros/jazzy/opt/gz_ogre_next_vendor:/opt/ros/jazzy/opt/gz_dartsim_vendor:/opt/ros/jazzy/opt/gz_cmake_vendor:/home/rasp/humanoid/robot_ws/install/my_servo_controller:/opt/ros/jazzy DEBUGINFOD_URLS=https://debuginfod.ubuntu.com GZ_SIM_RESOURCE_PATH=/home/rasp/humanoid/robot_ws/install/ros_gz_h1_description/share/ros_gz_h1_description/models:${GZ_SIM_RESOURCE_PATH} /usr/bin/cmake --install /home/rasp/humanoid/robot_ws/build/ros_gz_h1_gazebo
[1.687s] Level 1:colcon.colcon_core.environment:create_environment_scripts_only(ros_gz_h1_gazebo)
[1.688s] Level 1:colcon.colcon_core.environment:checking '/home/rasp/humanoid/robot_ws/install/ros_gz_h1_gazebo' for CMake module files
[1.689s] DEBUG:colcon.colcon_core.event_handler.log_command:Invoked command in '/home/rasp/humanoid/robot_ws/build/ros_gz_h1_gazebo' returned '0': CMAKE_PREFIX_PATH=/home/rasp/humanoid/robot_ws/install/ros_gz_h1_description:/home/rasp/humanoid/robot_ws/install/servo_interfaces:/home/rasp/humanoid/robot_ws/install/ros_gz_h1_bringup:/home/rasp/humanoid/robot_ws/install/ros_gz_h1_gazebo:/opt/ros/jazzy/opt/gz_sim_vendor:/opt/ros/jazzy/opt/gz_sensors_vendor:/opt/ros/jazzy/opt/gz_physics_vendor:/opt/ros/jazzy/opt/sdformat_vendor:/opt/ros/jazzy/opt/gz_gui_vendor:/opt/ros/jazzy/opt/gz_transport_vendor:/opt/ros/jazzy/opt/gz_rendering_vendor:/opt/ros/jazzy/opt/gz_plugin_vendor:/opt/ros/jazzy/opt/gz_fuel_tools_vendor:/opt/ros/jazzy/opt/gz_msgs_vendor:/opt/ros/jazzy/opt/gz_common_vendor:/opt/ros/jazzy/opt/gz_math_vendor:/opt/ros/jazzy/opt/gz_utils_vendor:/opt/ros/jazzy/opt/gz_tools_vendor:/opt/ros/jazzy/opt/gz_ogre_next_vendor:/opt/ros/jazzy/opt/gz_dartsim_vendor:/opt/ros/jazzy/opt/gz_cmake_vendor:/home/rasp/humanoid/robot_ws/install/my_servo_controller:/opt/ros/jazzy DEBUGINFOD_URLS=https://debuginfod.ubuntu.com GZ_SIM_RESOURCE_PATH=/home/rasp/humanoid/robot_ws/install/ros_gz_h1_description/share/ros_gz_h1_description/models:${GZ_SIM_RESOURCE_PATH} /usr/bin/cmake --install /home/rasp/humanoid/robot_ws/build/ros_gz_h1_gazebo
[1.690s] Level 1:colcon.colcon_core.environment:checking '/home/rasp/humanoid/robot_ws/install/ros_gz_h1_gazebo' for CMake config files
[1.690s] Level 1:colcon.colcon_core.shell:create_environment_hook('ros_gz_h1_gazebo', 'cmake_prefix_path')
[1.690s] INFO:colcon.colcon_core.shell:Creating environment hook '/home/rasp/humanoid/robot_ws/install/ros_gz_h1_gazebo/share/ros_gz_h1_gazebo/hook/cmake_prefix_path.ps1'
[1.692s] INFO:colcon.colcon_core.shell:Creating environment descriptor '/home/rasp/humanoid/robot_ws/install/ros_gz_h1_gazebo/share/ros_gz_h1_gazebo/hook/cmake_prefix_path.dsv'
[1.693s] INFO:colcon.colcon_core.shell:Creating environment hook '/home/rasp/humanoid/robot_ws/install/ros_gz_h1_gazebo/share/ros_gz_h1_gazebo/hook/cmake_prefix_path.sh'
[1.695s] Level 1:colcon.colcon_core.environment:checking '/home/rasp/humanoid/robot_ws/install/ros_gz_h1_gazebo/bin'
[1.695s] Level 1:colcon.colcon_core.environment:checking '/home/rasp/humanoid/robot_ws/install/ros_gz_h1_gazebo/lib/pkgconfig/ros_gz_h1_gazebo.pc'
[1.695s] Level 1:colcon.colcon_core.environment:checking '/home/rasp/humanoid/robot_ws/install/ros_gz_h1_gazebo/lib/python3.12/site-packages'
[1.697s] Level 1:colcon.colcon_core.environment:checking '/home/rasp/humanoid/robot_ws/install/ros_gz_h1_gazebo/bin'
[1.697s] INFO:colcon.colcon_core.shell:Creating package script '/home/rasp/humanoid/robot_ws/install/ros_gz_h1_gazebo/share/ros_gz_h1_gazebo/package.ps1'
[1.701s] INFO:colcon.colcon_core.shell:Creating package descriptor '/home/rasp/humanoid/robot_ws/install/ros_gz_h1_gazebo/share/ros_gz_h1_gazebo/package.dsv'
[1.702s] INFO:colcon.colcon_core.shell:Creating package script '/home/rasp/humanoid/robot_ws/install/ros_gz_h1_gazebo/share/ros_gz_h1_gazebo/package.sh'
[1.703s] INFO:colcon.colcon_core.shell:Creating package script '/home/rasp/humanoid/robot_ws/install/ros_gz_h1_gazebo/share/ros_gz_h1_gazebo/package.bash'
[1.705s] INFO:colcon.colcon_core.shell:Creating package script '/home/rasp/humanoid/robot_ws/install/ros_gz_h1_gazebo/share/ros_gz_h1_gazebo/package.zsh'
[1.706s] Level 1:colcon.colcon_core.environment:create_file_with_runtime_dependencies(/home/rasp/humanoid/robot_ws/install/ros_gz_h1_gazebo/share/colcon-core/packages/ros_gz_h1_gazebo)
[1.708s] Level 1:colcon.colcon_core.environment:create_environment_scripts_only(ros_gz_h1_gazebo)
[1.709s] Level 1:colcon.colcon_core.environment:checking '/home/rasp/humanoid/robot_ws/install/ros_gz_h1_gazebo' for CMake module files
[1.711s] Level 1:colcon.colcon_core.environment:checking '/home/rasp/humanoid/robot_ws/install/ros_gz_h1_gazebo' for CMake config files
[1.711s] Level 1:colcon.colcon_core.shell:create_environment_hook('ros_gz_h1_gazebo', 'cmake_prefix_path')
[1.712s] INFO:colcon.colcon_core.shell:Creating environment hook '/home/rasp/humanoid/robot_ws/install/ros_gz_h1_gazebo/share/ros_gz_h1_gazebo/hook/cmake_prefix_path.ps1'
[1.714s] INFO:colcon.colcon_core.shell:Creating environment descriptor '/home/rasp/humanoid/robot_ws/install/ros_gz_h1_gazebo/share/ros_gz_h1_gazebo/hook/cmake_prefix_path.dsv'
[1.718s] INFO:colcon.colcon_core.shell:Creating environment hook '/home/rasp/humanoid/robot_ws/install/ros_gz_h1_gazebo/share/ros_gz_h1_gazebo/hook/cmake_prefix_path.sh'
[1.719s] Level 1:colcon.colcon_core.environment:checking '/home/rasp/humanoid/robot_ws/install/ros_gz_h1_gazebo/bin'
[1.720s] Level 1:colcon.colcon_core.environment:checking '/home/rasp/humanoid/robot_ws/install/ros_gz_h1_gazebo/lib/pkgconfig/ros_gz_h1_gazebo.pc'
[1.720s] Level 1:colcon.colcon_core.environment:checking '/home/rasp/humanoid/robot_ws/install/ros_gz_h1_gazebo/lib/python3.12/site-packages'
[1.721s] Level 1:colcon.colcon_core.environment:checking '/home/rasp/humanoid/robot_ws/install/ros_gz_h1_gazebo/bin'
[1.723s] INFO:colcon.colcon_core.shell:Creating package script '/home/rasp/humanoid/robot_ws/install/ros_gz_h1_gazebo/share/ros_gz_h1_gazebo/package.ps1'
[1.725s] INFO:colcon.colcon_core.shell:Creating package descriptor '/home/rasp/humanoid/robot_ws/install/ros_gz_h1_gazebo/share/ros_gz_h1_gazebo/package.dsv'
[1.726s] INFO:colcon.colcon_core.shell:Creating package script '/home/rasp/humanoid/robot_ws/install/ros_gz_h1_gazebo/share/ros_gz_h1_gazebo/package.sh'
[1.728s] INFO:colcon.colcon_core.shell:Creating package script '/home/rasp/humanoid/robot_ws/install/ros_gz_h1_gazebo/share/ros_gz_h1_gazebo/package.bash'
[1.730s] INFO:colcon.colcon_core.shell:Creating package script '/home/rasp/humanoid/robot_ws/install/ros_gz_h1_gazebo/share/ros_gz_h1_gazebo/package.zsh'
[1.732s] Level 1:colcon.colcon_core.environment:create_file_with_runtime_dependencies(/home/rasp/humanoid/robot_ws/install/ros_gz_h1_gazebo/share/colcon-core/packages/ros_gz_h1_gazebo)
[1.737s] INFO:colcon.colcon_ros.task.ament_cmake.build:Building ROS package in '/home/rasp/humanoid/robot_ws/src/ros2_heinz_me/h1_gazebo_sim/ros_gz_h1_bringup' with build type 'ament_cmake'
[1.738s] INFO:colcon.colcon_cmake.task.cmake.build:Building CMake package in '/home/rasp/humanoid/robot_ws/src/ros2_heinz_me/h1_gazebo_sim/ros_gz_h1_bringup'
[1.739s] INFO:colcon.colcon_core.shell:Skip shell extension 'powershell' for command environment: Not usable outside of PowerShell
[1.740s] DEBUG:colcon.colcon_core.shell:Skip shell extension 'dsv' for command environment
[1.779s] DEBUG:colcon.colcon_core.event_handler.log_command:Invoking command in '/home/rasp/humanoid/robot_ws/build/ros_gz_h1_bringup': CMAKE_PREFIX_PATH=/home/rasp/humanoid/robot_ws/install/ros_gz_h1_gazebo:/home/rasp/humanoid/robot_ws/install/ros_gz_h1_description:/home/rasp/humanoid/robot_ws/install/servo_interfaces:/home/rasp/humanoid/robot_ws/install/ros_gz_h1_bringup:/opt/ros/jazzy/opt/gz_sim_vendor:/opt/ros/jazzy/opt/gz_sensors_vendor:/opt/ros/jazzy/opt/gz_physics_vendor:/opt/ros/jazzy/opt/sdformat_vendor:/opt/ros/jazzy/opt/gz_gui_vendor:/opt/ros/jazzy/opt/gz_transport_vendor:/opt/ros/jazzy/opt/gz_rendering_vendor:/opt/ros/jazzy/opt/gz_plugin_vendor:/opt/ros/jazzy/opt/gz_fuel_tools_vendor:/opt/ros/jazzy/opt/gz_msgs_vendor:/opt/ros/jazzy/opt/gz_common_vendor:/opt/ros/jazzy/opt/gz_math_vendor:/opt/ros/jazzy/opt/gz_utils_vendor:/opt/ros/jazzy/opt/gz_tools_vendor:/opt/ros/jazzy/opt/gz_ogre_next_vendor:/opt/ros/jazzy/opt/gz_dartsim_vendor:/opt/ros/jazzy/opt/gz_cmake_vendor:/home/rasp/humanoid/robot_ws/install/my_servo_controller:/opt/ros/jazzy DEBUGINFOD_URLS=https://debuginfod.ubuntu.com GZ_SIM_PLUGIN_PATH=/home/rasp/humanoid/robot_ws/install/ros_gz_h1_gazebo/lib/ros_gz_h1_gazebo GZ_SIM_RESOURCE_PATH=/home/rasp/humanoid/robot_ws/install/ros_gz_h1_description/share/ros_gz_h1_description/models:${GZ_SIM_RESOURCE_PATH} /usr/bin/cmake --build /home/rasp/humanoid/robot_ws/build/ros_gz_h1_bringup -- -j4 -l4
[2.012s] DEBUG:colcon.colcon_core.event_handler.log_command:Invoked command in '/home/rasp/humanoid/robot_ws/build/ros_gz_h1_bringup' returned '0': CMAKE_PREFIX_PATH=/home/rasp/humanoid/robot_ws/install/ros_gz_h1_gazebo:/home/rasp/humanoid/robot_ws/install/ros_gz_h1_description:/home/rasp/humanoid/robot_ws/install/servo_interfaces:/home/rasp/humanoid/robot_ws/install/ros_gz_h1_bringup:/opt/ros/jazzy/opt/gz_sim_vendor:/opt/ros/jazzy/opt/gz_sensors_vendor:/opt/ros/jazzy/opt/gz_physics_vendor:/opt/ros/jazzy/opt/sdformat_vendor:/opt/ros/jazzy/opt/gz_gui_vendor:/opt/ros/jazzy/opt/gz_transport_vendor:/opt/ros/jazzy/opt/gz_rendering_vendor:/opt/ros/jazzy/opt/gz_plugin_vendor:/opt/ros/jazzy/opt/gz_fuel_tools_vendor:/opt/ros/jazzy/opt/gz_msgs_vendor:/opt/ros/jazzy/opt/gz_common_vendor:/opt/ros/jazzy/opt/gz_math_vendor:/opt/ros/jazzy/opt/gz_utils_vendor:/opt/ros/jazzy/opt/gz_tools_vendor:/opt/ros/jazzy/opt/gz_ogre_next_vendor:/opt/ros/jazzy/opt/gz_dartsim_vendor:/opt/ros/jazzy/opt/gz_cmake_vendor:/home/rasp/humanoid/robot_ws/install/my_servo_controller:/opt/ros/jazzy DEBUGINFOD_URLS=https://debuginfod.ubuntu.com GZ_SIM_PLUGIN_PATH=/home/rasp/humanoid/robot_ws/install/ros_gz_h1_gazebo/lib/ros_gz_h1_gazebo GZ_SIM_RESOURCE_PATH=/home/rasp/humanoid/robot_ws/install/ros_gz_h1_description/share/ros_gz_h1_description/models:${GZ_SIM_RESOURCE_PATH} /usr/bin/cmake --build /home/rasp/humanoid/robot_ws/build/ros_gz_h1_bringup -- -j4 -l4
[2.014s] DEBUG:colcon.colcon_core.event_handler.log_command:Invoking command in '/home/rasp/humanoid/robot_ws/build/ros_gz_h1_bringup': CMAKE_PREFIX_PATH=/home/rasp/humanoid/robot_ws/install/ros_gz_h1_gazebo:/home/rasp/humanoid/robot_ws/install/ros_gz_h1_description:/home/rasp/humanoid/robot_ws/install/servo_interfaces:/home/rasp/humanoid/robot_ws/install/ros_gz_h1_bringup:/opt/ros/jazzy/opt/gz_sim_vendor:/opt/ros/jazzy/opt/gz_sensors_vendor:/opt/ros/jazzy/opt/gz_physics_vendor:/opt/ros/jazzy/opt/sdformat_vendor:/opt/ros/jazzy/opt/gz_gui_vendor:/opt/ros/jazzy/opt/gz_transport_vendor:/opt/ros/jazzy/opt/gz_rendering_vendor:/opt/ros/jazzy/opt/gz_plugin_vendor:/opt/ros/jazzy/opt/gz_fuel_tools_vendor:/opt/ros/jazzy/opt/gz_msgs_vendor:/opt/ros/jazzy/opt/gz_common_vendor:/opt/ros/jazzy/opt/gz_math_vendor:/opt/ros/jazzy/opt/gz_utils_vendor:/opt/ros/jazzy/opt/gz_tools_vendor:/opt/ros/jazzy/opt/gz_ogre_next_vendor:/opt/ros/jazzy/opt/gz_dartsim_vendor:/opt/ros/jazzy/opt/gz_cmake_vendor:/home/rasp/humanoid/robot_ws/install/my_servo_controller:/opt/ros/jazzy DEBUGINFOD_URLS=https://debuginfod.ubuntu.com GZ_SIM_PLUGIN_PATH=/home/rasp/humanoid/robot_ws/install/ros_gz_h1_gazebo/lib/ros_gz_h1_gazebo GZ_SIM_RESOURCE_PATH=/home/rasp/humanoid/robot_ws/install/ros_gz_h1_description/share/ros_gz_h1_description/models:${GZ_SIM_RESOURCE_PATH} /usr/bin/cmake --install /home/rasp/humanoid/robot_ws/build/ros_gz_h1_bringup
[2.078s] Level 1:colcon.colcon_core.environment:create_environment_scripts_only(ros_gz_h1_bringup)
[2.080s] Level 1:colcon.colcon_core.environment:checking '/home/rasp/humanoid/robot_ws/install/ros_gz_h1_bringup' for CMake module files
[2.084s] DEBUG:colcon.colcon_core.event_handler.log_command:Invoked command in '/home/rasp/humanoid/robot_ws/build/ros_gz_h1_bringup' returned '0': CMAKE_PREFIX_PATH=/home/rasp/humanoid/robot_ws/install/ros_gz_h1_gazebo:/home/rasp/humanoid/robot_ws/install/ros_gz_h1_description:/home/rasp/humanoid/robot_ws/install/servo_interfaces:/home/rasp/humanoid/robot_ws/install/ros_gz_h1_bringup:/opt/ros/jazzy/opt/gz_sim_vendor:/opt/ros/jazzy/opt/gz_sensors_vendor:/opt/ros/jazzy/opt/gz_physics_vendor:/opt/ros/jazzy/opt/sdformat_vendor:/opt/ros/jazzy/opt/gz_gui_vendor:/opt/ros/jazzy/opt/gz_transport_vendor:/opt/ros/jazzy/opt/gz_rendering_vendor:/opt/ros/jazzy/opt/gz_plugin_vendor:/opt/ros/jazzy/opt/gz_fuel_tools_vendor:/opt/ros/jazzy/opt/gz_msgs_vendor:/opt/ros/jazzy/opt/gz_common_vendor:/opt/ros/jazzy/opt/gz_math_vendor:/opt/ros/jazzy/opt/gz_utils_vendor:/opt/ros/jazzy/opt/gz_tools_vendor:/opt/ros/jazzy/opt/gz_ogre_next_vendor:/opt/ros/jazzy/opt/gz_dartsim_vendor:/opt/ros/jazzy/opt/gz_cmake_vendor:/home/rasp/humanoid/robot_ws/install/my_servo_controller:/opt/ros/jazzy DEBUGINFOD_URLS=https://debuginfod.ubuntu.com GZ_SIM_PLUGIN_PATH=/home/rasp/humanoid/robot_ws/install/ros_gz_h1_gazebo/lib/ros_gz_h1_gazebo GZ_SIM_RESOURCE_PATH=/home/rasp/humanoid/robot_ws/install/ros_gz_h1_description/share/ros_gz_h1_description/models:${GZ_SIM_RESOURCE_PATH} /usr/bin/cmake --install /home/rasp/humanoid/robot_ws/build/ros_gz_h1_bringup
[2.087s] Level 1:colcon.colcon_core.environment:checking '/home/rasp/humanoid/robot_ws/install/ros_gz_h1_bringup' for CMake config files
[2.090s] Level 1:colcon.colcon_core.shell:create_environment_hook('ros_gz_h1_bringup', 'cmake_prefix_path')
[2.093s] INFO:colcon.colcon_core.shell:Creating environment hook '/home/rasp/humanoid/robot_ws/install/ros_gz_h1_bringup/share/ros_gz_h1_bringup/hook/cmake_prefix_path.ps1'
[2.099s] INFO:colcon.colcon_core.shell:Creating environment descriptor '/home/rasp/humanoid/robot_ws/install/ros_gz_h1_bringup/share/ros_gz_h1_bringup/hook/cmake_prefix_path.dsv'
[2.101s] INFO:colcon.colcon_core.shell:Creating environment hook '/home/rasp/humanoid/robot_ws/install/ros_gz_h1_bringup/share/ros_gz_h1_bringup/hook/cmake_prefix_path.sh'
[2.105s] Level 1:colcon.colcon_core.environment:checking '/home/rasp/humanoid/robot_ws/install/ros_gz_h1_bringup/bin'
[2.106s] Level 1:colcon.colcon_core.environment:checking '/home/rasp/humanoid/robot_ws/install/ros_gz_h1_bringup/lib/pkgconfig/ros_gz_h1_bringup.pc'
[2.107s] Level 1:colcon.colcon_core.environment:checking '/home/rasp/humanoid/robot_ws/install/ros_gz_h1_bringup/lib/python3.12/site-packages'
[2.109s] Level 1:colcon.colcon_core.environment:checking '/home/rasp/humanoid/robot_ws/install/ros_gz_h1_bringup/bin'
[2.110s] INFO:colcon.colcon_core.shell:Creating package script '/home/rasp/humanoid/robot_ws/install/ros_gz_h1_bringup/share/ros_gz_h1_bringup/package.ps1'
[2.113s] INFO:colcon.colcon_core.shell:Creating package descriptor '/home/rasp/humanoid/robot_ws/install/ros_gz_h1_bringup/share/ros_gz_h1_bringup/package.dsv'
[2.116s] INFO:colcon.colcon_core.shell:Creating package script '/home/rasp/humanoid/robot_ws/install/ros_gz_h1_bringup/share/ros_gz_h1_bringup/package.sh'
[2.118s] INFO:colcon.colcon_core.shell:Creating package script '/home/rasp/humanoid/robot_ws/install/ros_gz_h1_bringup/share/ros_gz_h1_bringup/package.bash'
[2.121s] INFO:colcon.colcon_core.shell:Creating package script '/home/rasp/humanoid/robot_ws/install/ros_gz_h1_bringup/share/ros_gz_h1_bringup/package.zsh'
[2.122s] Level 1:colcon.colcon_core.environment:create_file_with_runtime_dependencies(/home/rasp/humanoid/robot_ws/install/ros_gz_h1_bringup/share/colcon-core/packages/ros_gz_h1_bringup)
[2.124s] Level 1:colcon.colcon_core.environment:create_environment_scripts_only(ros_gz_h1_bringup)
[2.126s] Level 1:colcon.colcon_core.environment:checking '/home/rasp/humanoid/robot_ws/install/ros_gz_h1_bringup' for CMake module files
[2.127s] Level 1:colcon.colcon_core.environment:checking '/home/rasp/humanoid/robot_ws/install/ros_gz_h1_bringup' for CMake config files
[2.129s] Level 1:colcon.colcon_core.shell:create_environment_hook('ros_gz_h1_bringup', 'cmake_prefix_path')
[2.130s] INFO:colcon.colcon_core.shell:Creating environment hook '/home/rasp/humanoid/robot_ws/install/ros_gz_h1_bringup/share/ros_gz_h1_bringup/hook/cmake_prefix_path.ps1'
[2.132s] INFO:colcon.colcon_core.shell:Creating environment descriptor '/home/rasp/humanoid/robot_ws/install/ros_gz_h1_bringup/share/ros_gz_h1_bringup/hook/cmake_prefix_path.dsv'
[2.134s] INFO:colcon.colcon_core.shell:Creating environment hook '/home/rasp/humanoid/robot_ws/install/ros_gz_h1_bringup/share/ros_gz_h1_bringup/hook/cmake_prefix_path.sh'
[2.139s] Level 1:colcon.colcon_core.environment:checking '/home/rasp/humanoid/robot_ws/install/ros_gz_h1_bringup/bin'
[2.139s] Level 1:colcon.colcon_core.environment:checking '/home/rasp/humanoid/robot_ws/install/ros_gz_h1_bringup/lib/pkgconfig/ros_gz_h1_bringup.pc'
[2.140s] Level 1:colcon.colcon_core.environment:checking '/home/rasp/humanoid/robot_ws/install/ros_gz_h1_bringup/lib/python3.12/site-packages'
[2.141s] Level 1:colcon.colcon_core.environment:checking '/home/rasp/humanoid/robot_ws/install/ros_gz_h1_bringup/bin'
[2.143s] INFO:colcon.colcon_core.shell:Creating package script '/home/rasp/humanoid/robot_ws/install/ros_gz_h1_bringup/share/ros_gz_h1_bringup/package.ps1'
[2.145s] INFO:colcon.colcon_core.shell:Creating package descriptor '/home/rasp/humanoid/robot_ws/install/ros_gz_h1_bringup/share/ros_gz_h1_bringup/package.dsv'
[2.147s] INFO:colcon.colcon_core.shell:Creating package script '/home/rasp/humanoid/robot_ws/install/ros_gz_h1_bringup/share/ros_gz_h1_bringup/package.sh'
[2.149s] INFO:colcon.colcon_core.shell:Creating package script '/home/rasp/humanoid/robot_ws/install/ros_gz_h1_bringup/share/ros_gz_h1_bringup/package.bash'
[2.151s] INFO:colcon.colcon_core.shell:Creating package script '/home/rasp/humanoid/robot_ws/install/ros_gz_h1_bringup/share/ros_gz_h1_bringup/package.zsh'
[2.153s] Level 1:colcon.colcon_core.environment:create_file_with_runtime_dependencies(/home/rasp/humanoid/robot_ws/install/ros_gz_h1_bringup/share/colcon-core/packages/ros_gz_h1_bringup)
[4.096s] DEBUG:colcon.colcon_core.event_handler.log_command:Invoked command in '/home/rasp/humanoid/robot_ws/build/servo_interfaces' returned '0': CMAKE_PREFIX_PATH=${CMAKE_PREFIX_PATH}:/home/rasp/humanoid/robot_ws/install/my_servo_controller:/opt/ros/jazzy DEBUGINFOD_URLS=https://debuginfod.ubuntu.com /usr/bin/cmake --build /home/rasp/humanoid/robot_ws/build/servo_interfaces -- -j4 -l4
[4.101s] DEBUG:colcon.colcon_core.event_handler.log_command:Invoking command in '/home/rasp/humanoid/robot_ws/build/servo_interfaces': CMAKE_PREFIX_PATH=${CMAKE_PREFIX_PATH}:/home/rasp/humanoid/robot_ws/install/my_servo_controller:/opt/ros/jazzy DEBUGINFOD_URLS=https://debuginfod.ubuntu.com /usr/bin/cmake --install /home/rasp/humanoid/robot_ws/build/servo_interfaces
[4.334s] Level 1:colcon.colcon_core.environment:create_environment_scripts_only(servo_interfaces)
[4.335s] Level 1:colcon.colcon_core.environment:checking '/home/rasp/humanoid/robot_ws/install/servo_interfaces' for CMake module files
[4.340s] Level 1:colcon.colcon_core.environment:checking '/home/rasp/humanoid/robot_ws/install/servo_interfaces' for CMake config files
[4.345s] Level 1:colcon.colcon_core.shell:create_environment_hook('servo_interfaces', 'cmake_prefix_path')
[4.345s] INFO:colcon.colcon_core.shell:Creating environment hook '/home/rasp/humanoid/robot_ws/install/servo_interfaces/share/servo_interfaces/hook/cmake_prefix_path.ps1'
[4.348s] INFO:colcon.colcon_core.shell:Creating environment descriptor '/home/rasp/humanoid/robot_ws/install/servo_interfaces/share/servo_interfaces/hook/cmake_prefix_path.dsv'
[4.350s] INFO:colcon.colcon_core.shell:Creating environment hook '/home/rasp/humanoid/robot_ws/install/servo_interfaces/share/servo_interfaces/hook/cmake_prefix_path.sh'
[4.354s] DEBUG:colcon.colcon_core.event_handler.log_command:Invoked command in '/home/rasp/humanoid/robot_ws/build/servo_interfaces' returned '0': CMAKE_PREFIX_PATH=${CMAKE_PREFIX_PATH}:/home/rasp/humanoid/robot_ws/install/my_servo_controller:/opt/ros/jazzy DEBUGINFOD_URLS=https://debuginfod.ubuntu.com /usr/bin/cmake --install /home/rasp/humanoid/robot_ws/build/servo_interfaces
[4.355s] Level 1:colcon.colcon_core.environment:checking '/home/rasp/humanoid/robot_ws/install/servo_interfaces/lib'
[4.356s] Level 1:colcon.colcon_core.shell:create_environment_hook('servo_interfaces', 'ld_library_path_lib')
[4.357s] INFO:colcon.colcon_core.shell:Creating environment hook '/home/rasp/humanoid/robot_ws/install/servo_interfaces/share/servo_interfaces/hook/ld_library_path_lib.ps1'
[4.359s] INFO:colcon.colcon_core.shell:Creating environment descriptor '/home/rasp/humanoid/robot_ws/install/servo_interfaces/share/servo_interfaces/hook/ld_library_path_lib.dsv'
[4.360s] INFO:colcon.colcon_core.shell:Creating environment hook '/home/rasp/humanoid/robot_ws/install/servo_interfaces/share/servo_interfaces/hook/ld_library_path_lib.sh'
[4.361s] Level 1:colcon.colcon_core.environment:checking '/home/rasp/humanoid/robot_ws/install/servo_interfaces/bin'
[4.362s] Level 1:colcon.colcon_core.environment:checking '/home/rasp/humanoid/robot_ws/install/servo_interfaces/lib/pkgconfig/servo_interfaces.pc'
[4.362s] Level 1:colcon.colcon_core.environment:checking '/home/rasp/humanoid/robot_ws/install/servo_interfaces/lib/python3.12/site-packages'
[4.363s] Level 1:colcon.colcon_core.shell:create_environment_hook('servo_interfaces', 'pythonpath')
[4.363s] INFO:colcon.colcon_core.shell:Creating environment hook '/home/rasp/humanoid/robot_ws/install/servo_interfaces/share/servo_interfaces/hook/pythonpath.ps1'
[4.365s] INFO:colcon.colcon_core.shell:Creating environment descriptor '/home/rasp/humanoid/robot_ws/install/servo_interfaces/share/servo_interfaces/hook/pythonpath.dsv'
[4.366s] INFO:colcon.colcon_core.shell:Creating environment hook '/home/rasp/humanoid/robot_ws/install/servo_interfaces/share/servo_interfaces/hook/pythonpath.sh'
[4.369s] Level 1:colcon.colcon_core.environment:checking '/home/rasp/humanoid/robot_ws/install/servo_interfaces/bin'
[4.370s] INFO:colcon.colcon_core.shell:Creating package script '/home/rasp/humanoid/robot_ws/install/servo_interfaces/share/servo_interfaces/package.ps1'
[4.372s] INFO:colcon.colcon_core.shell:Creating package descriptor '/home/rasp/humanoid/robot_ws/install/servo_interfaces/share/servo_interfaces/package.dsv'
[4.375s] INFO:colcon.colcon_core.shell:Creating package script '/home/rasp/humanoid/robot_ws/install/servo_interfaces/share/servo_interfaces/package.sh'
[4.383s] INFO:colcon.colcon_core.shell:Creating package script '/home/rasp/humanoid/robot_ws/install/servo_interfaces/share/servo_interfaces/package.bash'
[4.386s] INFO:colcon.colcon_core.shell:Creating package script '/home/rasp/humanoid/robot_ws/install/servo_interfaces/share/servo_interfaces/package.zsh'
[4.390s] Level 1:colcon.colcon_core.environment:create_file_with_runtime_dependencies(/home/rasp/humanoid/robot_ws/install/servo_interfaces/share/colcon-core/packages/servo_interfaces)
[4.394s] Level 1:colcon.colcon_core.environment:create_environment_scripts_only(servo_interfaces)
[4.395s] Level 1:colcon.colcon_core.environment:checking '/home/rasp/humanoid/robot_ws/install/servo_interfaces' for CMake module files
[4.398s] Level 1:colcon.colcon_core.environment:checking '/home/rasp/humanoid/robot_ws/install/servo_interfaces' for CMake config files
[4.399s] Level 1:colcon.colcon_core.shell:create_environment_hook('servo_interfaces', 'cmake_prefix_path')
[4.399s] INFO:colcon.colcon_core.shell:Creating environment hook '/home/rasp/humanoid/robot_ws/install/servo_interfaces/share/servo_interfaces/hook/cmake_prefix_path.ps1'
[4.401s] INFO:colcon.colcon_core.shell:Creating environment descriptor '/home/rasp/humanoid/robot_ws/install/servo_interfaces/share/servo_interfaces/hook/cmake_prefix_path.dsv'
[4.402s] INFO:colcon.colcon_core.shell:Creating environment hook '/home/rasp/humanoid/robot_ws/install/servo_interfaces/share/servo_interfaces/hook/cmake_prefix_path.sh'
[4.405s] Level 1:colcon.colcon_core.environment:checking '/home/rasp/humanoid/robot_ws/install/servo_interfaces/lib'
[4.406s] Level 1:colcon.colcon_core.shell:create_environment_hook('servo_interfaces', 'ld_library_path_lib')
[4.407s] INFO:colcon.colcon_core.shell:Creating environment hook '/home/rasp/humanoid/robot_ws/install/servo_interfaces/share/servo_interfaces/hook/ld_library_path_lib.ps1'
[4.408s] INFO:colcon.colcon_core.shell:Creating environment descriptor '/home/rasp/humanoid/robot_ws/install/servo_interfaces/share/servo_interfaces/hook/ld_library_path_lib.dsv'
[4.410s] INFO:colcon.colcon_core.shell:Creating environment hook '/home/rasp/humanoid/robot_ws/install/servo_interfaces/share/servo_interfaces/hook/ld_library_path_lib.sh'
[4.411s] Level 1:colcon.colcon_core.environment:checking '/home/rasp/humanoid/robot_ws/install/servo_interfaces/bin'
[4.412s] Level 1:colcon.colcon_core.environment:checking '/home/rasp/humanoid/robot_ws/install/servo_interfaces/lib/pkgconfig/servo_interfaces.pc'
[4.412s] Level 1:colcon.colcon_core.environment:checking '/home/rasp/humanoid/robot_ws/install/servo_interfaces/lib/python3.12/site-packages'
[4.413s] Level 1:colcon.colcon_core.shell:create_environment_hook('servo_interfaces', 'pythonpath')
[4.413s] INFO:colcon.colcon_core.shell:Creating environment hook '/home/rasp/humanoid/robot_ws/install/servo_interfaces/share/servo_interfaces/hook/pythonpath.ps1'
[4.415s] INFO:colcon.colcon_core.shell:Creating environment descriptor '/home/rasp/humanoid/robot_ws/install/servo_interfaces/share/servo_interfaces/hook/pythonpath.dsv'
[4.417s] INFO:colcon.colcon_core.shell:Creating environment hook '/home/rasp/humanoid/robot_ws/install/servo_interfaces/share/servo_interfaces/hook/pythonpath.sh'
[4.421s] Level 1:colcon.colcon_core.environment:checking '/home/rasp/humanoid/robot_ws/install/servo_interfaces/bin'
[4.422s] INFO:colcon.colcon_core.shell:Creating package script '/home/rasp/humanoid/robot_ws/install/servo_interfaces/share/servo_interfaces/package.ps1'
[4.425s] INFO:colcon.colcon_core.shell:Creating package descriptor '/home/rasp/humanoid/robot_ws/install/servo_interfaces/share/servo_interfaces/package.dsv'
[4.428s] INFO:colcon.colcon_core.shell:Creating package script '/home/rasp/humanoid/robot_ws/install/servo_interfaces/share/servo_interfaces/package.sh'
[4.430s] INFO:colcon.colcon_core.shell:Creating package script '/home/rasp/humanoid/robot_ws/install/servo_interfaces/share/servo_interfaces/package.bash'
[4.432s] INFO:colcon.colcon_core.shell:Creating package script '/home/rasp/humanoid/robot_ws/install/servo_interfaces/share/servo_interfaces/package.zsh'
[4.433s] Level 1:colcon.colcon_core.environment:create_file_with_runtime_dependencies(/home/rasp/humanoid/robot_ws/install/servo_interfaces/share/colcon-core/packages/servo_interfaces)
[4.435s] INFO:colcon.colcon_ros.task.ament_python.build:Building ROS package in '/home/rasp/humanoid/robot_ws/src/my_servo_controller' with build type 'ament_python'
[4.435s] Level 1:colcon.colcon_core.shell:create_environment_hook('my_servo_controller', 'ament_prefix_path')
[4.436s] INFO:colcon.colcon_core.shell:Creating environment hook '/home/rasp/humanoid/robot_ws/install/my_servo_controller/share/my_servo_controller/hook/ament_prefix_path.ps1'
[4.438s] INFO:colcon.colcon_core.shell:Creating environment descriptor '/home/rasp/humanoid/robot_ws/install/my_servo_controller/share/my_servo_controller/hook/ament_prefix_path.dsv'
[4.439s] INFO:colcon.colcon_core.shell:Creating environment hook '/home/rasp/humanoid/robot_ws/install/my_servo_controller/share/my_servo_controller/hook/ament_prefix_path.sh'
[4.442s] INFO:colcon.colcon_core.shell:Skip shell extension 'powershell' for command environment: Not usable outside of PowerShell
[4.442s] DEBUG:colcon.colcon_core.shell:Skip shell extension 'dsv' for command environment
[5.334s] INFO:colcon.colcon_core.task.python.build:Building Python package in '/home/rasp/humanoid/robot_ws/src/my_servo_controller'
[5.335s] INFO:colcon.colcon_core.shell:Skip shell extension 'powershell' for command environment: Not usable outside of PowerShell
[5.335s] DEBUG:colcon.colcon_core.shell:Skip shell extension 'dsv' for command environment
[7.457s] DEBUG:colcon.colcon_core.event_handler.log_command:Invoking command in '/home/rasp/humanoid/robot_ws/src/my_servo_controller': DEBUGINFOD_URLS=https://debuginfod.ubuntu.com PYTHONPATH=/home/rasp/humanoid/robot_ws/build/my_servo_controller/prefix_override:/usr/lib/python3/dist-packages/colcon_core/task/python/colcon_distutils_commands:/home/rasp/humanoid/robot_ws/install/my_servo_controller/lib/python3.12/site-packages:/home/rasp/humanoid/robot_ws/install/servo_interfaces/lib/python3.12/site-packages:/home/rasp/humanoid/robot_ws/install/my_servo_controller/lib/python3.12/site-packages:/opt/ros/jazzy/lib/python3.12/site-packages /usr/bin/python3 -W ignore:setup.py install is deprecated -W ignore:easy_install command is deprecated setup.py egg_info --egg-base ../../build/my_servo_controller build --build-base /home/rasp/humanoid/robot_ws/build/my_servo_controller/build install --record /home/rasp/humanoid/robot_ws/build/my_servo_controller/install.log --single-version-externally-managed install_data
[9.458s] Level 1:colcon.colcon_core.environment:checking '/home/rasp/humanoid/robot_ws/install/my_servo_controller' for CMake module files
[9.459s] DEBUG:colcon.colcon_core.event_handler.log_command:Invoked command in '/home/rasp/humanoid/robot_ws/src/my_servo_controller' returned '0': DEBUGINFOD_URLS=https://debuginfod.ubuntu.com PYTHONPATH=/home/rasp/humanoid/robot_ws/build/my_servo_controller/prefix_override:/usr/lib/python3/dist-packages/colcon_core/task/python/colcon_distutils_commands:/home/rasp/humanoid/robot_ws/install/my_servo_controller/lib/python3.12/site-packages:/home/rasp/humanoid/robot_ws/install/servo_interfaces/lib/python3.12/site-packages:/home/rasp/humanoid/robot_ws/install/my_servo_controller/lib/python3.12/site-packages:/opt/ros/jazzy/lib/python3.12/site-packages /usr/bin/python3 -W ignore:setup.py install is deprecated -W ignore:easy_install command is deprecated setup.py egg_info --egg-base ../../build/my_servo_controller build --build-base /home/rasp/humanoid/robot_ws/build/my_servo_controller/build install --record /home/rasp/humanoid/robot_ws/build/my_servo_controller/install.log --single-version-externally-managed install_data
[9.460s] Level 1:colcon.colcon_core.environment:checking '/home/rasp/humanoid/robot_ws/install/my_servo_controller' for CMake config files
[9.461s] Level 1:colcon.colcon_core.environment:checking '/home/rasp/humanoid/robot_ws/install/my_servo_controller/lib'
[9.461s] Level 1:colcon.colcon_core.environment:checking '/home/rasp/humanoid/robot_ws/install/my_servo_controller/bin'
[9.462s] Level 1:colcon.colcon_core.environment:checking '/home/rasp/humanoid/robot_ws/install/my_servo_controller/lib/pkgconfig/my_servo_controller.pc'
[9.462s] Level 1:colcon.colcon_core.environment:checking '/home/rasp/humanoid/robot_ws/install/my_servo_controller/lib/python3.12/site-packages'
[9.462s] Level 1:colcon.colcon_core.shell:create_environment_hook('my_servo_controller', 'pythonpath')
[9.463s] INFO:colcon.colcon_core.shell:Creating environment hook '/home/rasp/humanoid/robot_ws/install/my_servo_controller/share/my_servo_controller/hook/pythonpath.ps1'
[9.465s] INFO:colcon.colcon_core.shell:Creating environment descriptor '/home/rasp/humanoid/robot_ws/install/my_servo_controller/share/my_servo_controller/hook/pythonpath.dsv'
[9.466s] INFO:colcon.colcon_core.shell:Creating environment hook '/home/rasp/humanoid/robot_ws/install/my_servo_controller/share/my_servo_controller/hook/pythonpath.sh'
[9.470s] Level 1:colcon.colcon_core.environment:checking '/home/rasp/humanoid/robot_ws/install/my_servo_controller/bin'
[9.470s] Level 1:colcon.colcon_core.environment:create_environment_scripts_only(my_servo_controller)
[9.471s] INFO:colcon.colcon_core.shell:Creating package script '/home/rasp/humanoid/robot_ws/install/my_servo_controller/share/my_servo_controller/package.ps1'
[9.473s] INFO:colcon.colcon_core.shell:Creating package descriptor '/home/rasp/humanoid/robot_ws/install/my_servo_controller/share/my_servo_controller/package.dsv'
[9.475s] INFO:colcon.colcon_core.shell:Creating package script '/home/rasp/humanoid/robot_ws/install/my_servo_controller/share/my_servo_controller/package.sh'
[9.476s] INFO:colcon.colcon_core.shell:Creating package script '/home/rasp/humanoid/robot_ws/install/my_servo_controller/share/my_servo_controller/package.bash'
[9.478s] INFO:colcon.colcon_core.shell:Creating package script '/home/rasp/humanoid/robot_ws/install/my_servo_controller/share/my_servo_controller/package.zsh'
[9.480s] Level 1:colcon.colcon_core.environment:create_file_with_runtime_dependencies(/home/rasp/humanoid/robot_ws/install/my_servo_controller/share/colcon-core/packages/my_servo_controller)
[9.481s] DEBUG:colcon.colcon_parallel_executor.executor.parallel:closing loop
[9.482s] DEBUG:colcon.colcon_parallel_executor.executor.parallel:loop closed
[9.482s] DEBUG:colcon.colcon_parallel_executor.executor.parallel:run_until_complete finished with '0'
[9.484s] DEBUG:colcon.colcon_core.event_reactor:joining thread
[9.511s] INFO:colcon.colcon_core.plugin_system:Skipping extension 'colcon_notification.desktop_notification.terminal_notifier': Not used on non-Darwin systems
[9.511s] INFO:colcon.colcon_core.plugin_system:Skipping extension 'colcon_notification.desktop_notification.win32': Not used on non-Windows systems
[9.511s] INFO:colcon.colcon_notification.desktop_notification:Sending desktop notification using 'notify2'
[9.569s] DEBUG:colcon.colcon_core.event_reactor:joined thread
[9.573s] INFO:colcon.colcon_core.shell:Creating prefix script '/home/rasp/humanoid/robot_ws/install/local_setup.ps1'
[9.576s] INFO:colcon.colcon_core.shell:Creating prefix util module '/home/rasp/humanoid/robot_ws/install/_local_setup_util_ps1.py'
[9.583s] INFO:colcon.colcon_core.shell:Creating prefix chain script '/home/rasp/humanoid/robot_ws/install/setup.ps1'
[9.587s] INFO:colcon.colcon_core.shell:Creating prefix script '/home/rasp/humanoid/robot_ws/install/local_setup.sh'
[9.589s] INFO:colcon.colcon_core.shell:Creating prefix util module '/home/rasp/humanoid/robot_ws/install/_local_setup_util_sh.py'
[9.592s] INFO:colcon.colcon_core.shell:Creating prefix chain script '/home/rasp/humanoid/robot_ws/install/setup.sh'
[9.595s] INFO:colcon.colcon_core.shell:Creating prefix script '/home/rasp/humanoid/robot_ws/install/local_setup.bash'
[9.598s] INFO:colcon.colcon_core.shell:Creating prefix chain script '/home/rasp/humanoid/robot_ws/install/setup.bash'
[9.601s] INFO:colcon.colcon_core.shell:Creating prefix script '/home/rasp/humanoid/robot_ws/install/local_setup.zsh'
[9.604s] INFO:colcon.colcon_core.shell:Creating prefix chain script '/home/rasp/humanoid/robot_ws/install/setup.zsh'
