[0.016s] Invoking command in '/home/rasp/robot_ws/build/ros2_pca9685': CMAKE_PREFIX_PATH=${CMAKE_PREFIX_PATH}:/home/rasp/robot_ws/install/my_servo_controller:/opt/ros/jazzy DEBUGINFOD_URLS=https://debuginfod.ubuntu.com /usr/bin/cmake --build /home/rasp/robot_ws/build/ros2_pca9685 -- -j4 -l4
[0.108s] [  2%] Built target ros2_pca9685__rosidl_generator_type_description
[0.127s] [  2%] Built target ament_cmake_python_copy_ros2_pca9685
[0.147s] [ 10%] Built target ros2_pca9685__cpp
[0.148s] [ 18%] Built target ros2_pca9685__rosidl_generator_c
[0.201s] [ 26%] Built target ros2_pca9685__rosidl_typesupport_cpp
[0.204s] [ 34%] Built target ros2_pca9685__rosidl_typesupport_fastrtps_c
[0.213s] [ 42%] Built target ros2_pca9685__rosidl_typesupport_fastrtps_cpp
[0.254s] [ 57%] Built target ros2_pca9685__rosidl_typesupport_introspection_c
[0.254s] [ 57%] Built target ros2_pca9685__rosidl_typesupport_c
[0.268s] [ 65%] Built target ros2_pca9685__rosidl_typesupport_introspection_cpp
[0.313s] [ 65%] Built target ros2_pca9685
[0.328s] [ 68%] [32mBuilding CXX object CMakeFiles/ros2_pca9685_node.dir/src/pca9685_node.cpp.o[0m
[0.358s] [ 71%] Built target ros2_pca9685__py
[0.403s] [ 76%] Built target ros2_pca9685__rosidl_generator_py
[0.449s] [ 81%] Built target ros2_pca9685_s__rosidl_typesupport_introspection_c
[0.460s] [ 86%] Built target ros2_pca9685_s__rosidl_typesupport_fastrtps_c
[0.510s] [ 92%] Built target ros2_pca9685_s__rosidl_typesupport_c
[0.567s] running egg_info
[0.600s] writing ros2_pca9685.egg-info/PKG-INFO
[0.600s] writing dependency_links to ros2_pca9685.egg-info/dependency_links.txt
[0.600s] writing top-level names to ros2_pca9685.egg-info/top_level.txt
[0.692s] reading manifest file 'ros2_pca9685.egg-info/SOURCES.txt'
[0.693s] writing manifest file 'ros2_pca9685.egg-info/SOURCES.txt'
[0.789s] [ 92%] Built target ament_cmake_python_build_ros2_pca9685_egg
[5.903s] [ 94%] [32m[1mLinking CXX executable ros2_pca9685_node[0m
[6.215s] [100%] Built target ros2_pca9685_node
[6.238s] Invoked command in '/home/rasp/robot_ws/build/ros2_pca9685' returned '0': CMAKE_PREFIX_PATH=${CMAKE_PREFIX_PATH}:/home/rasp/robot_ws/install/my_servo_controller:/opt/ros/jazzy DEBUGINFOD_URLS=https://debuginfod.ubuntu.com /usr/bin/cmake --build /home/rasp/robot_ws/build/ros2_pca9685 -- -j4 -l4
[6.256s] Invoking command in '/home/rasp/robot_ws/build/ros2_pca9685': CMAKE_PREFIX_PATH=${CMAKE_PREFIX_PATH}:/home/rasp/robot_ws/install/my_servo_controller:/opt/ros/jazzy DEBUGINFOD_URLS=https://debuginfod.ubuntu.com /usr/bin/cmake --install /home/rasp/robot_ws/build/ros2_pca9685
[6.271s] -- Install configuration: ""
[6.272s] -- Up-to-date: /home/rasp/robot_ws/install/ros2_pca9685/share/ament_index/resource_index/rosidl_interfaces/ros2_pca9685
[6.272s] -- Up-to-date: /home/rasp/robot_ws/install/ros2_pca9685/share/ros2_pca9685/srv/SetPwm.json
[6.272s] -- Up-to-date: /home/rasp/robot_ws/install/ros2_pca9685/include/ros2_pca9685/ros2_pca9685
[6.272s] -- Up-to-date: /home/rasp/robot_ws/install/ros2_pca9685/include/ros2_pca9685/ros2_pca9685/msg
[6.272s] -- Up-to-date: /home/rasp/robot_ws/install/ros2_pca9685/include/ros2_pca9685/ros2_pca9685/msg/rosidl_generator_c__visibility_control.h
[6.272s] -- Up-to-date: /home/rasp/robot_ws/install/ros2_pca9685/include/ros2_pca9685/ros2_pca9685/srv
[6.272s] -- Up-to-date: /home/rasp/robot_ws/install/ros2_pca9685/include/ros2_pca9685/ros2_pca9685/srv/set_pwm.h
[6.272s] -- Up-to-date: /home/rasp/robot_ws/install/ros2_pca9685/include/ros2_pca9685/ros2_pca9685/srv/detail
[6.272s] -- Up-to-date: /home/rasp/robot_ws/install/ros2_pca9685/include/ros2_pca9685/ros2_pca9685/srv/detail/set_pwm__description.c
[6.272s] -- Up-to-date: /home/rasp/robot_ws/install/ros2_pca9685/include/ros2_pca9685/ros2_pca9685/srv/detail/set_pwm__struct.h
[6.273s] -- Up-to-date: /home/rasp/robot_ws/install/ros2_pca9685/include/ros2_pca9685/ros2_pca9685/srv/detail/set_pwm__functions.c
[6.273s] -- Up-to-date: /home/rasp/robot_ws/install/ros2_pca9685/include/ros2_pca9685/ros2_pca9685/srv/detail/set_pwm__functions.h
[6.273s] -- Up-to-date: /home/rasp/robot_ws/install/ros2_pca9685/include/ros2_pca9685/ros2_pca9685/srv/detail/set_pwm__type_support.h
[6.273s] -- Up-to-date: /home/rasp/robot_ws/install/ros2_pca9685/include/ros2_pca9685/ros2_pca9685/srv/detail/set_pwm__type_support.c
[6.273s] -- Up-to-date: /home/rasp/robot_ws/install/ros2_pca9685/share/ros2_pca9685/environment/library_path.sh
[6.273s] -- Up-to-date: /home/rasp/robot_ws/install/ros2_pca9685/share/ros2_pca9685/environment/library_path.dsv
[6.273s] -- Up-to-date: /home/rasp/robot_ws/install/ros2_pca9685/lib/libros2_pca9685__rosidl_generator_c.so
[6.274s] -- Up-to-date: /home/rasp/robot_ws/install/ros2_pca9685/include/ros2_pca9685/ros2_pca9685
[6.274s] -- Up-to-date: /home/rasp/robot_ws/install/ros2_pca9685/include/ros2_pca9685/ros2_pca9685/msg
[6.274s] -- Up-to-date: /home/rasp/robot_ws/install/ros2_pca9685/include/ros2_pca9685/ros2_pca9685/msg/rosidl_typesupport_fastrtps_c__visibility_control.h
[6.274s] -- Up-to-date: /home/rasp/robot_ws/install/ros2_pca9685/include/ros2_pca9685/ros2_pca9685/srv
[6.274s] -- Up-to-date: /home/rasp/robot_ws/install/ros2_pca9685/include/ros2_pca9685/ros2_pca9685/srv/detail
[6.274s] -- Up-to-date: /home/rasp/robot_ws/install/ros2_pca9685/include/ros2_pca9685/ros2_pca9685/srv/detail/set_pwm__rosidl_typesupport_fastrtps_c.h
[6.274s] -- Up-to-date: /home/rasp/robot_ws/install/ros2_pca9685/lib/libros2_pca9685__rosidl_typesupport_fastrtps_c.so
[6.274s] -- Up-to-date: /home/rasp/robot_ws/install/ros2_pca9685/include/ros2_pca9685/ros2_pca9685
[6.274s] -- Up-to-date: /home/rasp/robot_ws/install/ros2_pca9685/include/ros2_pca9685/ros2_pca9685/msg
[6.275s] -- Up-to-date: /home/rasp/robot_ws/install/ros2_pca9685/include/ros2_pca9685/ros2_pca9685/msg/rosidl_generator_cpp__visibility_control.hpp
[6.275s] -- Up-to-date: /home/rasp/robot_ws/install/ros2_pca9685/include/ros2_pca9685/ros2_pca9685/srv
[6.275s] -- Up-to-date: /home/rasp/robot_ws/install/ros2_pca9685/include/ros2_pca9685/ros2_pca9685/srv/set_pwm.hpp
[6.275s] -- Up-to-date: /home/rasp/robot_ws/install/ros2_pca9685/include/ros2_pca9685/ros2_pca9685/srv/detail
[6.275s] -- Up-to-date: /home/rasp/robot_ws/install/ros2_pca9685/include/ros2_pca9685/ros2_pca9685/srv/detail/set_pwm__traits.hpp
[6.275s] -- Up-to-date: /home/rasp/robot_ws/install/ros2_pca9685/include/ros2_pca9685/ros2_pca9685/srv/detail/set_pwm__struct.hpp
[6.275s] -- Up-to-date: /home/rasp/robot_ws/install/ros2_pca9685/include/ros2_pca9685/ros2_pca9685/srv/detail/set_pwm__builder.hpp
[6.275s] -- Up-to-date: /home/rasp/robot_ws/install/ros2_pca9685/include/ros2_pca9685/ros2_pca9685/srv/detail/set_pwm__type_support.hpp
[6.275s] -- Up-to-date: /home/rasp/robot_ws/install/ros2_pca9685/include/ros2_pca9685/ros2_pca9685
[6.275s] -- Up-to-date: /home/rasp/robot_ws/install/ros2_pca9685/include/ros2_pca9685/ros2_pca9685/msg
[6.275s] -- Up-to-date: /home/rasp/robot_ws/install/ros2_pca9685/include/ros2_pca9685/ros2_pca9685/msg/rosidl_typesupport_fastrtps_cpp__visibility_control.h
[6.276s] -- Up-to-date: /home/rasp/robot_ws/install/ros2_pca9685/include/ros2_pca9685/ros2_pca9685/srv
[6.276s] -- Up-to-date: /home/rasp/robot_ws/install/ros2_pca9685/include/ros2_pca9685/ros2_pca9685/srv/detail
[6.276s] -- Up-to-date: /home/rasp/robot_ws/install/ros2_pca9685/include/ros2_pca9685/ros2_pca9685/srv/detail/set_pwm__rosidl_typesupport_fastrtps_cpp.hpp
[6.276s] -- Up-to-date: /home/rasp/robot_ws/install/ros2_pca9685/include/ros2_pca9685/ros2_pca9685/srv/detail/dds_fastrtps
[6.276s] -- Up-to-date: /home/rasp/robot_ws/install/ros2_pca9685/lib/libros2_pca9685__rosidl_typesupport_fastrtps_cpp.so
[6.276s] -- Up-to-date: /home/rasp/robot_ws/install/ros2_pca9685/include/ros2_pca9685/ros2_pca9685
[6.276s] -- Up-to-date: /home/rasp/robot_ws/install/ros2_pca9685/include/ros2_pca9685/ros2_pca9685/msg
[6.276s] -- Up-to-date: /home/rasp/robot_ws/install/ros2_pca9685/include/ros2_pca9685/ros2_pca9685/msg/rosidl_typesupport_introspection_c__visibility_control.h
[6.276s] -- Up-to-date: /home/rasp/robot_ws/install/ros2_pca9685/include/ros2_pca9685/ros2_pca9685/srv
[6.276s] -- Up-to-date: /home/rasp/robot_ws/install/ros2_pca9685/include/ros2_pca9685/ros2_pca9685/srv/detail
[6.276s] -- Up-to-date: /home/rasp/robot_ws/install/ros2_pca9685/include/ros2_pca9685/ros2_pca9685/srv/detail/set_pwm__rosidl_typesupport_introspection_c.h
[6.277s] -- Up-to-date: /home/rasp/robot_ws/install/ros2_pca9685/include/ros2_pca9685/ros2_pca9685/srv/detail/set_pwm__type_support.c
[6.277s] -- Up-to-date: /home/rasp/robot_ws/install/ros2_pca9685/lib/libros2_pca9685__rosidl_typesupport_introspection_c.so
[6.277s] -- Up-to-date: /home/rasp/robot_ws/install/ros2_pca9685/lib/libros2_pca9685__rosidl_typesupport_c.so
[6.277s] -- Up-to-date: /home/rasp/robot_ws/install/ros2_pca9685/include/ros2_pca9685/ros2_pca9685
[6.277s] -- Up-to-date: /home/rasp/robot_ws/install/ros2_pca9685/include/ros2_pca9685/ros2_pca9685/srv
[6.277s] -- Up-to-date: /home/rasp/robot_ws/install/ros2_pca9685/include/ros2_pca9685/ros2_pca9685/srv/detail
[6.277s] -- Up-to-date: /home/rasp/robot_ws/install/ros2_pca9685/include/ros2_pca9685/ros2_pca9685/srv/detail/set_pwm__rosidl_typesupport_introspection_cpp.hpp
[6.277s] -- Up-to-date: /home/rasp/robot_ws/install/ros2_pca9685/include/ros2_pca9685/ros2_pca9685/srv/detail/set_pwm__type_support.cpp
[6.278s] -- Up-to-date: /home/rasp/robot_ws/install/ros2_pca9685/lib/libros2_pca9685__rosidl_typesupport_introspection_cpp.so
[6.278s] -- Up-to-date: /home/rasp/robot_ws/install/ros2_pca9685/lib/libros2_pca9685__rosidl_typesupport_cpp.so
[6.278s] -- Up-to-date: /home/rasp/robot_ws/install/ros2_pca9685/share/ros2_pca9685/environment/pythonpath.sh
[6.278s] -- Up-to-date: /home/rasp/robot_ws/install/ros2_pca9685/share/ros2_pca9685/environment/pythonpath.dsv
[6.278s] -- Up-to-date: /home/rasp/robot_ws/install/ros2_pca9685/lib/python3.12/site-packages/ros2_pca9685-1.0.0-py3.12.egg-info
[6.278s] -- Installing: /home/rasp/robot_ws/install/ros2_pca9685/lib/python3.12/site-packages/ros2_pca9685-1.0.0-py3.12.egg-info/top_level.txt
[6.278s] -- Installing: /home/rasp/robot_ws/install/ros2_pca9685/lib/python3.12/site-packages/ros2_pca9685-1.0.0-py3.12.egg-info/PKG-INFO
[6.278s] -- Installing: /home/rasp/robot_ws/install/ros2_pca9685/lib/python3.12/site-packages/ros2_pca9685-1.0.0-py3.12.egg-info/SOURCES.txt
[6.278s] -- Installing: /home/rasp/robot_ws/install/ros2_pca9685/lib/python3.12/site-packages/ros2_pca9685-1.0.0-py3.12.egg-info/dependency_links.txt
[6.278s] -- Up-to-date: /home/rasp/robot_ws/install/ros2_pca9685/lib/python3.12/site-packages/ros2_pca9685
[6.278s] -- Up-to-date: /home/rasp/robot_ws/install/ros2_pca9685/lib/python3.12/site-packages/ros2_pca9685/_ros2_pca9685_s.ep.rosidl_typesupport_fastrtps_c.c
[6.278s] -- Up-to-date: /home/rasp/robot_ws/install/ros2_pca9685/lib/python3.12/site-packages/ros2_pca9685/_ros2_pca9685_s.ep.rosidl_typesupport_introspection_c.c
[6.279s] -- Up-to-date: /home/rasp/robot_ws/install/ros2_pca9685/lib/python3.12/site-packages/ros2_pca9685/ros2_pca9685_s__rosidl_typesupport_fastrtps_c.so
[6.279s] -- Up-to-date: /home/rasp/robot_ws/install/ros2_pca9685/lib/python3.12/site-packages/ros2_pca9685/__init__.py
[6.279s] -- Up-to-date: /home/rasp/robot_ws/install/ros2_pca9685/lib/python3.12/site-packages/ros2_pca9685/ros2_pca9685_s__rosidl_typesupport_c.so
[6.279s] -- Up-to-date: /home/rasp/robot_ws/install/ros2_pca9685/lib/python3.12/site-packages/ros2_pca9685/srv
[6.279s] -- Up-to-date: /home/rasp/robot_ws/install/ros2_pca9685/lib/python3.12/site-packages/ros2_pca9685/srv/__init__.py
[6.279s] -- Up-to-date: /home/rasp/robot_ws/install/ros2_pca9685/lib/python3.12/site-packages/ros2_pca9685/srv/_set_pwm_s.c
[6.279s] -- Up-to-date: /home/rasp/robot_ws/install/ros2_pca9685/lib/python3.12/site-packages/ros2_pca9685/srv/_set_pwm.py
[6.279s] -- Up-to-date: /home/rasp/robot_ws/install/ros2_pca9685/lib/python3.12/site-packages/ros2_pca9685/_ros2_pca9685_s.ep.rosidl_typesupport_c.c
[6.279s] -- Up-to-date: /home/rasp/robot_ws/install/ros2_pca9685/lib/python3.12/site-packages/ros2_pca9685/ros2_pca9685_s__rosidl_typesupport_introspection_c.so
[6.329s] Listing '/home/rasp/robot_ws/install/ros2_pca9685/lib/python3.12/site-packages/ros2_pca9685'...
[6.329s] Listing '/home/rasp/robot_ws/install/ros2_pca9685/lib/python3.12/site-packages/ros2_pca9685/srv'...
[6.342s] -- Up-to-date: /home/rasp/robot_ws/install/ros2_pca9685/lib/python3.12/site-packages/ros2_pca9685/ros2_pca9685_s__rosidl_typesupport_fastrtps_c.so
[6.342s] -- Up-to-date: /home/rasp/robot_ws/install/ros2_pca9685/lib/python3.12/site-packages/ros2_pca9685/ros2_pca9685_s__rosidl_typesupport_introspection_c.so
[6.342s] -- Up-to-date: /home/rasp/robot_ws/install/ros2_pca9685/lib/python3.12/site-packages/ros2_pca9685/ros2_pca9685_s__rosidl_typesupport_c.so
[6.343s] -- Up-to-date: /home/rasp/robot_ws/install/ros2_pca9685/lib/libros2_pca9685__rosidl_generator_py.so
[6.343s] -- Up-to-date: /home/rasp/robot_ws/install/ros2_pca9685/share/ros2_pca9685/srv/SetPwm.idl
[6.343s] -- Up-to-date: /home/rasp/robot_ws/install/ros2_pca9685/share/ros2_pca9685/srv/SetPwm.srv
[6.343s] -- Up-to-date: /home/rasp/robot_ws/install/ros2_pca9685/include/include
[6.343s] -- Up-to-date: /home/rasp/robot_ws/install/ros2_pca9685/include/include/ros2_pca9685
[6.343s] -- Up-to-date: /home/rasp/robot_ws/install/ros2_pca9685/include/include/ros2_pca9685/pca9685_hal.h
[6.344s] -- Up-to-date: /home/rasp/robot_ws/install/ros2_pca9685/include/include/ros2_pca9685/pca9685_node.h
[6.344s] -- Up-to-date: /home/rasp/robot_ws/install/ros2_pca9685/include/include/ros2_pca9685/pca9685.h
[6.344s] -- Installing: /home/rasp/robot_ws/install/ros2_pca9685/lib/ros2_pca9685/ros2_pca9685_node
[6.346s] -- Set non-toolchain portion of runtime path of "/home/rasp/robot_ws/install/ros2_pca9685/lib/ros2_pca9685/ros2_pca9685_node" to ""
[6.346s] -- Up-to-date: /home/rasp/robot_ws/install/ros2_pca9685/share/ros2_pca9685/config
[6.346s] -- Up-to-date: /home/rasp/robot_ws/install/ros2_pca9685/share/ros2_pca9685/config/params.yaml
[6.347s] -- Up-to-date: /home/rasp/robot_ws/install/ros2_pca9685/share/ros2_pca9685/launch
[6.347s] -- Up-to-date: /home/rasp/robot_ws/install/ros2_pca9685/share/ros2_pca9685/launch/ros2_pca9685.launch.py
[6.347s] -- Up-to-date: /home/rasp/robot_ws/install/ros2_pca9685/share/ament_index/resource_index/package_run_dependencies/ros2_pca9685
[6.347s] -- Up-to-date: /home/rasp/robot_ws/install/ros2_pca9685/share/ament_index/resource_index/parent_prefix_path/ros2_pca9685
[6.347s] -- Up-to-date: /home/rasp/robot_ws/install/ros2_pca9685/share/ros2_pca9685/environment/ament_prefix_path.sh
[6.347s] -- Up-to-date: /home/rasp/robot_ws/install/ros2_pca9685/share/ros2_pca9685/environment/ament_prefix_path.dsv
[6.347s] -- Up-to-date: /home/rasp/robot_ws/install/ros2_pca9685/share/ros2_pca9685/environment/path.sh
[6.347s] -- Up-to-date: /home/rasp/robot_ws/install/ros2_pca9685/share/ros2_pca9685/environment/path.dsv
[6.348s] -- Up-to-date: /home/rasp/robot_ws/install/ros2_pca9685/share/ros2_pca9685/local_setup.bash
[6.348s] -- Up-to-date: /home/rasp/robot_ws/install/ros2_pca9685/share/ros2_pca9685/local_setup.sh
[6.348s] -- Up-to-date: /home/rasp/robot_ws/install/ros2_pca9685/share/ros2_pca9685/local_setup.zsh
[6.348s] -- Up-to-date: /home/rasp/robot_ws/install/ros2_pca9685/share/ros2_pca9685/local_setup.dsv
[6.348s] -- Installing: /home/rasp/robot_ws/install/ros2_pca9685/share/ros2_pca9685/package.dsv
[6.348s] -- Up-to-date: /home/rasp/robot_ws/install/ros2_pca9685/share/ament_index/resource_index/packages/ros2_pca9685
[6.348s] -- Up-to-date: /home/rasp/robot_ws/install/ros2_pca9685/share/ros2_pca9685/cmake/export_ros2_pca9685__rosidl_generator_cExport.cmake
[6.348s] -- Up-to-date: /home/rasp/robot_ws/install/ros2_pca9685/share/ros2_pca9685/cmake/export_ros2_pca9685__rosidl_generator_cExport-noconfig.cmake
[6.348s] -- Up-to-date: /home/rasp/robot_ws/install/ros2_pca9685/share/ros2_pca9685/cmake/export_ros2_pca9685__rosidl_typesupport_fastrtps_cExport.cmake
[6.349s] -- Up-to-date: /home/rasp/robot_ws/install/ros2_pca9685/share/ros2_pca9685/cmake/export_ros2_pca9685__rosidl_typesupport_fastrtps_cExport-noconfig.cmake
[6.349s] -- Up-to-date: /home/rasp/robot_ws/install/ros2_pca9685/share/ros2_pca9685/cmake/export_ros2_pca9685__rosidl_generator_cppExport.cmake
[6.349s] -- Up-to-date: /home/rasp/robot_ws/install/ros2_pca9685/share/ros2_pca9685/cmake/export_ros2_pca9685__rosidl_typesupport_fastrtps_cppExport.cmake
[6.349s] -- Up-to-date: /home/rasp/robot_ws/install/ros2_pca9685/share/ros2_pca9685/cmake/export_ros2_pca9685__rosidl_typesupport_fastrtps_cppExport-noconfig.cmake
[6.349s] -- Up-to-date: /home/rasp/robot_ws/install/ros2_pca9685/share/ros2_pca9685/cmake/ros2_pca9685__rosidl_typesupport_introspection_cExport.cmake
[6.349s] -- Up-to-date: /home/rasp/robot_ws/install/ros2_pca9685/share/ros2_pca9685/cmake/ros2_pca9685__rosidl_typesupport_introspection_cExport-noconfig.cmake
[6.349s] -- Up-to-date: /home/rasp/robot_ws/install/ros2_pca9685/share/ros2_pca9685/cmake/ros2_pca9685__rosidl_typesupport_cExport.cmake
[6.349s] -- Up-to-date: /home/rasp/robot_ws/install/ros2_pca9685/share/ros2_pca9685/cmake/ros2_pca9685__rosidl_typesupport_cExport-noconfig.cmake
[6.349s] -- Up-to-date: /home/rasp/robot_ws/install/ros2_pca9685/share/ros2_pca9685/cmake/ros2_pca9685__rosidl_typesupport_introspection_cppExport.cmake
[6.350s] -- Up-to-date: /home/rasp/robot_ws/install/ros2_pca9685/share/ros2_pca9685/cmake/ros2_pca9685__rosidl_typesupport_introspection_cppExport-noconfig.cmake
[6.350s] -- Up-to-date: /home/rasp/robot_ws/install/ros2_pca9685/share/ros2_pca9685/cmake/ros2_pca9685__rosidl_typesupport_cppExport.cmake
[6.350s] -- Up-to-date: /home/rasp/robot_ws/install/ros2_pca9685/share/ros2_pca9685/cmake/ros2_pca9685__rosidl_typesupport_cppExport-noconfig.cmake
[6.350s] -- Up-to-date: /home/rasp/robot_ws/install/ros2_pca9685/share/ros2_pca9685/cmake/export_ros2_pca9685__rosidl_generator_pyExport.cmake
[6.350s] -- Up-to-date: /home/rasp/robot_ws/install/ros2_pca9685/share/ros2_pca9685/cmake/export_ros2_pca9685__rosidl_generator_pyExport-noconfig.cmake
[6.350s] -- Up-to-date: /home/rasp/robot_ws/install/ros2_pca9685/share/ros2_pca9685/cmake/rosidl_cmake-extras.cmake
[6.350s] -- Up-to-date: /home/rasp/robot_ws/install/ros2_pca9685/share/ros2_pca9685/cmake/ament_cmake_export_dependencies-extras.cmake
[6.350s] -- Up-to-date: /home/rasp/robot_ws/install/ros2_pca9685/share/ros2_pca9685/cmake/ament_cmake_export_include_directories-extras.cmake
[6.350s] -- Up-to-date: /home/rasp/robot_ws/install/ros2_pca9685/share/ros2_pca9685/cmake/ament_cmake_export_libraries-extras.cmake
[6.350s] -- Up-to-date: /home/rasp/robot_ws/install/ros2_pca9685/share/ros2_pca9685/cmake/ament_cmake_export_targets-extras.cmake
[6.350s] -- Up-to-date: /home/rasp/robot_ws/install/ros2_pca9685/share/ros2_pca9685/cmake/rosidl_cmake_export_typesupport_targets-extras.cmake
[6.351s] -- Up-to-date: /home/rasp/robot_ws/install/ros2_pca9685/share/ros2_pca9685/cmake/rosidl_cmake_export_typesupport_libraries-extras.cmake
[6.351s] -- Up-to-date: /home/rasp/robot_ws/install/ros2_pca9685/share/ros2_pca9685/cmake/ros2_pca9685Config.cmake
[6.351s] -- Up-to-date: /home/rasp/robot_ws/install/ros2_pca9685/share/ros2_pca9685/cmake/ros2_pca9685Config-version.cmake
[6.351s] -- Up-to-date: /home/rasp/robot_ws/install/ros2_pca9685/share/ros2_pca9685/package.xml
[6.353s] Invoked command in '/home/rasp/robot_ws/build/ros2_pca9685' returned '0': CMAKE_PREFIX_PATH=${CMAKE_PREFIX_PATH}:/home/rasp/robot_ws/install/my_servo_controller:/opt/ros/jazzy DEBUGINFOD_URLS=https://debuginfod.ubuntu.com /usr/bin/cmake --install /home/rasp/robot_ws/build/ros2_pca9685
