[0.027s] Invoking command in '/home/rasp/robot_ws/build/my_package': CMAKE_PREFIX_PATH=${CMAKE_PREFIX_PATH}:/home/rasp/robot_ws/install/my_servo_controller:/opt/ros/jazzy DEBUGINFOD_URLS=https://debuginfod.ubuntu.com /usr/bin/cmake /home/rasp/robot_ws/src/my_package -DCMAKE_INSTALL_PREFIX=/home/rasp/robot_ws/install/my_package
[0.055s] -- Found ament_cmake: 2.5.5 (/opt/ros/jazzy/share/ament_cmake/cmake)
[0.537s] -- Override CMake install command with custom implementation using symlinks instead of copying resources
[0.554s] -- Found ament_lint_auto: 0.17.4 (/opt/ros/jazzy/share/ament_lint_auto/cmake)
[0.839s] -- Added test 'flake8' to check Python code syntax and style conventions
[0.839s] -- Configured 'flake8' exclude dirs and/or files: 
[0.840s] -- Added test 'lint_cmake' to check CMake code style
[0.842s] -- Added test 'pep257' to check Python code against some of the docstring style conventions in PEP 257
[0.844s] -- Added test 'xmllint' to check XML markup files
[0.848s] -- Configuring done (0.8s)
[0.865s] -- Generating done (0.0s)
[0.878s] -- Build files have been written to: /home/rasp/robot_ws/build/my_package
[0.886s] Invoked command in '/home/rasp/robot_ws/build/my_package' returned '0': CMAKE_PREFIX_PATH=${CMAKE_PREFIX_PATH}:/home/rasp/robot_ws/install/my_servo_controller:/opt/ros/jazzy DEBUGINFOD_URLS=https://debuginfod.ubuntu.com /usr/bin/cmake /home/rasp/robot_ws/src/my_package -DCMAKE_INSTALL_PREFIX=/home/rasp/robot_ws/install/my_package
[0.889s] Invoking command in '/home/rasp/robot_ws/build/my_package': CMAKE_PREFIX_PATH=${CMAKE_PREFIX_PATH}:/home/rasp/robot_ws/install/my_servo_controller:/opt/ros/jazzy DEBUGINFOD_URLS=https://debuginfod.ubuntu.com /usr/bin/cmake --build /home/rasp/robot_ws/build/my_package -- -j4 -l4
[0.977s] Invoked command in '/home/rasp/robot_ws/build/my_package' returned '0': CMAKE_PREFIX_PATH=${CMAKE_PREFIX_PATH}:/home/rasp/robot_ws/install/my_servo_controller:/opt/ros/jazzy DEBUGINFOD_URLS=https://debuginfod.ubuntu.com /usr/bin/cmake --build /home/rasp/robot_ws/build/my_package -- -j4 -l4
[1.004s] Invoking command in '/home/rasp/robot_ws/build/my_package': CMAKE_PREFIX_PATH=${CMAKE_PREFIX_PATH}:/home/rasp/robot_ws/install/my_servo_controller:/opt/ros/jazzy DEBUGINFOD_URLS=https://debuginfod.ubuntu.com /usr/bin/cmake --install /home/rasp/robot_ws/build/my_package
[1.028s] -- Install configuration: ""
[1.028s] -- Execute custom install script
[1.033s] -- Up-to-date symlink: /home/rasp/robot_ws/install/my_package/share/my_package/launch/listener.launch.py
[1.033s] -- Up-to-date symlink: /home/rasp/robot_ws/install/my_package/share/my_package/launch/talker.launch.py
[1.033s] -- Up-to-date symlink: /home/rasp/robot_ws/install/my_package/share/ament_index/resource_index/package_run_dependencies/my_package
[1.034s] -- Up-to-date symlink: /home/rasp/robot_ws/install/my_package/share/ament_index/resource_index/parent_prefix_path/my_package
[1.034s] -- Up-to-date symlink: /home/rasp/robot_ws/install/my_package/share/my_package/environment/ament_prefix_path.sh
[1.034s] -- Up-to-date symlink: /home/rasp/robot_ws/install/my_package/share/my_package/environment/ament_prefix_path.dsv
[1.034s] -- Up-to-date symlink: /home/rasp/robot_ws/install/my_package/share/my_package/environment/path.sh
[1.034s] -- Up-to-date symlink: /home/rasp/robot_ws/install/my_package/share/my_package/environment/path.dsv
[1.034s] -- Up-to-date symlink: /home/rasp/robot_ws/install/my_package/share/my_package/local_setup.bash
[1.035s] -- Up-to-date symlink: /home/rasp/robot_ws/install/my_package/share/my_package/local_setup.sh
[1.035s] -- Up-to-date symlink: /home/rasp/robot_ws/install/my_package/share/my_package/local_setup.zsh
[1.035s] -- Up-to-date symlink: /home/rasp/robot_ws/install/my_package/share/my_package/local_setup.dsv
[1.035s] -- Symlinking: /home/rasp/robot_ws/install/my_package/share/my_package/package.dsv
[1.055s] -- Up-to-date symlink: /home/rasp/robot_ws/install/my_package/share/ament_index/resource_index/packages/my_package
[1.055s] -- Up-to-date symlink: /home/rasp/robot_ws/install/my_package/share/my_package/cmake/my_packageConfig.cmake
[1.056s] -- Up-to-date symlink: /home/rasp/robot_ws/install/my_package/share/my_package/cmake/my_packageConfig-version.cmake
[1.056s] -- Up-to-date symlink: /home/rasp/robot_ws/install/my_package/share/my_package/package.xml
[1.062s] Invoked command in '/home/rasp/robot_ws/build/my_package' returned '0': CMAKE_PREFIX_PATH=${CMAKE_PREFIX_PATH}:/home/rasp/robot_ws/install/my_servo_controller:/opt/ros/jazzy DEBUGINFOD_URLS=https://debuginfod.ubuntu.com /usr/bin/cmake --install /home/rasp/robot_ws/build/my_package
