[2.162s] Invoking command in '/home/rasp/humanoid_ros2/robot_ws/src/my_servo_controller': DEBUGINFOD_URLS=https://debuginfod.ubuntu.com PYTHONPATH=/home/rasp/humanoid_ros2/robot_ws/build/my_servo_controller/prefix_override:/usr/lib/python3/dist-packages/colcon_core/task/python/colcon_distutils_commands:/home/rasp/humanoid_ros2/robot_ws/install/my_servo_controller/lib/python3.12/site-packages:/home/rasp/humanoid_ros2/robot_ws/install/servo_interfaces/lib/python3.12/site-packages:/home/rasp/humanoid_ros2/robot_ws/install/my_servo_controller/lib/python3.12/site-packages:/opt/ros/jazzy/lib/python3.12/site-packages VIRTUAL_ENV_PROMPT=(yolo_env) /usr/bin/python3 -W ignore:setup.py install is deprecated -W ignore:easy_install command is deprecated setup.py egg_info --egg-base ../../build/my_servo_controller build --build-base /home/rasp/humanoid_ros2/robot_ws/build/my_servo_controller/build install --record /home/rasp/humanoid_ros2/robot_ws/build/my_servo_controller/install.log --single-version-externally-managed install_data
[2.647s] running egg_info
[2.674s] writing ../../build/my_servo_controller/my_servo_controller.egg-info/PKG-INFO
[2.675s] writing dependency_links to ../../build/my_servo_controller/my_servo_controller.egg-info/dependency_links.txt
[2.677s] writing entry points to ../../build/my_servo_controller/my_servo_controller.egg-info/entry_points.txt
[2.678s] writing requirements to ../../build/my_servo_controller/my_servo_controller.egg-info/requires.txt
[2.679s] writing top-level names to ../../build/my_servo_controller/my_servo_controller.egg-info/top_level.txt
[2.738s] reading manifest file '../../build/my_servo_controller/my_servo_controller.egg-info/SOURCES.txt'
[2.739s] writing manifest file '../../build/my_servo_controller/my_servo_controller.egg-info/SOURCES.txt'
[2.739s] running build
[2.739s] running build_py
[2.740s] copying my_servo_controller/topic_controller.py -> /home/rasp/humanoid_ros2/robot_ws/build/my_servo_controller/build/lib/my_servo_controller
[2.740s] running install
[2.750s] running install_lib
[2.778s] copying /home/rasp/humanoid_ros2/robot_ws/build/my_servo_controller/build/lib/my_servo_controller/topic_controller.py -> /home/rasp/humanoid_ros2/robot_ws/install/my_servo_controller/lib/python3.12/site-packages/my_servo_controller
[2.779s] byte-compiling /home/rasp/humanoid_ros2/robot_ws/install/my_servo_controller/lib/python3.12/site-packages/my_servo_controller/topic_controller.py to topic_controller.cpython-312.pyc
[2.784s] running install_data
[2.784s] running install_egg_info
[2.814s] removing '/home/rasp/humanoid_ros2/robot_ws/install/my_servo_controller/lib/python3.12/site-packages/my_servo_controller-0.0.0-py3.12.egg-info' (and everything under it)
[2.815s] Copying ../../build/my_servo_controller/my_servo_controller.egg-info to /home/rasp/humanoid_ros2/robot_ws/install/my_servo_controller/lib/python3.12/site-packages/my_servo_controller-0.0.0-py3.12.egg-info
[2.816s] running install_scripts
[3.007s] Installing action_controller_node script to /home/rasp/humanoid_ros2/robot_ws/install/my_servo_controller/lib/my_servo_controller
[3.007s] Installing flask_controller_node script to /home/rasp/humanoid_ros2/robot_ws/install/my_servo_controller/lib/my_servo_controller
[3.008s] Installing gazibo_sim_node script to /home/rasp/humanoid_ros2/robot_ws/install/my_servo_controller/lib/my_servo_controller
[3.009s] Installing head_controller_node script to /home/rasp/humanoid_ros2/robot_ws/install/my_servo_controller/lib/my_servo_controller
[3.010s] Installing servo_controller_node script to /home/rasp/humanoid_ros2/robot_ws/install/my_servo_controller/lib/my_servo_controller
[3.012s] Installing servo_mover_node script to /home/rasp/humanoid_ros2/robot_ws/install/my_servo_controller/lib/my_servo_controller
[3.013s] Installing topic_controller_node script to /home/rasp/humanoid_ros2/robot_ws/install/my_servo_controller/lib/my_servo_controller
[3.014s] Installing yolov8_ros2_pt_node script to /home/rasp/humanoid_ros2/robot_ws/install/my_servo_controller/lib/my_servo_controller
[3.015s] Installing yolov8_ros2_video_node script to /home/rasp/humanoid_ros2/robot_ws/install/my_servo_controller/lib/my_servo_controller
[3.016s] Installing yolov8_subscriber_node script to /home/rasp/humanoid_ros2/robot_ws/install/my_servo_controller/lib/my_servo_controller
[3.017s] writing list of installed files to '/home/rasp/humanoid_ros2/robot_ws/build/my_servo_controller/install.log'
[3.098s] Invoked command in '/home/rasp/humanoid_ros2/robot_ws/src/my_servo_controller' returned '0': DEBUGINFOD_URLS=https://debuginfod.ubuntu.com PYTHONPATH=/home/rasp/humanoid_ros2/robot_ws/build/my_servo_controller/prefix_override:/usr/lib/python3/dist-packages/colcon_core/task/python/colcon_distutils_commands:/home/rasp/humanoid_ros2/robot_ws/install/my_servo_controller/lib/python3.12/site-packages:/home/rasp/humanoid_ros2/robot_ws/install/servo_interfaces/lib/python3.12/site-packages:/home/rasp/humanoid_ros2/robot_ws/install/my_servo_controller/lib/python3.12/site-packages:/opt/ros/jazzy/lib/python3.12/site-packages VIRTUAL_ENV_PROMPT=(yolo_env) /usr/bin/python3 -W ignore:setup.py install is deprecated -W ignore:easy_install command is deprecated setup.py egg_info --egg-base ../../build/my_servo_controller build --build-base /home/rasp/humanoid_ros2/robot_ws/build/my_servo_controller/build install --record /home/rasp/humanoid_ros2/robot_ws/build/my_servo_controller/install.log --single-version-externally-managed install_data
