[1.385s] Invoking command in '/home/rasp/humanoid/robot_ws/build/my_servo_controller': DEBUGINFOD_URLS=https://debuginfod.ubuntu.com PYTHONPATH=/home/rasp/humanoid/robot_ws/build/my_servo_controller/prefix_override:/usr/lib/python3/dist-packages/colcon_core/task/python/colcon_distutils_commands:/home/rasp/humanoid/robot_ws/install/my_servo_controller/lib/python3.12/site-packages:/home/rasp/humanoid/robot_ws/install/servo_interfaces/lib/python3.12/site-packages:/home/rasp/humanoid/robot_ws/build/my_servo_controller:/home/rasp/humanoid/robot_ws/install/my_servo_controller/lib/python3.12/site-packages:/opt/ros/jazzy/lib/python3.12/site-packages /usr/bin/python3 -W ignore:setup.py install is deprecated -W ignore:easy_install command is deprecated setup.py develop --uninstall --editable --build-directory /home/rasp/humanoid/robot_ws/build/my_servo_controller/build
[1.848s] running develop
[2.164s] Removing /home/rasp/humanoid/robot_ws/install/my_servo_controller/lib/python3.12/site-packages/my-servo-controller.egg-link (link to .)
[2.274s] Invoked command in '/home/rasp/humanoid/robot_ws/build/my_servo_controller' returned '0': DEBUGINFOD_URLS=https://debuginfod.ubuntu.com PYTHONPATH=/home/rasp/humanoid/robot_ws/build/my_servo_controller/prefix_override:/usr/lib/python3/dist-packages/colcon_core/task/python/colcon_distutils_commands:/home/rasp/humanoid/robot_ws/install/my_servo_controller/lib/python3.12/site-packages:/home/rasp/humanoid/robot_ws/install/servo_interfaces/lib/python3.12/site-packages:/home/rasp/humanoid/robot_ws/build/my_servo_controller:/home/rasp/humanoid/robot_ws/install/my_servo_controller/lib/python3.12/site-packages:/opt/ros/jazzy/lib/python3.12/site-packages /usr/bin/python3 -W ignore:setup.py install is deprecated -W ignore:easy_install command is deprecated setup.py develop --uninstall --editable --build-directory /home/rasp/humanoid/robot_ws/build/my_servo_controller/build
[2.276s] Invoking command in '/home/rasp/humanoid/robot_ws/src/my_servo_controller': DEBUGINFOD_URLS=https://debuginfod.ubuntu.com PYTHONPATH=/home/rasp/humanoid/robot_ws/build/my_servo_controller/prefix_override:/usr/lib/python3/dist-packages/colcon_core/task/python/colcon_distutils_commands:/home/rasp/humanoid/robot_ws/install/my_servo_controller/lib/python3.12/site-packages:/home/rasp/humanoid/robot_ws/install/servo_interfaces/lib/python3.12/site-packages:/home/rasp/humanoid/robot_ws/build/my_servo_controller:/home/rasp/humanoid/robot_ws/install/my_servo_controller/lib/python3.12/site-packages:/opt/ros/jazzy/lib/python3.12/site-packages /usr/bin/python3 -W ignore:setup.py install is deprecated -W ignore:easy_install command is deprecated setup.py egg_info --egg-base ../../build/my_servo_controller build --build-base /home/rasp/humanoid/robot_ws/build/my_servo_controller/build install --record /home/rasp/humanoid/robot_ws/build/my_servo_controller/install.log --single-version-externally-managed install_data --force
[2.681s] running egg_info
[2.717s] writing ../../build/my_servo_controller/my_servo_controller.egg-info/PKG-INFO
[2.730s] writing dependency_links to ../../build/my_servo_controller/my_servo_controller.egg-info/dependency_links.txt
[2.730s] writing entry points to ../../build/my_servo_controller/my_servo_controller.egg-info/entry_points.txt
[2.731s] writing requirements to ../../build/my_servo_controller/my_servo_controller.egg-info/requires.txt
[2.731s] writing top-level names to ../../build/my_servo_controller/my_servo_controller.egg-info/top_level.txt
[2.797s] reading manifest file '../../build/my_servo_controller/my_servo_controller.egg-info/SOURCES.txt'
[2.798s] writing manifest file '../../build/my_servo_controller/my_servo_controller.egg-info/SOURCES.txt'
[2.798s] running build
[2.798s] running build_py
[2.799s] copying my_servo_controller/action_controller.py -> /home/rasp/humanoid/robot_ws/build/my_servo_controller/build/lib/my_servo_controller
[2.799s] running install
[2.809s] running install_lib
[2.840s] creating /home/rasp/humanoid/robot_ws/install/my_servo_controller/lib/python3.12/site-packages/my_servo_controller
[2.840s] copying /home/rasp/humanoid/robot_ws/build/my_servo_controller/build/lib/my_servo_controller/gazibo_sim.py -> /home/rasp/humanoid/robot_ws/install/my_servo_controller/lib/python3.12/site-packages/my_servo_controller
[2.840s] copying /home/rasp/humanoid/robot_ws/build/my_servo_controller/build/lib/my_servo_controller/action_controller.py -> /home/rasp/humanoid/robot_ws/install/my_servo_controller/lib/python3.12/site-packages/my_servo_controller
[2.841s] copying /home/rasp/humanoid/robot_ws/build/my_servo_controller/build/lib/my_servo_controller/topic_controller.py -> /home/rasp/humanoid/robot_ws/install/my_servo_controller/lib/python3.12/site-packages/my_servo_controller
[2.841s] copying /home/rasp/humanoid/robot_ws/build/my_servo_controller/build/lib/my_servo_controller/__init__.py -> /home/rasp/humanoid/robot_ws/install/my_servo_controller/lib/python3.12/site-packages/my_servo_controller
[2.841s] copying /home/rasp/humanoid/robot_ws/build/my_servo_controller/build/lib/my_servo_controller/servo_controller.py -> /home/rasp/humanoid/robot_ws/install/my_servo_controller/lib/python3.12/site-packages/my_servo_controller
[2.841s] copying /home/rasp/humanoid/robot_ws/build/my_servo_controller/build/lib/my_servo_controller/servo_mover.py -> /home/rasp/humanoid/robot_ws/install/my_servo_controller/lib/python3.12/site-packages/my_servo_controller
[2.841s] copying /home/rasp/humanoid/robot_ws/build/my_servo_controller/build/lib/my_servo_controller/flask_controller.py -> /home/rasp/humanoid/robot_ws/install/my_servo_controller/lib/python3.12/site-packages/my_servo_controller
[2.842s] byte-compiling /home/rasp/humanoid/robot_ws/install/my_servo_controller/lib/python3.12/site-packages/my_servo_controller/gazibo_sim.py to gazibo_sim.cpython-312.pyc
[2.845s] byte-compiling /home/rasp/humanoid/robot_ws/install/my_servo_controller/lib/python3.12/site-packages/my_servo_controller/action_controller.py to action_controller.cpython-312.pyc
[2.848s] byte-compiling /home/rasp/humanoid/robot_ws/install/my_servo_controller/lib/python3.12/site-packages/my_servo_controller/topic_controller.py to topic_controller.cpython-312.pyc
[2.852s] byte-compiling /home/rasp/humanoid/robot_ws/install/my_servo_controller/lib/python3.12/site-packages/my_servo_controller/__init__.py to __init__.cpython-312.pyc
[2.852s] byte-compiling /home/rasp/humanoid/robot_ws/install/my_servo_controller/lib/python3.12/site-packages/my_servo_controller/servo_controller.py to servo_controller.cpython-312.pyc
[2.854s] byte-compiling /home/rasp/humanoid/robot_ws/install/my_servo_controller/lib/python3.12/site-packages/my_servo_controller/servo_mover.py to servo_mover.cpython-312.pyc
[2.854s] byte-compiling /home/rasp/humanoid/robot_ws/install/my_servo_controller/lib/python3.12/site-packages/my_servo_controller/flask_controller.py to flask_controller.cpython-312.pyc
[2.859s] running install_data
[2.859s] copying resource/my_servo_controller -> /home/rasp/humanoid/robot_ws/install/my_servo_controller/share/ament_index/resource_index/packages
[2.859s] copying package.xml -> /home/rasp/humanoid/robot_ws/install/my_servo_controller/share/my_servo_controller
[2.860s] copying launch/flask_controller_launch.py -> /home/rasp/humanoid/robot_ws/install/my_servo_controller/share/my_servo_controller/launch
[2.860s] copying launch/topic_controller_launch.py -> /home/rasp/humanoid/robot_ws/install/my_servo_controller/share/my_servo_controller/launch
[2.860s] copying launch/gazibo_sim_launch.py -> /home/rasp/humanoid/robot_ws/install/my_servo_controller/share/my_servo_controller/launch
[2.860s] copying launch/action_controller_launch.py -> /home/rasp/humanoid/robot_ws/install/my_servo_controller/share/my_servo_controller/launch
[2.860s] running install_egg_info
[2.893s] Copying ../../build/my_servo_controller/my_servo_controller.egg-info to /home/rasp/humanoid/robot_ws/install/my_servo_controller/lib/python3.12/site-packages/my_servo_controller-0.0.0-py3.12.egg-info
[2.894s] running install_scripts
[3.104s] Installing action_controller_node script to /home/rasp/humanoid/robot_ws/install/my_servo_controller/lib/my_servo_controller
[3.104s] Installing flask_controller_node script to /home/rasp/humanoid/robot_ws/install/my_servo_controller/lib/my_servo_controller
[3.106s] Installing gazibo_sim_node script to /home/rasp/humanoid/robot_ws/install/my_servo_controller/lib/my_servo_controller
[3.107s] Installing servo_controller_node script to /home/rasp/humanoid/robot_ws/install/my_servo_controller/lib/my_servo_controller
[3.108s] Installing servo_mover_node script to /home/rasp/humanoid/robot_ws/install/my_servo_controller/lib/my_servo_controller
[3.109s] Installing topic_controller_node script to /home/rasp/humanoid/robot_ws/install/my_servo_controller/lib/my_servo_controller
[3.110s] writing list of installed files to '/home/rasp/humanoid/robot_ws/build/my_servo_controller/install.log'
[3.205s] Invoked command in '/home/rasp/humanoid/robot_ws/src/my_servo_controller' returned '0': DEBUGINFOD_URLS=https://debuginfod.ubuntu.com PYTHONPATH=/home/rasp/humanoid/robot_ws/build/my_servo_controller/prefix_override:/usr/lib/python3/dist-packages/colcon_core/task/python/colcon_distutils_commands:/home/rasp/humanoid/robot_ws/install/my_servo_controller/lib/python3.12/site-packages:/home/rasp/humanoid/robot_ws/install/servo_interfaces/lib/python3.12/site-packages:/home/rasp/humanoid/robot_ws/build/my_servo_controller:/home/rasp/humanoid/robot_ws/install/my_servo_controller/lib/python3.12/site-packages:/opt/ros/jazzy/lib/python3.12/site-packages /usr/bin/python3 -W ignore:setup.py install is deprecated -W ignore:easy_install command is deprecated setup.py egg_info --egg-base ../../build/my_servo_controller build --build-base /home/rasp/humanoid/robot_ws/build/my_servo_controller/build install --record /home/rasp/humanoid/robot_ws/build/my_servo_controller/install.log --single-version-externally-managed install_data --force
