[1.337s] Invoking command in '/home/rasp/humanoid/robot_ws/src/my_servo_controller': DEBUGINFOD_URLS=https://debuginfod.ubuntu.com PYTHONPATH=/home/rasp/humanoid/robot_ws/build/my_servo_controller/prefix_override:/usr/lib/python3/dist-packages/colcon_core/task/python/colcon_distutils_commands:/home/rasp/humanoid/robot_ws/install/my_servo_controller/lib/python3.12/site-packages:/home/rasp/humanoid/robot_ws/install/servo_interfaces/lib/python3.12/site-packages:/home/rasp/humanoid/robot_ws/install/my_servo_controller/lib/python3.12/site-packages:/opt/ros/jazzy/lib/python3.12/site-packages /usr/bin/python3 -W ignore:setup.py install is deprecated -W ignore:easy_install command is deprecated setup.py egg_info --egg-base ../../build/my_servo_controller build --build-base /home/rasp/humanoid/robot_ws/build/my_servo_controller/build install --record /home/rasp/humanoid/robot_ws/build/my_servo_controller/install.log --single-version-externally-managed install_data
[1.729s] running egg_info
[1.759s] writing ../../build/my_servo_controller/my_servo_controller.egg-info/PKG-INFO
[1.759s] writing dependency_links to ../../build/my_servo_controller/my_servo_controller.egg-info/dependency_links.txt
[1.760s] writing entry points to ../../build/my_servo_controller/my_servo_controller.egg-info/entry_points.txt
[1.761s] writing requirements to ../../build/my_servo_controller/my_servo_controller.egg-info/requires.txt
[1.762s] writing top-level names to ../../build/my_servo_controller/my_servo_controller.egg-info/top_level.txt
[1.827s] reading manifest file '../../build/my_servo_controller/my_servo_controller.egg-info/SOURCES.txt'
[1.828s] writing manifest file '../../build/my_servo_controller/my_servo_controller.egg-info/SOURCES.txt'
[1.828s] running build
[1.828s] running build_py
[1.829s] running install
[1.838s] running install_lib
[1.870s] running install_data
[1.870s] running install_egg_info
[1.903s] removing '/home/rasp/humanoid/robot_ws/install/my_servo_controller/lib/python3.12/site-packages/my_servo_controller-0.0.0-py3.12.egg-info' (and everything under it)
[1.903s] Copying ../../build/my_servo_controller/my_servo_controller.egg-info to /home/rasp/humanoid/robot_ws/install/my_servo_controller/lib/python3.12/site-packages/my_servo_controller-0.0.0-py3.12.egg-info
[1.904s] running install_scripts
[2.106s] Installing action_controller_node script to /home/rasp/humanoid/robot_ws/install/my_servo_controller/lib/my_servo_controller
[2.106s] Installing gazibo_sim_node script to /home/rasp/humanoid/robot_ws/install/my_servo_controller/lib/my_servo_controller
[2.108s] Installing servo_controller_node script to /home/rasp/humanoid/robot_ws/install/my_servo_controller/lib/my_servo_controller
[2.109s] Installing servo_mover_node script to /home/rasp/humanoid/robot_ws/install/my_servo_controller/lib/my_servo_controller
[2.110s] writing list of installed files to '/home/rasp/humanoid/robot_ws/build/my_servo_controller/install.log'
[2.193s] Invoked command in '/home/rasp/humanoid/robot_ws/src/my_servo_controller' returned '0': DEBUGINFOD_URLS=https://debuginfod.ubuntu.com PYTHONPATH=/home/rasp/humanoid/robot_ws/build/my_servo_controller/prefix_override:/usr/lib/python3/dist-packages/colcon_core/task/python/colcon_distutils_commands:/home/rasp/humanoid/robot_ws/install/my_servo_controller/lib/python3.12/site-packages:/home/rasp/humanoid/robot_ws/install/servo_interfaces/lib/python3.12/site-packages:/home/rasp/humanoid/robot_ws/install/my_servo_controller/lib/python3.12/site-packages:/opt/ros/jazzy/lib/python3.12/site-packages /usr/bin/python3 -W ignore:setup.py install is deprecated -W ignore:easy_install command is deprecated setup.py egg_info --egg-base ../../build/my_servo_controller build --build-base /home/rasp/humanoid/robot_ws/build/my_servo_controller/build install --record /home/rasp/humanoid/robot_ws/build/my_servo_controller/install.log --single-version-externally-managed install_data
