[0.032s] Invoking command in '/home/rasp/robot_ws/build/servo_interfaces': CMAKE_PREFIX_PATH=${CMAKE_PREFIX_PATH}:/home/rasp/robot_ws/install/my_servo_controller:/opt/ros/jazzy DEBUGINFOD_URLS=https://debuginfod.ubuntu.com /usr/bin/cmake --build /home/rasp/robot_ws/build/servo_interfaces -- -j4 -l4
[0.156s] [  1%] Built target servo_interfaces__rosidl_generator_type_description
[0.213s] [  1%] Built target ament_cmake_python_copy_servo_interfaces
[0.238s] [  3%] Built target servo_interfaces__cpp
[0.255s] [ 24%] Built target servo_interfaces__rosidl_generator_c
[0.361s] [ 33%] Built target servo_interfaces__rosidl_typesupport_introspection_c
[0.367s] [ 42%] Built target servo_interfaces__rosidl_typesupport_c
[0.383s] [ 51%] Built target servo_interfaces__rosidl_typesupport_fastrtps_cpp
[0.482s] [ 61%] Built target servo_interfaces__rosidl_typesupport_cpp
[0.503s] [ 70%] Built target servo_interfaces__rosidl_typesupport_introspection_cpp
[0.517s] [ 79%] Built target servo_interfaces__rosidl_typesupport_fastrtps_c
[0.609s] [ 79%] Built target servo_interfaces
[0.690s] [ 81%] Built target servo_interfaces__py
[0.746s] [ 88%] Built target servo_interfaces__rosidl_generator_py
[0.831s] [ 92%] Built target servo_interfaces_s__rosidl_typesupport_introspection_c
[0.853s] [ 96%] Built target servo_interfaces_s__rosidl_typesupport_c
[0.855s] [100%] Built target servo_interfaces_s__rosidl_typesupport_fastrtps_c
[0.933s] running egg_info
[0.965s] writing servo_interfaces.egg-info/PKG-INFO
[0.966s] writing dependency_links to servo_interfaces.egg-info/dependency_links.txt
[0.968s] writing top-level names to servo_interfaces.egg-info/top_level.txt
[1.061s] reading manifest file 'servo_interfaces.egg-info/SOURCES.txt'
[1.062s] writing manifest file 'servo_interfaces.egg-info/SOURCES.txt'
[1.154s] [100%] Built target ament_cmake_python_build_servo_interfaces_egg
[1.177s] Invoked command in '/home/rasp/robot_ws/build/servo_interfaces' returned '0': CMAKE_PREFIX_PATH=${CMAKE_PREFIX_PATH}:/home/rasp/robot_ws/install/my_servo_controller:/opt/ros/jazzy DEBUGINFOD_URLS=https://debuginfod.ubuntu.com /usr/bin/cmake --build /home/rasp/robot_ws/build/servo_interfaces -- -j4 -l4
[1.180s] Invoking command in '/home/rasp/robot_ws/build/servo_interfaces': CMAKE_PREFIX_PATH=${CMAKE_PREFIX_PATH}:/home/rasp/robot_ws/install/my_servo_controller:/opt/ros/jazzy DEBUGINFOD_URLS=https://debuginfod.ubuntu.com /usr/bin/cmake --install /home/rasp/robot_ws/build/servo_interfaces
[1.199s] -- Install configuration: ""
[1.200s] -- Up-to-date: /home/rasp/robot_ws/install/servo_interfaces/share/ament_index/resource_index/rosidl_interfaces/servo_interfaces
[1.200s] -- Up-to-date: /home/rasp/robot_ws/install/servo_interfaces/share/servo_interfaces/msg/SetPwm.json
[1.200s] -- Up-to-date: /home/rasp/robot_ws/install/servo_interfaces/share/servo_interfaces/srv/MotorAngle.json
[1.200s] -- Up-to-date: /home/rasp/robot_ws/install/servo_interfaces/share/servo_interfaces/action/MotorAngle.json
[1.200s] -- Up-to-date: /home/rasp/robot_ws/install/servo_interfaces/include/servo_interfaces/servo_interfaces
[1.200s] -- Up-to-date: /home/rasp/robot_ws/install/servo_interfaces/include/servo_interfaces/servo_interfaces/msg
[1.200s] -- Up-to-date: /home/rasp/robot_ws/install/servo_interfaces/include/servo_interfaces/servo_interfaces/msg/set_pwm.h
[1.200s] -- Up-to-date: /home/rasp/robot_ws/install/servo_interfaces/include/servo_interfaces/servo_interfaces/msg/rosidl_generator_c__visibility_control.h
[1.200s] -- Up-to-date: /home/rasp/robot_ws/install/servo_interfaces/include/servo_interfaces/servo_interfaces/msg/detail
[1.201s] -- Up-to-date: /home/rasp/robot_ws/install/servo_interfaces/include/servo_interfaces/servo_interfaces/msg/detail/set_pwm__description.c
[1.201s] -- Up-to-date: /home/rasp/robot_ws/install/servo_interfaces/include/servo_interfaces/servo_interfaces/msg/detail/set_pwm__struct.h
[1.201s] -- Up-to-date: /home/rasp/robot_ws/install/servo_interfaces/include/servo_interfaces/servo_interfaces/msg/detail/set_pwm__functions.c
[1.201s] -- Up-to-date: /home/rasp/robot_ws/install/servo_interfaces/include/servo_interfaces/servo_interfaces/msg/detail/set_pwm__functions.h
[1.201s] -- Up-to-date: /home/rasp/robot_ws/install/servo_interfaces/include/servo_interfaces/servo_interfaces/msg/detail/set_pwm__type_support.h
[1.201s] -- Up-to-date: /home/rasp/robot_ws/install/servo_interfaces/include/servo_interfaces/servo_interfaces/msg/detail/set_pwm__type_support.c
[1.201s] -- Up-to-date: /home/rasp/robot_ws/install/servo_interfaces/include/servo_interfaces/servo_interfaces/srv
[1.201s] -- Up-to-date: /home/rasp/robot_ws/install/servo_interfaces/include/servo_interfaces/servo_interfaces/srv/motor_angle.h
[1.201s] -- Up-to-date: /home/rasp/robot_ws/install/servo_interfaces/include/servo_interfaces/servo_interfaces/srv/detail
[1.201s] -- Up-to-date: /home/rasp/robot_ws/install/servo_interfaces/include/servo_interfaces/servo_interfaces/srv/detail/motor_angle__type_support.h
[1.201s] -- Up-to-date: /home/rasp/robot_ws/install/servo_interfaces/include/servo_interfaces/servo_interfaces/srv/detail/motor_angle__description.c
[1.201s] -- Up-to-date: /home/rasp/robot_ws/install/servo_interfaces/include/servo_interfaces/servo_interfaces/srv/detail/motor_angle__type_support.c
[1.202s] -- Up-to-date: /home/rasp/robot_ws/install/servo_interfaces/include/servo_interfaces/servo_interfaces/srv/detail/motor_angle__functions.h
[1.202s] -- Up-to-date: /home/rasp/robot_ws/install/servo_interfaces/include/servo_interfaces/servo_interfaces/srv/detail/motor_angle__struct.h
[1.202s] -- Up-to-date: /home/rasp/robot_ws/install/servo_interfaces/include/servo_interfaces/servo_interfaces/srv/detail/motor_angle__functions.c
[1.202s] -- Up-to-date: /home/rasp/robot_ws/install/servo_interfaces/include/servo_interfaces/servo_interfaces/action
[1.202s] -- Up-to-date: /home/rasp/robot_ws/install/servo_interfaces/include/servo_interfaces/servo_interfaces/action/motor_angle.h
[1.202s] -- Up-to-date: /home/rasp/robot_ws/install/servo_interfaces/include/servo_interfaces/servo_interfaces/action/detail
[1.202s] -- Up-to-date: /home/rasp/robot_ws/install/servo_interfaces/include/servo_interfaces/servo_interfaces/action/detail/motor_angle__type_support.h
[1.202s] -- Up-to-date: /home/rasp/robot_ws/install/servo_interfaces/include/servo_interfaces/servo_interfaces/action/detail/motor_angle__description.c
[1.202s] -- Up-to-date: /home/rasp/robot_ws/install/servo_interfaces/include/servo_interfaces/servo_interfaces/action/detail/motor_angle__type_support.c
[1.202s] -- Up-to-date: /home/rasp/robot_ws/install/servo_interfaces/include/servo_interfaces/servo_interfaces/action/detail/motor_angle__functions.h
[1.202s] -- Up-to-date: /home/rasp/robot_ws/install/servo_interfaces/include/servo_interfaces/servo_interfaces/action/detail/motor_angle__struct.h
[1.203s] -- Up-to-date: /home/rasp/robot_ws/install/servo_interfaces/include/servo_interfaces/servo_interfaces/action/detail/motor_angle__functions.c
[1.203s] -- Up-to-date: /home/rasp/robot_ws/install/servo_interfaces/share/servo_interfaces/environment/library_path.sh
[1.203s] -- Up-to-date: /home/rasp/robot_ws/install/servo_interfaces/share/servo_interfaces/environment/library_path.dsv
[1.203s] -- Up-to-date: /home/rasp/robot_ws/install/servo_interfaces/lib/libservo_interfaces__rosidl_generator_c.so
[1.203s] -- Up-to-date: /home/rasp/robot_ws/install/servo_interfaces/include/servo_interfaces/servo_interfaces
[1.203s] -- Up-to-date: /home/rasp/robot_ws/install/servo_interfaces/include/servo_interfaces/servo_interfaces/msg
[1.203s] -- Up-to-date: /home/rasp/robot_ws/install/servo_interfaces/include/servo_interfaces/servo_interfaces/msg/rosidl_typesupport_fastrtps_c__visibility_control.h
[1.203s] -- Up-to-date: /home/rasp/robot_ws/install/servo_interfaces/include/servo_interfaces/servo_interfaces/msg/detail
[1.203s] -- Up-to-date: /home/rasp/robot_ws/install/servo_interfaces/include/servo_interfaces/servo_interfaces/msg/detail/set_pwm__rosidl_typesupport_fastrtps_c.h
[1.203s] -- Up-to-date: /home/rasp/robot_ws/install/servo_interfaces/include/servo_interfaces/servo_interfaces/srv
[1.204s] -- Up-to-date: /home/rasp/robot_ws/install/servo_interfaces/include/servo_interfaces/servo_interfaces/srv/detail
[1.204s] -- Up-to-date: /home/rasp/robot_ws/install/servo_interfaces/include/servo_interfaces/servo_interfaces/srv/detail/motor_angle__rosidl_typesupport_fastrtps_c.h
[1.204s] -- Up-to-date: /home/rasp/robot_ws/install/servo_interfaces/include/servo_interfaces/servo_interfaces/action
[1.204s] -- Up-to-date: /home/rasp/robot_ws/install/servo_interfaces/include/servo_interfaces/servo_interfaces/action/detail
[1.204s] -- Up-to-date: /home/rasp/robot_ws/install/servo_interfaces/include/servo_interfaces/servo_interfaces/action/detail/motor_angle__rosidl_typesupport_fastrtps_c.h
[1.204s] -- Up-to-date: /home/rasp/robot_ws/install/servo_interfaces/lib/libservo_interfaces__rosidl_typesupport_fastrtps_c.so
[1.204s] -- Up-to-date: /home/rasp/robot_ws/install/servo_interfaces/include/servo_interfaces/servo_interfaces
[1.204s] -- Up-to-date: /home/rasp/robot_ws/install/servo_interfaces/include/servo_interfaces/servo_interfaces/msg
[1.204s] -- Up-to-date: /home/rasp/robot_ws/install/servo_interfaces/include/servo_interfaces/servo_interfaces/msg/rosidl_typesupport_introspection_c__visibility_control.h
[1.204s] -- Up-to-date: /home/rasp/robot_ws/install/servo_interfaces/include/servo_interfaces/servo_interfaces/msg/detail
[1.204s] -- Up-to-date: /home/rasp/robot_ws/install/servo_interfaces/include/servo_interfaces/servo_interfaces/msg/detail/set_pwm__rosidl_typesupport_introspection_c.h
[1.205s] -- Up-to-date: /home/rasp/robot_ws/install/servo_interfaces/include/servo_interfaces/servo_interfaces/msg/detail/set_pwm__type_support.c
[1.205s] -- Up-to-date: /home/rasp/robot_ws/install/servo_interfaces/include/servo_interfaces/servo_interfaces/srv
[1.205s] -- Up-to-date: /home/rasp/robot_ws/install/servo_interfaces/include/servo_interfaces/servo_interfaces/srv/detail
[1.205s] -- Up-to-date: /home/rasp/robot_ws/install/servo_interfaces/include/servo_interfaces/servo_interfaces/srv/detail/motor_angle__type_support.c
[1.205s] -- Up-to-date: /home/rasp/robot_ws/install/servo_interfaces/include/servo_interfaces/servo_interfaces/srv/detail/motor_angle__rosidl_typesupport_introspection_c.h
[1.205s] -- Up-to-date: /home/rasp/robot_ws/install/servo_interfaces/include/servo_interfaces/servo_interfaces/action
[1.205s] -- Up-to-date: /home/rasp/robot_ws/install/servo_interfaces/include/servo_interfaces/servo_interfaces/action/detail
[1.205s] -- Up-to-date: /home/rasp/robot_ws/install/servo_interfaces/include/servo_interfaces/servo_interfaces/action/detail/motor_angle__type_support.c
[1.205s] -- Up-to-date: /home/rasp/robot_ws/install/servo_interfaces/include/servo_interfaces/servo_interfaces/action/detail/motor_angle__rosidl_typesupport_introspection_c.h
[1.206s] -- Up-to-date: /home/rasp/robot_ws/install/servo_interfaces/lib/libservo_interfaces__rosidl_typesupport_introspection_c.so
[1.206s] -- Up-to-date: /home/rasp/robot_ws/install/servo_interfaces/lib/libservo_interfaces__rosidl_typesupport_c.so
[1.206s] -- Up-to-date: /home/rasp/robot_ws/install/servo_interfaces/include/servo_interfaces/servo_interfaces
[1.206s] -- Up-to-date: /home/rasp/robot_ws/install/servo_interfaces/include/servo_interfaces/servo_interfaces/msg
[1.206s] -- Up-to-date: /home/rasp/robot_ws/install/servo_interfaces/include/servo_interfaces/servo_interfaces/msg/rosidl_generator_cpp__visibility_control.hpp
[1.206s] -- Up-to-date: /home/rasp/robot_ws/install/servo_interfaces/include/servo_interfaces/servo_interfaces/msg/set_pwm.hpp
[1.207s] -- Up-to-date: /home/rasp/robot_ws/install/servo_interfaces/include/servo_interfaces/servo_interfaces/msg/detail
[1.207s] -- Up-to-date: /home/rasp/robot_ws/install/servo_interfaces/include/servo_interfaces/servo_interfaces/msg/detail/set_pwm__traits.hpp
[1.207s] -- Up-to-date: /home/rasp/robot_ws/install/servo_interfaces/include/servo_interfaces/servo_interfaces/msg/detail/set_pwm__struct.hpp
[1.207s] -- Up-to-date: /home/rasp/robot_ws/install/servo_interfaces/include/servo_interfaces/servo_interfaces/msg/detail/set_pwm__builder.hpp
[1.207s] -- Up-to-date: /home/rasp/robot_ws/install/servo_interfaces/include/servo_interfaces/servo_interfaces/msg/detail/set_pwm__type_support.hpp
[1.207s] -- Up-to-date: /home/rasp/robot_ws/install/servo_interfaces/include/servo_interfaces/servo_interfaces/srv
[1.207s] -- Up-to-date: /home/rasp/robot_ws/install/servo_interfaces/include/servo_interfaces/servo_interfaces/srv/motor_angle.hpp
[1.207s] -- Up-to-date: /home/rasp/robot_ws/install/servo_interfaces/include/servo_interfaces/servo_interfaces/srv/detail
[1.207s] -- Up-to-date: /home/rasp/robot_ws/install/servo_interfaces/include/servo_interfaces/servo_interfaces/srv/detail/motor_angle__type_support.hpp
[1.207s] -- Up-to-date: /home/rasp/robot_ws/install/servo_interfaces/include/servo_interfaces/servo_interfaces/srv/detail/motor_angle__builder.hpp
[1.207s] -- Up-to-date: /home/rasp/robot_ws/install/servo_interfaces/include/servo_interfaces/servo_interfaces/srv/detail/motor_angle__traits.hpp
[1.208s] -- Up-to-date: /home/rasp/robot_ws/install/servo_interfaces/include/servo_interfaces/servo_interfaces/srv/detail/motor_angle__struct.hpp
[1.208s] -- Up-to-date: /home/rasp/robot_ws/install/servo_interfaces/include/servo_interfaces/servo_interfaces/action
[1.208s] -- Up-to-date: /home/rasp/robot_ws/install/servo_interfaces/include/servo_interfaces/servo_interfaces/action/motor_angle.hpp
[1.208s] -- Up-to-date: /home/rasp/robot_ws/install/servo_interfaces/include/servo_interfaces/servo_interfaces/action/detail
[1.208s] -- Up-to-date: /home/rasp/robot_ws/install/servo_interfaces/include/servo_interfaces/servo_interfaces/action/detail/motor_angle__type_support.hpp
[1.208s] -- Up-to-date: /home/rasp/robot_ws/install/servo_interfaces/include/servo_interfaces/servo_interfaces/action/detail/motor_angle__builder.hpp
[1.208s] -- Up-to-date: /home/rasp/robot_ws/install/servo_interfaces/include/servo_interfaces/servo_interfaces/action/detail/motor_angle__traits.hpp
[1.208s] -- Up-to-date: /home/rasp/robot_ws/install/servo_interfaces/include/servo_interfaces/servo_interfaces/action/detail/motor_angle__struct.hpp
[1.208s] -- Up-to-date: /home/rasp/robot_ws/install/servo_interfaces/include/servo_interfaces/servo_interfaces
[1.208s] -- Up-to-date: /home/rasp/robot_ws/install/servo_interfaces/include/servo_interfaces/servo_interfaces/msg
[1.208s] -- Up-to-date: /home/rasp/robot_ws/install/servo_interfaces/include/servo_interfaces/servo_interfaces/msg/rosidl_typesupport_fastrtps_cpp__visibility_control.h
[1.209s] -- Up-to-date: /home/rasp/robot_ws/install/servo_interfaces/include/servo_interfaces/servo_interfaces/msg/detail
[1.209s] -- Up-to-date: /home/rasp/robot_ws/install/servo_interfaces/include/servo_interfaces/servo_interfaces/msg/detail/set_pwm__rosidl_typesupport_fastrtps_cpp.hpp
[1.209s] -- Up-to-date: /home/rasp/robot_ws/install/servo_interfaces/include/servo_interfaces/servo_interfaces/msg/detail/dds_fastrtps
[1.209s] -- Up-to-date: /home/rasp/robot_ws/install/servo_interfaces/include/servo_interfaces/servo_interfaces/srv
[1.209s] -- Up-to-date: /home/rasp/robot_ws/install/servo_interfaces/include/servo_interfaces/servo_interfaces/srv/detail
[1.209s] -- Up-to-date: /home/rasp/robot_ws/install/servo_interfaces/include/servo_interfaces/servo_interfaces/srv/detail/dds_fastrtps
[1.209s] -- Up-to-date: /home/rasp/robot_ws/install/servo_interfaces/include/servo_interfaces/servo_interfaces/srv/detail/motor_angle__rosidl_typesupport_fastrtps_cpp.hpp
[1.209s] -- Up-to-date: /home/rasp/robot_ws/install/servo_interfaces/include/servo_interfaces/servo_interfaces/action
[1.209s] -- Up-to-date: /home/rasp/robot_ws/install/servo_interfaces/include/servo_interfaces/servo_interfaces/action/detail
[1.210s] -- Up-to-date: /home/rasp/robot_ws/install/servo_interfaces/include/servo_interfaces/servo_interfaces/action/detail/dds_fastrtps
[1.210s] -- Up-to-date: /home/rasp/robot_ws/install/servo_interfaces/include/servo_interfaces/servo_interfaces/action/detail/motor_angle__rosidl_typesupport_fastrtps_cpp.hpp
[1.210s] -- Up-to-date: /home/rasp/robot_ws/install/servo_interfaces/lib/libservo_interfaces__rosidl_typesupport_fastrtps_cpp.so
[1.210s] -- Up-to-date: /home/rasp/robot_ws/install/servo_interfaces/include/servo_interfaces/servo_interfaces
[1.210s] -- Up-to-date: /home/rasp/robot_ws/install/servo_interfaces/include/servo_interfaces/servo_interfaces/msg
[1.210s] -- Up-to-date: /home/rasp/robot_ws/install/servo_interfaces/include/servo_interfaces/servo_interfaces/msg/detail
[1.210s] -- Up-to-date: /home/rasp/robot_ws/install/servo_interfaces/include/servo_interfaces/servo_interfaces/msg/detail/set_pwm__rosidl_typesupport_introspection_cpp.hpp
[1.210s] -- Up-to-date: /home/rasp/robot_ws/install/servo_interfaces/include/servo_interfaces/servo_interfaces/msg/detail/set_pwm__type_support.cpp
[1.210s] -- Up-to-date: /home/rasp/robot_ws/install/servo_interfaces/include/servo_interfaces/servo_interfaces/srv
[1.211s] -- Up-to-date: /home/rasp/robot_ws/install/servo_interfaces/include/servo_interfaces/servo_interfaces/srv/detail
[1.211s] -- Up-to-date: /home/rasp/robot_ws/install/servo_interfaces/include/servo_interfaces/servo_interfaces/srv/detail/motor_angle__rosidl_typesupport_introspection_cpp.hpp
[1.211s] -- Up-to-date: /home/rasp/robot_ws/install/servo_interfaces/include/servo_interfaces/servo_interfaces/srv/detail/motor_angle__type_support.cpp
[1.211s] -- Up-to-date: /home/rasp/robot_ws/install/servo_interfaces/include/servo_interfaces/servo_interfaces/action
[1.211s] -- Up-to-date: /home/rasp/robot_ws/install/servo_interfaces/include/servo_interfaces/servo_interfaces/action/detail
[1.211s] -- Up-to-date: /home/rasp/robot_ws/install/servo_interfaces/include/servo_interfaces/servo_interfaces/action/detail/motor_angle__rosidl_typesupport_introspection_cpp.hpp
[1.211s] -- Up-to-date: /home/rasp/robot_ws/install/servo_interfaces/include/servo_interfaces/servo_interfaces/action/detail/motor_angle__type_support.cpp
[1.211s] -- Up-to-date: /home/rasp/robot_ws/install/servo_interfaces/lib/libservo_interfaces__rosidl_typesupport_introspection_cpp.so
[1.212s] -- Up-to-date: /home/rasp/robot_ws/install/servo_interfaces/lib/libservo_interfaces__rosidl_typesupport_cpp.so
[1.212s] -- Up-to-date: /home/rasp/robot_ws/install/servo_interfaces/share/servo_interfaces/environment/pythonpath.sh
[1.212s] -- Up-to-date: /home/rasp/robot_ws/install/servo_interfaces/share/servo_interfaces/environment/pythonpath.dsv
[1.212s] -- Up-to-date: /home/rasp/robot_ws/install/servo_interfaces/lib/python3.12/site-packages/servo_interfaces-0.0.0-py3.12.egg-info
[1.212s] -- Installing: /home/rasp/robot_ws/install/servo_interfaces/lib/python3.12/site-packages/servo_interfaces-0.0.0-py3.12.egg-info/top_level.txt
[1.213s] -- Installing: /home/rasp/robot_ws/install/servo_interfaces/lib/python3.12/site-packages/servo_interfaces-0.0.0-py3.12.egg-info/PKG-INFO
[1.213s] -- Installing: /home/rasp/robot_ws/install/servo_interfaces/lib/python3.12/site-packages/servo_interfaces-0.0.0-py3.12.egg-info/SOURCES.txt
[1.213s] -- Installing: /home/rasp/robot_ws/install/servo_interfaces/lib/python3.12/site-packages/servo_interfaces-0.0.0-py3.12.egg-info/dependency_links.txt
[1.213s] -- Up-to-date: /home/rasp/robot_ws/install/servo_interfaces/lib/python3.12/site-packages/servo_interfaces
[1.213s] -- Up-to-date: /home/rasp/robot_ws/install/servo_interfaces/lib/python3.12/site-packages/servo_interfaces/_servo_interfaces_s.ep.rosidl_typesupport_introspection_c.c
[1.213s] -- Up-to-date: /home/rasp/robot_ws/install/servo_interfaces/lib/python3.12/site-packages/servo_interfaces/msg
[1.213s] -- Up-to-date: /home/rasp/robot_ws/install/servo_interfaces/lib/python3.12/site-packages/servo_interfaces/msg/__init__.py
[1.214s] -- Up-to-date: /home/rasp/robot_ws/install/servo_interfaces/lib/python3.12/site-packages/servo_interfaces/msg/_set_pwm_s.c
[1.214s] -- Up-to-date: /home/rasp/robot_ws/install/servo_interfaces/lib/python3.12/site-packages/servo_interfaces/msg/_set_pwm.py
[1.214s] -- Up-to-date: /home/rasp/robot_ws/install/servo_interfaces/lib/python3.12/site-packages/servo_interfaces/__init__.py
[1.214s] -- Up-to-date: /home/rasp/robot_ws/install/servo_interfaces/lib/python3.12/site-packages/servo_interfaces/srv
[1.214s] -- Up-to-date: /home/rasp/robot_ws/install/servo_interfaces/lib/python3.12/site-packages/servo_interfaces/srv/__init__.py
[1.214s] -- Up-to-date: /home/rasp/robot_ws/install/servo_interfaces/lib/python3.12/site-packages/servo_interfaces/srv/_motor_angle.py
[1.215s] -- Up-to-date: /home/rasp/robot_ws/install/servo_interfaces/lib/python3.12/site-packages/servo_interfaces/srv/_motor_angle_s.c
[1.215s] -- Up-to-date: /home/rasp/robot_ws/install/servo_interfaces/lib/python3.12/site-packages/servo_interfaces/_servo_interfaces_s.ep.rosidl_typesupport_c.c
[1.215s] -- Up-to-date: /home/rasp/robot_ws/install/servo_interfaces/lib/python3.12/site-packages/servo_interfaces/_servo_interfaces_s.ep.rosidl_typesupport_fastrtps_c.c
[1.215s] -- Up-to-date: /home/rasp/robot_ws/install/servo_interfaces/lib/python3.12/site-packages/servo_interfaces/servo_interfaces_s__rosidl_typesupport_fastrtps_c.so
[1.215s] -- Up-to-date: /home/rasp/robot_ws/install/servo_interfaces/lib/python3.12/site-packages/servo_interfaces/servo_interfaces_s__rosidl_typesupport_introspection_c.so
[1.215s] -- Up-to-date: /home/rasp/robot_ws/install/servo_interfaces/lib/python3.12/site-packages/servo_interfaces/action
[1.215s] -- Up-to-date: /home/rasp/robot_ws/install/servo_interfaces/lib/python3.12/site-packages/servo_interfaces/action/__init__.py
[1.215s] -- Up-to-date: /home/rasp/robot_ws/install/servo_interfaces/lib/python3.12/site-packages/servo_interfaces/action/_motor_angle.py
[1.215s] -- Up-to-date: /home/rasp/robot_ws/install/servo_interfaces/lib/python3.12/site-packages/servo_interfaces/action/_motor_angle_s.c
[1.215s] -- Up-to-date: /home/rasp/robot_ws/install/servo_interfaces/lib/python3.12/site-packages/servo_interfaces/servo_interfaces_s__rosidl_typesupport_c.so
[1.264s] Listing '/home/rasp/robot_ws/install/servo_interfaces/lib/python3.12/site-packages/servo_interfaces'...
[1.264s] Listing '/home/rasp/robot_ws/install/servo_interfaces/lib/python3.12/site-packages/servo_interfaces/action'...
[1.264s] Listing '/home/rasp/robot_ws/install/servo_interfaces/lib/python3.12/site-packages/servo_interfaces/msg'...
[1.265s] Listing '/home/rasp/robot_ws/install/servo_interfaces/lib/python3.12/site-packages/servo_interfaces/srv'...
[1.278s] -- Up-to-date: /home/rasp/robot_ws/install/servo_interfaces/lib/python3.12/site-packages/servo_interfaces/servo_interfaces_s__rosidl_typesupport_fastrtps_c.so
[1.279s] -- Up-to-date: /home/rasp/robot_ws/install/servo_interfaces/lib/python3.12/site-packages/servo_interfaces/servo_interfaces_s__rosidl_typesupport_introspection_c.so
[1.280s] -- Up-to-date: /home/rasp/robot_ws/install/servo_interfaces/lib/python3.12/site-packages/servo_interfaces/servo_interfaces_s__rosidl_typesupport_c.so
[1.280s] -- Up-to-date: /home/rasp/robot_ws/install/servo_interfaces/lib/libservo_interfaces__rosidl_generator_py.so
[1.280s] -- Up-to-date: /home/rasp/robot_ws/install/servo_interfaces/share/servo_interfaces/msg/SetPwm.idl
[1.280s] -- Up-to-date: /home/rasp/robot_ws/install/servo_interfaces/share/servo_interfaces/srv/MotorAngle.idl
[1.280s] -- Up-to-date: /home/rasp/robot_ws/install/servo_interfaces/share/servo_interfaces/action/MotorAngle.idl
[1.281s] -- Up-to-date: /home/rasp/robot_ws/install/servo_interfaces/share/servo_interfaces/msg/SetPwm.msg
[1.281s] -- Up-to-date: /home/rasp/robot_ws/install/servo_interfaces/share/servo_interfaces/srv/MotorAngle.srv
[1.282s] -- Up-to-date: /home/rasp/robot_ws/install/servo_interfaces/share/servo_interfaces/action/MotorAngle.action
[1.282s] -- Up-to-date: /home/rasp/robot_ws/install/servo_interfaces/share/ament_index/resource_index/package_run_dependencies/servo_interfaces
[1.282s] -- Up-to-date: /home/rasp/robot_ws/install/servo_interfaces/share/ament_index/resource_index/parent_prefix_path/servo_interfaces
[1.282s] -- Up-to-date: /home/rasp/robot_ws/install/servo_interfaces/share/servo_interfaces/environment/ament_prefix_path.sh
[1.283s] -- Up-to-date: /home/rasp/robot_ws/install/servo_interfaces/share/servo_interfaces/environment/ament_prefix_path.dsv
[1.283s] -- Up-to-date: /home/rasp/robot_ws/install/servo_interfaces/share/servo_interfaces/environment/path.sh
[1.283s] -- Up-to-date: /home/rasp/robot_ws/install/servo_interfaces/share/servo_interfaces/environment/path.dsv
[1.283s] -- Up-to-date: /home/rasp/robot_ws/install/servo_interfaces/share/servo_interfaces/local_setup.bash
[1.283s] -- Up-to-date: /home/rasp/robot_ws/install/servo_interfaces/share/servo_interfaces/local_setup.sh
[1.283s] -- Up-to-date: /home/rasp/robot_ws/install/servo_interfaces/share/servo_interfaces/local_setup.zsh
[1.283s] -- Up-to-date: /home/rasp/robot_ws/install/servo_interfaces/share/servo_interfaces/local_setup.dsv
[1.283s] -- Installing: /home/rasp/robot_ws/install/servo_interfaces/share/servo_interfaces/package.dsv
[1.284s] -- Up-to-date: /home/rasp/robot_ws/install/servo_interfaces/share/ament_index/resource_index/packages/servo_interfaces
[1.285s] -- Up-to-date: /home/rasp/robot_ws/install/servo_interfaces/share/servo_interfaces/cmake/export_servo_interfaces__rosidl_generator_cExport.cmake
[1.285s] -- Up-to-date: /home/rasp/robot_ws/install/servo_interfaces/share/servo_interfaces/cmake/export_servo_interfaces__rosidl_generator_cExport-noconfig.cmake
[1.285s] -- Up-to-date: /home/rasp/robot_ws/install/servo_interfaces/share/servo_interfaces/cmake/export_servo_interfaces__rosidl_typesupport_fastrtps_cExport.cmake
[1.286s] -- Up-to-date: /home/rasp/robot_ws/install/servo_interfaces/share/servo_interfaces/cmake/export_servo_interfaces__rosidl_typesupport_fastrtps_cExport-noconfig.cmake
[1.286s] -- Up-to-date: /home/rasp/robot_ws/install/servo_interfaces/share/servo_interfaces/cmake/servo_interfaces__rosidl_typesupport_introspection_cExport.cmake
[1.286s] -- Up-to-date: /home/rasp/robot_ws/install/servo_interfaces/share/servo_interfaces/cmake/servo_interfaces__rosidl_typesupport_introspection_cExport-noconfig.cmake
[1.287s] -- Up-to-date: /home/rasp/robot_ws/install/servo_interfaces/share/servo_interfaces/cmake/servo_interfaces__rosidl_typesupport_cExport.cmake
[1.287s] -- Up-to-date: /home/rasp/robot_ws/install/servo_interfaces/share/servo_interfaces/cmake/servo_interfaces__rosidl_typesupport_cExport-noconfig.cmake
[1.287s] -- Up-to-date: /home/rasp/robot_ws/install/servo_interfaces/share/servo_interfaces/cmake/export_servo_interfaces__rosidl_generator_cppExport.cmake
[1.287s] -- Up-to-date: /home/rasp/robot_ws/install/servo_interfaces/share/servo_interfaces/cmake/export_servo_interfaces__rosidl_typesupport_fastrtps_cppExport.cmake
[1.288s] -- Up-to-date: /home/rasp/robot_ws/install/servo_interfaces/share/servo_interfaces/cmake/export_servo_interfaces__rosidl_typesupport_fastrtps_cppExport-noconfig.cmake
[1.288s] -- Up-to-date: /home/rasp/robot_ws/install/servo_interfaces/share/servo_interfaces/cmake/servo_interfaces__rosidl_typesupport_introspection_cppExport.cmake
[1.289s] -- Up-to-date: /home/rasp/robot_ws/install/servo_interfaces/share/servo_interfaces/cmake/servo_interfaces__rosidl_typesupport_introspection_cppExport-noconfig.cmake
[1.289s] -- Up-to-date: /home/rasp/robot_ws/install/servo_interfaces/share/servo_interfaces/cmake/servo_interfaces__rosidl_typesupport_cppExport.cmake
[1.290s] -- Up-to-date: /home/rasp/robot_ws/install/servo_interfaces/share/servo_interfaces/cmake/servo_interfaces__rosidl_typesupport_cppExport-noconfig.cmake
[1.290s] -- Up-to-date: /home/rasp/robot_ws/install/servo_interfaces/share/servo_interfaces/cmake/export_servo_interfaces__rosidl_generator_pyExport.cmake
[1.290s] -- Up-to-date: /home/rasp/robot_ws/install/servo_interfaces/share/servo_interfaces/cmake/export_servo_interfaces__rosidl_generator_pyExport-noconfig.cmake
[1.291s] -- Up-to-date: /home/rasp/robot_ws/install/servo_interfaces/share/servo_interfaces/cmake/rosidl_cmake-extras.cmake
[1.291s] -- Up-to-date: /home/rasp/robot_ws/install/servo_interfaces/share/servo_interfaces/cmake/ament_cmake_export_dependencies-extras.cmake
[1.291s] -- Up-to-date: /home/rasp/robot_ws/install/servo_interfaces/share/servo_interfaces/cmake/ament_cmake_export_include_directories-extras.cmake
[1.292s] -- Up-to-date: /home/rasp/robot_ws/install/servo_interfaces/share/servo_interfaces/cmake/ament_cmake_export_libraries-extras.cmake
[1.292s] -- Up-to-date: /home/rasp/robot_ws/install/servo_interfaces/share/servo_interfaces/cmake/ament_cmake_export_targets-extras.cmake
[1.292s] -- Up-to-date: /home/rasp/robot_ws/install/servo_interfaces/share/servo_interfaces/cmake/rosidl_cmake_export_typesupport_targets-extras.cmake
[1.292s] -- Up-to-date: /home/rasp/robot_ws/install/servo_interfaces/share/servo_interfaces/cmake/rosidl_cmake_export_typesupport_libraries-extras.cmake
[1.294s] -- Up-to-date: /home/rasp/robot_ws/install/servo_interfaces/share/servo_interfaces/cmake/servo_interfacesConfig.cmake
[1.295s] -- Up-to-date: /home/rasp/robot_ws/install/servo_interfaces/share/servo_interfaces/cmake/servo_interfacesConfig-version.cmake
[1.295s] -- Up-to-date: /home/rasp/robot_ws/install/servo_interfaces/share/servo_interfaces/package.xml
[1.299s] Invoked command in '/home/rasp/robot_ws/build/servo_interfaces' returned '0': CMAKE_PREFIX_PATH=${CMAKE_PREFIX_PATH}:/home/rasp/robot_ws/install/my_servo_controller:/opt/ros/jazzy DEBUGINFOD_URLS=https://debuginfod.ubuntu.com /usr/bin/cmake --install /home/rasp/robot_ws/build/servo_interfaces
