[0.028s] Invoking command in '/home/rasp/robot_ws/build/servo_interfaces': CMAKE_PREFIX_PATH=${CMAKE_PREFIX_PATH}:/home/rasp/robot_ws/install/my_servo_controller:/opt/ros/jazzy DEBUGINFOD_URLS=https://debuginfod.ubuntu.com /usr/bin/cmake /home/rasp/robot_ws/src/servo_interfaces -DCMAKE_INSTALL_PREFIX=/home/rasp/robot_ws/install/servo_interfaces
[0.057s] -- Found ament_cmake: 2.5.5 (/opt/ros/jazzy/share/ament_cmake/cmake)
[0.123s] -- Found Python3: /usr/bin/python3 (found version "3.12.3") found components: Interpreter 
[0.350s] -- Override CMake install command with custom implementation using symlinks instead of copying resources
[0.363s] -- Found rosidl_default_generators: 1.6.0 (/opt/ros/jazzy/share/rosidl_default_generators/cmake)
[0.367s] -- Using all available rosidl_typesupport_c: rosidl_typesupport_fastrtps_c;rosidl_typesupport_introspection_c
[0.420s] -- Using all available rosidl_typesupport_cpp: rosidl_typesupport_fastrtps_cpp;rosidl_typesupport_introspection_cpp
[0.466s] -- Found rosidl_adapter: 4.6.7 (/opt/ros/jazzy/share/rosidl_adapter/cmake)
[1.178s] -- Found ament_cmake_ros: 0.12.0 (/opt/ros/jazzy/share/ament_cmake_ros/cmake)
[1.347s] -- Using all available rosidl_typesupport_c: rosidl_typesupport_fastrtps_c;rosidl_typesupport_introspection_c
[1.571s] -- Using all available rosidl_typesupport_cpp: rosidl_typesupport_fastrtps_cpp;rosidl_typesupport_introspection_cpp
[1.573s] -- Found python_cmake_module: 0.11.1 (/opt/ros/jazzy/share/python_cmake_module/cmake)
[2.140s] -- Found Python3: /usr/bin/python3 (found version "3.12.3") found components: Interpreter Development NumPy Development.Module Development.Embed 
[2.172s] -- Configuring done (2.1s)
[2.274s] -- Generating done (0.1s)
[2.325s] -- Build files have been written to: /home/rasp/robot_ws/build/servo_interfaces
[2.346s] Invoked command in '/home/rasp/robot_ws/build/servo_interfaces' returned '0': CMAKE_PREFIX_PATH=${CMAKE_PREFIX_PATH}:/home/rasp/robot_ws/install/my_servo_controller:/opt/ros/jazzy DEBUGINFOD_URLS=https://debuginfod.ubuntu.com /usr/bin/cmake /home/rasp/robot_ws/src/servo_interfaces -DCMAKE_INSTALL_PREFIX=/home/rasp/robot_ws/install/servo_interfaces
[2.348s] Invoking command in '/home/rasp/robot_ws/build/servo_interfaces': CMAKE_PREFIX_PATH=${CMAKE_PREFIX_PATH}:/home/rasp/robot_ws/install/my_servo_controller:/opt/ros/jazzy DEBUGINFOD_URLS=https://debuginfod.ubuntu.com /usr/bin/cmake --build /home/rasp/robot_ws/build/servo_interfaces -- -j4 -l4
[2.454s] [  2%] Built target servo_interfaces__rosidl_generator_type_description
[2.481s] [  2%] Built target ament_cmake_python_symlink_servo_interfaces
[2.499s] [  4%] Built target servo_interfaces__cpp
[2.509s] [ 22%] Built target servo_interfaces__rosidl_generator_c
[2.592s] [ 31%] Built target servo_interfaces__rosidl_typesupport_introspection_cpp
[2.601s] [ 40%] Built target servo_interfaces__rosidl_typesupport_fastrtps_c
[2.619s] [ 50%] Built target servo_interfaces__rosidl_typesupport_fastrtps_cpp
[2.670s] [ 59%] Built target servo_interfaces__rosidl_typesupport_cpp
[2.687s] [ 68%] Built target servo_interfaces__rosidl_typesupport_introspection_c
[2.691s] [ 77%] Built target servo_interfaces__rosidl_typesupport_c
[2.742s] [ 77%] Built target servo_interfaces
[2.791s] [ 79%] Built target servo_interfaces__py
[2.840s] [ 86%] Built target servo_interfaces__rosidl_generator_py
[2.914s] [ 88%] [32m[1mLinking C shared module rosidl_generator_py/servo_interfaces/servo_interfaces_s__rosidl_typesupport_c.so[0m
[2.915s] [ 90%] [32m[1mLinking C shared module rosidl_generator_py/servo_interfaces/servo_interfaces_s__rosidl_typesupport_introspection_c.so[0m
[2.923s] [ 93%] [32m[1mLinking C shared module rosidl_generator_py/servo_interfaces/servo_interfaces_s__rosidl_typesupport_fastrtps_c.so[0m
[3.015s] [ 95%] Built target servo_interfaces_s__rosidl_typesupport_c
[3.024s] [ 97%] Built target servo_interfaces_s__rosidl_typesupport_fastrtps_c
[3.031s] running egg_info
[3.038s] [100%] Built target servo_interfaces_s__rosidl_typesupport_introspection_c
[3.059s] writing servo_interfaces.egg-info/PKG-INFO
[3.059s] writing dependency_links to servo_interfaces.egg-info/dependency_links.txt
[3.060s] writing top-level names to servo_interfaces.egg-info/top_level.txt
[3.140s] reading manifest file 'servo_interfaces.egg-info/SOURCES.txt'
[3.141s] writing manifest file 'servo_interfaces.egg-info/SOURCES.txt'
[3.227s] [100%] Built target ament_cmake_python_build_servo_interfaces_egg
