[3.440s] Invoking command in '/home/rasp/humanoid/robot_ws/src/my_servo_controller': DEBUGINFOD_URLS=https://debuginfod.ubuntu.com PYTHONPATH=/home/rasp/humanoid/robot_ws/build/my_servo_controller/prefix_override:/usr/lib/python3/dist-packages/colcon_core/task/python/colcon_distutils_commands:/home/rasp/humanoid/robot_ws/install/my_servo_controller/lib/python3.12/site-packages:/home/rasp/humanoid/robot_ws/install/servo_interfaces/lib/python3.12/site-packages:/home/rasp/humanoid/robot_ws/install/my_servo_controller/lib/python3.12/site-packages:/opt/ros/jazzy/lib/python3.12/site-packages /usr/bin/python3 -W ignore:setup.py install is deprecated -W ignore:easy_install command is deprecated setup.py egg_info --egg-base ../../build/my_servo_controller build --build-base /home/rasp/humanoid/robot_ws/build/my_servo_controller/build install --record /home/rasp/humanoid/robot_ws/build/my_servo_controller/install.log --single-version-externally-managed install_data
[4.517s] running egg_info
[4.601s] writing ../../build/my_servo_controller/my_servo_controller.egg-info/PKG-INFO
[4.601s] writing dependency_links to ../../build/my_servo_controller/my_servo_controller.egg-info/dependency_links.txt
[4.604s] writing entry points to ../../build/my_servo_controller/my_servo_controller.egg-info/entry_points.txt
[4.606s] writing requirements to ../../build/my_servo_controller/my_servo_controller.egg-info/requires.txt
[4.607s] writing top-level names to ../../build/my_servo_controller/my_servo_controller.egg-info/top_level.txt
[4.790s] reading manifest file '../../build/my_servo_controller/my_servo_controller.egg-info/SOURCES.txt'
[4.791s] writing manifest file '../../build/my_servo_controller/my_servo_controller.egg-info/SOURCES.txt'
[4.793s] running build
[4.793s] running build_py
[4.794s] copying my_servo_controller/topic_controller.py -> /home/rasp/humanoid/robot_ws/build/my_servo_controller/build/lib/my_servo_controller
[4.797s] running install
[4.819s] running install_lib
[4.905s] copying /home/rasp/humanoid/robot_ws/build/my_servo_controller/build/lib/my_servo_controller/topic_controller.py -> /home/rasp/humanoid/robot_ws/install/my_servo_controller/lib/python3.12/site-packages/my_servo_controller
[4.906s] byte-compiling /home/rasp/humanoid/robot_ws/install/my_servo_controller/lib/python3.12/site-packages/my_servo_controller/topic_controller.py to topic_controller.cpython-312.pyc
[4.914s] running install_data
[4.916s] running install_egg_info
[5.006s] removing '/home/rasp/humanoid/robot_ws/install/my_servo_controller/lib/python3.12/site-packages/my_servo_controller-0.0.0-py3.12.egg-info' (and everything under it)
[5.010s] Copying ../../build/my_servo_controller/my_servo_controller.egg-info to /home/rasp/humanoid/robot_ws/install/my_servo_controller/lib/python3.12/site-packages/my_servo_controller-0.0.0-py3.12.egg-info
[5.010s] running install_scripts
[5.584s] Installing action_controller_node script to /home/rasp/humanoid/robot_ws/install/my_servo_controller/lib/my_servo_controller
[5.591s] Installing gazibo_sim_node script to /home/rasp/humanoid/robot_ws/install/my_servo_controller/lib/my_servo_controller
[5.591s] Installing servo_controller_node script to /home/rasp/humanoid/robot_ws/install/my_servo_controller/lib/my_servo_controller
[5.595s] Installing servo_mover_node script to /home/rasp/humanoid/robot_ws/install/my_servo_controller/lib/my_servo_controller
[5.595s] Installing topic_controller_node script to /home/rasp/humanoid/robot_ws/install/my_servo_controller/lib/my_servo_controller
[5.598s] writing list of installed files to '/home/rasp/humanoid/robot_ws/build/my_servo_controller/install.log'
[5.784s] Invoked command in '/home/rasp/humanoid/robot_ws/src/my_servo_controller' returned '0': DEBUGINFOD_URLS=https://debuginfod.ubuntu.com PYTHONPATH=/home/rasp/humanoid/robot_ws/build/my_servo_controller/prefix_override:/usr/lib/python3/dist-packages/colcon_core/task/python/colcon_distutils_commands:/home/rasp/humanoid/robot_ws/install/my_servo_controller/lib/python3.12/site-packages:/home/rasp/humanoid/robot_ws/install/servo_interfaces/lib/python3.12/site-packages:/home/rasp/humanoid/robot_ws/install/my_servo_controller/lib/python3.12/site-packages:/opt/ros/jazzy/lib/python3.12/site-packages /usr/bin/python3 -W ignore:setup.py install is deprecated -W ignore:easy_install command is deprecated setup.py egg_info --egg-base ../../build/my_servo_controller build --build-base /home/rasp/humanoid/robot_ws/build/my_servo_controller/build install --record /home/rasp/humanoid/robot_ws/build/my_servo_controller/install.log --single-version-externally-managed install_data
