[0.749s] DEBUG:colcon:Command line arguments: ['/usr/bin/colcon', 'build']
[0.749s] DEBUG:colcon:Parsed command line arguments: Namespace(log_base=None, log_level=None, verb_name='build', build_base='build', install_base='install', merge_install=False, symlink_install=False, test_result_base=None, continue_on_error=False, executor='parallel', parallel_workers=4, event_handlers=None, ignore_user_meta=False, metas=['./colcon.meta'], base_paths=['.'], packages_ignore=None, packages_ignore_regex=None, paths=None, packages_up_to=None, packages_up_to_regex=None, packages_above=None, packages_above_and_dependencies=None, packages_above_depth=None, packages_select_by_dep=None, packages_skip_by_dep=None, packages_skip_up_to=None, packages_select_build_failed=False, packages_skip_build_finished=False, packages_select_test_failures=False, packages_skip_test_passed=False, packages_select=None, packages_skip=None, packages_select_regex=None, packages_skip_regex=None, packages_start=None, packages_end=None, allow_overriding=[], cmake_args=None, cmake_target=None, cmake_target_skip_unavailable=False, cmake_clean_cache=False, cmake_clean_first=False, cmake_force_configure=False, ament_cmake_args=None, catkin_cmake_args=None, catkin_skip_building_tests=False, mixin_files=None, mixin=None, verb_parser=<colcon_mixin.mixin.mixin_argument.MixinArgumentDecorator object at 0xffffaf47c4a0>, verb_extension=<colcon_core.verb.build.BuildVerb object at 0xffffaf630e00>, main=<bound method BuildVerb.main of <colcon_core.verb.build.BuildVerb object at 0xffffaf630e00>>, mixin_verb=('build',))
[1.132s] Level 1:colcon.colcon_core.package_discovery:discover_packages(colcon_meta) check parameters
[1.132s] Level 1:colcon.colcon_core.package_discovery:discover_packages(recursive) check parameters
[1.132s] Level 1:colcon.colcon_core.package_discovery:discover_packages(ignore) check parameters
[1.132s] Level 1:colcon.colcon_core.package_discovery:discover_packages(path) check parameters
[1.132s] Level 1:colcon.colcon_core.package_discovery:discover_packages(colcon_meta) discover
[1.132s] Level 1:colcon.colcon_core.package_discovery:discover_packages(recursive) discover
[1.132s] INFO:colcon.colcon_core.package_discovery:Crawling recursively for packages in '/home/rasp/humanoid_ros2/robot_ws'
[1.132s] Level 1:colcon.colcon_core.package_identification:_identify(.) by extensions ['ignore', 'ignore_ament_install']
[1.133s] Level 1:colcon.colcon_core.package_identification:_identify(.) by extension 'ignore'
[1.133s] Level 1:colcon.colcon_core.package_identification:_identify(.) by extension 'ignore_ament_install'
[1.133s] Level 1:colcon.colcon_core.package_identification:_identify(.) by extensions ['colcon_pkg']
[1.133s] Level 1:colcon.colcon_core.package_identification:_identify(.) by extension 'colcon_pkg'
[1.133s] Level 1:colcon.colcon_core.package_identification:_identify(.) by extensions ['colcon_meta']
[1.133s] Level 1:colcon.colcon_core.package_identification:_identify(.) by extension 'colcon_meta'
[1.133s] Level 1:colcon.colcon_core.package_identification:_identify(.) by extensions ['ros']
[1.133s] Level 1:colcon.colcon_core.package_identification:_identify(.) by extension 'ros'
[1.214s] Level 1:colcon.colcon_core.package_identification:_identify(.) by extensions ['cmake', 'python']
[1.214s] Level 1:colcon.colcon_core.package_identification:_identify(.) by extension 'cmake'
[1.214s] Level 1:colcon.colcon_core.package_identification:_identify(.) by extension 'python'
[1.214s] Level 1:colcon.colcon_core.package_identification:_identify(.) by extensions ['python_setup_py']
[1.214s] Level 1:colcon.colcon_core.package_identification:_identify(.) by extension 'python_setup_py'
[1.215s] Level 1:colcon.colcon_core.package_identification:_identify(build) by extensions ['ignore', 'ignore_ament_install']
[1.215s] Level 1:colcon.colcon_core.package_identification:_identify(build) by extension 'ignore'
[1.215s] Level 1:colcon.colcon_core.package_identification:_identify(build) ignored
[1.215s] Level 1:colcon.colcon_core.package_identification:_identify(install) by extensions ['ignore', 'ignore_ament_install']
[1.215s] Level 1:colcon.colcon_core.package_identification:_identify(install) by extension 'ignore'
[1.215s] Level 1:colcon.colcon_core.package_identification:_identify(install) ignored
[1.215s] Level 1:colcon.colcon_core.package_identification:_identify(log) by extensions ['ignore', 'ignore_ament_install']
[1.215s] Level 1:colcon.colcon_core.package_identification:_identify(log) by extension 'ignore'
[1.216s] Level 1:colcon.colcon_core.package_identification:_identify(log) ignored
[1.216s] Level 1:colcon.colcon_core.package_identification:_identify(src) by extensions ['ignore', 'ignore_ament_install']
[1.216s] Level 1:colcon.colcon_core.package_identification:_identify(src) by extension 'ignore'
[1.216s] Level 1:colcon.colcon_core.package_identification:_identify(src) by extension 'ignore_ament_install'
[1.216s] Level 1:colcon.colcon_core.package_identification:_identify(src) by extensions ['colcon_pkg']
[1.216s] Level 1:colcon.colcon_core.package_identification:_identify(src) by extension 'colcon_pkg'
[1.216s] Level 1:colcon.colcon_core.package_identification:_identify(src) by extensions ['colcon_meta']
[1.216s] Level 1:colcon.colcon_core.package_identification:_identify(src) by extension 'colcon_meta'
[1.216s] Level 1:colcon.colcon_core.package_identification:_identify(src) by extensions ['ros']
[1.216s] Level 1:colcon.colcon_core.package_identification:_identify(src) by extension 'ros'
[1.216s] Level 1:colcon.colcon_core.package_identification:_identify(src) by extensions ['cmake', 'python']
[1.216s] Level 1:colcon.colcon_core.package_identification:_identify(src) by extension 'cmake'
[1.216s] Level 1:colcon.colcon_core.package_identification:_identify(src) by extension 'python'
[1.216s] Level 1:colcon.colcon_core.package_identification:_identify(src) by extensions ['python_setup_py']
[1.217s] Level 1:colcon.colcon_core.package_identification:_identify(src) by extension 'python_setup_py'
[1.217s] Level 1:colcon.colcon_core.package_identification:_identify(src/my_servo_controller) by extensions ['ignore', 'ignore_ament_install']
[1.217s] Level 1:colcon.colcon_core.package_identification:_identify(src/my_servo_controller) by extension 'ignore'
[1.217s] Level 1:colcon.colcon_core.package_identification:_identify(src/my_servo_controller) by extension 'ignore_ament_install'
[1.217s] Level 1:colcon.colcon_core.package_identification:_identify(src/my_servo_controller) by extensions ['colcon_pkg']
[1.217s] Level 1:colcon.colcon_core.package_identification:_identify(src/my_servo_controller) by extension 'colcon_pkg'
[1.217s] Level 1:colcon.colcon_core.package_identification:_identify(src/my_servo_controller) by extensions ['colcon_meta']
[1.217s] Level 1:colcon.colcon_core.package_identification:_identify(src/my_servo_controller) by extension 'colcon_meta'
[1.217s] Level 1:colcon.colcon_core.package_identification:_identify(src/my_servo_controller) by extensions ['ros']
[1.217s] Level 1:colcon.colcon_core.package_identification:_identify(src/my_servo_controller) by extension 'ros'
[1.224s] DEBUG:colcon.colcon_core.package_identification:Package 'src/my_servo_controller' with type 'ros.ament_python' and name 'my_servo_controller'
[1.224s] Level 1:colcon.colcon_core.package_identification:_identify(src/ros2_heinz_me) by extensions ['ignore', 'ignore_ament_install']
[1.225s] Level 1:colcon.colcon_core.package_identification:_identify(src/ros2_heinz_me) by extension 'ignore'
[1.225s] Level 1:colcon.colcon_core.package_identification:_identify(src/ros2_heinz_me) by extension 'ignore_ament_install'
[1.225s] Level 1:colcon.colcon_core.package_identification:_identify(src/ros2_heinz_me) by extensions ['colcon_pkg']
[1.225s] Level 1:colcon.colcon_core.package_identification:_identify(src/ros2_heinz_me) by extension 'colcon_pkg'
[1.225s] Level 1:colcon.colcon_core.package_identification:_identify(src/ros2_heinz_me) by extensions ['colcon_meta']
[1.225s] Level 1:colcon.colcon_core.package_identification:_identify(src/ros2_heinz_me) by extension 'colcon_meta'
[1.225s] Level 1:colcon.colcon_core.package_identification:_identify(src/ros2_heinz_me) by extensions ['ros']
[1.225s] Level 1:colcon.colcon_core.package_identification:_identify(src/ros2_heinz_me) by extension 'ros'
[1.225s] Level 1:colcon.colcon_core.package_identification:_identify(src/ros2_heinz_me) by extensions ['cmake', 'python']
[1.225s] Level 1:colcon.colcon_core.package_identification:_identify(src/ros2_heinz_me) by extension 'cmake'
[1.225s] Level 1:colcon.colcon_core.package_identification:_identify(src/ros2_heinz_me) by extension 'python'
[1.225s] Level 1:colcon.colcon_core.package_identification:_identify(src/ros2_heinz_me) by extensions ['python_setup_py']
[1.225s] Level 1:colcon.colcon_core.package_identification:_identify(src/ros2_heinz_me) by extension 'python_setup_py'
[1.226s] Level 1:colcon.colcon_core.package_identification:_identify(src/ros2_heinz_me/h1_gazebo_sim) by extensions ['ignore', 'ignore_ament_install']
[1.226s] Level 1:colcon.colcon_core.package_identification:_identify(src/ros2_heinz_me/h1_gazebo_sim) by extension 'ignore'
[1.226s] Level 1:colcon.colcon_core.package_identification:_identify(src/ros2_heinz_me/h1_gazebo_sim) by extension 'ignore_ament_install'
[1.226s] Level 1:colcon.colcon_core.package_identification:_identify(src/ros2_heinz_me/h1_gazebo_sim) by extensions ['colcon_pkg']
[1.226s] Level 1:colcon.colcon_core.package_identification:_identify(src/ros2_heinz_me/h1_gazebo_sim) by extension 'colcon_pkg'
[1.226s] Level 1:colcon.colcon_core.package_identification:_identify(src/ros2_heinz_me/h1_gazebo_sim) by extensions ['colcon_meta']
[1.226s] Level 1:colcon.colcon_core.package_identification:_identify(src/ros2_heinz_me/h1_gazebo_sim) by extension 'colcon_meta'
[1.226s] Level 1:colcon.colcon_core.package_identification:_identify(src/ros2_heinz_me/h1_gazebo_sim) by extensions ['ros']
[1.226s] Level 1:colcon.colcon_core.package_identification:_identify(src/ros2_heinz_me/h1_gazebo_sim) by extension 'ros'
[1.226s] Level 1:colcon.colcon_core.package_identification:_identify(src/ros2_heinz_me/h1_gazebo_sim) by extensions ['cmake', 'python']
[1.226s] Level 1:colcon.colcon_core.package_identification:_identify(src/ros2_heinz_me/h1_gazebo_sim) by extension 'cmake'
[1.226s] Level 1:colcon.colcon_core.package_identification:_identify(src/ros2_heinz_me/h1_gazebo_sim) by extension 'python'
[1.226s] Level 1:colcon.colcon_core.package_identification:_identify(src/ros2_heinz_me/h1_gazebo_sim) by extensions ['python_setup_py']
[1.226s] Level 1:colcon.colcon_core.package_identification:_identify(src/ros2_heinz_me/h1_gazebo_sim) by extension 'python_setup_py'
[1.226s] Level 1:colcon.colcon_core.package_identification:_identify(src/ros2_heinz_me/h1_gazebo_sim/ros_gz_h1_bringup) by extensions ['ignore', 'ignore_ament_install']
[1.227s] Level 1:colcon.colcon_core.package_identification:_identify(src/ros2_heinz_me/h1_gazebo_sim/ros_gz_h1_bringup) by extension 'ignore'
[1.227s] Level 1:colcon.colcon_core.package_identification:_identify(src/ros2_heinz_me/h1_gazebo_sim/ros_gz_h1_bringup) by extension 'ignore_ament_install'
[1.227s] Level 1:colcon.colcon_core.package_identification:_identify(src/ros2_heinz_me/h1_gazebo_sim/ros_gz_h1_bringup) by extensions ['colcon_pkg']
[1.227s] Level 1:colcon.colcon_core.package_identification:_identify(src/ros2_heinz_me/h1_gazebo_sim/ros_gz_h1_bringup) by extension 'colcon_pkg'
[1.227s] Level 1:colcon.colcon_core.package_identification:_identify(src/ros2_heinz_me/h1_gazebo_sim/ros_gz_h1_bringup) by extensions ['colcon_meta']
[1.227s] Level 1:colcon.colcon_core.package_identification:_identify(src/ros2_heinz_me/h1_gazebo_sim/ros_gz_h1_bringup) by extension 'colcon_meta'
[1.227s] Level 1:colcon.colcon_core.package_identification:_identify(src/ros2_heinz_me/h1_gazebo_sim/ros_gz_h1_bringup) by extensions ['ros']
[1.227s] Level 1:colcon.colcon_core.package_identification:_identify(src/ros2_heinz_me/h1_gazebo_sim/ros_gz_h1_bringup) by extension 'ros'
[1.229s] DEBUG:colcon.colcon_core.package_identification:Package 'src/ros2_heinz_me/h1_gazebo_sim/ros_gz_h1_bringup' with type 'ros.ament_cmake' and name 'ros_gz_h1_bringup'
[1.229s] Level 1:colcon.colcon_core.package_identification:_identify(src/ros2_heinz_me/h1_gazebo_sim/ros_gz_h1_description) by extensions ['ignore', 'ignore_ament_install']
[1.229s] Level 1:colcon.colcon_core.package_identification:_identify(src/ros2_heinz_me/h1_gazebo_sim/ros_gz_h1_description) by extension 'ignore'
[1.230s] Level 1:colcon.colcon_core.package_identification:_identify(src/ros2_heinz_me/h1_gazebo_sim/ros_gz_h1_description) by extension 'ignore_ament_install'
[1.230s] Level 1:colcon.colcon_core.package_identification:_identify(src/ros2_heinz_me/h1_gazebo_sim/ros_gz_h1_description) by extensions ['colcon_pkg']
[1.230s] Level 1:colcon.colcon_core.package_identification:_identify(src/ros2_heinz_me/h1_gazebo_sim/ros_gz_h1_description) by extension 'colcon_pkg'
[1.230s] Level 1:colcon.colcon_core.package_identification:_identify(src/ros2_heinz_me/h1_gazebo_sim/ros_gz_h1_description) by extensions ['colcon_meta']
[1.230s] Level 1:colcon.colcon_core.package_identification:_identify(src/ros2_heinz_me/h1_gazebo_sim/ros_gz_h1_description) by extension 'colcon_meta'
[1.230s] Level 1:colcon.colcon_core.package_identification:_identify(src/ros2_heinz_me/h1_gazebo_sim/ros_gz_h1_description) by extensions ['ros']
[1.230s] Level 1:colcon.colcon_core.package_identification:_identify(src/ros2_heinz_me/h1_gazebo_sim/ros_gz_h1_description) by extension 'ros'
[1.231s] DEBUG:colcon.colcon_core.package_identification:Package 'src/ros2_heinz_me/h1_gazebo_sim/ros_gz_h1_description' with type 'ros.ament_cmake' and name 'ros_gz_h1_description'
[1.231s] Level 1:colcon.colcon_core.package_identification:_identify(src/ros2_heinz_me/h1_gazebo_sim/ros_gz_h1_gazebo) by extensions ['ignore', 'ignore_ament_install']
[1.231s] Level 1:colcon.colcon_core.package_identification:_identify(src/ros2_heinz_me/h1_gazebo_sim/ros_gz_h1_gazebo) by extension 'ignore'
[1.231s] Level 1:colcon.colcon_core.package_identification:_identify(src/ros2_heinz_me/h1_gazebo_sim/ros_gz_h1_gazebo) by extension 'ignore_ament_install'
[1.232s] Level 1:colcon.colcon_core.package_identification:_identify(src/ros2_heinz_me/h1_gazebo_sim/ros_gz_h1_gazebo) by extensions ['colcon_pkg']
[1.232s] Level 1:colcon.colcon_core.package_identification:_identify(src/ros2_heinz_me/h1_gazebo_sim/ros_gz_h1_gazebo) by extension 'colcon_pkg'
[1.232s] Level 1:colcon.colcon_core.package_identification:_identify(src/ros2_heinz_me/h1_gazebo_sim/ros_gz_h1_gazebo) by extensions ['colcon_meta']
[1.232s] Level 1:colcon.colcon_core.package_identification:_identify(src/ros2_heinz_me/h1_gazebo_sim/ros_gz_h1_gazebo) by extension 'colcon_meta'
[1.232s] Level 1:colcon.colcon_core.package_identification:_identify(src/ros2_heinz_me/h1_gazebo_sim/ros_gz_h1_gazebo) by extensions ['ros']
[1.232s] Level 1:colcon.colcon_core.package_identification:_identify(src/ros2_heinz_me/h1_gazebo_sim/ros_gz_h1_gazebo) by extension 'ros'
[1.233s] DEBUG:colcon.colcon_core.package_identification:Package 'src/ros2_heinz_me/h1_gazebo_sim/ros_gz_h1_gazebo' with type 'ros.ament_cmake' and name 'ros_gz_h1_gazebo'
[1.233s] Level 1:colcon.colcon_core.package_identification:_identify(src/servo_interfaces) by extensions ['ignore', 'ignore_ament_install']
[1.234s] Level 1:colcon.colcon_core.package_identification:_identify(src/servo_interfaces) by extension 'ignore'
[1.234s] Level 1:colcon.colcon_core.package_identification:_identify(src/servo_interfaces) by extension 'ignore_ament_install'
[1.234s] Level 1:colcon.colcon_core.package_identification:_identify(src/servo_interfaces) by extensions ['colcon_pkg']
[1.234s] Level 1:colcon.colcon_core.package_identification:_identify(src/servo_interfaces) by extension 'colcon_pkg'
[1.234s] Level 1:colcon.colcon_core.package_identification:_identify(src/servo_interfaces) by extensions ['colcon_meta']
[1.234s] Level 1:colcon.colcon_core.package_identification:_identify(src/servo_interfaces) by extension 'colcon_meta'
[1.234s] Level 1:colcon.colcon_core.package_identification:_identify(src/servo_interfaces) by extensions ['ros']
[1.234s] Level 1:colcon.colcon_core.package_identification:_identify(src/servo_interfaces) by extension 'ros'
[1.235s] DEBUG:colcon.colcon_core.package_identification:Package 'src/servo_interfaces' with type 'ros.ament_cmake' and name 'servo_interfaces'
[1.236s] Level 1:colcon.colcon_core.package_identification:_identify(src/yolo_ros) by extensions ['ignore', 'ignore_ament_install']
[1.236s] Level 1:colcon.colcon_core.package_identification:_identify(src/yolo_ros) by extension 'ignore'
[1.236s] Level 1:colcon.colcon_core.package_identification:_identify(src/yolo_ros) by extension 'ignore_ament_install'
[1.236s] Level 1:colcon.colcon_core.package_identification:_identify(src/yolo_ros) by extensions ['colcon_pkg']
[1.236s] Level 1:colcon.colcon_core.package_identification:_identify(src/yolo_ros) by extension 'colcon_pkg'
[1.236s] Level 1:colcon.colcon_core.package_identification:_identify(src/yolo_ros) by extensions ['colcon_meta']
[1.236s] Level 1:colcon.colcon_core.package_identification:_identify(src/yolo_ros) by extension 'colcon_meta'
[1.236s] Level 1:colcon.colcon_core.package_identification:_identify(src/yolo_ros) by extensions ['ros']
[1.236s] Level 1:colcon.colcon_core.package_identification:_identify(src/yolo_ros) by extension 'ros'
[1.236s] Level 1:colcon.colcon_core.package_identification:_identify(src/yolo_ros) by extensions ['cmake', 'python']
[1.236s] Level 1:colcon.colcon_core.package_identification:_identify(src/yolo_ros) by extension 'cmake'
[1.236s] Level 1:colcon.colcon_core.package_identification:_identify(src/yolo_ros) by extension 'python'
[1.236s] Level 1:colcon.colcon_core.package_identification:_identify(src/yolo_ros) by extensions ['python_setup_py']
[1.236s] Level 1:colcon.colcon_core.package_identification:_identify(src/yolo_ros) by extension 'python_setup_py'
[1.236s] Level 1:colcon.colcon_core.package_discovery:discover_packages(recursive) using defaults
[1.237s] Level 1:colcon.colcon_core.package_discovery:discover_packages(ignore) discover
[1.237s] Level 1:colcon.colcon_core.package_discovery:discover_packages(ignore) using defaults
[1.237s] Level 1:colcon.colcon_core.package_discovery:discover_packages(path) discover
[1.237s] Level 1:colcon.colcon_core.package_discovery:discover_packages(path) using defaults
[1.286s] Level 1:colcon.colcon_core.package_discovery:discover_packages(prefix_path) check parameters
[1.286s] Level 1:colcon.colcon_core.package_discovery:discover_packages(prefix_path) discover
[1.301s] DEBUG:colcon.colcon_installed_package_information.package_discovery:Found 325 installed packages in /opt/ros/jazzy
[1.305s] Level 1:colcon.colcon_core.package_discovery:discover_packages(prefix_path) using defaults
[1.417s] Level 5:colcon.colcon_core.verb:set package 'ros_gz_h1_description' build argument 'cmake_args' from command line to 'None'
[1.417s] Level 5:colcon.colcon_core.verb:set package 'ros_gz_h1_description' build argument 'cmake_target' from command line to 'None'
[1.417s] Level 5:colcon.colcon_core.verb:set package 'ros_gz_h1_description' build argument 'cmake_target_skip_unavailable' from command line to 'False'
[1.418s] Level 5:colcon.colcon_core.verb:set package 'ros_gz_h1_description' build argument 'cmake_clean_cache' from command line to 'False'
[1.418s] Level 5:colcon.colcon_core.verb:set package 'ros_gz_h1_description' build argument 'cmake_clean_first' from command line to 'False'
[1.418s] Level 5:colcon.colcon_core.verb:set package 'ros_gz_h1_description' build argument 'cmake_force_configure' from command line to 'False'
[1.418s] Level 5:colcon.colcon_core.verb:set package 'ros_gz_h1_description' build argument 'ament_cmake_args' from command line to 'None'
[1.418s] Level 5:colcon.colcon_core.verb:set package 'ros_gz_h1_description' build argument 'catkin_cmake_args' from command line to 'None'
[1.418s] Level 5:colcon.colcon_core.verb:set package 'ros_gz_h1_description' build argument 'catkin_skip_building_tests' from command line to 'False'
[1.418s] DEBUG:colcon.colcon_core.verb:Building package 'ros_gz_h1_description' with the following arguments: {'ament_cmake_args': None, 'build_base': '/home/rasp/humanoid_ros2/robot_ws/build/ros_gz_h1_description', 'catkin_cmake_args': None, 'catkin_skip_building_tests': False, 'cmake_args': None, 'cmake_clean_cache': False, 'cmake_clean_first': False, 'cmake_force_configure': False, 'cmake_target': None, 'cmake_target_skip_unavailable': False, 'install_base': '/home/rasp/humanoid_ros2/robot_ws/install/ros_gz_h1_description', 'merge_install': False, 'path': '/home/rasp/humanoid_ros2/robot_ws/src/ros2_heinz_me/h1_gazebo_sim/ros_gz_h1_description', 'symlink_install': False, 'test_result_base': None}
[1.419s] Level 5:colcon.colcon_core.verb:set package 'servo_interfaces' build argument 'cmake_args' from command line to 'None'
[1.419s] Level 5:colcon.colcon_core.verb:set package 'servo_interfaces' build argument 'cmake_target' from command line to 'None'
[1.419s] Level 5:colcon.colcon_core.verb:set package 'servo_interfaces' build argument 'cmake_target_skip_unavailable' from command line to 'False'
[1.419s] Level 5:colcon.colcon_core.verb:set package 'servo_interfaces' build argument 'cmake_clean_cache' from command line to 'False'
[1.419s] Level 5:colcon.colcon_core.verb:set package 'servo_interfaces' build argument 'cmake_clean_first' from command line to 'False'
[1.419s] Level 5:colcon.colcon_core.verb:set package 'servo_interfaces' build argument 'cmake_force_configure' from command line to 'False'
[1.420s] Level 5:colcon.colcon_core.verb:set package 'servo_interfaces' build argument 'ament_cmake_args' from command line to 'None'
[1.420s] Level 5:colcon.colcon_core.verb:set package 'servo_interfaces' build argument 'catkin_cmake_args' from command line to 'None'
[1.420s] Level 5:colcon.colcon_core.verb:set package 'servo_interfaces' build argument 'catkin_skip_building_tests' from command line to 'False'
[1.420s] DEBUG:colcon.colcon_core.verb:Building package 'servo_interfaces' with the following arguments: {'ament_cmake_args': None, 'build_base': '/home/rasp/humanoid_ros2/robot_ws/build/servo_interfaces', 'catkin_cmake_args': None, 'catkin_skip_building_tests': False, 'cmake_args': None, 'cmake_clean_cache': False, 'cmake_clean_first': False, 'cmake_force_configure': False, 'cmake_target': None, 'cmake_target_skip_unavailable': False, 'install_base': '/home/rasp/humanoid_ros2/robot_ws/install/servo_interfaces', 'merge_install': False, 'path': '/home/rasp/humanoid_ros2/robot_ws/src/servo_interfaces', 'symlink_install': False, 'test_result_base': None}
[1.421s] Level 5:colcon.colcon_core.verb:set package 'my_servo_controller' build argument 'cmake_args' from command line to 'None'
[1.421s] Level 5:colcon.colcon_core.verb:set package 'my_servo_controller' build argument 'cmake_target' from command line to 'None'
[1.421s] Level 5:colcon.colcon_core.verb:set package 'my_servo_controller' build argument 'cmake_target_skip_unavailable' from command line to 'False'
[1.421s] Level 5:colcon.colcon_core.verb:set package 'my_servo_controller' build argument 'cmake_clean_cache' from command line to 'False'
[1.421s] Level 5:colcon.colcon_core.verb:set package 'my_servo_controller' build argument 'cmake_clean_first' from command line to 'False'
[1.421s] Level 5:colcon.colcon_core.verb:set package 'my_servo_controller' build argument 'cmake_force_configure' from command line to 'False'
[1.421s] Level 5:colcon.colcon_core.verb:set package 'my_servo_controller' build argument 'ament_cmake_args' from command line to 'None'
[1.421s] Level 5:colcon.colcon_core.verb:set package 'my_servo_controller' build argument 'catkin_cmake_args' from command line to 'None'
[1.421s] Level 5:colcon.colcon_core.verb:set package 'my_servo_controller' build argument 'catkin_skip_building_tests' from command line to 'False'
[1.421s] DEBUG:colcon.colcon_core.verb:Building package 'my_servo_controller' with the following arguments: {'ament_cmake_args': None, 'build_base': '/home/rasp/humanoid_ros2/robot_ws/build/my_servo_controller', 'catkin_cmake_args': None, 'catkin_skip_building_tests': False, 'cmake_args': None, 'cmake_clean_cache': False, 'cmake_clean_first': False, 'cmake_force_configure': False, 'cmake_target': None, 'cmake_target_skip_unavailable': False, 'install_base': '/home/rasp/humanoid_ros2/robot_ws/install/my_servo_controller', 'merge_install': False, 'path': '/home/rasp/humanoid_ros2/robot_ws/src/my_servo_controller', 'symlink_install': False, 'test_result_base': None}
[1.422s] Level 5:colcon.colcon_core.verb:set package 'ros_gz_h1_gazebo' build argument 'cmake_args' from command line to 'None'
[1.422s] Level 5:colcon.colcon_core.verb:set package 'ros_gz_h1_gazebo' build argument 'cmake_target' from command line to 'None'
[1.422s] Level 5:colcon.colcon_core.verb:set package 'ros_gz_h1_gazebo' build argument 'cmake_target_skip_unavailable' from command line to 'False'
[1.422s] Level 5:colcon.colcon_core.verb:set package 'ros_gz_h1_gazebo' build argument 'cmake_clean_cache' from command line to 'False'
[1.422s] Level 5:colcon.colcon_core.verb:set package 'ros_gz_h1_gazebo' build argument 'cmake_clean_first' from command line to 'False'
[1.422s] Level 5:colcon.colcon_core.verb:set package 'ros_gz_h1_gazebo' build argument 'cmake_force_configure' from command line to 'False'
[1.422s] Level 5:colcon.colcon_core.verb:set package 'ros_gz_h1_gazebo' build argument 'ament_cmake_args' from command line to 'None'
[1.422s] Level 5:colcon.colcon_core.verb:set package 'ros_gz_h1_gazebo' build argument 'catkin_cmake_args' from command line to 'None'
[1.422s] Level 5:colcon.colcon_core.verb:set package 'ros_gz_h1_gazebo' build argument 'catkin_skip_building_tests' from command line to 'False'
[1.422s] DEBUG:colcon.colcon_core.verb:Building package 'ros_gz_h1_gazebo' with the following arguments: {'ament_cmake_args': None, 'build_base': '/home/rasp/humanoid_ros2/robot_ws/build/ros_gz_h1_gazebo', 'catkin_cmake_args': None, 'catkin_skip_building_tests': False, 'cmake_args': None, 'cmake_clean_cache': False, 'cmake_clean_first': False, 'cmake_force_configure': False, 'cmake_target': None, 'cmake_target_skip_unavailable': False, 'install_base': '/home/rasp/humanoid_ros2/robot_ws/install/ros_gz_h1_gazebo', 'merge_install': False, 'path': '/home/rasp/humanoid_ros2/robot_ws/src/ros2_heinz_me/h1_gazebo_sim/ros_gz_h1_gazebo', 'symlink_install': False, 'test_result_base': None}
[1.423s] Level 5:colcon.colcon_core.verb:set package 'ros_gz_h1_bringup' build argument 'cmake_args' from command line to 'None'
[1.423s] Level 5:colcon.colcon_core.verb:set package 'ros_gz_h1_bringup' build argument 'cmake_target' from command line to 'None'
[1.423s] Level 5:colcon.colcon_core.verb:set package 'ros_gz_h1_bringup' build argument 'cmake_target_skip_unavailable' from command line to 'False'
[1.423s] Level 5:colcon.colcon_core.verb:set package 'ros_gz_h1_bringup' build argument 'cmake_clean_cache' from command line to 'False'
[1.423s] Level 5:colcon.colcon_core.verb:set package 'ros_gz_h1_bringup' build argument 'cmake_clean_first' from command line to 'False'
[1.423s] Level 5:colcon.colcon_core.verb:set package 'ros_gz_h1_bringup' build argument 'cmake_force_configure' from command line to 'False'
[1.423s] Level 5:colcon.colcon_core.verb:set package 'ros_gz_h1_bringup' build argument 'ament_cmake_args' from command line to 'None'
[1.423s] Level 5:colcon.colcon_core.verb:set package 'ros_gz_h1_bringup' build argument 'catkin_cmake_args' from command line to 'None'
[1.423s] Level 5:colcon.colcon_core.verb:set package 'ros_gz_h1_bringup' build argument 'catkin_skip_building_tests' from command line to 'False'
[1.423s] DEBUG:colcon.colcon_core.verb:Building package 'ros_gz_h1_bringup' with the following arguments: {'ament_cmake_args': None, 'build_base': '/home/rasp/humanoid_ros2/robot_ws/build/ros_gz_h1_bringup', 'catkin_cmake_args': None, 'catkin_skip_building_tests': False, 'cmake_args': None, 'cmake_clean_cache': False, 'cmake_clean_first': False, 'cmake_force_configure': False, 'cmake_target': None, 'cmake_target_skip_unavailable': False, 'install_base': '/home/rasp/humanoid_ros2/robot_ws/install/ros_gz_h1_bringup', 'merge_install': False, 'path': '/home/rasp/humanoid_ros2/robot_ws/src/ros2_heinz_me/h1_gazebo_sim/ros_gz_h1_bringup', 'symlink_install': False, 'test_result_base': None}
[1.424s] INFO:colcon.colcon_core.executor:Executing jobs using 'parallel' executor
[1.427s] DEBUG:colcon.colcon_parallel_executor.executor.parallel:run_until_complete
[1.427s] INFO:colcon.colcon_ros.task.ament_cmake.build:Building ROS package in '/home/rasp/humanoid_ros2/robot_ws/src/ros2_heinz_me/h1_gazebo_sim/ros_gz_h1_description' with build type 'ament_cmake'
[1.427s] INFO:colcon.colcon_cmake.task.cmake.build:Building CMake package in '/home/rasp/humanoid_ros2/robot_ws/src/ros2_heinz_me/h1_gazebo_sim/ros_gz_h1_description'
[1.435s] INFO:colcon.colcon_core.plugin_system:Skipping extension 'colcon_core.shell.bat': Not used on non-Windows systems
[1.435s] INFO:colcon.colcon_core.shell:Skip shell extension 'powershell' for command environment: Not usable outside of PowerShell
[1.435s] DEBUG:colcon.colcon_core.shell:Skip shell extension 'dsv' for command environment
[1.440s] INFO:colcon.colcon_ros.task.ament_cmake.build:Building ROS package in '/home/rasp/humanoid_ros2/robot_ws/src/servo_interfaces' with build type 'ament_cmake'
[1.441s] INFO:colcon.colcon_cmake.task.cmake.build:Building CMake package in '/home/rasp/humanoid_ros2/robot_ws/src/servo_interfaces'
[1.441s] INFO:colcon.colcon_core.shell:Skip shell extension 'powershell' for command environment: Not usable outside of PowerShell
[1.441s] DEBUG:colcon.colcon_core.shell:Skip shell extension 'dsv' for command environment
[1.455s] DEBUG:colcon.colcon_core.event_handler.log_command:Invoking command in '/home/rasp/humanoid_ros2/robot_ws/build/ros_gz_h1_description': CMAKE_PREFIX_PATH=${CMAKE_PREFIX_PATH}:/opt/ros/jazzy DEBUGINFOD_URLS=https://debuginfod.ubuntu.com VIRTUAL_ENV_PROMPT=(yolo_env) /usr/bin/cmake --build /home/rasp/humanoid_ros2/robot_ws/build/ros_gz_h1_description -- -j4 -l4
[1.473s] DEBUG:colcon.colcon_core.event_handler.log_command:Invoking command in '/home/rasp/humanoid_ros2/robot_ws/build/servo_interfaces': CMAKE_PREFIX_PATH=${CMAKE_PREFIX_PATH}:/opt/ros/jazzy DEBUGINFOD_URLS=https://debuginfod.ubuntu.com VIRTUAL_ENV_PROMPT=(yolo_env) /usr/bin/cmake --build /home/rasp/humanoid_ros2/robot_ws/build/servo_interfaces -- -j4 -l4
[1.760s] DEBUG:colcon.colcon_core.event_handler.log_command:Invoked command in '/home/rasp/humanoid_ros2/robot_ws/build/ros_gz_h1_description' returned '0': CMAKE_PREFIX_PATH=${CMAKE_PREFIX_PATH}:/opt/ros/jazzy DEBUGINFOD_URLS=https://debuginfod.ubuntu.com VIRTUAL_ENV_PROMPT=(yolo_env) /usr/bin/cmake --build /home/rasp/humanoid_ros2/robot_ws/build/ros_gz_h1_description -- -j4 -l4
[1.802s] DEBUG:colcon.colcon_core.event_handler.log_command:Invoking command in '/home/rasp/humanoid_ros2/robot_ws/build/ros_gz_h1_description': CMAKE_PREFIX_PATH=${CMAKE_PREFIX_PATH}:/opt/ros/jazzy DEBUGINFOD_URLS=https://debuginfod.ubuntu.com VIRTUAL_ENV_PROMPT=(yolo_env) /usr/bin/cmake --install /home/rasp/humanoid_ros2/robot_ws/build/ros_gz_h1_description
[1.857s] Level 1:colcon.colcon_core.environment:create_environment_scripts_only(ros_gz_h1_description)
[1.871s] DEBUG:colcon.colcon_core.event_handler.log_command:Invoked command in '/home/rasp/humanoid_ros2/robot_ws/build/ros_gz_h1_description' returned '0': CMAKE_PREFIX_PATH=${CMAKE_PREFIX_PATH}:/opt/ros/jazzy DEBUGINFOD_URLS=https://debuginfod.ubuntu.com VIRTUAL_ENV_PROMPT=(yolo_env) /usr/bin/cmake --install /home/rasp/humanoid_ros2/robot_ws/build/ros_gz_h1_description
[1.873s] Level 1:colcon.colcon_core.environment:checking '/home/rasp/humanoid_ros2/robot_ws/install/ros_gz_h1_description' for CMake module files
[1.874s] Level 1:colcon.colcon_core.environment:checking '/home/rasp/humanoid_ros2/robot_ws/install/ros_gz_h1_description' for CMake config files
[1.874s] Level 1:colcon.colcon_core.shell:create_environment_hook('ros_gz_h1_description', 'cmake_prefix_path')
[1.875s] INFO:colcon.colcon_core.shell:Creating environment hook '/home/rasp/humanoid_ros2/robot_ws/install/ros_gz_h1_description/share/ros_gz_h1_description/hook/cmake_prefix_path.ps1'
[1.880s] INFO:colcon.colcon_core.shell:Creating environment descriptor '/home/rasp/humanoid_ros2/robot_ws/install/ros_gz_h1_description/share/ros_gz_h1_description/hook/cmake_prefix_path.dsv'
[1.884s] INFO:colcon.colcon_core.shell:Creating environment hook '/home/rasp/humanoid_ros2/robot_ws/install/ros_gz_h1_description/share/ros_gz_h1_description/hook/cmake_prefix_path.sh'
[1.890s] Level 1:colcon.colcon_core.environment:checking '/home/rasp/humanoid_ros2/robot_ws/install/ros_gz_h1_description/bin'
[1.891s] Level 1:colcon.colcon_core.environment:checking '/home/rasp/humanoid_ros2/robot_ws/install/ros_gz_h1_description/lib/pkgconfig/ros_gz_h1_description.pc'
[1.892s] Level 1:colcon.colcon_core.environment:checking '/home/rasp/humanoid_ros2/robot_ws/install/ros_gz_h1_description/lib/python3.12/site-packages'
[1.893s] Level 1:colcon.colcon_core.environment:checking '/home/rasp/humanoid_ros2/robot_ws/install/ros_gz_h1_description/bin'
[1.894s] INFO:colcon.colcon_core.shell:Creating package script '/home/rasp/humanoid_ros2/robot_ws/install/ros_gz_h1_description/share/ros_gz_h1_description/package.ps1'
[1.899s] INFO:colcon.colcon_core.shell:Creating package descriptor '/home/rasp/humanoid_ros2/robot_ws/install/ros_gz_h1_description/share/ros_gz_h1_description/package.dsv'
[1.901s] INFO:colcon.colcon_core.shell:Creating package script '/home/rasp/humanoid_ros2/robot_ws/install/ros_gz_h1_description/share/ros_gz_h1_description/package.sh'
[1.904s] INFO:colcon.colcon_core.shell:Creating package script '/home/rasp/humanoid_ros2/robot_ws/install/ros_gz_h1_description/share/ros_gz_h1_description/package.bash'
[1.909s] INFO:colcon.colcon_core.shell:Creating package script '/home/rasp/humanoid_ros2/robot_ws/install/ros_gz_h1_description/share/ros_gz_h1_description/package.zsh'
[1.914s] Level 1:colcon.colcon_core.environment:create_file_with_runtime_dependencies(/home/rasp/humanoid_ros2/robot_ws/install/ros_gz_h1_description/share/colcon-core/packages/ros_gz_h1_description)
[1.915s] Level 1:colcon.colcon_core.environment:create_environment_scripts_only(ros_gz_h1_description)
[1.915s] Level 1:colcon.colcon_core.environment:checking '/home/rasp/humanoid_ros2/robot_ws/install/ros_gz_h1_description' for CMake module files
[1.916s] Level 1:colcon.colcon_core.environment:checking '/home/rasp/humanoid_ros2/robot_ws/install/ros_gz_h1_description' for CMake config files
[1.917s] Level 1:colcon.colcon_core.shell:create_environment_hook('ros_gz_h1_description', 'cmake_prefix_path')
[1.917s] INFO:colcon.colcon_core.shell:Creating environment hook '/home/rasp/humanoid_ros2/robot_ws/install/ros_gz_h1_description/share/ros_gz_h1_description/hook/cmake_prefix_path.ps1'
[1.918s] INFO:colcon.colcon_core.shell:Creating environment descriptor '/home/rasp/humanoid_ros2/robot_ws/install/ros_gz_h1_description/share/ros_gz_h1_description/hook/cmake_prefix_path.dsv'
[1.919s] INFO:colcon.colcon_core.shell:Creating environment hook '/home/rasp/humanoid_ros2/robot_ws/install/ros_gz_h1_description/share/ros_gz_h1_description/hook/cmake_prefix_path.sh'
[1.920s] Level 1:colcon.colcon_core.environment:checking '/home/rasp/humanoid_ros2/robot_ws/install/ros_gz_h1_description/bin'
[1.920s] Level 1:colcon.colcon_core.environment:checking '/home/rasp/humanoid_ros2/robot_ws/install/ros_gz_h1_description/lib/pkgconfig/ros_gz_h1_description.pc'
[1.921s] Level 1:colcon.colcon_core.environment:checking '/home/rasp/humanoid_ros2/robot_ws/install/ros_gz_h1_description/lib/python3.12/site-packages'
[1.922s] Level 1:colcon.colcon_core.environment:checking '/home/rasp/humanoid_ros2/robot_ws/install/ros_gz_h1_description/bin'
[1.922s] INFO:colcon.colcon_core.shell:Creating package script '/home/rasp/humanoid_ros2/robot_ws/install/ros_gz_h1_description/share/ros_gz_h1_description/package.ps1'
[1.924s] INFO:colcon.colcon_core.shell:Creating package descriptor '/home/rasp/humanoid_ros2/robot_ws/install/ros_gz_h1_description/share/ros_gz_h1_description/package.dsv'
[1.925s] INFO:colcon.colcon_core.shell:Creating package script '/home/rasp/humanoid_ros2/robot_ws/install/ros_gz_h1_description/share/ros_gz_h1_description/package.sh'
[1.926s] INFO:colcon.colcon_core.shell:Creating package script '/home/rasp/humanoid_ros2/robot_ws/install/ros_gz_h1_description/share/ros_gz_h1_description/package.bash'
[1.927s] INFO:colcon.colcon_core.shell:Creating package script '/home/rasp/humanoid_ros2/robot_ws/install/ros_gz_h1_description/share/ros_gz_h1_description/package.zsh'
[1.932s] Level 1:colcon.colcon_core.environment:create_file_with_runtime_dependencies(/home/rasp/humanoid_ros2/robot_ws/install/ros_gz_h1_description/share/colcon-core/packages/ros_gz_h1_description)
[1.933s] INFO:colcon.colcon_ros.task.ament_cmake.build:Building ROS package in '/home/rasp/humanoid_ros2/robot_ws/src/ros2_heinz_me/h1_gazebo_sim/ros_gz_h1_gazebo' with build type 'ament_cmake'
[1.934s] INFO:colcon.colcon_cmake.task.cmake.build:Building CMake package in '/home/rasp/humanoid_ros2/robot_ws/src/ros2_heinz_me/h1_gazebo_sim/ros_gz_h1_gazebo'
[1.934s] INFO:colcon.colcon_core.shell:Skip shell extension 'powershell' for command environment: Not usable outside of PowerShell
[1.935s] DEBUG:colcon.colcon_core.shell:Skip shell extension 'dsv' for command environment
[1.964s] DEBUG:colcon.colcon_core.event_handler.log_command:Invoking command in '/home/rasp/humanoid_ros2/robot_ws/build/ros_gz_h1_gazebo': AMENT_PREFIX_PATH=/home/rasp/humanoid_ros2/robot_ws/install/ros_gz_h1_description:${AMENT_PREFIX_PATH} CMAKE_PREFIX_PATH=/home/rasp/humanoid_ros2/robot_ws/install/ros_gz_h1_description:/opt/ros/jazzy/opt/gz_sim_vendor:/opt/ros/jazzy/opt/gz_sensors_vendor:/opt/ros/jazzy/opt/gz_physics_vendor:/opt/ros/jazzy/opt/sdformat_vendor:/opt/ros/jazzy/opt/gz_gui_vendor:/opt/ros/jazzy/opt/gz_transport_vendor:/opt/ros/jazzy/opt/gz_rendering_vendor:/opt/ros/jazzy/opt/gz_plugin_vendor:/opt/ros/jazzy/opt/gz_fuel_tools_vendor:/opt/ros/jazzy/opt/gz_msgs_vendor:/opt/ros/jazzy/opt/gz_common_vendor:/opt/ros/jazzy/opt/gz_math_vendor:/opt/ros/jazzy/opt/gz_utils_vendor:/opt/ros/jazzy/opt/gz_tools_vendor:/opt/ros/jazzy/opt/gz_ogre_next_vendor:/opt/ros/jazzy/opt/gz_dartsim_vendor:/opt/ros/jazzy/opt/gz_cmake_vendor:/opt/ros/jazzy DEBUGINFOD_URLS=https://debuginfod.ubuntu.com GZ_SIM_RESOURCE_PATH=/home/rasp/humanoid_ros2/robot_ws/install/ros_gz_h1_description/share/ros_gz_h1_description/models:${GZ_SIM_RESOURCE_PATH} VIRTUAL_ENV_PROMPT=(yolo_env) /usr/bin/cmake --build /home/rasp/humanoid_ros2/robot_ws/build/ros_gz_h1_gazebo -- -j4 -l4
[2.230s] DEBUG:colcon.colcon_core.event_handler.log_command:Invoked command in '/home/rasp/humanoid_ros2/robot_ws/build/ros_gz_h1_gazebo' returned '0': AMENT_PREFIX_PATH=/home/rasp/humanoid_ros2/robot_ws/install/ros_gz_h1_description:${AMENT_PREFIX_PATH} CMAKE_PREFIX_PATH=/home/rasp/humanoid_ros2/robot_ws/install/ros_gz_h1_description:/opt/ros/jazzy/opt/gz_sim_vendor:/opt/ros/jazzy/opt/gz_sensors_vendor:/opt/ros/jazzy/opt/gz_physics_vendor:/opt/ros/jazzy/opt/sdformat_vendor:/opt/ros/jazzy/opt/gz_gui_vendor:/opt/ros/jazzy/opt/gz_transport_vendor:/opt/ros/jazzy/opt/gz_rendering_vendor:/opt/ros/jazzy/opt/gz_plugin_vendor:/opt/ros/jazzy/opt/gz_fuel_tools_vendor:/opt/ros/jazzy/opt/gz_msgs_vendor:/opt/ros/jazzy/opt/gz_common_vendor:/opt/ros/jazzy/opt/gz_math_vendor:/opt/ros/jazzy/opt/gz_utils_vendor:/opt/ros/jazzy/opt/gz_tools_vendor:/opt/ros/jazzy/opt/gz_ogre_next_vendor:/opt/ros/jazzy/opt/gz_dartsim_vendor:/opt/ros/jazzy/opt/gz_cmake_vendor:/opt/ros/jazzy DEBUGINFOD_URLS=https://debuginfod.ubuntu.com GZ_SIM_RESOURCE_PATH=/home/rasp/humanoid_ros2/robot_ws/install/ros_gz_h1_description/share/ros_gz_h1_description/models:${GZ_SIM_RESOURCE_PATH} VIRTUAL_ENV_PROMPT=(yolo_env) /usr/bin/cmake --build /home/rasp/humanoid_ros2/robot_ws/build/ros_gz_h1_gazebo -- -j4 -l4
[2.240s] DEBUG:colcon.colcon_core.event_handler.log_command:Invoking command in '/home/rasp/humanoid_ros2/robot_ws/build/ros_gz_h1_gazebo': AMENT_PREFIX_PATH=/home/rasp/humanoid_ros2/robot_ws/install/ros_gz_h1_description:${AMENT_PREFIX_PATH} CMAKE_PREFIX_PATH=/home/rasp/humanoid_ros2/robot_ws/install/ros_gz_h1_description:/opt/ros/jazzy/opt/gz_sim_vendor:/opt/ros/jazzy/opt/gz_sensors_vendor:/opt/ros/jazzy/opt/gz_physics_vendor:/opt/ros/jazzy/opt/sdformat_vendor:/opt/ros/jazzy/opt/gz_gui_vendor:/opt/ros/jazzy/opt/gz_transport_vendor:/opt/ros/jazzy/opt/gz_rendering_vendor:/opt/ros/jazzy/opt/gz_plugin_vendor:/opt/ros/jazzy/opt/gz_fuel_tools_vendor:/opt/ros/jazzy/opt/gz_msgs_vendor:/opt/ros/jazzy/opt/gz_common_vendor:/opt/ros/jazzy/opt/gz_math_vendor:/opt/ros/jazzy/opt/gz_utils_vendor:/opt/ros/jazzy/opt/gz_tools_vendor:/opt/ros/jazzy/opt/gz_ogre_next_vendor:/opt/ros/jazzy/opt/gz_dartsim_vendor:/opt/ros/jazzy/opt/gz_cmake_vendor:/opt/ros/jazzy DEBUGINFOD_URLS=https://debuginfod.ubuntu.com GZ_SIM_RESOURCE_PATH=/home/rasp/humanoid_ros2/robot_ws/install/ros_gz_h1_description/share/ros_gz_h1_description/models:${GZ_SIM_RESOURCE_PATH} VIRTUAL_ENV_PROMPT=(yolo_env) /usr/bin/cmake --install /home/rasp/humanoid_ros2/robot_ws/build/ros_gz_h1_gazebo
[2.291s] Level 1:colcon.colcon_core.environment:create_environment_scripts_only(ros_gz_h1_gazebo)
[2.292s] Level 1:colcon.colcon_core.environment:checking '/home/rasp/humanoid_ros2/robot_ws/install/ros_gz_h1_gazebo' for CMake module files
[2.293s] DEBUG:colcon.colcon_core.event_handler.log_command:Invoked command in '/home/rasp/humanoid_ros2/robot_ws/build/ros_gz_h1_gazebo' returned '0': AMENT_PREFIX_PATH=/home/rasp/humanoid_ros2/robot_ws/install/ros_gz_h1_description:${AMENT_PREFIX_PATH} CMAKE_PREFIX_PATH=/home/rasp/humanoid_ros2/robot_ws/install/ros_gz_h1_description:/opt/ros/jazzy/opt/gz_sim_vendor:/opt/ros/jazzy/opt/gz_sensors_vendor:/opt/ros/jazzy/opt/gz_physics_vendor:/opt/ros/jazzy/opt/sdformat_vendor:/opt/ros/jazzy/opt/gz_gui_vendor:/opt/ros/jazzy/opt/gz_transport_vendor:/opt/ros/jazzy/opt/gz_rendering_vendor:/opt/ros/jazzy/opt/gz_plugin_vendor:/opt/ros/jazzy/opt/gz_fuel_tools_vendor:/opt/ros/jazzy/opt/gz_msgs_vendor:/opt/ros/jazzy/opt/gz_common_vendor:/opt/ros/jazzy/opt/gz_math_vendor:/opt/ros/jazzy/opt/gz_utils_vendor:/opt/ros/jazzy/opt/gz_tools_vendor:/opt/ros/jazzy/opt/gz_ogre_next_vendor:/opt/ros/jazzy/opt/gz_dartsim_vendor:/opt/ros/jazzy/opt/gz_cmake_vendor:/opt/ros/jazzy DEBUGINFOD_URLS=https://debuginfod.ubuntu.com GZ_SIM_RESOURCE_PATH=/home/rasp/humanoid_ros2/robot_ws/install/ros_gz_h1_description/share/ros_gz_h1_description/models:${GZ_SIM_RESOURCE_PATH} VIRTUAL_ENV_PROMPT=(yolo_env) /usr/bin/cmake --install /home/rasp/humanoid_ros2/robot_ws/build/ros_gz_h1_gazebo
[2.293s] Level 1:colcon.colcon_core.environment:checking '/home/rasp/humanoid_ros2/robot_ws/install/ros_gz_h1_gazebo' for CMake config files
[2.294s] Level 1:colcon.colcon_core.shell:create_environment_hook('ros_gz_h1_gazebo', 'cmake_prefix_path')
[2.294s] INFO:colcon.colcon_core.shell:Creating environment hook '/home/rasp/humanoid_ros2/robot_ws/install/ros_gz_h1_gazebo/share/ros_gz_h1_gazebo/hook/cmake_prefix_path.ps1'
[2.295s] INFO:colcon.colcon_core.shell:Creating environment descriptor '/home/rasp/humanoid_ros2/robot_ws/install/ros_gz_h1_gazebo/share/ros_gz_h1_gazebo/hook/cmake_prefix_path.dsv'
[2.296s] INFO:colcon.colcon_core.shell:Creating environment hook '/home/rasp/humanoid_ros2/robot_ws/install/ros_gz_h1_gazebo/share/ros_gz_h1_gazebo/hook/cmake_prefix_path.sh'
[2.298s] Level 1:colcon.colcon_core.environment:checking '/home/rasp/humanoid_ros2/robot_ws/install/ros_gz_h1_gazebo/bin'
[2.299s] Level 1:colcon.colcon_core.environment:checking '/home/rasp/humanoid_ros2/robot_ws/install/ros_gz_h1_gazebo/lib/pkgconfig/ros_gz_h1_gazebo.pc'
[2.299s] Level 1:colcon.colcon_core.environment:checking '/home/rasp/humanoid_ros2/robot_ws/install/ros_gz_h1_gazebo/lib/python3.12/site-packages'
[2.300s] Level 1:colcon.colcon_core.environment:checking '/home/rasp/humanoid_ros2/robot_ws/install/ros_gz_h1_gazebo/bin'
[2.300s] INFO:colcon.colcon_core.shell:Creating package script '/home/rasp/humanoid_ros2/robot_ws/install/ros_gz_h1_gazebo/share/ros_gz_h1_gazebo/package.ps1'
[2.302s] INFO:colcon.colcon_core.shell:Creating package descriptor '/home/rasp/humanoid_ros2/robot_ws/install/ros_gz_h1_gazebo/share/ros_gz_h1_gazebo/package.dsv'
[2.303s] INFO:colcon.colcon_core.shell:Creating package script '/home/rasp/humanoid_ros2/robot_ws/install/ros_gz_h1_gazebo/share/ros_gz_h1_gazebo/package.sh'
[2.304s] INFO:colcon.colcon_core.shell:Creating package script '/home/rasp/humanoid_ros2/robot_ws/install/ros_gz_h1_gazebo/share/ros_gz_h1_gazebo/package.bash'
[2.305s] INFO:colcon.colcon_core.shell:Creating package script '/home/rasp/humanoid_ros2/robot_ws/install/ros_gz_h1_gazebo/share/ros_gz_h1_gazebo/package.zsh'
[2.306s] Level 1:colcon.colcon_core.environment:create_file_with_runtime_dependencies(/home/rasp/humanoid_ros2/robot_ws/install/ros_gz_h1_gazebo/share/colcon-core/packages/ros_gz_h1_gazebo)
[2.307s] Level 1:colcon.colcon_core.environment:create_environment_scripts_only(ros_gz_h1_gazebo)
[2.308s] Level 1:colcon.colcon_core.environment:checking '/home/rasp/humanoid_ros2/robot_ws/install/ros_gz_h1_gazebo' for CMake module files
[2.309s] Level 1:colcon.colcon_core.environment:checking '/home/rasp/humanoid_ros2/robot_ws/install/ros_gz_h1_gazebo' for CMake config files
[2.309s] Level 1:colcon.colcon_core.shell:create_environment_hook('ros_gz_h1_gazebo', 'cmake_prefix_path')
[2.309s] INFO:colcon.colcon_core.shell:Creating environment hook '/home/rasp/humanoid_ros2/robot_ws/install/ros_gz_h1_gazebo/share/ros_gz_h1_gazebo/hook/cmake_prefix_path.ps1'
[2.310s] INFO:colcon.colcon_core.shell:Creating environment descriptor '/home/rasp/humanoid_ros2/robot_ws/install/ros_gz_h1_gazebo/share/ros_gz_h1_gazebo/hook/cmake_prefix_path.dsv'
[2.311s] INFO:colcon.colcon_core.shell:Creating environment hook '/home/rasp/humanoid_ros2/robot_ws/install/ros_gz_h1_gazebo/share/ros_gz_h1_gazebo/hook/cmake_prefix_path.sh'
[2.312s] Level 1:colcon.colcon_core.environment:checking '/home/rasp/humanoid_ros2/robot_ws/install/ros_gz_h1_gazebo/bin'
[2.312s] Level 1:colcon.colcon_core.environment:checking '/home/rasp/humanoid_ros2/robot_ws/install/ros_gz_h1_gazebo/lib/pkgconfig/ros_gz_h1_gazebo.pc'
[2.312s] Level 1:colcon.colcon_core.environment:checking '/home/rasp/humanoid_ros2/robot_ws/install/ros_gz_h1_gazebo/lib/python3.12/site-packages'
[2.313s] Level 1:colcon.colcon_core.environment:checking '/home/rasp/humanoid_ros2/robot_ws/install/ros_gz_h1_gazebo/bin'
[2.313s] INFO:colcon.colcon_core.shell:Creating package script '/home/rasp/humanoid_ros2/robot_ws/install/ros_gz_h1_gazebo/share/ros_gz_h1_gazebo/package.ps1'
[2.314s] INFO:colcon.colcon_core.shell:Creating package descriptor '/home/rasp/humanoid_ros2/robot_ws/install/ros_gz_h1_gazebo/share/ros_gz_h1_gazebo/package.dsv'
[2.315s] INFO:colcon.colcon_core.shell:Creating package script '/home/rasp/humanoid_ros2/robot_ws/install/ros_gz_h1_gazebo/share/ros_gz_h1_gazebo/package.sh'
[2.315s] INFO:colcon.colcon_core.shell:Creating package script '/home/rasp/humanoid_ros2/robot_ws/install/ros_gz_h1_gazebo/share/ros_gz_h1_gazebo/package.bash'
[2.318s] INFO:colcon.colcon_core.shell:Creating package script '/home/rasp/humanoid_ros2/robot_ws/install/ros_gz_h1_gazebo/share/ros_gz_h1_gazebo/package.zsh'
[2.319s] Level 1:colcon.colcon_core.environment:create_file_with_runtime_dependencies(/home/rasp/humanoid_ros2/robot_ws/install/ros_gz_h1_gazebo/share/colcon-core/packages/ros_gz_h1_gazebo)
[2.319s] INFO:colcon.colcon_ros.task.ament_cmake.build:Building ROS package in '/home/rasp/humanoid_ros2/robot_ws/src/ros2_heinz_me/h1_gazebo_sim/ros_gz_h1_bringup' with build type 'ament_cmake'
[2.319s] INFO:colcon.colcon_cmake.task.cmake.build:Building CMake package in '/home/rasp/humanoid_ros2/robot_ws/src/ros2_heinz_me/h1_gazebo_sim/ros_gz_h1_bringup'
[2.320s] INFO:colcon.colcon_core.shell:Skip shell extension 'powershell' for command environment: Not usable outside of PowerShell
[2.320s] DEBUG:colcon.colcon_core.shell:Skip shell extension 'dsv' for command environment
[2.353s] DEBUG:colcon.colcon_core.event_handler.log_command:Invoking command in '/home/rasp/humanoid_ros2/robot_ws/build/ros_gz_h1_bringup': AMENT_PREFIX_PATH=/home/rasp/humanoid_ros2/robot_ws/install/ros_gz_h1_gazebo:/home/rasp/humanoid_ros2/robot_ws/install/ros_gz_h1_description:${AMENT_PREFIX_PATH} CMAKE_PREFIX_PATH=/home/rasp/humanoid_ros2/robot_ws/install/ros_gz_h1_gazebo:/home/rasp/humanoid_ros2/robot_ws/install/ros_gz_h1_description:/opt/ros/jazzy/opt/gz_sim_vendor:/opt/ros/jazzy/opt/gz_sensors_vendor:/opt/ros/jazzy/opt/gz_physics_vendor:/opt/ros/jazzy/opt/sdformat_vendor:/opt/ros/jazzy/opt/gz_gui_vendor:/opt/ros/jazzy/opt/gz_transport_vendor:/opt/ros/jazzy/opt/gz_rendering_vendor:/opt/ros/jazzy/opt/gz_plugin_vendor:/opt/ros/jazzy/opt/gz_fuel_tools_vendor:/opt/ros/jazzy/opt/gz_msgs_vendor:/opt/ros/jazzy/opt/gz_common_vendor:/opt/ros/jazzy/opt/gz_math_vendor:/opt/ros/jazzy/opt/gz_utils_vendor:/opt/ros/jazzy/opt/gz_tools_vendor:/opt/ros/jazzy/opt/gz_ogre_next_vendor:/opt/ros/jazzy/opt/gz_dartsim_vendor:/opt/ros/jazzy/opt/gz_cmake_vendor:/opt/ros/jazzy DEBUGINFOD_URLS=https://debuginfod.ubuntu.com GZ_SIM_PLUGIN_PATH=/home/rasp/humanoid_ros2/robot_ws/install/ros_gz_h1_gazebo/lib/ros_gz_h1_gazebo GZ_SIM_RESOURCE_PATH=/home/rasp/humanoid_ros2/robot_ws/install/ros_gz_h1_gazebo/share/ros_gz_h1_gazebo/worlds:/home/rasp/humanoid_ros2/robot_ws/install/ros_gz_h1_description/share/ros_gz_h1_description/models:${GZ_SIM_RESOURCE_PATH} VIRTUAL_ENV_PROMPT=(yolo_env) /usr/bin/cmake --build /home/rasp/humanoid_ros2/robot_ws/build/ros_gz_h1_bringup -- -j4 -l4
[2.463s] DEBUG:colcon.colcon_core.event_handler.log_command:Invoked command in '/home/rasp/humanoid_ros2/robot_ws/build/ros_gz_h1_bringup' returned '0': AMENT_PREFIX_PATH=/home/rasp/humanoid_ros2/robot_ws/install/ros_gz_h1_gazebo:/home/rasp/humanoid_ros2/robot_ws/install/ros_gz_h1_description:${AMENT_PREFIX_PATH} CMAKE_PREFIX_PATH=/home/rasp/humanoid_ros2/robot_ws/install/ros_gz_h1_gazebo:/home/rasp/humanoid_ros2/robot_ws/install/ros_gz_h1_description:/opt/ros/jazzy/opt/gz_sim_vendor:/opt/ros/jazzy/opt/gz_sensors_vendor:/opt/ros/jazzy/opt/gz_physics_vendor:/opt/ros/jazzy/opt/sdformat_vendor:/opt/ros/jazzy/opt/gz_gui_vendor:/opt/ros/jazzy/opt/gz_transport_vendor:/opt/ros/jazzy/opt/gz_rendering_vendor:/opt/ros/jazzy/opt/gz_plugin_vendor:/opt/ros/jazzy/opt/gz_fuel_tools_vendor:/opt/ros/jazzy/opt/gz_msgs_vendor:/opt/ros/jazzy/opt/gz_common_vendor:/opt/ros/jazzy/opt/gz_math_vendor:/opt/ros/jazzy/opt/gz_utils_vendor:/opt/ros/jazzy/opt/gz_tools_vendor:/opt/ros/jazzy/opt/gz_ogre_next_vendor:/opt/ros/jazzy/opt/gz_dartsim_vendor:/opt/ros/jazzy/opt/gz_cmake_vendor:/opt/ros/jazzy DEBUGINFOD_URLS=https://debuginfod.ubuntu.com GZ_SIM_PLUGIN_PATH=/home/rasp/humanoid_ros2/robot_ws/install/ros_gz_h1_gazebo/lib/ros_gz_h1_gazebo GZ_SIM_RESOURCE_PATH=/home/rasp/humanoid_ros2/robot_ws/install/ros_gz_h1_gazebo/share/ros_gz_h1_gazebo/worlds:/home/rasp/humanoid_ros2/robot_ws/install/ros_gz_h1_description/share/ros_gz_h1_description/models:${GZ_SIM_RESOURCE_PATH} VIRTUAL_ENV_PROMPT=(yolo_env) /usr/bin/cmake --build /home/rasp/humanoid_ros2/robot_ws/build/ros_gz_h1_bringup -- -j4 -l4
[2.466s] DEBUG:colcon.colcon_core.event_handler.log_command:Invoking command in '/home/rasp/humanoid_ros2/robot_ws/build/ros_gz_h1_bringup': AMENT_PREFIX_PATH=/home/rasp/humanoid_ros2/robot_ws/install/ros_gz_h1_gazebo:/home/rasp/humanoid_ros2/robot_ws/install/ros_gz_h1_description:${AMENT_PREFIX_PATH} CMAKE_PREFIX_PATH=/home/rasp/humanoid_ros2/robot_ws/install/ros_gz_h1_gazebo:/home/rasp/humanoid_ros2/robot_ws/install/ros_gz_h1_description:/opt/ros/jazzy/opt/gz_sim_vendor:/opt/ros/jazzy/opt/gz_sensors_vendor:/opt/ros/jazzy/opt/gz_physics_vendor:/opt/ros/jazzy/opt/sdformat_vendor:/opt/ros/jazzy/opt/gz_gui_vendor:/opt/ros/jazzy/opt/gz_transport_vendor:/opt/ros/jazzy/opt/gz_rendering_vendor:/opt/ros/jazzy/opt/gz_plugin_vendor:/opt/ros/jazzy/opt/gz_fuel_tools_vendor:/opt/ros/jazzy/opt/gz_msgs_vendor:/opt/ros/jazzy/opt/gz_common_vendor:/opt/ros/jazzy/opt/gz_math_vendor:/opt/ros/jazzy/opt/gz_utils_vendor:/opt/ros/jazzy/opt/gz_tools_vendor:/opt/ros/jazzy/opt/gz_ogre_next_vendor:/opt/ros/jazzy/opt/gz_dartsim_vendor:/opt/ros/jazzy/opt/gz_cmake_vendor:/opt/ros/jazzy DEBUGINFOD_URLS=https://debuginfod.ubuntu.com GZ_SIM_PLUGIN_PATH=/home/rasp/humanoid_ros2/robot_ws/install/ros_gz_h1_gazebo/lib/ros_gz_h1_gazebo GZ_SIM_RESOURCE_PATH=/home/rasp/humanoid_ros2/robot_ws/install/ros_gz_h1_gazebo/share/ros_gz_h1_gazebo/worlds:/home/rasp/humanoid_ros2/robot_ws/install/ros_gz_h1_description/share/ros_gz_h1_description/models:${GZ_SIM_RESOURCE_PATH} VIRTUAL_ENV_PROMPT=(yolo_env) /usr/bin/cmake --install /home/rasp/humanoid_ros2/robot_ws/build/ros_gz_h1_bringup
[2.496s] Level 1:colcon.colcon_core.environment:create_environment_scripts_only(ros_gz_h1_bringup)
[2.497s] Level 1:colcon.colcon_core.environment:checking '/home/rasp/humanoid_ros2/robot_ws/install/ros_gz_h1_bringup' for CMake module files
[2.497s] DEBUG:colcon.colcon_core.event_handler.log_command:Invoked command in '/home/rasp/humanoid_ros2/robot_ws/build/ros_gz_h1_bringup' returned '0': AMENT_PREFIX_PATH=/home/rasp/humanoid_ros2/robot_ws/install/ros_gz_h1_gazebo:/home/rasp/humanoid_ros2/robot_ws/install/ros_gz_h1_description:${AMENT_PREFIX_PATH} CMAKE_PREFIX_PATH=/home/rasp/humanoid_ros2/robot_ws/install/ros_gz_h1_gazebo:/home/rasp/humanoid_ros2/robot_ws/install/ros_gz_h1_description:/opt/ros/jazzy/opt/gz_sim_vendor:/opt/ros/jazzy/opt/gz_sensors_vendor:/opt/ros/jazzy/opt/gz_physics_vendor:/opt/ros/jazzy/opt/sdformat_vendor:/opt/ros/jazzy/opt/gz_gui_vendor:/opt/ros/jazzy/opt/gz_transport_vendor:/opt/ros/jazzy/opt/gz_rendering_vendor:/opt/ros/jazzy/opt/gz_plugin_vendor:/opt/ros/jazzy/opt/gz_fuel_tools_vendor:/opt/ros/jazzy/opt/gz_msgs_vendor:/opt/ros/jazzy/opt/gz_common_vendor:/opt/ros/jazzy/opt/gz_math_vendor:/opt/ros/jazzy/opt/gz_utils_vendor:/opt/ros/jazzy/opt/gz_tools_vendor:/opt/ros/jazzy/opt/gz_ogre_next_vendor:/opt/ros/jazzy/opt/gz_dartsim_vendor:/opt/ros/jazzy/opt/gz_cmake_vendor:/opt/ros/jazzy DEBUGINFOD_URLS=https://debuginfod.ubuntu.com GZ_SIM_PLUGIN_PATH=/home/rasp/humanoid_ros2/robot_ws/install/ros_gz_h1_gazebo/lib/ros_gz_h1_gazebo GZ_SIM_RESOURCE_PATH=/home/rasp/humanoid_ros2/robot_ws/install/ros_gz_h1_gazebo/share/ros_gz_h1_gazebo/worlds:/home/rasp/humanoid_ros2/robot_ws/install/ros_gz_h1_description/share/ros_gz_h1_description/models:${GZ_SIM_RESOURCE_PATH} VIRTUAL_ENV_PROMPT=(yolo_env) /usr/bin/cmake --install /home/rasp/humanoid_ros2/robot_ws/build/ros_gz_h1_bringup
[2.498s] Level 1:colcon.colcon_core.environment:checking '/home/rasp/humanoid_ros2/robot_ws/install/ros_gz_h1_bringup' for CMake config files
[2.499s] Level 1:colcon.colcon_core.shell:create_environment_hook('ros_gz_h1_bringup', 'cmake_prefix_path')
[2.499s] INFO:colcon.colcon_core.shell:Creating environment hook '/home/rasp/humanoid_ros2/robot_ws/install/ros_gz_h1_bringup/share/ros_gz_h1_bringup/hook/cmake_prefix_path.ps1'
[2.500s] INFO:colcon.colcon_core.shell:Creating environment descriptor '/home/rasp/humanoid_ros2/robot_ws/install/ros_gz_h1_bringup/share/ros_gz_h1_bringup/hook/cmake_prefix_path.dsv'
[2.502s] INFO:colcon.colcon_core.shell:Creating environment hook '/home/rasp/humanoid_ros2/robot_ws/install/ros_gz_h1_bringup/share/ros_gz_h1_bringup/hook/cmake_prefix_path.sh'
[2.503s] Level 1:colcon.colcon_core.environment:checking '/home/rasp/humanoid_ros2/robot_ws/install/ros_gz_h1_bringup/bin'
[2.503s] Level 1:colcon.colcon_core.environment:checking '/home/rasp/humanoid_ros2/robot_ws/install/ros_gz_h1_bringup/lib/pkgconfig/ros_gz_h1_bringup.pc'
[2.504s] Level 1:colcon.colcon_core.environment:checking '/home/rasp/humanoid_ros2/robot_ws/install/ros_gz_h1_bringup/lib/python3.12/site-packages'
[2.504s] Level 1:colcon.colcon_core.environment:checking '/home/rasp/humanoid_ros2/robot_ws/install/ros_gz_h1_bringup/bin'
[2.505s] INFO:colcon.colcon_core.shell:Creating package script '/home/rasp/humanoid_ros2/robot_ws/install/ros_gz_h1_bringup/share/ros_gz_h1_bringup/package.ps1'
[2.506s] INFO:colcon.colcon_core.shell:Creating package descriptor '/home/rasp/humanoid_ros2/robot_ws/install/ros_gz_h1_bringup/share/ros_gz_h1_bringup/package.dsv'
[2.507s] INFO:colcon.colcon_core.shell:Creating package script '/home/rasp/humanoid_ros2/robot_ws/install/ros_gz_h1_bringup/share/ros_gz_h1_bringup/package.sh'
[2.507s] INFO:colcon.colcon_core.shell:Creating package script '/home/rasp/humanoid_ros2/robot_ws/install/ros_gz_h1_bringup/share/ros_gz_h1_bringup/package.bash'
[2.508s] INFO:colcon.colcon_core.shell:Creating package script '/home/rasp/humanoid_ros2/robot_ws/install/ros_gz_h1_bringup/share/ros_gz_h1_bringup/package.zsh'
[2.508s] Level 1:colcon.colcon_core.environment:create_file_with_runtime_dependencies(/home/rasp/humanoid_ros2/robot_ws/install/ros_gz_h1_bringup/share/colcon-core/packages/ros_gz_h1_bringup)
[2.509s] Level 1:colcon.colcon_core.environment:create_environment_scripts_only(ros_gz_h1_bringup)
[2.510s] Level 1:colcon.colcon_core.environment:checking '/home/rasp/humanoid_ros2/robot_ws/install/ros_gz_h1_bringup' for CMake module files
[2.511s] Level 1:colcon.colcon_core.environment:checking '/home/rasp/humanoid_ros2/robot_ws/install/ros_gz_h1_bringup' for CMake config files
[2.511s] Level 1:colcon.colcon_core.shell:create_environment_hook('ros_gz_h1_bringup', 'cmake_prefix_path')
[2.512s] INFO:colcon.colcon_core.shell:Creating environment hook '/home/rasp/humanoid_ros2/robot_ws/install/ros_gz_h1_bringup/share/ros_gz_h1_bringup/hook/cmake_prefix_path.ps1'
[2.512s] INFO:colcon.colcon_core.shell:Creating environment descriptor '/home/rasp/humanoid_ros2/robot_ws/install/ros_gz_h1_bringup/share/ros_gz_h1_bringup/hook/cmake_prefix_path.dsv'
[2.513s] INFO:colcon.colcon_core.shell:Creating environment hook '/home/rasp/humanoid_ros2/robot_ws/install/ros_gz_h1_bringup/share/ros_gz_h1_bringup/hook/cmake_prefix_path.sh'
[2.514s] Level 1:colcon.colcon_core.environment:checking '/home/rasp/humanoid_ros2/robot_ws/install/ros_gz_h1_bringup/bin'
[2.514s] Level 1:colcon.colcon_core.environment:checking '/home/rasp/humanoid_ros2/robot_ws/install/ros_gz_h1_bringup/lib/pkgconfig/ros_gz_h1_bringup.pc'
[2.514s] Level 1:colcon.colcon_core.environment:checking '/home/rasp/humanoid_ros2/robot_ws/install/ros_gz_h1_bringup/lib/python3.12/site-packages'
[2.515s] Level 1:colcon.colcon_core.environment:checking '/home/rasp/humanoid_ros2/robot_ws/install/ros_gz_h1_bringup/bin'
[2.515s] INFO:colcon.colcon_core.shell:Creating package script '/home/rasp/humanoid_ros2/robot_ws/install/ros_gz_h1_bringup/share/ros_gz_h1_bringup/package.ps1'
[2.516s] INFO:colcon.colcon_core.shell:Creating package descriptor '/home/rasp/humanoid_ros2/robot_ws/install/ros_gz_h1_bringup/share/ros_gz_h1_bringup/package.dsv'
[2.517s] INFO:colcon.colcon_core.shell:Creating package script '/home/rasp/humanoid_ros2/robot_ws/install/ros_gz_h1_bringup/share/ros_gz_h1_bringup/package.sh'
[2.517s] INFO:colcon.colcon_core.shell:Creating package script '/home/rasp/humanoid_ros2/robot_ws/install/ros_gz_h1_bringup/share/ros_gz_h1_bringup/package.bash'
[2.518s] INFO:colcon.colcon_core.shell:Creating package script '/home/rasp/humanoid_ros2/robot_ws/install/ros_gz_h1_bringup/share/ros_gz_h1_bringup/package.zsh'
[2.518s] Level 1:colcon.colcon_core.environment:create_file_with_runtime_dependencies(/home/rasp/humanoid_ros2/robot_ws/install/ros_gz_h1_bringup/share/colcon-core/packages/ros_gz_h1_bringup)
[2.998s] DEBUG:colcon.colcon_core.event_handler.log_command:Invoked command in '/home/rasp/humanoid_ros2/robot_ws/build/servo_interfaces' returned '0': CMAKE_PREFIX_PATH=${CMAKE_PREFIX_PATH}:/opt/ros/jazzy DEBUGINFOD_URLS=https://debuginfod.ubuntu.com VIRTUAL_ENV_PROMPT=(yolo_env) /usr/bin/cmake --build /home/rasp/humanoid_ros2/robot_ws/build/servo_interfaces -- -j4 -l4
[3.008s] DEBUG:colcon.colcon_core.event_handler.log_command:Invoking command in '/home/rasp/humanoid_ros2/robot_ws/build/servo_interfaces': CMAKE_PREFIX_PATH=${CMAKE_PREFIX_PATH}:/opt/ros/jazzy DEBUGINFOD_URLS=https://debuginfod.ubuntu.com VIRTUAL_ENV_PROMPT=(yolo_env) /usr/bin/cmake --install /home/rasp/humanoid_ros2/robot_ws/build/servo_interfaces
[3.164s] Level 1:colcon.colcon_core.environment:create_environment_scripts_only(servo_interfaces)
[3.165s] Level 1:colcon.colcon_core.environment:checking '/home/rasp/humanoid_ros2/robot_ws/install/servo_interfaces' for CMake module files
[3.166s] DEBUG:colcon.colcon_core.event_handler.log_command:Invoked command in '/home/rasp/humanoid_ros2/robot_ws/build/servo_interfaces' returned '0': CMAKE_PREFIX_PATH=${CMAKE_PREFIX_PATH}:/opt/ros/jazzy DEBUGINFOD_URLS=https://debuginfod.ubuntu.com VIRTUAL_ENV_PROMPT=(yolo_env) /usr/bin/cmake --install /home/rasp/humanoid_ros2/robot_ws/build/servo_interfaces
[3.167s] Level 1:colcon.colcon_core.environment:checking '/home/rasp/humanoid_ros2/robot_ws/install/servo_interfaces' for CMake config files
[3.168s] Level 1:colcon.colcon_core.shell:create_environment_hook('servo_interfaces', 'cmake_prefix_path')
[3.168s] INFO:colcon.colcon_core.shell:Creating environment hook '/home/rasp/humanoid_ros2/robot_ws/install/servo_interfaces/share/servo_interfaces/hook/cmake_prefix_path.ps1'
[3.170s] INFO:colcon.colcon_core.shell:Creating environment descriptor '/home/rasp/humanoid_ros2/robot_ws/install/servo_interfaces/share/servo_interfaces/hook/cmake_prefix_path.dsv'
[3.173s] INFO:colcon.colcon_core.shell:Creating environment hook '/home/rasp/humanoid_ros2/robot_ws/install/servo_interfaces/share/servo_interfaces/hook/cmake_prefix_path.sh'
[3.175s] Level 1:colcon.colcon_core.environment:checking '/home/rasp/humanoid_ros2/robot_ws/install/servo_interfaces/lib'
[3.175s] Level 1:colcon.colcon_core.shell:create_environment_hook('servo_interfaces', 'ld_library_path_lib')
[3.176s] INFO:colcon.colcon_core.shell:Creating environment hook '/home/rasp/humanoid_ros2/robot_ws/install/servo_interfaces/share/servo_interfaces/hook/ld_library_path_lib.ps1'
[3.177s] INFO:colcon.colcon_core.shell:Creating environment descriptor '/home/rasp/humanoid_ros2/robot_ws/install/servo_interfaces/share/servo_interfaces/hook/ld_library_path_lib.dsv'
[3.178s] INFO:colcon.colcon_core.shell:Creating environment hook '/home/rasp/humanoid_ros2/robot_ws/install/servo_interfaces/share/servo_interfaces/hook/ld_library_path_lib.sh'
[3.178s] Level 1:colcon.colcon_core.environment:checking '/home/rasp/humanoid_ros2/robot_ws/install/servo_interfaces/bin'
[3.178s] Level 1:colcon.colcon_core.environment:checking '/home/rasp/humanoid_ros2/robot_ws/install/servo_interfaces/lib/pkgconfig/servo_interfaces.pc'
[3.179s] Level 1:colcon.colcon_core.environment:checking '/home/rasp/humanoid_ros2/robot_ws/install/servo_interfaces/lib/python3.12/site-packages'
[3.179s] Level 1:colcon.colcon_core.shell:create_environment_hook('servo_interfaces', 'pythonpath')
[3.179s] INFO:colcon.colcon_core.shell:Creating environment hook '/home/rasp/humanoid_ros2/robot_ws/install/servo_interfaces/share/servo_interfaces/hook/pythonpath.ps1'
[3.181s] INFO:colcon.colcon_core.shell:Creating environment descriptor '/home/rasp/humanoid_ros2/robot_ws/install/servo_interfaces/share/servo_interfaces/hook/pythonpath.dsv'
[3.181s] INFO:colcon.colcon_core.shell:Creating environment hook '/home/rasp/humanoid_ros2/robot_ws/install/servo_interfaces/share/servo_interfaces/hook/pythonpath.sh'
[3.183s] Level 1:colcon.colcon_core.environment:checking '/home/rasp/humanoid_ros2/robot_ws/install/servo_interfaces/bin'
[3.184s] INFO:colcon.colcon_core.shell:Creating package script '/home/rasp/humanoid_ros2/robot_ws/install/servo_interfaces/share/servo_interfaces/package.ps1'
[3.186s] INFO:colcon.colcon_core.shell:Creating package descriptor '/home/rasp/humanoid_ros2/robot_ws/install/servo_interfaces/share/servo_interfaces/package.dsv'
[3.186s] INFO:colcon.colcon_core.shell:Creating package script '/home/rasp/humanoid_ros2/robot_ws/install/servo_interfaces/share/servo_interfaces/package.sh'
[3.187s] INFO:colcon.colcon_core.shell:Creating package script '/home/rasp/humanoid_ros2/robot_ws/install/servo_interfaces/share/servo_interfaces/package.bash'
[3.188s] INFO:colcon.colcon_core.shell:Creating package script '/home/rasp/humanoid_ros2/robot_ws/install/servo_interfaces/share/servo_interfaces/package.zsh'
[3.189s] Level 1:colcon.colcon_core.environment:create_file_with_runtime_dependencies(/home/rasp/humanoid_ros2/robot_ws/install/servo_interfaces/share/colcon-core/packages/servo_interfaces)
[3.190s] Level 1:colcon.colcon_core.environment:create_environment_scripts_only(servo_interfaces)
[3.191s] Level 1:colcon.colcon_core.environment:checking '/home/rasp/humanoid_ros2/robot_ws/install/servo_interfaces' for CMake module files
[3.192s] Level 1:colcon.colcon_core.environment:checking '/home/rasp/humanoid_ros2/robot_ws/install/servo_interfaces' for CMake config files
[3.192s] Level 1:colcon.colcon_core.shell:create_environment_hook('servo_interfaces', 'cmake_prefix_path')
[3.193s] INFO:colcon.colcon_core.shell:Creating environment hook '/home/rasp/humanoid_ros2/robot_ws/install/servo_interfaces/share/servo_interfaces/hook/cmake_prefix_path.ps1'
[3.194s] INFO:colcon.colcon_core.shell:Creating environment descriptor '/home/rasp/humanoid_ros2/robot_ws/install/servo_interfaces/share/servo_interfaces/hook/cmake_prefix_path.dsv'
[3.195s] INFO:colcon.colcon_core.shell:Creating environment hook '/home/rasp/humanoid_ros2/robot_ws/install/servo_interfaces/share/servo_interfaces/hook/cmake_prefix_path.sh'
[3.197s] Level 1:colcon.colcon_core.environment:checking '/home/rasp/humanoid_ros2/robot_ws/install/servo_interfaces/lib'
[3.197s] Level 1:colcon.colcon_core.shell:create_environment_hook('servo_interfaces', 'ld_library_path_lib')
[3.198s] INFO:colcon.colcon_core.shell:Creating environment hook '/home/rasp/humanoid_ros2/robot_ws/install/servo_interfaces/share/servo_interfaces/hook/ld_library_path_lib.ps1'
[3.199s] INFO:colcon.colcon_core.shell:Creating environment descriptor '/home/rasp/humanoid_ros2/robot_ws/install/servo_interfaces/share/servo_interfaces/hook/ld_library_path_lib.dsv'
[3.200s] INFO:colcon.colcon_core.shell:Creating environment hook '/home/rasp/humanoid_ros2/robot_ws/install/servo_interfaces/share/servo_interfaces/hook/ld_library_path_lib.sh'
[3.202s] Level 1:colcon.colcon_core.environment:checking '/home/rasp/humanoid_ros2/robot_ws/install/servo_interfaces/bin'
[3.202s] Level 1:colcon.colcon_core.environment:checking '/home/rasp/humanoid_ros2/robot_ws/install/servo_interfaces/lib/pkgconfig/servo_interfaces.pc'
[3.202s] Level 1:colcon.colcon_core.environment:checking '/home/rasp/humanoid_ros2/robot_ws/install/servo_interfaces/lib/python3.12/site-packages'
[3.202s] Level 1:colcon.colcon_core.shell:create_environment_hook('servo_interfaces', 'pythonpath')
[3.203s] INFO:colcon.colcon_core.shell:Creating environment hook '/home/rasp/humanoid_ros2/robot_ws/install/servo_interfaces/share/servo_interfaces/hook/pythonpath.ps1'
[3.205s] INFO:colcon.colcon_core.shell:Creating environment descriptor '/home/rasp/humanoid_ros2/robot_ws/install/servo_interfaces/share/servo_interfaces/hook/pythonpath.dsv'
[3.208s] INFO:colcon.colcon_core.shell:Creating environment hook '/home/rasp/humanoid_ros2/robot_ws/install/servo_interfaces/share/servo_interfaces/hook/pythonpath.sh'
[3.211s] Level 1:colcon.colcon_core.environment:checking '/home/rasp/humanoid_ros2/robot_ws/install/servo_interfaces/bin'
[3.212s] INFO:colcon.colcon_core.shell:Creating package script '/home/rasp/humanoid_ros2/robot_ws/install/servo_interfaces/share/servo_interfaces/package.ps1'
[3.214s] INFO:colcon.colcon_core.shell:Creating package descriptor '/home/rasp/humanoid_ros2/robot_ws/install/servo_interfaces/share/servo_interfaces/package.dsv'
[3.215s] INFO:colcon.colcon_core.shell:Creating package script '/home/rasp/humanoid_ros2/robot_ws/install/servo_interfaces/share/servo_interfaces/package.sh'
[3.216s] INFO:colcon.colcon_core.shell:Creating package script '/home/rasp/humanoid_ros2/robot_ws/install/servo_interfaces/share/servo_interfaces/package.bash'
[3.217s] INFO:colcon.colcon_core.shell:Creating package script '/home/rasp/humanoid_ros2/robot_ws/install/servo_interfaces/share/servo_interfaces/package.zsh'
[3.217s] Level 1:colcon.colcon_core.environment:create_file_with_runtime_dependencies(/home/rasp/humanoid_ros2/robot_ws/install/servo_interfaces/share/colcon-core/packages/servo_interfaces)
[3.219s] INFO:colcon.colcon_ros.task.ament_python.build:Building ROS package in '/home/rasp/humanoid_ros2/robot_ws/src/my_servo_controller' with build type 'ament_python'
[3.219s] Level 1:colcon.colcon_core.shell:create_environment_hook('my_servo_controller', 'ament_prefix_path')
[3.219s] INFO:colcon.colcon_core.shell:Creating environment hook '/home/rasp/humanoid_ros2/robot_ws/install/my_servo_controller/share/my_servo_controller/hook/ament_prefix_path.ps1'
[3.220s] INFO:colcon.colcon_core.shell:Creating environment descriptor '/home/rasp/humanoid_ros2/robot_ws/install/my_servo_controller/share/my_servo_controller/hook/ament_prefix_path.dsv'
[3.221s] INFO:colcon.colcon_core.shell:Creating environment hook '/home/rasp/humanoid_ros2/robot_ws/install/my_servo_controller/share/my_servo_controller/hook/ament_prefix_path.sh'
[3.223s] INFO:colcon.colcon_core.shell:Skip shell extension 'powershell' for command environment: Not usable outside of PowerShell
[3.223s] DEBUG:colcon.colcon_core.shell:Skip shell extension 'dsv' for command environment
[4.067s] INFO:colcon.colcon_core.task.python.build:Building Python package in '/home/rasp/humanoid_ros2/robot_ws/src/my_servo_controller'
[4.071s] INFO:colcon.colcon_core.shell:Skip shell extension 'powershell' for command environment: Not usable outside of PowerShell
[4.071s] DEBUG:colcon.colcon_core.shell:Skip shell extension 'dsv' for command environment
[6.928s] DEBUG:colcon.colcon_core.event_handler.log_command:Invoking command in '/home/rasp/humanoid_ros2/robot_ws/src/my_servo_controller': AMENT_PREFIX_PATH=/home/rasp/humanoid_ros2/robot_ws/install/servo_interfaces:${AMENT_PREFIX_PATH} CMAKE_PREFIX_PATH=/home/rasp/humanoid_ros2/robot_ws/install/servo_interfaces:${CMAKE_PREFIX_PATH} DEBUGINFOD_URLS=https://debuginfod.ubuntu.com LD_LIBRARY_PATH=/home/rasp/humanoid_ros2/robot_ws/install/servo_interfaces/lib:${LD_LIBRARY_PATH} PYTHONPATH=/home/rasp/humanoid_ros2/robot_ws/build/my_servo_controller/prefix_override:/usr/lib/python3/dist-packages/colcon_core/task/python/colcon_distutils_commands:/home/rasp/humanoid_ros2/robot_ws/install/my_servo_controller/lib/python3.12/site-packages:/home/rasp/humanoid_ros2/robot_ws/install/servo_interfaces/lib/python3.12/site-packages:${PYTHONPATH} VIRTUAL_ENV_PROMPT=(yolo_env) /usr/bin/python3 -W ignore:setup.py install is deprecated -W ignore:easy_install command is deprecated setup.py egg_info --egg-base ../../build/my_servo_controller build --build-base /home/rasp/humanoid_ros2/robot_ws/build/my_servo_controller/build install --record /home/rasp/humanoid_ros2/robot_ws/build/my_servo_controller/install.log --single-version-externally-managed install_data
[7.769s] Level 1:colcon.colcon_core.environment:checking '/home/rasp/humanoid_ros2/robot_ws/install/my_servo_controller' for CMake module files
[7.770s] DEBUG:colcon.colcon_core.event_handler.log_command:Invoked command in '/home/rasp/humanoid_ros2/robot_ws/src/my_servo_controller' returned '0': AMENT_PREFIX_PATH=/home/rasp/humanoid_ros2/robot_ws/install/servo_interfaces:${AMENT_PREFIX_PATH} CMAKE_PREFIX_PATH=/home/rasp/humanoid_ros2/robot_ws/install/servo_interfaces:${CMAKE_PREFIX_PATH} DEBUGINFOD_URLS=https://debuginfod.ubuntu.com LD_LIBRARY_PATH=/home/rasp/humanoid_ros2/robot_ws/install/servo_interfaces/lib:${LD_LIBRARY_PATH} PYTHONPATH=/home/rasp/humanoid_ros2/robot_ws/build/my_servo_controller/prefix_override:/usr/lib/python3/dist-packages/colcon_core/task/python/colcon_distutils_commands:/home/rasp/humanoid_ros2/robot_ws/install/my_servo_controller/lib/python3.12/site-packages:/home/rasp/humanoid_ros2/robot_ws/install/servo_interfaces/lib/python3.12/site-packages:${PYTHONPATH} VIRTUAL_ENV_PROMPT=(yolo_env) /usr/bin/python3 -W ignore:setup.py install is deprecated -W ignore:easy_install command is deprecated setup.py egg_info --egg-base ../../build/my_servo_controller build --build-base /home/rasp/humanoid_ros2/robot_ws/build/my_servo_controller/build install --record /home/rasp/humanoid_ros2/robot_ws/build/my_servo_controller/install.log --single-version-externally-managed install_data
[7.771s] Level 1:colcon.colcon_core.environment:checking '/home/rasp/humanoid_ros2/robot_ws/install/my_servo_controller' for CMake config files
[7.772s] Level 1:colcon.colcon_core.environment:checking '/home/rasp/humanoid_ros2/robot_ws/install/my_servo_controller/lib'
[7.772s] Level 1:colcon.colcon_core.environment:checking '/home/rasp/humanoid_ros2/robot_ws/install/my_servo_controller/bin'
[7.772s] Level 1:colcon.colcon_core.environment:checking '/home/rasp/humanoid_ros2/robot_ws/install/my_servo_controller/lib/pkgconfig/my_servo_controller.pc'
[7.772s] Level 1:colcon.colcon_core.environment:checking '/home/rasp/humanoid_ros2/robot_ws/install/my_servo_controller/lib/python3.12/site-packages'
[7.772s] Level 1:colcon.colcon_core.shell:create_environment_hook('my_servo_controller', 'pythonpath')
[7.773s] INFO:colcon.colcon_core.shell:Creating environment hook '/home/rasp/humanoid_ros2/robot_ws/install/my_servo_controller/share/my_servo_controller/hook/pythonpath.ps1'
[7.773s] INFO:colcon.colcon_core.shell:Creating environment descriptor '/home/rasp/humanoid_ros2/robot_ws/install/my_servo_controller/share/my_servo_controller/hook/pythonpath.dsv'
[7.775s] INFO:colcon.colcon_core.shell:Creating environment hook '/home/rasp/humanoid_ros2/robot_ws/install/my_servo_controller/share/my_servo_controller/hook/pythonpath.sh'
[7.777s] Level 1:colcon.colcon_core.environment:checking '/home/rasp/humanoid_ros2/robot_ws/install/my_servo_controller/bin'
[7.777s] Level 1:colcon.colcon_core.environment:create_environment_scripts_only(my_servo_controller)
[7.777s] INFO:colcon.colcon_core.shell:Creating package script '/home/rasp/humanoid_ros2/robot_ws/install/my_servo_controller/share/my_servo_controller/package.ps1'
[7.778s] INFO:colcon.colcon_core.shell:Creating package descriptor '/home/rasp/humanoid_ros2/robot_ws/install/my_servo_controller/share/my_servo_controller/package.dsv'
[7.779s] INFO:colcon.colcon_core.shell:Creating package script '/home/rasp/humanoid_ros2/robot_ws/install/my_servo_controller/share/my_servo_controller/package.sh'
[7.780s] INFO:colcon.colcon_core.shell:Creating package script '/home/rasp/humanoid_ros2/robot_ws/install/my_servo_controller/share/my_servo_controller/package.bash'
[7.781s] INFO:colcon.colcon_core.shell:Creating package script '/home/rasp/humanoid_ros2/robot_ws/install/my_servo_controller/share/my_servo_controller/package.zsh'
[7.782s] Level 1:colcon.colcon_core.environment:create_file_with_runtime_dependencies(/home/rasp/humanoid_ros2/robot_ws/install/my_servo_controller/share/colcon-core/packages/my_servo_controller)
[7.783s] DEBUG:colcon.colcon_parallel_executor.executor.parallel:closing loop
[7.784s] DEBUG:colcon.colcon_parallel_executor.executor.parallel:loop closed
[7.784s] DEBUG:colcon.colcon_parallel_executor.executor.parallel:run_until_complete finished with '0'
[7.784s] DEBUG:colcon.colcon_core.event_reactor:joining thread
[7.785s] DEBUG:colcon.colcon_core.event_reactor:joined thread
[7.786s] INFO:colcon.colcon_core.shell:Creating prefix script '/home/rasp/humanoid_ros2/robot_ws/install/local_setup.ps1'
[7.787s] INFO:colcon.colcon_core.shell:Creating prefix util module '/home/rasp/humanoid_ros2/robot_ws/install/_local_setup_util_ps1.py'
[7.791s] INFO:colcon.colcon_core.shell:Creating prefix chain script '/home/rasp/humanoid_ros2/robot_ws/install/setup.ps1'
[7.796s] INFO:colcon.colcon_core.shell:Creating prefix script '/home/rasp/humanoid_ros2/robot_ws/install/local_setup.sh'
[7.801s] INFO:colcon.colcon_core.shell:Creating prefix util module '/home/rasp/humanoid_ros2/robot_ws/install/_local_setup_util_sh.py'
[7.804s] INFO:colcon.colcon_core.shell:Creating prefix chain script '/home/rasp/humanoid_ros2/robot_ws/install/setup.sh'
[7.809s] INFO:colcon.colcon_core.shell:Creating prefix script '/home/rasp/humanoid_ros2/robot_ws/install/local_setup.bash'
[7.812s] INFO:colcon.colcon_core.shell:Creating prefix chain script '/home/rasp/humanoid_ros2/robot_ws/install/setup.bash'
[7.814s] INFO:colcon.colcon_core.shell:Creating prefix script '/home/rasp/humanoid_ros2/robot_ws/install/local_setup.zsh'
[7.816s] INFO:colcon.colcon_core.shell:Creating prefix chain script '/home/rasp/humanoid_ros2/robot_ws/install/setup.zsh'
