[3.144s] Invoking command in '/home/rasp/humanoid/robot_ws/build/my_servo_controller': DEBUGINFOD_URLS=https://debuginfod.ubuntu.com PYTHONPATH=/home/rasp/humanoid/robot_ws/build/my_servo_controller/prefix_override:/usr/lib/python3/dist-packages/colcon_core/task/python/colcon_distutils_commands:/home/rasp/humanoid/robot_ws/install/my_servo_controller/lib/python3.12/site-packages:/home/rasp/humanoid/robot_ws/install/servo_interfaces/lib/python3.12/site-packages:/home/rasp/humanoid/robot_ws/install/my_servo_controller/lib/python3.12/site-packages:/opt/ros/jazzy/lib/python3.12/site-packages /usr/bin/python3 -W ignore:setup.py install is deprecated -W ignore:easy_install command is deprecated setup.py develop --editable --build-directory /home/rasp/humanoid/robot_ws/build/my_servo_controller/build --no-deps symlink_data --force
[4.430s] running develop
[5.207s] running egg_info
[5.290s] writing my_servo_controller.egg-info/PKG-INFO
[5.295s] writing dependency_links to my_servo_controller.egg-info/dependency_links.txt
[5.296s] writing entry points to my_servo_controller.egg-info/entry_points.txt
[5.296s] writing requirements to my_servo_controller.egg-info/requires.txt
[5.301s] writing top-level names to my_servo_controller.egg-info/top_level.txt
[5.456s] reading manifest file 'my_servo_controller.egg-info/SOURCES.txt'
[5.458s] writing manifest file 'my_servo_controller.egg-info/SOURCES.txt'
[5.539s] running build_ext
[5.541s] Creating /home/rasp/humanoid/robot_ws/install/my_servo_controller/lib/python3.12/site-packages/my-servo-controller.egg-link (link to .)
[5.541s] Installing action_controller_node script to /home/rasp/humanoid/robot_ws/install/my_servo_controller/lib/my_servo_controller
[5.542s] Installing gazibo_sim_node script to /home/rasp/humanoid/robot_ws/install/my_servo_controller/lib/my_servo_controller
[5.543s] Installing servo_controller_node script to /home/rasp/humanoid/robot_ws/install/my_servo_controller/lib/my_servo_controller
[5.545s] Installing servo_mover_node script to /home/rasp/humanoid/robot_ws/install/my_servo_controller/lib/my_servo_controller
[5.546s] Installing topic_controller_node script to /home/rasp/humanoid/robot_ws/install/my_servo_controller/lib/my_servo_controller
[5.547s] 
[5.547s] Installed /home/rasp/humanoid/robot_ws/build/my_servo_controller
[5.547s] running symlink_data
[5.547s] symbolically linking /home/rasp/humanoid/robot_ws/build/my_servo_controller/resource/my_servo_controller -> /home/rasp/humanoid/robot_ws/install/my_servo_controller/share/ament_index/resource_index/packages
[5.547s] symbolically linking /home/rasp/humanoid/robot_ws/build/my_servo_controller/package.xml -> /home/rasp/humanoid/robot_ws/install/my_servo_controller/share/my_servo_controller
[5.551s] symbolically linking /home/rasp/humanoid/robot_ws/build/my_servo_controller/launch/topic_controller_launch.py -> /home/rasp/humanoid/robot_ws/install/my_servo_controller/share/my_servo_controller/launch
[5.551s] symbolically linking /home/rasp/humanoid/robot_ws/build/my_servo_controller/launch/gazibo_sim_launch.py -> /home/rasp/humanoid/robot_ws/install/my_servo_controller/share/my_servo_controller/launch
[5.557s] symbolically linking /home/rasp/humanoid/robot_ws/build/my_servo_controller/launch/action_controller_launch.py -> /home/rasp/humanoid/robot_ws/install/my_servo_controller/share/my_servo_controller/launch
[5.753s] Invoked command in '/home/rasp/humanoid/robot_ws/build/my_servo_controller' returned '0': DEBUGINFOD_URLS=https://debuginfod.ubuntu.com PYTHONPATH=/home/rasp/humanoid/robot_ws/build/my_servo_controller/prefix_override:/usr/lib/python3/dist-packages/colcon_core/task/python/colcon_distutils_commands:/home/rasp/humanoid/robot_ws/install/my_servo_controller/lib/python3.12/site-packages:/home/rasp/humanoid/robot_ws/install/servo_interfaces/lib/python3.12/site-packages:/home/rasp/humanoid/robot_ws/install/my_servo_controller/lib/python3.12/site-packages:/opt/ros/jazzy/lib/python3.12/site-packages /usr/bin/python3 -W ignore:setup.py install is deprecated -W ignore:easy_install command is deprecated setup.py develop --editable --build-directory /home/rasp/humanoid/robot_ws/build/my_servo_controller/build --no-deps symlink_data --force
