[0.015s] Invoking command in '/home/rasp/robot_ws/build/ros2_pca9685': CMAKE_PREFIX_PATH=${CMAKE_PREFIX_PATH}:/home/rasp/robot_ws/install/my_servo_controller:/opt/ros/jazzy DEBUGINFOD_URLS=https://debuginfod.ubuntu.com /usr/bin/cmake --build /home/rasp/robot_ws/build/ros2_pca9685 -- -j4 -l4
[0.110s] [  2%] Built target ros2_pca9685__rosidl_generator_type_description
[0.131s] [  2%] Built target ament_cmake_python_copy_ros2_pca9685
[0.148s] [  5%] Built target ros2_pca9685__cpp
[0.151s] [ 18%] Built target ros2_pca9685__rosidl_generator_c
[0.201s] [ 26%] Built target ros2_pca9685__rosidl_typesupport_cpp
[0.201s] [ 34%] Built target ros2_pca9685__rosidl_typesupport_fastrtps_c
[0.206s] [ 42%] Built target ros2_pca9685__rosidl_typesupport_fastrtps_cpp
[0.256s] [ 50%] Built target ros2_pca9685__rosidl_typesupport_introspection_c
[0.260s] [ 57%] Built target ros2_pca9685__rosidl_typesupport_c
[0.261s] [ 65%] Built target ros2_pca9685__rosidl_typesupport_introspection_cpp
[0.306s] [ 65%] Built target ros2_pca9685
[0.326s] [ 68%] [32mBuilding CXX object CMakeFiles/ros2_pca9685_node.dir/src/pca9685_node.cpp.o[0m
[0.350s] [ 71%] Built target ros2_pca9685__py
[0.397s] [ 76%] Built target ros2_pca9685__rosidl_generator_py
[0.451s] [ 86%] Built target ros2_pca9685_s__rosidl_typesupport_introspection_c
[0.454s] [ 86%] Built target ros2_pca9685_s__rosidl_typesupport_fastrtps_c
[0.495s] [ 92%] Built target ros2_pca9685_s__rosidl_typesupport_c
[0.563s] running egg_info
[0.597s] writing ros2_pca9685.egg-info/PKG-INFO
[0.597s] writing dependency_links to ros2_pca9685.egg-info/dependency_links.txt
[0.599s] writing top-level names to ros2_pca9685.egg-info/top_level.txt
[0.694s] reading manifest file 'ros2_pca9685.egg-info/SOURCES.txt'
[0.695s] writing manifest file 'ros2_pca9685.egg-info/SOURCES.txt'
[0.788s] [ 92%] Built target ament_cmake_python_build_ros2_pca9685_egg
[3.765s] [01m[K/home/rasp/robot_ws/src/ros2_pca9685/src/pca9685_node.cpp:[m[K In member function ‘[01m[Kvoid Pca9685Node::[01;32m[KServiceCallback[m[K(ros2_pca9685::srv::SetPwm_Request_<std::allocator<void> >::SharedPtr, ros2_pca9685::srv::SetPwm_Response_<std::allocator<void> >::SharedPtr)[m[K’:
[3.765s] [01m[K/home/rasp/robot_ws/src/ros2_pca9685/src/pca9685_node.cpp:69:9:[m[K [01;31m[Kerror: [m[K‘[01m[Kdelay[m[K’ was not declared in this scope
[3.765s]    69 |         [01;31m[Kdelay[m[K(10);
[3.766s]       |         [01;31m[K^~~~~[m[K
[5.077s] gmake[2]: *** [CMakeFiles/ros2_pca9685_node.dir/build.make:104: CMakeFiles/ros2_pca9685_node.dir/src/pca9685_node.cpp.o] Error 1
[5.077s] gmake[1]: *** [CMakeFiles/Makefile2:625: CMakeFiles/ros2_pca9685_node.dir/all] Error 2
[5.078s] gmake: *** [Makefile:146: all] Error 2
[5.081s] Invoked command in '/home/rasp/robot_ws/build/ros2_pca9685' returned '2': CMAKE_PREFIX_PATH=${CMAKE_PREFIX_PATH}:/home/rasp/robot_ws/install/my_servo_controller:/opt/ros/jazzy DEBUGINFOD_URLS=https://debuginfod.ubuntu.com /usr/bin/cmake --build /home/rasp/robot_ws/build/ros2_pca9685 -- -j4 -l4
