[0.025s] Invoking command in '/home/rasp/humanoid_ros2/robot_ws/build/servo_interfaces': CMAKE_PREFIX_PATH=${CMAKE_PREFIX_PATH}:/home/rasp/humanoid_ros2/robot_ws/install/my_servo_controller:/opt/ros/jazzy DEBUGINFOD_URLS=https://debuginfod.ubuntu.com /usr/bin/cmake --build /home/rasp/humanoid_ros2/robot_ws/build/servo_interfaces -- -j4 -l4
[0.131s] [  1%] Built target servo_interfaces__rosidl_generator_type_description
[0.178s] [  1%] Built target ament_cmake_python_copy_servo_interfaces
[0.197s] [  3%] Built target servo_interfaces__cpp
[0.209s] [ 25%] Built target servo_interfaces__rosidl_generator_c
[0.289s] [ 34%] Built target servo_interfaces__rosidl_typesupport_introspection_c
[0.297s] [ 43%] Built target servo_interfaces__rosidl_typesupport_fastrtps_c
[0.320s] [ 53%] Built target servo_interfaces__rosidl_typesupport_c
[0.388s] [ 62%] Built target servo_interfaces__rosidl_typesupport_introspection_cpp
[0.389s] [ 81%] Built target servo_interfaces__rosidl_typesupport_fastrtps_cpp
[0.389s] [ 81%] Built target servo_interfaces__rosidl_typesupport_cpp
[0.442s] [ 81%] Built target servo_interfaces
[0.502s] [ 82%] Built target servo_interfaces__py
[0.552s] [ 90%] Built target servo_interfaces__rosidl_generator_py
[0.622s] [ 93%] Built target servo_interfaces_s__rosidl_typesupport_introspection_c
[0.630s] [ 96%] Built target servo_interfaces_s__rosidl_typesupport_fastrtps_c
[0.637s] [100%] Built target servo_interfaces_s__rosidl_typesupport_c
[0.647s] running egg_info
[0.677s] writing servo_interfaces.egg-info/PKG-INFO
[0.678s] writing dependency_links to servo_interfaces.egg-info/dependency_links.txt
[0.681s] writing top-level names to servo_interfaces.egg-info/top_level.txt
[0.768s] reading manifest file 'servo_interfaces.egg-info/SOURCES.txt'
[0.769s] writing manifest file 'servo_interfaces.egg-info/SOURCES.txt'
[0.842s] [100%] Built target ament_cmake_python_build_servo_interfaces_egg
[0.866s] Invoked command in '/home/rasp/humanoid_ros2/robot_ws/build/servo_interfaces' returned '0': CMAKE_PREFIX_PATH=${CMAKE_PREFIX_PATH}:/home/rasp/humanoid_ros2/robot_ws/install/my_servo_controller:/opt/ros/jazzy DEBUGINFOD_URLS=https://debuginfod.ubuntu.com /usr/bin/cmake --build /home/rasp/humanoid_ros2/robot_ws/build/servo_interfaces -- -j4 -l4
[0.868s] Invoking command in '/home/rasp/humanoid_ros2/robot_ws/build/servo_interfaces': CMAKE_PREFIX_PATH=${CMAKE_PREFIX_PATH}:/home/rasp/humanoid_ros2/robot_ws/install/my_servo_controller:/opt/ros/jazzy DEBUGINFOD_URLS=https://debuginfod.ubuntu.com /usr/bin/cmake --install /home/rasp/humanoid_ros2/robot_ws/build/servo_interfaces
[0.885s] -- Install configuration: ""
[0.885s] -- Up-to-date: /home/rasp/humanoid_ros2/robot_ws/install/servo_interfaces/share/ament_index/resource_index/rosidl_interfaces/servo_interfaces
[0.886s] -- Up-to-date: /home/rasp/humanoid_ros2/robot_ws/install/servo_interfaces/share/servo_interfaces/msg/SetPwm.json
[0.886s] -- Up-to-date: /home/rasp/humanoid_ros2/robot_ws/install/servo_interfaces/share/servo_interfaces/msg/SetMode.json
[0.886s] -- Up-to-date: /home/rasp/humanoid_ros2/robot_ws/install/servo_interfaces/share/servo_interfaces/srv/MotorAngle.json
[0.886s] -- Up-to-date: /home/rasp/humanoid_ros2/robot_ws/install/servo_interfaces/share/servo_interfaces/action/MotorAngle.json
[0.886s] -- Up-to-date: /home/rasp/humanoid_ros2/robot_ws/install/servo_interfaces/include/servo_interfaces/servo_interfaces
[0.886s] -- Up-to-date: /home/rasp/humanoid_ros2/robot_ws/install/servo_interfaces/include/servo_interfaces/servo_interfaces/msg
[0.886s] -- Up-to-date: /home/rasp/humanoid_ros2/robot_ws/install/servo_interfaces/include/servo_interfaces/servo_interfaces/msg/set_mode.h
[0.886s] -- Up-to-date: /home/rasp/humanoid_ros2/robot_ws/install/servo_interfaces/include/servo_interfaces/servo_interfaces/msg/set_pwm.h
[0.886s] -- Up-to-date: /home/rasp/humanoid_ros2/robot_ws/install/servo_interfaces/include/servo_interfaces/servo_interfaces/msg/rosidl_generator_c__visibility_control.h
[0.887s] -- Up-to-date: /home/rasp/humanoid_ros2/robot_ws/install/servo_interfaces/include/servo_interfaces/servo_interfaces/msg/detail
[0.887s] -- Up-to-date: /home/rasp/humanoid_ros2/robot_ws/install/servo_interfaces/include/servo_interfaces/servo_interfaces/msg/detail/set_pwm__description.c
[0.887s] -- Up-to-date: /home/rasp/humanoid_ros2/robot_ws/install/servo_interfaces/include/servo_interfaces/servo_interfaces/msg/detail/set_pwm__struct.h
[0.887s] -- Up-to-date: /home/rasp/humanoid_ros2/robot_ws/install/servo_interfaces/include/servo_interfaces/servo_interfaces/msg/detail/set_mode__functions.h
[0.887s] -- Up-to-date: /home/rasp/humanoid_ros2/robot_ws/install/servo_interfaces/include/servo_interfaces/servo_interfaces/msg/detail/set_mode__description.c
[0.887s] -- Up-to-date: /home/rasp/humanoid_ros2/robot_ws/install/servo_interfaces/include/servo_interfaces/servo_interfaces/msg/detail/set_pwm__functions.c
[0.887s] -- Up-to-date: /home/rasp/humanoid_ros2/robot_ws/install/servo_interfaces/include/servo_interfaces/servo_interfaces/msg/detail/set_mode__type_support.h
[0.887s] -- Up-to-date: /home/rasp/humanoid_ros2/robot_ws/install/servo_interfaces/include/servo_interfaces/servo_interfaces/msg/detail/set_mode__struct.h
[0.887s] -- Up-to-date: /home/rasp/humanoid_ros2/robot_ws/install/servo_interfaces/include/servo_interfaces/servo_interfaces/msg/detail/set_pwm__functions.h
[0.887s] -- Installing: /home/rasp/humanoid_ros2/robot_ws/install/servo_interfaces/include/servo_interfaces/servo_interfaces/msg/detail/set_mode__type_support.c
[0.888s] -- Up-to-date: /home/rasp/humanoid_ros2/robot_ws/install/servo_interfaces/include/servo_interfaces/servo_interfaces/msg/detail/set_pwm__type_support.h
[0.888s] -- Up-to-date: /home/rasp/humanoid_ros2/robot_ws/install/servo_interfaces/include/servo_interfaces/servo_interfaces/msg/detail/set_mode__functions.c
[0.888s] -- Installing: /home/rasp/humanoid_ros2/robot_ws/install/servo_interfaces/include/servo_interfaces/servo_interfaces/msg/detail/set_pwm__type_support.c
[0.888s] -- Up-to-date: /home/rasp/humanoid_ros2/robot_ws/install/servo_interfaces/include/servo_interfaces/servo_interfaces/srv
[0.888s] -- Up-to-date: /home/rasp/humanoid_ros2/robot_ws/install/servo_interfaces/include/servo_interfaces/servo_interfaces/srv/motor_angle.h
[0.888s] -- Up-to-date: /home/rasp/humanoid_ros2/robot_ws/install/servo_interfaces/include/servo_interfaces/servo_interfaces/srv/detail
[0.888s] -- Up-to-date: /home/rasp/humanoid_ros2/robot_ws/install/servo_interfaces/include/servo_interfaces/servo_interfaces/srv/detail/motor_angle__type_support.h
[0.888s] -- Up-to-date: /home/rasp/humanoid_ros2/robot_ws/install/servo_interfaces/include/servo_interfaces/servo_interfaces/srv/detail/motor_angle__description.c
[0.888s] -- Installing: /home/rasp/humanoid_ros2/robot_ws/install/servo_interfaces/include/servo_interfaces/servo_interfaces/srv/detail/motor_angle__type_support.c
[0.889s] -- Up-to-date: /home/rasp/humanoid_ros2/robot_ws/install/servo_interfaces/include/servo_interfaces/servo_interfaces/srv/detail/motor_angle__functions.h
[0.889s] -- Up-to-date: /home/rasp/humanoid_ros2/robot_ws/install/servo_interfaces/include/servo_interfaces/servo_interfaces/srv/detail/motor_angle__struct.h
[0.889s] -- Up-to-date: /home/rasp/humanoid_ros2/robot_ws/install/servo_interfaces/include/servo_interfaces/servo_interfaces/srv/detail/motor_angle__functions.c
[0.889s] -- Up-to-date: /home/rasp/humanoid_ros2/robot_ws/install/servo_interfaces/include/servo_interfaces/servo_interfaces/action
[0.889s] -- Up-to-date: /home/rasp/humanoid_ros2/robot_ws/install/servo_interfaces/include/servo_interfaces/servo_interfaces/action/motor_angle.h
[0.889s] -- Up-to-date: /home/rasp/humanoid_ros2/robot_ws/install/servo_interfaces/include/servo_interfaces/servo_interfaces/action/detail
[0.889s] -- Up-to-date: /home/rasp/humanoid_ros2/robot_ws/install/servo_interfaces/include/servo_interfaces/servo_interfaces/action/detail/motor_angle__type_support.h
[0.889s] -- Up-to-date: /home/rasp/humanoid_ros2/robot_ws/install/servo_interfaces/include/servo_interfaces/servo_interfaces/action/detail/motor_angle__description.c
[0.889s] -- Installing: /home/rasp/humanoid_ros2/robot_ws/install/servo_interfaces/include/servo_interfaces/servo_interfaces/action/detail/motor_angle__type_support.c
[0.889s] -- Up-to-date: /home/rasp/humanoid_ros2/robot_ws/install/servo_interfaces/include/servo_interfaces/servo_interfaces/action/detail/motor_angle__functions.h
[0.890s] -- Up-to-date: /home/rasp/humanoid_ros2/robot_ws/install/servo_interfaces/include/servo_interfaces/servo_interfaces/action/detail/motor_angle__struct.h
[0.890s] -- Up-to-date: /home/rasp/humanoid_ros2/robot_ws/install/servo_interfaces/include/servo_interfaces/servo_interfaces/action/detail/motor_angle__functions.c
[0.890s] -- Up-to-date: /home/rasp/humanoid_ros2/robot_ws/install/servo_interfaces/share/servo_interfaces/environment/library_path.sh
[0.890s] -- Up-to-date: /home/rasp/humanoid_ros2/robot_ws/install/servo_interfaces/share/servo_interfaces/environment/library_path.dsv
[0.890s] -- Up-to-date: /home/rasp/humanoid_ros2/robot_ws/install/servo_interfaces/lib/libservo_interfaces__rosidl_generator_c.so
[0.890s] -- Up-to-date: /home/rasp/humanoid_ros2/robot_ws/install/servo_interfaces/include/servo_interfaces/servo_interfaces
[0.890s] -- Up-to-date: /home/rasp/humanoid_ros2/robot_ws/install/servo_interfaces/include/servo_interfaces/servo_interfaces/msg
[0.890s] -- Up-to-date: /home/rasp/humanoid_ros2/robot_ws/install/servo_interfaces/include/servo_interfaces/servo_interfaces/msg/rosidl_typesupport_fastrtps_c__visibility_control.h
[0.890s] -- Up-to-date: /home/rasp/humanoid_ros2/robot_ws/install/servo_interfaces/include/servo_interfaces/servo_interfaces/msg/detail
[0.890s] -- Up-to-date: /home/rasp/humanoid_ros2/robot_ws/install/servo_interfaces/include/servo_interfaces/servo_interfaces/msg/detail/set_mode__rosidl_typesupport_fastrtps_c.h
[0.891s] -- Up-to-date: /home/rasp/humanoid_ros2/robot_ws/install/servo_interfaces/include/servo_interfaces/servo_interfaces/msg/detail/set_pwm__rosidl_typesupport_fastrtps_c.h
[0.891s] -- Up-to-date: /home/rasp/humanoid_ros2/robot_ws/install/servo_interfaces/include/servo_interfaces/servo_interfaces/srv
[0.891s] -- Up-to-date: /home/rasp/humanoid_ros2/robot_ws/install/servo_interfaces/include/servo_interfaces/servo_interfaces/srv/detail
[0.891s] -- Up-to-date: /home/rasp/humanoid_ros2/robot_ws/install/servo_interfaces/include/servo_interfaces/servo_interfaces/srv/detail/motor_angle__rosidl_typesupport_fastrtps_c.h
[0.891s] -- Up-to-date: /home/rasp/humanoid_ros2/robot_ws/install/servo_interfaces/include/servo_interfaces/servo_interfaces/action
[0.891s] -- Up-to-date: /home/rasp/humanoid_ros2/robot_ws/install/servo_interfaces/include/servo_interfaces/servo_interfaces/action/detail
[0.891s] -- Up-to-date: /home/rasp/humanoid_ros2/robot_ws/install/servo_interfaces/include/servo_interfaces/servo_interfaces/action/detail/motor_angle__rosidl_typesupport_fastrtps_c.h
[0.891s] -- Up-to-date: /home/rasp/humanoid_ros2/robot_ws/install/servo_interfaces/lib/libservo_interfaces__rosidl_typesupport_fastrtps_c.so
[0.891s] -- Up-to-date: /home/rasp/humanoid_ros2/robot_ws/install/servo_interfaces/include/servo_interfaces/servo_interfaces
[0.891s] -- Up-to-date: /home/rasp/humanoid_ros2/robot_ws/install/servo_interfaces/include/servo_interfaces/servo_interfaces/msg
[0.891s] -- Up-to-date: /home/rasp/humanoid_ros2/robot_ws/install/servo_interfaces/include/servo_interfaces/servo_interfaces/msg/rosidl_typesupport_introspection_c__visibility_control.h
[0.892s] -- Up-to-date: /home/rasp/humanoid_ros2/robot_ws/install/servo_interfaces/include/servo_interfaces/servo_interfaces/msg/detail
[0.892s] -- Up-to-date: /home/rasp/humanoid_ros2/robot_ws/install/servo_interfaces/include/servo_interfaces/servo_interfaces/msg/detail/set_pwm__rosidl_typesupport_introspection_c.h
[0.892s] -- Installing: /home/rasp/humanoid_ros2/robot_ws/install/servo_interfaces/include/servo_interfaces/servo_interfaces/msg/detail/set_mode__type_support.c
[0.892s] -- Up-to-date: /home/rasp/humanoid_ros2/robot_ws/install/servo_interfaces/include/servo_interfaces/servo_interfaces/msg/detail/set_mode__rosidl_typesupport_introspection_c.h
[0.892s] -- Installing: /home/rasp/humanoid_ros2/robot_ws/install/servo_interfaces/include/servo_interfaces/servo_interfaces/msg/detail/set_pwm__type_support.c
[0.892s] -- Up-to-date: /home/rasp/humanoid_ros2/robot_ws/install/servo_interfaces/include/servo_interfaces/servo_interfaces/srv
[0.892s] -- Up-to-date: /home/rasp/humanoid_ros2/robot_ws/install/servo_interfaces/include/servo_interfaces/servo_interfaces/srv/detail
[0.892s] -- Installing: /home/rasp/humanoid_ros2/robot_ws/install/servo_interfaces/include/servo_interfaces/servo_interfaces/srv/detail/motor_angle__type_support.c
[0.893s] -- Up-to-date: /home/rasp/humanoid_ros2/robot_ws/install/servo_interfaces/include/servo_interfaces/servo_interfaces/srv/detail/motor_angle__rosidl_typesupport_introspection_c.h
[0.893s] -- Up-to-date: /home/rasp/humanoid_ros2/robot_ws/install/servo_interfaces/include/servo_interfaces/servo_interfaces/action
[0.893s] -- Up-to-date: /home/rasp/humanoid_ros2/robot_ws/install/servo_interfaces/include/servo_interfaces/servo_interfaces/action/detail
[0.893s] -- Installing: /home/rasp/humanoid_ros2/robot_ws/install/servo_interfaces/include/servo_interfaces/servo_interfaces/action/detail/motor_angle__type_support.c
[0.893s] -- Up-to-date: /home/rasp/humanoid_ros2/robot_ws/install/servo_interfaces/include/servo_interfaces/servo_interfaces/action/detail/motor_angle__rosidl_typesupport_introspection_c.h
[0.893s] -- Up-to-date: /home/rasp/humanoid_ros2/robot_ws/install/servo_interfaces/lib/libservo_interfaces__rosidl_typesupport_introspection_c.so
[0.893s] -- Up-to-date: /home/rasp/humanoid_ros2/robot_ws/install/servo_interfaces/lib/libservo_interfaces__rosidl_typesupport_c.so
[0.893s] -- Up-to-date: /home/rasp/humanoid_ros2/robot_ws/install/servo_interfaces/include/servo_interfaces/servo_interfaces
[0.893s] -- Up-to-date: /home/rasp/humanoid_ros2/robot_ws/install/servo_interfaces/include/servo_interfaces/servo_interfaces/msg
[0.894s] -- Up-to-date: /home/rasp/humanoid_ros2/robot_ws/install/servo_interfaces/include/servo_interfaces/servo_interfaces/msg/rosidl_generator_cpp__visibility_control.hpp
[0.894s] -- Up-to-date: /home/rasp/humanoid_ros2/robot_ws/install/servo_interfaces/include/servo_interfaces/servo_interfaces/msg/set_pwm.hpp
[0.894s] -- Up-to-date: /home/rasp/humanoid_ros2/robot_ws/install/servo_interfaces/include/servo_interfaces/servo_interfaces/msg/set_mode.hpp
[0.894s] -- Up-to-date: /home/rasp/humanoid_ros2/robot_ws/install/servo_interfaces/include/servo_interfaces/servo_interfaces/msg/detail
[0.894s] -- Up-to-date: /home/rasp/humanoid_ros2/robot_ws/install/servo_interfaces/include/servo_interfaces/servo_interfaces/msg/detail/set_pwm__traits.hpp
[0.894s] -- Up-to-date: /home/rasp/humanoid_ros2/robot_ws/install/servo_interfaces/include/servo_interfaces/servo_interfaces/msg/detail/set_pwm__struct.hpp
[0.894s] -- Up-to-date: /home/rasp/humanoid_ros2/robot_ws/install/servo_interfaces/include/servo_interfaces/servo_interfaces/msg/detail/set_mode__builder.hpp
[0.894s] -- Up-to-date: /home/rasp/humanoid_ros2/robot_ws/install/servo_interfaces/include/servo_interfaces/servo_interfaces/msg/detail/set_pwm__builder.hpp
[0.894s] -- Up-to-date: /home/rasp/humanoid_ros2/robot_ws/install/servo_interfaces/include/servo_interfaces/servo_interfaces/msg/detail/set_pwm__type_support.hpp
[0.894s] -- Up-to-date: /home/rasp/humanoid_ros2/robot_ws/install/servo_interfaces/include/servo_interfaces/servo_interfaces/msg/detail/set_mode__type_support.hpp
[0.895s] -- Up-to-date: /home/rasp/humanoid_ros2/robot_ws/install/servo_interfaces/include/servo_interfaces/servo_interfaces/msg/detail/set_mode__traits.hpp
[0.895s] -- Up-to-date: /home/rasp/humanoid_ros2/robot_ws/install/servo_interfaces/include/servo_interfaces/servo_interfaces/msg/detail/set_mode__struct.hpp
[0.895s] -- Up-to-date: /home/rasp/humanoid_ros2/robot_ws/install/servo_interfaces/include/servo_interfaces/servo_interfaces/srv
[0.895s] -- Up-to-date: /home/rasp/humanoid_ros2/robot_ws/install/servo_interfaces/include/servo_interfaces/servo_interfaces/srv/motor_angle.hpp
[0.895s] -- Up-to-date: /home/rasp/humanoid_ros2/robot_ws/install/servo_interfaces/include/servo_interfaces/servo_interfaces/srv/detail
[0.895s] -- Up-to-date: /home/rasp/humanoid_ros2/robot_ws/install/servo_interfaces/include/servo_interfaces/servo_interfaces/srv/detail/motor_angle__type_support.hpp
[0.895s] -- Up-to-date: /home/rasp/humanoid_ros2/robot_ws/install/servo_interfaces/include/servo_interfaces/servo_interfaces/srv/detail/motor_angle__builder.hpp
[0.895s] -- Up-to-date: /home/rasp/humanoid_ros2/robot_ws/install/servo_interfaces/include/servo_interfaces/servo_interfaces/srv/detail/motor_angle__traits.hpp
[0.895s] -- Up-to-date: /home/rasp/humanoid_ros2/robot_ws/install/servo_interfaces/include/servo_interfaces/servo_interfaces/srv/detail/motor_angle__struct.hpp
[0.895s] -- Up-to-date: /home/rasp/humanoid_ros2/robot_ws/install/servo_interfaces/include/servo_interfaces/servo_interfaces/action
[0.896s] -- Up-to-date: /home/rasp/humanoid_ros2/robot_ws/install/servo_interfaces/include/servo_interfaces/servo_interfaces/action/motor_angle.hpp
[0.896s] -- Up-to-date: /home/rasp/humanoid_ros2/robot_ws/install/servo_interfaces/include/servo_interfaces/servo_interfaces/action/detail
[0.896s] -- Up-to-date: /home/rasp/humanoid_ros2/robot_ws/install/servo_interfaces/include/servo_interfaces/servo_interfaces/action/detail/motor_angle__type_support.hpp
[0.896s] -- Up-to-date: /home/rasp/humanoid_ros2/robot_ws/install/servo_interfaces/include/servo_interfaces/servo_interfaces/action/detail/motor_angle__builder.hpp
[0.896s] -- Up-to-date: /home/rasp/humanoid_ros2/robot_ws/install/servo_interfaces/include/servo_interfaces/servo_interfaces/action/detail/motor_angle__traits.hpp
[0.896s] -- Up-to-date: /home/rasp/humanoid_ros2/robot_ws/install/servo_interfaces/include/servo_interfaces/servo_interfaces/action/detail/motor_angle__struct.hpp
[0.896s] -- Up-to-date: /home/rasp/humanoid_ros2/robot_ws/install/servo_interfaces/include/servo_interfaces/servo_interfaces
[0.896s] -- Up-to-date: /home/rasp/humanoid_ros2/robot_ws/install/servo_interfaces/include/servo_interfaces/servo_interfaces/msg
[0.896s] -- Up-to-date: /home/rasp/humanoid_ros2/robot_ws/install/servo_interfaces/include/servo_interfaces/servo_interfaces/msg/rosidl_typesupport_fastrtps_cpp__visibility_control.h
[0.896s] -- Up-to-date: /home/rasp/humanoid_ros2/robot_ws/install/servo_interfaces/include/servo_interfaces/servo_interfaces/msg/detail
[0.897s] -- Up-to-date: /home/rasp/humanoid_ros2/robot_ws/install/servo_interfaces/include/servo_interfaces/servo_interfaces/msg/detail/set_mode__rosidl_typesupport_fastrtps_cpp.hpp
[0.897s] -- Up-to-date: /home/rasp/humanoid_ros2/robot_ws/install/servo_interfaces/include/servo_interfaces/servo_interfaces/msg/detail/set_pwm__rosidl_typesupport_fastrtps_cpp.hpp
[0.897s] -- Up-to-date: /home/rasp/humanoid_ros2/robot_ws/install/servo_interfaces/include/servo_interfaces/servo_interfaces/msg/detail/dds_fastrtps
[0.897s] -- Up-to-date: /home/rasp/humanoid_ros2/robot_ws/install/servo_interfaces/include/servo_interfaces/servo_interfaces/srv
[0.897s] -- Up-to-date: /home/rasp/humanoid_ros2/robot_ws/install/servo_interfaces/include/servo_interfaces/servo_interfaces/srv/detail
[0.897s] -- Up-to-date: /home/rasp/humanoid_ros2/robot_ws/install/servo_interfaces/include/servo_interfaces/servo_interfaces/srv/detail/dds_fastrtps
[0.897s] -- Up-to-date: /home/rasp/humanoid_ros2/robot_ws/install/servo_interfaces/include/servo_interfaces/servo_interfaces/srv/detail/motor_angle__rosidl_typesupport_fastrtps_cpp.hpp
[0.897s] -- Up-to-date: /home/rasp/humanoid_ros2/robot_ws/install/servo_interfaces/include/servo_interfaces/servo_interfaces/action
[0.897s] -- Up-to-date: /home/rasp/humanoid_ros2/robot_ws/install/servo_interfaces/include/servo_interfaces/servo_interfaces/action/detail
[0.898s] -- Up-to-date: /home/rasp/humanoid_ros2/robot_ws/install/servo_interfaces/include/servo_interfaces/servo_interfaces/action/detail/dds_fastrtps
[0.898s] -- Up-to-date: /home/rasp/humanoid_ros2/robot_ws/install/servo_interfaces/include/servo_interfaces/servo_interfaces/action/detail/motor_angle__rosidl_typesupport_fastrtps_cpp.hpp
[0.898s] -- Up-to-date: /home/rasp/humanoid_ros2/robot_ws/install/servo_interfaces/lib/libservo_interfaces__rosidl_typesupport_fastrtps_cpp.so
[0.898s] -- Up-to-date: /home/rasp/humanoid_ros2/robot_ws/install/servo_interfaces/include/servo_interfaces/servo_interfaces
[0.898s] -- Up-to-date: /home/rasp/humanoid_ros2/robot_ws/install/servo_interfaces/include/servo_interfaces/servo_interfaces/msg
[0.898s] -- Up-to-date: /home/rasp/humanoid_ros2/robot_ws/install/servo_interfaces/include/servo_interfaces/servo_interfaces/msg/detail
[0.898s] -- Up-to-date: /home/rasp/humanoid_ros2/robot_ws/install/servo_interfaces/include/servo_interfaces/servo_interfaces/msg/detail/set_mode__rosidl_typesupport_introspection_cpp.hpp
[0.898s] -- Up-to-date: /home/rasp/humanoid_ros2/robot_ws/install/servo_interfaces/include/servo_interfaces/servo_interfaces/msg/detail/set_pwm__rosidl_typesupport_introspection_cpp.hpp
[0.898s] -- Up-to-date: /home/rasp/humanoid_ros2/robot_ws/install/servo_interfaces/include/servo_interfaces/servo_interfaces/msg/detail/set_mode__type_support.cpp
[0.898s] -- Up-to-date: /home/rasp/humanoid_ros2/robot_ws/install/servo_interfaces/include/servo_interfaces/servo_interfaces/msg/detail/set_pwm__type_support.cpp
[0.898s] -- Up-to-date: /home/rasp/humanoid_ros2/robot_ws/install/servo_interfaces/include/servo_interfaces/servo_interfaces/srv
[0.898s] -- Up-to-date: /home/rasp/humanoid_ros2/robot_ws/install/servo_interfaces/include/servo_interfaces/servo_interfaces/srv/detail
[0.899s] -- Up-to-date: /home/rasp/humanoid_ros2/robot_ws/install/servo_interfaces/include/servo_interfaces/servo_interfaces/srv/detail/motor_angle__rosidl_typesupport_introspection_cpp.hpp
[0.899s] -- Up-to-date: /home/rasp/humanoid_ros2/robot_ws/install/servo_interfaces/include/servo_interfaces/servo_interfaces/srv/detail/motor_angle__type_support.cpp
[0.899s] -- Up-to-date: /home/rasp/humanoid_ros2/robot_ws/install/servo_interfaces/include/servo_interfaces/servo_interfaces/action
[0.899s] -- Up-to-date: /home/rasp/humanoid_ros2/robot_ws/install/servo_interfaces/include/servo_interfaces/servo_interfaces/action/detail
[0.899s] -- Up-to-date: /home/rasp/humanoid_ros2/robot_ws/install/servo_interfaces/include/servo_interfaces/servo_interfaces/action/detail/motor_angle__rosidl_typesupport_introspection_cpp.hpp
[0.899s] -- Up-to-date: /home/rasp/humanoid_ros2/robot_ws/install/servo_interfaces/include/servo_interfaces/servo_interfaces/action/detail/motor_angle__type_support.cpp
[0.899s] -- Up-to-date: /home/rasp/humanoid_ros2/robot_ws/install/servo_interfaces/lib/libservo_interfaces__rosidl_typesupport_introspection_cpp.so
[0.899s] -- Up-to-date: /home/rasp/humanoid_ros2/robot_ws/install/servo_interfaces/lib/libservo_interfaces__rosidl_typesupport_cpp.so
[0.899s] -- Up-to-date: /home/rasp/humanoid_ros2/robot_ws/install/servo_interfaces/share/servo_interfaces/environment/pythonpath.sh
[0.900s] -- Up-to-date: /home/rasp/humanoid_ros2/robot_ws/install/servo_interfaces/share/servo_interfaces/environment/pythonpath.dsv
[0.900s] -- Up-to-date: /home/rasp/humanoid_ros2/robot_ws/install/servo_interfaces/lib/python3.12/site-packages/servo_interfaces-0.0.0-py3.12.egg-info
[0.900s] -- Installing: /home/rasp/humanoid_ros2/robot_ws/install/servo_interfaces/lib/python3.12/site-packages/servo_interfaces-0.0.0-py3.12.egg-info/top_level.txt
[0.900s] -- Installing: /home/rasp/humanoid_ros2/robot_ws/install/servo_interfaces/lib/python3.12/site-packages/servo_interfaces-0.0.0-py3.12.egg-info/PKG-INFO
[0.900s] -- Installing: /home/rasp/humanoid_ros2/robot_ws/install/servo_interfaces/lib/python3.12/site-packages/servo_interfaces-0.0.0-py3.12.egg-info/SOURCES.txt
[0.900s] -- Installing: /home/rasp/humanoid_ros2/robot_ws/install/servo_interfaces/lib/python3.12/site-packages/servo_interfaces-0.0.0-py3.12.egg-info/dependency_links.txt
[0.900s] -- Up-to-date: /home/rasp/humanoid_ros2/robot_ws/install/servo_interfaces/lib/python3.12/site-packages/servo_interfaces
[0.900s] -- Up-to-date: /home/rasp/humanoid_ros2/robot_ws/install/servo_interfaces/lib/python3.12/site-packages/servo_interfaces/_servo_interfaces_s.ep.rosidl_typesupport_introspection_c.c
[0.901s] -- Up-to-date: /home/rasp/humanoid_ros2/robot_ws/install/servo_interfaces/lib/python3.12/site-packages/servo_interfaces/msg
[0.901s] -- Up-to-date: /home/rasp/humanoid_ros2/robot_ws/install/servo_interfaces/lib/python3.12/site-packages/servo_interfaces/msg/__init__.py
[0.901s] -- Up-to-date: /home/rasp/humanoid_ros2/robot_ws/install/servo_interfaces/lib/python3.12/site-packages/servo_interfaces/msg/_set_pwm_s.c
[0.901s] -- Up-to-date: /home/rasp/humanoid_ros2/robot_ws/install/servo_interfaces/lib/python3.12/site-packages/servo_interfaces/msg/_set_mode_s.c
[0.901s] -- Up-to-date: /home/rasp/humanoid_ros2/robot_ws/install/servo_interfaces/lib/python3.12/site-packages/servo_interfaces/msg/_set_mode.py
[0.901s] -- Up-to-date: /home/rasp/humanoid_ros2/robot_ws/install/servo_interfaces/lib/python3.12/site-packages/servo_interfaces/msg/_set_pwm.py
[0.902s] -- Up-to-date: /home/rasp/humanoid_ros2/robot_ws/install/servo_interfaces/lib/python3.12/site-packages/servo_interfaces/__init__.py
[0.902s] -- Up-to-date: /home/rasp/humanoid_ros2/robot_ws/install/servo_interfaces/lib/python3.12/site-packages/servo_interfaces/srv
[0.902s] -- Up-to-date: /home/rasp/humanoid_ros2/robot_ws/install/servo_interfaces/lib/python3.12/site-packages/servo_interfaces/srv/__init__.py
[0.902s] -- Up-to-date: /home/rasp/humanoid_ros2/robot_ws/install/servo_interfaces/lib/python3.12/site-packages/servo_interfaces/srv/_motor_angle.py
[0.902s] -- Up-to-date: /home/rasp/humanoid_ros2/robot_ws/install/servo_interfaces/lib/python3.12/site-packages/servo_interfaces/srv/_motor_angle_s.c
[0.902s] -- Up-to-date: /home/rasp/humanoid_ros2/robot_ws/install/servo_interfaces/lib/python3.12/site-packages/servo_interfaces/_servo_interfaces_s.ep.rosidl_typesupport_c.c
[0.902s] -- Up-to-date: /home/rasp/humanoid_ros2/robot_ws/install/servo_interfaces/lib/python3.12/site-packages/servo_interfaces/_servo_interfaces_s.ep.rosidl_typesupport_fastrtps_c.c
[0.902s] -- Up-to-date: /home/rasp/humanoid_ros2/robot_ws/install/servo_interfaces/lib/python3.12/site-packages/servo_interfaces/servo_interfaces_s__rosidl_typesupport_fastrtps_c.so
[0.903s] -- Up-to-date: /home/rasp/humanoid_ros2/robot_ws/install/servo_interfaces/lib/python3.12/site-packages/servo_interfaces/servo_interfaces_s__rosidl_typesupport_introspection_c.so
[0.903s] -- Up-to-date: /home/rasp/humanoid_ros2/robot_ws/install/servo_interfaces/lib/python3.12/site-packages/servo_interfaces/action
[0.904s] -- Up-to-date: /home/rasp/humanoid_ros2/robot_ws/install/servo_interfaces/lib/python3.12/site-packages/servo_interfaces/action/__init__.py
[0.904s] -- Up-to-date: /home/rasp/humanoid_ros2/robot_ws/install/servo_interfaces/lib/python3.12/site-packages/servo_interfaces/action/_motor_angle.py
[0.904s] -- Up-to-date: /home/rasp/humanoid_ros2/robot_ws/install/servo_interfaces/lib/python3.12/site-packages/servo_interfaces/action/_motor_angle_s.c
[0.905s] -- Up-to-date: /home/rasp/humanoid_ros2/robot_ws/install/servo_interfaces/lib/python3.12/site-packages/servo_interfaces/servo_interfaces_s__rosidl_typesupport_c.so
[0.951s] Listing '/home/rasp/humanoid_ros2/robot_ws/install/servo_interfaces/lib/python3.12/site-packages/servo_interfaces'...
[0.951s] Listing '/home/rasp/humanoid_ros2/robot_ws/install/servo_interfaces/lib/python3.12/site-packages/servo_interfaces/action'...
[0.951s] Listing '/home/rasp/humanoid_ros2/robot_ws/install/servo_interfaces/lib/python3.12/site-packages/servo_interfaces/msg'...
[0.951s] Listing '/home/rasp/humanoid_ros2/robot_ws/install/servo_interfaces/lib/python3.12/site-packages/servo_interfaces/srv'...
[0.962s] -- Up-to-date: /home/rasp/humanoid_ros2/robot_ws/install/servo_interfaces/lib/python3.12/site-packages/servo_interfaces/servo_interfaces_s__rosidl_typesupport_fastrtps_c.so
[0.963s] -- Up-to-date: /home/rasp/humanoid_ros2/robot_ws/install/servo_interfaces/lib/python3.12/site-packages/servo_interfaces/servo_interfaces_s__rosidl_typesupport_introspection_c.so
[0.963s] -- Up-to-date: /home/rasp/humanoid_ros2/robot_ws/install/servo_interfaces/lib/python3.12/site-packages/servo_interfaces/servo_interfaces_s__rosidl_typesupport_c.so
[0.963s] -- Up-to-date: /home/rasp/humanoid_ros2/robot_ws/install/servo_interfaces/lib/libservo_interfaces__rosidl_generator_py.so
[0.964s] -- Up-to-date: /home/rasp/humanoid_ros2/robot_ws/install/servo_interfaces/share/servo_interfaces/msg/SetPwm.idl
[0.964s] -- Up-to-date: /home/rasp/humanoid_ros2/robot_ws/install/servo_interfaces/share/servo_interfaces/msg/SetMode.idl
[0.964s] -- Up-to-date: /home/rasp/humanoid_ros2/robot_ws/install/servo_interfaces/share/servo_interfaces/srv/MotorAngle.idl
[0.964s] -- Up-to-date: /home/rasp/humanoid_ros2/robot_ws/install/servo_interfaces/share/servo_interfaces/action/MotorAngle.idl
[0.964s] -- Up-to-date: /home/rasp/humanoid_ros2/robot_ws/install/servo_interfaces/share/servo_interfaces/msg/SetPwm.msg
[0.964s] -- Up-to-date: /home/rasp/humanoid_ros2/robot_ws/install/servo_interfaces/share/servo_interfaces/msg/SetMode.msg
[0.964s] -- Up-to-date: /home/rasp/humanoid_ros2/robot_ws/install/servo_interfaces/share/servo_interfaces/srv/MotorAngle.srv
[0.964s] -- Up-to-date: /home/rasp/humanoid_ros2/robot_ws/install/servo_interfaces/share/servo_interfaces/action/MotorAngle.action
[0.965s] -- Up-to-date: /home/rasp/humanoid_ros2/robot_ws/install/servo_interfaces/share/ament_index/resource_index/package_run_dependencies/servo_interfaces
[0.965s] -- Up-to-date: /home/rasp/humanoid_ros2/robot_ws/install/servo_interfaces/share/ament_index/resource_index/parent_prefix_path/servo_interfaces
[0.965s] -- Up-to-date: /home/rasp/humanoid_ros2/robot_ws/install/servo_interfaces/share/servo_interfaces/environment/ament_prefix_path.sh
[0.965s] -- Up-to-date: /home/rasp/humanoid_ros2/robot_ws/install/servo_interfaces/share/servo_interfaces/environment/ament_prefix_path.dsv
[0.965s] -- Up-to-date: /home/rasp/humanoid_ros2/robot_ws/install/servo_interfaces/share/servo_interfaces/environment/path.sh
[0.965s] -- Up-to-date: /home/rasp/humanoid_ros2/robot_ws/install/servo_interfaces/share/servo_interfaces/environment/path.dsv
[0.965s] -- Up-to-date: /home/rasp/humanoid_ros2/robot_ws/install/servo_interfaces/share/servo_interfaces/local_setup.bash
[0.965s] -- Up-to-date: /home/rasp/humanoid_ros2/robot_ws/install/servo_interfaces/share/servo_interfaces/local_setup.sh
[0.965s] -- Up-to-date: /home/rasp/humanoid_ros2/robot_ws/install/servo_interfaces/share/servo_interfaces/local_setup.zsh
[0.965s] -- Up-to-date: /home/rasp/humanoid_ros2/robot_ws/install/servo_interfaces/share/servo_interfaces/local_setup.dsv
[0.966s] -- Installing: /home/rasp/humanoid_ros2/robot_ws/install/servo_interfaces/share/servo_interfaces/package.dsv
[0.966s] -- Up-to-date: /home/rasp/humanoid_ros2/robot_ws/install/servo_interfaces/share/ament_index/resource_index/packages/servo_interfaces
[0.966s] -- Up-to-date: /home/rasp/humanoid_ros2/robot_ws/install/servo_interfaces/share/servo_interfaces/cmake/export_servo_interfaces__rosidl_generator_cExport.cmake
[0.966s] -- Up-to-date: /home/rasp/humanoid_ros2/robot_ws/install/servo_interfaces/share/servo_interfaces/cmake/export_servo_interfaces__rosidl_generator_cExport-noconfig.cmake
[0.966s] -- Up-to-date: /home/rasp/humanoid_ros2/robot_ws/install/servo_interfaces/share/servo_interfaces/cmake/export_servo_interfaces__rosidl_typesupport_fastrtps_cExport.cmake
[0.966s] -- Up-to-date: /home/rasp/humanoid_ros2/robot_ws/install/servo_interfaces/share/servo_interfaces/cmake/export_servo_interfaces__rosidl_typesupport_fastrtps_cExport-noconfig.cmake
[0.966s] -- Up-to-date: /home/rasp/humanoid_ros2/robot_ws/install/servo_interfaces/share/servo_interfaces/cmake/servo_interfaces__rosidl_typesupport_introspection_cExport.cmake
[0.966s] -- Up-to-date: /home/rasp/humanoid_ros2/robot_ws/install/servo_interfaces/share/servo_interfaces/cmake/servo_interfaces__rosidl_typesupport_introspection_cExport-noconfig.cmake
[0.966s] -- Up-to-date: /home/rasp/humanoid_ros2/robot_ws/install/servo_interfaces/share/servo_interfaces/cmake/servo_interfaces__rosidl_typesupport_cExport.cmake
[0.967s] -- Up-to-date: /home/rasp/humanoid_ros2/robot_ws/install/servo_interfaces/share/servo_interfaces/cmake/servo_interfaces__rosidl_typesupport_cExport-noconfig.cmake
[0.967s] -- Up-to-date: /home/rasp/humanoid_ros2/robot_ws/install/servo_interfaces/share/servo_interfaces/cmake/export_servo_interfaces__rosidl_generator_cppExport.cmake
[0.967s] -- Up-to-date: /home/rasp/humanoid_ros2/robot_ws/install/servo_interfaces/share/servo_interfaces/cmake/export_servo_interfaces__rosidl_typesupport_fastrtps_cppExport.cmake
[0.967s] -- Up-to-date: /home/rasp/humanoid_ros2/robot_ws/install/servo_interfaces/share/servo_interfaces/cmake/export_servo_interfaces__rosidl_typesupport_fastrtps_cppExport-noconfig.cmake
[0.967s] -- Up-to-date: /home/rasp/humanoid_ros2/robot_ws/install/servo_interfaces/share/servo_interfaces/cmake/servo_interfaces__rosidl_typesupport_introspection_cppExport.cmake
[0.967s] -- Up-to-date: /home/rasp/humanoid_ros2/robot_ws/install/servo_interfaces/share/servo_interfaces/cmake/servo_interfaces__rosidl_typesupport_introspection_cppExport-noconfig.cmake
[0.967s] -- Up-to-date: /home/rasp/humanoid_ros2/robot_ws/install/servo_interfaces/share/servo_interfaces/cmake/servo_interfaces__rosidl_typesupport_cppExport.cmake
[0.967s] -- Up-to-date: /home/rasp/humanoid_ros2/robot_ws/install/servo_interfaces/share/servo_interfaces/cmake/servo_interfaces__rosidl_typesupport_cppExport-noconfig.cmake
[0.967s] -- Up-to-date: /home/rasp/humanoid_ros2/robot_ws/install/servo_interfaces/share/servo_interfaces/cmake/export_servo_interfaces__rosidl_generator_pyExport.cmake
[0.968s] -- Up-to-date: /home/rasp/humanoid_ros2/robot_ws/install/servo_interfaces/share/servo_interfaces/cmake/export_servo_interfaces__rosidl_generator_pyExport-noconfig.cmake
[0.968s] -- Up-to-date: /home/rasp/humanoid_ros2/robot_ws/install/servo_interfaces/share/servo_interfaces/cmake/rosidl_cmake-extras.cmake
[0.968s] -- Up-to-date: /home/rasp/humanoid_ros2/robot_ws/install/servo_interfaces/share/servo_interfaces/cmake/ament_cmake_export_dependencies-extras.cmake
[0.968s] -- Up-to-date: /home/rasp/humanoid_ros2/robot_ws/install/servo_interfaces/share/servo_interfaces/cmake/ament_cmake_export_include_directories-extras.cmake
[0.968s] -- Up-to-date: /home/rasp/humanoid_ros2/robot_ws/install/servo_interfaces/share/servo_interfaces/cmake/ament_cmake_export_libraries-extras.cmake
[0.968s] -- Up-to-date: /home/rasp/humanoid_ros2/robot_ws/install/servo_interfaces/share/servo_interfaces/cmake/ament_cmake_export_targets-extras.cmake
[0.968s] -- Up-to-date: /home/rasp/humanoid_ros2/robot_ws/install/servo_interfaces/share/servo_interfaces/cmake/rosidl_cmake_export_typesupport_targets-extras.cmake
[0.968s] -- Up-to-date: /home/rasp/humanoid_ros2/robot_ws/install/servo_interfaces/share/servo_interfaces/cmake/rosidl_cmake_export_typesupport_libraries-extras.cmake
[0.968s] -- Up-to-date: /home/rasp/humanoid_ros2/robot_ws/install/servo_interfaces/share/servo_interfaces/cmake/servo_interfacesConfig.cmake
[0.968s] -- Up-to-date: /home/rasp/humanoid_ros2/robot_ws/install/servo_interfaces/share/servo_interfaces/cmake/servo_interfacesConfig-version.cmake
[0.968s] -- Up-to-date: /home/rasp/humanoid_ros2/robot_ws/install/servo_interfaces/share/servo_interfaces/package.xml
[0.971s] Invoked command in '/home/rasp/humanoid_ros2/robot_ws/build/servo_interfaces' returned '0': CMAKE_PREFIX_PATH=${CMAKE_PREFIX_PATH}:/home/rasp/humanoid_ros2/robot_ws/install/my_servo_controller:/opt/ros/jazzy DEBUGINFOD_URLS=https://debuginfod.ubuntu.com /usr/bin/cmake --install /home/rasp/humanoid_ros2/robot_ws/build/servo_interfaces
