[0.189s] DEBUG:colcon:Command line arguments: ['/usr/bin/colcon', 'build']
[0.189s] DEBUG:colcon:Parsed command line arguments: Namespace(log_base=None, log_level=None, verb_name='build', build_base='build', install_base='install', merge_install=False, symlink_install=False, test_result_base=None, continue_on_error=False, executor='parallel', parallel_workers=4, event_handlers=None, ignore_user_meta=False, metas=['./colcon.meta'], base_paths=['.'], packages_ignore=None, packages_ignore_regex=None, paths=None, packages_up_to=None, packages_up_to_regex=None, packages_above=None, packages_above_and_dependencies=None, packages_above_depth=None, packages_select_by_dep=None, packages_skip_by_dep=None, packages_skip_up_to=None, packages_select_build_failed=False, packages_skip_build_finished=False, packages_select_test_failures=False, packages_skip_test_passed=False, packages_select=None, packages_skip=None, packages_select_regex=None, packages_skip_regex=None, packages_start=None, packages_end=None, allow_overriding=[], cmake_args=None, cmake_target=None, cmake_target_skip_unavailable=False, cmake_clean_cache=False, cmake_clean_first=False, cmake_force_configure=False, ament_cmake_args=None, catkin_cmake_args=None, catkin_skip_building_tests=False, mixin_files=None, mixin=None, verb_parser=<colcon_mixin.mixin.mixin_argument.MixinArgumentDecorator object at 0xffffb4792330>, verb_extension=<colcon_core.verb.build.BuildVerb object at 0xffffb4946960>, main=<bound method BuildVerb.main of <colcon_core.verb.build.BuildVerb object at 0xffffb4946960>>, mixin_verb=('build',))
[0.248s] Level 1:colcon.colcon_core.package_discovery:discover_packages(colcon_meta) check parameters
[0.248s] Level 1:colcon.colcon_core.package_discovery:discover_packages(recursive) check parameters
[0.248s] Level 1:colcon.colcon_core.package_discovery:discover_packages(ignore) check parameters
[0.248s] Level 1:colcon.colcon_core.package_discovery:discover_packages(path) check parameters
[0.248s] Level 1:colcon.colcon_core.package_discovery:discover_packages(colcon_meta) discover
[0.248s] Level 1:colcon.colcon_core.package_discovery:discover_packages(recursive) discover
[0.248s] INFO:colcon.colcon_core.package_discovery:Crawling recursively for packages in '/home/rasp/humanoid/robot_ws'
[0.248s] Level 1:colcon.colcon_core.package_identification:_identify(.) by extensions ['ignore', 'ignore_ament_install']
[0.249s] Level 1:colcon.colcon_core.package_identification:_identify(.) by extension 'ignore'
[0.249s] Level 1:colcon.colcon_core.package_identification:_identify(.) by extension 'ignore_ament_install'
[0.249s] Level 1:colcon.colcon_core.package_identification:_identify(.) by extensions ['colcon_pkg']
[0.249s] Level 1:colcon.colcon_core.package_identification:_identify(.) by extension 'colcon_pkg'
[0.249s] Level 1:colcon.colcon_core.package_identification:_identify(.) by extensions ['colcon_meta']
[0.249s] Level 1:colcon.colcon_core.package_identification:_identify(.) by extension 'colcon_meta'
[0.249s] Level 1:colcon.colcon_core.package_identification:_identify(.) by extensions ['ros']
[0.249s] Level 1:colcon.colcon_core.package_identification:_identify(.) by extension 'ros'
[0.290s] Level 1:colcon.colcon_core.package_identification:_identify(.) by extensions ['cmake', 'python']
[0.291s] Level 1:colcon.colcon_core.package_identification:_identify(.) by extension 'cmake'
[0.291s] Level 1:colcon.colcon_core.package_identification:_identify(.) by extension 'python'
[0.291s] Level 1:colcon.colcon_core.package_identification:_identify(.) by extensions ['python_setup_py']
[0.291s] Level 1:colcon.colcon_core.package_identification:_identify(.) by extension 'python_setup_py'
[0.291s] Level 1:colcon.colcon_core.package_identification:_identify(build) by extensions ['ignore', 'ignore_ament_install']
[0.291s] Level 1:colcon.colcon_core.package_identification:_identify(build) by extension 'ignore'
[0.291s] Level 1:colcon.colcon_core.package_identification:_identify(build) ignored
[0.292s] Level 1:colcon.colcon_core.package_identification:_identify(install) by extensions ['ignore', 'ignore_ament_install']
[0.292s] Level 1:colcon.colcon_core.package_identification:_identify(install) by extension 'ignore'
[0.292s] Level 1:colcon.colcon_core.package_identification:_identify(install) ignored
[0.292s] Level 1:colcon.colcon_core.package_identification:_identify(log) by extensions ['ignore', 'ignore_ament_install']
[0.292s] Level 1:colcon.colcon_core.package_identification:_identify(log) by extension 'ignore'
[0.292s] Level 1:colcon.colcon_core.package_identification:_identify(log) ignored
[0.293s] Level 1:colcon.colcon_core.package_identification:_identify(src) by extensions ['ignore', 'ignore_ament_install']
[0.293s] Level 1:colcon.colcon_core.package_identification:_identify(src) by extension 'ignore'
[0.293s] Level 1:colcon.colcon_core.package_identification:_identify(src) by extension 'ignore_ament_install'
[0.293s] Level 1:colcon.colcon_core.package_identification:_identify(src) by extensions ['colcon_pkg']
[0.293s] Level 1:colcon.colcon_core.package_identification:_identify(src) by extension 'colcon_pkg'
[0.293s] Level 1:colcon.colcon_core.package_identification:_identify(src) by extensions ['colcon_meta']
[0.293s] Level 1:colcon.colcon_core.package_identification:_identify(src) by extension 'colcon_meta'
[0.293s] Level 1:colcon.colcon_core.package_identification:_identify(src) by extensions ['ros']
[0.293s] Level 1:colcon.colcon_core.package_identification:_identify(src) by extension 'ros'
[0.293s] Level 1:colcon.colcon_core.package_identification:_identify(src) by extensions ['cmake', 'python']
[0.293s] Level 1:colcon.colcon_core.package_identification:_identify(src) by extension 'cmake'
[0.293s] Level 1:colcon.colcon_core.package_identification:_identify(src) by extension 'python'
[0.294s] Level 1:colcon.colcon_core.package_identification:_identify(src) by extensions ['python_setup_py']
[0.294s] Level 1:colcon.colcon_core.package_identification:_identify(src) by extension 'python_setup_py'
[0.294s] Level 1:colcon.colcon_core.package_identification:_identify(src/my_servo_controller) by extensions ['ignore', 'ignore_ament_install']
[0.294s] Level 1:colcon.colcon_core.package_identification:_identify(src/my_servo_controller) by extension 'ignore'
[0.294s] Level 1:colcon.colcon_core.package_identification:_identify(src/my_servo_controller) by extension 'ignore_ament_install'
[0.294s] Level 1:colcon.colcon_core.package_identification:_identify(src/my_servo_controller) by extensions ['colcon_pkg']
[0.294s] Level 1:colcon.colcon_core.package_identification:_identify(src/my_servo_controller) by extension 'colcon_pkg'
[0.294s] Level 1:colcon.colcon_core.package_identification:_identify(src/my_servo_controller) by extensions ['colcon_meta']
[0.294s] Level 1:colcon.colcon_core.package_identification:_identify(src/my_servo_controller) by extension 'colcon_meta'
[0.294s] Level 1:colcon.colcon_core.package_identification:_identify(src/my_servo_controller) by extensions ['ros']
[0.294s] Level 1:colcon.colcon_core.package_identification:_identify(src/my_servo_controller) by extension 'ros'
[0.300s] DEBUG:colcon.colcon_core.package_identification:Package 'src/my_servo_controller' with type 'ros.ament_python' and name 'my_servo_controller'
[0.300s] Level 1:colcon.colcon_core.package_identification:_identify(src/ros2_heinz_me) by extensions ['ignore', 'ignore_ament_install']
[0.300s] Level 1:colcon.colcon_core.package_identification:_identify(src/ros2_heinz_me) by extension 'ignore'
[0.300s] Level 1:colcon.colcon_core.package_identification:_identify(src/ros2_heinz_me) by extension 'ignore_ament_install'
[0.300s] Level 1:colcon.colcon_core.package_identification:_identify(src/ros2_heinz_me) by extensions ['colcon_pkg']
[0.300s] Level 1:colcon.colcon_core.package_identification:_identify(src/ros2_heinz_me) by extension 'colcon_pkg'
[0.301s] Level 1:colcon.colcon_core.package_identification:_identify(src/ros2_heinz_me) by extensions ['colcon_meta']
[0.301s] Level 1:colcon.colcon_core.package_identification:_identify(src/ros2_heinz_me) by extension 'colcon_meta'
[0.301s] Level 1:colcon.colcon_core.package_identification:_identify(src/ros2_heinz_me) by extensions ['ros']
[0.301s] Level 1:colcon.colcon_core.package_identification:_identify(src/ros2_heinz_me) by extension 'ros'
[0.301s] Level 1:colcon.colcon_core.package_identification:_identify(src/ros2_heinz_me) by extensions ['cmake', 'python']
[0.301s] Level 1:colcon.colcon_core.package_identification:_identify(src/ros2_heinz_me) by extension 'cmake'
[0.301s] Level 1:colcon.colcon_core.package_identification:_identify(src/ros2_heinz_me) by extension 'python'
[0.301s] Level 1:colcon.colcon_core.package_identification:_identify(src/ros2_heinz_me) by extensions ['python_setup_py']
[0.301s] Level 1:colcon.colcon_core.package_identification:_identify(src/ros2_heinz_me) by extension 'python_setup_py'
[0.301s] Level 1:colcon.colcon_core.package_identification:_identify(src/ros2_heinz_me/h1_gazebo_sim) by extensions ['ignore', 'ignore_ament_install']
[0.301s] Level 1:colcon.colcon_core.package_identification:_identify(src/ros2_heinz_me/h1_gazebo_sim) by extension 'ignore'
[0.302s] Level 1:colcon.colcon_core.package_identification:_identify(src/ros2_heinz_me/h1_gazebo_sim) by extension 'ignore_ament_install'
[0.302s] Level 1:colcon.colcon_core.package_identification:_identify(src/ros2_heinz_me/h1_gazebo_sim) by extensions ['colcon_pkg']
[0.302s] Level 1:colcon.colcon_core.package_identification:_identify(src/ros2_heinz_me/h1_gazebo_sim) by extension 'colcon_pkg'
[0.302s] Level 1:colcon.colcon_core.package_identification:_identify(src/ros2_heinz_me/h1_gazebo_sim) by extensions ['colcon_meta']
[0.302s] Level 1:colcon.colcon_core.package_identification:_identify(src/ros2_heinz_me/h1_gazebo_sim) by extension 'colcon_meta'
[0.302s] Level 1:colcon.colcon_core.package_identification:_identify(src/ros2_heinz_me/h1_gazebo_sim) by extensions ['ros']
[0.302s] Level 1:colcon.colcon_core.package_identification:_identify(src/ros2_heinz_me/h1_gazebo_sim) by extension 'ros'
[0.302s] Level 1:colcon.colcon_core.package_identification:_identify(src/ros2_heinz_me/h1_gazebo_sim) by extensions ['cmake', 'python']
[0.302s] Level 1:colcon.colcon_core.package_identification:_identify(src/ros2_heinz_me/h1_gazebo_sim) by extension 'cmake'
[0.302s] Level 1:colcon.colcon_core.package_identification:_identify(src/ros2_heinz_me/h1_gazebo_sim) by extension 'python'
[0.302s] Level 1:colcon.colcon_core.package_identification:_identify(src/ros2_heinz_me/h1_gazebo_sim) by extensions ['python_setup_py']
[0.302s] Level 1:colcon.colcon_core.package_identification:_identify(src/ros2_heinz_me/h1_gazebo_sim) by extension 'python_setup_py'
[0.303s] Level 1:colcon.colcon_core.package_identification:_identify(src/ros2_heinz_me/h1_gazebo_sim/ros_gz_h1_bringup) by extensions ['ignore', 'ignore_ament_install']
[0.303s] Level 1:colcon.colcon_core.package_identification:_identify(src/ros2_heinz_me/h1_gazebo_sim/ros_gz_h1_bringup) by extension 'ignore'
[0.303s] Level 1:colcon.colcon_core.package_identification:_identify(src/ros2_heinz_me/h1_gazebo_sim/ros_gz_h1_bringup) by extension 'ignore_ament_install'
[0.303s] Level 1:colcon.colcon_core.package_identification:_identify(src/ros2_heinz_me/h1_gazebo_sim/ros_gz_h1_bringup) by extensions ['colcon_pkg']
[0.303s] Level 1:colcon.colcon_core.package_identification:_identify(src/ros2_heinz_me/h1_gazebo_sim/ros_gz_h1_bringup) by extension 'colcon_pkg'
[0.303s] Level 1:colcon.colcon_core.package_identification:_identify(src/ros2_heinz_me/h1_gazebo_sim/ros_gz_h1_bringup) by extensions ['colcon_meta']
[0.303s] Level 1:colcon.colcon_core.package_identification:_identify(src/ros2_heinz_me/h1_gazebo_sim/ros_gz_h1_bringup) by extension 'colcon_meta'
[0.303s] Level 1:colcon.colcon_core.package_identification:_identify(src/ros2_heinz_me/h1_gazebo_sim/ros_gz_h1_bringup) by extensions ['ros']
[0.303s] Level 1:colcon.colcon_core.package_identification:_identify(src/ros2_heinz_me/h1_gazebo_sim/ros_gz_h1_bringup) by extension 'ros'
[0.305s] DEBUG:colcon.colcon_core.package_identification:Package 'src/ros2_heinz_me/h1_gazebo_sim/ros_gz_h1_bringup' with type 'ros.ament_cmake' and name 'ros_gz_h1_bringup'
[0.305s] Level 1:colcon.colcon_core.package_identification:_identify(src/ros2_heinz_me/h1_gazebo_sim/ros_gz_h1_description) by extensions ['ignore', 'ignore_ament_install']
[0.305s] Level 1:colcon.colcon_core.package_identification:_identify(src/ros2_heinz_me/h1_gazebo_sim/ros_gz_h1_description) by extension 'ignore'
[0.305s] Level 1:colcon.colcon_core.package_identification:_identify(src/ros2_heinz_me/h1_gazebo_sim/ros_gz_h1_description) by extension 'ignore_ament_install'
[0.305s] Level 1:colcon.colcon_core.package_identification:_identify(src/ros2_heinz_me/h1_gazebo_sim/ros_gz_h1_description) by extensions ['colcon_pkg']
[0.305s] Level 1:colcon.colcon_core.package_identification:_identify(src/ros2_heinz_me/h1_gazebo_sim/ros_gz_h1_description) by extension 'colcon_pkg'
[0.305s] Level 1:colcon.colcon_core.package_identification:_identify(src/ros2_heinz_me/h1_gazebo_sim/ros_gz_h1_description) by extensions ['colcon_meta']
[0.305s] Level 1:colcon.colcon_core.package_identification:_identify(src/ros2_heinz_me/h1_gazebo_sim/ros_gz_h1_description) by extension 'colcon_meta'
[0.306s] Level 1:colcon.colcon_core.package_identification:_identify(src/ros2_heinz_me/h1_gazebo_sim/ros_gz_h1_description) by extensions ['ros']
[0.306s] Level 1:colcon.colcon_core.package_identification:_identify(src/ros2_heinz_me/h1_gazebo_sim/ros_gz_h1_description) by extension 'ros'
[0.306s] DEBUG:colcon.colcon_core.package_identification:Package 'src/ros2_heinz_me/h1_gazebo_sim/ros_gz_h1_description' with type 'ros.ament_cmake' and name 'ros_gz_h1_description'
[0.306s] Level 1:colcon.colcon_core.package_identification:_identify(src/ros2_heinz_me/h1_gazebo_sim/ros_gz_h1_gazebo) by extensions ['ignore', 'ignore_ament_install']
[0.307s] Level 1:colcon.colcon_core.package_identification:_identify(src/ros2_heinz_me/h1_gazebo_sim/ros_gz_h1_gazebo) by extension 'ignore'
[0.307s] Level 1:colcon.colcon_core.package_identification:_identify(src/ros2_heinz_me/h1_gazebo_sim/ros_gz_h1_gazebo) by extension 'ignore_ament_install'
[0.307s] Level 1:colcon.colcon_core.package_identification:_identify(src/ros2_heinz_me/h1_gazebo_sim/ros_gz_h1_gazebo) by extensions ['colcon_pkg']
[0.307s] Level 1:colcon.colcon_core.package_identification:_identify(src/ros2_heinz_me/h1_gazebo_sim/ros_gz_h1_gazebo) by extension 'colcon_pkg'
[0.307s] Level 1:colcon.colcon_core.package_identification:_identify(src/ros2_heinz_me/h1_gazebo_sim/ros_gz_h1_gazebo) by extensions ['colcon_meta']
[0.307s] Level 1:colcon.colcon_core.package_identification:_identify(src/ros2_heinz_me/h1_gazebo_sim/ros_gz_h1_gazebo) by extension 'colcon_meta'
[0.307s] Level 1:colcon.colcon_core.package_identification:_identify(src/ros2_heinz_me/h1_gazebo_sim/ros_gz_h1_gazebo) by extensions ['ros']
[0.307s] Level 1:colcon.colcon_core.package_identification:_identify(src/ros2_heinz_me/h1_gazebo_sim/ros_gz_h1_gazebo) by extension 'ros'
[0.308s] DEBUG:colcon.colcon_core.package_identification:Package 'src/ros2_heinz_me/h1_gazebo_sim/ros_gz_h1_gazebo' with type 'ros.ament_cmake' and name 'ros_gz_h1_gazebo'
[0.308s] Level 1:colcon.colcon_core.package_identification:_identify(src/servo_interfaces) by extensions ['ignore', 'ignore_ament_install']
[0.309s] Level 1:colcon.colcon_core.package_identification:_identify(src/servo_interfaces) by extension 'ignore'
[0.309s] Level 1:colcon.colcon_core.package_identification:_identify(src/servo_interfaces) by extension 'ignore_ament_install'
[0.309s] Level 1:colcon.colcon_core.package_identification:_identify(src/servo_interfaces) by extensions ['colcon_pkg']
[0.309s] Level 1:colcon.colcon_core.package_identification:_identify(src/servo_interfaces) by extension 'colcon_pkg'
[0.309s] Level 1:colcon.colcon_core.package_identification:_identify(src/servo_interfaces) by extensions ['colcon_meta']
[0.309s] Level 1:colcon.colcon_core.package_identification:_identify(src/servo_interfaces) by extension 'colcon_meta'
[0.309s] Level 1:colcon.colcon_core.package_identification:_identify(src/servo_interfaces) by extensions ['ros']
[0.309s] Level 1:colcon.colcon_core.package_identification:_identify(src/servo_interfaces) by extension 'ros'
[0.310s] DEBUG:colcon.colcon_core.package_identification:Package 'src/servo_interfaces' with type 'ros.ament_cmake' and name 'servo_interfaces'
[0.310s] Level 1:colcon.colcon_core.package_discovery:discover_packages(recursive) using defaults
[0.310s] Level 1:colcon.colcon_core.package_discovery:discover_packages(ignore) discover
[0.310s] Level 1:colcon.colcon_core.package_discovery:discover_packages(ignore) using defaults
[0.310s] Level 1:colcon.colcon_core.package_discovery:discover_packages(path) discover
[0.310s] Level 1:colcon.colcon_core.package_discovery:discover_packages(path) using defaults
[0.347s] Level 1:colcon.colcon_core.package_discovery:discover_packages(prefix_path) check parameters
[0.347s] Level 1:colcon.colcon_core.package_discovery:discover_packages(prefix_path) discover
[0.351s] DEBUG:colcon.colcon_installed_package_information.package_discovery:Found 5 installed packages in /home/rasp/humanoid/robot_ws/install
[0.356s] DEBUG:colcon.colcon_installed_package_information.package_discovery:Found 448 installed packages in /opt/ros/jazzy
[0.360s] Level 1:colcon.colcon_core.package_discovery:discover_packages(prefix_path) using defaults
[0.466s] Level 5:colcon.colcon_core.verb:set package 'ros_gz_h1_description' build argument 'cmake_args' from command line to 'None'
[0.466s] Level 5:colcon.colcon_core.verb:set package 'ros_gz_h1_description' build argument 'cmake_target' from command line to 'None'
[0.466s] Level 5:colcon.colcon_core.verb:set package 'ros_gz_h1_description' build argument 'cmake_target_skip_unavailable' from command line to 'False'
[0.466s] Level 5:colcon.colcon_core.verb:set package 'ros_gz_h1_description' build argument 'cmake_clean_cache' from command line to 'False'
[0.466s] Level 5:colcon.colcon_core.verb:set package 'ros_gz_h1_description' build argument 'cmake_clean_first' from command line to 'False'
[0.466s] Level 5:colcon.colcon_core.verb:set package 'ros_gz_h1_description' build argument 'cmake_force_configure' from command line to 'False'
[0.466s] Level 5:colcon.colcon_core.verb:set package 'ros_gz_h1_description' build argument 'ament_cmake_args' from command line to 'None'
[0.466s] Level 5:colcon.colcon_core.verb:set package 'ros_gz_h1_description' build argument 'catkin_cmake_args' from command line to 'None'
[0.466s] Level 5:colcon.colcon_core.verb:set package 'ros_gz_h1_description' build argument 'catkin_skip_building_tests' from command line to 'False'
[0.466s] DEBUG:colcon.colcon_core.verb:Building package 'ros_gz_h1_description' with the following arguments: {'ament_cmake_args': None, 'build_base': '/home/rasp/humanoid/robot_ws/build/ros_gz_h1_description', 'catkin_cmake_args': None, 'catkin_skip_building_tests': False, 'cmake_args': None, 'cmake_clean_cache': False, 'cmake_clean_first': False, 'cmake_force_configure': False, 'cmake_target': None, 'cmake_target_skip_unavailable': False, 'install_base': '/home/rasp/humanoid/robot_ws/install/ros_gz_h1_description', 'merge_install': False, 'path': '/home/rasp/humanoid/robot_ws/src/ros2_heinz_me/h1_gazebo_sim/ros_gz_h1_description', 'symlink_install': False, 'test_result_base': None}
[0.467s] Level 5:colcon.colcon_core.verb:set package 'servo_interfaces' build argument 'cmake_args' from command line to 'None'
[0.467s] Level 5:colcon.colcon_core.verb:set package 'servo_interfaces' build argument 'cmake_target' from command line to 'None'
[0.467s] Level 5:colcon.colcon_core.verb:set package 'servo_interfaces' build argument 'cmake_target_skip_unavailable' from command line to 'False'
[0.467s] Level 5:colcon.colcon_core.verb:set package 'servo_interfaces' build argument 'cmake_clean_cache' from command line to 'False'
[0.467s] Level 5:colcon.colcon_core.verb:set package 'servo_interfaces' build argument 'cmake_clean_first' from command line to 'False'
[0.467s] Level 5:colcon.colcon_core.verb:set package 'servo_interfaces' build argument 'cmake_force_configure' from command line to 'False'
[0.467s] Level 5:colcon.colcon_core.verb:set package 'servo_interfaces' build argument 'ament_cmake_args' from command line to 'None'
[0.467s] Level 5:colcon.colcon_core.verb:set package 'servo_interfaces' build argument 'catkin_cmake_args' from command line to 'None'
[0.467s] Level 5:colcon.colcon_core.verb:set package 'servo_interfaces' build argument 'catkin_skip_building_tests' from command line to 'False'
[0.467s] DEBUG:colcon.colcon_core.verb:Building package 'servo_interfaces' with the following arguments: {'ament_cmake_args': None, 'build_base': '/home/rasp/humanoid/robot_ws/build/servo_interfaces', 'catkin_cmake_args': None, 'catkin_skip_building_tests': False, 'cmake_args': None, 'cmake_clean_cache': False, 'cmake_clean_first': False, 'cmake_force_configure': False, 'cmake_target': None, 'cmake_target_skip_unavailable': False, 'install_base': '/home/rasp/humanoid/robot_ws/install/servo_interfaces', 'merge_install': False, 'path': '/home/rasp/humanoid/robot_ws/src/servo_interfaces', 'symlink_install': False, 'test_result_base': None}
[0.467s] Level 5:colcon.colcon_core.verb:set package 'my_servo_controller' build argument 'cmake_args' from command line to 'None'
[0.468s] Level 5:colcon.colcon_core.verb:set package 'my_servo_controller' build argument 'cmake_target' from command line to 'None'
[0.468s] Level 5:colcon.colcon_core.verb:set package 'my_servo_controller' build argument 'cmake_target_skip_unavailable' from command line to 'False'
[0.468s] Level 5:colcon.colcon_core.verb:set package 'my_servo_controller' build argument 'cmake_clean_cache' from command line to 'False'
[0.468s] Level 5:colcon.colcon_core.verb:set package 'my_servo_controller' build argument 'cmake_clean_first' from command line to 'False'
[0.468s] Level 5:colcon.colcon_core.verb:set package 'my_servo_controller' build argument 'cmake_force_configure' from command line to 'False'
[0.468s] Level 5:colcon.colcon_core.verb:set package 'my_servo_controller' build argument 'ament_cmake_args' from command line to 'None'
[0.468s] Level 5:colcon.colcon_core.verb:set package 'my_servo_controller' build argument 'catkin_cmake_args' from command line to 'None'
[0.468s] Level 5:colcon.colcon_core.verb:set package 'my_servo_controller' build argument 'catkin_skip_building_tests' from command line to 'False'
[0.468s] DEBUG:colcon.colcon_core.verb:Building package 'my_servo_controller' with the following arguments: {'ament_cmake_args': None, 'build_base': '/home/rasp/humanoid/robot_ws/build/my_servo_controller', 'catkin_cmake_args': None, 'catkin_skip_building_tests': False, 'cmake_args': None, 'cmake_clean_cache': False, 'cmake_clean_first': False, 'cmake_force_configure': False, 'cmake_target': None, 'cmake_target_skip_unavailable': False, 'install_base': '/home/rasp/humanoid/robot_ws/install/my_servo_controller', 'merge_install': False, 'path': '/home/rasp/humanoid/robot_ws/src/my_servo_controller', 'symlink_install': False, 'test_result_base': None}
[0.468s] Level 5:colcon.colcon_core.verb:set package 'ros_gz_h1_gazebo' build argument 'cmake_args' from command line to 'None'
[0.468s] Level 5:colcon.colcon_core.verb:set package 'ros_gz_h1_gazebo' build argument 'cmake_target' from command line to 'None'
[0.468s] Level 5:colcon.colcon_core.verb:set package 'ros_gz_h1_gazebo' build argument 'cmake_target_skip_unavailable' from command line to 'False'
[0.468s] Level 5:colcon.colcon_core.verb:set package 'ros_gz_h1_gazebo' build argument 'cmake_clean_cache' from command line to 'False'
[0.468s] Level 5:colcon.colcon_core.verb:set package 'ros_gz_h1_gazebo' build argument 'cmake_clean_first' from command line to 'False'
[0.468s] Level 5:colcon.colcon_core.verb:set package 'ros_gz_h1_gazebo' build argument 'cmake_force_configure' from command line to 'False'
[0.468s] Level 5:colcon.colcon_core.verb:set package 'ros_gz_h1_gazebo' build argument 'ament_cmake_args' from command line to 'None'
[0.468s] Level 5:colcon.colcon_core.verb:set package 'ros_gz_h1_gazebo' build argument 'catkin_cmake_args' from command line to 'None'
[0.468s] Level 5:colcon.colcon_core.verb:set package 'ros_gz_h1_gazebo' build argument 'catkin_skip_building_tests' from command line to 'False'
[0.468s] DEBUG:colcon.colcon_core.verb:Building package 'ros_gz_h1_gazebo' with the following arguments: {'ament_cmake_args': None, 'build_base': '/home/rasp/humanoid/robot_ws/build/ros_gz_h1_gazebo', 'catkin_cmake_args': None, 'catkin_skip_building_tests': False, 'cmake_args': None, 'cmake_clean_cache': False, 'cmake_clean_first': False, 'cmake_force_configure': False, 'cmake_target': None, 'cmake_target_skip_unavailable': False, 'install_base': '/home/rasp/humanoid/robot_ws/install/ros_gz_h1_gazebo', 'merge_install': False, 'path': '/home/rasp/humanoid/robot_ws/src/ros2_heinz_me/h1_gazebo_sim/ros_gz_h1_gazebo', 'symlink_install': False, 'test_result_base': None}
[0.469s] Level 5:colcon.colcon_core.verb:set package 'ros_gz_h1_bringup' build argument 'cmake_args' from command line to 'None'
[0.469s] Level 5:colcon.colcon_core.verb:set package 'ros_gz_h1_bringup' build argument 'cmake_target' from command line to 'None'
[0.469s] Level 5:colcon.colcon_core.verb:set package 'ros_gz_h1_bringup' build argument 'cmake_target_skip_unavailable' from command line to 'False'
[0.469s] Level 5:colcon.colcon_core.verb:set package 'ros_gz_h1_bringup' build argument 'cmake_clean_cache' from command line to 'False'
[0.469s] Level 5:colcon.colcon_core.verb:set package 'ros_gz_h1_bringup' build argument 'cmake_clean_first' from command line to 'False'
[0.469s] Level 5:colcon.colcon_core.verb:set package 'ros_gz_h1_bringup' build argument 'cmake_force_configure' from command line to 'False'
[0.469s] Level 5:colcon.colcon_core.verb:set package 'ros_gz_h1_bringup' build argument 'ament_cmake_args' from command line to 'None'
[0.469s] Level 5:colcon.colcon_core.verb:set package 'ros_gz_h1_bringup' build argument 'catkin_cmake_args' from command line to 'None'
[0.469s] Level 5:colcon.colcon_core.verb:set package 'ros_gz_h1_bringup' build argument 'catkin_skip_building_tests' from command line to 'False'
[0.469s] DEBUG:colcon.colcon_core.verb:Building package 'ros_gz_h1_bringup' with the following arguments: {'ament_cmake_args': None, 'build_base': '/home/rasp/humanoid/robot_ws/build/ros_gz_h1_bringup', 'catkin_cmake_args': None, 'catkin_skip_building_tests': False, 'cmake_args': None, 'cmake_clean_cache': False, 'cmake_clean_first': False, 'cmake_force_configure': False, 'cmake_target': None, 'cmake_target_skip_unavailable': False, 'install_base': '/home/rasp/humanoid/robot_ws/install/ros_gz_h1_bringup', 'merge_install': False, 'path': '/home/rasp/humanoid/robot_ws/src/ros2_heinz_me/h1_gazebo_sim/ros_gz_h1_bringup', 'symlink_install': False, 'test_result_base': None}
[0.469s] INFO:colcon.colcon_core.executor:Executing jobs using 'parallel' executor
[0.471s] DEBUG:colcon.colcon_parallel_executor.executor.parallel:run_until_complete
[0.471s] INFO:colcon.colcon_ros.task.ament_cmake.build:Building ROS package in '/home/rasp/humanoid/robot_ws/src/ros2_heinz_me/h1_gazebo_sim/ros_gz_h1_description' with build type 'ament_cmake'
[0.471s] INFO:colcon.colcon_cmake.task.cmake.build:Building CMake package in '/home/rasp/humanoid/robot_ws/src/ros2_heinz_me/h1_gazebo_sim/ros_gz_h1_description'
[0.474s] INFO:colcon.colcon_core.plugin_system:Skipping extension 'colcon_core.shell.bat': Not used on non-Windows systems
[0.474s] INFO:colcon.colcon_core.shell:Skip shell extension 'powershell' for command environment: Not usable outside of PowerShell
[0.474s] DEBUG:colcon.colcon_core.shell:Skip shell extension 'dsv' for command environment
[0.481s] INFO:colcon.colcon_ros.task.ament_cmake.build:Building ROS package in '/home/rasp/humanoid/robot_ws/src/servo_interfaces' with build type 'ament_cmake'
[0.481s] INFO:colcon.colcon_cmake.task.cmake.build:Building CMake package in '/home/rasp/humanoid/robot_ws/src/servo_interfaces'
[0.482s] INFO:colcon.colcon_core.shell:Skip shell extension 'powershell' for command environment: Not usable outside of PowerShell
[0.482s] DEBUG:colcon.colcon_core.shell:Skip shell extension 'dsv' for command environment
[0.500s] DEBUG:colcon.colcon_core.event_handler.log_command:Invoking command in '/home/rasp/humanoid/robot_ws/build/ros_gz_h1_description': CMAKE_PREFIX_PATH=${CMAKE_PREFIX_PATH}:/home/rasp/humanoid/robot_ws/install/my_servo_controller:/opt/ros/jazzy DEBUGINFOD_URLS=https://debuginfod.ubuntu.com /usr/bin/cmake --build /home/rasp/humanoid/robot_ws/build/ros_gz_h1_description -- -j4 -l4
[0.515s] DEBUG:colcon.colcon_core.event_handler.log_command:Invoking command in '/home/rasp/humanoid/robot_ws/build/servo_interfaces': CMAKE_PREFIX_PATH=${CMAKE_PREFIX_PATH}:/home/rasp/humanoid/robot_ws/install/my_servo_controller:/opt/ros/jazzy DEBUGINFOD_URLS=https://debuginfod.ubuntu.com /usr/bin/cmake --build /home/rasp/humanoid/robot_ws/build/servo_interfaces -- -j4 -l4
[0.648s] DEBUG:colcon.colcon_core.event_handler.log_command:Invoked command in '/home/rasp/humanoid/robot_ws/build/ros_gz_h1_description' returned '0': CMAKE_PREFIX_PATH=${CMAKE_PREFIX_PATH}:/home/rasp/humanoid/robot_ws/install/my_servo_controller:/opt/ros/jazzy DEBUGINFOD_URLS=https://debuginfod.ubuntu.com /usr/bin/cmake --build /home/rasp/humanoid/robot_ws/build/ros_gz_h1_description -- -j4 -l4
[0.679s] DEBUG:colcon.colcon_core.event_handler.log_command:Invoking command in '/home/rasp/humanoid/robot_ws/build/ros_gz_h1_description': CMAKE_PREFIX_PATH=${CMAKE_PREFIX_PATH}:/home/rasp/humanoid/robot_ws/install/my_servo_controller:/opt/ros/jazzy DEBUGINFOD_URLS=https://debuginfod.ubuntu.com /usr/bin/cmake --install /home/rasp/humanoid/robot_ws/build/ros_gz_h1_description
[0.710s] Level 1:colcon.colcon_core.environment:create_environment_scripts_only(ros_gz_h1_description)
[0.714s] DEBUG:colcon.colcon_core.event_handler.log_command:Invoked command in '/home/rasp/humanoid/robot_ws/build/ros_gz_h1_description' returned '0': CMAKE_PREFIX_PATH=${CMAKE_PREFIX_PATH}:/home/rasp/humanoid/robot_ws/install/my_servo_controller:/opt/ros/jazzy DEBUGINFOD_URLS=https://debuginfod.ubuntu.com /usr/bin/cmake --install /home/rasp/humanoid/robot_ws/build/ros_gz_h1_description
[0.716s] Level 1:colcon.colcon_core.environment:checking '/home/rasp/humanoid/robot_ws/install/ros_gz_h1_description' for CMake module files
[0.717s] Level 1:colcon.colcon_core.environment:checking '/home/rasp/humanoid/robot_ws/install/ros_gz_h1_description' for CMake config files
[0.717s] Level 1:colcon.colcon_core.shell:create_environment_hook('ros_gz_h1_description', 'cmake_prefix_path')
[0.718s] INFO:colcon.colcon_core.shell:Creating environment hook '/home/rasp/humanoid/robot_ws/install/ros_gz_h1_description/share/ros_gz_h1_description/hook/cmake_prefix_path.ps1'
[0.719s] INFO:colcon.colcon_core.shell:Creating environment descriptor '/home/rasp/humanoid/robot_ws/install/ros_gz_h1_description/share/ros_gz_h1_description/hook/cmake_prefix_path.dsv'
[0.720s] INFO:colcon.colcon_core.shell:Creating environment hook '/home/rasp/humanoid/robot_ws/install/ros_gz_h1_description/share/ros_gz_h1_description/hook/cmake_prefix_path.sh'
[0.721s] Level 1:colcon.colcon_core.environment:checking '/home/rasp/humanoid/robot_ws/install/ros_gz_h1_description/bin'
[0.722s] Level 1:colcon.colcon_core.environment:checking '/home/rasp/humanoid/robot_ws/install/ros_gz_h1_description/lib/pkgconfig/ros_gz_h1_description.pc'
[0.722s] Level 1:colcon.colcon_core.environment:checking '/home/rasp/humanoid/robot_ws/install/ros_gz_h1_description/lib/python3.12/site-packages'
[0.722s] Level 1:colcon.colcon_core.environment:checking '/home/rasp/humanoid/robot_ws/install/ros_gz_h1_description/bin'
[0.723s] INFO:colcon.colcon_core.shell:Creating package script '/home/rasp/humanoid/robot_ws/install/ros_gz_h1_description/share/ros_gz_h1_description/package.ps1'
[0.724s] INFO:colcon.colcon_core.shell:Creating package descriptor '/home/rasp/humanoid/robot_ws/install/ros_gz_h1_description/share/ros_gz_h1_description/package.dsv'
[0.725s] INFO:colcon.colcon_core.shell:Creating package script '/home/rasp/humanoid/robot_ws/install/ros_gz_h1_description/share/ros_gz_h1_description/package.sh'
[0.726s] INFO:colcon.colcon_core.shell:Creating package script '/home/rasp/humanoid/robot_ws/install/ros_gz_h1_description/share/ros_gz_h1_description/package.bash'
[0.727s] INFO:colcon.colcon_core.shell:Creating package script '/home/rasp/humanoid/robot_ws/install/ros_gz_h1_description/share/ros_gz_h1_description/package.zsh'
[0.728s] Level 1:colcon.colcon_core.environment:create_file_with_runtime_dependencies(/home/rasp/humanoid/robot_ws/install/ros_gz_h1_description/share/colcon-core/packages/ros_gz_h1_description)
[0.729s] Level 1:colcon.colcon_core.environment:create_environment_scripts_only(ros_gz_h1_description)
[0.729s] Level 1:colcon.colcon_core.environment:checking '/home/rasp/humanoid/robot_ws/install/ros_gz_h1_description' for CMake module files
[0.730s] Level 1:colcon.colcon_core.environment:checking '/home/rasp/humanoid/robot_ws/install/ros_gz_h1_description' for CMake config files
[0.730s] Level 1:colcon.colcon_core.shell:create_environment_hook('ros_gz_h1_description', 'cmake_prefix_path')
[0.731s] INFO:colcon.colcon_core.shell:Creating environment hook '/home/rasp/humanoid/robot_ws/install/ros_gz_h1_description/share/ros_gz_h1_description/hook/cmake_prefix_path.ps1'
[0.731s] INFO:colcon.colcon_core.shell:Creating environment descriptor '/home/rasp/humanoid/robot_ws/install/ros_gz_h1_description/share/ros_gz_h1_description/hook/cmake_prefix_path.dsv'
[0.732s] INFO:colcon.colcon_core.shell:Creating environment hook '/home/rasp/humanoid/robot_ws/install/ros_gz_h1_description/share/ros_gz_h1_description/hook/cmake_prefix_path.sh'
[0.734s] Level 1:colcon.colcon_core.environment:checking '/home/rasp/humanoid/robot_ws/install/ros_gz_h1_description/bin'
[0.734s] Level 1:colcon.colcon_core.environment:checking '/home/rasp/humanoid/robot_ws/install/ros_gz_h1_description/lib/pkgconfig/ros_gz_h1_description.pc'
[0.734s] Level 1:colcon.colcon_core.environment:checking '/home/rasp/humanoid/robot_ws/install/ros_gz_h1_description/lib/python3.12/site-packages'
[0.735s] Level 1:colcon.colcon_core.environment:checking '/home/rasp/humanoid/robot_ws/install/ros_gz_h1_description/bin'
[0.735s] INFO:colcon.colcon_core.shell:Creating package script '/home/rasp/humanoid/robot_ws/install/ros_gz_h1_description/share/ros_gz_h1_description/package.ps1'
[0.736s] INFO:colcon.colcon_core.shell:Creating package descriptor '/home/rasp/humanoid/robot_ws/install/ros_gz_h1_description/share/ros_gz_h1_description/package.dsv'
[0.737s] INFO:colcon.colcon_core.shell:Creating package script '/home/rasp/humanoid/robot_ws/install/ros_gz_h1_description/share/ros_gz_h1_description/package.sh'
[0.738s] INFO:colcon.colcon_core.shell:Creating package script '/home/rasp/humanoid/robot_ws/install/ros_gz_h1_description/share/ros_gz_h1_description/package.bash'
[0.739s] INFO:colcon.colcon_core.shell:Creating package script '/home/rasp/humanoid/robot_ws/install/ros_gz_h1_description/share/ros_gz_h1_description/package.zsh'
[0.740s] Level 1:colcon.colcon_core.environment:create_file_with_runtime_dependencies(/home/rasp/humanoid/robot_ws/install/ros_gz_h1_description/share/colcon-core/packages/ros_gz_h1_description)
[0.741s] INFO:colcon.colcon_ros.task.ament_cmake.build:Building ROS package in '/home/rasp/humanoid/robot_ws/src/ros2_heinz_me/h1_gazebo_sim/ros_gz_h1_gazebo' with build type 'ament_cmake'
[0.741s] INFO:colcon.colcon_cmake.task.cmake.build:Building CMake package in '/home/rasp/humanoid/robot_ws/src/ros2_heinz_me/h1_gazebo_sim/ros_gz_h1_gazebo'
[0.741s] INFO:colcon.colcon_core.shell:Skip shell extension 'powershell' for command environment: Not usable outside of PowerShell
[0.741s] DEBUG:colcon.colcon_core.shell:Skip shell extension 'dsv' for command environment
[0.769s] DEBUG:colcon.colcon_core.event_handler.log_command:Invoking command in '/home/rasp/humanoid/robot_ws/build/ros_gz_h1_gazebo': CMAKE_PREFIX_PATH=/home/rasp/humanoid/robot_ws/install/ros_gz_h1_description:/home/rasp/humanoid/robot_ws/install/servo_interfaces:/home/rasp/humanoid/robot_ws/install/ros_gz_h1_bringup:/home/rasp/humanoid/robot_ws/install/ros_gz_h1_gazebo:/opt/ros/jazzy/opt/gz_sim_vendor:/opt/ros/jazzy/opt/gz_sensors_vendor:/opt/ros/jazzy/opt/gz_physics_vendor:/opt/ros/jazzy/opt/sdformat_vendor:/opt/ros/jazzy/opt/gz_gui_vendor:/opt/ros/jazzy/opt/gz_transport_vendor:/opt/ros/jazzy/opt/gz_rendering_vendor:/opt/ros/jazzy/opt/gz_plugin_vendor:/opt/ros/jazzy/opt/gz_fuel_tools_vendor:/opt/ros/jazzy/opt/gz_msgs_vendor:/opt/ros/jazzy/opt/gz_common_vendor:/opt/ros/jazzy/opt/gz_math_vendor:/opt/ros/jazzy/opt/gz_utils_vendor:/opt/ros/jazzy/opt/gz_tools_vendor:/opt/ros/jazzy/opt/gz_ogre_next_vendor:/opt/ros/jazzy/opt/gz_dartsim_vendor:/opt/ros/jazzy/opt/gz_cmake_vendor:/home/rasp/humanoid/robot_ws/install/my_servo_controller:/opt/ros/jazzy DEBUGINFOD_URLS=https://debuginfod.ubuntu.com GZ_SIM_RESOURCE_PATH=/home/rasp/humanoid/robot_ws/install/ros_gz_h1_description/share/ros_gz_h1_description/models:${GZ_SIM_RESOURCE_PATH} /usr/bin/cmake --build /home/rasp/humanoid/robot_ws/build/ros_gz_h1_gazebo -- -j4 -l4
[0.938s] DEBUG:colcon.colcon_core.event_handler.log_command:Invoked command in '/home/rasp/humanoid/robot_ws/build/ros_gz_h1_gazebo' returned '0': CMAKE_PREFIX_PATH=/home/rasp/humanoid/robot_ws/install/ros_gz_h1_description:/home/rasp/humanoid/robot_ws/install/servo_interfaces:/home/rasp/humanoid/robot_ws/install/ros_gz_h1_bringup:/home/rasp/humanoid/robot_ws/install/ros_gz_h1_gazebo:/opt/ros/jazzy/opt/gz_sim_vendor:/opt/ros/jazzy/opt/gz_sensors_vendor:/opt/ros/jazzy/opt/gz_physics_vendor:/opt/ros/jazzy/opt/sdformat_vendor:/opt/ros/jazzy/opt/gz_gui_vendor:/opt/ros/jazzy/opt/gz_transport_vendor:/opt/ros/jazzy/opt/gz_rendering_vendor:/opt/ros/jazzy/opt/gz_plugin_vendor:/opt/ros/jazzy/opt/gz_fuel_tools_vendor:/opt/ros/jazzy/opt/gz_msgs_vendor:/opt/ros/jazzy/opt/gz_common_vendor:/opt/ros/jazzy/opt/gz_math_vendor:/opt/ros/jazzy/opt/gz_utils_vendor:/opt/ros/jazzy/opt/gz_tools_vendor:/opt/ros/jazzy/opt/gz_ogre_next_vendor:/opt/ros/jazzy/opt/gz_dartsim_vendor:/opt/ros/jazzy/opt/gz_cmake_vendor:/home/rasp/humanoid/robot_ws/install/my_servo_controller:/opt/ros/jazzy DEBUGINFOD_URLS=https://debuginfod.ubuntu.com GZ_SIM_RESOURCE_PATH=/home/rasp/humanoid/robot_ws/install/ros_gz_h1_description/share/ros_gz_h1_description/models:${GZ_SIM_RESOURCE_PATH} /usr/bin/cmake --build /home/rasp/humanoid/robot_ws/build/ros_gz_h1_gazebo -- -j4 -l4
[0.943s] DEBUG:colcon.colcon_core.event_handler.log_command:Invoking command in '/home/rasp/humanoid/robot_ws/build/ros_gz_h1_gazebo': CMAKE_PREFIX_PATH=/home/rasp/humanoid/robot_ws/install/ros_gz_h1_description:/home/rasp/humanoid/robot_ws/install/servo_interfaces:/home/rasp/humanoid/robot_ws/install/ros_gz_h1_bringup:/home/rasp/humanoid/robot_ws/install/ros_gz_h1_gazebo:/opt/ros/jazzy/opt/gz_sim_vendor:/opt/ros/jazzy/opt/gz_sensors_vendor:/opt/ros/jazzy/opt/gz_physics_vendor:/opt/ros/jazzy/opt/sdformat_vendor:/opt/ros/jazzy/opt/gz_gui_vendor:/opt/ros/jazzy/opt/gz_transport_vendor:/opt/ros/jazzy/opt/gz_rendering_vendor:/opt/ros/jazzy/opt/gz_plugin_vendor:/opt/ros/jazzy/opt/gz_fuel_tools_vendor:/opt/ros/jazzy/opt/gz_msgs_vendor:/opt/ros/jazzy/opt/gz_common_vendor:/opt/ros/jazzy/opt/gz_math_vendor:/opt/ros/jazzy/opt/gz_utils_vendor:/opt/ros/jazzy/opt/gz_tools_vendor:/opt/ros/jazzy/opt/gz_ogre_next_vendor:/opt/ros/jazzy/opt/gz_dartsim_vendor:/opt/ros/jazzy/opt/gz_cmake_vendor:/home/rasp/humanoid/robot_ws/install/my_servo_controller:/opt/ros/jazzy DEBUGINFOD_URLS=https://debuginfod.ubuntu.com GZ_SIM_RESOURCE_PATH=/home/rasp/humanoid/robot_ws/install/ros_gz_h1_description/share/ros_gz_h1_description/models:${GZ_SIM_RESOURCE_PATH} /usr/bin/cmake --install /home/rasp/humanoid/robot_ws/build/ros_gz_h1_gazebo
[0.971s] Level 1:colcon.colcon_core.environment:create_environment_scripts_only(ros_gz_h1_gazebo)
[0.971s] Level 1:colcon.colcon_core.environment:checking '/home/rasp/humanoid/robot_ws/install/ros_gz_h1_gazebo' for CMake module files
[0.972s] DEBUG:colcon.colcon_core.event_handler.log_command:Invoked command in '/home/rasp/humanoid/robot_ws/build/ros_gz_h1_gazebo' returned '0': CMAKE_PREFIX_PATH=/home/rasp/humanoid/robot_ws/install/ros_gz_h1_description:/home/rasp/humanoid/robot_ws/install/servo_interfaces:/home/rasp/humanoid/robot_ws/install/ros_gz_h1_bringup:/home/rasp/humanoid/robot_ws/install/ros_gz_h1_gazebo:/opt/ros/jazzy/opt/gz_sim_vendor:/opt/ros/jazzy/opt/gz_sensors_vendor:/opt/ros/jazzy/opt/gz_physics_vendor:/opt/ros/jazzy/opt/sdformat_vendor:/opt/ros/jazzy/opt/gz_gui_vendor:/opt/ros/jazzy/opt/gz_transport_vendor:/opt/ros/jazzy/opt/gz_rendering_vendor:/opt/ros/jazzy/opt/gz_plugin_vendor:/opt/ros/jazzy/opt/gz_fuel_tools_vendor:/opt/ros/jazzy/opt/gz_msgs_vendor:/opt/ros/jazzy/opt/gz_common_vendor:/opt/ros/jazzy/opt/gz_math_vendor:/opt/ros/jazzy/opt/gz_utils_vendor:/opt/ros/jazzy/opt/gz_tools_vendor:/opt/ros/jazzy/opt/gz_ogre_next_vendor:/opt/ros/jazzy/opt/gz_dartsim_vendor:/opt/ros/jazzy/opt/gz_cmake_vendor:/home/rasp/humanoid/robot_ws/install/my_servo_controller:/opt/ros/jazzy DEBUGINFOD_URLS=https://debuginfod.ubuntu.com GZ_SIM_RESOURCE_PATH=/home/rasp/humanoid/robot_ws/install/ros_gz_h1_description/share/ros_gz_h1_description/models:${GZ_SIM_RESOURCE_PATH} /usr/bin/cmake --install /home/rasp/humanoid/robot_ws/build/ros_gz_h1_gazebo
[0.973s] Level 1:colcon.colcon_core.environment:checking '/home/rasp/humanoid/robot_ws/install/ros_gz_h1_gazebo' for CMake config files
[0.973s] Level 1:colcon.colcon_core.shell:create_environment_hook('ros_gz_h1_gazebo', 'cmake_prefix_path')
[0.973s] INFO:colcon.colcon_core.shell:Creating environment hook '/home/rasp/humanoid/robot_ws/install/ros_gz_h1_gazebo/share/ros_gz_h1_gazebo/hook/cmake_prefix_path.ps1'
[0.974s] INFO:colcon.colcon_core.shell:Creating environment descriptor '/home/rasp/humanoid/robot_ws/install/ros_gz_h1_gazebo/share/ros_gz_h1_gazebo/hook/cmake_prefix_path.dsv'
[0.975s] INFO:colcon.colcon_core.shell:Creating environment hook '/home/rasp/humanoid/robot_ws/install/ros_gz_h1_gazebo/share/ros_gz_h1_gazebo/hook/cmake_prefix_path.sh'
[0.975s] Level 1:colcon.colcon_core.environment:checking '/home/rasp/humanoid/robot_ws/install/ros_gz_h1_gazebo/bin'
[0.976s] Level 1:colcon.colcon_core.environment:checking '/home/rasp/humanoid/robot_ws/install/ros_gz_h1_gazebo/lib/pkgconfig/ros_gz_h1_gazebo.pc'
[0.976s] Level 1:colcon.colcon_core.environment:checking '/home/rasp/humanoid/robot_ws/install/ros_gz_h1_gazebo/lib/python3.12/site-packages'
[0.976s] Level 1:colcon.colcon_core.environment:checking '/home/rasp/humanoid/robot_ws/install/ros_gz_h1_gazebo/bin'
[0.977s] INFO:colcon.colcon_core.shell:Creating package script '/home/rasp/humanoid/robot_ws/install/ros_gz_h1_gazebo/share/ros_gz_h1_gazebo/package.ps1'
[0.978s] INFO:colcon.colcon_core.shell:Creating package descriptor '/home/rasp/humanoid/robot_ws/install/ros_gz_h1_gazebo/share/ros_gz_h1_gazebo/package.dsv'
[0.978s] INFO:colcon.colcon_core.shell:Creating package script '/home/rasp/humanoid/robot_ws/install/ros_gz_h1_gazebo/share/ros_gz_h1_gazebo/package.sh'
[0.979s] INFO:colcon.colcon_core.shell:Creating package script '/home/rasp/humanoid/robot_ws/install/ros_gz_h1_gazebo/share/ros_gz_h1_gazebo/package.bash'
[0.980s] INFO:colcon.colcon_core.shell:Creating package script '/home/rasp/humanoid/robot_ws/install/ros_gz_h1_gazebo/share/ros_gz_h1_gazebo/package.zsh'
[0.980s] Level 1:colcon.colcon_core.environment:create_file_with_runtime_dependencies(/home/rasp/humanoid/robot_ws/install/ros_gz_h1_gazebo/share/colcon-core/packages/ros_gz_h1_gazebo)
[0.981s] Level 1:colcon.colcon_core.environment:create_environment_scripts_only(ros_gz_h1_gazebo)
[0.982s] Level 1:colcon.colcon_core.environment:checking '/home/rasp/humanoid/robot_ws/install/ros_gz_h1_gazebo' for CMake module files
[0.982s] Level 1:colcon.colcon_core.environment:checking '/home/rasp/humanoid/robot_ws/install/ros_gz_h1_gazebo' for CMake config files
[0.983s] Level 1:colcon.colcon_core.shell:create_environment_hook('ros_gz_h1_gazebo', 'cmake_prefix_path')
[0.983s] INFO:colcon.colcon_core.shell:Creating environment hook '/home/rasp/humanoid/robot_ws/install/ros_gz_h1_gazebo/share/ros_gz_h1_gazebo/hook/cmake_prefix_path.ps1'
[0.984s] INFO:colcon.colcon_core.shell:Creating environment descriptor '/home/rasp/humanoid/robot_ws/install/ros_gz_h1_gazebo/share/ros_gz_h1_gazebo/hook/cmake_prefix_path.dsv'
[0.984s] INFO:colcon.colcon_core.shell:Creating environment hook '/home/rasp/humanoid/robot_ws/install/ros_gz_h1_gazebo/share/ros_gz_h1_gazebo/hook/cmake_prefix_path.sh'
[0.985s] Level 1:colcon.colcon_core.environment:checking '/home/rasp/humanoid/robot_ws/install/ros_gz_h1_gazebo/bin'
[0.985s] Level 1:colcon.colcon_core.environment:checking '/home/rasp/humanoid/robot_ws/install/ros_gz_h1_gazebo/lib/pkgconfig/ros_gz_h1_gazebo.pc'
[0.985s] Level 1:colcon.colcon_core.environment:checking '/home/rasp/humanoid/robot_ws/install/ros_gz_h1_gazebo/lib/python3.12/site-packages'
[0.986s] Level 1:colcon.colcon_core.environment:checking '/home/rasp/humanoid/robot_ws/install/ros_gz_h1_gazebo/bin'
[0.986s] INFO:colcon.colcon_core.shell:Creating package script '/home/rasp/humanoid/robot_ws/install/ros_gz_h1_gazebo/share/ros_gz_h1_gazebo/package.ps1'
[0.987s] INFO:colcon.colcon_core.shell:Creating package descriptor '/home/rasp/humanoid/robot_ws/install/ros_gz_h1_gazebo/share/ros_gz_h1_gazebo/package.dsv'
[0.988s] INFO:colcon.colcon_core.shell:Creating package script '/home/rasp/humanoid/robot_ws/install/ros_gz_h1_gazebo/share/ros_gz_h1_gazebo/package.sh'
[0.988s] INFO:colcon.colcon_core.shell:Creating package script '/home/rasp/humanoid/robot_ws/install/ros_gz_h1_gazebo/share/ros_gz_h1_gazebo/package.bash'
[0.989s] INFO:colcon.colcon_core.shell:Creating package script '/home/rasp/humanoid/robot_ws/install/ros_gz_h1_gazebo/share/ros_gz_h1_gazebo/package.zsh'
[0.989s] Level 1:colcon.colcon_core.environment:create_file_with_runtime_dependencies(/home/rasp/humanoid/robot_ws/install/ros_gz_h1_gazebo/share/colcon-core/packages/ros_gz_h1_gazebo)
[0.990s] INFO:colcon.colcon_ros.task.ament_cmake.build:Building ROS package in '/home/rasp/humanoid/robot_ws/src/ros2_heinz_me/h1_gazebo_sim/ros_gz_h1_bringup' with build type 'ament_cmake'
[0.990s] INFO:colcon.colcon_cmake.task.cmake.build:Building CMake package in '/home/rasp/humanoid/robot_ws/src/ros2_heinz_me/h1_gazebo_sim/ros_gz_h1_bringup'
[0.990s] INFO:colcon.colcon_core.shell:Skip shell extension 'powershell' for command environment: Not usable outside of PowerShell
[0.991s] DEBUG:colcon.colcon_core.shell:Skip shell extension 'dsv' for command environment
[1.018s] DEBUG:colcon.colcon_core.event_handler.log_command:Invoking command in '/home/rasp/humanoid/robot_ws/build/ros_gz_h1_bringup': CMAKE_PREFIX_PATH=/home/rasp/humanoid/robot_ws/install/ros_gz_h1_gazebo:/home/rasp/humanoid/robot_ws/install/ros_gz_h1_description:/home/rasp/humanoid/robot_ws/install/servo_interfaces:/home/rasp/humanoid/robot_ws/install/ros_gz_h1_bringup:/opt/ros/jazzy/opt/gz_sim_vendor:/opt/ros/jazzy/opt/gz_sensors_vendor:/opt/ros/jazzy/opt/gz_physics_vendor:/opt/ros/jazzy/opt/sdformat_vendor:/opt/ros/jazzy/opt/gz_gui_vendor:/opt/ros/jazzy/opt/gz_transport_vendor:/opt/ros/jazzy/opt/gz_rendering_vendor:/opt/ros/jazzy/opt/gz_plugin_vendor:/opt/ros/jazzy/opt/gz_fuel_tools_vendor:/opt/ros/jazzy/opt/gz_msgs_vendor:/opt/ros/jazzy/opt/gz_common_vendor:/opt/ros/jazzy/opt/gz_math_vendor:/opt/ros/jazzy/opt/gz_utils_vendor:/opt/ros/jazzy/opt/gz_tools_vendor:/opt/ros/jazzy/opt/gz_ogre_next_vendor:/opt/ros/jazzy/opt/gz_dartsim_vendor:/opt/ros/jazzy/opt/gz_cmake_vendor:/home/rasp/humanoid/robot_ws/install/my_servo_controller:/opt/ros/jazzy DEBUGINFOD_URLS=https://debuginfod.ubuntu.com GZ_SIM_PLUGIN_PATH=/home/rasp/humanoid/robot_ws/install/ros_gz_h1_gazebo/lib/ros_gz_h1_gazebo GZ_SIM_RESOURCE_PATH=/home/rasp/humanoid/robot_ws/install/ros_gz_h1_description/share/ros_gz_h1_description/models:${GZ_SIM_RESOURCE_PATH} /usr/bin/cmake --build /home/rasp/humanoid/robot_ws/build/ros_gz_h1_bringup -- -j4 -l4
[1.118s] DEBUG:colcon.colcon_core.event_handler.log_command:Invoked command in '/home/rasp/humanoid/robot_ws/build/ros_gz_h1_bringup' returned '0': CMAKE_PREFIX_PATH=/home/rasp/humanoid/robot_ws/install/ros_gz_h1_gazebo:/home/rasp/humanoid/robot_ws/install/ros_gz_h1_description:/home/rasp/humanoid/robot_ws/install/servo_interfaces:/home/rasp/humanoid/robot_ws/install/ros_gz_h1_bringup:/opt/ros/jazzy/opt/gz_sim_vendor:/opt/ros/jazzy/opt/gz_sensors_vendor:/opt/ros/jazzy/opt/gz_physics_vendor:/opt/ros/jazzy/opt/sdformat_vendor:/opt/ros/jazzy/opt/gz_gui_vendor:/opt/ros/jazzy/opt/gz_transport_vendor:/opt/ros/jazzy/opt/gz_rendering_vendor:/opt/ros/jazzy/opt/gz_plugin_vendor:/opt/ros/jazzy/opt/gz_fuel_tools_vendor:/opt/ros/jazzy/opt/gz_msgs_vendor:/opt/ros/jazzy/opt/gz_common_vendor:/opt/ros/jazzy/opt/gz_math_vendor:/opt/ros/jazzy/opt/gz_utils_vendor:/opt/ros/jazzy/opt/gz_tools_vendor:/opt/ros/jazzy/opt/gz_ogre_next_vendor:/opt/ros/jazzy/opt/gz_dartsim_vendor:/opt/ros/jazzy/opt/gz_cmake_vendor:/home/rasp/humanoid/robot_ws/install/my_servo_controller:/opt/ros/jazzy DEBUGINFOD_URLS=https://debuginfod.ubuntu.com GZ_SIM_PLUGIN_PATH=/home/rasp/humanoid/robot_ws/install/ros_gz_h1_gazebo/lib/ros_gz_h1_gazebo GZ_SIM_RESOURCE_PATH=/home/rasp/humanoid/robot_ws/install/ros_gz_h1_description/share/ros_gz_h1_description/models:${GZ_SIM_RESOURCE_PATH} /usr/bin/cmake --build /home/rasp/humanoid/robot_ws/build/ros_gz_h1_bringup -- -j4 -l4
[1.122s] DEBUG:colcon.colcon_core.event_handler.log_command:Invoking command in '/home/rasp/humanoid/robot_ws/build/ros_gz_h1_bringup': CMAKE_PREFIX_PATH=/home/rasp/humanoid/robot_ws/install/ros_gz_h1_gazebo:/home/rasp/humanoid/robot_ws/install/ros_gz_h1_description:/home/rasp/humanoid/robot_ws/install/servo_interfaces:/home/rasp/humanoid/robot_ws/install/ros_gz_h1_bringup:/opt/ros/jazzy/opt/gz_sim_vendor:/opt/ros/jazzy/opt/gz_sensors_vendor:/opt/ros/jazzy/opt/gz_physics_vendor:/opt/ros/jazzy/opt/sdformat_vendor:/opt/ros/jazzy/opt/gz_gui_vendor:/opt/ros/jazzy/opt/gz_transport_vendor:/opt/ros/jazzy/opt/gz_rendering_vendor:/opt/ros/jazzy/opt/gz_plugin_vendor:/opt/ros/jazzy/opt/gz_fuel_tools_vendor:/opt/ros/jazzy/opt/gz_msgs_vendor:/opt/ros/jazzy/opt/gz_common_vendor:/opt/ros/jazzy/opt/gz_math_vendor:/opt/ros/jazzy/opt/gz_utils_vendor:/opt/ros/jazzy/opt/gz_tools_vendor:/opt/ros/jazzy/opt/gz_ogre_next_vendor:/opt/ros/jazzy/opt/gz_dartsim_vendor:/opt/ros/jazzy/opt/gz_cmake_vendor:/home/rasp/humanoid/robot_ws/install/my_servo_controller:/opt/ros/jazzy DEBUGINFOD_URLS=https://debuginfod.ubuntu.com GZ_SIM_PLUGIN_PATH=/home/rasp/humanoid/robot_ws/install/ros_gz_h1_gazebo/lib/ros_gz_h1_gazebo GZ_SIM_RESOURCE_PATH=/home/rasp/humanoid/robot_ws/install/ros_gz_h1_description/share/ros_gz_h1_description/models:${GZ_SIM_RESOURCE_PATH} /usr/bin/cmake --install /home/rasp/humanoid/robot_ws/build/ros_gz_h1_bringup
[1.147s] Level 1:colcon.colcon_core.environment:create_environment_scripts_only(ros_gz_h1_bringup)
[1.148s] Level 1:colcon.colcon_core.environment:checking '/home/rasp/humanoid/robot_ws/install/ros_gz_h1_bringup' for CMake module files
[1.148s] DEBUG:colcon.colcon_core.event_handler.log_command:Invoked command in '/home/rasp/humanoid/robot_ws/build/ros_gz_h1_bringup' returned '0': CMAKE_PREFIX_PATH=/home/rasp/humanoid/robot_ws/install/ros_gz_h1_gazebo:/home/rasp/humanoid/robot_ws/install/ros_gz_h1_description:/home/rasp/humanoid/robot_ws/install/servo_interfaces:/home/rasp/humanoid/robot_ws/install/ros_gz_h1_bringup:/opt/ros/jazzy/opt/gz_sim_vendor:/opt/ros/jazzy/opt/gz_sensors_vendor:/opt/ros/jazzy/opt/gz_physics_vendor:/opt/ros/jazzy/opt/sdformat_vendor:/opt/ros/jazzy/opt/gz_gui_vendor:/opt/ros/jazzy/opt/gz_transport_vendor:/opt/ros/jazzy/opt/gz_rendering_vendor:/opt/ros/jazzy/opt/gz_plugin_vendor:/opt/ros/jazzy/opt/gz_fuel_tools_vendor:/opt/ros/jazzy/opt/gz_msgs_vendor:/opt/ros/jazzy/opt/gz_common_vendor:/opt/ros/jazzy/opt/gz_math_vendor:/opt/ros/jazzy/opt/gz_utils_vendor:/opt/ros/jazzy/opt/gz_tools_vendor:/opt/ros/jazzy/opt/gz_ogre_next_vendor:/opt/ros/jazzy/opt/gz_dartsim_vendor:/opt/ros/jazzy/opt/gz_cmake_vendor:/home/rasp/humanoid/robot_ws/install/my_servo_controller:/opt/ros/jazzy DEBUGINFOD_URLS=https://debuginfod.ubuntu.com GZ_SIM_PLUGIN_PATH=/home/rasp/humanoid/robot_ws/install/ros_gz_h1_gazebo/lib/ros_gz_h1_gazebo GZ_SIM_RESOURCE_PATH=/home/rasp/humanoid/robot_ws/install/ros_gz_h1_description/share/ros_gz_h1_description/models:${GZ_SIM_RESOURCE_PATH} /usr/bin/cmake --install /home/rasp/humanoid/robot_ws/build/ros_gz_h1_bringup
[1.149s] Level 1:colcon.colcon_core.environment:checking '/home/rasp/humanoid/robot_ws/install/ros_gz_h1_bringup' for CMake config files
[1.149s] Level 1:colcon.colcon_core.shell:create_environment_hook('ros_gz_h1_bringup', 'cmake_prefix_path')
[1.150s] INFO:colcon.colcon_core.shell:Creating environment hook '/home/rasp/humanoid/robot_ws/install/ros_gz_h1_bringup/share/ros_gz_h1_bringup/hook/cmake_prefix_path.ps1'
[1.150s] INFO:colcon.colcon_core.shell:Creating environment descriptor '/home/rasp/humanoid/robot_ws/install/ros_gz_h1_bringup/share/ros_gz_h1_bringup/hook/cmake_prefix_path.dsv'
[1.151s] INFO:colcon.colcon_core.shell:Creating environment hook '/home/rasp/humanoid/robot_ws/install/ros_gz_h1_bringup/share/ros_gz_h1_bringup/hook/cmake_prefix_path.sh'
[1.152s] Level 1:colcon.colcon_core.environment:checking '/home/rasp/humanoid/robot_ws/install/ros_gz_h1_bringup/bin'
[1.152s] Level 1:colcon.colcon_core.environment:checking '/home/rasp/humanoid/robot_ws/install/ros_gz_h1_bringup/lib/pkgconfig/ros_gz_h1_bringup.pc'
[1.152s] Level 1:colcon.colcon_core.environment:checking '/home/rasp/humanoid/robot_ws/install/ros_gz_h1_bringup/lib/python3.12/site-packages'
[1.152s] Level 1:colcon.colcon_core.environment:checking '/home/rasp/humanoid/robot_ws/install/ros_gz_h1_bringup/bin'
[1.153s] INFO:colcon.colcon_core.shell:Creating package script '/home/rasp/humanoid/robot_ws/install/ros_gz_h1_bringup/share/ros_gz_h1_bringup/package.ps1'
[1.154s] INFO:colcon.colcon_core.shell:Creating package descriptor '/home/rasp/humanoid/robot_ws/install/ros_gz_h1_bringup/share/ros_gz_h1_bringup/package.dsv'
[1.154s] INFO:colcon.colcon_core.shell:Creating package script '/home/rasp/humanoid/robot_ws/install/ros_gz_h1_bringup/share/ros_gz_h1_bringup/package.sh'
[1.155s] INFO:colcon.colcon_core.shell:Creating package script '/home/rasp/humanoid/robot_ws/install/ros_gz_h1_bringup/share/ros_gz_h1_bringup/package.bash'
[1.155s] INFO:colcon.colcon_core.shell:Creating package script '/home/rasp/humanoid/robot_ws/install/ros_gz_h1_bringup/share/ros_gz_h1_bringup/package.zsh'
[1.155s] Level 1:colcon.colcon_core.environment:create_file_with_runtime_dependencies(/home/rasp/humanoid/robot_ws/install/ros_gz_h1_bringup/share/colcon-core/packages/ros_gz_h1_bringup)
[1.156s] Level 1:colcon.colcon_core.environment:create_environment_scripts_only(ros_gz_h1_bringup)
[1.157s] Level 1:colcon.colcon_core.environment:checking '/home/rasp/humanoid/robot_ws/install/ros_gz_h1_bringup' for CMake module files
[1.157s] Level 1:colcon.colcon_core.environment:checking '/home/rasp/humanoid/robot_ws/install/ros_gz_h1_bringup' for CMake config files
[1.158s] Level 1:colcon.colcon_core.shell:create_environment_hook('ros_gz_h1_bringup', 'cmake_prefix_path')
[1.158s] INFO:colcon.colcon_core.shell:Creating environment hook '/home/rasp/humanoid/robot_ws/install/ros_gz_h1_bringup/share/ros_gz_h1_bringup/hook/cmake_prefix_path.ps1'
[1.158s] INFO:colcon.colcon_core.shell:Creating environment descriptor '/home/rasp/humanoid/robot_ws/install/ros_gz_h1_bringup/share/ros_gz_h1_bringup/hook/cmake_prefix_path.dsv'
[1.160s] INFO:colcon.colcon_core.shell:Creating environment hook '/home/rasp/humanoid/robot_ws/install/ros_gz_h1_bringup/share/ros_gz_h1_bringup/hook/cmake_prefix_path.sh'
[1.161s] Level 1:colcon.colcon_core.environment:checking '/home/rasp/humanoid/robot_ws/install/ros_gz_h1_bringup/bin'
[1.161s] Level 1:colcon.colcon_core.environment:checking '/home/rasp/humanoid/robot_ws/install/ros_gz_h1_bringup/lib/pkgconfig/ros_gz_h1_bringup.pc'
[1.161s] Level 1:colcon.colcon_core.environment:checking '/home/rasp/humanoid/robot_ws/install/ros_gz_h1_bringup/lib/python3.12/site-packages'
[1.161s] Level 1:colcon.colcon_core.environment:checking '/home/rasp/humanoid/robot_ws/install/ros_gz_h1_bringup/bin'
[1.162s] INFO:colcon.colcon_core.shell:Creating package script '/home/rasp/humanoid/robot_ws/install/ros_gz_h1_bringup/share/ros_gz_h1_bringup/package.ps1'
[1.162s] INFO:colcon.colcon_core.shell:Creating package descriptor '/home/rasp/humanoid/robot_ws/install/ros_gz_h1_bringup/share/ros_gz_h1_bringup/package.dsv'
[1.163s] INFO:colcon.colcon_core.shell:Creating package script '/home/rasp/humanoid/robot_ws/install/ros_gz_h1_bringup/share/ros_gz_h1_bringup/package.sh'
[1.163s] INFO:colcon.colcon_core.shell:Creating package script '/home/rasp/humanoid/robot_ws/install/ros_gz_h1_bringup/share/ros_gz_h1_bringup/package.bash'
[1.164s] INFO:colcon.colcon_core.shell:Creating package script '/home/rasp/humanoid/robot_ws/install/ros_gz_h1_bringup/share/ros_gz_h1_bringup/package.zsh'
[1.164s] Level 1:colcon.colcon_core.environment:create_file_with_runtime_dependencies(/home/rasp/humanoid/robot_ws/install/ros_gz_h1_bringup/share/colcon-core/packages/ros_gz_h1_bringup)
[34.084s] DEBUG:colcon.colcon_core.event_handler.log_command:Invoked command in '/home/rasp/humanoid/robot_ws/build/servo_interfaces' returned '0': CMAKE_PREFIX_PATH=${CMAKE_PREFIX_PATH}:/home/rasp/humanoid/robot_ws/install/my_servo_controller:/opt/ros/jazzy DEBUGINFOD_URLS=https://debuginfod.ubuntu.com /usr/bin/cmake --build /home/rasp/humanoid/robot_ws/build/servo_interfaces -- -j4 -l4
[34.086s] DEBUG:colcon.colcon_core.event_handler.log_command:Invoking command in '/home/rasp/humanoid/robot_ws/build/servo_interfaces': CMAKE_PREFIX_PATH=${CMAKE_PREFIX_PATH}:/home/rasp/humanoid/robot_ws/install/my_servo_controller:/opt/ros/jazzy DEBUGINFOD_URLS=https://debuginfod.ubuntu.com /usr/bin/cmake --install /home/rasp/humanoid/robot_ws/build/servo_interfaces
[34.269s] Level 1:colcon.colcon_core.environment:create_environment_scripts_only(servo_interfaces)
[34.270s] Level 1:colcon.colcon_core.environment:checking '/home/rasp/humanoid/robot_ws/install/servo_interfaces' for CMake module files
[34.270s] DEBUG:colcon.colcon_core.event_handler.log_command:Invoked command in '/home/rasp/humanoid/robot_ws/build/servo_interfaces' returned '0': CMAKE_PREFIX_PATH=${CMAKE_PREFIX_PATH}:/home/rasp/humanoid/robot_ws/install/my_servo_controller:/opt/ros/jazzy DEBUGINFOD_URLS=https://debuginfod.ubuntu.com /usr/bin/cmake --install /home/rasp/humanoid/robot_ws/build/servo_interfaces
[34.274s] Level 1:colcon.colcon_core.environment:checking '/home/rasp/humanoid/robot_ws/install/servo_interfaces' for CMake config files
[34.274s] Level 1:colcon.colcon_core.shell:create_environment_hook('servo_interfaces', 'cmake_prefix_path')
[34.274s] INFO:colcon.colcon_core.shell:Creating environment hook '/home/rasp/humanoid/robot_ws/install/servo_interfaces/share/servo_interfaces/hook/cmake_prefix_path.ps1'
[34.275s] INFO:colcon.colcon_core.shell:Creating environment descriptor '/home/rasp/humanoid/robot_ws/install/servo_interfaces/share/servo_interfaces/hook/cmake_prefix_path.dsv'
[34.276s] INFO:colcon.colcon_core.shell:Creating environment hook '/home/rasp/humanoid/robot_ws/install/servo_interfaces/share/servo_interfaces/hook/cmake_prefix_path.sh'
[34.277s] Level 1:colcon.colcon_core.environment:checking '/home/rasp/humanoid/robot_ws/install/servo_interfaces/lib'
[34.278s] Level 1:colcon.colcon_core.shell:create_environment_hook('servo_interfaces', 'ld_library_path_lib')
[34.278s] INFO:colcon.colcon_core.shell:Creating environment hook '/home/rasp/humanoid/robot_ws/install/servo_interfaces/share/servo_interfaces/hook/ld_library_path_lib.ps1'
[34.279s] INFO:colcon.colcon_core.shell:Creating environment descriptor '/home/rasp/humanoid/robot_ws/install/servo_interfaces/share/servo_interfaces/hook/ld_library_path_lib.dsv'
[34.280s] INFO:colcon.colcon_core.shell:Creating environment hook '/home/rasp/humanoid/robot_ws/install/servo_interfaces/share/servo_interfaces/hook/ld_library_path_lib.sh'
[34.281s] Level 1:colcon.colcon_core.environment:checking '/home/rasp/humanoid/robot_ws/install/servo_interfaces/bin'
[34.281s] Level 1:colcon.colcon_core.environment:checking '/home/rasp/humanoid/robot_ws/install/servo_interfaces/lib/pkgconfig/servo_interfaces.pc'
[34.281s] Level 1:colcon.colcon_core.environment:checking '/home/rasp/humanoid/robot_ws/install/servo_interfaces/lib/python3.12/site-packages'
[34.281s] Level 1:colcon.colcon_core.shell:create_environment_hook('servo_interfaces', 'pythonpath')
[34.282s] INFO:colcon.colcon_core.shell:Creating environment hook '/home/rasp/humanoid/robot_ws/install/servo_interfaces/share/servo_interfaces/hook/pythonpath.ps1'
[34.282s] INFO:colcon.colcon_core.shell:Creating environment descriptor '/home/rasp/humanoid/robot_ws/install/servo_interfaces/share/servo_interfaces/hook/pythonpath.dsv'
[34.283s] INFO:colcon.colcon_core.shell:Creating environment hook '/home/rasp/humanoid/robot_ws/install/servo_interfaces/share/servo_interfaces/hook/pythonpath.sh'
[34.285s] Level 1:colcon.colcon_core.environment:checking '/home/rasp/humanoid/robot_ws/install/servo_interfaces/bin'
[34.285s] INFO:colcon.colcon_core.shell:Creating package script '/home/rasp/humanoid/robot_ws/install/servo_interfaces/share/servo_interfaces/package.ps1'
[34.286s] INFO:colcon.colcon_core.shell:Creating package descriptor '/home/rasp/humanoid/robot_ws/install/servo_interfaces/share/servo_interfaces/package.dsv'
[34.287s] INFO:colcon.colcon_core.shell:Creating package script '/home/rasp/humanoid/robot_ws/install/servo_interfaces/share/servo_interfaces/package.sh'
[34.288s] INFO:colcon.colcon_core.shell:Creating package script '/home/rasp/humanoid/robot_ws/install/servo_interfaces/share/servo_interfaces/package.bash'
[34.289s] INFO:colcon.colcon_core.shell:Creating package script '/home/rasp/humanoid/robot_ws/install/servo_interfaces/share/servo_interfaces/package.zsh'
[34.290s] Level 1:colcon.colcon_core.environment:create_file_with_runtime_dependencies(/home/rasp/humanoid/robot_ws/install/servo_interfaces/share/colcon-core/packages/servo_interfaces)
[34.292s] Level 1:colcon.colcon_core.environment:create_environment_scripts_only(servo_interfaces)
[34.292s] Level 1:colcon.colcon_core.environment:checking '/home/rasp/humanoid/robot_ws/install/servo_interfaces' for CMake module files
[34.293s] Level 1:colcon.colcon_core.environment:checking '/home/rasp/humanoid/robot_ws/install/servo_interfaces' for CMake config files
[34.294s] Level 1:colcon.colcon_core.shell:create_environment_hook('servo_interfaces', 'cmake_prefix_path')
[34.294s] INFO:colcon.colcon_core.shell:Creating environment hook '/home/rasp/humanoid/robot_ws/install/servo_interfaces/share/servo_interfaces/hook/cmake_prefix_path.ps1'
[34.294s] INFO:colcon.colcon_core.shell:Creating environment descriptor '/home/rasp/humanoid/robot_ws/install/servo_interfaces/share/servo_interfaces/hook/cmake_prefix_path.dsv'
[34.295s] INFO:colcon.colcon_core.shell:Creating environment hook '/home/rasp/humanoid/robot_ws/install/servo_interfaces/share/servo_interfaces/hook/cmake_prefix_path.sh'
[34.296s] Level 1:colcon.colcon_core.environment:checking '/home/rasp/humanoid/robot_ws/install/servo_interfaces/lib'
[34.297s] Level 1:colcon.colcon_core.shell:create_environment_hook('servo_interfaces', 'ld_library_path_lib')
[34.297s] INFO:colcon.colcon_core.shell:Creating environment hook '/home/rasp/humanoid/robot_ws/install/servo_interfaces/share/servo_interfaces/hook/ld_library_path_lib.ps1'
[34.297s] INFO:colcon.colcon_core.shell:Creating environment descriptor '/home/rasp/humanoid/robot_ws/install/servo_interfaces/share/servo_interfaces/hook/ld_library_path_lib.dsv'
[34.298s] INFO:colcon.colcon_core.shell:Creating environment hook '/home/rasp/humanoid/robot_ws/install/servo_interfaces/share/servo_interfaces/hook/ld_library_path_lib.sh'
[34.299s] Level 1:colcon.colcon_core.environment:checking '/home/rasp/humanoid/robot_ws/install/servo_interfaces/bin'
[34.299s] Level 1:colcon.colcon_core.environment:checking '/home/rasp/humanoid/robot_ws/install/servo_interfaces/lib/pkgconfig/servo_interfaces.pc'
[34.300s] Level 1:colcon.colcon_core.environment:checking '/home/rasp/humanoid/robot_ws/install/servo_interfaces/lib/python3.12/site-packages'
[34.300s] Level 1:colcon.colcon_core.shell:create_environment_hook('servo_interfaces', 'pythonpath')
[34.300s] INFO:colcon.colcon_core.shell:Creating environment hook '/home/rasp/humanoid/robot_ws/install/servo_interfaces/share/servo_interfaces/hook/pythonpath.ps1'
[34.301s] INFO:colcon.colcon_core.shell:Creating environment descriptor '/home/rasp/humanoid/robot_ws/install/servo_interfaces/share/servo_interfaces/hook/pythonpath.dsv'
[34.302s] INFO:colcon.colcon_core.shell:Creating environment hook '/home/rasp/humanoid/robot_ws/install/servo_interfaces/share/servo_interfaces/hook/pythonpath.sh'
[34.304s] Level 1:colcon.colcon_core.environment:checking '/home/rasp/humanoid/robot_ws/install/servo_interfaces/bin'
[34.304s] INFO:colcon.colcon_core.shell:Creating package script '/home/rasp/humanoid/robot_ws/install/servo_interfaces/share/servo_interfaces/package.ps1'
[34.305s] INFO:colcon.colcon_core.shell:Creating package descriptor '/home/rasp/humanoid/robot_ws/install/servo_interfaces/share/servo_interfaces/package.dsv'
[34.306s] INFO:colcon.colcon_core.shell:Creating package script '/home/rasp/humanoid/robot_ws/install/servo_interfaces/share/servo_interfaces/package.sh'
[34.307s] INFO:colcon.colcon_core.shell:Creating package script '/home/rasp/humanoid/robot_ws/install/servo_interfaces/share/servo_interfaces/package.bash'
[34.311s] INFO:colcon.colcon_core.shell:Creating package script '/home/rasp/humanoid/robot_ws/install/servo_interfaces/share/servo_interfaces/package.zsh'
[34.312s] Level 1:colcon.colcon_core.environment:create_file_with_runtime_dependencies(/home/rasp/humanoid/robot_ws/install/servo_interfaces/share/colcon-core/packages/servo_interfaces)
[34.313s] INFO:colcon.colcon_ros.task.ament_python.build:Building ROS package in '/home/rasp/humanoid/robot_ws/src/my_servo_controller' with build type 'ament_python'
[34.314s] Level 1:colcon.colcon_core.shell:create_environment_hook('my_servo_controller', 'ament_prefix_path')
[34.314s] INFO:colcon.colcon_core.shell:Creating environment hook '/home/rasp/humanoid/robot_ws/install/my_servo_controller/share/my_servo_controller/hook/ament_prefix_path.ps1'
[34.316s] INFO:colcon.colcon_core.shell:Creating environment descriptor '/home/rasp/humanoid/robot_ws/install/my_servo_controller/share/my_servo_controller/hook/ament_prefix_path.dsv'
[34.317s] INFO:colcon.colcon_core.shell:Creating environment hook '/home/rasp/humanoid/robot_ws/install/my_servo_controller/share/my_servo_controller/hook/ament_prefix_path.sh'
[34.319s] INFO:colcon.colcon_core.shell:Skip shell extension 'powershell' for command environment: Not usable outside of PowerShell
[34.319s] DEBUG:colcon.colcon_core.shell:Skip shell extension 'dsv' for command environment
[34.721s] INFO:colcon.colcon_core.task.python.build:Building Python package in '/home/rasp/humanoid/robot_ws/src/my_servo_controller'
[34.721s] INFO:colcon.colcon_core.shell:Skip shell extension 'powershell' for command environment: Not usable outside of PowerShell
[34.721s] DEBUG:colcon.colcon_core.shell:Skip shell extension 'dsv' for command environment
[35.676s] DEBUG:colcon.colcon_core.event_handler.log_command:Invoking command in '/home/rasp/humanoid/robot_ws/build/my_servo_controller': DEBUGINFOD_URLS=https://debuginfod.ubuntu.com PYTHONPATH=/home/rasp/humanoid/robot_ws/build/my_servo_controller/prefix_override:/usr/lib/python3/dist-packages/colcon_core/task/python/colcon_distutils_commands:/home/rasp/humanoid/robot_ws/install/my_servo_controller/lib/python3.12/site-packages:/home/rasp/humanoid/robot_ws/install/servo_interfaces/lib/python3.12/site-packages:/home/rasp/humanoid/robot_ws/build/my_servo_controller:/home/rasp/humanoid/robot_ws/install/my_servo_controller/lib/python3.12/site-packages:/opt/ros/jazzy/lib/python3.12/site-packages /usr/bin/python3 -W ignore:setup.py install is deprecated -W ignore:easy_install command is deprecated setup.py develop --uninstall --editable --build-directory /home/rasp/humanoid/robot_ws/build/my_servo_controller/build
[36.560s] DEBUG:colcon.colcon_core.event_handler.log_command:Invoked command in '/home/rasp/humanoid/robot_ws/build/my_servo_controller' returned '0': DEBUGINFOD_URLS=https://debuginfod.ubuntu.com PYTHONPATH=/home/rasp/humanoid/robot_ws/build/my_servo_controller/prefix_override:/usr/lib/python3/dist-packages/colcon_core/task/python/colcon_distutils_commands:/home/rasp/humanoid/robot_ws/install/my_servo_controller/lib/python3.12/site-packages:/home/rasp/humanoid/robot_ws/install/servo_interfaces/lib/python3.12/site-packages:/home/rasp/humanoid/robot_ws/build/my_servo_controller:/home/rasp/humanoid/robot_ws/install/my_servo_controller/lib/python3.12/site-packages:/opt/ros/jazzy/lib/python3.12/site-packages /usr/bin/python3 -W ignore:setup.py install is deprecated -W ignore:easy_install command is deprecated setup.py develop --uninstall --editable --build-directory /home/rasp/humanoid/robot_ws/build/my_servo_controller/build
[36.562s] DEBUG:colcon.colcon_core.event_handler.log_command:Invoking command in '/home/rasp/humanoid/robot_ws/src/my_servo_controller': DEBUGINFOD_URLS=https://debuginfod.ubuntu.com PYTHONPATH=/home/rasp/humanoid/robot_ws/build/my_servo_controller/prefix_override:/usr/lib/python3/dist-packages/colcon_core/task/python/colcon_distutils_commands:/home/rasp/humanoid/robot_ws/install/my_servo_controller/lib/python3.12/site-packages:/home/rasp/humanoid/robot_ws/install/servo_interfaces/lib/python3.12/site-packages:/home/rasp/humanoid/robot_ws/build/my_servo_controller:/home/rasp/humanoid/robot_ws/install/my_servo_controller/lib/python3.12/site-packages:/opt/ros/jazzy/lib/python3.12/site-packages /usr/bin/python3 -W ignore:setup.py install is deprecated -W ignore:easy_install command is deprecated setup.py egg_info --egg-base ../../build/my_servo_controller build --build-base /home/rasp/humanoid/robot_ws/build/my_servo_controller/build install --record /home/rasp/humanoid/robot_ws/build/my_servo_controller/install.log --single-version-externally-managed install_data --force
[37.498s] Level 1:colcon.colcon_core.environment:checking '/home/rasp/humanoid/robot_ws/install/my_servo_controller' for CMake module files
[37.498s] DEBUG:colcon.colcon_core.event_handler.log_command:Invoked command in '/home/rasp/humanoid/robot_ws/src/my_servo_controller' returned '0': DEBUGINFOD_URLS=https://debuginfod.ubuntu.com PYTHONPATH=/home/rasp/humanoid/robot_ws/build/my_servo_controller/prefix_override:/usr/lib/python3/dist-packages/colcon_core/task/python/colcon_distutils_commands:/home/rasp/humanoid/robot_ws/install/my_servo_controller/lib/python3.12/site-packages:/home/rasp/humanoid/robot_ws/install/servo_interfaces/lib/python3.12/site-packages:/home/rasp/humanoid/robot_ws/build/my_servo_controller:/home/rasp/humanoid/robot_ws/install/my_servo_controller/lib/python3.12/site-packages:/opt/ros/jazzy/lib/python3.12/site-packages /usr/bin/python3 -W ignore:setup.py install is deprecated -W ignore:easy_install command is deprecated setup.py egg_info --egg-base ../../build/my_servo_controller build --build-base /home/rasp/humanoid/robot_ws/build/my_servo_controller/build install --record /home/rasp/humanoid/robot_ws/build/my_servo_controller/install.log --single-version-externally-managed install_data --force
[37.499s] Level 1:colcon.colcon_core.environment:checking '/home/rasp/humanoid/robot_ws/install/my_servo_controller' for CMake config files
[37.500s] Level 1:colcon.colcon_core.environment:checking '/home/rasp/humanoid/robot_ws/install/my_servo_controller/lib'
[37.500s] Level 1:colcon.colcon_core.environment:checking '/home/rasp/humanoid/robot_ws/install/my_servo_controller/bin'
[37.500s] Level 1:colcon.colcon_core.environment:checking '/home/rasp/humanoid/robot_ws/install/my_servo_controller/lib/pkgconfig/my_servo_controller.pc'
[37.500s] Level 1:colcon.colcon_core.environment:checking '/home/rasp/humanoid/robot_ws/install/my_servo_controller/lib/python3.12/site-packages'
[37.500s] Level 1:colcon.colcon_core.shell:create_environment_hook('my_servo_controller', 'pythonpath')
[37.500s] INFO:colcon.colcon_core.shell:Creating environment hook '/home/rasp/humanoid/robot_ws/install/my_servo_controller/share/my_servo_controller/hook/pythonpath.ps1'
[37.501s] INFO:colcon.colcon_core.shell:Creating environment descriptor '/home/rasp/humanoid/robot_ws/install/my_servo_controller/share/my_servo_controller/hook/pythonpath.dsv'
[37.503s] INFO:colcon.colcon_core.shell:Creating environment hook '/home/rasp/humanoid/robot_ws/install/my_servo_controller/share/my_servo_controller/hook/pythonpath.sh'
[37.505s] Level 1:colcon.colcon_core.environment:checking '/home/rasp/humanoid/robot_ws/install/my_servo_controller/bin'
[37.505s] Level 1:colcon.colcon_core.environment:create_environment_scripts_only(my_servo_controller)
[37.505s] INFO:colcon.colcon_core.shell:Creating package script '/home/rasp/humanoid/robot_ws/install/my_servo_controller/share/my_servo_controller/package.ps1'
[37.506s] INFO:colcon.colcon_core.shell:Creating package descriptor '/home/rasp/humanoid/robot_ws/install/my_servo_controller/share/my_servo_controller/package.dsv'
[37.507s] INFO:colcon.colcon_core.shell:Creating package script '/home/rasp/humanoid/robot_ws/install/my_servo_controller/share/my_servo_controller/package.sh'
[37.508s] INFO:colcon.colcon_core.shell:Creating package script '/home/rasp/humanoid/robot_ws/install/my_servo_controller/share/my_servo_controller/package.bash'
[37.509s] INFO:colcon.colcon_core.shell:Creating package script '/home/rasp/humanoid/robot_ws/install/my_servo_controller/share/my_servo_controller/package.zsh'
[37.510s] Level 1:colcon.colcon_core.environment:create_file_with_runtime_dependencies(/home/rasp/humanoid/robot_ws/install/my_servo_controller/share/colcon-core/packages/my_servo_controller)
[37.511s] DEBUG:colcon.colcon_parallel_executor.executor.parallel:closing loop
[37.512s] DEBUG:colcon.colcon_parallel_executor.executor.parallel:loop closed
[37.512s] DEBUG:colcon.colcon_parallel_executor.executor.parallel:run_until_complete finished with '0'
[37.512s] DEBUG:colcon.colcon_core.event_reactor:joining thread
[37.522s] INFO:colcon.colcon_core.plugin_system:Skipping extension 'colcon_notification.desktop_notification.terminal_notifier': Not used on non-Darwin systems
[37.522s] INFO:colcon.colcon_core.plugin_system:Skipping extension 'colcon_notification.desktop_notification.win32': Not used on non-Windows systems
[37.522s] INFO:colcon.colcon_notification.desktop_notification:Sending desktop notification using 'notify2'
[37.547s] DEBUG:colcon.colcon_core.event_reactor:joined thread
[37.548s] INFO:colcon.colcon_core.shell:Creating prefix script '/home/rasp/humanoid/robot_ws/install/local_setup.ps1'
[37.549s] INFO:colcon.colcon_core.shell:Creating prefix util module '/home/rasp/humanoid/robot_ws/install/_local_setup_util_ps1.py'
[37.551s] INFO:colcon.colcon_core.shell:Creating prefix chain script '/home/rasp/humanoid/robot_ws/install/setup.ps1'
[37.554s] INFO:colcon.colcon_core.shell:Creating prefix script '/home/rasp/humanoid/robot_ws/install/local_setup.sh'
[37.555s] INFO:colcon.colcon_core.shell:Creating prefix util module '/home/rasp/humanoid/robot_ws/install/_local_setup_util_sh.py'
[37.558s] INFO:colcon.colcon_core.shell:Creating prefix chain script '/home/rasp/humanoid/robot_ws/install/setup.sh'
[37.561s] INFO:colcon.colcon_core.shell:Creating prefix script '/home/rasp/humanoid/robot_ws/install/local_setup.bash'
[37.562s] INFO:colcon.colcon_core.shell:Creating prefix chain script '/home/rasp/humanoid/robot_ws/install/setup.bash'
[37.564s] INFO:colcon.colcon_core.shell:Creating prefix script '/home/rasp/humanoid/robot_ws/install/local_setup.zsh'
[37.565s] INFO:colcon.colcon_core.shell:Creating prefix chain script '/home/rasp/humanoid/robot_ws/install/setup.zsh'
