[0.030s] Invoking command in '/home/rasp/robot_ws/build/my_package': CMAKE_PREFIX_PATH=${CMAKE_PREFIX_PATH}:/home/rasp/robot_ws/install/my_servo_controller:/opt/ros/jazzy DEBUGINFOD_URLS=https://debuginfod.ubuntu.com /usr/bin/cmake --build /home/rasp/robot_ws/build/my_package -- -j4 -l4
[0.121s] Invoked command in '/home/rasp/robot_ws/build/my_package' returned '0': CMAKE_PREFIX_PATH=${CMAKE_PREFIX_PATH}:/home/rasp/robot_ws/install/my_servo_controller:/opt/ros/jazzy DEBUGINFOD_URLS=https://debuginfod.ubuntu.com /usr/bin/cmake --build /home/rasp/robot_ws/build/my_package -- -j4 -l4
[0.153s] Invoking command in '/home/rasp/robot_ws/build/my_package': CMAKE_PREFIX_PATH=${CMAKE_PREFIX_PATH}:/home/rasp/robot_ws/install/my_servo_controller:/opt/ros/jazzy DEBUGINFOD_URLS=https://debuginfod.ubuntu.com /usr/bin/cmake --install /home/rasp/robot_ws/build/my_package
[0.176s] -- Install configuration: ""
[0.176s] -- Execute custom install script
[0.181s] -- Up-to-date symlink: /home/rasp/robot_ws/install/my_package/share/my_package/launch/listener.launch.py
[0.181s] -- Up-to-date symlink: /home/rasp/robot_ws/install/my_package/share/my_package/launch/talker.launch.py
[0.181s] -- Up-to-date symlink: /home/rasp/robot_ws/install/my_package/share/ament_index/resource_index/package_run_dependencies/my_package
[0.181s] -- Up-to-date symlink: /home/rasp/robot_ws/install/my_package/share/ament_index/resource_index/parent_prefix_path/my_package
[0.182s] -- Up-to-date symlink: /home/rasp/robot_ws/install/my_package/share/my_package/environment/ament_prefix_path.sh
[0.182s] -- Up-to-date symlink: /home/rasp/robot_ws/install/my_package/share/my_package/environment/ament_prefix_path.dsv
[0.182s] -- Up-to-date symlink: /home/rasp/robot_ws/install/my_package/share/my_package/environment/path.sh
[0.187s] -- Up-to-date symlink: /home/rasp/robot_ws/install/my_package/share/my_package/environment/path.dsv
[0.188s] -- Up-to-date symlink: /home/rasp/robot_ws/install/my_package/share/my_package/local_setup.bash
[0.188s] -- Up-to-date symlink: /home/rasp/robot_ws/install/my_package/share/my_package/local_setup.sh
[0.188s] -- Up-to-date symlink: /home/rasp/robot_ws/install/my_package/share/my_package/local_setup.zsh
[0.189s] -- Up-to-date symlink: /home/rasp/robot_ws/install/my_package/share/my_package/local_setup.dsv
[0.189s] -- Symlinking: /home/rasp/robot_ws/install/my_package/share/my_package/package.dsv
[0.230s] -- Up-to-date symlink: /home/rasp/robot_ws/install/my_package/share/ament_index/resource_index/packages/my_package
[0.230s] -- Up-to-date symlink: /home/rasp/robot_ws/install/my_package/share/my_package/cmake/my_packageConfig.cmake
[0.231s] -- Up-to-date symlink: /home/rasp/robot_ws/install/my_package/share/my_package/cmake/my_packageConfig-version.cmake
[0.232s] -- Up-to-date symlink: /home/rasp/robot_ws/install/my_package/share/my_package/package.xml
[0.248s] Invoked command in '/home/rasp/robot_ws/build/my_package' returned '0': CMAKE_PREFIX_PATH=${CMAKE_PREFIX_PATH}:/home/rasp/robot_ws/install/my_servo_controller:/opt/ros/jazzy DEBUGINFOD_URLS=https://debuginfod.ubuntu.com /usr/bin/cmake --install /home/rasp/robot_ws/build/my_package
