-- Found ament_cmake: 2.5.6 (/opt/ros/jazzy/share/ament_cmake/cmake)
-- Found std_msgs: 5.3.7 (/opt/ros/jazzy/share/std_msgs/cmake)
-- Found rosidl_generator_c: 4.6.7 (/opt/ros/jazzy/share/rosidl_generator_c/cmake)
-- Found rosidl_generator_cpp: 4.6.7 (/opt/ros/jazzy/share/rosidl_generator_cpp/cmake)
-- Using all available rosidl_typesupport_c: rosidl_typesupport_fastrtps_c;rosidl_typesupport_introspection_c
-- Using all available rosidl_typesupport_cpp: rosidl_typesupport_fastrtps_cpp;rosidl_typesupport_introspection_cpp
-- Found rosidl_default_generators: 1.6.0 (/opt/ros/jazzy/share/rosidl_default_generators/cmake)
-- Found rosidl_adapter: 4.6.7 (/opt/ros/jazzy/share/rosidl_adapter/cmake)
-- Found ament_cmake_ros: 0.12.0 (/opt/ros/jazzy/share/ament_cmake_ros/cmake)
-- Using all available rosidl_typesupport_c: rosidl_typesupport_fastrtps_c;rosidl_typesupport_introspection_c
-- Using all available rosidl_typesupport_cpp: rosidl_typesupport_fastrtps_cpp;rosidl_typesupport_introspection_cpp
-- Found python_cmake_module: 0.11.1 (/opt/ros/jazzy/share/python_cmake_module/cmake)
-- Found PythonExtra: /home/rasp/humanoid_ros2/yolo_env/bin/python3  
-- Found Python3: /home/rasp/humanoid_ros2/yolo_env/bin/python3 (found version "3.12.3") found components: Interpreter Development NumPy Development.Module Development.Embed 
-- Found Python3: /home/rasp/humanoid_ros2/yolo_env/bin/python3 (found version "3.12.3") found components: Interpreter 
-- Configuring done (4.6s)
-- Generating done (0.1s)
-- Build files have been written to: /home/rasp/humanoid_ros2/robot_ws/build/servo_interfaces
[  1%] [34m[1mGenerating Rust code for ROS interfaces[0m
[  2%] [34m[1mGenerating type hashes for ROS interfaces[0m
[  2%] Built target ament_cmake_python_copy_servo_interfaces
running egg_info
creating servo_interfaces.egg-info
writing servo_interfaces.egg-info/PKG-INFO
writing dependency_links to servo_interfaces.egg-info/dependency_links.txt
writing top-level names to servo_interfaces.egg-info/top_level.txt
writing manifest file 'servo_interfaces.egg-info/SOURCES.txt'
[  2%] Built target servo_interfaces__rosidl_generator_type_description
reading manifest file 'servo_interfaces.egg-info/SOURCES.txt'
writing manifest file 'servo_interfaces.egg-info/SOURCES.txt'
[  2%] Built target ament_cmake_python_build_servo_interfaces_egg
