[0.027s] Invoking command in '/home/rasp/humanoid_ros2/robot_ws/build/servo_interfaces': CMAKE_PREFIX_PATH=${CMAKE_PREFIX_PATH}:/home/rasp/humanoid_ros2/robot_ws/install/my_servo_controller:/opt/ros/jazzy DEBUGINFOD_URLS=https://debuginfod.ubuntu.com VIRTUAL_ENV_PROMPT=(yolo_env) /usr/bin/cmake --build /home/rasp/humanoid_ros2/robot_ws/build/servo_interfaces -- -j4 -l4
[0.149s] [  1%] Built target servo_interfaces__rs
[0.198s] [  2%] Built target servo_interfaces__rosidl_generator_type_description
[0.199s] [  2%] Built target ament_cmake_python_copy_servo_interfaces
[0.223s] [ 27%] Built target servo_interfaces__rosidl_generator_c
[0.223s] [  6%] Built target servo_interfaces__cpp
[0.315s] [ 36%] Built target servo_interfaces__rosidl_typesupport_introspection_c
[0.338s] [ 46%] Built target servo_interfaces__rosidl_typesupport_fastrtps_cpp
[0.345s] [ 55%] Built target servo_interfaces__rosidl_typesupport_fastrtps_c
[0.383s] [ 64%] Built target servo_interfaces__rosidl_typesupport_c
[0.423s] [ 74%] Built target servo_interfaces__rosidl_typesupport_introspection_cpp
[0.424s] [ 84%] Built target servo_interfaces__rosidl_typesupport_cpp
[0.476s] [ 84%] Built target servo_interfaces
[0.533s] [ 85%] Built target servo_interfaces__py
[0.597s] [ 94%] Built target servo_interfaces__rosidl_generator_py
[0.639s] running egg_info
[0.666s] [ 96%] Built target servo_interfaces_s__rosidl_typesupport_c
[0.669s] [ 98%] Built target servo_interfaces_s__rosidl_typesupport_introspection_c
[0.669s] writing servo_interfaces.egg-info/PKG-INFO
[0.672s] writing dependency_links to servo_interfaces.egg-info/dependency_links.txt
[0.673s] writing top-level names to servo_interfaces.egg-info/top_level.txt
[0.681s] [100%] Built target servo_interfaces_s__rosidl_typesupport_fastrtps_c
[0.732s] reading manifest file 'servo_interfaces.egg-info/SOURCES.txt'
[0.733s] writing manifest file 'servo_interfaces.egg-info/SOURCES.txt'
[0.826s] [100%] Built target ament_cmake_python_build_servo_interfaces_egg
[0.851s] Invoked command in '/home/rasp/humanoid_ros2/robot_ws/build/servo_interfaces' returned '0': CMAKE_PREFIX_PATH=${CMAKE_PREFIX_PATH}:/home/rasp/humanoid_ros2/robot_ws/install/my_servo_controller:/opt/ros/jazzy DEBUGINFOD_URLS=https://debuginfod.ubuntu.com VIRTUAL_ENV_PROMPT=(yolo_env) /usr/bin/cmake --build /home/rasp/humanoid_ros2/robot_ws/build/servo_interfaces -- -j4 -l4
[0.853s] Invoking command in '/home/rasp/humanoid_ros2/robot_ws/build/servo_interfaces': CMAKE_PREFIX_PATH=${CMAKE_PREFIX_PATH}:/home/rasp/humanoid_ros2/robot_ws/install/my_servo_controller:/opt/ros/jazzy DEBUGINFOD_URLS=https://debuginfod.ubuntu.com VIRTUAL_ENV_PROMPT=(yolo_env) /usr/bin/cmake --install /home/rasp/humanoid_ros2/robot_ws/build/servo_interfaces
[0.870s] -- Install configuration: ""
[0.871s] -- Up-to-date: /home/rasp/humanoid_ros2/robot_ws/install/servo_interfaces/share/ament_index/resource_index/rosidl_interfaces/servo_interfaces
[0.871s] -- Up-to-date: /home/rasp/humanoid_ros2/robot_ws/install/servo_interfaces/share/servo_interfaces/msg/SetPwm.json
[0.871s] -- Up-to-date: /home/rasp/humanoid_ros2/robot_ws/install/servo_interfaces/share/servo_interfaces/msg/SetMode.json
[0.871s] -- Up-to-date: /home/rasp/humanoid_ros2/robot_ws/install/servo_interfaces/share/servo_interfaces/msg/InferenceResult.json
[0.871s] -- Up-to-date: /home/rasp/humanoid_ros2/robot_ws/install/servo_interfaces/share/servo_interfaces/msg/Yolov8Inference.json
[0.871s] -- Up-to-date: /home/rasp/humanoid_ros2/robot_ws/install/servo_interfaces/share/servo_interfaces/msg/GoalPosition.json
[0.871s] -- Up-to-date: /home/rasp/humanoid_ros2/robot_ws/install/servo_interfaces/share/servo_interfaces/msg/HeadMove.json
[0.872s] -- Up-to-date: /home/rasp/humanoid_ros2/robot_ws/install/servo_interfaces/share/servo_interfaces/srv/MotorAngle.json
[0.872s] -- Up-to-date: /home/rasp/humanoid_ros2/robot_ws/install/servo_interfaces/share/servo_interfaces/action/MotorAngle.json
[0.872s] -- Up-to-date: /home/rasp/humanoid_ros2/robot_ws/install/servo_interfaces/include/servo_interfaces/servo_interfaces
[0.873s] -- Up-to-date: /home/rasp/humanoid_ros2/robot_ws/install/servo_interfaces/include/servo_interfaces/servo_interfaces/msg
[0.873s] -- Up-to-date: /home/rasp/humanoid_ros2/robot_ws/install/servo_interfaces/include/servo_interfaces/servo_interfaces/msg/set_mode.h
[0.873s] -- Up-to-date: /home/rasp/humanoid_ros2/robot_ws/install/servo_interfaces/include/servo_interfaces/servo_interfaces/msg/inference_result.h
[0.873s] -- Up-to-date: /home/rasp/humanoid_ros2/robot_ws/install/servo_interfaces/include/servo_interfaces/servo_interfaces/msg/set_pwm.h
[0.873s] -- Up-to-date: /home/rasp/humanoid_ros2/robot_ws/install/servo_interfaces/include/servo_interfaces/servo_interfaces/msg/head_move.h
[0.873s] -- Up-to-date: /home/rasp/humanoid_ros2/robot_ws/install/servo_interfaces/include/servo_interfaces/servo_interfaces/msg/yolov8_inference.h
[0.873s] -- Up-to-date: /home/rasp/humanoid_ros2/robot_ws/install/servo_interfaces/include/servo_interfaces/servo_interfaces/msg/rosidl_generator_c__visibility_control.h
[0.873s] -- Up-to-date: /home/rasp/humanoid_ros2/robot_ws/install/servo_interfaces/include/servo_interfaces/servo_interfaces/msg/detail
[0.873s] -- Up-to-date: /home/rasp/humanoid_ros2/robot_ws/install/servo_interfaces/include/servo_interfaces/servo_interfaces/msg/detail/goal_position__functions.c
[0.874s] -- Up-to-date: /home/rasp/humanoid_ros2/robot_ws/install/servo_interfaces/include/servo_interfaces/servo_interfaces/msg/detail/head_move__functions.h
[0.874s] -- Up-to-date: /home/rasp/humanoid_ros2/robot_ws/install/servo_interfaces/include/servo_interfaces/servo_interfaces/msg/detail/goal_position__functions.h
[0.874s] -- Up-to-date: /home/rasp/humanoid_ros2/robot_ws/install/servo_interfaces/include/servo_interfaces/servo_interfaces/msg/detail/yolov8_inference__functions.c
[0.874s] -- Up-to-date: /home/rasp/humanoid_ros2/robot_ws/install/servo_interfaces/include/servo_interfaces/servo_interfaces/msg/detail/set_pwm__description.c
[0.874s] -- Installing: /home/rasp/humanoid_ros2/robot_ws/install/servo_interfaces/include/servo_interfaces/servo_interfaces/msg/detail/goal_position__type_support.c
[0.874s] -- Installing: /home/rasp/humanoid_ros2/robot_ws/install/servo_interfaces/include/servo_interfaces/servo_interfaces/msg/detail/inference_result__type_support.c
[0.874s] -- Up-to-date: /home/rasp/humanoid_ros2/robot_ws/install/servo_interfaces/include/servo_interfaces/servo_interfaces/msg/detail/inference_result__functions.h
[0.874s] -- Up-to-date: /home/rasp/humanoid_ros2/robot_ws/install/servo_interfaces/include/servo_interfaces/servo_interfaces/msg/detail/set_pwm__struct.h
[0.874s] -- Up-to-date: /home/rasp/humanoid_ros2/robot_ws/install/servo_interfaces/include/servo_interfaces/servo_interfaces/msg/detail/set_mode__functions.h
[0.874s] -- Up-to-date: /home/rasp/humanoid_ros2/robot_ws/install/servo_interfaces/include/servo_interfaces/servo_interfaces/msg/detail/set_mode__description.c
[0.874s] -- Up-to-date: /home/rasp/humanoid_ros2/robot_ws/install/servo_interfaces/include/servo_interfaces/servo_interfaces/msg/detail/inference_result__type_support.h
[0.875s] -- Up-to-date: /home/rasp/humanoid_ros2/robot_ws/install/servo_interfaces/include/servo_interfaces/servo_interfaces/msg/detail/set_pwm__functions.c
[0.875s] -- Up-to-date: /home/rasp/humanoid_ros2/robot_ws/install/servo_interfaces/include/servo_interfaces/servo_interfaces/msg/detail/set_mode__type_support.h
[0.875s] -- Up-to-date: /home/rasp/humanoid_ros2/robot_ws/install/servo_interfaces/include/servo_interfaces/servo_interfaces/msg/detail/head_move__description.c
[0.875s] -- Up-to-date: /home/rasp/humanoid_ros2/robot_ws/install/servo_interfaces/include/servo_interfaces/servo_interfaces/msg/detail/head_move__functions.c
[0.875s] -- Up-to-date: /home/rasp/humanoid_ros2/robot_ws/install/servo_interfaces/include/servo_interfaces/servo_interfaces/msg/detail/set_mode__struct.h
[0.875s] -- Up-to-date: /home/rasp/humanoid_ros2/robot_ws/install/servo_interfaces/include/servo_interfaces/servo_interfaces/msg/detail/yolov8_inference__struct.h
[0.875s] -- Up-to-date: /home/rasp/humanoid_ros2/robot_ws/install/servo_interfaces/include/servo_interfaces/servo_interfaces/msg/detail/yolov8_inference__description.c
[0.876s] -- Up-to-date: /home/rasp/humanoid_ros2/robot_ws/install/servo_interfaces/include/servo_interfaces/servo_interfaces/msg/detail/yolov8_inference__type_support.h
[0.876s] -- Up-to-date: /home/rasp/humanoid_ros2/robot_ws/install/servo_interfaces/include/servo_interfaces/servo_interfaces/msg/detail/head_move__struct.h
[0.876s] -- Up-to-date: /home/rasp/humanoid_ros2/robot_ws/install/servo_interfaces/include/servo_interfaces/servo_interfaces/msg/detail/set_pwm__functions.h
[0.876s] -- Installing: /home/rasp/humanoid_ros2/robot_ws/install/servo_interfaces/include/servo_interfaces/servo_interfaces/msg/detail/set_mode__type_support.c
[0.876s] -- Up-to-date: /home/rasp/humanoid_ros2/robot_ws/install/servo_interfaces/include/servo_interfaces/servo_interfaces/msg/detail/inference_result__description.c
[0.876s] -- Up-to-date: /home/rasp/humanoid_ros2/robot_ws/install/servo_interfaces/include/servo_interfaces/servo_interfaces/msg/detail/inference_result__struct.h
[0.876s] -- Up-to-date: /home/rasp/humanoid_ros2/robot_ws/install/servo_interfaces/include/servo_interfaces/servo_interfaces/msg/detail/yolov8_inference__functions.h
[0.876s] -- Up-to-date: /home/rasp/humanoid_ros2/robot_ws/install/servo_interfaces/include/servo_interfaces/servo_interfaces/msg/detail/set_pwm__type_support.h
[0.876s] -- Up-to-date: /home/rasp/humanoid_ros2/robot_ws/install/servo_interfaces/include/servo_interfaces/servo_interfaces/msg/detail/goal_position__type_support.h
[0.876s] -- Up-to-date: /home/rasp/humanoid_ros2/robot_ws/install/servo_interfaces/include/servo_interfaces/servo_interfaces/msg/detail/set_mode__functions.c
[0.877s] -- Installing: /home/rasp/humanoid_ros2/robot_ws/install/servo_interfaces/include/servo_interfaces/servo_interfaces/msg/detail/yolov8_inference__type_support.c
[0.877s] -- Installing: /home/rasp/humanoid_ros2/robot_ws/install/servo_interfaces/include/servo_interfaces/servo_interfaces/msg/detail/head_move__type_support.c
[0.877s] -- Up-to-date: /home/rasp/humanoid_ros2/robot_ws/install/servo_interfaces/include/servo_interfaces/servo_interfaces/msg/detail/goal_position__description.c
[0.877s] -- Up-to-date: /home/rasp/humanoid_ros2/robot_ws/install/servo_interfaces/include/servo_interfaces/servo_interfaces/msg/detail/inference_result__functions.c
[0.877s] -- Up-to-date: /home/rasp/humanoid_ros2/robot_ws/install/servo_interfaces/include/servo_interfaces/servo_interfaces/msg/detail/head_move__type_support.h
[0.878s] -- Up-to-date: /home/rasp/humanoid_ros2/robot_ws/install/servo_interfaces/include/servo_interfaces/servo_interfaces/msg/detail/goal_position__struct.h
[0.878s] -- Installing: /home/rasp/humanoid_ros2/robot_ws/install/servo_interfaces/include/servo_interfaces/servo_interfaces/msg/detail/set_pwm__type_support.c
[0.878s] -- Up-to-date: /home/rasp/humanoid_ros2/robot_ws/install/servo_interfaces/include/servo_interfaces/servo_interfaces/msg/goal_position.h
[0.878s] -- Up-to-date: /home/rasp/humanoid_ros2/robot_ws/install/servo_interfaces/include/servo_interfaces/servo_interfaces/srv
[0.878s] -- Up-to-date: /home/rasp/humanoid_ros2/robot_ws/install/servo_interfaces/include/servo_interfaces/servo_interfaces/srv/motor_angle.h
[0.878s] -- Up-to-date: /home/rasp/humanoid_ros2/robot_ws/install/servo_interfaces/include/servo_interfaces/servo_interfaces/srv/detail
[0.878s] -- Up-to-date: /home/rasp/humanoid_ros2/robot_ws/install/servo_interfaces/include/servo_interfaces/servo_interfaces/srv/detail/motor_angle__type_support.h
[0.878s] -- Up-to-date: /home/rasp/humanoid_ros2/robot_ws/install/servo_interfaces/include/servo_interfaces/servo_interfaces/srv/detail/motor_angle__description.c
[0.879s] -- Installing: /home/rasp/humanoid_ros2/robot_ws/install/servo_interfaces/include/servo_interfaces/servo_interfaces/srv/detail/motor_angle__type_support.c
[0.879s] -- Up-to-date: /home/rasp/humanoid_ros2/robot_ws/install/servo_interfaces/include/servo_interfaces/servo_interfaces/srv/detail/motor_angle__functions.h
[0.879s] -- Up-to-date: /home/rasp/humanoid_ros2/robot_ws/install/servo_interfaces/include/servo_interfaces/servo_interfaces/srv/detail/motor_angle__struct.h
[0.879s] -- Up-to-date: /home/rasp/humanoid_ros2/robot_ws/install/servo_interfaces/include/servo_interfaces/servo_interfaces/srv/detail/motor_angle__functions.c
[0.879s] -- Up-to-date: /home/rasp/humanoid_ros2/robot_ws/install/servo_interfaces/include/servo_interfaces/servo_interfaces/action
[0.879s] -- Up-to-date: /home/rasp/humanoid_ros2/robot_ws/install/servo_interfaces/include/servo_interfaces/servo_interfaces/action/motor_angle.h
[0.879s] -- Up-to-date: /home/rasp/humanoid_ros2/robot_ws/install/servo_interfaces/include/servo_interfaces/servo_interfaces/action/detail
[0.879s] -- Up-to-date: /home/rasp/humanoid_ros2/robot_ws/install/servo_interfaces/include/servo_interfaces/servo_interfaces/action/detail/motor_angle__type_support.h
[0.879s] -- Up-to-date: /home/rasp/humanoid_ros2/robot_ws/install/servo_interfaces/include/servo_interfaces/servo_interfaces/action/detail/motor_angle__description.c
[0.879s] -- Installing: /home/rasp/humanoid_ros2/robot_ws/install/servo_interfaces/include/servo_interfaces/servo_interfaces/action/detail/motor_angle__type_support.c
[0.880s] -- Up-to-date: /home/rasp/humanoid_ros2/robot_ws/install/servo_interfaces/include/servo_interfaces/servo_interfaces/action/detail/motor_angle__functions.h
[0.880s] -- Up-to-date: /home/rasp/humanoid_ros2/robot_ws/install/servo_interfaces/include/servo_interfaces/servo_interfaces/action/detail/motor_angle__struct.h
[0.880s] -- Up-to-date: /home/rasp/humanoid_ros2/robot_ws/install/servo_interfaces/include/servo_interfaces/servo_interfaces/action/detail/motor_angle__functions.c
[0.880s] -- Up-to-date: /home/rasp/humanoid_ros2/robot_ws/install/servo_interfaces/share/servo_interfaces/environment/library_path.sh
[0.880s] -- Up-to-date: /home/rasp/humanoid_ros2/robot_ws/install/servo_interfaces/share/servo_interfaces/environment/library_path.dsv
[0.880s] -- Up-to-date: /home/rasp/humanoid_ros2/robot_ws/install/servo_interfaces/lib/libservo_interfaces__rosidl_generator_c.so
[0.880s] -- Up-to-date: /home/rasp/humanoid_ros2/robot_ws/install/servo_interfaces/include/servo_interfaces/servo_interfaces
[0.880s] -- Up-to-date: /home/rasp/humanoid_ros2/robot_ws/install/servo_interfaces/include/servo_interfaces/servo_interfaces/msg
[0.880s] -- Up-to-date: /home/rasp/humanoid_ros2/robot_ws/install/servo_interfaces/include/servo_interfaces/servo_interfaces/msg/rosidl_typesupport_fastrtps_c__visibility_control.h
[0.880s] -- Up-to-date: /home/rasp/humanoid_ros2/robot_ws/install/servo_interfaces/include/servo_interfaces/servo_interfaces/msg/detail
[0.881s] -- Up-to-date: /home/rasp/humanoid_ros2/robot_ws/install/servo_interfaces/include/servo_interfaces/servo_interfaces/msg/detail/set_mode__rosidl_typesupport_fastrtps_c.h
[0.881s] -- Up-to-date: /home/rasp/humanoid_ros2/robot_ws/install/servo_interfaces/include/servo_interfaces/servo_interfaces/msg/detail/inference_result__rosidl_typesupport_fastrtps_c.h
[0.881s] -- Up-to-date: /home/rasp/humanoid_ros2/robot_ws/install/servo_interfaces/include/servo_interfaces/servo_interfaces/msg/detail/set_pwm__rosidl_typesupport_fastrtps_c.h
[0.881s] -- Up-to-date: /home/rasp/humanoid_ros2/robot_ws/install/servo_interfaces/include/servo_interfaces/servo_interfaces/msg/detail/head_move__rosidl_typesupport_fastrtps_c.h
[0.881s] -- Up-to-date: /home/rasp/humanoid_ros2/robot_ws/install/servo_interfaces/include/servo_interfaces/servo_interfaces/msg/detail/yolov8_inference__rosidl_typesupport_fastrtps_c.h
[0.881s] -- Up-to-date: /home/rasp/humanoid_ros2/robot_ws/install/servo_interfaces/include/servo_interfaces/servo_interfaces/msg/detail/goal_position__rosidl_typesupport_fastrtps_c.h
[0.881s] -- Up-to-date: /home/rasp/humanoid_ros2/robot_ws/install/servo_interfaces/include/servo_interfaces/servo_interfaces/srv
[0.882s] -- Up-to-date: /home/rasp/humanoid_ros2/robot_ws/install/servo_interfaces/include/servo_interfaces/servo_interfaces/srv/detail
[0.882s] -- Up-to-date: /home/rasp/humanoid_ros2/robot_ws/install/servo_interfaces/include/servo_interfaces/servo_interfaces/srv/detail/motor_angle__rosidl_typesupport_fastrtps_c.h
[0.882s] -- Up-to-date: /home/rasp/humanoid_ros2/robot_ws/install/servo_interfaces/include/servo_interfaces/servo_interfaces/action
[0.882s] -- Up-to-date: /home/rasp/humanoid_ros2/robot_ws/install/servo_interfaces/include/servo_interfaces/servo_interfaces/action/detail
[0.882s] -- Up-to-date: /home/rasp/humanoid_ros2/robot_ws/install/servo_interfaces/include/servo_interfaces/servo_interfaces/action/detail/motor_angle__rosidl_typesupport_fastrtps_c.h
[0.882s] -- Up-to-date: /home/rasp/humanoid_ros2/robot_ws/install/servo_interfaces/lib/libservo_interfaces__rosidl_typesupport_fastrtps_c.so
[0.882s] -- Up-to-date: /home/rasp/humanoid_ros2/robot_ws/install/servo_interfaces/include/servo_interfaces/servo_interfaces
[0.882s] -- Up-to-date: /home/rasp/humanoid_ros2/robot_ws/install/servo_interfaces/include/servo_interfaces/servo_interfaces/msg
[0.882s] -- Up-to-date: /home/rasp/humanoid_ros2/robot_ws/install/servo_interfaces/include/servo_interfaces/servo_interfaces/msg/yolov8_inference.hpp
[0.883s] -- Up-to-date: /home/rasp/humanoid_ros2/robot_ws/install/servo_interfaces/include/servo_interfaces/servo_interfaces/msg/rosidl_generator_cpp__visibility_control.hpp
[0.883s] -- Up-to-date: /home/rasp/humanoid_ros2/robot_ws/install/servo_interfaces/include/servo_interfaces/servo_interfaces/msg/set_pwm.hpp
[0.883s] -- Up-to-date: /home/rasp/humanoid_ros2/robot_ws/install/servo_interfaces/include/servo_interfaces/servo_interfaces/msg/set_mode.hpp
[0.883s] -- Up-to-date: /home/rasp/humanoid_ros2/robot_ws/install/servo_interfaces/include/servo_interfaces/servo_interfaces/msg/detail
[0.883s] -- Up-to-date: /home/rasp/humanoid_ros2/robot_ws/install/servo_interfaces/include/servo_interfaces/servo_interfaces/msg/detail/yolov8_inference__traits.hpp
[0.883s] -- Up-to-date: /home/rasp/humanoid_ros2/robot_ws/install/servo_interfaces/include/servo_interfaces/servo_interfaces/msg/detail/set_pwm__traits.hpp
[0.883s] -- Up-to-date: /home/rasp/humanoid_ros2/robot_ws/install/servo_interfaces/include/servo_interfaces/servo_interfaces/msg/detail/inference_result__traits.hpp
[0.883s] -- Up-to-date: /home/rasp/humanoid_ros2/robot_ws/install/servo_interfaces/include/servo_interfaces/servo_interfaces/msg/detail/head_move__builder.hpp
[0.883s] -- Up-to-date: /home/rasp/humanoid_ros2/robot_ws/install/servo_interfaces/include/servo_interfaces/servo_interfaces/msg/detail/goal_position__type_support.hpp
[0.883s] -- Up-to-date: /home/rasp/humanoid_ros2/robot_ws/install/servo_interfaces/include/servo_interfaces/servo_interfaces/msg/detail/set_pwm__struct.hpp
[0.884s] -- Up-to-date: /home/rasp/humanoid_ros2/robot_ws/install/servo_interfaces/include/servo_interfaces/servo_interfaces/msg/detail/goal_position__struct.hpp
[0.884s] -- Up-to-date: /home/rasp/humanoid_ros2/robot_ws/install/servo_interfaces/include/servo_interfaces/servo_interfaces/msg/detail/set_mode__builder.hpp
[0.884s] -- Up-to-date: /home/rasp/humanoid_ros2/robot_ws/install/servo_interfaces/include/servo_interfaces/servo_interfaces/msg/detail/yolov8_inference__builder.hpp
[0.884s] -- Up-to-date: /home/rasp/humanoid_ros2/robot_ws/install/servo_interfaces/include/servo_interfaces/servo_interfaces/msg/detail/yolov8_inference__struct.hpp
[0.884s] -- Up-to-date: /home/rasp/humanoid_ros2/robot_ws/install/servo_interfaces/include/servo_interfaces/servo_interfaces/msg/detail/goal_position__traits.hpp
[0.884s] -- Up-to-date: /home/rasp/humanoid_ros2/robot_ws/install/servo_interfaces/include/servo_interfaces/servo_interfaces/msg/detail/head_move__traits.hpp
[0.884s] -- Up-to-date: /home/rasp/humanoid_ros2/robot_ws/install/servo_interfaces/include/servo_interfaces/servo_interfaces/msg/detail/set_pwm__builder.hpp
[0.884s] -- Up-to-date: /home/rasp/humanoid_ros2/robot_ws/install/servo_interfaces/include/servo_interfaces/servo_interfaces/msg/detail/head_move__struct.hpp
[0.885s] -- Up-to-date: /home/rasp/humanoid_ros2/robot_ws/install/servo_interfaces/include/servo_interfaces/servo_interfaces/msg/detail/inference_result__struct.hpp
[0.885s] -- Up-to-date: /home/rasp/humanoid_ros2/robot_ws/install/servo_interfaces/include/servo_interfaces/servo_interfaces/msg/detail/goal_position__builder.hpp
[0.885s] -- Up-to-date: /home/rasp/humanoid_ros2/robot_ws/install/servo_interfaces/include/servo_interfaces/servo_interfaces/msg/detail/set_pwm__type_support.hpp
[0.885s] -- Up-to-date: /home/rasp/humanoid_ros2/robot_ws/install/servo_interfaces/include/servo_interfaces/servo_interfaces/msg/detail/set_mode__type_support.hpp
[0.885s] -- Up-to-date: /home/rasp/humanoid_ros2/robot_ws/install/servo_interfaces/include/servo_interfaces/servo_interfaces/msg/detail/set_mode__traits.hpp
[0.885s] -- Up-to-date: /home/rasp/humanoid_ros2/robot_ws/install/servo_interfaces/include/servo_interfaces/servo_interfaces/msg/detail/set_mode__struct.hpp
[0.885s] -- Up-to-date: /home/rasp/humanoid_ros2/robot_ws/install/servo_interfaces/include/servo_interfaces/servo_interfaces/msg/detail/inference_result__type_support.hpp
[0.886s] -- Up-to-date: /home/rasp/humanoid_ros2/robot_ws/install/servo_interfaces/include/servo_interfaces/servo_interfaces/msg/detail/inference_result__builder.hpp
[0.886s] -- Up-to-date: /home/rasp/humanoid_ros2/robot_ws/install/servo_interfaces/include/servo_interfaces/servo_interfaces/msg/detail/yolov8_inference__type_support.hpp
[0.886s] -- Up-to-date: /home/rasp/humanoid_ros2/robot_ws/install/servo_interfaces/include/servo_interfaces/servo_interfaces/msg/detail/head_move__type_support.hpp
[0.886s] -- Up-to-date: /home/rasp/humanoid_ros2/robot_ws/install/servo_interfaces/include/servo_interfaces/servo_interfaces/msg/inference_result.hpp
[0.886s] -- Up-to-date: /home/rasp/humanoid_ros2/robot_ws/install/servo_interfaces/include/servo_interfaces/servo_interfaces/msg/goal_position.hpp
[0.886s] -- Up-to-date: /home/rasp/humanoid_ros2/robot_ws/install/servo_interfaces/include/servo_interfaces/servo_interfaces/msg/head_move.hpp
[0.887s] -- Up-to-date: /home/rasp/humanoid_ros2/robot_ws/install/servo_interfaces/include/servo_interfaces/servo_interfaces/srv
[0.887s] -- Up-to-date: /home/rasp/humanoid_ros2/robot_ws/install/servo_interfaces/include/servo_interfaces/servo_interfaces/srv/motor_angle.hpp
[0.887s] -- Up-to-date: /home/rasp/humanoid_ros2/robot_ws/install/servo_interfaces/include/servo_interfaces/servo_interfaces/srv/detail
[0.887s] -- Up-to-date: /home/rasp/humanoid_ros2/robot_ws/install/servo_interfaces/include/servo_interfaces/servo_interfaces/srv/detail/motor_angle__type_support.hpp
[0.888s] -- Up-to-date: /home/rasp/humanoid_ros2/robot_ws/install/servo_interfaces/include/servo_interfaces/servo_interfaces/srv/detail/motor_angle__builder.hpp
[0.888s] -- Up-to-date: /home/rasp/humanoid_ros2/robot_ws/install/servo_interfaces/include/servo_interfaces/servo_interfaces/srv/detail/motor_angle__traits.hpp
[0.888s] -- Up-to-date: /home/rasp/humanoid_ros2/robot_ws/install/servo_interfaces/include/servo_interfaces/servo_interfaces/srv/detail/motor_angle__struct.hpp
[0.888s] -- Up-to-date: /home/rasp/humanoid_ros2/robot_ws/install/servo_interfaces/include/servo_interfaces/servo_interfaces/action
[0.888s] -- Up-to-date: /home/rasp/humanoid_ros2/robot_ws/install/servo_interfaces/include/servo_interfaces/servo_interfaces/action/motor_angle.hpp
[0.889s] -- Up-to-date: /home/rasp/humanoid_ros2/robot_ws/install/servo_interfaces/include/servo_interfaces/servo_interfaces/action/detail
[0.889s] -- Up-to-date: /home/rasp/humanoid_ros2/robot_ws/install/servo_interfaces/include/servo_interfaces/servo_interfaces/action/detail/motor_angle__type_support.hpp
[0.889s] -- Up-to-date: /home/rasp/humanoid_ros2/robot_ws/install/servo_interfaces/include/servo_interfaces/servo_interfaces/action/detail/motor_angle__builder.hpp
[0.889s] -- Up-to-date: /home/rasp/humanoid_ros2/robot_ws/install/servo_interfaces/include/servo_interfaces/servo_interfaces/action/detail/motor_angle__traits.hpp
[0.889s] -- Up-to-date: /home/rasp/humanoid_ros2/robot_ws/install/servo_interfaces/include/servo_interfaces/servo_interfaces/action/detail/motor_angle__struct.hpp
[0.889s] -- Up-to-date: /home/rasp/humanoid_ros2/robot_ws/install/servo_interfaces/include/servo_interfaces/servo_interfaces
[0.889s] -- Up-to-date: /home/rasp/humanoid_ros2/robot_ws/install/servo_interfaces/include/servo_interfaces/servo_interfaces/msg
[0.889s] -- Up-to-date: /home/rasp/humanoid_ros2/robot_ws/install/servo_interfaces/include/servo_interfaces/servo_interfaces/msg/rosidl_typesupport_fastrtps_cpp__visibility_control.h
[0.889s] -- Up-to-date: /home/rasp/humanoid_ros2/robot_ws/install/servo_interfaces/include/servo_interfaces/servo_interfaces/msg/detail
[0.889s] -- Up-to-date: /home/rasp/humanoid_ros2/robot_ws/install/servo_interfaces/include/servo_interfaces/servo_interfaces/msg/detail/head_move__rosidl_typesupport_fastrtps_cpp.hpp
[0.889s] -- Up-to-date: /home/rasp/humanoid_ros2/robot_ws/install/servo_interfaces/include/servo_interfaces/servo_interfaces/msg/detail/set_mode__rosidl_typesupport_fastrtps_cpp.hpp
[0.889s] -- Up-to-date: /home/rasp/humanoid_ros2/robot_ws/install/servo_interfaces/include/servo_interfaces/servo_interfaces/msg/detail/inference_result__rosidl_typesupport_fastrtps_cpp.hpp
[0.890s] -- Up-to-date: /home/rasp/humanoid_ros2/robot_ws/install/servo_interfaces/include/servo_interfaces/servo_interfaces/msg/detail/yolov8_inference__rosidl_typesupport_fastrtps_cpp.hpp
[0.890s] -- Up-to-date: /home/rasp/humanoid_ros2/robot_ws/install/servo_interfaces/include/servo_interfaces/servo_interfaces/msg/detail/set_pwm__rosidl_typesupport_fastrtps_cpp.hpp
[0.890s] -- Up-to-date: /home/rasp/humanoid_ros2/robot_ws/install/servo_interfaces/include/servo_interfaces/servo_interfaces/msg/detail/goal_position__rosidl_typesupport_fastrtps_cpp.hpp
[0.890s] -- Up-to-date: /home/rasp/humanoid_ros2/robot_ws/install/servo_interfaces/include/servo_interfaces/servo_interfaces/msg/detail/dds_fastrtps
[0.890s] -- Up-to-date: /home/rasp/humanoid_ros2/robot_ws/install/servo_interfaces/include/servo_interfaces/servo_interfaces/srv
[0.890s] -- Up-to-date: /home/rasp/humanoid_ros2/robot_ws/install/servo_interfaces/include/servo_interfaces/servo_interfaces/srv/detail
[0.890s] -- Up-to-date: /home/rasp/humanoid_ros2/robot_ws/install/servo_interfaces/include/servo_interfaces/servo_interfaces/srv/detail/dds_fastrtps
[0.890s] -- Up-to-date: /home/rasp/humanoid_ros2/robot_ws/install/servo_interfaces/include/servo_interfaces/servo_interfaces/srv/detail/motor_angle__rosidl_typesupport_fastrtps_cpp.hpp
[0.890s] -- Up-to-date: /home/rasp/humanoid_ros2/robot_ws/install/servo_interfaces/include/servo_interfaces/servo_interfaces/action
[0.890s] -- Up-to-date: /home/rasp/humanoid_ros2/robot_ws/install/servo_interfaces/include/servo_interfaces/servo_interfaces/action/detail
[0.891s] -- Up-to-date: /home/rasp/humanoid_ros2/robot_ws/install/servo_interfaces/include/servo_interfaces/servo_interfaces/action/detail/dds_fastrtps
[0.891s] -- Up-to-date: /home/rasp/humanoid_ros2/robot_ws/install/servo_interfaces/include/servo_interfaces/servo_interfaces/action/detail/motor_angle__rosidl_typesupport_fastrtps_cpp.hpp
[0.891s] -- Up-to-date: /home/rasp/humanoid_ros2/robot_ws/install/servo_interfaces/lib/libservo_interfaces__rosidl_typesupport_fastrtps_cpp.so
[0.891s] -- Up-to-date: /home/rasp/humanoid_ros2/robot_ws/install/servo_interfaces/include/servo_interfaces/servo_interfaces
[0.891s] -- Up-to-date: /home/rasp/humanoid_ros2/robot_ws/install/servo_interfaces/include/servo_interfaces/servo_interfaces/msg
[0.891s] -- Up-to-date: /home/rasp/humanoid_ros2/robot_ws/install/servo_interfaces/include/servo_interfaces/servo_interfaces/msg/rosidl_typesupport_introspection_c__visibility_control.h
[0.891s] -- Up-to-date: /home/rasp/humanoid_ros2/robot_ws/install/servo_interfaces/include/servo_interfaces/servo_interfaces/msg/detail
[0.891s] -- Installing: /home/rasp/humanoid_ros2/robot_ws/install/servo_interfaces/include/servo_interfaces/servo_interfaces/msg/detail/goal_position__type_support.c
[0.891s] -- Installing: /home/rasp/humanoid_ros2/robot_ws/install/servo_interfaces/include/servo_interfaces/servo_interfaces/msg/detail/inference_result__type_support.c
[0.891s] -- Up-to-date: /home/rasp/humanoid_ros2/robot_ws/install/servo_interfaces/include/servo_interfaces/servo_interfaces/msg/detail/set_pwm__rosidl_typesupport_introspection_c.h
[0.891s] -- Up-to-date: /home/rasp/humanoid_ros2/robot_ws/install/servo_interfaces/include/servo_interfaces/servo_interfaces/msg/detail/inference_result__rosidl_typesupport_introspection_c.h
[0.891s] -- Up-to-date: /home/rasp/humanoid_ros2/robot_ws/install/servo_interfaces/include/servo_interfaces/servo_interfaces/msg/detail/goal_position__rosidl_typesupport_introspection_c.h
[0.892s] -- Up-to-date: /home/rasp/humanoid_ros2/robot_ws/install/servo_interfaces/include/servo_interfaces/servo_interfaces/msg/detail/head_move__rosidl_typesupport_introspection_c.h
[0.892s] -- Installing: /home/rasp/humanoid_ros2/robot_ws/install/servo_interfaces/include/servo_interfaces/servo_interfaces/msg/detail/set_mode__type_support.c
[0.892s] -- Installing: /home/rasp/humanoid_ros2/robot_ws/install/servo_interfaces/include/servo_interfaces/servo_interfaces/msg/detail/yolov8_inference__type_support.c
[0.892s] -- Installing: /home/rasp/humanoid_ros2/robot_ws/install/servo_interfaces/include/servo_interfaces/servo_interfaces/msg/detail/head_move__type_support.c
[0.892s] -- Up-to-date: /home/rasp/humanoid_ros2/robot_ws/install/servo_interfaces/include/servo_interfaces/servo_interfaces/msg/detail/set_mode__rosidl_typesupport_introspection_c.h
[0.892s] -- Up-to-date: /home/rasp/humanoid_ros2/robot_ws/install/servo_interfaces/include/servo_interfaces/servo_interfaces/msg/detail/yolov8_inference__rosidl_typesupport_introspection_c.h
[0.892s] -- Installing: /home/rasp/humanoid_ros2/robot_ws/install/servo_interfaces/include/servo_interfaces/servo_interfaces/msg/detail/set_pwm__type_support.c
[0.892s] -- Up-to-date: /home/rasp/humanoid_ros2/robot_ws/install/servo_interfaces/include/servo_interfaces/servo_interfaces/srv
[0.892s] -- Up-to-date: /home/rasp/humanoid_ros2/robot_ws/install/servo_interfaces/include/servo_interfaces/servo_interfaces/srv/detail
[0.892s] -- Installing: /home/rasp/humanoid_ros2/robot_ws/install/servo_interfaces/include/servo_interfaces/servo_interfaces/srv/detail/motor_angle__type_support.c
[0.893s] -- Up-to-date: /home/rasp/humanoid_ros2/robot_ws/install/servo_interfaces/include/servo_interfaces/servo_interfaces/srv/detail/motor_angle__rosidl_typesupport_introspection_c.h
[0.893s] -- Up-to-date: /home/rasp/humanoid_ros2/robot_ws/install/servo_interfaces/include/servo_interfaces/servo_interfaces/action
[0.893s] -- Up-to-date: /home/rasp/humanoid_ros2/robot_ws/install/servo_interfaces/include/servo_interfaces/servo_interfaces/action/detail
[0.893s] -- Installing: /home/rasp/humanoid_ros2/robot_ws/install/servo_interfaces/include/servo_interfaces/servo_interfaces/action/detail/motor_angle__type_support.c
[0.893s] -- Up-to-date: /home/rasp/humanoid_ros2/robot_ws/install/servo_interfaces/include/servo_interfaces/servo_interfaces/action/detail/motor_angle__rosidl_typesupport_introspection_c.h
[0.893s] -- Up-to-date: /home/rasp/humanoid_ros2/robot_ws/install/servo_interfaces/lib/libservo_interfaces__rosidl_typesupport_introspection_c.so
[0.893s] -- Up-to-date: /home/rasp/humanoid_ros2/robot_ws/install/servo_interfaces/lib/libservo_interfaces__rosidl_typesupport_c.so
[0.893s] -- Up-to-date: /home/rasp/humanoid_ros2/robot_ws/install/servo_interfaces/include/servo_interfaces/servo_interfaces
[0.893s] -- Up-to-date: /home/rasp/humanoid_ros2/robot_ws/install/servo_interfaces/include/servo_interfaces/servo_interfaces/msg
[0.893s] -- Up-to-date: /home/rasp/humanoid_ros2/robot_ws/install/servo_interfaces/include/servo_interfaces/servo_interfaces/msg/detail
[0.893s] -- Up-to-date: /home/rasp/humanoid_ros2/robot_ws/install/servo_interfaces/include/servo_interfaces/servo_interfaces/msg/detail/head_move__type_support.cpp
[0.894s] -- Up-to-date: /home/rasp/humanoid_ros2/robot_ws/install/servo_interfaces/include/servo_interfaces/servo_interfaces/msg/detail/set_mode__rosidl_typesupport_introspection_cpp.hpp
[0.894s] -- Up-to-date: /home/rasp/humanoid_ros2/robot_ws/install/servo_interfaces/include/servo_interfaces/servo_interfaces/msg/detail/yolov8_inference__rosidl_typesupport_introspection_cpp.hpp
[0.894s] -- Up-to-date: /home/rasp/humanoid_ros2/robot_ws/install/servo_interfaces/include/servo_interfaces/servo_interfaces/msg/detail/goal_position__type_support.cpp
[0.894s] -- Up-to-date: /home/rasp/humanoid_ros2/robot_ws/install/servo_interfaces/include/servo_interfaces/servo_interfaces/msg/detail/set_pwm__rosidl_typesupport_introspection_cpp.hpp
[0.894s] -- Up-to-date: /home/rasp/humanoid_ros2/robot_ws/install/servo_interfaces/include/servo_interfaces/servo_interfaces/msg/detail/yolov8_inference__type_support.cpp
[0.894s] -- Up-to-date: /home/rasp/humanoid_ros2/robot_ws/install/servo_interfaces/include/servo_interfaces/servo_interfaces/msg/detail/set_mode__type_support.cpp
[0.894s] -- Up-to-date: /home/rasp/humanoid_ros2/robot_ws/install/servo_interfaces/include/servo_interfaces/servo_interfaces/msg/detail/inference_result__rosidl_typesupport_introspection_cpp.hpp
[0.894s] -- Up-to-date: /home/rasp/humanoid_ros2/robot_ws/install/servo_interfaces/include/servo_interfaces/servo_interfaces/msg/detail/goal_position__rosidl_typesupport_introspection_cpp.hpp
[0.894s] -- Up-to-date: /home/rasp/humanoid_ros2/robot_ws/install/servo_interfaces/include/servo_interfaces/servo_interfaces/msg/detail/head_move__rosidl_typesupport_introspection_cpp.hpp
[0.894s] -- Up-to-date: /home/rasp/humanoid_ros2/robot_ws/install/servo_interfaces/include/servo_interfaces/servo_interfaces/msg/detail/set_pwm__type_support.cpp
[0.894s] -- Up-to-date: /home/rasp/humanoid_ros2/robot_ws/install/servo_interfaces/include/servo_interfaces/servo_interfaces/msg/detail/inference_result__type_support.cpp
[0.894s] -- Up-to-date: /home/rasp/humanoid_ros2/robot_ws/install/servo_interfaces/include/servo_interfaces/servo_interfaces/srv
[0.895s] -- Up-to-date: /home/rasp/humanoid_ros2/robot_ws/install/servo_interfaces/include/servo_interfaces/servo_interfaces/srv/detail
[0.895s] -- Up-to-date: /home/rasp/humanoid_ros2/robot_ws/install/servo_interfaces/include/servo_interfaces/servo_interfaces/srv/detail/motor_angle__rosidl_typesupport_introspection_cpp.hpp
[0.895s] -- Up-to-date: /home/rasp/humanoid_ros2/robot_ws/install/servo_interfaces/include/servo_interfaces/servo_interfaces/srv/detail/motor_angle__type_support.cpp
[0.895s] -- Up-to-date: /home/rasp/humanoid_ros2/robot_ws/install/servo_interfaces/include/servo_interfaces/servo_interfaces/action
[0.895s] -- Up-to-date: /home/rasp/humanoid_ros2/robot_ws/install/servo_interfaces/include/servo_interfaces/servo_interfaces/action/detail
[0.895s] -- Up-to-date: /home/rasp/humanoid_ros2/robot_ws/install/servo_interfaces/include/servo_interfaces/servo_interfaces/action/detail/motor_angle__rosidl_typesupport_introspection_cpp.hpp
[0.895s] -- Up-to-date: /home/rasp/humanoid_ros2/robot_ws/install/servo_interfaces/include/servo_interfaces/servo_interfaces/action/detail/motor_angle__type_support.cpp
[0.895s] -- Up-to-date: /home/rasp/humanoid_ros2/robot_ws/install/servo_interfaces/lib/libservo_interfaces__rosidl_typesupport_introspection_cpp.so
[0.895s] -- Up-to-date: /home/rasp/humanoid_ros2/robot_ws/install/servo_interfaces/lib/libservo_interfaces__rosidl_typesupport_cpp.so
[0.895s] -- Up-to-date: /home/rasp/humanoid_ros2/robot_ws/install/servo_interfaces/share/servo_interfaces/environment/pythonpath.sh
[0.895s] -- Up-to-date: /home/rasp/humanoid_ros2/robot_ws/install/servo_interfaces/share/servo_interfaces/environment/pythonpath.dsv
[0.896s] -- Up-to-date: /home/rasp/humanoid_ros2/robot_ws/install/servo_interfaces/lib/python3.12/site-packages/servo_interfaces-0.0.0-py3.12.egg-info
[0.896s] -- Installing: /home/rasp/humanoid_ros2/robot_ws/install/servo_interfaces/lib/python3.12/site-packages/servo_interfaces-0.0.0-py3.12.egg-info/top_level.txt
[0.896s] -- Installing: /home/rasp/humanoid_ros2/robot_ws/install/servo_interfaces/lib/python3.12/site-packages/servo_interfaces-0.0.0-py3.12.egg-info/PKG-INFO
[0.896s] -- Installing: /home/rasp/humanoid_ros2/robot_ws/install/servo_interfaces/lib/python3.12/site-packages/servo_interfaces-0.0.0-py3.12.egg-info/SOURCES.txt
[0.896s] -- Installing: /home/rasp/humanoid_ros2/robot_ws/install/servo_interfaces/lib/python3.12/site-packages/servo_interfaces-0.0.0-py3.12.egg-info/dependency_links.txt
[0.896s] -- Up-to-date: /home/rasp/humanoid_ros2/robot_ws/install/servo_interfaces/lib/python3.12/site-packages/servo_interfaces
[0.896s] -- Up-to-date: /home/rasp/humanoid_ros2/robot_ws/install/servo_interfaces/lib/python3.12/site-packages/servo_interfaces/_servo_interfaces_s.ep.rosidl_typesupport_introspection_c.c
[0.896s] -- Up-to-date: /home/rasp/humanoid_ros2/robot_ws/install/servo_interfaces/lib/python3.12/site-packages/servo_interfaces/msg
[0.896s] -- Up-to-date: /home/rasp/humanoid_ros2/robot_ws/install/servo_interfaces/lib/python3.12/site-packages/servo_interfaces/msg/_head_move_s.c
[0.896s] -- Up-to-date: /home/rasp/humanoid_ros2/robot_ws/install/servo_interfaces/lib/python3.12/site-packages/servo_interfaces/msg/__init__.py
[0.896s] -- Up-to-date: /home/rasp/humanoid_ros2/robot_ws/install/servo_interfaces/lib/python3.12/site-packages/servo_interfaces/msg/_inference_result_s.c
[0.896s] -- Up-to-date: /home/rasp/humanoid_ros2/robot_ws/install/servo_interfaces/lib/python3.12/site-packages/servo_interfaces/msg/_inference_result.py
[0.897s] -- Up-to-date: /home/rasp/humanoid_ros2/robot_ws/install/servo_interfaces/lib/python3.12/site-packages/servo_interfaces/msg/_yolov8_inference.py
[0.897s] -- Up-to-date: /home/rasp/humanoid_ros2/robot_ws/install/servo_interfaces/lib/python3.12/site-packages/servo_interfaces/msg/_set_pwm_s.c
[0.897s] -- Up-to-date: /home/rasp/humanoid_ros2/robot_ws/install/servo_interfaces/lib/python3.12/site-packages/servo_interfaces/msg/_set_mode_s.c
[0.897s] -- Up-to-date: /home/rasp/humanoid_ros2/robot_ws/install/servo_interfaces/lib/python3.12/site-packages/servo_interfaces/msg/_head_move.py
[0.897s] -- Up-to-date: /home/rasp/humanoid_ros2/robot_ws/install/servo_interfaces/lib/python3.12/site-packages/servo_interfaces/msg/_set_mode.py
[0.897s] -- Up-to-date: /home/rasp/humanoid_ros2/robot_ws/install/servo_interfaces/lib/python3.12/site-packages/servo_interfaces/msg/_set_pwm.py
[0.897s] -- Up-to-date: /home/rasp/humanoid_ros2/robot_ws/install/servo_interfaces/lib/python3.12/site-packages/servo_interfaces/msg/_yolov8_inference_s.c
[0.897s] -- Up-to-date: /home/rasp/humanoid_ros2/robot_ws/install/servo_interfaces/lib/python3.12/site-packages/servo_interfaces/msg/_goal_position.py
[0.897s] -- Up-to-date: /home/rasp/humanoid_ros2/robot_ws/install/servo_interfaces/lib/python3.12/site-packages/servo_interfaces/msg/_goal_position_s.c
[0.897s] -- Up-to-date: /home/rasp/humanoid_ros2/robot_ws/install/servo_interfaces/lib/python3.12/site-packages/servo_interfaces/__init__.py
[0.897s] -- Up-to-date: /home/rasp/humanoid_ros2/robot_ws/install/servo_interfaces/lib/python3.12/site-packages/servo_interfaces/srv
[0.898s] -- Up-to-date: /home/rasp/humanoid_ros2/robot_ws/install/servo_interfaces/lib/python3.12/site-packages/servo_interfaces/srv/__init__.py
[0.898s] -- Up-to-date: /home/rasp/humanoid_ros2/robot_ws/install/servo_interfaces/lib/python3.12/site-packages/servo_interfaces/srv/_motor_angle.py
[0.898s] -- Up-to-date: /home/rasp/humanoid_ros2/robot_ws/install/servo_interfaces/lib/python3.12/site-packages/servo_interfaces/srv/_motor_angle_s.c
[0.898s] -- Up-to-date: /home/rasp/humanoid_ros2/robot_ws/install/servo_interfaces/lib/python3.12/site-packages/servo_interfaces/_servo_interfaces_s.ep.rosidl_typesupport_c.c
[0.898s] -- Up-to-date: /home/rasp/humanoid_ros2/robot_ws/install/servo_interfaces/lib/python3.12/site-packages/servo_interfaces/_servo_interfaces_s.ep.rosidl_typesupport_fastrtps_c.c
[0.898s] -- Up-to-date: /home/rasp/humanoid_ros2/robot_ws/install/servo_interfaces/lib/python3.12/site-packages/servo_interfaces/servo_interfaces_s__rosidl_typesupport_fastrtps_c.so
[0.898s] -- Up-to-date: /home/rasp/humanoid_ros2/robot_ws/install/servo_interfaces/lib/python3.12/site-packages/servo_interfaces/servo_interfaces_s__rosidl_typesupport_introspection_c.so
[0.898s] -- Up-to-date: /home/rasp/humanoid_ros2/robot_ws/install/servo_interfaces/lib/python3.12/site-packages/servo_interfaces/action
[0.898s] -- Up-to-date: /home/rasp/humanoid_ros2/robot_ws/install/servo_interfaces/lib/python3.12/site-packages/servo_interfaces/action/__init__.py
[0.898s] -- Up-to-date: /home/rasp/humanoid_ros2/robot_ws/install/servo_interfaces/lib/python3.12/site-packages/servo_interfaces/action/_motor_angle.py
[0.898s] -- Up-to-date: /home/rasp/humanoid_ros2/robot_ws/install/servo_interfaces/lib/python3.12/site-packages/servo_interfaces/action/_motor_angle_s.c
[0.898s] -- Up-to-date: /home/rasp/humanoid_ros2/robot_ws/install/servo_interfaces/lib/python3.12/site-packages/servo_interfaces/servo_interfaces_s__rosidl_typesupport_c.so
[0.939s] Listing '/home/rasp/humanoid_ros2/robot_ws/install/servo_interfaces/lib/python3.12/site-packages/servo_interfaces'...
[0.939s] Listing '/home/rasp/humanoid_ros2/robot_ws/install/servo_interfaces/lib/python3.12/site-packages/servo_interfaces/action'...
[0.939s] Listing '/home/rasp/humanoid_ros2/robot_ws/install/servo_interfaces/lib/python3.12/site-packages/servo_interfaces/msg'...
[0.940s] Listing '/home/rasp/humanoid_ros2/robot_ws/install/servo_interfaces/lib/python3.12/site-packages/servo_interfaces/srv'...
[0.952s] -- Up-to-date: /home/rasp/humanoid_ros2/robot_ws/install/servo_interfaces/lib/python3.12/site-packages/servo_interfaces/servo_interfaces_s__rosidl_typesupport_fastrtps_c.so
[0.952s] -- Up-to-date: /home/rasp/humanoid_ros2/robot_ws/install/servo_interfaces/lib/python3.12/site-packages/servo_interfaces/servo_interfaces_s__rosidl_typesupport_introspection_c.so
[0.952s] -- Up-to-date: /home/rasp/humanoid_ros2/robot_ws/install/servo_interfaces/lib/python3.12/site-packages/servo_interfaces/servo_interfaces_s__rosidl_typesupport_c.so
[0.953s] -- Up-to-date: /home/rasp/humanoid_ros2/robot_ws/install/servo_interfaces/lib/libservo_interfaces__rosidl_generator_py.so
[0.953s] -- Up-to-date: /home/rasp/humanoid_ros2/robot_ws/install/servo_interfaces/share/ament_index/resource_index/rust_packages/servo_interfaces
[0.954s] -- Up-to-date: /home/rasp/humanoid_ros2/robot_ws/install/servo_interfaces/share/servo_interfaces/rust
[0.954s] -- Up-to-date: /home/rasp/humanoid_ros2/robot_ws/install/servo_interfaces/share/servo_interfaces/rust/build.rs
[0.954s] -- Up-to-date: /home/rasp/humanoid_ros2/robot_ws/install/servo_interfaces/share/servo_interfaces/rust/src
[0.954s] -- Up-to-date: /home/rasp/humanoid_ros2/robot_ws/install/servo_interfaces/share/servo_interfaces/rust/src/msg
[0.954s] -- Up-to-date: /home/rasp/humanoid_ros2/robot_ws/install/servo_interfaces/share/servo_interfaces/rust/src/msg/rmw.rs
[0.954s] -- Up-to-date: /home/rasp/humanoid_ros2/robot_ws/install/servo_interfaces/share/servo_interfaces/rust/src/action.rs
[0.955s] -- Up-to-date: /home/rasp/humanoid_ros2/robot_ws/install/servo_interfaces/share/servo_interfaces/rust/src/lib.rs
[0.955s] -- Up-to-date: /home/rasp/humanoid_ros2/robot_ws/install/servo_interfaces/share/servo_interfaces/rust/src/srv
[0.955s] -- Up-to-date: /home/rasp/humanoid_ros2/robot_ws/install/servo_interfaces/share/servo_interfaces/rust/src/srv/rmw.rs
[0.955s] -- Up-to-date: /home/rasp/humanoid_ros2/robot_ws/install/servo_interfaces/share/servo_interfaces/rust/src/srv.rs
[0.955s] -- Up-to-date: /home/rasp/humanoid_ros2/robot_ws/install/servo_interfaces/share/servo_interfaces/rust/src/msg.rs
[0.956s] -- Up-to-date: /home/rasp/humanoid_ros2/robot_ws/install/servo_interfaces/share/servo_interfaces/rust/src/action
[0.956s] -- Up-to-date: /home/rasp/humanoid_ros2/robot_ws/install/servo_interfaces/share/servo_interfaces/rust/src/action/rmw.rs
[0.956s] -- Up-to-date: /home/rasp/humanoid_ros2/robot_ws/install/servo_interfaces/share/servo_interfaces/rust/Cargo.toml
[0.956s] -- Up-to-date: /home/rasp/humanoid_ros2/robot_ws/install/servo_interfaces/share/servo_interfaces/msg/SetPwm.idl
[0.956s] -- Up-to-date: /home/rasp/humanoid_ros2/robot_ws/install/servo_interfaces/share/servo_interfaces/msg/SetMode.idl
[0.956s] -- Up-to-date: /home/rasp/humanoid_ros2/robot_ws/install/servo_interfaces/share/servo_interfaces/msg/InferenceResult.idl
[0.957s] -- Up-to-date: /home/rasp/humanoid_ros2/robot_ws/install/servo_interfaces/share/servo_interfaces/msg/Yolov8Inference.idl
[0.957s] -- Up-to-date: /home/rasp/humanoid_ros2/robot_ws/install/servo_interfaces/share/servo_interfaces/msg/GoalPosition.idl
[0.957s] -- Up-to-date: /home/rasp/humanoid_ros2/robot_ws/install/servo_interfaces/share/servo_interfaces/msg/HeadMove.idl
[0.957s] -- Up-to-date: /home/rasp/humanoid_ros2/robot_ws/install/servo_interfaces/share/servo_interfaces/srv/MotorAngle.idl
[0.957s] -- Up-to-date: /home/rasp/humanoid_ros2/robot_ws/install/servo_interfaces/share/servo_interfaces/action/MotorAngle.idl
[0.957s] -- Up-to-date: /home/rasp/humanoid_ros2/robot_ws/install/servo_interfaces/share/servo_interfaces/msg/SetPwm.msg
[0.957s] -- Up-to-date: /home/rasp/humanoid_ros2/robot_ws/install/servo_interfaces/share/servo_interfaces/msg/SetMode.msg
[0.957s] -- Up-to-date: /home/rasp/humanoid_ros2/robot_ws/install/servo_interfaces/share/servo_interfaces/msg/InferenceResult.msg
[0.957s] -- Up-to-date: /home/rasp/humanoid_ros2/robot_ws/install/servo_interfaces/share/servo_interfaces/msg/Yolov8Inference.msg
[0.958s] -- Up-to-date: /home/rasp/humanoid_ros2/robot_ws/install/servo_interfaces/share/servo_interfaces/msg/GoalPosition.msg
[0.958s] -- Up-to-date: /home/rasp/humanoid_ros2/robot_ws/install/servo_interfaces/share/servo_interfaces/msg/HeadMove.msg
[0.958s] -- Up-to-date: /home/rasp/humanoid_ros2/robot_ws/install/servo_interfaces/share/servo_interfaces/srv/MotorAngle.srv
[0.958s] -- Up-to-date: /home/rasp/humanoid_ros2/robot_ws/install/servo_interfaces/share/servo_interfaces/action/MotorAngle.action
[0.958s] -- Up-to-date: /home/rasp/humanoid_ros2/robot_ws/install/servo_interfaces/share/ament_index/resource_index/package_run_dependencies/servo_interfaces
[0.958s] -- Up-to-date: /home/rasp/humanoid_ros2/robot_ws/install/servo_interfaces/share/ament_index/resource_index/parent_prefix_path/servo_interfaces
[0.958s] -- Up-to-date: /home/rasp/humanoid_ros2/robot_ws/install/servo_interfaces/share/servo_interfaces/environment/ament_prefix_path.sh
[0.959s] -- Up-to-date: /home/rasp/humanoid_ros2/robot_ws/install/servo_interfaces/share/servo_interfaces/environment/ament_prefix_path.dsv
[0.959s] -- Up-to-date: /home/rasp/humanoid_ros2/robot_ws/install/servo_interfaces/share/servo_interfaces/environment/path.sh
[0.959s] -- Up-to-date: /home/rasp/humanoid_ros2/robot_ws/install/servo_interfaces/share/servo_interfaces/environment/path.dsv
[0.959s] -- Up-to-date: /home/rasp/humanoid_ros2/robot_ws/install/servo_interfaces/share/servo_interfaces/local_setup.bash
[0.959s] -- Up-to-date: /home/rasp/humanoid_ros2/robot_ws/install/servo_interfaces/share/servo_interfaces/local_setup.sh
[0.959s] -- Up-to-date: /home/rasp/humanoid_ros2/robot_ws/install/servo_interfaces/share/servo_interfaces/local_setup.zsh
[0.959s] -- Up-to-date: /home/rasp/humanoid_ros2/robot_ws/install/servo_interfaces/share/servo_interfaces/local_setup.dsv
[0.960s] -- Installing: /home/rasp/humanoid_ros2/robot_ws/install/servo_interfaces/share/servo_interfaces/package.dsv
[0.960s] -- Up-to-date: /home/rasp/humanoid_ros2/robot_ws/install/servo_interfaces/share/ament_index/resource_index/packages/servo_interfaces
[0.960s] -- Up-to-date: /home/rasp/humanoid_ros2/robot_ws/install/servo_interfaces/share/servo_interfaces/cmake/export_servo_interfaces__rosidl_generator_cExport.cmake
[0.960s] -- Up-to-date: /home/rasp/humanoid_ros2/robot_ws/install/servo_interfaces/share/servo_interfaces/cmake/export_servo_interfaces__rosidl_generator_cExport-noconfig.cmake
[0.960s] -- Up-to-date: /home/rasp/humanoid_ros2/robot_ws/install/servo_interfaces/share/servo_interfaces/cmake/export_servo_interfaces__rosidl_typesupport_fastrtps_cExport.cmake
[0.960s] -- Up-to-date: /home/rasp/humanoid_ros2/robot_ws/install/servo_interfaces/share/servo_interfaces/cmake/export_servo_interfaces__rosidl_typesupport_fastrtps_cExport-noconfig.cmake
[0.960s] -- Up-to-date: /home/rasp/humanoid_ros2/robot_ws/install/servo_interfaces/share/servo_interfaces/cmake/export_servo_interfaces__rosidl_generator_cppExport.cmake
[0.960s] -- Up-to-date: /home/rasp/humanoid_ros2/robot_ws/install/servo_interfaces/share/servo_interfaces/cmake/export_servo_interfaces__rosidl_typesupport_fastrtps_cppExport.cmake
[0.961s] -- Up-to-date: /home/rasp/humanoid_ros2/robot_ws/install/servo_interfaces/share/servo_interfaces/cmake/export_servo_interfaces__rosidl_typesupport_fastrtps_cppExport-noconfig.cmake
[0.961s] -- Up-to-date: /home/rasp/humanoid_ros2/robot_ws/install/servo_interfaces/share/servo_interfaces/cmake/servo_interfaces__rosidl_typesupport_introspection_cExport.cmake
[0.961s] -- Up-to-date: /home/rasp/humanoid_ros2/robot_ws/install/servo_interfaces/share/servo_interfaces/cmake/servo_interfaces__rosidl_typesupport_introspection_cExport-noconfig.cmake
[0.961s] -- Up-to-date: /home/rasp/humanoid_ros2/robot_ws/install/servo_interfaces/share/servo_interfaces/cmake/servo_interfaces__rosidl_typesupport_cExport.cmake
[0.961s] -- Up-to-date: /home/rasp/humanoid_ros2/robot_ws/install/servo_interfaces/share/servo_interfaces/cmake/servo_interfaces__rosidl_typesupport_cExport-noconfig.cmake
[0.961s] -- Up-to-date: /home/rasp/humanoid_ros2/robot_ws/install/servo_interfaces/share/servo_interfaces/cmake/servo_interfaces__rosidl_typesupport_introspection_cppExport.cmake
[0.962s] -- Up-to-date: /home/rasp/humanoid_ros2/robot_ws/install/servo_interfaces/share/servo_interfaces/cmake/servo_interfaces__rosidl_typesupport_introspection_cppExport-noconfig.cmake
[0.962s] -- Up-to-date: /home/rasp/humanoid_ros2/robot_ws/install/servo_interfaces/share/servo_interfaces/cmake/servo_interfaces__rosidl_typesupport_cppExport.cmake
[0.962s] -- Up-to-date: /home/rasp/humanoid_ros2/robot_ws/install/servo_interfaces/share/servo_interfaces/cmake/servo_interfaces__rosidl_typesupport_cppExport-noconfig.cmake
[0.962s] -- Up-to-date: /home/rasp/humanoid_ros2/robot_ws/install/servo_interfaces/share/servo_interfaces/cmake/export_servo_interfaces__rosidl_generator_pyExport.cmake
[0.962s] -- Up-to-date: /home/rasp/humanoid_ros2/robot_ws/install/servo_interfaces/share/servo_interfaces/cmake/export_servo_interfaces__rosidl_generator_pyExport-noconfig.cmake
[0.962s] -- Up-to-date: /home/rasp/humanoid_ros2/robot_ws/install/servo_interfaces/share/servo_interfaces/cmake/rosidl_cmake-extras.cmake
[0.963s] -- Up-to-date: /home/rasp/humanoid_ros2/robot_ws/install/servo_interfaces/share/servo_interfaces/cmake/ament_cmake_export_dependencies-extras.cmake
[0.963s] -- Up-to-date: /home/rasp/humanoid_ros2/robot_ws/install/servo_interfaces/share/servo_interfaces/cmake/ament_cmake_export_include_directories-extras.cmake
[0.963s] -- Up-to-date: /home/rasp/humanoid_ros2/robot_ws/install/servo_interfaces/share/servo_interfaces/cmake/ament_cmake_export_libraries-extras.cmake
[0.963s] -- Up-to-date: /home/rasp/humanoid_ros2/robot_ws/install/servo_interfaces/share/servo_interfaces/cmake/ament_cmake_export_targets-extras.cmake
[0.963s] -- Up-to-date: /home/rasp/humanoid_ros2/robot_ws/install/servo_interfaces/share/servo_interfaces/cmake/rosidl_cmake_export_typesupport_targets-extras.cmake
[0.964s] -- Up-to-date: /home/rasp/humanoid_ros2/robot_ws/install/servo_interfaces/share/servo_interfaces/cmake/rosidl_cmake_export_typesupport_libraries-extras.cmake
[0.964s] -- Up-to-date: /home/rasp/humanoid_ros2/robot_ws/install/servo_interfaces/share/servo_interfaces/cmake/servo_interfacesConfig.cmake
[0.965s] -- Up-to-date: /home/rasp/humanoid_ros2/robot_ws/install/servo_interfaces/share/servo_interfaces/cmake/servo_interfacesConfig-version.cmake
[0.965s] -- Up-to-date: /home/rasp/humanoid_ros2/robot_ws/install/servo_interfaces/share/servo_interfaces/package.xml
[0.965s] Invoked command in '/home/rasp/humanoid_ros2/robot_ws/build/servo_interfaces' returned '0': CMAKE_PREFIX_PATH=${CMAKE_PREFIX_PATH}:/home/rasp/humanoid_ros2/robot_ws/install/my_servo_controller:/opt/ros/jazzy DEBUGINFOD_URLS=https://debuginfod.ubuntu.com VIRTUAL_ENV_PROMPT=(yolo_env) /usr/bin/cmake --install /home/rasp/humanoid_ros2/robot_ws/build/servo_interfaces
