[1.759s] Invoking command in '/home/rasp/humanoid/robot_ws/src/ros2_heinz/h1_gazebo_sim/ros_gz_h1_controller': DEBUGINFOD_URLS=https://debuginfod.ubuntu.com PYTHONPATH=/home/rasp/humanoid/robot_ws/build/ros_gz_h1_controller/prefix_override:/usr/lib/python3/dist-packages/colcon_core/task/python/colcon_distutils_commands:/home/rasp/humanoid/robot_ws/install/ros_gz_h1_controller/lib/python3.12/site-packages:${PYTHONPATH} /usr/bin/python3 -W ignore:setup.py install is deprecated -W ignore:easy_install command is deprecated setup.py egg_info --egg-base ../../../../build/ros_gz_h1_controller build --build-base /home/rasp/humanoid/robot_ws/build/ros_gz_h1_controller/build install --record /home/rasp/humanoid/robot_ws/build/ros_gz_h1_controller/install.log --single-version-externally-managed install_data
[2.174s] running egg_info
[2.205s] writing ../../../../build/ros_gz_h1_controller/ros_gz_h1_controller.egg-info/PKG-INFO
[2.205s] writing dependency_links to ../../../../build/ros_gz_h1_controller/ros_gz_h1_controller.egg-info/dependency_links.txt
[2.206s] writing entry points to ../../../../build/ros_gz_h1_controller/ros_gz_h1_controller.egg-info/entry_points.txt
[2.207s] writing requirements to ../../../../build/ros_gz_h1_controller/ros_gz_h1_controller.egg-info/requires.txt
[2.208s] writing top-level names to ../../../../build/ros_gz_h1_controller/ros_gz_h1_controller.egg-info/top_level.txt
[2.273s] reading manifest file '../../../../build/ros_gz_h1_controller/ros_gz_h1_controller.egg-info/SOURCES.txt'
[2.274s] writing manifest file '../../../../build/ros_gz_h1_controller/ros_gz_h1_controller.egg-info/SOURCES.txt'
[2.275s] running build
[2.275s] running build_py
[2.275s] running install
[2.285s] running install_lib
[2.317s] running install_data
[2.318s] running install_egg_info
[2.351s] removing '/home/rasp/humanoid/robot_ws/install/ros_gz_h1_controller/lib/python3.12/site-packages/ros_gz_h1_controller-0.0.0-py3.12.egg-info' (and everything under it)
[2.351s] Copying ../../../../build/ros_gz_h1_controller/ros_gz_h1_controller.egg-info to /home/rasp/humanoid/robot_ws/install/ros_gz_h1_controller/lib/python3.12/site-packages/ros_gz_h1_controller-0.0.0-py3.12.egg-info
[2.353s] running install_scripts
[2.575s] Installing example script to /home/rasp/humanoid/robot_ws/install/ros_gz_h1_controller/lib/ros_gz_h1_controller
[2.575s] Installing example_matrix_pose script to /home/rasp/humanoid/robot_ws/install/ros_gz_h1_controller/lib/ros_gz_h1_controller
[2.577s] writing list of installed files to '/home/rasp/humanoid/robot_ws/build/ros_gz_h1_controller/install.log'
[2.676s] Invoked command in '/home/rasp/humanoid/robot_ws/src/ros2_heinz/h1_gazebo_sim/ros_gz_h1_controller' returned '0': DEBUGINFOD_URLS=https://debuginfod.ubuntu.com PYTHONPATH=/home/rasp/humanoid/robot_ws/build/ros_gz_h1_controller/prefix_override:/usr/lib/python3/dist-packages/colcon_core/task/python/colcon_distutils_commands:/home/rasp/humanoid/robot_ws/install/ros_gz_h1_controller/lib/python3.12/site-packages:${PYTHONPATH} /usr/bin/python3 -W ignore:setup.py install is deprecated -W ignore:easy_install command is deprecated setup.py egg_info --egg-base ../../../../build/ros_gz_h1_controller build --build-base /home/rasp/humanoid/robot_ws/build/ros_gz_h1_controller/build install --record /home/rasp/humanoid/robot_ws/build/ros_gz_h1_controller/install.log --single-version-externally-managed install_data
