[0.149s] DEBUG:colcon:Command line arguments: ['/usr/bin/colcon', 'build']
[0.149s] DEBUG:colcon:Parsed command line arguments: Namespace(log_base=None, log_level=None, verb_name='build', build_base='build', install_base='install', merge_install=False, symlink_install=False, test_result_base=None, continue_on_error=False, executor='parallel', parallel_workers=4, event_handlers=None, ignore_user_meta=False, metas=['./colcon.meta'], base_paths=['.'], packages_ignore=None, packages_ignore_regex=None, paths=None, packages_up_to=None, packages_up_to_regex=None, packages_above=None, packages_above_and_dependencies=None, packages_above_depth=None, packages_select_by_dep=None, packages_skip_by_dep=None, packages_skip_up_to=None, packages_select_build_failed=False, packages_skip_build_finished=False, packages_select_test_failures=False, packages_skip_test_passed=False, packages_select=None, packages_skip=None, packages_select_regex=None, packages_skip_regex=None, packages_start=None, packages_end=None, allow_overriding=[], cmake_args=None, cmake_target=None, cmake_target_skip_unavailable=False, cmake_clean_cache=False, cmake_clean_first=False, cmake_force_configure=False, ament_cmake_args=None, catkin_cmake_args=None, catkin_skip_building_tests=False, mixin_files=None, mixin=None, verb_parser=<colcon_mixin.mixin.mixin_argument.MixinArgumentDecorator object at 0xffff8b5ccc80>, verb_extension=<colcon_core.verb.build.BuildVerb object at 0xffff8b780a40>, main=<bound method BuildVerb.main of <colcon_core.verb.build.BuildVerb object at 0xffff8b780a40>>, mixin_verb=('build',))
[0.212s] Level 1:colcon.colcon_core.package_discovery:discover_packages(colcon_meta) check parameters
[0.212s] Level 1:colcon.colcon_core.package_discovery:discover_packages(recursive) check parameters
[0.212s] Level 1:colcon.colcon_core.package_discovery:discover_packages(ignore) check parameters
[0.212s] Level 1:colcon.colcon_core.package_discovery:discover_packages(path) check parameters
[0.212s] Level 1:colcon.colcon_core.package_discovery:discover_packages(colcon_meta) discover
[0.213s] Level 1:colcon.colcon_core.package_discovery:discover_packages(recursive) discover
[0.213s] INFO:colcon.colcon_core.package_discovery:Crawling recursively for packages in '/home/rasp/humanoid_ros2/robot_ws'
[0.213s] Level 1:colcon.colcon_core.package_identification:_identify(.) by extensions ['ignore', 'ignore_ament_install']
[0.213s] Level 1:colcon.colcon_core.package_identification:_identify(.) by extension 'ignore'
[0.213s] Level 1:colcon.colcon_core.package_identification:_identify(.) by extension 'ignore_ament_install'
[0.213s] Level 1:colcon.colcon_core.package_identification:_identify(.) by extensions ['colcon_pkg']
[0.213s] Level 1:colcon.colcon_core.package_identification:_identify(.) by extension 'colcon_pkg'
[0.213s] Level 1:colcon.colcon_core.package_identification:_identify(.) by extensions ['colcon_meta']
[0.213s] Level 1:colcon.colcon_core.package_identification:_identify(.) by extension 'colcon_meta'
[0.213s] Level 1:colcon.colcon_core.package_identification:_identify(.) by extensions ['ros']
[0.213s] Level 1:colcon.colcon_core.package_identification:_identify(.) by extension 'ros'
[0.250s] Level 1:colcon.colcon_core.package_identification:_identify(.) by extensions ['cmake', 'python']
[0.250s] Level 1:colcon.colcon_core.package_identification:_identify(.) by extension 'cmake'
[0.250s] Level 1:colcon.colcon_core.package_identification:_identify(.) by extension 'python'
[0.250s] Level 1:colcon.colcon_core.package_identification:_identify(.) by extensions ['python_setup_py']
[0.250s] Level 1:colcon.colcon_core.package_identification:_identify(.) by extension 'python_setup_py'
[0.250s] Level 1:colcon.colcon_core.package_identification:_identify(build) by extensions ['ignore', 'ignore_ament_install']
[0.250s] Level 1:colcon.colcon_core.package_identification:_identify(build) by extension 'ignore'
[0.251s] Level 1:colcon.colcon_core.package_identification:_identify(build) ignored
[0.251s] Level 1:colcon.colcon_core.package_identification:_identify(install) by extensions ['ignore', 'ignore_ament_install']
[0.251s] Level 1:colcon.colcon_core.package_identification:_identify(install) by extension 'ignore'
[0.251s] Level 1:colcon.colcon_core.package_identification:_identify(install) ignored
[0.251s] Level 1:colcon.colcon_core.package_identification:_identify(log) by extensions ['ignore', 'ignore_ament_install']
[0.251s] Level 1:colcon.colcon_core.package_identification:_identify(log) by extension 'ignore'
[0.251s] Level 1:colcon.colcon_core.package_identification:_identify(log) ignored
[0.251s] Level 1:colcon.colcon_core.package_identification:_identify(src) by extensions ['ignore', 'ignore_ament_install']
[0.251s] Level 1:colcon.colcon_core.package_identification:_identify(src) by extension 'ignore'
[0.251s] Level 1:colcon.colcon_core.package_identification:_identify(src) by extension 'ignore_ament_install'
[0.251s] Level 1:colcon.colcon_core.package_identification:_identify(src) by extensions ['colcon_pkg']
[0.251s] Level 1:colcon.colcon_core.package_identification:_identify(src) by extension 'colcon_pkg'
[0.251s] Level 1:colcon.colcon_core.package_identification:_identify(src) by extensions ['colcon_meta']
[0.252s] Level 1:colcon.colcon_core.package_identification:_identify(src) by extension 'colcon_meta'
[0.252s] Level 1:colcon.colcon_core.package_identification:_identify(src) by extensions ['ros']
[0.252s] Level 1:colcon.colcon_core.package_identification:_identify(src) by extension 'ros'
[0.252s] Level 1:colcon.colcon_core.package_identification:_identify(src) by extensions ['cmake', 'python']
[0.252s] Level 1:colcon.colcon_core.package_identification:_identify(src) by extension 'cmake'
[0.252s] Level 1:colcon.colcon_core.package_identification:_identify(src) by extension 'python'
[0.252s] Level 1:colcon.colcon_core.package_identification:_identify(src) by extensions ['python_setup_py']
[0.252s] Level 1:colcon.colcon_core.package_identification:_identify(src) by extension 'python_setup_py'
[0.252s] Level 1:colcon.colcon_core.package_identification:_identify(src/my_servo_controller) by extensions ['ignore', 'ignore_ament_install']
[0.252s] Level 1:colcon.colcon_core.package_identification:_identify(src/my_servo_controller) by extension 'ignore'
[0.252s] Level 1:colcon.colcon_core.package_identification:_identify(src/my_servo_controller) by extension 'ignore_ament_install'
[0.252s] Level 1:colcon.colcon_core.package_identification:_identify(src/my_servo_controller) by extensions ['colcon_pkg']
[0.252s] Level 1:colcon.colcon_core.package_identification:_identify(src/my_servo_controller) by extension 'colcon_pkg'
[0.252s] Level 1:colcon.colcon_core.package_identification:_identify(src/my_servo_controller) by extensions ['colcon_meta']
[0.252s] Level 1:colcon.colcon_core.package_identification:_identify(src/my_servo_controller) by extension 'colcon_meta'
[0.252s] Level 1:colcon.colcon_core.package_identification:_identify(src/my_servo_controller) by extensions ['ros']
[0.252s] Level 1:colcon.colcon_core.package_identification:_identify(src/my_servo_controller) by extension 'ros'
[0.256s] DEBUG:colcon.colcon_core.package_identification:Package 'src/my_servo_controller' with type 'ros.ament_python' and name 'my_servo_controller'
[0.256s] Level 1:colcon.colcon_core.package_identification:_identify(src/ros2_heinz_me) by extensions ['ignore', 'ignore_ament_install']
[0.257s] Level 1:colcon.colcon_core.package_identification:_identify(src/ros2_heinz_me) by extension 'ignore'
[0.257s] Level 1:colcon.colcon_core.package_identification:_identify(src/ros2_heinz_me) by extension 'ignore_ament_install'
[0.257s] Level 1:colcon.colcon_core.package_identification:_identify(src/ros2_heinz_me) by extensions ['colcon_pkg']
[0.257s] Level 1:colcon.colcon_core.package_identification:_identify(src/ros2_heinz_me) by extension 'colcon_pkg'
[0.257s] Level 1:colcon.colcon_core.package_identification:_identify(src/ros2_heinz_me) by extensions ['colcon_meta']
[0.257s] Level 1:colcon.colcon_core.package_identification:_identify(src/ros2_heinz_me) by extension 'colcon_meta'
[0.257s] Level 1:colcon.colcon_core.package_identification:_identify(src/ros2_heinz_me) by extensions ['ros']
[0.257s] Level 1:colcon.colcon_core.package_identification:_identify(src/ros2_heinz_me) by extension 'ros'
[0.257s] Level 1:colcon.colcon_core.package_identification:_identify(src/ros2_heinz_me) by extensions ['cmake', 'python']
[0.257s] Level 1:colcon.colcon_core.package_identification:_identify(src/ros2_heinz_me) by extension 'cmake'
[0.257s] Level 1:colcon.colcon_core.package_identification:_identify(src/ros2_heinz_me) by extension 'python'
[0.257s] Level 1:colcon.colcon_core.package_identification:_identify(src/ros2_heinz_me) by extensions ['python_setup_py']
[0.258s] Level 1:colcon.colcon_core.package_identification:_identify(src/ros2_heinz_me) by extension 'python_setup_py'
[0.258s] Level 1:colcon.colcon_core.package_identification:_identify(src/ros2_heinz_me/h1_gazebo_sim) by extensions ['ignore', 'ignore_ament_install']
[0.258s] Level 1:colcon.colcon_core.package_identification:_identify(src/ros2_heinz_me/h1_gazebo_sim) by extension 'ignore'
[0.258s] Level 1:colcon.colcon_core.package_identification:_identify(src/ros2_heinz_me/h1_gazebo_sim) by extension 'ignore_ament_install'
[0.258s] Level 1:colcon.colcon_core.package_identification:_identify(src/ros2_heinz_me/h1_gazebo_sim) by extensions ['colcon_pkg']
[0.258s] Level 1:colcon.colcon_core.package_identification:_identify(src/ros2_heinz_me/h1_gazebo_sim) by extension 'colcon_pkg'
[0.258s] Level 1:colcon.colcon_core.package_identification:_identify(src/ros2_heinz_me/h1_gazebo_sim) by extensions ['colcon_meta']
[0.258s] Level 1:colcon.colcon_core.package_identification:_identify(src/ros2_heinz_me/h1_gazebo_sim) by extension 'colcon_meta'
[0.258s] Level 1:colcon.colcon_core.package_identification:_identify(src/ros2_heinz_me/h1_gazebo_sim) by extensions ['ros']
[0.258s] Level 1:colcon.colcon_core.package_identification:_identify(src/ros2_heinz_me/h1_gazebo_sim) by extension 'ros'
[0.258s] Level 1:colcon.colcon_core.package_identification:_identify(src/ros2_heinz_me/h1_gazebo_sim) by extensions ['cmake', 'python']
[0.258s] Level 1:colcon.colcon_core.package_identification:_identify(src/ros2_heinz_me/h1_gazebo_sim) by extension 'cmake'
[0.259s] Level 1:colcon.colcon_core.package_identification:_identify(src/ros2_heinz_me/h1_gazebo_sim) by extension 'python'
[0.259s] Level 1:colcon.colcon_core.package_identification:_identify(src/ros2_heinz_me/h1_gazebo_sim) by extensions ['python_setup_py']
[0.259s] Level 1:colcon.colcon_core.package_identification:_identify(src/ros2_heinz_me/h1_gazebo_sim) by extension 'python_setup_py'
[0.259s] Level 1:colcon.colcon_core.package_identification:_identify(src/ros2_heinz_me/h1_gazebo_sim/ros_gz_h1_bringup) by extensions ['ignore', 'ignore_ament_install']
[0.259s] Level 1:colcon.colcon_core.package_identification:_identify(src/ros2_heinz_me/h1_gazebo_sim/ros_gz_h1_bringup) by extension 'ignore'
[0.259s] Level 1:colcon.colcon_core.package_identification:_identify(src/ros2_heinz_me/h1_gazebo_sim/ros_gz_h1_bringup) by extension 'ignore_ament_install'
[0.259s] Level 1:colcon.colcon_core.package_identification:_identify(src/ros2_heinz_me/h1_gazebo_sim/ros_gz_h1_bringup) by extensions ['colcon_pkg']
[0.259s] Level 1:colcon.colcon_core.package_identification:_identify(src/ros2_heinz_me/h1_gazebo_sim/ros_gz_h1_bringup) by extension 'colcon_pkg'
[0.260s] Level 1:colcon.colcon_core.package_identification:_identify(src/ros2_heinz_me/h1_gazebo_sim/ros_gz_h1_bringup) by extensions ['colcon_meta']
[0.260s] Level 1:colcon.colcon_core.package_identification:_identify(src/ros2_heinz_me/h1_gazebo_sim/ros_gz_h1_bringup) by extension 'colcon_meta'
[0.260s] Level 1:colcon.colcon_core.package_identification:_identify(src/ros2_heinz_me/h1_gazebo_sim/ros_gz_h1_bringup) by extensions ['ros']
[0.260s] Level 1:colcon.colcon_core.package_identification:_identify(src/ros2_heinz_me/h1_gazebo_sim/ros_gz_h1_bringup) by extension 'ros'
[0.261s] DEBUG:colcon.colcon_core.package_identification:Package 'src/ros2_heinz_me/h1_gazebo_sim/ros_gz_h1_bringup' with type 'ros.ament_cmake' and name 'ros_gz_h1_bringup'
[0.262s] Level 1:colcon.colcon_core.package_identification:_identify(src/ros2_heinz_me/h1_gazebo_sim/ros_gz_h1_description) by extensions ['ignore', 'ignore_ament_install']
[0.262s] Level 1:colcon.colcon_core.package_identification:_identify(src/ros2_heinz_me/h1_gazebo_sim/ros_gz_h1_description) by extension 'ignore'
[0.262s] Level 1:colcon.colcon_core.package_identification:_identify(src/ros2_heinz_me/h1_gazebo_sim/ros_gz_h1_description) by extension 'ignore_ament_install'
[0.262s] Level 1:colcon.colcon_core.package_identification:_identify(src/ros2_heinz_me/h1_gazebo_sim/ros_gz_h1_description) by extensions ['colcon_pkg']
[0.262s] Level 1:colcon.colcon_core.package_identification:_identify(src/ros2_heinz_me/h1_gazebo_sim/ros_gz_h1_description) by extension 'colcon_pkg'
[0.262s] Level 1:colcon.colcon_core.package_identification:_identify(src/ros2_heinz_me/h1_gazebo_sim/ros_gz_h1_description) by extensions ['colcon_meta']
[0.262s] Level 1:colcon.colcon_core.package_identification:_identify(src/ros2_heinz_me/h1_gazebo_sim/ros_gz_h1_description) by extension 'colcon_meta'
[0.262s] Level 1:colcon.colcon_core.package_identification:_identify(src/ros2_heinz_me/h1_gazebo_sim/ros_gz_h1_description) by extensions ['ros']
[0.262s] Level 1:colcon.colcon_core.package_identification:_identify(src/ros2_heinz_me/h1_gazebo_sim/ros_gz_h1_description) by extension 'ros'
[0.263s] DEBUG:colcon.colcon_core.package_identification:Package 'src/ros2_heinz_me/h1_gazebo_sim/ros_gz_h1_description' with type 'ros.ament_cmake' and name 'ros_gz_h1_description'
[0.263s] Level 1:colcon.colcon_core.package_identification:_identify(src/ros2_heinz_me/h1_gazebo_sim/ros_gz_h1_gazebo) by extensions ['ignore', 'ignore_ament_install']
[0.263s] Level 1:colcon.colcon_core.package_identification:_identify(src/ros2_heinz_me/h1_gazebo_sim/ros_gz_h1_gazebo) by extension 'ignore'
[0.263s] Level 1:colcon.colcon_core.package_identification:_identify(src/ros2_heinz_me/h1_gazebo_sim/ros_gz_h1_gazebo) by extension 'ignore_ament_install'
[0.263s] Level 1:colcon.colcon_core.package_identification:_identify(src/ros2_heinz_me/h1_gazebo_sim/ros_gz_h1_gazebo) by extensions ['colcon_pkg']
[0.263s] Level 1:colcon.colcon_core.package_identification:_identify(src/ros2_heinz_me/h1_gazebo_sim/ros_gz_h1_gazebo) by extension 'colcon_pkg'
[0.263s] Level 1:colcon.colcon_core.package_identification:_identify(src/ros2_heinz_me/h1_gazebo_sim/ros_gz_h1_gazebo) by extensions ['colcon_meta']
[0.264s] Level 1:colcon.colcon_core.package_identification:_identify(src/ros2_heinz_me/h1_gazebo_sim/ros_gz_h1_gazebo) by extension 'colcon_meta'
[0.264s] Level 1:colcon.colcon_core.package_identification:_identify(src/ros2_heinz_me/h1_gazebo_sim/ros_gz_h1_gazebo) by extensions ['ros']
[0.264s] Level 1:colcon.colcon_core.package_identification:_identify(src/ros2_heinz_me/h1_gazebo_sim/ros_gz_h1_gazebo) by extension 'ros'
[0.264s] DEBUG:colcon.colcon_core.package_identification:Package 'src/ros2_heinz_me/h1_gazebo_sim/ros_gz_h1_gazebo' with type 'ros.ament_cmake' and name 'ros_gz_h1_gazebo'
[0.264s] Level 1:colcon.colcon_core.package_identification:_identify(src/servo_interfaces) by extensions ['ignore', 'ignore_ament_install']
[0.265s] Level 1:colcon.colcon_core.package_identification:_identify(src/servo_interfaces) by extension 'ignore'
[0.265s] Level 1:colcon.colcon_core.package_identification:_identify(src/servo_interfaces) by extension 'ignore_ament_install'
[0.265s] Level 1:colcon.colcon_core.package_identification:_identify(src/servo_interfaces) by extensions ['colcon_pkg']
[0.265s] Level 1:colcon.colcon_core.package_identification:_identify(src/servo_interfaces) by extension 'colcon_pkg'
[0.265s] Level 1:colcon.colcon_core.package_identification:_identify(src/servo_interfaces) by extensions ['colcon_meta']
[0.265s] Level 1:colcon.colcon_core.package_identification:_identify(src/servo_interfaces) by extension 'colcon_meta'
[0.265s] Level 1:colcon.colcon_core.package_identification:_identify(src/servo_interfaces) by extensions ['ros']
[0.265s] Level 1:colcon.colcon_core.package_identification:_identify(src/servo_interfaces) by extension 'ros'
[0.266s] DEBUG:colcon.colcon_core.package_identification:Package 'src/servo_interfaces' with type 'ros.ament_cmake' and name 'servo_interfaces'
[0.266s] Level 1:colcon.colcon_core.package_identification:_identify(src/yolo_ros) by extensions ['ignore', 'ignore_ament_install']
[0.266s] Level 1:colcon.colcon_core.package_identification:_identify(src/yolo_ros) by extension 'ignore'
[0.266s] Level 1:colcon.colcon_core.package_identification:_identify(src/yolo_ros) by extension 'ignore_ament_install'
[0.266s] Level 1:colcon.colcon_core.package_identification:_identify(src/yolo_ros) by extensions ['colcon_pkg']
[0.266s] Level 1:colcon.colcon_core.package_identification:_identify(src/yolo_ros) by extension 'colcon_pkg'
[0.266s] Level 1:colcon.colcon_core.package_identification:_identify(src/yolo_ros) by extensions ['colcon_meta']
[0.266s] Level 1:colcon.colcon_core.package_identification:_identify(src/yolo_ros) by extension 'colcon_meta'
[0.266s] Level 1:colcon.colcon_core.package_identification:_identify(src/yolo_ros) by extensions ['ros']
[0.266s] Level 1:colcon.colcon_core.package_identification:_identify(src/yolo_ros) by extension 'ros'
[0.266s] Level 1:colcon.colcon_core.package_identification:_identify(src/yolo_ros) by extensions ['cmake', 'python']
[0.266s] Level 1:colcon.colcon_core.package_identification:_identify(src/yolo_ros) by extension 'cmake'
[0.266s] Level 1:colcon.colcon_core.package_identification:_identify(src/yolo_ros) by extension 'python'
[0.266s] Level 1:colcon.colcon_core.package_identification:_identify(src/yolo_ros) by extensions ['python_setup_py']
[0.266s] Level 1:colcon.colcon_core.package_identification:_identify(src/yolo_ros) by extension 'python_setup_py'
[0.266s] Level 1:colcon.colcon_core.package_discovery:discover_packages(recursive) using defaults
[0.267s] Level 1:colcon.colcon_core.package_discovery:discover_packages(ignore) discover
[0.267s] Level 1:colcon.colcon_core.package_discovery:discover_packages(ignore) using defaults
[0.267s] Level 1:colcon.colcon_core.package_discovery:discover_packages(path) discover
[0.267s] Level 1:colcon.colcon_core.package_discovery:discover_packages(path) using defaults
[0.290s] Level 1:colcon.colcon_core.package_discovery:discover_packages(prefix_path) check parameters
[0.291s] Level 1:colcon.colcon_core.package_discovery:discover_packages(prefix_path) discover
[0.292s] WARNING:colcon.colcon_ros.prefix_path.ament:The path '/home/rasp/humanoid_ros2/robot_ws/install/my_servo_controller' in the environment variable AMENT_PREFIX_PATH doesn't exist
[0.292s] WARNING:colcon.colcon_ros.prefix_path.ament:The path '/home/rasp/humanoid_ros2/robot_ws/install/servo_interfaces' in the environment variable AMENT_PREFIX_PATH doesn't exist
[0.292s] WARNING:colcon.colcon_ros.prefix_path.ament:The path '/home/rasp/humanoid_ros2/robot_ws/install/ros_gz_h1_bringup' in the environment variable AMENT_PREFIX_PATH doesn't exist
[0.292s] WARNING:colcon.colcon_ros.prefix_path.ament:The path '/home/rasp/humanoid_ros2/robot_ws/install/ros_gz_h1_gazebo' in the environment variable AMENT_PREFIX_PATH doesn't exist
[0.292s] WARNING:colcon.colcon_ros.prefix_path.catkin:The path '/home/rasp/humanoid_ros2/robot_ws/install/servo_interfaces' in the environment variable CMAKE_PREFIX_PATH doesn't exist
[0.292s] WARNING:colcon.colcon_ros.prefix_path.catkin:The path '/home/rasp/humanoid_ros2/robot_ws/install/ros_gz_h1_bringup' in the environment variable CMAKE_PREFIX_PATH doesn't exist
[0.292s] WARNING:colcon.colcon_ros.prefix_path.catkin:The path '/home/rasp/humanoid_ros2/robot_ws/install/ros_gz_h1_gazebo' in the environment variable CMAKE_PREFIX_PATH doesn't exist
[0.293s] DEBUG:colcon.colcon_installed_package_information.package_discovery:Found 1 installed packages in /home/rasp/humanoid_ros2/robot_ws/install
[0.296s] DEBUG:colcon.colcon_installed_package_information.package_discovery:Found 325 installed packages in /opt/ros/jazzy
[0.299s] Level 1:colcon.colcon_core.package_discovery:discover_packages(prefix_path) using defaults
[0.364s] Level 5:colcon.colcon_core.verb:set package 'ros_gz_h1_description' build argument 'cmake_args' from command line to 'None'
[0.364s] Level 5:colcon.colcon_core.verb:set package 'ros_gz_h1_description' build argument 'cmake_target' from command line to 'None'
[0.364s] Level 5:colcon.colcon_core.verb:set package 'ros_gz_h1_description' build argument 'cmake_target_skip_unavailable' from command line to 'False'
[0.364s] Level 5:colcon.colcon_core.verb:set package 'ros_gz_h1_description' build argument 'cmake_clean_cache' from command line to 'False'
[0.364s] Level 5:colcon.colcon_core.verb:set package 'ros_gz_h1_description' build argument 'cmake_clean_first' from command line to 'False'
[0.364s] Level 5:colcon.colcon_core.verb:set package 'ros_gz_h1_description' build argument 'cmake_force_configure' from command line to 'False'
[0.364s] Level 5:colcon.colcon_core.verb:set package 'ros_gz_h1_description' build argument 'ament_cmake_args' from command line to 'None'
[0.364s] Level 5:colcon.colcon_core.verb:set package 'ros_gz_h1_description' build argument 'catkin_cmake_args' from command line to 'None'
[0.364s] Level 5:colcon.colcon_core.verb:set package 'ros_gz_h1_description' build argument 'catkin_skip_building_tests' from command line to 'False'
[0.365s] DEBUG:colcon.colcon_core.verb:Building package 'ros_gz_h1_description' with the following arguments: {'ament_cmake_args': None, 'build_base': '/home/rasp/humanoid_ros2/robot_ws/build/ros_gz_h1_description', 'catkin_cmake_args': None, 'catkin_skip_building_tests': False, 'cmake_args': None, 'cmake_clean_cache': False, 'cmake_clean_first': False, 'cmake_force_configure': False, 'cmake_target': None, 'cmake_target_skip_unavailable': False, 'install_base': '/home/rasp/humanoid_ros2/robot_ws/install/ros_gz_h1_description', 'merge_install': False, 'path': '/home/rasp/humanoid_ros2/robot_ws/src/ros2_heinz_me/h1_gazebo_sim/ros_gz_h1_description', 'symlink_install': False, 'test_result_base': None}
[0.365s] Level 5:colcon.colcon_core.verb:set package 'servo_interfaces' build argument 'cmake_args' from command line to 'None'
[0.365s] Level 5:colcon.colcon_core.verb:set package 'servo_interfaces' build argument 'cmake_target' from command line to 'None'
[0.365s] Level 5:colcon.colcon_core.verb:set package 'servo_interfaces' build argument 'cmake_target_skip_unavailable' from command line to 'False'
[0.365s] Level 5:colcon.colcon_core.verb:set package 'servo_interfaces' build argument 'cmake_clean_cache' from command line to 'False'
[0.365s] Level 5:colcon.colcon_core.verb:set package 'servo_interfaces' build argument 'cmake_clean_first' from command line to 'False'
[0.365s] Level 5:colcon.colcon_core.verb:set package 'servo_interfaces' build argument 'cmake_force_configure' from command line to 'False'
[0.365s] Level 5:colcon.colcon_core.verb:set package 'servo_interfaces' build argument 'ament_cmake_args' from command line to 'None'
[0.365s] Level 5:colcon.colcon_core.verb:set package 'servo_interfaces' build argument 'catkin_cmake_args' from command line to 'None'
[0.365s] Level 5:colcon.colcon_core.verb:set package 'servo_interfaces' build argument 'catkin_skip_building_tests' from command line to 'False'
[0.365s] DEBUG:colcon.colcon_core.verb:Building package 'servo_interfaces' with the following arguments: {'ament_cmake_args': None, 'build_base': '/home/rasp/humanoid_ros2/robot_ws/build/servo_interfaces', 'catkin_cmake_args': None, 'catkin_skip_building_tests': False, 'cmake_args': None, 'cmake_clean_cache': False, 'cmake_clean_first': False, 'cmake_force_configure': False, 'cmake_target': None, 'cmake_target_skip_unavailable': False, 'install_base': '/home/rasp/humanoid_ros2/robot_ws/install/servo_interfaces', 'merge_install': False, 'path': '/home/rasp/humanoid_ros2/robot_ws/src/servo_interfaces', 'symlink_install': False, 'test_result_base': None}
[0.366s] Level 5:colcon.colcon_core.verb:set package 'my_servo_controller' build argument 'cmake_args' from command line to 'None'
[0.366s] Level 5:colcon.colcon_core.verb:set package 'my_servo_controller' build argument 'cmake_target' from command line to 'None'
[0.366s] Level 5:colcon.colcon_core.verb:set package 'my_servo_controller' build argument 'cmake_target_skip_unavailable' from command line to 'False'
[0.366s] Level 5:colcon.colcon_core.verb:set package 'my_servo_controller' build argument 'cmake_clean_cache' from command line to 'False'
[0.366s] Level 5:colcon.colcon_core.verb:set package 'my_servo_controller' build argument 'cmake_clean_first' from command line to 'False'
[0.366s] Level 5:colcon.colcon_core.verb:set package 'my_servo_controller' build argument 'cmake_force_configure' from command line to 'False'
[0.366s] Level 5:colcon.colcon_core.verb:set package 'my_servo_controller' build argument 'ament_cmake_args' from command line to 'None'
[0.366s] Level 5:colcon.colcon_core.verb:set package 'my_servo_controller' build argument 'catkin_cmake_args' from command line to 'None'
[0.366s] Level 5:colcon.colcon_core.verb:set package 'my_servo_controller' build argument 'catkin_skip_building_tests' from command line to 'False'
[0.366s] DEBUG:colcon.colcon_core.verb:Building package 'my_servo_controller' with the following arguments: {'ament_cmake_args': None, 'build_base': '/home/rasp/humanoid_ros2/robot_ws/build/my_servo_controller', 'catkin_cmake_args': None, 'catkin_skip_building_tests': False, 'cmake_args': None, 'cmake_clean_cache': False, 'cmake_clean_first': False, 'cmake_force_configure': False, 'cmake_target': None, 'cmake_target_skip_unavailable': False, 'install_base': '/home/rasp/humanoid_ros2/robot_ws/install/my_servo_controller', 'merge_install': False, 'path': '/home/rasp/humanoid_ros2/robot_ws/src/my_servo_controller', 'symlink_install': False, 'test_result_base': None}
[0.366s] Level 5:colcon.colcon_core.verb:set package 'ros_gz_h1_gazebo' build argument 'cmake_args' from command line to 'None'
[0.366s] Level 5:colcon.colcon_core.verb:set package 'ros_gz_h1_gazebo' build argument 'cmake_target' from command line to 'None'
[0.367s] Level 5:colcon.colcon_core.verb:set package 'ros_gz_h1_gazebo' build argument 'cmake_target_skip_unavailable' from command line to 'False'
[0.367s] Level 5:colcon.colcon_core.verb:set package 'ros_gz_h1_gazebo' build argument 'cmake_clean_cache' from command line to 'False'
[0.367s] Level 5:colcon.colcon_core.verb:set package 'ros_gz_h1_gazebo' build argument 'cmake_clean_first' from command line to 'False'
[0.367s] Level 5:colcon.colcon_core.verb:set package 'ros_gz_h1_gazebo' build argument 'cmake_force_configure' from command line to 'False'
[0.367s] Level 5:colcon.colcon_core.verb:set package 'ros_gz_h1_gazebo' build argument 'ament_cmake_args' from command line to 'None'
[0.367s] Level 5:colcon.colcon_core.verb:set package 'ros_gz_h1_gazebo' build argument 'catkin_cmake_args' from command line to 'None'
[0.367s] Level 5:colcon.colcon_core.verb:set package 'ros_gz_h1_gazebo' build argument 'catkin_skip_building_tests' from command line to 'False'
[0.367s] DEBUG:colcon.colcon_core.verb:Building package 'ros_gz_h1_gazebo' with the following arguments: {'ament_cmake_args': None, 'build_base': '/home/rasp/humanoid_ros2/robot_ws/build/ros_gz_h1_gazebo', 'catkin_cmake_args': None, 'catkin_skip_building_tests': False, 'cmake_args': None, 'cmake_clean_cache': False, 'cmake_clean_first': False, 'cmake_force_configure': False, 'cmake_target': None, 'cmake_target_skip_unavailable': False, 'install_base': '/home/rasp/humanoid_ros2/robot_ws/install/ros_gz_h1_gazebo', 'merge_install': False, 'path': '/home/rasp/humanoid_ros2/robot_ws/src/ros2_heinz_me/h1_gazebo_sim/ros_gz_h1_gazebo', 'symlink_install': False, 'test_result_base': None}
[0.367s] Level 5:colcon.colcon_core.verb:set package 'ros_gz_h1_bringup' build argument 'cmake_args' from command line to 'None'
[0.367s] Level 5:colcon.colcon_core.verb:set package 'ros_gz_h1_bringup' build argument 'cmake_target' from command line to 'None'
[0.367s] Level 5:colcon.colcon_core.verb:set package 'ros_gz_h1_bringup' build argument 'cmake_target_skip_unavailable' from command line to 'False'
[0.367s] Level 5:colcon.colcon_core.verb:set package 'ros_gz_h1_bringup' build argument 'cmake_clean_cache' from command line to 'False'
[0.367s] Level 5:colcon.colcon_core.verb:set package 'ros_gz_h1_bringup' build argument 'cmake_clean_first' from command line to 'False'
[0.367s] Level 5:colcon.colcon_core.verb:set package 'ros_gz_h1_bringup' build argument 'cmake_force_configure' from command line to 'False'
[0.367s] Level 5:colcon.colcon_core.verb:set package 'ros_gz_h1_bringup' build argument 'ament_cmake_args' from command line to 'None'
[0.367s] Level 5:colcon.colcon_core.verb:set package 'ros_gz_h1_bringup' build argument 'catkin_cmake_args' from command line to 'None'
[0.367s] Level 5:colcon.colcon_core.verb:set package 'ros_gz_h1_bringup' build argument 'catkin_skip_building_tests' from command line to 'False'
[0.367s] DEBUG:colcon.colcon_core.verb:Building package 'ros_gz_h1_bringup' with the following arguments: {'ament_cmake_args': None, 'build_base': '/home/rasp/humanoid_ros2/robot_ws/build/ros_gz_h1_bringup', 'catkin_cmake_args': None, 'catkin_skip_building_tests': False, 'cmake_args': None, 'cmake_clean_cache': False, 'cmake_clean_first': False, 'cmake_force_configure': False, 'cmake_target': None, 'cmake_target_skip_unavailable': False, 'install_base': '/home/rasp/humanoid_ros2/robot_ws/install/ros_gz_h1_bringup', 'merge_install': False, 'path': '/home/rasp/humanoid_ros2/robot_ws/src/ros2_heinz_me/h1_gazebo_sim/ros_gz_h1_bringup', 'symlink_install': False, 'test_result_base': None}
[0.368s] INFO:colcon.colcon_core.executor:Executing jobs using 'parallel' executor
[0.369s] DEBUG:colcon.colcon_parallel_executor.executor.parallel:run_until_complete
[0.369s] INFO:colcon.colcon_ros.task.ament_cmake.build:Building ROS package in '/home/rasp/humanoid_ros2/robot_ws/src/ros2_heinz_me/h1_gazebo_sim/ros_gz_h1_description' with build type 'ament_cmake'
[0.369s] INFO:colcon.colcon_cmake.task.cmake.build:Building CMake package in '/home/rasp/humanoid_ros2/robot_ws/src/ros2_heinz_me/h1_gazebo_sim/ros_gz_h1_description'
[0.372s] INFO:colcon.colcon_core.plugin_system:Skipping extension 'colcon_core.shell.bat': Not used on non-Windows systems
[0.372s] INFO:colcon.colcon_core.shell:Skip shell extension 'powershell' for command environment: Not usable outside of PowerShell
[0.372s] DEBUG:colcon.colcon_core.shell:Skip shell extension 'dsv' for command environment
[0.377s] INFO:colcon.colcon_ros.task.ament_cmake.build:Building ROS package in '/home/rasp/humanoid_ros2/robot_ws/src/servo_interfaces' with build type 'ament_cmake'
[0.377s] INFO:colcon.colcon_cmake.task.cmake.build:Building CMake package in '/home/rasp/humanoid_ros2/robot_ws/src/servo_interfaces'
[0.378s] INFO:colcon.colcon_core.shell:Skip shell extension 'powershell' for command environment: Not usable outside of PowerShell
[0.378s] DEBUG:colcon.colcon_core.shell:Skip shell extension 'dsv' for command environment
[0.391s] DEBUG:colcon.colcon_core.event_handler.log_command:Invoking command in '/home/rasp/humanoid_ros2/robot_ws/build/ros_gz_h1_description': CMAKE_PREFIX_PATH=${CMAKE_PREFIX_PATH}:/home/rasp/humanoid_ros2/robot_ws/install/my_servo_controller:/opt/ros/jazzy DEBUGINFOD_URLS=https://debuginfod.ubuntu.com VIRTUAL_ENV_PROMPT=(yolo_env) /usr/bin/cmake /home/rasp/humanoid_ros2/robot_ws/src/ros2_heinz_me/h1_gazebo_sim/ros_gz_h1_description -DCMAKE_INSTALL_PREFIX=/home/rasp/humanoid_ros2/robot_ws/install/ros_gz_h1_description
[0.402s] DEBUG:colcon.colcon_core.event_handler.log_command:Invoking command in '/home/rasp/humanoid_ros2/robot_ws/build/servo_interfaces': CMAKE_PREFIX_PATH=${CMAKE_PREFIX_PATH}:/home/rasp/humanoid_ros2/robot_ws/install/my_servo_controller:/opt/ros/jazzy DEBUGINFOD_URLS=https://debuginfod.ubuntu.com VIRTUAL_ENV_PROMPT=(yolo_env) /usr/bin/cmake /home/rasp/humanoid_ros2/robot_ws/src/servo_interfaces -DCMAKE_INSTALL_PREFIX=/home/rasp/humanoid_ros2/robot_ws/install/servo_interfaces
[1.082s] DEBUG:colcon.colcon_core.event_handler.log_command:Invoked command in '/home/rasp/humanoid_ros2/robot_ws/build/ros_gz_h1_description' returned '0': CMAKE_PREFIX_PATH=${CMAKE_PREFIX_PATH}:/home/rasp/humanoid_ros2/robot_ws/install/my_servo_controller:/opt/ros/jazzy DEBUGINFOD_URLS=https://debuginfod.ubuntu.com VIRTUAL_ENV_PROMPT=(yolo_env) /usr/bin/cmake /home/rasp/humanoid_ros2/robot_ws/src/ros2_heinz_me/h1_gazebo_sim/ros_gz_h1_description -DCMAKE_INSTALL_PREFIX=/home/rasp/humanoid_ros2/robot_ws/install/ros_gz_h1_description
[1.085s] DEBUG:colcon.colcon_core.event_handler.log_command:Invoking command in '/home/rasp/humanoid_ros2/robot_ws/build/ros_gz_h1_description': CMAKE_PREFIX_PATH=${CMAKE_PREFIX_PATH}:/home/rasp/humanoid_ros2/robot_ws/install/my_servo_controller:/opt/ros/jazzy DEBUGINFOD_URLS=https://debuginfod.ubuntu.com VIRTUAL_ENV_PROMPT=(yolo_env) /usr/bin/cmake --build /home/rasp/humanoid_ros2/robot_ws/build/ros_gz_h1_description -- -j4 -l4
[1.172s] DEBUG:colcon.colcon_core.event_handler.log_command:Invoked command in '/home/rasp/humanoid_ros2/robot_ws/build/ros_gz_h1_description' returned '0': CMAKE_PREFIX_PATH=${CMAKE_PREFIX_PATH}:/home/rasp/humanoid_ros2/robot_ws/install/my_servo_controller:/opt/ros/jazzy DEBUGINFOD_URLS=https://debuginfod.ubuntu.com VIRTUAL_ENV_PROMPT=(yolo_env) /usr/bin/cmake --build /home/rasp/humanoid_ros2/robot_ws/build/ros_gz_h1_description -- -j4 -l4
[1.193s] DEBUG:colcon.colcon_core.event_handler.log_command:Invoking command in '/home/rasp/humanoid_ros2/robot_ws/build/ros_gz_h1_description': CMAKE_PREFIX_PATH=${CMAKE_PREFIX_PATH}:/home/rasp/humanoid_ros2/robot_ws/install/my_servo_controller:/opt/ros/jazzy DEBUGINFOD_URLS=https://debuginfod.ubuntu.com VIRTUAL_ENV_PROMPT=(yolo_env) /usr/bin/cmake --install /home/rasp/humanoid_ros2/robot_ws/build/ros_gz_h1_description
[2.078s] Level 1:colcon.colcon_core.environment:create_environment_scripts_only(ros_gz_h1_description)
[2.081s] Level 1:colcon.colcon_core.environment:checking '/home/rasp/humanoid_ros2/robot_ws/install/ros_gz_h1_description' for CMake module files
[2.081s] DEBUG:colcon.colcon_core.event_handler.log_command:Invoked command in '/home/rasp/humanoid_ros2/robot_ws/build/ros_gz_h1_description' returned '0': CMAKE_PREFIX_PATH=${CMAKE_PREFIX_PATH}:/home/rasp/humanoid_ros2/robot_ws/install/my_servo_controller:/opt/ros/jazzy DEBUGINFOD_URLS=https://debuginfod.ubuntu.com VIRTUAL_ENV_PROMPT=(yolo_env) /usr/bin/cmake --install /home/rasp/humanoid_ros2/robot_ws/build/ros_gz_h1_description
[2.082s] Level 1:colcon.colcon_core.environment:checking '/home/rasp/humanoid_ros2/robot_ws/install/ros_gz_h1_description' for CMake config files
[2.082s] Level 1:colcon.colcon_core.shell:create_environment_hook('ros_gz_h1_description', 'cmake_prefix_path')
[2.083s] INFO:colcon.colcon_core.shell:Creating environment hook '/home/rasp/humanoid_ros2/robot_ws/install/ros_gz_h1_description/share/ros_gz_h1_description/hook/cmake_prefix_path.ps1'
[2.083s] INFO:colcon.colcon_core.shell:Creating environment descriptor '/home/rasp/humanoid_ros2/robot_ws/install/ros_gz_h1_description/share/ros_gz_h1_description/hook/cmake_prefix_path.dsv'
[2.084s] INFO:colcon.colcon_core.shell:Creating environment hook '/home/rasp/humanoid_ros2/robot_ws/install/ros_gz_h1_description/share/ros_gz_h1_description/hook/cmake_prefix_path.sh'
[2.085s] Level 1:colcon.colcon_core.environment:checking '/home/rasp/humanoid_ros2/robot_ws/install/ros_gz_h1_description/bin'
[2.085s] Level 1:colcon.colcon_core.environment:checking '/home/rasp/humanoid_ros2/robot_ws/install/ros_gz_h1_description/lib/pkgconfig/ros_gz_h1_description.pc'
[2.085s] Level 1:colcon.colcon_core.environment:checking '/home/rasp/humanoid_ros2/robot_ws/install/ros_gz_h1_description/lib/python3.12/site-packages'
[2.086s] Level 1:colcon.colcon_core.environment:checking '/home/rasp/humanoid_ros2/robot_ws/install/ros_gz_h1_description/bin'
[2.086s] INFO:colcon.colcon_core.shell:Creating package script '/home/rasp/humanoid_ros2/robot_ws/install/ros_gz_h1_description/share/ros_gz_h1_description/package.ps1'
[2.087s] INFO:colcon.colcon_core.shell:Creating package descriptor '/home/rasp/humanoid_ros2/robot_ws/install/ros_gz_h1_description/share/ros_gz_h1_description/package.dsv'
[2.090s] INFO:colcon.colcon_core.shell:Creating package script '/home/rasp/humanoid_ros2/robot_ws/install/ros_gz_h1_description/share/ros_gz_h1_description/package.sh'
[2.091s] INFO:colcon.colcon_core.shell:Creating package script '/home/rasp/humanoid_ros2/robot_ws/install/ros_gz_h1_description/share/ros_gz_h1_description/package.bash'
[2.092s] INFO:colcon.colcon_core.shell:Creating package script '/home/rasp/humanoid_ros2/robot_ws/install/ros_gz_h1_description/share/ros_gz_h1_description/package.zsh'
[2.093s] Level 1:colcon.colcon_core.environment:create_file_with_runtime_dependencies(/home/rasp/humanoid_ros2/robot_ws/install/ros_gz_h1_description/share/colcon-core/packages/ros_gz_h1_description)
[2.094s] Level 1:colcon.colcon_core.environment:create_environment_scripts_only(ros_gz_h1_description)
[2.094s] Level 1:colcon.colcon_core.environment:checking '/home/rasp/humanoid_ros2/robot_ws/install/ros_gz_h1_description' for CMake module files
[2.094s] Level 1:colcon.colcon_core.environment:checking '/home/rasp/humanoid_ros2/robot_ws/install/ros_gz_h1_description' for CMake config files
[2.095s] Level 1:colcon.colcon_core.shell:create_environment_hook('ros_gz_h1_description', 'cmake_prefix_path')
[2.095s] INFO:colcon.colcon_core.shell:Creating environment hook '/home/rasp/humanoid_ros2/robot_ws/install/ros_gz_h1_description/share/ros_gz_h1_description/hook/cmake_prefix_path.ps1'
[2.095s] INFO:colcon.colcon_core.shell:Creating environment descriptor '/home/rasp/humanoid_ros2/robot_ws/install/ros_gz_h1_description/share/ros_gz_h1_description/hook/cmake_prefix_path.dsv'
[2.096s] INFO:colcon.colcon_core.shell:Creating environment hook '/home/rasp/humanoid_ros2/robot_ws/install/ros_gz_h1_description/share/ros_gz_h1_description/hook/cmake_prefix_path.sh'
[2.098s] Level 1:colcon.colcon_core.environment:checking '/home/rasp/humanoid_ros2/robot_ws/install/ros_gz_h1_description/bin'
[2.098s] Level 1:colcon.colcon_core.environment:checking '/home/rasp/humanoid_ros2/robot_ws/install/ros_gz_h1_description/lib/pkgconfig/ros_gz_h1_description.pc'
[2.098s] Level 1:colcon.colcon_core.environment:checking '/home/rasp/humanoid_ros2/robot_ws/install/ros_gz_h1_description/lib/python3.12/site-packages'
[2.099s] Level 1:colcon.colcon_core.environment:checking '/home/rasp/humanoid_ros2/robot_ws/install/ros_gz_h1_description/bin'
[2.099s] INFO:colcon.colcon_core.shell:Creating package script '/home/rasp/humanoid_ros2/robot_ws/install/ros_gz_h1_description/share/ros_gz_h1_description/package.ps1'
[2.100s] INFO:colcon.colcon_core.shell:Creating package descriptor '/home/rasp/humanoid_ros2/robot_ws/install/ros_gz_h1_description/share/ros_gz_h1_description/package.dsv'
[2.101s] INFO:colcon.colcon_core.shell:Creating package script '/home/rasp/humanoid_ros2/robot_ws/install/ros_gz_h1_description/share/ros_gz_h1_description/package.sh'
[2.102s] INFO:colcon.colcon_core.shell:Creating package script '/home/rasp/humanoid_ros2/robot_ws/install/ros_gz_h1_description/share/ros_gz_h1_description/package.bash'
[2.103s] INFO:colcon.colcon_core.shell:Creating package script '/home/rasp/humanoid_ros2/robot_ws/install/ros_gz_h1_description/share/ros_gz_h1_description/package.zsh'
[2.104s] Level 1:colcon.colcon_core.environment:create_file_with_runtime_dependencies(/home/rasp/humanoid_ros2/robot_ws/install/ros_gz_h1_description/share/colcon-core/packages/ros_gz_h1_description)
[2.104s] INFO:colcon.colcon_ros.task.ament_cmake.build:Building ROS package in '/home/rasp/humanoid_ros2/robot_ws/src/ros2_heinz_me/h1_gazebo_sim/ros_gz_h1_gazebo' with build type 'ament_cmake'
[2.104s] INFO:colcon.colcon_cmake.task.cmake.build:Building CMake package in '/home/rasp/humanoid_ros2/robot_ws/src/ros2_heinz_me/h1_gazebo_sim/ros_gz_h1_gazebo'
[2.105s] INFO:colcon.colcon_core.shell:Skip shell extension 'powershell' for command environment: Not usable outside of PowerShell
[2.105s] DEBUG:colcon.colcon_core.shell:Skip shell extension 'dsv' for command environment
[2.117s] DEBUG:colcon.colcon_core.event_handler.log_command:Invoking command in '/home/rasp/humanoid_ros2/robot_ws/build/ros_gz_h1_gazebo': CMAKE_PREFIX_PATH=/home/rasp/humanoid_ros2/robot_ws/install/ros_gz_h1_description:/home/rasp/humanoid_ros2/robot_ws/install/servo_interfaces:/home/rasp/humanoid_ros2/robot_ws/install/ros_gz_h1_bringup:/home/rasp/humanoid_ros2/robot_ws/install/ros_gz_h1_gazebo:/opt/ros/jazzy/opt/gz_sim_vendor:/opt/ros/jazzy/opt/gz_sensors_vendor:/opt/ros/jazzy/opt/gz_physics_vendor:/opt/ros/jazzy/opt/sdformat_vendor:/opt/ros/jazzy/opt/gz_gui_vendor:/opt/ros/jazzy/opt/gz_transport_vendor:/opt/ros/jazzy/opt/gz_rendering_vendor:/opt/ros/jazzy/opt/gz_plugin_vendor:/opt/ros/jazzy/opt/gz_fuel_tools_vendor:/opt/ros/jazzy/opt/gz_msgs_vendor:/opt/ros/jazzy/opt/gz_common_vendor:/opt/ros/jazzy/opt/gz_math_vendor:/opt/ros/jazzy/opt/gz_utils_vendor:/opt/ros/jazzy/opt/gz_tools_vendor:/opt/ros/jazzy/opt/gz_ogre_next_vendor:/opt/ros/jazzy/opt/gz_dartsim_vendor:/opt/ros/jazzy/opt/gz_cmake_vendor:/home/rasp/humanoid_ros2/robot_ws/install/my_servo_controller:/opt/ros/jazzy DEBUGINFOD_URLS=https://debuginfod.ubuntu.com GZ_SIM_RESOURCE_PATH=/home/rasp/humanoid_ros2/robot_ws/install/ros_gz_h1_description/share/ros_gz_h1_description/models:${GZ_SIM_RESOURCE_PATH} VIRTUAL_ENV_PROMPT=(yolo_env) /usr/bin/cmake /home/rasp/humanoid_ros2/robot_ws/src/ros2_heinz_me/h1_gazebo_sim/ros_gz_h1_gazebo -DCMAKE_INSTALL_PREFIX=/home/rasp/humanoid_ros2/robot_ws/install/ros_gz_h1_gazebo
[5.211s] DEBUG:colcon.colcon_core.event_handler.log_command:Invoked command in '/home/rasp/humanoid_ros2/robot_ws/build/servo_interfaces' returned '0': CMAKE_PREFIX_PATH=${CMAKE_PREFIX_PATH}:/home/rasp/humanoid_ros2/robot_ws/install/my_servo_controller:/opt/ros/jazzy DEBUGINFOD_URLS=https://debuginfod.ubuntu.com VIRTUAL_ENV_PROMPT=(yolo_env) /usr/bin/cmake /home/rasp/humanoid_ros2/robot_ws/src/servo_interfaces -DCMAKE_INSTALL_PREFIX=/home/rasp/humanoid_ros2/robot_ws/install/servo_interfaces
[5.213s] DEBUG:colcon.colcon_core.event_handler.log_command:Invoking command in '/home/rasp/humanoid_ros2/robot_ws/build/servo_interfaces': CMAKE_PREFIX_PATH=${CMAKE_PREFIX_PATH}:/home/rasp/humanoid_ros2/robot_ws/install/my_servo_controller:/opt/ros/jazzy DEBUGINFOD_URLS=https://debuginfod.ubuntu.com VIRTUAL_ENV_PROMPT=(yolo_env) /usr/bin/cmake --build /home/rasp/humanoid_ros2/robot_ws/build/servo_interfaces -- -j4 -l4
[6.227s] DEBUG:colcon.colcon_core.event_handler.log_command:Invoked command in '/home/rasp/humanoid_ros2/robot_ws/build/ros_gz_h1_gazebo' returned '0': CMAKE_PREFIX_PATH=/home/rasp/humanoid_ros2/robot_ws/install/ros_gz_h1_description:/home/rasp/humanoid_ros2/robot_ws/install/servo_interfaces:/home/rasp/humanoid_ros2/robot_ws/install/ros_gz_h1_bringup:/home/rasp/humanoid_ros2/robot_ws/install/ros_gz_h1_gazebo:/opt/ros/jazzy/opt/gz_sim_vendor:/opt/ros/jazzy/opt/gz_sensors_vendor:/opt/ros/jazzy/opt/gz_physics_vendor:/opt/ros/jazzy/opt/sdformat_vendor:/opt/ros/jazzy/opt/gz_gui_vendor:/opt/ros/jazzy/opt/gz_transport_vendor:/opt/ros/jazzy/opt/gz_rendering_vendor:/opt/ros/jazzy/opt/gz_plugin_vendor:/opt/ros/jazzy/opt/gz_fuel_tools_vendor:/opt/ros/jazzy/opt/gz_msgs_vendor:/opt/ros/jazzy/opt/gz_common_vendor:/opt/ros/jazzy/opt/gz_math_vendor:/opt/ros/jazzy/opt/gz_utils_vendor:/opt/ros/jazzy/opt/gz_tools_vendor:/opt/ros/jazzy/opt/gz_ogre_next_vendor:/opt/ros/jazzy/opt/gz_dartsim_vendor:/opt/ros/jazzy/opt/gz_cmake_vendor:/home/rasp/humanoid_ros2/robot_ws/install/my_servo_controller:/opt/ros/jazzy DEBUGINFOD_URLS=https://debuginfod.ubuntu.com GZ_SIM_RESOURCE_PATH=/home/rasp/humanoid_ros2/robot_ws/install/ros_gz_h1_description/share/ros_gz_h1_description/models:${GZ_SIM_RESOURCE_PATH} VIRTUAL_ENV_PROMPT=(yolo_env) /usr/bin/cmake /home/rasp/humanoid_ros2/robot_ws/src/ros2_heinz_me/h1_gazebo_sim/ros_gz_h1_gazebo -DCMAKE_INSTALL_PREFIX=/home/rasp/humanoid_ros2/robot_ws/install/ros_gz_h1_gazebo
[6.231s] DEBUG:colcon.colcon_core.event_handler.log_command:Invoking command in '/home/rasp/humanoid_ros2/robot_ws/build/ros_gz_h1_gazebo': CMAKE_PREFIX_PATH=/home/rasp/humanoid_ros2/robot_ws/install/ros_gz_h1_description:/home/rasp/humanoid_ros2/robot_ws/install/servo_interfaces:/home/rasp/humanoid_ros2/robot_ws/install/ros_gz_h1_bringup:/home/rasp/humanoid_ros2/robot_ws/install/ros_gz_h1_gazebo:/opt/ros/jazzy/opt/gz_sim_vendor:/opt/ros/jazzy/opt/gz_sensors_vendor:/opt/ros/jazzy/opt/gz_physics_vendor:/opt/ros/jazzy/opt/sdformat_vendor:/opt/ros/jazzy/opt/gz_gui_vendor:/opt/ros/jazzy/opt/gz_transport_vendor:/opt/ros/jazzy/opt/gz_rendering_vendor:/opt/ros/jazzy/opt/gz_plugin_vendor:/opt/ros/jazzy/opt/gz_fuel_tools_vendor:/opt/ros/jazzy/opt/gz_msgs_vendor:/opt/ros/jazzy/opt/gz_common_vendor:/opt/ros/jazzy/opt/gz_math_vendor:/opt/ros/jazzy/opt/gz_utils_vendor:/opt/ros/jazzy/opt/gz_tools_vendor:/opt/ros/jazzy/opt/gz_ogre_next_vendor:/opt/ros/jazzy/opt/gz_dartsim_vendor:/opt/ros/jazzy/opt/gz_cmake_vendor:/home/rasp/humanoid_ros2/robot_ws/install/my_servo_controller:/opt/ros/jazzy DEBUGINFOD_URLS=https://debuginfod.ubuntu.com GZ_SIM_RESOURCE_PATH=/home/rasp/humanoid_ros2/robot_ws/install/ros_gz_h1_description/share/ros_gz_h1_description/models:${GZ_SIM_RESOURCE_PATH} VIRTUAL_ENV_PROMPT=(yolo_env) /usr/bin/cmake --build /home/rasp/humanoid_ros2/robot_ws/build/ros_gz_h1_gazebo -- -j4 -l4
[6.282s] Level 1:colcon.colcon_core.environment:create_environment_scripts_only(servo_interfaces)
[6.282s] Level 1:colcon.colcon_core.environment:checking '/home/rasp/humanoid_ros2/robot_ws/install/servo_interfaces' for CMake module files
[6.283s] DEBUG:colcon.colcon_core.event_handler.log_command:Invoked command in '/home/rasp/humanoid_ros2/robot_ws/build/servo_interfaces' returned '2': CMAKE_PREFIX_PATH=${CMAKE_PREFIX_PATH}:/home/rasp/humanoid_ros2/robot_ws/install/my_servo_controller:/opt/ros/jazzy DEBUGINFOD_URLS=https://debuginfod.ubuntu.com VIRTUAL_ENV_PROMPT=(yolo_env) /usr/bin/cmake --build /home/rasp/humanoid_ros2/robot_ws/build/servo_interfaces -- -j4 -l4
[6.284s] Level 1:colcon.colcon_core.environment:checking '/home/rasp/humanoid_ros2/robot_ws/install/servo_interfaces' for CMake config files
[6.284s] Level 1:colcon.colcon_core.environment:checking '/home/rasp/humanoid_ros2/robot_ws/install/servo_interfaces/bin'
[6.284s] Level 1:colcon.colcon_core.environment:checking '/home/rasp/humanoid_ros2/robot_ws/install/servo_interfaces/lib/pkgconfig/servo_interfaces.pc'
[6.285s] Level 1:colcon.colcon_core.environment:checking '/home/rasp/humanoid_ros2/robot_ws/install/servo_interfaces/lib/python3.12/site-packages'
[6.286s] Level 1:colcon.colcon_core.environment:checking '/home/rasp/humanoid_ros2/robot_ws/install/servo_interfaces/bin'
[6.286s] INFO:colcon.colcon_core.shell:Creating package script '/home/rasp/humanoid_ros2/robot_ws/install/servo_interfaces/share/servo_interfaces/package.ps1'
[6.288s] INFO:colcon.colcon_core.shell:Creating package descriptor '/home/rasp/humanoid_ros2/robot_ws/install/servo_interfaces/share/servo_interfaces/package.dsv'
[6.289s] INFO:colcon.colcon_core.shell:Creating package script '/home/rasp/humanoid_ros2/robot_ws/install/servo_interfaces/share/servo_interfaces/package.sh'
[6.290s] INFO:colcon.colcon_core.shell:Creating package script '/home/rasp/humanoid_ros2/robot_ws/install/servo_interfaces/share/servo_interfaces/package.bash'
[6.290s] INFO:colcon.colcon_core.shell:Creating package script '/home/rasp/humanoid_ros2/robot_ws/install/servo_interfaces/share/servo_interfaces/package.zsh'
[6.291s] Level 1:colcon.colcon_core.environment:create_file_with_runtime_dependencies(/home/rasp/humanoid_ros2/robot_ws/install/servo_interfaces/share/colcon-core/packages/servo_interfaces)
[6.325s] DEBUG:colcon.colcon_parallel_executor.executor.parallel:closing loop
[6.325s] DEBUG:colcon.colcon_parallel_executor.executor.parallel:loop closed
[6.325s] DEBUG:colcon.colcon_parallel_executor.executor.parallel:run_until_complete finished with '2'
[6.326s] DEBUG:colcon.colcon_core.event_reactor:joining thread
[6.327s] DEBUG:colcon.colcon_core.event_reactor:joined thread
[6.327s] INFO:colcon.colcon_core.shell:Creating prefix script '/home/rasp/humanoid_ros2/robot_ws/install/local_setup.ps1'
[6.328s] INFO:colcon.colcon_core.shell:Creating prefix util module '/home/rasp/humanoid_ros2/robot_ws/install/_local_setup_util_ps1.py'
[6.330s] INFO:colcon.colcon_core.shell:Creating prefix chain script '/home/rasp/humanoid_ros2/robot_ws/install/setup.ps1'
[6.333s] INFO:colcon.colcon_core.shell:Creating prefix script '/home/rasp/humanoid_ros2/robot_ws/install/local_setup.sh'
[6.333s] INFO:colcon.colcon_core.shell:Creating prefix util module '/home/rasp/humanoid_ros2/robot_ws/install/_local_setup_util_sh.py'
[6.335s] INFO:colcon.colcon_core.shell:Creating prefix chain script '/home/rasp/humanoid_ros2/robot_ws/install/setup.sh'
[6.336s] INFO:colcon.colcon_core.shell:Creating prefix script '/home/rasp/humanoid_ros2/robot_ws/install/local_setup.bash'
[6.337s] INFO:colcon.colcon_core.shell:Creating prefix chain script '/home/rasp/humanoid_ros2/robot_ws/install/setup.bash'
[6.339s] INFO:colcon.colcon_core.shell:Creating prefix script '/home/rasp/humanoid_ros2/robot_ws/install/local_setup.zsh'
[6.340s] INFO:colcon.colcon_core.shell:Creating prefix chain script '/home/rasp/humanoid_ros2/robot_ws/install/setup.zsh'
