[0.025s] Invoking command in '/home/rasp/humanoid_ros2/robot_ws/build/ros_gz_h1_gazebo': AMENT_PREFIX_PATH=/home/rasp/humanoid_ros2/robot_ws/install/ros_gz_h1_description:${AMENT_PREFIX_PATH} CMAKE_PREFIX_PATH=/home/rasp/humanoid_ros2/robot_ws/install/ros_gz_h1_description:/opt/ros/jazzy/opt/gz_sim_vendor:/opt/ros/jazzy/opt/gz_sensors_vendor:/opt/ros/jazzy/opt/gz_physics_vendor:/opt/ros/jazzy/opt/sdformat_vendor:/opt/ros/jazzy/opt/gz_gui_vendor:/opt/ros/jazzy/opt/gz_transport_vendor:/opt/ros/jazzy/opt/gz_rendering_vendor:/opt/ros/jazzy/opt/gz_plugin_vendor:/opt/ros/jazzy/opt/gz_fuel_tools_vendor:/opt/ros/jazzy/opt/gz_msgs_vendor:/opt/ros/jazzy/opt/gz_common_vendor:/opt/ros/jazzy/opt/gz_math_vendor:/opt/ros/jazzy/opt/gz_utils_vendor:/opt/ros/jazzy/opt/gz_tools_vendor:/opt/ros/jazzy/opt/gz_ogre_next_vendor:/opt/ros/jazzy/opt/gz_dartsim_vendor:/opt/ros/jazzy/opt/gz_cmake_vendor:/opt/ros/jazzy DEBUGINFOD_URLS=https://debuginfod.ubuntu.com GZ_SIM_RESOURCE_PATH=/home/rasp/humanoid_ros2/robot_ws/install/ros_gz_h1_description/share/ros_gz_h1_description/models:${GZ_SIM_RESOURCE_PATH} /usr/bin/cmake --build /home/rasp/humanoid_ros2/robot_ws/build/ros_gz_h1_gazebo -- -j4 -l4
[0.169s] Invoked command in '/home/rasp/humanoid_ros2/robot_ws/build/ros_gz_h1_gazebo' returned '0': AMENT_PREFIX_PATH=/home/rasp/humanoid_ros2/robot_ws/install/ros_gz_h1_description:${AMENT_PREFIX_PATH} CMAKE_PREFIX_PATH=/home/rasp/humanoid_ros2/robot_ws/install/ros_gz_h1_description:/opt/ros/jazzy/opt/gz_sim_vendor:/opt/ros/jazzy/opt/gz_sensors_vendor:/opt/ros/jazzy/opt/gz_physics_vendor:/opt/ros/jazzy/opt/sdformat_vendor:/opt/ros/jazzy/opt/gz_gui_vendor:/opt/ros/jazzy/opt/gz_transport_vendor:/opt/ros/jazzy/opt/gz_rendering_vendor:/opt/ros/jazzy/opt/gz_plugin_vendor:/opt/ros/jazzy/opt/gz_fuel_tools_vendor:/opt/ros/jazzy/opt/gz_msgs_vendor:/opt/ros/jazzy/opt/gz_common_vendor:/opt/ros/jazzy/opt/gz_math_vendor:/opt/ros/jazzy/opt/gz_utils_vendor:/opt/ros/jazzy/opt/gz_tools_vendor:/opt/ros/jazzy/opt/gz_ogre_next_vendor:/opt/ros/jazzy/opt/gz_dartsim_vendor:/opt/ros/jazzy/opt/gz_cmake_vendor:/opt/ros/jazzy DEBUGINFOD_URLS=https://debuginfod.ubuntu.com GZ_SIM_RESOURCE_PATH=/home/rasp/humanoid_ros2/robot_ws/install/ros_gz_h1_description/share/ros_gz_h1_description/models:${GZ_SIM_RESOURCE_PATH} /usr/bin/cmake --build /home/rasp/humanoid_ros2/robot_ws/build/ros_gz_h1_gazebo -- -j4 -l4
[0.173s] Invoking command in '/home/rasp/humanoid_ros2/robot_ws/build/ros_gz_h1_gazebo': AMENT_PREFIX_PATH=/home/rasp/humanoid_ros2/robot_ws/install/ros_gz_h1_description:${AMENT_PREFIX_PATH} CMAKE_PREFIX_PATH=/home/rasp/humanoid_ros2/robot_ws/install/ros_gz_h1_description:/opt/ros/jazzy/opt/gz_sim_vendor:/opt/ros/jazzy/opt/gz_sensors_vendor:/opt/ros/jazzy/opt/gz_physics_vendor:/opt/ros/jazzy/opt/sdformat_vendor:/opt/ros/jazzy/opt/gz_gui_vendor:/opt/ros/jazzy/opt/gz_transport_vendor:/opt/ros/jazzy/opt/gz_rendering_vendor:/opt/ros/jazzy/opt/gz_plugin_vendor:/opt/ros/jazzy/opt/gz_fuel_tools_vendor:/opt/ros/jazzy/opt/gz_msgs_vendor:/opt/ros/jazzy/opt/gz_common_vendor:/opt/ros/jazzy/opt/gz_math_vendor:/opt/ros/jazzy/opt/gz_utils_vendor:/opt/ros/jazzy/opt/gz_tools_vendor:/opt/ros/jazzy/opt/gz_ogre_next_vendor:/opt/ros/jazzy/opt/gz_dartsim_vendor:/opt/ros/jazzy/opt/gz_cmake_vendor:/opt/ros/jazzy DEBUGINFOD_URLS=https://debuginfod.ubuntu.com GZ_SIM_RESOURCE_PATH=/home/rasp/humanoid_ros2/robot_ws/install/ros_gz_h1_description/share/ros_gz_h1_description/models:${GZ_SIM_RESOURCE_PATH} /usr/bin/cmake --install /home/rasp/humanoid_ros2/robot_ws/build/ros_gz_h1_gazebo
[0.191s] -- Install configuration: ""
[0.191s] -- Up-to-date: /home/rasp/humanoid_ros2/robot_ws/install/ros_gz_h1_gazebo/share/ros_gz_h1_gazebo/worlds
[0.192s] -- Up-to-date: /home/rasp/humanoid_ros2/robot_ws/install/ros_gz_h1_gazebo/share/ros_gz_h1_gazebo/worlds/empty_h1.sdf
[0.192s] -- Up-to-date: /home/rasp/humanoid_ros2/robot_ws/install/ros_gz_h1_gazebo/share/ros_gz_h1_gazebo/worlds/empty_h1_torque_ctrl.sdf
[0.192s] -- Up-to-date: /home/rasp/humanoid_ros2/robot_ws/install/ros_gz_h1_gazebo/share/ros_gz_h1_gazebo/environment/ros_gz_h1_gazebo.dsv
[0.192s] -- Up-to-date: /home/rasp/humanoid_ros2/robot_ws/install/ros_gz_h1_gazebo/share/ros_gz_h1_gazebo/environment/ros_gz_h1_gazebo.sh
[0.192s] -- Up-to-date: /home/rasp/humanoid_ros2/robot_ws/install/ros_gz_h1_gazebo/share/ament_index/resource_index/package_run_dependencies/ros_gz_h1_gazebo
[0.192s] -- Up-to-date: /home/rasp/humanoid_ros2/robot_ws/install/ros_gz_h1_gazebo/share/ament_index/resource_index/parent_prefix_path/ros_gz_h1_gazebo
[0.192s] -- Up-to-date: /home/rasp/humanoid_ros2/robot_ws/install/ros_gz_h1_gazebo/share/ros_gz_h1_gazebo/environment/ament_prefix_path.sh
[0.195s] -- Up-to-date: /home/rasp/humanoid_ros2/robot_ws/install/ros_gz_h1_gazebo/share/ros_gz_h1_gazebo/environment/ament_prefix_path.dsv
[0.196s] -- Up-to-date: /home/rasp/humanoid_ros2/robot_ws/install/ros_gz_h1_gazebo/share/ros_gz_h1_gazebo/environment/path.sh
[0.196s] -- Up-to-date: /home/rasp/humanoid_ros2/robot_ws/install/ros_gz_h1_gazebo/share/ros_gz_h1_gazebo/environment/path.dsv
[0.196s] -- Up-to-date: /home/rasp/humanoid_ros2/robot_ws/install/ros_gz_h1_gazebo/share/ros_gz_h1_gazebo/local_setup.bash
[0.196s] -- Up-to-date: /home/rasp/humanoid_ros2/robot_ws/install/ros_gz_h1_gazebo/share/ros_gz_h1_gazebo/local_setup.sh
[0.196s] -- Up-to-date: /home/rasp/humanoid_ros2/robot_ws/install/ros_gz_h1_gazebo/share/ros_gz_h1_gazebo/local_setup.zsh
[0.196s] -- Up-to-date: /home/rasp/humanoid_ros2/robot_ws/install/ros_gz_h1_gazebo/share/ros_gz_h1_gazebo/local_setup.dsv
[0.196s] -- Installing: /home/rasp/humanoid_ros2/robot_ws/install/ros_gz_h1_gazebo/share/ros_gz_h1_gazebo/package.dsv
[0.198s] -- Up-to-date: /home/rasp/humanoid_ros2/robot_ws/install/ros_gz_h1_gazebo/share/ament_index/resource_index/packages/ros_gz_h1_gazebo
[0.198s] -- Up-to-date: /home/rasp/humanoid_ros2/robot_ws/install/ros_gz_h1_gazebo/share/ros_gz_h1_gazebo/cmake/ros_gz_h1_gazeboConfig.cmake
[0.198s] -- Up-to-date: /home/rasp/humanoid_ros2/robot_ws/install/ros_gz_h1_gazebo/share/ros_gz_h1_gazebo/cmake/ros_gz_h1_gazeboConfig-version.cmake
[0.198s] -- Up-to-date: /home/rasp/humanoid_ros2/robot_ws/install/ros_gz_h1_gazebo/share/ros_gz_h1_gazebo/package.xml
[0.200s] Invoked command in '/home/rasp/humanoid_ros2/robot_ws/build/ros_gz_h1_gazebo' returned '0': AMENT_PREFIX_PATH=/home/rasp/humanoid_ros2/robot_ws/install/ros_gz_h1_description:${AMENT_PREFIX_PATH} CMAKE_PREFIX_PATH=/home/rasp/humanoid_ros2/robot_ws/install/ros_gz_h1_description:/opt/ros/jazzy/opt/gz_sim_vendor:/opt/ros/jazzy/opt/gz_sensors_vendor:/opt/ros/jazzy/opt/gz_physics_vendor:/opt/ros/jazzy/opt/sdformat_vendor:/opt/ros/jazzy/opt/gz_gui_vendor:/opt/ros/jazzy/opt/gz_transport_vendor:/opt/ros/jazzy/opt/gz_rendering_vendor:/opt/ros/jazzy/opt/gz_plugin_vendor:/opt/ros/jazzy/opt/gz_fuel_tools_vendor:/opt/ros/jazzy/opt/gz_msgs_vendor:/opt/ros/jazzy/opt/gz_common_vendor:/opt/ros/jazzy/opt/gz_math_vendor:/opt/ros/jazzy/opt/gz_utils_vendor:/opt/ros/jazzy/opt/gz_tools_vendor:/opt/ros/jazzy/opt/gz_ogre_next_vendor:/opt/ros/jazzy/opt/gz_dartsim_vendor:/opt/ros/jazzy/opt/gz_cmake_vendor:/opt/ros/jazzy DEBUGINFOD_URLS=https://debuginfod.ubuntu.com GZ_SIM_RESOURCE_PATH=/home/rasp/humanoid_ros2/robot_ws/install/ros_gz_h1_description/share/ros_gz_h1_description/models:${GZ_SIM_RESOURCE_PATH} /usr/bin/cmake --install /home/rasp/humanoid_ros2/robot_ws/build/ros_gz_h1_gazebo
