[0.036s] Invoking command in '/home/rasp/robot_ws/build/ros2_pca9685': CMAKE_PREFIX_PATH=${CMAKE_PREFIX_PATH}:/home/rasp/robot_ws/install/my_servo_controller:/opt/ros/jazzy DEBUGINFOD_URLS=https://debuginfod.ubuntu.com /usr/bin/cmake --build /home/rasp/robot_ws/build/ros2_pca9685 -- -j4 -l4
[0.177s] [  2%] Built target ros2_pca9685__rosidl_generator_type_description
[0.209s] [  2%] Built target ament_cmake_python_symlink_ros2_pca9685
[0.264s] [  5%] Built target ros2_pca9685__cpp
[0.285s] [ 18%] Built target ros2_pca9685__rosidl_generator_c
[0.430s] [ 26%] Built target ros2_pca9685__rosidl_typesupport_c
[0.430s] [ 34%] Built target ros2_pca9685__rosidl_typesupport_fastrtps_cpp
[0.468s] [ 42%] Built target ros2_pca9685__rosidl_typesupport_introspection_c
[0.541s] [ 50%] Built target ros2_pca9685__rosidl_typesupport_cpp
[0.542s] [ 57%] Built target ros2_pca9685__rosidl_typesupport_introspection_cpp
[0.573s] [ 65%] Built target ros2_pca9685__rosidl_typesupport_fastrtps_c
[0.645s] [ 65%] Built target ros2_pca9685
[0.671s] [ 76%] Built target ros2_pca9685_node
[0.728s] [ 78%] Built target ros2_pca9685__py
[0.786s] [ 84%] Built target ros2_pca9685__rosidl_generator_py
[0.885s] [ 89%] Built target ros2_pca9685_s__rosidl_typesupport_introspection_c
[0.889s] [ 94%] Built target ros2_pca9685_s__rosidl_typesupport_fastrtps_c
[0.899s] [100%] Built target ros2_pca9685_s__rosidl_typesupport_c
[0.923s] running egg_info
[0.956s] writing ros2_pca9685.egg-info/PKG-INFO
[0.956s] writing dependency_links to ros2_pca9685.egg-info/dependency_links.txt
[0.957s] writing top-level names to ros2_pca9685.egg-info/top_level.txt
[1.055s] reading manifest file 'ros2_pca9685.egg-info/SOURCES.txt'
[1.056s] writing manifest file 'ros2_pca9685.egg-info/SOURCES.txt'
[1.161s] [100%] Built target ament_cmake_python_build_ros2_pca9685_egg
[1.186s] Invoked command in '/home/rasp/robot_ws/build/ros2_pca9685' returned '0': CMAKE_PREFIX_PATH=${CMAKE_PREFIX_PATH}:/home/rasp/robot_ws/install/my_servo_controller:/opt/ros/jazzy DEBUGINFOD_URLS=https://debuginfod.ubuntu.com /usr/bin/cmake --build /home/rasp/robot_ws/build/ros2_pca9685 -- -j4 -l4
[1.188s] Invoking command in '/home/rasp/robot_ws/build/ros2_pca9685': CMAKE_PREFIX_PATH=${CMAKE_PREFIX_PATH}:/home/rasp/robot_ws/install/my_servo_controller:/opt/ros/jazzy DEBUGINFOD_URLS=https://debuginfod.ubuntu.com /usr/bin/cmake --install /home/rasp/robot_ws/build/ros2_pca9685
[1.210s] -- Install configuration: ""
[1.210s] -- Execute custom install script
[1.210s] -- Up-to-date symlink: /home/rasp/robot_ws/install/ros2_pca9685/share/ament_index/resource_index/rosidl_interfaces/ros2_pca9685
[1.211s] -- Up-to-date symlink: /home/rasp/robot_ws/install/ros2_pca9685/share/ros2_pca9685/srv/SetPwm.json
[1.211s] -- Up-to-date symlink: /home/rasp/robot_ws/install/ros2_pca9685/include/ros2_pca9685/ros2_pca9685/msg/rosidl_generator_c__visibility_control.h
[1.211s] -- Up-to-date symlink: /home/rasp/robot_ws/install/ros2_pca9685/include/ros2_pca9685/ros2_pca9685/srv/detail/set_pwm__functions.h
[1.211s] -- Up-to-date symlink: /home/rasp/robot_ws/install/ros2_pca9685/include/ros2_pca9685/ros2_pca9685/srv/detail/set_pwm__struct.h
[1.211s] -- Up-to-date symlink: /home/rasp/robot_ws/install/ros2_pca9685/include/ros2_pca9685/ros2_pca9685/srv/detail/set_pwm__type_support.h
[1.211s] -- Up-to-date symlink: /home/rasp/robot_ws/install/ros2_pca9685/include/ros2_pca9685/ros2_pca9685/srv/set_pwm.h
[1.211s] -- Up-to-date symlink: /home/rasp/robot_ws/install/ros2_pca9685/share/ros2_pca9685/environment/library_path.sh
[1.211s] -- Up-to-date symlink: /home/rasp/robot_ws/install/ros2_pca9685/share/ros2_pca9685/environment/library_path.dsv
[1.211s] -- Up-to-date symlink: /home/rasp/robot_ws/install/ros2_pca9685/include/ros2_pca9685/ros2_pca9685/msg/rosidl_typesupport_fastrtps_c__visibility_control.h
[1.211s] -- Up-to-date symlink: /home/rasp/robot_ws/install/ros2_pca9685/include/ros2_pca9685/ros2_pca9685/srv/detail/set_pwm__rosidl_typesupport_fastrtps_c.h
[1.212s] -- Up-to-date symlink: /home/rasp/robot_ws/install/ros2_pca9685/include/ros2_pca9685/ros2_pca9685/msg/rosidl_generator_cpp__visibility_control.hpp
[1.212s] -- Up-to-date symlink: /home/rasp/robot_ws/install/ros2_pca9685/include/ros2_pca9685/ros2_pca9685/srv/detail/set_pwm__builder.hpp
[1.212s] -- Up-to-date symlink: /home/rasp/robot_ws/install/ros2_pca9685/include/ros2_pca9685/ros2_pca9685/srv/detail/set_pwm__struct.hpp
[1.212s] -- Up-to-date symlink: /home/rasp/robot_ws/install/ros2_pca9685/include/ros2_pca9685/ros2_pca9685/srv/detail/set_pwm__traits.hpp
[1.212s] -- Up-to-date symlink: /home/rasp/robot_ws/install/ros2_pca9685/include/ros2_pca9685/ros2_pca9685/srv/detail/set_pwm__type_support.hpp
[1.212s] -- Up-to-date symlink: /home/rasp/robot_ws/install/ros2_pca9685/include/ros2_pca9685/ros2_pca9685/srv/set_pwm.hpp
[1.213s] -- Up-to-date symlink: /home/rasp/robot_ws/install/ros2_pca9685/include/ros2_pca9685/ros2_pca9685/msg/rosidl_typesupport_fastrtps_cpp__visibility_control.h
[1.213s] -- Up-to-date symlink: /home/rasp/robot_ws/install/ros2_pca9685/include/ros2_pca9685/ros2_pca9685/srv/detail/set_pwm__rosidl_typesupport_fastrtps_cpp.hpp
[1.214s] -- Up-to-date symlink: /home/rasp/robot_ws/install/ros2_pca9685/include/ros2_pca9685/ros2_pca9685/msg/rosidl_typesupport_introspection_c__visibility_control.h
[1.214s] -- Up-to-date symlink: /home/rasp/robot_ws/install/ros2_pca9685/include/ros2_pca9685/ros2_pca9685/srv/detail/set_pwm__rosidl_typesupport_introspection_c.h
[1.214s] -- Up-to-date symlink: /home/rasp/robot_ws/install/ros2_pca9685/include/ros2_pca9685/ros2_pca9685/srv/detail/set_pwm__rosidl_typesupport_introspection_cpp.hpp
[1.215s] -- Up-to-date symlink: /home/rasp/robot_ws/install/ros2_pca9685/share/ros2_pca9685/environment/pythonpath.sh
[1.215s] -- Up-to-date symlink: /home/rasp/robot_ws/install/ros2_pca9685/share/ros2_pca9685/environment/pythonpath.dsv
[1.215s] -- Up-to-date symlink: /home/rasp/robot_ws/install/ros2_pca9685/lib/python3.12/site-packages/ros2_pca9685-1.0.0-py3.12.egg-info/PKG-INFO
[1.215s] -- Up-to-date symlink: /home/rasp/robot_ws/install/ros2_pca9685/lib/python3.12/site-packages/ros2_pca9685-1.0.0-py3.12.egg-info/SOURCES.txt
[1.216s] -- Up-to-date symlink: /home/rasp/robot_ws/install/ros2_pca9685/lib/python3.12/site-packages/ros2_pca9685-1.0.0-py3.12.egg-info/dependency_links.txt
[1.216s] -- Up-to-date symlink: /home/rasp/robot_ws/install/ros2_pca9685/lib/python3.12/site-packages/ros2_pca9685-1.0.0-py3.12.egg-info/top_level.txt
[1.216s] -- Up-to-date symlink: /home/rasp/robot_ws/install/ros2_pca9685/lib/python3.12/site-packages/ros2_pca9685/__init__.py
[1.216s] -- Up-to-date symlink: /home/rasp/robot_ws/install/ros2_pca9685/lib/python3.12/site-packages/ros2_pca9685/_ros2_pca9685_s.ep.rosidl_typesupport_c.c
[1.217s] -- Up-to-date symlink: /home/rasp/robot_ws/install/ros2_pca9685/lib/python3.12/site-packages/ros2_pca9685/_ros2_pca9685_s.ep.rosidl_typesupport_fastrtps_c.c
[1.217s] -- Up-to-date symlink: /home/rasp/robot_ws/install/ros2_pca9685/lib/python3.12/site-packages/ros2_pca9685/_ros2_pca9685_s.ep.rosidl_typesupport_introspection_c.c
[1.217s] -- Up-to-date symlink: /home/rasp/robot_ws/install/ros2_pca9685/lib/python3.12/site-packages/ros2_pca9685/ros2_pca9685_s__rosidl_typesupport_c.so
[1.217s] -- Up-to-date symlink: /home/rasp/robot_ws/install/ros2_pca9685/lib/python3.12/site-packages/ros2_pca9685/ros2_pca9685_s__rosidl_typesupport_fastrtps_c.so
[1.217s] -- Up-to-date symlink: /home/rasp/robot_ws/install/ros2_pca9685/lib/python3.12/site-packages/ros2_pca9685/ros2_pca9685_s__rosidl_typesupport_introspection_c.so
[1.217s] -- Up-to-date symlink: /home/rasp/robot_ws/install/ros2_pca9685/lib/python3.12/site-packages/ros2_pca9685/srv/__init__.py
[1.218s] -- Up-to-date symlink: /home/rasp/robot_ws/install/ros2_pca9685/lib/python3.12/site-packages/ros2_pca9685/srv/_set_pwm.py
[1.218s] -- Up-to-date symlink: /home/rasp/robot_ws/install/ros2_pca9685/lib/python3.12/site-packages/ros2_pca9685/srv/_set_pwm_s.c
[1.218s] -- Up-to-date symlink: /home/rasp/robot_ws/install/ros2_pca9685/lib/python3.12/site-packages/ros2_pca9685/ros2_pca9685_s__rosidl_typesupport_fastrtps_c.so
[1.219s] -- Up-to-date symlink: /home/rasp/robot_ws/install/ros2_pca9685/lib/python3.12/site-packages/ros2_pca9685/ros2_pca9685_s__rosidl_typesupport_introspection_c.so
[1.219s] -- Up-to-date symlink: /home/rasp/robot_ws/install/ros2_pca9685/lib/python3.12/site-packages/ros2_pca9685/ros2_pca9685_s__rosidl_typesupport_c.so
[1.220s] -- Up-to-date symlink: /home/rasp/robot_ws/install/ros2_pca9685/share/ros2_pca9685/srv/SetPwm.idl
[1.220s] -- Up-to-date symlink: /home/rasp/robot_ws/install/ros2_pca9685/share/ros2_pca9685/srv/SetPwm.srv
[1.220s] -- Up-to-date symlink: /home/rasp/robot_ws/install/ros2_pca9685/include/include/ros2_pca9685/pca9685.h
[1.220s] -- Up-to-date symlink: /home/rasp/robot_ws/install/ros2_pca9685/include/include/ros2_pca9685/pca9685_hal.h
[1.220s] -- Up-to-date symlink: /home/rasp/robot_ws/install/ros2_pca9685/include/include/ros2_pca9685/pca9685_node.h
[1.221s] -- Up-to-date symlink: /home/rasp/robot_ws/install/ros2_pca9685/lib/ros2_pca9685/ros2_pca9685_node
[1.221s] -- Up-to-date symlink: /home/rasp/robot_ws/install/ros2_pca9685/share/ros2_pca9685/config/params.yaml
[1.222s] -- Up-to-date symlink: /home/rasp/robot_ws/install/ros2_pca9685/share/ros2_pca9685/launch/ros2_pca9685.launch.py
[1.222s] -- Up-to-date symlink: /home/rasp/robot_ws/install/ros2_pca9685/share/ament_index/resource_index/package_run_dependencies/ros2_pca9685
[1.222s] -- Up-to-date symlink: /home/rasp/robot_ws/install/ros2_pca9685/share/ament_index/resource_index/parent_prefix_path/ros2_pca9685
[1.222s] -- Up-to-date symlink: /home/rasp/robot_ws/install/ros2_pca9685/share/ros2_pca9685/environment/ament_prefix_path.sh
[1.222s] -- Up-to-date symlink: /home/rasp/robot_ws/install/ros2_pca9685/share/ros2_pca9685/environment/ament_prefix_path.dsv
[1.223s] -- Up-to-date symlink: /home/rasp/robot_ws/install/ros2_pca9685/share/ros2_pca9685/environment/path.sh
[1.223s] -- Up-to-date symlink: /home/rasp/robot_ws/install/ros2_pca9685/share/ros2_pca9685/environment/path.dsv
[1.223s] -- Up-to-date symlink: /home/rasp/robot_ws/install/ros2_pca9685/share/ros2_pca9685/local_setup.bash
[1.223s] -- Up-to-date symlink: /home/rasp/robot_ws/install/ros2_pca9685/share/ros2_pca9685/local_setup.sh
[1.223s] -- Up-to-date symlink: /home/rasp/robot_ws/install/ros2_pca9685/share/ros2_pca9685/local_setup.zsh
[1.224s] -- Up-to-date symlink: /home/rasp/robot_ws/install/ros2_pca9685/share/ros2_pca9685/local_setup.dsv
[1.224s] -- Symlinking: /home/rasp/robot_ws/install/ros2_pca9685/share/ros2_pca9685/package.dsv
[1.245s] -- Up-to-date symlink: /home/rasp/robot_ws/install/ros2_pca9685/share/ament_index/resource_index/packages/ros2_pca9685
[1.245s] -- Up-to-date symlink: /home/rasp/robot_ws/install/ros2_pca9685/share/ros2_pca9685/cmake/rosidl_cmake-extras.cmake
[1.245s] -- Up-to-date symlink: /home/rasp/robot_ws/install/ros2_pca9685/share/ros2_pca9685/cmake/ament_cmake_export_dependencies-extras.cmake
[1.245s] -- Up-to-date symlink: /home/rasp/robot_ws/install/ros2_pca9685/share/ros2_pca9685/cmake/ament_cmake_export_include_directories-extras.cmake
[1.245s] -- Up-to-date symlink: /home/rasp/robot_ws/install/ros2_pca9685/share/ros2_pca9685/cmake/ament_cmake_export_libraries-extras.cmake
[1.246s] -- Up-to-date symlink: /home/rasp/robot_ws/install/ros2_pca9685/share/ros2_pca9685/cmake/ament_cmake_export_targets-extras.cmake
[1.246s] -- Up-to-date symlink: /home/rasp/robot_ws/install/ros2_pca9685/share/ros2_pca9685/cmake/rosidl_cmake_export_typesupport_targets-extras.cmake
[1.246s] -- Up-to-date symlink: /home/rasp/robot_ws/install/ros2_pca9685/share/ros2_pca9685/cmake/rosidl_cmake_export_typesupport_libraries-extras.cmake
[1.246s] -- Up-to-date symlink: /home/rasp/robot_ws/install/ros2_pca9685/share/ros2_pca9685/cmake/ros2_pca9685Config.cmake
[1.246s] -- Up-to-date symlink: /home/rasp/robot_ws/install/ros2_pca9685/share/ros2_pca9685/cmake/ros2_pca9685Config-version.cmake
[1.247s] -- Up-to-date symlink: /home/rasp/robot_ws/install/ros2_pca9685/share/ros2_pca9685/package.xml
[1.247s] -- Up-to-date: /home/rasp/robot_ws/install/ros2_pca9685/lib/libros2_pca9685__rosidl_generator_c.so
[1.247s] -- Up-to-date: /home/rasp/robot_ws/install/ros2_pca9685/lib/libros2_pca9685__rosidl_typesupport_fastrtps_c.so
[1.248s] -- Up-to-date: /home/rasp/robot_ws/install/ros2_pca9685/lib/libros2_pca9685__rosidl_typesupport_fastrtps_cpp.so
[1.248s] -- Up-to-date: /home/rasp/robot_ws/install/ros2_pca9685/lib/libros2_pca9685__rosidl_typesupport_introspection_c.so
[1.249s] -- Up-to-date: /home/rasp/robot_ws/install/ros2_pca9685/lib/libros2_pca9685__rosidl_typesupport_c.so
[1.249s] -- Up-to-date: /home/rasp/robot_ws/install/ros2_pca9685/lib/libros2_pca9685__rosidl_typesupport_introspection_cpp.so
[1.250s] -- Up-to-date: /home/rasp/robot_ws/install/ros2_pca9685/lib/libros2_pca9685__rosidl_typesupport_cpp.so
[1.313s] Listing '/home/rasp/robot_ws/install/ros2_pca9685/lib/python3.12/site-packages/ros2_pca9685'...
[1.313s] Listing '/home/rasp/robot_ws/install/ros2_pca9685/lib/python3.12/site-packages/ros2_pca9685/srv'...
[1.336s] -- Up-to-date: /home/rasp/robot_ws/install/ros2_pca9685/lib/libros2_pca9685__rosidl_generator_py.so
[1.337s] -- Up-to-date: /home/rasp/robot_ws/install/ros2_pca9685/share/ros2_pca9685/cmake/export_ros2_pca9685__rosidl_generator_cExport.cmake
[1.338s] -- Up-to-date: /home/rasp/robot_ws/install/ros2_pca9685/share/ros2_pca9685/cmake/export_ros2_pca9685__rosidl_generator_cExport-noconfig.cmake
[1.339s] -- Up-to-date: /home/rasp/robot_ws/install/ros2_pca9685/share/ros2_pca9685/cmake/export_ros2_pca9685__rosidl_typesupport_fastrtps_cExport.cmake
[1.339s] -- Up-to-date: /home/rasp/robot_ws/install/ros2_pca9685/share/ros2_pca9685/cmake/export_ros2_pca9685__rosidl_typesupport_fastrtps_cExport-noconfig.cmake
[1.339s] -- Up-to-date: /home/rasp/robot_ws/install/ros2_pca9685/share/ros2_pca9685/cmake/export_ros2_pca9685__rosidl_generator_cppExport.cmake
[1.339s] -- Up-to-date: /home/rasp/robot_ws/install/ros2_pca9685/share/ros2_pca9685/cmake/export_ros2_pca9685__rosidl_typesupport_fastrtps_cppExport.cmake
[1.339s] -- Up-to-date: /home/rasp/robot_ws/install/ros2_pca9685/share/ros2_pca9685/cmake/export_ros2_pca9685__rosidl_typesupport_fastrtps_cppExport-noconfig.cmake
[1.343s] -- Up-to-date: /home/rasp/robot_ws/install/ros2_pca9685/share/ros2_pca9685/cmake/ros2_pca9685__rosidl_typesupport_introspection_cExport.cmake
[1.343s] -- Up-to-date: /home/rasp/robot_ws/install/ros2_pca9685/share/ros2_pca9685/cmake/ros2_pca9685__rosidl_typesupport_introspection_cExport-noconfig.cmake
[1.343s] -- Up-to-date: /home/rasp/robot_ws/install/ros2_pca9685/share/ros2_pca9685/cmake/ros2_pca9685__rosidl_typesupport_cExport.cmake
[1.344s] -- Up-to-date: /home/rasp/robot_ws/install/ros2_pca9685/share/ros2_pca9685/cmake/ros2_pca9685__rosidl_typesupport_cExport-noconfig.cmake
[1.344s] -- Up-to-date: /home/rasp/robot_ws/install/ros2_pca9685/share/ros2_pca9685/cmake/ros2_pca9685__rosidl_typesupport_introspection_cppExport.cmake
[1.345s] -- Up-to-date: /home/rasp/robot_ws/install/ros2_pca9685/share/ros2_pca9685/cmake/ros2_pca9685__rosidl_typesupport_introspection_cppExport-noconfig.cmake
[1.345s] -- Up-to-date: /home/rasp/robot_ws/install/ros2_pca9685/share/ros2_pca9685/cmake/ros2_pca9685__rosidl_typesupport_cppExport.cmake
[1.345s] -- Up-to-date: /home/rasp/robot_ws/install/ros2_pca9685/share/ros2_pca9685/cmake/ros2_pca9685__rosidl_typesupport_cppExport-noconfig.cmake
[1.345s] -- Up-to-date: /home/rasp/robot_ws/install/ros2_pca9685/share/ros2_pca9685/cmake/export_ros2_pca9685__rosidl_generator_pyExport.cmake
[1.345s] -- Up-to-date: /home/rasp/robot_ws/install/ros2_pca9685/share/ros2_pca9685/cmake/export_ros2_pca9685__rosidl_generator_pyExport-noconfig.cmake
[1.351s] Invoked command in '/home/rasp/robot_ws/build/ros2_pca9685' returned '0': CMAKE_PREFIX_PATH=${CMAKE_PREFIX_PATH}:/home/rasp/robot_ws/install/my_servo_controller:/opt/ros/jazzy DEBUGINFOD_URLS=https://debuginfod.ubuntu.com /usr/bin/cmake --install /home/rasp/robot_ws/build/ros2_pca9685
