[3.755s] Invoking command in '/home/rasp/robot_ws/build/my_servo_controller': AMENT_PREFIX_PATH=/home/rasp/robot_ws/install/servo_interfaces:${AMENT_PREFIX_PATH} CMAKE_PREFIX_PATH=/home/rasp/robot_ws/install/servo_interfaces:${CMAKE_PREFIX_PATH} DEBUGINFOD_URLS=https://debuginfod.ubuntu.com LD_LIBRARY_PATH=/home/rasp/robot_ws/install/servo_interfaces/lib:${LD_LIBRARY_PATH} PYTHONPATH=/home/rasp/robot_ws/build/my_servo_controller/prefix_override:/usr/lib/python3/dist-packages/colcon_core/task/python/colcon_distutils_commands:/home/rasp/robot_ws/install/my_servo_controller/lib/python3.12/site-packages:/home/rasp/robot_ws/install/servo_interfaces/lib/python3.12/site-packages:${PYTHONPATH} /usr/bin/python3 -W ignore:setup.py install is deprecated -W ignore:easy_install command is deprecated setup.py develop --uninstall --editable --build-directory /home/rasp/robot_ws/build/my_servo_controller/build
[5.066s] running develop
[6.010s] Removing /home/rasp/robot_ws/install/my_servo_controller/lib/python3.12/site-packages/my-servo-controller.egg-link (link to .)
[6.231s] Invoked command in '/home/rasp/robot_ws/build/my_servo_controller' returned '0': AMENT_PREFIX_PATH=/home/rasp/robot_ws/install/servo_interfaces:${AMENT_PREFIX_PATH} CMAKE_PREFIX_PATH=/home/rasp/robot_ws/install/servo_interfaces:${CMAKE_PREFIX_PATH} DEBUGINFOD_URLS=https://debuginfod.ubuntu.com LD_LIBRARY_PATH=/home/rasp/robot_ws/install/servo_interfaces/lib:${LD_LIBRARY_PATH} PYTHONPATH=/home/rasp/robot_ws/build/my_servo_controller/prefix_override:/usr/lib/python3/dist-packages/colcon_core/task/python/colcon_distutils_commands:/home/rasp/robot_ws/install/my_servo_controller/lib/python3.12/site-packages:/home/rasp/robot_ws/install/servo_interfaces/lib/python3.12/site-packages:${PYTHONPATH} /usr/bin/python3 -W ignore:setup.py install is deprecated -W ignore:easy_install command is deprecated setup.py develop --uninstall --editable --build-directory /home/rasp/robot_ws/build/my_servo_controller/build
[6.236s] Invoking command in '/home/rasp/robot_ws/src/my_servo_controller': AMENT_PREFIX_PATH=/home/rasp/robot_ws/install/servo_interfaces:${AMENT_PREFIX_PATH} CMAKE_PREFIX_PATH=/home/rasp/robot_ws/install/servo_interfaces:${CMAKE_PREFIX_PATH} DEBUGINFOD_URLS=https://debuginfod.ubuntu.com LD_LIBRARY_PATH=/home/rasp/robot_ws/install/servo_interfaces/lib:${LD_LIBRARY_PATH} PYTHONPATH=/home/rasp/robot_ws/build/my_servo_controller/prefix_override:/usr/lib/python3/dist-packages/colcon_core/task/python/colcon_distutils_commands:/home/rasp/robot_ws/install/my_servo_controller/lib/python3.12/site-packages:/home/rasp/robot_ws/install/servo_interfaces/lib/python3.12/site-packages:${PYTHONPATH} /usr/bin/python3 -W ignore:setup.py install is deprecated -W ignore:easy_install command is deprecated setup.py egg_info --egg-base ../../build/my_servo_controller build --build-base /home/rasp/robot_ws/build/my_servo_controller/build install --record /home/rasp/robot_ws/build/my_servo_controller/install.log --single-version-externally-managed install_data --force
[7.333s] running egg_info
[7.414s] writing ../../build/my_servo_controller/my_servo_controller.egg-info/PKG-INFO
[7.415s] writing dependency_links to ../../build/my_servo_controller/my_servo_controller.egg-info/dependency_links.txt
[7.417s] writing entry points to ../../build/my_servo_controller/my_servo_controller.egg-info/entry_points.txt
[7.419s] writing requirements to ../../build/my_servo_controller/my_servo_controller.egg-info/requires.txt
[7.422s] writing top-level names to ../../build/my_servo_controller/my_servo_controller.egg-info/top_level.txt
[7.594s] reading manifest file '../../build/my_servo_controller/my_servo_controller.egg-info/SOURCES.txt'
[7.602s] writing manifest file '../../build/my_servo_controller/my_servo_controller.egg-info/SOURCES.txt'
[7.603s] running build
[7.604s] running build_py
[7.604s] copying my_servo_controller/servo_controller.py -> /home/rasp/robot_ws/build/my_servo_controller/build/lib/my_servo_controller
[7.608s] copying my_servo_controller/servo_mover.py -> /home/rasp/robot_ws/build/my_servo_controller/build/lib/my_servo_controller
[7.609s] running install
[7.636s] running install_lib
[7.751s] creating /home/rasp/robot_ws/install/my_servo_controller/lib/python3.12/site-packages/my_servo_controller
[7.751s] copying /home/rasp/robot_ws/build/my_servo_controller/build/lib/my_servo_controller/__init__.py -> /home/rasp/robot_ws/install/my_servo_controller/lib/python3.12/site-packages/my_servo_controller
[7.755s] copying /home/rasp/robot_ws/build/my_servo_controller/build/lib/my_servo_controller/servo_controller.py -> /home/rasp/robot_ws/install/my_servo_controller/lib/python3.12/site-packages/my_servo_controller
[7.760s] copying /home/rasp/robot_ws/build/my_servo_controller/build/lib/my_servo_controller/servo_mover.py -> /home/rasp/robot_ws/install/my_servo_controller/lib/python3.12/site-packages/my_servo_controller
[7.763s] byte-compiling /home/rasp/robot_ws/install/my_servo_controller/lib/python3.12/site-packages/my_servo_controller/__init__.py to __init__.cpython-312.pyc
[7.766s] byte-compiling /home/rasp/robot_ws/install/my_servo_controller/lib/python3.12/site-packages/my_servo_controller/servo_controller.py to servo_controller.cpython-312.pyc
[7.772s] byte-compiling /home/rasp/robot_ws/install/my_servo_controller/lib/python3.12/site-packages/my_servo_controller/servo_mover.py to servo_mover.cpython-312.pyc
[7.775s] running install_data
[7.778s] copying resource/my_servo_controller -> /home/rasp/robot_ws/install/my_servo_controller/share/ament_index/resource_index/packages
[7.778s] copying package.xml -> /home/rasp/robot_ws/install/my_servo_controller/share/my_servo_controller
[7.778s] running install_egg_info
[7.873s] Copying ../../build/my_servo_controller/my_servo_controller.egg-info to /home/rasp/robot_ws/install/my_servo_controller/lib/python3.12/site-packages/my_servo_controller-0.0.0-py3.12.egg-info
[7.883s] running install_scripts
[8.452s] Installing servo_controller_node script to /home/rasp/robot_ws/install/my_servo_controller/lib/my_servo_controller
[8.455s] Installing servo_mover_node script to /home/rasp/robot_ws/install/my_servo_controller/lib/my_servo_controller
[8.455s] writing list of installed files to '/home/rasp/robot_ws/build/my_servo_controller/install.log'
[8.644s] Invoked command in '/home/rasp/robot_ws/src/my_servo_controller' returned '0': AMENT_PREFIX_PATH=/home/rasp/robot_ws/install/servo_interfaces:${AMENT_PREFIX_PATH} CMAKE_PREFIX_PATH=/home/rasp/robot_ws/install/servo_interfaces:${CMAKE_PREFIX_PATH} DEBUGINFOD_URLS=https://debuginfod.ubuntu.com LD_LIBRARY_PATH=/home/rasp/robot_ws/install/servo_interfaces/lib:${LD_LIBRARY_PATH} PYTHONPATH=/home/rasp/robot_ws/build/my_servo_controller/prefix_override:/usr/lib/python3/dist-packages/colcon_core/task/python/colcon_distutils_commands:/home/rasp/robot_ws/install/my_servo_controller/lib/python3.12/site-packages:/home/rasp/robot_ws/install/servo_interfaces/lib/python3.12/site-packages:${PYTHONPATH} /usr/bin/python3 -W ignore:setup.py install is deprecated -W ignore:easy_install command is deprecated setup.py egg_info --egg-base ../../build/my_servo_controller build --build-base /home/rasp/robot_ws/build/my_servo_controller/build install --record /home/rasp/robot_ws/build/my_servo_controller/install.log --single-version-externally-managed install_data --force
