[0.020s] Invoking command in '/home/rasp/humanoid_ros2/robot_ws/build/ros_gz_h1_description': CMAKE_PREFIX_PATH=${CMAKE_PREFIX_PATH}:/home/rasp/humanoid_ros2/robot_ws/install/my_servo_controller:/opt/ros/jazzy DEBUGINFOD_URLS=https://debuginfod.ubuntu.com /usr/bin/cmake --build /home/rasp/humanoid_ros2/robot_ws/build/ros_gz_h1_description -- -j4 -l4
[0.101s] Invoked command in '/home/rasp/humanoid_ros2/robot_ws/build/ros_gz_h1_description' returned '0': CMAKE_PREFIX_PATH=${CMAKE_PREFIX_PATH}:/home/rasp/humanoid_ros2/robot_ws/install/my_servo_controller:/opt/ros/jazzy DEBUGINFOD_URLS=https://debuginfod.ubuntu.com /usr/bin/cmake --build /home/rasp/humanoid_ros2/robot_ws/build/ros_gz_h1_description -- -j4 -l4
[0.123s] Invoking command in '/home/rasp/humanoid_ros2/robot_ws/build/ros_gz_h1_description': CMAKE_PREFIX_PATH=${CMAKE_PREFIX_PATH}:/home/rasp/humanoid_ros2/robot_ws/install/my_servo_controller:/opt/ros/jazzy DEBUGINFOD_URLS=https://debuginfod.ubuntu.com /usr/bin/cmake --install /home/rasp/humanoid_ros2/robot_ws/build/ros_gz_h1_description
[0.145s] -- Install configuration: ""
[0.146s] -- Up-to-date: /home/rasp/humanoid_ros2/robot_ws/install/ros_gz_h1_description/share/ros_gz_h1_description/models
[0.146s] -- Up-to-date: /home/rasp/humanoid_ros2/robot_ws/install/ros_gz_h1_description/share/ros_gz_h1_description/models/h1_ign
[0.149s] -- Up-to-date: /home/rasp/humanoid_ros2/robot_ws/install/ros_gz_h1_description/share/ros_gz_h1_description/models/h1_ign/h1_2_handless.urdf
[0.149s] -- Up-to-date: /home/rasp/humanoid_ros2/robot_ws/install/ros_gz_h1_description/share/ros_gz_h1_description/models/h1_ign/model_original_collision.sdf
[0.149s] -- Up-to-date: /home/rasp/humanoid_ros2/robot_ws/install/ros_gz_h1_description/share/ros_gz_h1_description/models/h1_ign/model.sdf
[0.151s] -- Up-to-date: /home/rasp/humanoid_ros2/robot_ws/install/ros_gz_h1_description/share/ros_gz_h1_description/models/h1_ign/meshes
[0.152s] -- Up-to-date: /home/rasp/humanoid_ros2/robot_ws/install/ros_gz_h1_description/share/ros_gz_h1_description/models/h1_ign/meshes/L_thumb_intermediate.STL
[0.152s] -- Up-to-date: /home/rasp/humanoid_ros2/robot_ws/install/ros_gz_h1_description/share/ros_gz_h1_description/models/h1_ign/meshes/L_thumb_distal.STL
[0.152s] -- Up-to-date: /home/rasp/humanoid_ros2/robot_ws/install/ros_gz_h1_description/share/ros_gz_h1_description/models/h1_ign/meshes/link14_L.STL
[0.152s] -- Up-to-date: /home/rasp/humanoid_ros2/robot_ws/install/ros_gz_h1_description/share/ros_gz_h1_description/models/h1_ign/meshes/right_shoulder_yaw_link.STL
[0.152s] -- Up-to-date: /home/rasp/humanoid_ros2/robot_ws/install/ros_gz_h1_description/share/ros_gz_h1_description/models/h1_ign/meshes/left_ankle_A_rod_link.STL
[0.152s] -- Up-to-date: /home/rasp/humanoid_ros2/robot_ws/install/ros_gz_h1_description/share/ros_gz_h1_description/models/h1_ign/meshes/left_ankle_A_link.STL
[0.152s] -- Up-to-date: /home/rasp/humanoid_ros2/robot_ws/install/ros_gz_h1_description/share/ros_gz_h1_description/models/h1_ign/meshes/left_hand_link.STL
[0.153s] -- Up-to-date: /home/rasp/humanoid_ros2/robot_ws/install/ros_gz_h1_description/share/ros_gz_h1_description/models/h1_ign/meshes/R_pinky_intermediate.STL
[0.153s] -- Up-to-date: /home/rasp/humanoid_ros2/robot_ws/install/ros_gz_h1_description/share/ros_gz_h1_description/models/h1_ign/meshes/R_ring_proximal.STL
[0.153s] -- Up-to-date: /home/rasp/humanoid_ros2/robot_ws/install/ros_gz_h1_description/share/ros_gz_h1_description/models/h1_ign/meshes/link21_L.STL
[0.153s] -- Up-to-date: /home/rasp/humanoid_ros2/robot_ws/install/ros_gz_h1_description/share/ros_gz_h1_description/models/h1_ign/meshes/L_ring_intermediate.STL
[0.153s] -- Up-to-date: /home/rasp/humanoid_ros2/robot_ws/install/ros_gz_h1_description/share/ros_gz_h1_description/models/h1_ign/meshes/R_index_intermediate.STL
[0.156s] -- Up-to-date: /home/rasp/humanoid_ros2/robot_ws/install/ros_gz_h1_description/share/ros_gz_h1_description/models/h1_ign/meshes/L_middle_proximal.STL
[0.157s] -- Up-to-date: /home/rasp/humanoid_ros2/robot_ws/install/ros_gz_h1_description/share/ros_gz_h1_description/models/h1_ign/meshes/right_ankle_B_rod_link.STL
[0.157s] -- Up-to-date: /home/rasp/humanoid_ros2/robot_ws/install/ros_gz_h1_description/share/ros_gz_h1_description/models/h1_ign/meshes/link22_L.STL
[0.157s] -- Up-to-date: /home/rasp/humanoid_ros2/robot_ws/install/ros_gz_h1_description/share/ros_gz_h1_description/models/h1_ign/meshes/link11_R.STL
[0.157s] -- Up-to-date: /home/rasp/humanoid_ros2/robot_ws/install/ros_gz_h1_description/share/ros_gz_h1_description/models/h1_ign/meshes/torso_link.STL
[0.157s] -- Up-to-date: /home/rasp/humanoid_ros2/robot_ws/install/ros_gz_h1_description/share/ros_gz_h1_description/models/h1_ign/meshes/wrist_yaw_link.STL
[0.157s] -- Up-to-date: /home/rasp/humanoid_ros2/robot_ws/install/ros_gz_h1_description/share/ros_gz_h1_description/models/h1_ign/meshes/L_pinky_intermediate.STL
[0.158s] -- Up-to-date: /home/rasp/humanoid_ros2/robot_ws/install/ros_gz_h1_description/share/ros_gz_h1_description/models/h1_ign/meshes/left_ankle_roll_link.STL
[0.158s] -- Up-to-date: /home/rasp/humanoid_ros2/robot_ws/install/ros_gz_h1_description/share/ros_gz_h1_description/models/h1_ign/meshes/R_middle_proximal.STL
[0.158s] -- Up-to-date: /home/rasp/humanoid_ros2/robot_ws/install/ros_gz_h1_description/share/ros_gz_h1_description/models/h1_ign/meshes/right_wrist_roll_link.STL
[0.158s] -- Up-to-date: /home/rasp/humanoid_ros2/robot_ws/install/ros_gz_h1_description/share/ros_gz_h1_description/models/h1_ign/meshes/left_ankle_pitch_link.STL
[0.158s] -- Up-to-date: /home/rasp/humanoid_ros2/robot_ws/install/ros_gz_h1_description/share/ros_gz_h1_description/models/h1_ign/meshes/L_thumb_proximal.STL
[0.158s] -- Up-to-date: /home/rasp/humanoid_ros2/robot_ws/install/ros_gz_h1_description/share/ros_gz_h1_description/models/h1_ign/meshes/link16_R.STL
[0.158s] -- Up-to-date: /home/rasp/humanoid_ros2/robot_ws/install/ros_gz_h1_description/share/ros_gz_h1_description/models/h1_ign/meshes/R_ring_intermediate.STL
[0.158s] -- Up-to-date: /home/rasp/humanoid_ros2/robot_ws/install/ros_gz_h1_description/share/ros_gz_h1_description/models/h1_ign/meshes/R_thumb_distal.STL
[0.159s] -- Up-to-date: /home/rasp/humanoid_ros2/robot_ws/install/ros_gz_h1_description/share/ros_gz_h1_description/models/h1_ign/meshes/R_index_proximal.STL
[0.159s] -- Up-to-date: /home/rasp/humanoid_ros2/robot_ws/install/ros_gz_h1_description/share/ros_gz_h1_description/models/h1_ign/meshes/R_thumb_proximal_base.STL
[0.159s] -- Up-to-date: /home/rasp/humanoid_ros2/robot_ws/install/ros_gz_h1_description/share/ros_gz_h1_description/models/h1_ign/meshes/L_ring_proximal.STL
[0.159s] -- Up-to-date: /home/rasp/humanoid_ros2/robot_ws/install/ros_gz_h1_description/share/ros_gz_h1_description/models/h1_ign/meshes/link19_L.STL
[0.162s] -- Up-to-date: /home/rasp/humanoid_ros2/robot_ws/install/ros_gz_h1_description/share/ros_gz_h1_description/models/h1_ign/meshes/L_middle_intermediate.STL
[0.165s] -- Up-to-date: /home/rasp/humanoid_ros2/robot_ws/install/ros_gz_h1_description/share/ros_gz_h1_description/models/h1_ign/meshes/right_wrist_pitch_link.STL
[0.165s] -- Up-to-date: /home/rasp/humanoid_ros2/robot_ws/install/ros_gz_h1_description/share/ros_gz_h1_description/models/h1_ign/meshes/left_wrist_pitch_link.STL
[0.165s] -- Up-to-date: /home/rasp/humanoid_ros2/robot_ws/install/ros_gz_h1_description/share/ros_gz_h1_description/models/h1_ign/meshes/link13_R.STL
[0.165s] -- Up-to-date: /home/rasp/humanoid_ros2/robot_ws/install/ros_gz_h1_description/share/ros_gz_h1_description/models/h1_ign/meshes/link15_R.STL
[0.165s] -- Up-to-date: /home/rasp/humanoid_ros2/robot_ws/install/ros_gz_h1_description/share/ros_gz_h1_description/models/h1_ign/meshes/link18_L.STL
[0.165s] -- Up-to-date: /home/rasp/humanoid_ros2/robot_ws/install/ros_gz_h1_description/share/ros_gz_h1_description/models/h1_ign/meshes/link11_L.STL
[0.166s] -- Up-to-date: /home/rasp/humanoid_ros2/robot_ws/install/ros_gz_h1_description/share/ros_gz_h1_description/models/h1_ign/meshes/logo_link.STL
[0.166s] -- Up-to-date: /home/rasp/humanoid_ros2/robot_ws/install/ros_gz_h1_description/share/ros_gz_h1_description/models/h1_ign/meshes/link19_R.STL
[0.166s] -- Up-to-date: /home/rasp/humanoid_ros2/robot_ws/install/ros_gz_h1_description/share/ros_gz_h1_description/models/h1_ign/meshes/right_ankle_roll_link.STL
[0.166s] -- Up-to-date: /home/rasp/humanoid_ros2/robot_ws/install/ros_gz_h1_description/share/ros_gz_h1_description/models/h1_ign/meshes/R_hand_base_link.STL
[0.166s] -- Up-to-date: /home/rasp/humanoid_ros2/robot_ws/install/ros_gz_h1_description/share/ros_gz_h1_description/models/h1_ign/meshes/right_pitch_link.STL
[0.166s] -- Up-to-date: /home/rasp/humanoid_ros2/robot_ws/install/ros_gz_h1_description/share/ros_gz_h1_description/models/h1_ign/meshes/R_thumb_proximal.STL
[0.166s] -- Up-to-date: /home/rasp/humanoid_ros2/robot_ws/install/ros_gz_h1_description/share/ros_gz_h1_description/models/h1_ign/meshes/right_ankle_B_link.STL
[0.166s] -- Up-to-date: /home/rasp/humanoid_ros2/robot_ws/install/ros_gz_h1_description/share/ros_gz_h1_description/models/h1_ign/meshes/left_shoulder_yaw_link.STL
[0.166s] -- Up-to-date: /home/rasp/humanoid_ros2/robot_ws/install/ros_gz_h1_description/share/ros_gz_h1_description/models/h1_ign/meshes/link17_L.STL
[0.166s] -- Up-to-date: /home/rasp/humanoid_ros2/robot_ws/install/ros_gz_h1_description/share/ros_gz_h1_description/models/h1_ign/meshes/left_ankle_B_link.STL
[0.167s] -- Up-to-date: /home/rasp/humanoid_ros2/robot_ws/install/ros_gz_h1_description/share/ros_gz_h1_description/models/h1_ign/meshes/link20_L.STL
[0.167s] -- Up-to-date: /home/rasp/humanoid_ros2/robot_ws/install/ros_gz_h1_description/share/ros_gz_h1_description/models/h1_ign/meshes/link20_R.STL
[0.167s] -- Up-to-date: /home/rasp/humanoid_ros2/robot_ws/install/ros_gz_h1_description/share/ros_gz_h1_description/models/h1_ign/meshes/right_ankle_A_rod_link.STL
[0.167s] -- Up-to-date: /home/rasp/humanoid_ros2/robot_ws/install/ros_gz_h1_description/share/ros_gz_h1_description/models/h1_ign/meshes/left_shoulder_pitch_link.STL
[0.167s] -- Up-to-date: /home/rasp/humanoid_ros2/robot_ws/install/ros_gz_h1_description/share/ros_gz_h1_description/models/h1_ign/meshes/right_shoulder_roll_link.STL
[0.167s] -- Up-to-date: /home/rasp/humanoid_ros2/robot_ws/install/ros_gz_h1_description/share/ros_gz_h1_description/models/h1_ign/meshes/left_elbow_link.STL
[0.167s] -- Up-to-date: /home/rasp/humanoid_ros2/robot_ws/install/ros_gz_h1_description/share/ros_gz_h1_description/models/h1_ign/meshes/link12_L.STL
[0.167s] -- Up-to-date: /home/rasp/humanoid_ros2/robot_ws/install/ros_gz_h1_description/share/ros_gz_h1_description/models/h1_ign/meshes/right_hip_pitch_link.STL
[0.171s] -- Up-to-date: /home/rasp/humanoid_ros2/robot_ws/install/ros_gz_h1_description/share/ros_gz_h1_description/models/h1_ign/meshes/link17_R.STL
[0.172s] -- Up-to-date: /home/rasp/humanoid_ros2/robot_ws/install/ros_gz_h1_description/share/ros_gz_h1_description/models/h1_ign/meshes/left_ankle_B_rod_link.STL
[0.172s] -- Up-to-date: /home/rasp/humanoid_ros2/robot_ws/install/ros_gz_h1_description/share/ros_gz_h1_description/models/h1_ign/meshes/link15_L.STL
[0.172s] -- Up-to-date: /home/rasp/humanoid_ros2/robot_ws/install/ros_gz_h1_description/share/ros_gz_h1_description/models/h1_ign/meshes/right_knee_link.STL
[0.172s] -- Up-to-date: /home/rasp/humanoid_ros2/robot_ws/install/ros_gz_h1_description/share/ros_gz_h1_description/models/h1_ign/meshes/R_middle_intermediate.STL
[0.172s] -- Up-to-date: /home/rasp/humanoid_ros2/robot_ws/install/ros_gz_h1_description/share/ros_gz_h1_description/models/h1_ign/meshes/link12_R.STL
[0.172s] -- Up-to-date: /home/rasp/humanoid_ros2/robot_ws/install/ros_gz_h1_description/share/ros_gz_h1_description/models/h1_ign/meshes/right_ankle_pitch_link.STL
[0.172s] -- Up-to-date: /home/rasp/humanoid_ros2/robot_ws/install/ros_gz_h1_description/share/ros_gz_h1_description/models/h1_ign/meshes/right_shoulder_pitch_link.STL
[0.172s] -- Up-to-date: /home/rasp/humanoid_ros2/robot_ws/install/ros_gz_h1_description/share/ros_gz_h1_description/models/h1_ign/meshes/R_thumb_intermediate.STL
[0.172s] -- Up-to-date: /home/rasp/humanoid_ros2/robot_ws/install/ros_gz_h1_description/share/ros_gz_h1_description/models/h1_ign/meshes/left_hip_pitch_link.STL
[0.173s] -- Up-to-date: /home/rasp/humanoid_ros2/robot_ws/install/ros_gz_h1_description/share/ros_gz_h1_description/models/h1_ign/meshes/right_hand_link.STL
[0.173s] -- Up-to-date: /home/rasp/humanoid_ros2/robot_ws/install/ros_gz_h1_description/share/ros_gz_h1_description/models/h1_ign/meshes/left_knee_link.STL
[0.173s] -- Up-to-date: /home/rasp/humanoid_ros2/robot_ws/install/ros_gz_h1_description/share/ros_gz_h1_description/models/h1_ign/meshes/L_index_proximal.STL
[0.173s] -- Up-to-date: /home/rasp/humanoid_ros2/robot_ws/install/ros_gz_h1_description/share/ros_gz_h1_description/models/h1_ign/meshes/L_hand_base_link.STL
[0.173s] -- Up-to-date: /home/rasp/humanoid_ros2/robot_ws/install/ros_gz_h1_description/share/ros_gz_h1_description/models/h1_ign/meshes/link18_R.STL
[0.173s] -- Up-to-date: /home/rasp/humanoid_ros2/robot_ws/install/ros_gz_h1_description/share/ros_gz_h1_description/models/h1_ign/meshes/pelvis.STL
[0.173s] -- Up-to-date: /home/rasp/humanoid_ros2/robot_ws/install/ros_gz_h1_description/share/ros_gz_h1_description/models/h1_ign/meshes/left_shoulder_roll_link.STL
[0.173s] -- Up-to-date: /home/rasp/humanoid_ros2/robot_ws/install/ros_gz_h1_description/share/ros_gz_h1_description/models/h1_ign/meshes/right_hip_yaw_link.STL
[0.173s] -- Up-to-date: /home/rasp/humanoid_ros2/robot_ws/install/ros_gz_h1_description/share/ros_gz_h1_description/models/h1_ign/meshes/link22_R.STL
[0.173s] -- Up-to-date: /home/rasp/humanoid_ros2/robot_ws/install/ros_gz_h1_description/share/ros_gz_h1_description/models/h1_ign/meshes/link16_L.STL
[0.173s] -- Up-to-date: /home/rasp/humanoid_ros2/robot_ws/install/ros_gz_h1_description/share/ros_gz_h1_description/models/h1_ign/meshes/L_thumb_proximal_base.STL
[0.173s] -- Up-to-date: /home/rasp/humanoid_ros2/robot_ws/install/ros_gz_h1_description/share/ros_gz_h1_description/models/h1_ign/meshes/R_pinky_proximal.STL
[0.174s] -- Up-to-date: /home/rasp/humanoid_ros2/robot_ws/install/ros_gz_h1_description/share/ros_gz_h1_description/models/h1_ign/meshes/right_ankle_link.STL
[0.174s] -- Up-to-date: /home/rasp/humanoid_ros2/robot_ws/install/ros_gz_h1_description/share/ros_gz_h1_description/models/h1_ign/meshes/link14_R.STL
[0.174s] -- Up-to-date: /home/rasp/humanoid_ros2/robot_ws/install/ros_gz_h1_description/share/ros_gz_h1_description/models/h1_ign/meshes/L_index_intermediate.STL
[0.174s] -- Up-to-date: /home/rasp/humanoid_ros2/robot_ws/install/ros_gz_h1_description/share/ros_gz_h1_description/models/h1_ign/meshes/link21_R.STL
[0.174s] -- Up-to-date: /home/rasp/humanoid_ros2/robot_ws/install/ros_gz_h1_description/share/ros_gz_h1_description/models/h1_ign/meshes/link13_L.STL
[0.174s] -- Up-to-date: /home/rasp/humanoid_ros2/robot_ws/install/ros_gz_h1_description/share/ros_gz_h1_description/models/h1_ign/meshes/left_hip_yaw_link.STL
[0.174s] -- Up-to-date: /home/rasp/humanoid_ros2/robot_ws/install/ros_gz_h1_description/share/ros_gz_h1_description/models/h1_ign/meshes/right_hip_roll_link.STL
[0.178s] -- Up-to-date: /home/rasp/humanoid_ros2/robot_ws/install/ros_gz_h1_description/share/ros_gz_h1_description/models/h1_ign/meshes/left_hip_roll_link.STL
[0.179s] -- Up-to-date: /home/rasp/humanoid_ros2/robot_ws/install/ros_gz_h1_description/share/ros_gz_h1_description/models/h1_ign/meshes/left_wrist_roll_link.STL
[0.179s] -- Up-to-date: /home/rasp/humanoid_ros2/robot_ws/install/ros_gz_h1_description/share/ros_gz_h1_description/models/h1_ign/meshes/right_elbow_link.STL
[0.179s] -- Up-to-date: /home/rasp/humanoid_ros2/robot_ws/install/ros_gz_h1_description/share/ros_gz_h1_description/models/h1_ign/meshes/right_ankle_A_link.STL
[0.179s] -- Up-to-date: /home/rasp/humanoid_ros2/robot_ws/install/ros_gz_h1_description/share/ros_gz_h1_description/models/h1_ign/meshes/L_pinky_proximal.STL
[0.179s] -- Up-to-date: /home/rasp/humanoid_ros2/robot_ws/install/ros_gz_h1_description/share/ros_gz_h1_description/models/h1_ign/model.config
[0.179s] -- Up-to-date: /home/rasp/humanoid_ros2/robot_ws/install/ros_gz_h1_description/share/ros_gz_h1_description/models/h1_ign/h1_2.urdf
[0.179s] -- Up-to-date: /home/rasp/humanoid_ros2/robot_ws/install/ros_gz_h1_description/share/ros_gz_h1_description/environment/ros_gz_h1_description.dsv
[0.179s] -- Up-to-date: /home/rasp/humanoid_ros2/robot_ws/install/ros_gz_h1_description/share/ros_gz_h1_description/environment/ros_gz_h1_description.sh
[0.179s] -- Up-to-date: /home/rasp/humanoid_ros2/robot_ws/install/ros_gz_h1_description/share/ament_index/resource_index/package_run_dependencies/ros_gz_h1_description
[0.180s] -- Up-to-date: /home/rasp/humanoid_ros2/robot_ws/install/ros_gz_h1_description/share/ament_index/resource_index/parent_prefix_path/ros_gz_h1_description
[0.180s] -- Up-to-date: /home/rasp/humanoid_ros2/robot_ws/install/ros_gz_h1_description/share/ros_gz_h1_description/environment/ament_prefix_path.sh
[0.180s] -- Up-to-date: /home/rasp/humanoid_ros2/robot_ws/install/ros_gz_h1_description/share/ros_gz_h1_description/environment/ament_prefix_path.dsv
[0.180s] -- Up-to-date: /home/rasp/humanoid_ros2/robot_ws/install/ros_gz_h1_description/share/ros_gz_h1_description/environment/path.sh
[0.180s] -- Up-to-date: /home/rasp/humanoid_ros2/robot_ws/install/ros_gz_h1_description/share/ros_gz_h1_description/environment/path.dsv
[0.180s] -- Up-to-date: /home/rasp/humanoid_ros2/robot_ws/install/ros_gz_h1_description/share/ros_gz_h1_description/local_setup.bash
[0.180s] -- Up-to-date: /home/rasp/humanoid_ros2/robot_ws/install/ros_gz_h1_description/share/ros_gz_h1_description/local_setup.sh
[0.180s] -- Up-to-date: /home/rasp/humanoid_ros2/robot_ws/install/ros_gz_h1_description/share/ros_gz_h1_description/local_setup.zsh
[0.180s] -- Up-to-date: /home/rasp/humanoid_ros2/robot_ws/install/ros_gz_h1_description/share/ros_gz_h1_description/local_setup.dsv
[0.180s] -- Installing: /home/rasp/humanoid_ros2/robot_ws/install/ros_gz_h1_description/share/ros_gz_h1_description/package.dsv
[0.180s] -- Up-to-date: /home/rasp/humanoid_ros2/robot_ws/install/ros_gz_h1_description/share/ament_index/resource_index/packages/ros_gz_h1_description
[0.181s] -- Up-to-date: /home/rasp/humanoid_ros2/robot_ws/install/ros_gz_h1_description/share/ros_gz_h1_description/cmake/ros_gz_h1_descriptionConfig.cmake
[0.181s] -- Up-to-date: /home/rasp/humanoid_ros2/robot_ws/install/ros_gz_h1_description/share/ros_gz_h1_description/cmake/ros_gz_h1_descriptionConfig-version.cmake
[0.181s] -- Up-to-date: /home/rasp/humanoid_ros2/robot_ws/install/ros_gz_h1_description/share/ros_gz_h1_description/package.xml
[0.181s] Invoked command in '/home/rasp/humanoid_ros2/robot_ws/build/ros_gz_h1_description' returned '0': CMAKE_PREFIX_PATH=${CMAKE_PREFIX_PATH}:/home/rasp/humanoid_ros2/robot_ws/install/my_servo_controller:/opt/ros/jazzy DEBUGINFOD_URLS=https://debuginfod.ubuntu.com /usr/bin/cmake --install /home/rasp/humanoid_ros2/robot_ws/build/ros_gz_h1_description
