[1.708s] Invoking command in '/home/rasp/humanoid/robot_ws/src/my_servo_controller': DEBUGINFOD_URLS=https://debuginfod.ubuntu.com PYTHONPATH=/home/rasp/humanoid/robot_ws/build/my_servo_controller/prefix_override:/usr/lib/python3/dist-packages/colcon_core/task/python/colcon_distutils_commands:/home/rasp/humanoid/robot_ws/install/my_servo_controller/lib/python3.12/site-packages:/home/rasp/humanoid/robot_ws/install/servo_interfaces/lib/python3.12/site-packages:/home/rasp/humanoid/robot_ws/install/my_servo_controller/lib/python3.12/site-packages:/home/rasp/humanoid/robot_ws/install/ros_gz_h1_controller/lib/python3.12/site-packages:/opt/ros/jazzy/lib/python3.12/site-packages /usr/bin/python3 -W ignore:setup.py install is deprecated -W ignore:easy_install command is deprecated setup.py egg_info --egg-base ../../build/my_servo_controller build --build-base /home/rasp/humanoid/robot_ws/build/my_servo_controller/build install --record /home/rasp/humanoid/robot_ws/build/my_servo_controller/install.log --single-version-externally-managed install_data
[2.213s] running egg_info
[2.246s] writing ../../build/my_servo_controller/my_servo_controller.egg-info/PKG-INFO
[2.247s] writing dependency_links to ../../build/my_servo_controller/my_servo_controller.egg-info/dependency_links.txt
[2.248s] writing entry points to ../../build/my_servo_controller/my_servo_controller.egg-info/entry_points.txt
[2.249s] writing requirements to ../../build/my_servo_controller/my_servo_controller.egg-info/requires.txt
[2.250s] writing top-level names to ../../build/my_servo_controller/my_servo_controller.egg-info/top_level.txt
[2.343s] reading manifest file '../../build/my_servo_controller/my_servo_controller.egg-info/SOURCES.txt'
[2.345s] writing manifest file '../../build/my_servo_controller/my_servo_controller.egg-info/SOURCES.txt'
[2.345s] running build
[2.345s] running build_py
[2.346s] running install
[2.361s] running install_lib
[2.411s] running install_data
[2.411s] running install_egg_info
[2.461s] removing '/home/rasp/humanoid/robot_ws/install/my_servo_controller/lib/python3.12/site-packages/my_servo_controller-0.0.0-py3.12.egg-info' (and everything under it)
[2.462s] Copying ../../build/my_servo_controller/my_servo_controller.egg-info to /home/rasp/humanoid/robot_ws/install/my_servo_controller/lib/python3.12/site-packages/my_servo_controller-0.0.0-py3.12.egg-info
[2.464s] running install_scripts
[2.694s] Installing action_controller_node script to /home/rasp/humanoid/robot_ws/install/my_servo_controller/lib/my_servo_controller
[2.694s] Installing gazibo_sim_node script to /home/rasp/humanoid/robot_ws/install/my_servo_controller/lib/my_servo_controller
[2.695s] Installing servo_controller_node script to /home/rasp/humanoid/robot_ws/install/my_servo_controller/lib/my_servo_controller
[2.696s] Installing servo_mover_node script to /home/rasp/humanoid/robot_ws/install/my_servo_controller/lib/my_servo_controller
[2.697s] writing list of installed files to '/home/rasp/humanoid/robot_ws/build/my_servo_controller/install.log'
[2.794s] Invoked command in '/home/rasp/humanoid/robot_ws/src/my_servo_controller' returned '0': DEBUGINFOD_URLS=https://debuginfod.ubuntu.com PYTHONPATH=/home/rasp/humanoid/robot_ws/build/my_servo_controller/prefix_override:/usr/lib/python3/dist-packages/colcon_core/task/python/colcon_distutils_commands:/home/rasp/humanoid/robot_ws/install/my_servo_controller/lib/python3.12/site-packages:/home/rasp/humanoid/robot_ws/install/servo_interfaces/lib/python3.12/site-packages:/home/rasp/humanoid/robot_ws/install/my_servo_controller/lib/python3.12/site-packages:/home/rasp/humanoid/robot_ws/install/ros_gz_h1_controller/lib/python3.12/site-packages:/opt/ros/jazzy/lib/python3.12/site-packages /usr/bin/python3 -W ignore:setup.py install is deprecated -W ignore:easy_install command is deprecated setup.py egg_info --egg-base ../../build/my_servo_controller build --build-base /home/rasp/humanoid/robot_ws/build/my_servo_controller/build install --record /home/rasp/humanoid/robot_ws/build/my_servo_controller/install.log --single-version-externally-managed install_data
