[0.029s] Invoking command in '/home/rasp/robot_ws/build/my_package': CMAKE_PREFIX_PATH=${CMAKE_PREFIX_PATH}:/home/rasp/robot_ws/install/my_servo_controller:/opt/ros/jazzy DEBUGINFOD_URLS=https://debuginfod.ubuntu.com /usr/bin/cmake --build /home/rasp/robot_ws/build/my_package -- -j4 -l4
[0.124s] Invoked command in '/home/rasp/robot_ws/build/my_package' returned '0': CMAKE_PREFIX_PATH=${CMAKE_PREFIX_PATH}:/home/rasp/robot_ws/install/my_servo_controller:/opt/ros/jazzy DEBUGINFOD_URLS=https://debuginfod.ubuntu.com /usr/bin/cmake --build /home/rasp/robot_ws/build/my_package -- -j4 -l4
[0.149s] Invoking command in '/home/rasp/robot_ws/build/my_package': CMAKE_PREFIX_PATH=${CMAKE_PREFIX_PATH}:/home/rasp/robot_ws/install/my_servo_controller:/opt/ros/jazzy DEBUGINFOD_URLS=https://debuginfod.ubuntu.com /usr/bin/cmake --install /home/rasp/robot_ws/build/my_package
[0.175s] -- Install configuration: ""
[0.175s] -- Execute custom install script
[0.175s] -- Up-to-date symlink: /home/rasp/robot_ws/install/my_package/share/my_package/launch/listener.launch.py
[0.175s] -- Up-to-date symlink: /home/rasp/robot_ws/install/my_package/share/my_package/launch/talker.launch.py
[0.176s] -- Up-to-date symlink: /home/rasp/robot_ws/install/my_package/share/ament_index/resource_index/package_run_dependencies/my_package
[0.176s] -- Up-to-date symlink: /home/rasp/robot_ws/install/my_package/share/ament_index/resource_index/parent_prefix_path/my_package
[0.176s] -- Up-to-date symlink: /home/rasp/robot_ws/install/my_package/share/my_package/environment/ament_prefix_path.sh
[0.176s] -- Up-to-date symlink: /home/rasp/robot_ws/install/my_package/share/my_package/environment/ament_prefix_path.dsv
[0.176s] -- Up-to-date symlink: /home/rasp/robot_ws/install/my_package/share/my_package/environment/path.sh
[0.176s] -- Up-to-date symlink: /home/rasp/robot_ws/install/my_package/share/my_package/environment/path.dsv
[0.179s] -- Up-to-date symlink: /home/rasp/robot_ws/install/my_package/share/my_package/local_setup.bash
[0.179s] -- Up-to-date symlink: /home/rasp/robot_ws/install/my_package/share/my_package/local_setup.sh
[0.180s] -- Up-to-date symlink: /home/rasp/robot_ws/install/my_package/share/my_package/local_setup.zsh
[0.180s] -- Up-to-date symlink: /home/rasp/robot_ws/install/my_package/share/my_package/local_setup.dsv
[0.183s] -- Symlinking: /home/rasp/robot_ws/install/my_package/share/my_package/package.dsv
[0.212s] -- Up-to-date symlink: /home/rasp/robot_ws/install/my_package/share/ament_index/resource_index/packages/my_package
[0.212s] -- Up-to-date symlink: /home/rasp/robot_ws/install/my_package/share/my_package/cmake/my_packageConfig.cmake
[0.212s] -- Up-to-date symlink: /home/rasp/robot_ws/install/my_package/share/my_package/cmake/my_packageConfig-version.cmake
[0.216s] -- Up-to-date symlink: /home/rasp/robot_ws/install/my_package/share/my_package/package.xml
[0.224s] Invoked command in '/home/rasp/robot_ws/build/my_package' returned '0': CMAKE_PREFIX_PATH=${CMAKE_PREFIX_PATH}:/home/rasp/robot_ws/install/my_servo_controller:/opt/ros/jazzy DEBUGINFOD_URLS=https://debuginfod.ubuntu.com /usr/bin/cmake --install /home/rasp/robot_ws/build/my_package
