[0.158s] DEBUG:colcon:Command line arguments: ['/usr/bin/colcon', 'build', '--symlink-install', '--packages-select', 'my_servo_controller']
[0.158s] DEBUG:colcon:Parsed command line arguments: Namespace(log_base=None, log_level=None, verb_name='build', build_base='build', install_base='install', merge_install=False, symlink_install=True, test_result_base=None, continue_on_error=False, executor='parallel', parallel_workers=4, event_handlers=None, ignore_user_meta=False, metas=['./colcon.meta'], base_paths=['.'], packages_ignore=None, packages_ignore_regex=None, paths=None, packages_up_to=None, packages_up_to_regex=None, packages_above=None, packages_above_and_dependencies=None, packages_above_depth=None, packages_select_by_dep=None, packages_skip_by_dep=None, packages_skip_up_to=None, packages_select_build_failed=False, packages_skip_build_finished=False, packages_select_test_failures=False, packages_skip_test_passed=False, packages_select=['my_servo_controller'], packages_skip=None, packages_select_regex=None, packages_skip_regex=None, packages_start=None, packages_end=None, allow_overriding=[], cmake_args=None, cmake_target=None, cmake_target_skip_unavailable=False, cmake_clean_cache=False, cmake_clean_first=False, cmake_force_configure=False, ament_cmake_args=None, catkin_cmake_args=None, catkin_skip_building_tests=False, mixin_files=None, mixin=None, verb_parser=<colcon_mixin.mixin.mixin_argument.MixinArgumentDecorator object at 0xffffb2b12240>, verb_extension=<colcon_core.verb.build.BuildVerb object at 0xffffb2cc20c0>, main=<bound method BuildVerb.main of <colcon_core.verb.build.BuildVerb object at 0xffffb2cc20c0>>, mixin_verb=('build',))
[0.217s] Level 1:colcon.colcon_core.package_discovery:discover_packages(colcon_meta) check parameters
[0.217s] Level 1:colcon.colcon_core.package_discovery:discover_packages(recursive) check parameters
[0.217s] Level 1:colcon.colcon_core.package_discovery:discover_packages(ignore) check parameters
[0.217s] Level 1:colcon.colcon_core.package_discovery:discover_packages(path) check parameters
[0.217s] Level 1:colcon.colcon_core.package_discovery:discover_packages(colcon_meta) discover
[0.218s] Level 1:colcon.colcon_core.package_discovery:discover_packages(recursive) discover
[0.218s] INFO:colcon.colcon_core.package_discovery:Crawling recursively for packages in '/home/rasp/humanoid/robot_ws'
[0.218s] Level 1:colcon.colcon_core.package_identification:_identify(.) by extensions ['ignore', 'ignore_ament_install']
[0.218s] Level 1:colcon.colcon_core.package_identification:_identify(.) by extension 'ignore'
[0.218s] Level 1:colcon.colcon_core.package_identification:_identify(.) by extension 'ignore_ament_install'
[0.218s] Level 1:colcon.colcon_core.package_identification:_identify(.) by extensions ['colcon_pkg']
[0.218s] Level 1:colcon.colcon_core.package_identification:_identify(.) by extension 'colcon_pkg'
[0.218s] Level 1:colcon.colcon_core.package_identification:_identify(.) by extensions ['colcon_meta']
[0.218s] Level 1:colcon.colcon_core.package_identification:_identify(.) by extension 'colcon_meta'
[0.218s] Level 1:colcon.colcon_core.package_identification:_identify(.) by extensions ['ros']
[0.218s] Level 1:colcon.colcon_core.package_identification:_identify(.) by extension 'ros'
[0.259s] Level 1:colcon.colcon_core.package_identification:_identify(.) by extensions ['cmake', 'python']
[0.259s] Level 1:colcon.colcon_core.package_identification:_identify(.) by extension 'cmake'
[0.259s] Level 1:colcon.colcon_core.package_identification:_identify(.) by extension 'python'
[0.259s] Level 1:colcon.colcon_core.package_identification:_identify(.) by extensions ['python_setup_py']
[0.259s] Level 1:colcon.colcon_core.package_identification:_identify(.) by extension 'python_setup_py'
[0.259s] Level 1:colcon.colcon_core.package_identification:_identify(build) by extensions ['ignore', 'ignore_ament_install']
[0.260s] Level 1:colcon.colcon_core.package_identification:_identify(build) by extension 'ignore'
[0.260s] Level 1:colcon.colcon_core.package_identification:_identify(build) ignored
[0.260s] Level 1:colcon.colcon_core.package_identification:_identify(install) by extensions ['ignore', 'ignore_ament_install']
[0.260s] Level 1:colcon.colcon_core.package_identification:_identify(install) by extension 'ignore'
[0.260s] Level 1:colcon.colcon_core.package_identification:_identify(install) ignored
[0.260s] Level 1:colcon.colcon_core.package_identification:_identify(log) by extensions ['ignore', 'ignore_ament_install']
[0.260s] Level 1:colcon.colcon_core.package_identification:_identify(log) by extension 'ignore'
[0.260s] Level 1:colcon.colcon_core.package_identification:_identify(log) ignored
[0.260s] Level 1:colcon.colcon_core.package_identification:_identify(src) by extensions ['ignore', 'ignore_ament_install']
[0.261s] Level 1:colcon.colcon_core.package_identification:_identify(src) by extension 'ignore'
[0.261s] Level 1:colcon.colcon_core.package_identification:_identify(src) by extension 'ignore_ament_install'
[0.261s] Level 1:colcon.colcon_core.package_identification:_identify(src) by extensions ['colcon_pkg']
[0.261s] Level 1:colcon.colcon_core.package_identification:_identify(src) by extension 'colcon_pkg'
[0.261s] Level 1:colcon.colcon_core.package_identification:_identify(src) by extensions ['colcon_meta']
[0.261s] Level 1:colcon.colcon_core.package_identification:_identify(src) by extension 'colcon_meta'
[0.261s] Level 1:colcon.colcon_core.package_identification:_identify(src) by extensions ['ros']
[0.261s] Level 1:colcon.colcon_core.package_identification:_identify(src) by extension 'ros'
[0.261s] Level 1:colcon.colcon_core.package_identification:_identify(src) by extensions ['cmake', 'python']
[0.261s] Level 1:colcon.colcon_core.package_identification:_identify(src) by extension 'cmake'
[0.261s] Level 1:colcon.colcon_core.package_identification:_identify(src) by extension 'python'
[0.261s] Level 1:colcon.colcon_core.package_identification:_identify(src) by extensions ['python_setup_py']
[0.261s] Level 1:colcon.colcon_core.package_identification:_identify(src) by extension 'python_setup_py'
[0.261s] Level 1:colcon.colcon_core.package_identification:_identify(src/my_servo_controller) by extensions ['ignore', 'ignore_ament_install']
[0.261s] Level 1:colcon.colcon_core.package_identification:_identify(src/my_servo_controller) by extension 'ignore'
[0.261s] Level 1:colcon.colcon_core.package_identification:_identify(src/my_servo_controller) by extension 'ignore_ament_install'
[0.261s] Level 1:colcon.colcon_core.package_identification:_identify(src/my_servo_controller) by extensions ['colcon_pkg']
[0.261s] Level 1:colcon.colcon_core.package_identification:_identify(src/my_servo_controller) by extension 'colcon_pkg'
[0.262s] Level 1:colcon.colcon_core.package_identification:_identify(src/my_servo_controller) by extensions ['colcon_meta']
[0.262s] Level 1:colcon.colcon_core.package_identification:_identify(src/my_servo_controller) by extension 'colcon_meta'
[0.262s] Level 1:colcon.colcon_core.package_identification:_identify(src/my_servo_controller) by extensions ['ros']
[0.262s] Level 1:colcon.colcon_core.package_identification:_identify(src/my_servo_controller) by extension 'ros'
[0.265s] DEBUG:colcon.colcon_core.package_identification:Package 'src/my_servo_controller' with type 'ros.ament_python' and name 'my_servo_controller'
[0.265s] Level 1:colcon.colcon_core.package_identification:_identify(src/ros2_heinz_me) by extensions ['ignore', 'ignore_ament_install']
[0.265s] Level 1:colcon.colcon_core.package_identification:_identify(src/ros2_heinz_me) by extension 'ignore'
[0.265s] Level 1:colcon.colcon_core.package_identification:_identify(src/ros2_heinz_me) by extension 'ignore_ament_install'
[0.265s] Level 1:colcon.colcon_core.package_identification:_identify(src/ros2_heinz_me) by extensions ['colcon_pkg']
[0.265s] Level 1:colcon.colcon_core.package_identification:_identify(src/ros2_heinz_me) by extension 'colcon_pkg'
[0.265s] Level 1:colcon.colcon_core.package_identification:_identify(src/ros2_heinz_me) by extensions ['colcon_meta']
[0.265s] Level 1:colcon.colcon_core.package_identification:_identify(src/ros2_heinz_me) by extension 'colcon_meta'
[0.266s] Level 1:colcon.colcon_core.package_identification:_identify(src/ros2_heinz_me) by extensions ['ros']
[0.266s] Level 1:colcon.colcon_core.package_identification:_identify(src/ros2_heinz_me) by extension 'ros'
[0.266s] Level 1:colcon.colcon_core.package_identification:_identify(src/ros2_heinz_me) by extensions ['cmake', 'python']
[0.266s] Level 1:colcon.colcon_core.package_identification:_identify(src/ros2_heinz_me) by extension 'cmake'
[0.266s] Level 1:colcon.colcon_core.package_identification:_identify(src/ros2_heinz_me) by extension 'python'
[0.266s] Level 1:colcon.colcon_core.package_identification:_identify(src/ros2_heinz_me) by extensions ['python_setup_py']
[0.266s] Level 1:colcon.colcon_core.package_identification:_identify(src/ros2_heinz_me) by extension 'python_setup_py'
[0.266s] Level 1:colcon.colcon_core.package_identification:_identify(src/ros2_heinz_me/h1_gazebo_sim) by extensions ['ignore', 'ignore_ament_install']
[0.266s] Level 1:colcon.colcon_core.package_identification:_identify(src/ros2_heinz_me/h1_gazebo_sim) by extension 'ignore'
[0.266s] Level 1:colcon.colcon_core.package_identification:_identify(src/ros2_heinz_me/h1_gazebo_sim) by extension 'ignore_ament_install'
[0.266s] Level 1:colcon.colcon_core.package_identification:_identify(src/ros2_heinz_me/h1_gazebo_sim) by extensions ['colcon_pkg']
[0.266s] Level 1:colcon.colcon_core.package_identification:_identify(src/ros2_heinz_me/h1_gazebo_sim) by extension 'colcon_pkg'
[0.266s] Level 1:colcon.colcon_core.package_identification:_identify(src/ros2_heinz_me/h1_gazebo_sim) by extensions ['colcon_meta']
[0.266s] Level 1:colcon.colcon_core.package_identification:_identify(src/ros2_heinz_me/h1_gazebo_sim) by extension 'colcon_meta'
[0.266s] Level 1:colcon.colcon_core.package_identification:_identify(src/ros2_heinz_me/h1_gazebo_sim) by extensions ['ros']
[0.266s] Level 1:colcon.colcon_core.package_identification:_identify(src/ros2_heinz_me/h1_gazebo_sim) by extension 'ros'
[0.266s] Level 1:colcon.colcon_core.package_identification:_identify(src/ros2_heinz_me/h1_gazebo_sim) by extensions ['cmake', 'python']
[0.266s] Level 1:colcon.colcon_core.package_identification:_identify(src/ros2_heinz_me/h1_gazebo_sim) by extension 'cmake'
[0.267s] Level 1:colcon.colcon_core.package_identification:_identify(src/ros2_heinz_me/h1_gazebo_sim) by extension 'python'
[0.267s] Level 1:colcon.colcon_core.package_identification:_identify(src/ros2_heinz_me/h1_gazebo_sim) by extensions ['python_setup_py']
[0.267s] Level 1:colcon.colcon_core.package_identification:_identify(src/ros2_heinz_me/h1_gazebo_sim) by extension 'python_setup_py'
[0.267s] Level 1:colcon.colcon_core.package_identification:_identify(src/ros2_heinz_me/h1_gazebo_sim/ros_gz_h1_bringup) by extensions ['ignore', 'ignore_ament_install']
[0.267s] Level 1:colcon.colcon_core.package_identification:_identify(src/ros2_heinz_me/h1_gazebo_sim/ros_gz_h1_bringup) by extension 'ignore'
[0.267s] Level 1:colcon.colcon_core.package_identification:_identify(src/ros2_heinz_me/h1_gazebo_sim/ros_gz_h1_bringup) by extension 'ignore_ament_install'
[0.267s] Level 1:colcon.colcon_core.package_identification:_identify(src/ros2_heinz_me/h1_gazebo_sim/ros_gz_h1_bringup) by extensions ['colcon_pkg']
[0.267s] Level 1:colcon.colcon_core.package_identification:_identify(src/ros2_heinz_me/h1_gazebo_sim/ros_gz_h1_bringup) by extension 'colcon_pkg'
[0.267s] Level 1:colcon.colcon_core.package_identification:_identify(src/ros2_heinz_me/h1_gazebo_sim/ros_gz_h1_bringup) by extensions ['colcon_meta']
[0.267s] Level 1:colcon.colcon_core.package_identification:_identify(src/ros2_heinz_me/h1_gazebo_sim/ros_gz_h1_bringup) by extension 'colcon_meta'
[0.267s] Level 1:colcon.colcon_core.package_identification:_identify(src/ros2_heinz_me/h1_gazebo_sim/ros_gz_h1_bringup) by extensions ['ros']
[0.267s] Level 1:colcon.colcon_core.package_identification:_identify(src/ros2_heinz_me/h1_gazebo_sim/ros_gz_h1_bringup) by extension 'ros'
[0.268s] DEBUG:colcon.colcon_core.package_identification:Package 'src/ros2_heinz_me/h1_gazebo_sim/ros_gz_h1_bringup' with type 'ros.ament_cmake' and name 'ros_gz_h1_bringup'
[0.268s] Level 1:colcon.colcon_core.package_identification:_identify(src/ros2_heinz_me/h1_gazebo_sim/ros_gz_h1_description) by extensions ['ignore', 'ignore_ament_install']
[0.268s] Level 1:colcon.colcon_core.package_identification:_identify(src/ros2_heinz_me/h1_gazebo_sim/ros_gz_h1_description) by extension 'ignore'
[0.268s] Level 1:colcon.colcon_core.package_identification:_identify(src/ros2_heinz_me/h1_gazebo_sim/ros_gz_h1_description) by extension 'ignore_ament_install'
[0.268s] Level 1:colcon.colcon_core.package_identification:_identify(src/ros2_heinz_me/h1_gazebo_sim/ros_gz_h1_description) by extensions ['colcon_pkg']
[0.268s] Level 1:colcon.colcon_core.package_identification:_identify(src/ros2_heinz_me/h1_gazebo_sim/ros_gz_h1_description) by extension 'colcon_pkg'
[0.268s] Level 1:colcon.colcon_core.package_identification:_identify(src/ros2_heinz_me/h1_gazebo_sim/ros_gz_h1_description) by extensions ['colcon_meta']
[0.268s] Level 1:colcon.colcon_core.package_identification:_identify(src/ros2_heinz_me/h1_gazebo_sim/ros_gz_h1_description) by extension 'colcon_meta'
[0.269s] Level 1:colcon.colcon_core.package_identification:_identify(src/ros2_heinz_me/h1_gazebo_sim/ros_gz_h1_description) by extensions ['ros']
[0.269s] Level 1:colcon.colcon_core.package_identification:_identify(src/ros2_heinz_me/h1_gazebo_sim/ros_gz_h1_description) by extension 'ros'
[0.269s] DEBUG:colcon.colcon_core.package_identification:Package 'src/ros2_heinz_me/h1_gazebo_sim/ros_gz_h1_description' with type 'ros.ament_cmake' and name 'ros_gz_h1_description'
[0.269s] Level 1:colcon.colcon_core.package_identification:_identify(src/ros2_heinz_me/h1_gazebo_sim/ros_gz_h1_gazebo) by extensions ['ignore', 'ignore_ament_install']
[0.269s] Level 1:colcon.colcon_core.package_identification:_identify(src/ros2_heinz_me/h1_gazebo_sim/ros_gz_h1_gazebo) by extension 'ignore'
[0.269s] Level 1:colcon.colcon_core.package_identification:_identify(src/ros2_heinz_me/h1_gazebo_sim/ros_gz_h1_gazebo) by extension 'ignore_ament_install'
[0.269s] Level 1:colcon.colcon_core.package_identification:_identify(src/ros2_heinz_me/h1_gazebo_sim/ros_gz_h1_gazebo) by extensions ['colcon_pkg']
[0.269s] Level 1:colcon.colcon_core.package_identification:_identify(src/ros2_heinz_me/h1_gazebo_sim/ros_gz_h1_gazebo) by extension 'colcon_pkg'
[0.269s] Level 1:colcon.colcon_core.package_identification:_identify(src/ros2_heinz_me/h1_gazebo_sim/ros_gz_h1_gazebo) by extensions ['colcon_meta']
[0.269s] Level 1:colcon.colcon_core.package_identification:_identify(src/ros2_heinz_me/h1_gazebo_sim/ros_gz_h1_gazebo) by extension 'colcon_meta'
[0.270s] Level 1:colcon.colcon_core.package_identification:_identify(src/ros2_heinz_me/h1_gazebo_sim/ros_gz_h1_gazebo) by extensions ['ros']
[0.270s] Level 1:colcon.colcon_core.package_identification:_identify(src/ros2_heinz_me/h1_gazebo_sim/ros_gz_h1_gazebo) by extension 'ros'
[0.270s] DEBUG:colcon.colcon_core.package_identification:Package 'src/ros2_heinz_me/h1_gazebo_sim/ros_gz_h1_gazebo' with type 'ros.ament_cmake' and name 'ros_gz_h1_gazebo'
[0.270s] Level 1:colcon.colcon_core.package_identification:_identify(src/servo_interfaces) by extensions ['ignore', 'ignore_ament_install']
[0.270s] Level 1:colcon.colcon_core.package_identification:_identify(src/servo_interfaces) by extension 'ignore'
[0.270s] Level 1:colcon.colcon_core.package_identification:_identify(src/servo_interfaces) by extension 'ignore_ament_install'
[0.271s] Level 1:colcon.colcon_core.package_identification:_identify(src/servo_interfaces) by extensions ['colcon_pkg']
[0.271s] Level 1:colcon.colcon_core.package_identification:_identify(src/servo_interfaces) by extension 'colcon_pkg'
[0.271s] Level 1:colcon.colcon_core.package_identification:_identify(src/servo_interfaces) by extensions ['colcon_meta']
[0.271s] Level 1:colcon.colcon_core.package_identification:_identify(src/servo_interfaces) by extension 'colcon_meta'
[0.271s] Level 1:colcon.colcon_core.package_identification:_identify(src/servo_interfaces) by extensions ['ros']
[0.271s] Level 1:colcon.colcon_core.package_identification:_identify(src/servo_interfaces) by extension 'ros'
[0.271s] DEBUG:colcon.colcon_core.package_identification:Package 'src/servo_interfaces' with type 'ros.ament_cmake' and name 'servo_interfaces'
[0.271s] Level 1:colcon.colcon_core.package_discovery:discover_packages(recursive) using defaults
[0.271s] Level 1:colcon.colcon_core.package_discovery:discover_packages(ignore) discover
[0.271s] Level 1:colcon.colcon_core.package_discovery:discover_packages(ignore) using defaults
[0.271s] Level 1:colcon.colcon_core.package_discovery:discover_packages(path) discover
[0.271s] Level 1:colcon.colcon_core.package_discovery:discover_packages(path) using defaults
[0.295s] INFO:colcon.colcon_core.package_selection:Skipping not selected package 'ros_gz_h1_description' in 'src/ros2_heinz_me/h1_gazebo_sim/ros_gz_h1_description'
[0.296s] INFO:colcon.colcon_core.package_selection:Skipping not selected package 'servo_interfaces' in 'src/servo_interfaces'
[0.296s] INFO:colcon.colcon_core.package_selection:Skipping not selected package 'ros_gz_h1_gazebo' in 'src/ros2_heinz_me/h1_gazebo_sim/ros_gz_h1_gazebo'
[0.296s] INFO:colcon.colcon_core.package_selection:Skipping not selected package 'ros_gz_h1_bringup' in 'src/ros2_heinz_me/h1_gazebo_sim/ros_gz_h1_bringup'
[0.296s] Level 1:colcon.colcon_core.package_discovery:discover_packages(prefix_path) check parameters
[0.296s] Level 1:colcon.colcon_core.package_discovery:discover_packages(prefix_path) discover
[0.299s] DEBUG:colcon.colcon_installed_package_information.package_discovery:Found 5 installed packages in /home/rasp/humanoid/robot_ws/install
[0.302s] DEBUG:colcon.colcon_installed_package_information.package_discovery:Found 448 installed packages in /opt/ros/jazzy
[0.305s] Level 1:colcon.colcon_core.package_discovery:discover_packages(prefix_path) using defaults
[0.392s] Level 5:colcon.colcon_core.verb:set package 'my_servo_controller' build argument 'cmake_args' from command line to 'None'
[0.392s] Level 5:colcon.colcon_core.verb:set package 'my_servo_controller' build argument 'cmake_target' from command line to 'None'
[0.392s] Level 5:colcon.colcon_core.verb:set package 'my_servo_controller' build argument 'cmake_target_skip_unavailable' from command line to 'False'
[0.392s] Level 5:colcon.colcon_core.verb:set package 'my_servo_controller' build argument 'cmake_clean_cache' from command line to 'False'
[0.392s] Level 5:colcon.colcon_core.verb:set package 'my_servo_controller' build argument 'cmake_clean_first' from command line to 'False'
[0.392s] Level 5:colcon.colcon_core.verb:set package 'my_servo_controller' build argument 'cmake_force_configure' from command line to 'False'
[0.393s] Level 5:colcon.colcon_core.verb:set package 'my_servo_controller' build argument 'ament_cmake_args' from command line to 'None'
[0.393s] Level 5:colcon.colcon_core.verb:set package 'my_servo_controller' build argument 'catkin_cmake_args' from command line to 'None'
[0.393s] Level 5:colcon.colcon_core.verb:set package 'my_servo_controller' build argument 'catkin_skip_building_tests' from command line to 'False'
[0.393s] DEBUG:colcon.colcon_core.verb:Building package 'my_servo_controller' with the following arguments: {'ament_cmake_args': None, 'build_base': '/home/rasp/humanoid/robot_ws/build/my_servo_controller', 'catkin_cmake_args': None, 'catkin_skip_building_tests': False, 'cmake_args': None, 'cmake_clean_cache': False, 'cmake_clean_first': False, 'cmake_force_configure': False, 'cmake_target': None, 'cmake_target_skip_unavailable': False, 'install_base': '/home/rasp/humanoid/robot_ws/install/my_servo_controller', 'merge_install': False, 'path': '/home/rasp/humanoid/robot_ws/src/my_servo_controller', 'symlink_install': True, 'test_result_base': None}
[0.393s] INFO:colcon.colcon_core.executor:Executing jobs using 'parallel' executor
[0.394s] DEBUG:colcon.colcon_parallel_executor.executor.parallel:run_until_complete
[0.395s] INFO:colcon.colcon_ros.task.ament_python.build:Building ROS package in '/home/rasp/humanoid/robot_ws/src/my_servo_controller' with build type 'ament_python'
[0.395s] Level 1:colcon.colcon_core.shell:create_environment_hook('my_servo_controller', 'ament_prefix_path')
[0.397s] INFO:colcon.colcon_core.plugin_system:Skipping extension 'colcon_core.shell.bat': Not used on non-Windows systems
[0.398s] INFO:colcon.colcon_core.shell:Creating environment hook '/home/rasp/humanoid/robot_ws/install/my_servo_controller/share/my_servo_controller/hook/ament_prefix_path.ps1'
[0.399s] INFO:colcon.colcon_core.shell:Creating environment descriptor '/home/rasp/humanoid/robot_ws/install/my_servo_controller/share/my_servo_controller/hook/ament_prefix_path.dsv'
[0.400s] INFO:colcon.colcon_core.shell:Creating environment hook '/home/rasp/humanoid/robot_ws/install/my_servo_controller/share/my_servo_controller/hook/ament_prefix_path.sh'
[0.401s] INFO:colcon.colcon_core.shell:Skip shell extension 'powershell' for command environment: Not usable outside of PowerShell
[0.401s] DEBUG:colcon.colcon_core.shell:Skip shell extension 'dsv' for command environment
[0.766s] INFO:colcon.colcon_core.task.python.build:Building Python package in '/home/rasp/humanoid/robot_ws/src/my_servo_controller'
[0.766s] INFO:colcon.colcon_core.shell:Skip shell extension 'powershell' for command environment: Not usable outside of PowerShell
[0.766s] DEBUG:colcon.colcon_core.shell:Skip shell extension 'dsv' for command environment
[1.750s] DEBUG:colcon.colcon_core.task.python.build:While undoing a previous installation files outside the Python library path are being ignored: /home/rasp/humanoid/robot_ws/install/my_servo_controller/share/ament_index/resource_index/packages/my_servo_controller
[1.750s] DEBUG:colcon.colcon_core.task.python.build:While undoing a previous installation files outside the Python library path are being ignored: /home/rasp/humanoid/robot_ws/install/my_servo_controller/share/my_servo_controller/package.xml
[1.750s] DEBUG:colcon.colcon_core.task.python.build:While undoing a previous installation files outside the Python library path are being ignored: /home/rasp/humanoid/robot_ws/install/my_servo_controller/share/my_servo_controller/launch/flask_controller_launch.py
[1.750s] DEBUG:colcon.colcon_core.task.python.build:While undoing a previous installation files outside the Python library path are being ignored: /home/rasp/humanoid/robot_ws/install/my_servo_controller/share/my_servo_controller/launch/topic_controller_launch.py
[1.750s] DEBUG:colcon.colcon_core.task.python.build:While undoing a previous installation files outside the Python library path are being ignored: /home/rasp/humanoid/robot_ws/install/my_servo_controller/share/my_servo_controller/launch/gazibo_sim_launch.py
[1.750s] DEBUG:colcon.colcon_core.task.python.build:While undoing a previous installation files outside the Python library path are being ignored: /home/rasp/humanoid/robot_ws/install/my_servo_controller/share/my_servo_controller/launch/action_controller_launch.py
[1.750s] DEBUG:colcon.colcon_core.task.python.build:While undoing a previous installation files outside the Python library path are being ignored: /home/rasp/humanoid/robot_ws/install/my_servo_controller/lib/my_servo_controller/action_controller_node
[1.750s] DEBUG:colcon.colcon_core.task.python.build:While undoing a previous installation files outside the Python library path are being ignored: /home/rasp/humanoid/robot_ws/install/my_servo_controller/lib/my_servo_controller/flask_controller_node
[1.751s] DEBUG:colcon.colcon_core.task.python.build:While undoing a previous installation files outside the Python library path are being ignored: /home/rasp/humanoid/robot_ws/install/my_servo_controller/lib/my_servo_controller/gazibo_sim_node
[1.751s] DEBUG:colcon.colcon_core.task.python.build:While undoing a previous installation files outside the Python library path are being ignored: /home/rasp/humanoid/robot_ws/install/my_servo_controller/lib/my_servo_controller/servo_controller_node
[1.751s] DEBUG:colcon.colcon_core.task.python.build:While undoing a previous installation files outside the Python library path are being ignored: /home/rasp/humanoid/robot_ws/install/my_servo_controller/lib/my_servo_controller/servo_mover_node
[1.751s] DEBUG:colcon.colcon_core.task.python.build:While undoing a previous installation files outside the Python library path are being ignored: /home/rasp/humanoid/robot_ws/install/my_servo_controller/lib/my_servo_controller/topic_controller_node
[1.755s] DEBUG:colcon.colcon_core.event_handler.log_command:Invoking command in '/home/rasp/humanoid/robot_ws/build/my_servo_controller': DEBUGINFOD_URLS=https://debuginfod.ubuntu.com PYTHONPATH=/home/rasp/humanoid/robot_ws/build/my_servo_controller/prefix_override:/usr/lib/python3/dist-packages/colcon_core/task/python/colcon_distutils_commands:/home/rasp/humanoid/robot_ws/install/my_servo_controller/lib/python3.12/site-packages:/home/rasp/humanoid/robot_ws/install/servo_interfaces/lib/python3.12/site-packages:/home/rasp/humanoid/robot_ws/build/my_servo_controller:/home/rasp/humanoid/robot_ws/install/my_servo_controller/lib/python3.12/site-packages:/opt/ros/jazzy/lib/python3.12/site-packages /usr/bin/python3 -W ignore:setup.py install is deprecated -W ignore:easy_install command is deprecated setup.py develop --editable --build-directory /home/rasp/humanoid/robot_ws/build/my_servo_controller/build --no-deps symlink_data --force
[2.805s] Level 1:colcon.colcon_core.shell:create_environment_hook('my_servo_controller', 'pythonpath_develop')
[2.805s] INFO:colcon.colcon_core.shell:Creating environment hook '/home/rasp/humanoid/robot_ws/build/my_servo_controller/share/my_servo_controller/hook/pythonpath_develop.ps1'
[2.806s] DEBUG:colcon.colcon_core.event_handler.log_command:Invoked command in '/home/rasp/humanoid/robot_ws/build/my_servo_controller' returned '0': DEBUGINFOD_URLS=https://debuginfod.ubuntu.com PYTHONPATH=/home/rasp/humanoid/robot_ws/build/my_servo_controller/prefix_override:/usr/lib/python3/dist-packages/colcon_core/task/python/colcon_distutils_commands:/home/rasp/humanoid/robot_ws/install/my_servo_controller/lib/python3.12/site-packages:/home/rasp/humanoid/robot_ws/install/servo_interfaces/lib/python3.12/site-packages:/home/rasp/humanoid/robot_ws/build/my_servo_controller:/home/rasp/humanoid/robot_ws/install/my_servo_controller/lib/python3.12/site-packages:/opt/ros/jazzy/lib/python3.12/site-packages /usr/bin/python3 -W ignore:setup.py install is deprecated -W ignore:easy_install command is deprecated setup.py develop --editable --build-directory /home/rasp/humanoid/robot_ws/build/my_servo_controller/build --no-deps symlink_data --force
[2.806s] INFO:colcon.colcon_core.shell:Creating environment descriptor '/home/rasp/humanoid/robot_ws/build/my_servo_controller/share/my_servo_controller/hook/pythonpath_develop.dsv'
[2.808s] INFO:colcon.colcon_core.shell:Creating environment hook '/home/rasp/humanoid/robot_ws/build/my_servo_controller/share/my_servo_controller/hook/pythonpath_develop.sh'
[2.811s] Level 1:colcon.colcon_core.environment:checking '/home/rasp/humanoid/robot_ws/install/my_servo_controller' for CMake module files
[2.812s] Level 1:colcon.colcon_core.environment:checking '/home/rasp/humanoid/robot_ws/install/my_servo_controller' for CMake config files
[2.813s] Level 1:colcon.colcon_core.environment:checking '/home/rasp/humanoid/robot_ws/install/my_servo_controller/lib'
[2.813s] Level 1:colcon.colcon_core.environment:checking '/home/rasp/humanoid/robot_ws/install/my_servo_controller/bin'
[2.813s] Level 1:colcon.colcon_core.environment:checking '/home/rasp/humanoid/robot_ws/install/my_servo_controller/lib/pkgconfig/my_servo_controller.pc'
[2.814s] Level 1:colcon.colcon_core.environment:checking '/home/rasp/humanoid/robot_ws/install/my_servo_controller/lib/python3.12/site-packages'
[2.814s] Level 1:colcon.colcon_core.shell:create_environment_hook('my_servo_controller', 'pythonpath')
[2.814s] INFO:colcon.colcon_core.shell:Creating environment hook '/home/rasp/humanoid/robot_ws/install/my_servo_controller/share/my_servo_controller/hook/pythonpath.ps1'
[2.815s] INFO:colcon.colcon_core.shell:Creating environment descriptor '/home/rasp/humanoid/robot_ws/install/my_servo_controller/share/my_servo_controller/hook/pythonpath.dsv'
[2.816s] INFO:colcon.colcon_core.shell:Creating environment hook '/home/rasp/humanoid/robot_ws/install/my_servo_controller/share/my_servo_controller/hook/pythonpath.sh'
[2.817s] Level 1:colcon.colcon_core.environment:checking '/home/rasp/humanoid/robot_ws/install/my_servo_controller/bin'
[2.818s] Level 1:colcon.colcon_core.environment:create_environment_scripts_only(my_servo_controller)
[2.818s] INFO:colcon.colcon_core.shell:Creating package script '/home/rasp/humanoid/robot_ws/install/my_servo_controller/share/my_servo_controller/package.ps1'
[2.819s] INFO:colcon.colcon_core.shell:Creating package descriptor '/home/rasp/humanoid/robot_ws/install/my_servo_controller/share/my_servo_controller/package.dsv'
[2.820s] INFO:colcon.colcon_core.shell:Creating package script '/home/rasp/humanoid/robot_ws/install/my_servo_controller/share/my_servo_controller/package.sh'
[2.821s] INFO:colcon.colcon_core.shell:Creating package script '/home/rasp/humanoid/robot_ws/install/my_servo_controller/share/my_servo_controller/package.bash'
[2.822s] INFO:colcon.colcon_core.shell:Creating package script '/home/rasp/humanoid/robot_ws/install/my_servo_controller/share/my_servo_controller/package.zsh'
[2.823s] Level 1:colcon.colcon_core.environment:create_file_with_runtime_dependencies(/home/rasp/humanoid/robot_ws/install/my_servo_controller/share/colcon-core/packages/my_servo_controller)
[2.824s] DEBUG:colcon.colcon_parallel_executor.executor.parallel:closing loop
[2.825s] DEBUG:colcon.colcon_parallel_executor.executor.parallel:loop closed
[2.825s] DEBUG:colcon.colcon_parallel_executor.executor.parallel:run_until_complete finished with '0'
[2.825s] DEBUG:colcon.colcon_core.event_reactor:joining thread
[2.836s] INFO:colcon.colcon_core.plugin_system:Skipping extension 'colcon_notification.desktop_notification.terminal_notifier': Not used on non-Darwin systems
[2.836s] INFO:colcon.colcon_core.plugin_system:Skipping extension 'colcon_notification.desktop_notification.win32': Not used on non-Windows systems
[2.836s] INFO:colcon.colcon_notification.desktop_notification:Sending desktop notification using 'notify2'
[2.855s] DEBUG:colcon.colcon_core.event_reactor:joined thread
[2.856s] INFO:colcon.colcon_core.shell:Creating prefix script '/home/rasp/humanoid/robot_ws/install/local_setup.ps1'
[2.857s] INFO:colcon.colcon_core.shell:Creating prefix util module '/home/rasp/humanoid/robot_ws/install/_local_setup_util_ps1.py'
[2.859s] INFO:colcon.colcon_core.shell:Creating prefix chain script '/home/rasp/humanoid/robot_ws/install/setup.ps1'
[2.862s] INFO:colcon.colcon_core.shell:Creating prefix script '/home/rasp/humanoid/robot_ws/install/local_setup.sh'
[2.863s] INFO:colcon.colcon_core.shell:Creating prefix util module '/home/rasp/humanoid/robot_ws/install/_local_setup_util_sh.py'
[2.869s] INFO:colcon.colcon_core.shell:Creating prefix chain script '/home/rasp/humanoid/robot_ws/install/setup.sh'
[2.871s] INFO:colcon.colcon_core.shell:Creating prefix script '/home/rasp/humanoid/robot_ws/install/local_setup.bash'
[2.872s] INFO:colcon.colcon_core.shell:Creating prefix chain script '/home/rasp/humanoid/robot_ws/install/setup.bash'
[2.874s] INFO:colcon.colcon_core.shell:Creating prefix script '/home/rasp/humanoid/robot_ws/install/local_setup.zsh'
[2.876s] INFO:colcon.colcon_core.shell:Creating prefix chain script '/home/rasp/humanoid/robot_ws/install/setup.zsh'
