[1.392s] Invoking command in '/home/rasp/robot_ws/build/my_servo_controller': DEBUGINFOD_URLS=https://debuginfod.ubuntu.com PYTHONPATH=/home/rasp/robot_ws/build/my_servo_controller/prefix_override:/usr/lib/python3/dist-packages/colcon_core/task/python/colcon_distutils_commands:/home/rasp/robot_ws/install/my_servo_controller/lib/python3.12/site-packages:${PYTHONPATH} /usr/bin/python3 -W ignore:setup.py install is deprecated -W ignore:easy_install command is deprecated setup.py develop --editable --build-directory /home/rasp/robot_ws/build/my_servo_controller/build --no-deps symlink_data
[1.827s] running develop
[2.087s] running egg_info
[2.087s] creating my_servo_controller.egg-info
[2.111s] writing my_servo_controller.egg-info/PKG-INFO
[2.112s] writing dependency_links to my_servo_controller.egg-info/dependency_links.txt
[2.112s] writing requirements to my_servo_controller.egg-info/requires.txt
[2.112s] writing top-level names to my_servo_controller.egg-info/top_level.txt
[2.112s] writing manifest file 'my_servo_controller.egg-info/SOURCES.txt'
[2.164s] reading manifest file 'my_servo_controller.egg-info/SOURCES.txt'
[2.165s] writing manifest file 'my_servo_controller.egg-info/SOURCES.txt'
[2.192s] running build_ext
[2.192s] Creating /home/rasp/robot_ws/install/my_servo_controller/lib/python3.12/site-packages/my-servo-controller.egg-link (link to .)
[2.193s] 
[2.193s] Installed /home/rasp/robot_ws/build/my_servo_controller
[2.193s] running symlink_data
[2.193s] creating /home/rasp/robot_ws/install/my_servo_controller/share/ament_index
[2.193s] creating /home/rasp/robot_ws/install/my_servo_controller/share/ament_index/resource_index
[2.193s] creating /home/rasp/robot_ws/install/my_servo_controller/share/ament_index/resource_index/packages
[2.193s] symbolically linking /home/rasp/robot_ws/build/my_servo_controller/resource/my_servo_controller -> /home/rasp/robot_ws/install/my_servo_controller/share/ament_index/resource_index/packages
[2.193s] symbolically linking /home/rasp/robot_ws/build/my_servo_controller/package.xml -> /home/rasp/robot_ws/install/my_servo_controller/share/my_servo_controller
[2.284s] Invoked command in '/home/rasp/robot_ws/build/my_servo_controller' returned '0': DEBUGINFOD_URLS=https://debuginfod.ubuntu.com PYTHONPATH=/home/rasp/robot_ws/build/my_servo_controller/prefix_override:/usr/lib/python3/dist-packages/colcon_core/task/python/colcon_distutils_commands:/home/rasp/robot_ws/install/my_servo_controller/lib/python3.12/site-packages:${PYTHONPATH} /usr/bin/python3 -W ignore:setup.py install is deprecated -W ignore:easy_install command is deprecated setup.py develop --editable --build-directory /home/rasp/robot_ws/build/my_servo_controller/build --no-deps symlink_data
